[2025-03-10T21:04:47.999+0000] {processor.py:186} INFO - Started process (PID=75) to work on /home/airflow/.local/lib/python3.12/site-packages/airflow/example_dags/example_complex.py
[2025-03-10T21:04:48.000+0000] {processor.py:914} INFO - Processing file /home/airflow/.local/lib/python3.12/site-packages/airflow/example_dags/example_complex.py for tasks to queue
[2025-03-10T21:04:48.002+0000] {logging_mixin.py:190} INFO - [2025-03-10T21:04:48.002+0000] {dagbag.py:588} INFO - Filling up the DagBag from /home/airflow/.local/lib/python3.12/site-packages/airflow/example_dags/example_complex.py
[2025-03-10T21:04:48.014+0000] {processor.py:925} INFO - DAG(s) 'example_complex' retrieved from /home/airflow/.local/lib/python3.12/site-packages/airflow/example_dags/example_complex.py
[2025-03-10T21:04:48.046+0000] {logging_mixin.py:190} INFO - [2025-03-10T21:04:48.045+0000] {dag.py:3239} INFO - Sync 1 DAGs
[2025-03-10T21:04:48.059+0000] {logging_mixin.py:190} INFO - [2025-03-10T21:04:48.059+0000] {dag.py:4180} INFO - Setting next_dagrun for example_complex to None, run_after=None
[2025-03-10T21:04:48.077+0000] {processor.py:208} INFO - Processing /home/airflow/.local/lib/python3.12/site-packages/airflow/example_dags/example_complex.py took 0.083 seconds
[2025-03-10T21:05:18.901+0000] {processor.py:186} INFO - Started process (PID=145) to work on /home/airflow/.local/lib/python3.12/site-packages/airflow/example_dags/example_complex.py
[2025-03-10T21:05:18.901+0000] {processor.py:914} INFO - Processing file /home/airflow/.local/lib/python3.12/site-packages/airflow/example_dags/example_complex.py for tasks to queue
[2025-03-10T21:05:18.904+0000] {logging_mixin.py:190} INFO - [2025-03-10T21:05:18.903+0000] {dagbag.py:588} INFO - Filling up the DagBag from /home/airflow/.local/lib/python3.12/site-packages/airflow/example_dags/example_complex.py
[2025-03-10T21:05:18.914+0000] {processor.py:925} INFO - DAG(s) 'example_complex' retrieved from /home/airflow/.local/lib/python3.12/site-packages/airflow/example_dags/example_complex.py
[2025-03-10T21:05:18.941+0000] {logging_mixin.py:190} INFO - [2025-03-10T21:05:18.940+0000] {dag.py:3239} INFO - Sync 1 DAGs
[2025-03-10T21:05:18.952+0000] {logging_mixin.py:190} INFO - [2025-03-10T21:05:18.952+0000] {dag.py:4180} INFO - Setting next_dagrun for example_complex to None, run_after=None
[2025-03-10T21:05:18.969+0000] {processor.py:208} INFO - Processing /home/airflow/.local/lib/python3.12/site-packages/airflow/example_dags/example_complex.py took 0.075 seconds
[2025-03-10T21:05:50.022+0000] {processor.py:186} INFO - Started process (PID=209) to work on /home/airflow/.local/lib/python3.12/site-packages/airflow/example_dags/example_complex.py
[2025-03-10T21:05:50.023+0000] {processor.py:914} INFO - Processing file /home/airflow/.local/lib/python3.12/site-packages/airflow/example_dags/example_complex.py for tasks to queue
[2025-03-10T21:05:50.025+0000] {logging_mixin.py:190} INFO - [2025-03-10T21:05:50.025+0000] {dagbag.py:588} INFO - Filling up the DagBag from /home/airflow/.local/lib/python3.12/site-packages/airflow/example_dags/example_complex.py
[2025-03-10T21:05:50.038+0000] {processor.py:925} INFO - DAG(s) 'example_complex' retrieved from /home/airflow/.local/lib/python3.12/site-packages/airflow/example_dags/example_complex.py
[2025-03-10T21:05:50.066+0000] {logging_mixin.py:190} INFO - [2025-03-10T21:05:50.066+0000] {dag.py:3239} INFO - Sync 1 DAGs
[2025-03-10T21:05:50.078+0000] {logging_mixin.py:190} INFO - [2025-03-10T21:05:50.078+0000] {dag.py:4180} INFO - Setting next_dagrun for example_complex to None, run_after=None
[2025-03-10T21:05:50.092+0000] {processor.py:208} INFO - Processing /home/airflow/.local/lib/python3.12/site-packages/airflow/example_dags/example_complex.py took 0.076 seconds
[2025-03-10T21:06:20.692+0000] {processor.py:186} INFO - Started process (PID=273) to work on /home/airflow/.local/lib/python3.12/site-packages/airflow/example_dags/example_complex.py
[2025-03-10T21:06:20.692+0000] {processor.py:914} INFO - Processing file /home/airflow/.local/lib/python3.12/site-packages/airflow/example_dags/example_complex.py for tasks to queue
[2025-03-10T21:06:20.694+0000] {logging_mixin.py:190} INFO - [2025-03-10T21:06:20.694+0000] {dagbag.py:588} INFO - Filling up the DagBag from /home/airflow/.local/lib/python3.12/site-packages/airflow/example_dags/example_complex.py
[2025-03-10T21:06:20.704+0000] {processor.py:925} INFO - DAG(s) 'example_complex' retrieved from /home/airflow/.local/lib/python3.12/site-packages/airflow/example_dags/example_complex.py
[2025-03-10T21:06:20.728+0000] {logging_mixin.py:190} INFO - [2025-03-10T21:06:20.728+0000] {dag.py:3239} INFO - Sync 1 DAGs
[2025-03-10T21:06:20.740+0000] {logging_mixin.py:190} INFO - [2025-03-10T21:06:20.740+0000] {dag.py:4180} INFO - Setting next_dagrun for example_complex to None, run_after=None
[2025-03-10T21:06:20.753+0000] {processor.py:208} INFO - Processing /home/airflow/.local/lib/python3.12/site-packages/airflow/example_dags/example_complex.py took 0.066 seconds
[2025-03-10T21:06:51.767+0000] {processor.py:186} INFO - Started process (PID=337) to work on /home/airflow/.local/lib/python3.12/site-packages/airflow/example_dags/example_complex.py
[2025-03-10T21:06:51.767+0000] {processor.py:914} INFO - Processing file /home/airflow/.local/lib/python3.12/site-packages/airflow/example_dags/example_complex.py for tasks to queue
[2025-03-10T21:06:51.769+0000] {logging_mixin.py:190} INFO - [2025-03-10T21:06:51.769+0000] {dagbag.py:588} INFO - Filling up the DagBag from /home/airflow/.local/lib/python3.12/site-packages/airflow/example_dags/example_complex.py
[2025-03-10T21:06:51.779+0000] {processor.py:925} INFO - DAG(s) 'example_complex' retrieved from /home/airflow/.local/lib/python3.12/site-packages/airflow/example_dags/example_complex.py
[2025-03-10T21:06:51.804+0000] {logging_mixin.py:190} INFO - [2025-03-10T21:06:51.804+0000] {dag.py:3239} INFO - Sync 1 DAGs
[2025-03-10T21:06:51.815+0000] {logging_mixin.py:190} INFO - [2025-03-10T21:06:51.815+0000] {dag.py:4180} INFO - Setting next_dagrun for example_complex to None, run_after=None
[2025-03-10T21:06:51.829+0000] {processor.py:208} INFO - Processing /home/airflow/.local/lib/python3.12/site-packages/airflow/example_dags/example_complex.py took 0.067 seconds
[2025-03-10T21:07:22.294+0000] {processor.py:186} INFO - Started process (PID=401) to work on /home/airflow/.local/lib/python3.12/site-packages/airflow/example_dags/example_complex.py
[2025-03-10T21:07:22.295+0000] {processor.py:914} INFO - Processing file /home/airflow/.local/lib/python3.12/site-packages/airflow/example_dags/example_complex.py for tasks to queue
[2025-03-10T21:07:22.297+0000] {logging_mixin.py:190} INFO - [2025-03-10T21:07:22.296+0000] {dagbag.py:588} INFO - Filling up the DagBag from /home/airflow/.local/lib/python3.12/site-packages/airflow/example_dags/example_complex.py
[2025-03-10T21:07:22.307+0000] {processor.py:925} INFO - DAG(s) 'example_complex' retrieved from /home/airflow/.local/lib/python3.12/site-packages/airflow/example_dags/example_complex.py
[2025-03-10T21:07:22.333+0000] {logging_mixin.py:190} INFO - [2025-03-10T21:07:22.333+0000] {dag.py:3239} INFO - Sync 1 DAGs
[2025-03-10T21:07:22.345+0000] {logging_mixin.py:190} INFO - [2025-03-10T21:07:22.345+0000] {dag.py:4180} INFO - Setting next_dagrun for example_complex to None, run_after=None
[2025-03-10T21:07:22.362+0000] {processor.py:208} INFO - Processing /home/airflow/.local/lib/python3.12/site-packages/airflow/example_dags/example_complex.py took 0.072 seconds
[2025-03-10T21:07:52.964+0000] {processor.py:186} INFO - Started process (PID=464) to work on /home/airflow/.local/lib/python3.12/site-packages/airflow/example_dags/example_complex.py
[2025-03-10T21:07:52.965+0000] {processor.py:914} INFO - Processing file /home/airflow/.local/lib/python3.12/site-packages/airflow/example_dags/example_complex.py for tasks to queue
[2025-03-10T21:07:52.967+0000] {logging_mixin.py:190} INFO - [2025-03-10T21:07:52.967+0000] {dagbag.py:588} INFO - Filling up the DagBag from /home/airflow/.local/lib/python3.12/site-packages/airflow/example_dags/example_complex.py
[2025-03-10T21:07:52.977+0000] {processor.py:925} INFO - DAG(s) 'example_complex' retrieved from /home/airflow/.local/lib/python3.12/site-packages/airflow/example_dags/example_complex.py
[2025-03-10T21:07:53.005+0000] {logging_mixin.py:190} INFO - [2025-03-10T21:07:53.005+0000] {dag.py:3239} INFO - Sync 1 DAGs
[2025-03-10T21:07:53.016+0000] {logging_mixin.py:190} INFO - [2025-03-10T21:07:53.016+0000] {dag.py:4180} INFO - Setting next_dagrun for example_complex to None, run_after=None
[2025-03-10T21:07:53.037+0000] {processor.py:208} INFO - Processing /home/airflow/.local/lib/python3.12/site-packages/airflow/example_dags/example_complex.py took 0.078 seconds
[2025-03-10T21:08:24.542+0000] {processor.py:186} INFO - Started process (PID=529) to work on /home/airflow/.local/lib/python3.12/site-packages/airflow/example_dags/example_complex.py
[2025-03-10T21:08:24.543+0000] {processor.py:914} INFO - Processing file /home/airflow/.local/lib/python3.12/site-packages/airflow/example_dags/example_complex.py for tasks to queue
[2025-03-10T21:08:24.544+0000] {logging_mixin.py:190} INFO - [2025-03-10T21:08:24.544+0000] {dagbag.py:588} INFO - Filling up the DagBag from /home/airflow/.local/lib/python3.12/site-packages/airflow/example_dags/example_complex.py
[2025-03-10T21:08:24.554+0000] {processor.py:925} INFO - DAG(s) 'example_complex' retrieved from /home/airflow/.local/lib/python3.12/site-packages/airflow/example_dags/example_complex.py
[2025-03-10T21:08:24.577+0000] {logging_mixin.py:190} INFO - [2025-03-10T21:08:24.577+0000] {dag.py:3239} INFO - Sync 1 DAGs
[2025-03-10T21:08:24.588+0000] {logging_mixin.py:190} INFO - [2025-03-10T21:08:24.588+0000] {dag.py:4180} INFO - Setting next_dagrun for example_complex to None, run_after=None
[2025-03-10T21:08:24.601+0000] {processor.py:208} INFO - Processing /home/airflow/.local/lib/python3.12/site-packages/airflow/example_dags/example_complex.py took 0.063 seconds
[2025-03-10T21:08:55.543+0000] {processor.py:186} INFO - Started process (PID=593) to work on /home/airflow/.local/lib/python3.12/site-packages/airflow/example_dags/example_complex.py
[2025-03-10T21:08:55.545+0000] {processor.py:914} INFO - Processing file /home/airflow/.local/lib/python3.12/site-packages/airflow/example_dags/example_complex.py for tasks to queue
[2025-03-10T21:08:55.546+0000] {logging_mixin.py:190} INFO - [2025-03-10T21:08:55.546+0000] {dagbag.py:588} INFO - Filling up the DagBag from /home/airflow/.local/lib/python3.12/site-packages/airflow/example_dags/example_complex.py
[2025-03-10T21:08:55.556+0000] {processor.py:925} INFO - DAG(s) 'example_complex' retrieved from /home/airflow/.local/lib/python3.12/site-packages/airflow/example_dags/example_complex.py
[2025-03-10T21:08:55.582+0000] {logging_mixin.py:190} INFO - [2025-03-10T21:08:55.581+0000] {dag.py:3239} INFO - Sync 1 DAGs
[2025-03-10T21:08:55.594+0000] {logging_mixin.py:190} INFO - [2025-03-10T21:08:55.593+0000] {dag.py:4180} INFO - Setting next_dagrun for example_complex to None, run_after=None
[2025-03-10T21:08:55.607+0000] {processor.py:208} INFO - Processing /home/airflow/.local/lib/python3.12/site-packages/airflow/example_dags/example_complex.py took 0.069 seconds
[2025-03-10T21:09:25.691+0000] {processor.py:186} INFO - Started process (PID=657) to work on /home/airflow/.local/lib/python3.12/site-packages/airflow/example_dags/example_complex.py
[2025-03-10T21:09:25.692+0000] {processor.py:914} INFO - Processing file /home/airflow/.local/lib/python3.12/site-packages/airflow/example_dags/example_complex.py for tasks to queue
[2025-03-10T21:09:25.696+0000] {logging_mixin.py:190} INFO - [2025-03-10T21:09:25.695+0000] {dagbag.py:588} INFO - Filling up the DagBag from /home/airflow/.local/lib/python3.12/site-packages/airflow/example_dags/example_complex.py
[2025-03-10T21:09:25.713+0000] {processor.py:925} INFO - DAG(s) 'example_complex' retrieved from /home/airflow/.local/lib/python3.12/site-packages/airflow/example_dags/example_complex.py
[2025-03-10T21:09:25.745+0000] {logging_mixin.py:190} INFO - [2025-03-10T21:09:25.744+0000] {dag.py:3239} INFO - Sync 1 DAGs
[2025-03-10T21:09:25.759+0000] {logging_mixin.py:190} INFO - [2025-03-10T21:09:25.759+0000] {dag.py:4180} INFO - Setting next_dagrun for example_complex to None, run_after=None
[2025-03-10T21:09:25.788+0000] {processor.py:208} INFO - Processing /home/airflow/.local/lib/python3.12/site-packages/airflow/example_dags/example_complex.py took 0.103 seconds
[2025-03-10T21:09:56.211+0000] {processor.py:186} INFO - Started process (PID=720) to work on /home/airflow/.local/lib/python3.12/site-packages/airflow/example_dags/example_complex.py
[2025-03-10T21:09:56.211+0000] {processor.py:914} INFO - Processing file /home/airflow/.local/lib/python3.12/site-packages/airflow/example_dags/example_complex.py for tasks to queue
[2025-03-10T21:09:56.213+0000] {logging_mixin.py:190} INFO - [2025-03-10T21:09:56.213+0000] {dagbag.py:588} INFO - Filling up the DagBag from /home/airflow/.local/lib/python3.12/site-packages/airflow/example_dags/example_complex.py
[2025-03-10T21:09:56.224+0000] {processor.py:925} INFO - DAG(s) 'example_complex' retrieved from /home/airflow/.local/lib/python3.12/site-packages/airflow/example_dags/example_complex.py
[2025-03-10T21:09:56.251+0000] {logging_mixin.py:190} INFO - [2025-03-10T21:09:56.251+0000] {dag.py:3239} INFO - Sync 1 DAGs
[2025-03-10T21:09:56.265+0000] {logging_mixin.py:190} INFO - [2025-03-10T21:09:56.265+0000] {dag.py:4180} INFO - Setting next_dagrun for example_complex to None, run_after=None
[2025-03-10T21:09:56.283+0000] {processor.py:208} INFO - Processing /home/airflow/.local/lib/python3.12/site-packages/airflow/example_dags/example_complex.py took 0.077 seconds
[2025-03-10T21:10:27.405+0000] {processor.py:186} INFO - Started process (PID=784) to work on /home/airflow/.local/lib/python3.12/site-packages/airflow/example_dags/example_complex.py
[2025-03-10T21:10:27.406+0000] {processor.py:914} INFO - Processing file /home/airflow/.local/lib/python3.12/site-packages/airflow/example_dags/example_complex.py for tasks to queue
[2025-03-10T21:10:27.408+0000] {logging_mixin.py:190} INFO - [2025-03-10T21:10:27.407+0000] {dagbag.py:588} INFO - Filling up the DagBag from /home/airflow/.local/lib/python3.12/site-packages/airflow/example_dags/example_complex.py
[2025-03-10T21:10:27.417+0000] {processor.py:925} INFO - DAG(s) 'example_complex' retrieved from /home/airflow/.local/lib/python3.12/site-packages/airflow/example_dags/example_complex.py
[2025-03-10T21:10:27.440+0000] {logging_mixin.py:190} INFO - [2025-03-10T21:10:27.440+0000] {dag.py:3239} INFO - Sync 1 DAGs
[2025-03-10T21:10:27.451+0000] {logging_mixin.py:190} INFO - [2025-03-10T21:10:27.451+0000] {dag.py:4180} INFO - Setting next_dagrun for example_complex to None, run_after=None
[2025-03-10T21:10:27.466+0000] {processor.py:208} INFO - Processing /home/airflow/.local/lib/python3.12/site-packages/airflow/example_dags/example_complex.py took 0.066 seconds
[2025-03-10T21:10:57.689+0000] {processor.py:186} INFO - Started process (PID=849) to work on /home/airflow/.local/lib/python3.12/site-packages/airflow/example_dags/example_complex.py
[2025-03-10T21:10:57.690+0000] {processor.py:914} INFO - Processing file /home/airflow/.local/lib/python3.12/site-packages/airflow/example_dags/example_complex.py for tasks to queue
[2025-03-10T21:10:57.691+0000] {logging_mixin.py:190} INFO - [2025-03-10T21:10:57.691+0000] {dagbag.py:588} INFO - Filling up the DagBag from /home/airflow/.local/lib/python3.12/site-packages/airflow/example_dags/example_complex.py
[2025-03-10T21:10:57.701+0000] {processor.py:925} INFO - DAG(s) 'example_complex' retrieved from /home/airflow/.local/lib/python3.12/site-packages/airflow/example_dags/example_complex.py
[2025-03-10T21:10:57.725+0000] {logging_mixin.py:190} INFO - [2025-03-10T21:10:57.725+0000] {dag.py:3239} INFO - Sync 1 DAGs
[2025-03-10T21:10:57.736+0000] {logging_mixin.py:190} INFO - [2025-03-10T21:10:57.736+0000] {dag.py:4180} INFO - Setting next_dagrun for example_complex to None, run_after=None
[2025-03-10T21:10:57.751+0000] {processor.py:208} INFO - Processing /home/airflow/.local/lib/python3.12/site-packages/airflow/example_dags/example_complex.py took 0.067 seconds
[2025-03-10T21:11:28.181+0000] {processor.py:186} INFO - Started process (PID=913) to work on /home/airflow/.local/lib/python3.12/site-packages/airflow/example_dags/example_complex.py
[2025-03-10T21:11:28.181+0000] {processor.py:914} INFO - Processing file /home/airflow/.local/lib/python3.12/site-packages/airflow/example_dags/example_complex.py for tasks to queue
[2025-03-10T21:11:28.183+0000] {logging_mixin.py:190} INFO - [2025-03-10T21:11:28.183+0000] {dagbag.py:588} INFO - Filling up the DagBag from /home/airflow/.local/lib/python3.12/site-packages/airflow/example_dags/example_complex.py
[2025-03-10T21:11:28.193+0000] {processor.py:925} INFO - DAG(s) 'example_complex' retrieved from /home/airflow/.local/lib/python3.12/site-packages/airflow/example_dags/example_complex.py
[2025-03-10T21:11:28.218+0000] {logging_mixin.py:190} INFO - [2025-03-10T21:11:28.218+0000] {dag.py:3239} INFO - Sync 1 DAGs
[2025-03-10T21:11:28.230+0000] {logging_mixin.py:190} INFO - [2025-03-10T21:11:28.230+0000] {dag.py:4180} INFO - Setting next_dagrun for example_complex to None, run_after=None
[2025-03-10T21:11:28.245+0000] {processor.py:208} INFO - Processing /home/airflow/.local/lib/python3.12/site-packages/airflow/example_dags/example_complex.py took 0.069 seconds
[2025-03-10T21:11:58.845+0000] {processor.py:186} INFO - Started process (PID=976) to work on /home/airflow/.local/lib/python3.12/site-packages/airflow/example_dags/example_complex.py
[2025-03-10T21:11:58.845+0000] {processor.py:914} INFO - Processing file /home/airflow/.local/lib/python3.12/site-packages/airflow/example_dags/example_complex.py for tasks to queue
[2025-03-10T21:11:58.847+0000] {logging_mixin.py:190} INFO - [2025-03-10T21:11:58.847+0000] {dagbag.py:588} INFO - Filling up the DagBag from /home/airflow/.local/lib/python3.12/site-packages/airflow/example_dags/example_complex.py
[2025-03-10T21:11:58.858+0000] {processor.py:925} INFO - DAG(s) 'example_complex' retrieved from /home/airflow/.local/lib/python3.12/site-packages/airflow/example_dags/example_complex.py
[2025-03-10T21:11:58.887+0000] {logging_mixin.py:190} INFO - [2025-03-10T21:11:58.887+0000] {dag.py:3239} INFO - Sync 1 DAGs
[2025-03-10T21:11:58.901+0000] {logging_mixin.py:190} INFO - [2025-03-10T21:11:58.900+0000] {dag.py:4180} INFO - Setting next_dagrun for example_complex to None, run_after=None
[2025-03-10T21:11:58.918+0000] {processor.py:208} INFO - Processing /home/airflow/.local/lib/python3.12/site-packages/airflow/example_dags/example_complex.py took 0.079 seconds
[2025-03-10T21:12:29.516+0000] {processor.py:186} INFO - Started process (PID=1040) to work on /home/airflow/.local/lib/python3.12/site-packages/airflow/example_dags/example_complex.py
[2025-03-10T21:12:29.517+0000] {processor.py:914} INFO - Processing file /home/airflow/.local/lib/python3.12/site-packages/airflow/example_dags/example_complex.py for tasks to queue
[2025-03-10T21:12:29.520+0000] {logging_mixin.py:190} INFO - [2025-03-10T21:12:29.519+0000] {dagbag.py:588} INFO - Filling up the DagBag from /home/airflow/.local/lib/python3.12/site-packages/airflow/example_dags/example_complex.py
[2025-03-10T21:12:29.534+0000] {processor.py:925} INFO - DAG(s) 'example_complex' retrieved from /home/airflow/.local/lib/python3.12/site-packages/airflow/example_dags/example_complex.py
[2025-03-10T21:12:29.564+0000] {logging_mixin.py:190} INFO - [2025-03-10T21:12:29.563+0000] {dag.py:3239} INFO - Sync 1 DAGs
[2025-03-10T21:12:29.576+0000] {logging_mixin.py:190} INFO - [2025-03-10T21:12:29.576+0000] {dag.py:4180} INFO - Setting next_dagrun for example_complex to None, run_after=None
[2025-03-10T21:12:29.590+0000] {processor.py:208} INFO - Processing /home/airflow/.local/lib/python3.12/site-packages/airflow/example_dags/example_complex.py took 0.079 seconds
[2025-03-10T21:13:00.418+0000] {processor.py:186} INFO - Started process (PID=1104) to work on /home/airflow/.local/lib/python3.12/site-packages/airflow/example_dags/example_complex.py
[2025-03-10T21:13:00.419+0000] {processor.py:914} INFO - Processing file /home/airflow/.local/lib/python3.12/site-packages/airflow/example_dags/example_complex.py for tasks to queue
[2025-03-10T21:13:00.421+0000] {logging_mixin.py:190} INFO - [2025-03-10T21:13:00.421+0000] {dagbag.py:588} INFO - Filling up the DagBag from /home/airflow/.local/lib/python3.12/site-packages/airflow/example_dags/example_complex.py
[2025-03-10T21:13:00.430+0000] {processor.py:925} INFO - DAG(s) 'example_complex' retrieved from /home/airflow/.local/lib/python3.12/site-packages/airflow/example_dags/example_complex.py
[2025-03-10T21:13:00.456+0000] {logging_mixin.py:190} INFO - [2025-03-10T21:13:00.456+0000] {dag.py:3239} INFO - Sync 1 DAGs
[2025-03-10T21:13:00.470+0000] {logging_mixin.py:190} INFO - [2025-03-10T21:13:00.470+0000] {dag.py:4180} INFO - Setting next_dagrun for example_complex to None, run_after=None
[2025-03-10T21:13:00.485+0000] {processor.py:208} INFO - Processing /home/airflow/.local/lib/python3.12/site-packages/airflow/example_dags/example_complex.py took 0.072 seconds
[2025-03-10T21:13:31.184+0000] {processor.py:186} INFO - Started process (PID=1169) to work on /home/airflow/.local/lib/python3.12/site-packages/airflow/example_dags/example_complex.py
[2025-03-10T21:13:31.185+0000] {processor.py:914} INFO - Processing file /home/airflow/.local/lib/python3.12/site-packages/airflow/example_dags/example_complex.py for tasks to queue
[2025-03-10T21:13:31.187+0000] {logging_mixin.py:190} INFO - [2025-03-10T21:13:31.187+0000] {dagbag.py:588} INFO - Filling up the DagBag from /home/airflow/.local/lib/python3.12/site-packages/airflow/example_dags/example_complex.py
[2025-03-10T21:13:31.197+0000] {processor.py:925} INFO - DAG(s) 'example_complex' retrieved from /home/airflow/.local/lib/python3.12/site-packages/airflow/example_dags/example_complex.py
[2025-03-10T21:13:31.221+0000] {logging_mixin.py:190} INFO - [2025-03-10T21:13:31.221+0000] {dag.py:3239} INFO - Sync 1 DAGs
[2025-03-10T21:13:31.233+0000] {logging_mixin.py:190} INFO - [2025-03-10T21:13:31.233+0000] {dag.py:4180} INFO - Setting next_dagrun for example_complex to None, run_after=None
[2025-03-10T21:13:31.246+0000] {processor.py:208} INFO - Processing /home/airflow/.local/lib/python3.12/site-packages/airflow/example_dags/example_complex.py took 0.066 seconds
[2025-03-10T21:14:02.018+0000] {processor.py:186} INFO - Started process (PID=1233) to work on /home/airflow/.local/lib/python3.12/site-packages/airflow/example_dags/example_complex.py
[2025-03-10T21:14:02.019+0000] {processor.py:914} INFO - Processing file /home/airflow/.local/lib/python3.12/site-packages/airflow/example_dags/example_complex.py for tasks to queue
[2025-03-10T21:14:02.020+0000] {logging_mixin.py:190} INFO - [2025-03-10T21:14:02.020+0000] {dagbag.py:588} INFO - Filling up the DagBag from /home/airflow/.local/lib/python3.12/site-packages/airflow/example_dags/example_complex.py
[2025-03-10T21:14:02.031+0000] {processor.py:925} INFO - DAG(s) 'example_complex' retrieved from /home/airflow/.local/lib/python3.12/site-packages/airflow/example_dags/example_complex.py
[2025-03-10T21:14:02.055+0000] {logging_mixin.py:190} INFO - [2025-03-10T21:14:02.055+0000] {dag.py:3239} INFO - Sync 1 DAGs
[2025-03-10T21:14:02.067+0000] {logging_mixin.py:190} INFO - [2025-03-10T21:14:02.067+0000] {dag.py:4180} INFO - Setting next_dagrun for example_complex to None, run_after=None
[2025-03-10T21:14:02.081+0000] {processor.py:208} INFO - Processing /home/airflow/.local/lib/python3.12/site-packages/airflow/example_dags/example_complex.py took 0.068 seconds
[2025-03-10T21:14:32.903+0000] {processor.py:186} INFO - Started process (PID=1297) to work on /home/airflow/.local/lib/python3.12/site-packages/airflow/example_dags/example_complex.py
[2025-03-10T21:14:32.904+0000] {processor.py:914} INFO - Processing file /home/airflow/.local/lib/python3.12/site-packages/airflow/example_dags/example_complex.py for tasks to queue
[2025-03-10T21:14:32.906+0000] {logging_mixin.py:190} INFO - [2025-03-10T21:14:32.905+0000] {dagbag.py:588} INFO - Filling up the DagBag from /home/airflow/.local/lib/python3.12/site-packages/airflow/example_dags/example_complex.py
[2025-03-10T21:14:32.915+0000] {processor.py:925} INFO - DAG(s) 'example_complex' retrieved from /home/airflow/.local/lib/python3.12/site-packages/airflow/example_dags/example_complex.py
[2025-03-10T21:14:32.939+0000] {logging_mixin.py:190} INFO - [2025-03-10T21:14:32.939+0000] {dag.py:3239} INFO - Sync 1 DAGs
[2025-03-10T21:14:32.951+0000] {logging_mixin.py:190} INFO - [2025-03-10T21:14:32.951+0000] {dag.py:4180} INFO - Setting next_dagrun for example_complex to None, run_after=None
[2025-03-10T21:14:32.965+0000] {processor.py:208} INFO - Processing /home/airflow/.local/lib/python3.12/site-packages/airflow/example_dags/example_complex.py took 0.067 seconds
[2025-03-10T21:15:03.865+0000] {processor.py:186} INFO - Started process (PID=1361) to work on /home/airflow/.local/lib/python3.12/site-packages/airflow/example_dags/example_complex.py
[2025-03-10T21:15:03.866+0000] {processor.py:914} INFO - Processing file /home/airflow/.local/lib/python3.12/site-packages/airflow/example_dags/example_complex.py for tasks to queue
[2025-03-10T21:15:03.868+0000] {logging_mixin.py:190} INFO - [2025-03-10T21:15:03.868+0000] {dagbag.py:588} INFO - Filling up the DagBag from /home/airflow/.local/lib/python3.12/site-packages/airflow/example_dags/example_complex.py
[2025-03-10T21:15:03.880+0000] {processor.py:925} INFO - DAG(s) 'example_complex' retrieved from /home/airflow/.local/lib/python3.12/site-packages/airflow/example_dags/example_complex.py
[2025-03-10T21:15:03.906+0000] {logging_mixin.py:190} INFO - [2025-03-10T21:15:03.906+0000] {dag.py:3239} INFO - Sync 1 DAGs
[2025-03-10T21:15:03.918+0000] {logging_mixin.py:190} INFO - [2025-03-10T21:15:03.918+0000] {dag.py:4180} INFO - Setting next_dagrun for example_complex to None, run_after=None
[2025-03-10T21:15:03.934+0000] {processor.py:208} INFO - Processing /home/airflow/.local/lib/python3.12/site-packages/airflow/example_dags/example_complex.py took 0.076 seconds
[2025-03-10T21:15:34.673+0000] {processor.py:186} INFO - Started process (PID=1425) to work on /home/airflow/.local/lib/python3.12/site-packages/airflow/example_dags/example_complex.py
[2025-03-10T21:15:34.673+0000] {processor.py:914} INFO - Processing file /home/airflow/.local/lib/python3.12/site-packages/airflow/example_dags/example_complex.py for tasks to queue
[2025-03-10T21:15:34.675+0000] {logging_mixin.py:190} INFO - [2025-03-10T21:15:34.675+0000] {dagbag.py:588} INFO - Filling up the DagBag from /home/airflow/.local/lib/python3.12/site-packages/airflow/example_dags/example_complex.py
[2025-03-10T21:15:34.689+0000] {processor.py:925} INFO - DAG(s) 'example_complex' retrieved from /home/airflow/.local/lib/python3.12/site-packages/airflow/example_dags/example_complex.py
[2025-03-10T21:15:34.715+0000] {logging_mixin.py:190} INFO - [2025-03-10T21:15:34.714+0000] {dag.py:3239} INFO - Sync 1 DAGs
[2025-03-10T21:15:34.727+0000] {logging_mixin.py:190} INFO - [2025-03-10T21:15:34.726+0000] {dag.py:4180} INFO - Setting next_dagrun for example_complex to None, run_after=None
[2025-03-10T21:15:34.741+0000] {processor.py:208} INFO - Processing /home/airflow/.local/lib/python3.12/site-packages/airflow/example_dags/example_complex.py took 0.074 seconds
[2025-03-10T21:16:05.372+0000] {processor.py:186} INFO - Started process (PID=1489) to work on /home/airflow/.local/lib/python3.12/site-packages/airflow/example_dags/example_complex.py
[2025-03-10T21:16:05.374+0000] {processor.py:914} INFO - Processing file /home/airflow/.local/lib/python3.12/site-packages/airflow/example_dags/example_complex.py for tasks to queue
[2025-03-10T21:16:05.376+0000] {logging_mixin.py:190} INFO - [2025-03-10T21:16:05.375+0000] {dagbag.py:588} INFO - Filling up the DagBag from /home/airflow/.local/lib/python3.12/site-packages/airflow/example_dags/example_complex.py
[2025-03-10T21:16:05.386+0000] {processor.py:925} INFO - DAG(s) 'example_complex' retrieved from /home/airflow/.local/lib/python3.12/site-packages/airflow/example_dags/example_complex.py
[2025-03-10T21:16:05.411+0000] {logging_mixin.py:190} INFO - [2025-03-10T21:16:05.411+0000] {dag.py:3239} INFO - Sync 1 DAGs
[2025-03-10T21:16:05.424+0000] {logging_mixin.py:190} INFO - [2025-03-10T21:16:05.423+0000] {dag.py:4180} INFO - Setting next_dagrun for example_complex to None, run_after=None
[2025-03-10T21:16:05.438+0000] {processor.py:208} INFO - Processing /home/airflow/.local/lib/python3.12/site-packages/airflow/example_dags/example_complex.py took 0.071 seconds
[2025-03-10T21:16:36.182+0000] {processor.py:186} INFO - Started process (PID=1553) to work on /home/airflow/.local/lib/python3.12/site-packages/airflow/example_dags/example_complex.py
[2025-03-10T21:16:36.183+0000] {processor.py:914} INFO - Processing file /home/airflow/.local/lib/python3.12/site-packages/airflow/example_dags/example_complex.py for tasks to queue
[2025-03-10T21:16:36.185+0000] {logging_mixin.py:190} INFO - [2025-03-10T21:16:36.184+0000] {dagbag.py:588} INFO - Filling up the DagBag from /home/airflow/.local/lib/python3.12/site-packages/airflow/example_dags/example_complex.py
[2025-03-10T21:16:36.195+0000] {processor.py:925} INFO - DAG(s) 'example_complex' retrieved from /home/airflow/.local/lib/python3.12/site-packages/airflow/example_dags/example_complex.py
[2025-03-10T21:16:36.221+0000] {logging_mixin.py:190} INFO - [2025-03-10T21:16:36.221+0000] {dag.py:3239} INFO - Sync 1 DAGs
[2025-03-10T21:16:36.233+0000] {logging_mixin.py:190} INFO - [2025-03-10T21:16:36.233+0000] {dag.py:4180} INFO - Setting next_dagrun for example_complex to None, run_after=None
[2025-03-10T21:16:36.248+0000] {processor.py:208} INFO - Processing /home/airflow/.local/lib/python3.12/site-packages/airflow/example_dags/example_complex.py took 0.071 seconds
[2025-03-10T21:17:06.798+0000] {processor.py:186} INFO - Started process (PID=1617) to work on /home/airflow/.local/lib/python3.12/site-packages/airflow/example_dags/example_complex.py
[2025-03-10T21:17:06.799+0000] {processor.py:914} INFO - Processing file /home/airflow/.local/lib/python3.12/site-packages/airflow/example_dags/example_complex.py for tasks to queue
[2025-03-10T21:17:06.801+0000] {logging_mixin.py:190} INFO - [2025-03-10T21:17:06.801+0000] {dagbag.py:588} INFO - Filling up the DagBag from /home/airflow/.local/lib/python3.12/site-packages/airflow/example_dags/example_complex.py
[2025-03-10T21:17:06.812+0000] {processor.py:925} INFO - DAG(s) 'example_complex' retrieved from /home/airflow/.local/lib/python3.12/site-packages/airflow/example_dags/example_complex.py
[2025-03-10T21:17:06.839+0000] {logging_mixin.py:190} INFO - [2025-03-10T21:17:06.838+0000] {dag.py:3239} INFO - Sync 1 DAGs
[2025-03-10T21:17:06.850+0000] {logging_mixin.py:190} INFO - [2025-03-10T21:17:06.850+0000] {dag.py:4180} INFO - Setting next_dagrun for example_complex to None, run_after=None
[2025-03-10T21:17:06.867+0000] {processor.py:208} INFO - Processing /home/airflow/.local/lib/python3.12/site-packages/airflow/example_dags/example_complex.py took 0.075 seconds
[2025-03-10T21:17:37.523+0000] {processor.py:186} INFO - Started process (PID=1681) to work on /home/airflow/.local/lib/python3.12/site-packages/airflow/example_dags/example_complex.py
[2025-03-10T21:17:37.524+0000] {processor.py:914} INFO - Processing file /home/airflow/.local/lib/python3.12/site-packages/airflow/example_dags/example_complex.py for tasks to queue
[2025-03-10T21:17:37.525+0000] {logging_mixin.py:190} INFO - [2025-03-10T21:17:37.525+0000] {dagbag.py:588} INFO - Filling up the DagBag from /home/airflow/.local/lib/python3.12/site-packages/airflow/example_dags/example_complex.py
[2025-03-10T21:17:37.536+0000] {processor.py:925} INFO - DAG(s) 'example_complex' retrieved from /home/airflow/.local/lib/python3.12/site-packages/airflow/example_dags/example_complex.py
[2025-03-10T21:17:37.561+0000] {logging_mixin.py:190} INFO - [2025-03-10T21:17:37.561+0000] {dag.py:3239} INFO - Sync 1 DAGs
[2025-03-10T21:17:37.572+0000] {logging_mixin.py:190} INFO - [2025-03-10T21:17:37.572+0000] {dag.py:4180} INFO - Setting next_dagrun for example_complex to None, run_after=None
[2025-03-10T21:17:37.587+0000] {processor.py:208} INFO - Processing /home/airflow/.local/lib/python3.12/site-packages/airflow/example_dags/example_complex.py took 0.069 seconds
[2025-03-10T21:18:08.316+0000] {processor.py:186} INFO - Started process (PID=1745) to work on /home/airflow/.local/lib/python3.12/site-packages/airflow/example_dags/example_complex.py
[2025-03-10T21:18:08.317+0000] {processor.py:914} INFO - Processing file /home/airflow/.local/lib/python3.12/site-packages/airflow/example_dags/example_complex.py for tasks to queue
[2025-03-10T21:18:08.319+0000] {logging_mixin.py:190} INFO - [2025-03-10T21:18:08.318+0000] {dagbag.py:588} INFO - Filling up the DagBag from /home/airflow/.local/lib/python3.12/site-packages/airflow/example_dags/example_complex.py
[2025-03-10T21:18:08.328+0000] {processor.py:925} INFO - DAG(s) 'example_complex' retrieved from /home/airflow/.local/lib/python3.12/site-packages/airflow/example_dags/example_complex.py
[2025-03-10T21:18:08.352+0000] {logging_mixin.py:190} INFO - [2025-03-10T21:18:08.352+0000] {dag.py:3239} INFO - Sync 1 DAGs
[2025-03-10T21:18:08.363+0000] {logging_mixin.py:190} INFO - [2025-03-10T21:18:08.363+0000] {dag.py:4180} INFO - Setting next_dagrun for example_complex to None, run_after=None
[2025-03-10T21:18:08.376+0000] {processor.py:208} INFO - Processing /home/airflow/.local/lib/python3.12/site-packages/airflow/example_dags/example_complex.py took 0.065 seconds
[2025-03-10T21:18:38.771+0000] {processor.py:186} INFO - Started process (PID=1809) to work on /home/airflow/.local/lib/python3.12/site-packages/airflow/example_dags/example_complex.py
[2025-03-10T21:18:38.772+0000] {processor.py:914} INFO - Processing file /home/airflow/.local/lib/python3.12/site-packages/airflow/example_dags/example_complex.py for tasks to queue
[2025-03-10T21:18:38.774+0000] {logging_mixin.py:190} INFO - [2025-03-10T21:18:38.774+0000] {dagbag.py:588} INFO - Filling up the DagBag from /home/airflow/.local/lib/python3.12/site-packages/airflow/example_dags/example_complex.py
[2025-03-10T21:18:38.784+0000] {processor.py:925} INFO - DAG(s) 'example_complex' retrieved from /home/airflow/.local/lib/python3.12/site-packages/airflow/example_dags/example_complex.py
[2025-03-10T21:18:38.809+0000] {logging_mixin.py:190} INFO - [2025-03-10T21:18:38.809+0000] {dag.py:3239} INFO - Sync 1 DAGs
[2025-03-10T21:18:38.820+0000] {logging_mixin.py:190} INFO - [2025-03-10T21:18:38.820+0000] {dag.py:4180} INFO - Setting next_dagrun for example_complex to None, run_after=None
[2025-03-10T21:18:38.835+0000] {processor.py:208} INFO - Processing /home/airflow/.local/lib/python3.12/site-packages/airflow/example_dags/example_complex.py took 0.069 seconds
[2025-03-10T21:19:09.031+0000] {processor.py:186} INFO - Started process (PID=1873) to work on /home/airflow/.local/lib/python3.12/site-packages/airflow/example_dags/example_complex.py
[2025-03-10T21:19:09.032+0000] {processor.py:914} INFO - Processing file /home/airflow/.local/lib/python3.12/site-packages/airflow/example_dags/example_complex.py for tasks to queue
[2025-03-10T21:19:09.034+0000] {logging_mixin.py:190} INFO - [2025-03-10T21:19:09.034+0000] {dagbag.py:588} INFO - Filling up the DagBag from /home/airflow/.local/lib/python3.12/site-packages/airflow/example_dags/example_complex.py
[2025-03-10T21:19:09.044+0000] {processor.py:925} INFO - DAG(s) 'example_complex' retrieved from /home/airflow/.local/lib/python3.12/site-packages/airflow/example_dags/example_complex.py
[2025-03-10T21:19:09.070+0000] {logging_mixin.py:190} INFO - [2025-03-10T21:19:09.070+0000] {dag.py:3239} INFO - Sync 1 DAGs
[2025-03-10T21:19:09.083+0000] {logging_mixin.py:190} INFO - [2025-03-10T21:19:09.083+0000] {dag.py:4180} INFO - Setting next_dagrun for example_complex to None, run_after=None
[2025-03-10T21:19:09.097+0000] {processor.py:208} INFO - Processing /home/airflow/.local/lib/python3.12/site-packages/airflow/example_dags/example_complex.py took 0.071 seconds
[2025-03-10T21:19:39.639+0000] {processor.py:186} INFO - Started process (PID=1938) to work on /home/airflow/.local/lib/python3.12/site-packages/airflow/example_dags/example_complex.py
[2025-03-10T21:19:39.640+0000] {processor.py:914} INFO - Processing file /home/airflow/.local/lib/python3.12/site-packages/airflow/example_dags/example_complex.py for tasks to queue
[2025-03-10T21:19:39.642+0000] {logging_mixin.py:190} INFO - [2025-03-10T21:19:39.642+0000] {dagbag.py:588} INFO - Filling up the DagBag from /home/airflow/.local/lib/python3.12/site-packages/airflow/example_dags/example_complex.py
[2025-03-10T21:19:39.652+0000] {processor.py:925} INFO - DAG(s) 'example_complex' retrieved from /home/airflow/.local/lib/python3.12/site-packages/airflow/example_dags/example_complex.py
[2025-03-10T21:19:39.677+0000] {logging_mixin.py:190} INFO - [2025-03-10T21:19:39.677+0000] {dag.py:3239} INFO - Sync 1 DAGs
[2025-03-10T21:19:39.689+0000] {logging_mixin.py:190} INFO - [2025-03-10T21:19:39.688+0000] {dag.py:4180} INFO - Setting next_dagrun for example_complex to None, run_after=None
[2025-03-10T21:19:39.704+0000] {processor.py:208} INFO - Processing /home/airflow/.local/lib/python3.12/site-packages/airflow/example_dags/example_complex.py took 0.070 seconds
[2025-03-10T21:20:10.194+0000] {processor.py:186} INFO - Started process (PID=2003) to work on /home/airflow/.local/lib/python3.12/site-packages/airflow/example_dags/example_complex.py
[2025-03-10T21:20:10.195+0000] {processor.py:914} INFO - Processing file /home/airflow/.local/lib/python3.12/site-packages/airflow/example_dags/example_complex.py for tasks to queue
[2025-03-10T21:20:10.197+0000] {logging_mixin.py:190} INFO - [2025-03-10T21:20:10.196+0000] {dagbag.py:588} INFO - Filling up the DagBag from /home/airflow/.local/lib/python3.12/site-packages/airflow/example_dags/example_complex.py
[2025-03-10T21:20:10.206+0000] {processor.py:925} INFO - DAG(s) 'example_complex' retrieved from /home/airflow/.local/lib/python3.12/site-packages/airflow/example_dags/example_complex.py
[2025-03-10T21:20:10.231+0000] {logging_mixin.py:190} INFO - [2025-03-10T21:20:10.231+0000] {dag.py:3239} INFO - Sync 1 DAGs
[2025-03-10T21:20:10.242+0000] {logging_mixin.py:190} INFO - [2025-03-10T21:20:10.242+0000] {dag.py:4180} INFO - Setting next_dagrun for example_complex to None, run_after=None
[2025-03-10T21:20:10.256+0000] {processor.py:208} INFO - Processing /home/airflow/.local/lib/python3.12/site-packages/airflow/example_dags/example_complex.py took 0.067 seconds
[2025-03-10T21:20:41.173+0000] {processor.py:186} INFO - Started process (PID=2066) to work on /home/airflow/.local/lib/python3.12/site-packages/airflow/example_dags/example_complex.py
[2025-03-10T21:20:41.174+0000] {processor.py:914} INFO - Processing file /home/airflow/.local/lib/python3.12/site-packages/airflow/example_dags/example_complex.py for tasks to queue
[2025-03-10T21:20:41.176+0000] {logging_mixin.py:190} INFO - [2025-03-10T21:20:41.176+0000] {dagbag.py:588} INFO - Filling up the DagBag from /home/airflow/.local/lib/python3.12/site-packages/airflow/example_dags/example_complex.py
[2025-03-10T21:20:41.186+0000] {processor.py:925} INFO - DAG(s) 'example_complex' retrieved from /home/airflow/.local/lib/python3.12/site-packages/airflow/example_dags/example_complex.py
[2025-03-10T21:20:41.210+0000] {logging_mixin.py:190} INFO - [2025-03-10T21:20:41.210+0000] {dag.py:3239} INFO - Sync 1 DAGs
[2025-03-10T21:20:41.222+0000] {logging_mixin.py:190} INFO - [2025-03-10T21:20:41.222+0000] {dag.py:4180} INFO - Setting next_dagrun for example_complex to None, run_after=None
[2025-03-10T21:20:41.237+0000] {processor.py:208} INFO - Processing /home/airflow/.local/lib/python3.12/site-packages/airflow/example_dags/example_complex.py took 0.068 seconds
[2025-03-10T21:21:12.191+0000] {processor.py:186} INFO - Started process (PID=2130) to work on /home/airflow/.local/lib/python3.12/site-packages/airflow/example_dags/example_complex.py
[2025-03-10T21:21:12.192+0000] {processor.py:914} INFO - Processing file /home/airflow/.local/lib/python3.12/site-packages/airflow/example_dags/example_complex.py for tasks to queue
[2025-03-10T21:21:12.194+0000] {logging_mixin.py:190} INFO - [2025-03-10T21:21:12.194+0000] {dagbag.py:588} INFO - Filling up the DagBag from /home/airflow/.local/lib/python3.12/site-packages/airflow/example_dags/example_complex.py
[2025-03-10T21:21:12.204+0000] {processor.py:925} INFO - DAG(s) 'example_complex' retrieved from /home/airflow/.local/lib/python3.12/site-packages/airflow/example_dags/example_complex.py
[2025-03-10T21:21:12.228+0000] {logging_mixin.py:190} INFO - [2025-03-10T21:21:12.228+0000] {dag.py:3239} INFO - Sync 1 DAGs
[2025-03-10T21:21:12.240+0000] {logging_mixin.py:190} INFO - [2025-03-10T21:21:12.239+0000] {dag.py:4180} INFO - Setting next_dagrun for example_complex to None, run_after=None
[2025-03-10T21:21:12.253+0000] {processor.py:208} INFO - Processing /home/airflow/.local/lib/python3.12/site-packages/airflow/example_dags/example_complex.py took 0.067 seconds
[2025-03-10T21:21:42.690+0000] {processor.py:186} INFO - Started process (PID=2194) to work on /home/airflow/.local/lib/python3.12/site-packages/airflow/example_dags/example_complex.py
[2025-03-10T21:21:42.690+0000] {processor.py:914} INFO - Processing file /home/airflow/.local/lib/python3.12/site-packages/airflow/example_dags/example_complex.py for tasks to queue
[2025-03-10T21:21:42.692+0000] {logging_mixin.py:190} INFO - [2025-03-10T21:21:42.692+0000] {dagbag.py:588} INFO - Filling up the DagBag from /home/airflow/.local/lib/python3.12/site-packages/airflow/example_dags/example_complex.py
[2025-03-10T21:21:42.703+0000] {processor.py:925} INFO - DAG(s) 'example_complex' retrieved from /home/airflow/.local/lib/python3.12/site-packages/airflow/example_dags/example_complex.py
[2025-03-10T21:21:42.727+0000] {logging_mixin.py:190} INFO - [2025-03-10T21:21:42.727+0000] {dag.py:3239} INFO - Sync 1 DAGs
[2025-03-10T21:21:42.739+0000] {logging_mixin.py:190} INFO - [2025-03-10T21:21:42.739+0000] {dag.py:4180} INFO - Setting next_dagrun for example_complex to None, run_after=None
[2025-03-10T21:21:42.754+0000] {processor.py:208} INFO - Processing /home/airflow/.local/lib/python3.12/site-packages/airflow/example_dags/example_complex.py took 0.069 seconds
[2025-03-10T21:22:13.119+0000] {processor.py:186} INFO - Started process (PID=2258) to work on /home/airflow/.local/lib/python3.12/site-packages/airflow/example_dags/example_complex.py
[2025-03-10T21:22:13.120+0000] {processor.py:914} INFO - Processing file /home/airflow/.local/lib/python3.12/site-packages/airflow/example_dags/example_complex.py for tasks to queue
[2025-03-10T21:22:13.122+0000] {logging_mixin.py:190} INFO - [2025-03-10T21:22:13.121+0000] {dagbag.py:588} INFO - Filling up the DagBag from /home/airflow/.local/lib/python3.12/site-packages/airflow/example_dags/example_complex.py
[2025-03-10T21:22:13.134+0000] {processor.py:925} INFO - DAG(s) 'example_complex' retrieved from /home/airflow/.local/lib/python3.12/site-packages/airflow/example_dags/example_complex.py
[2025-03-10T21:22:13.165+0000] {logging_mixin.py:190} INFO - [2025-03-10T21:22:13.165+0000] {dag.py:3239} INFO - Sync 1 DAGs
[2025-03-10T21:22:13.181+0000] {logging_mixin.py:190} INFO - [2025-03-10T21:22:13.181+0000] {dag.py:4180} INFO - Setting next_dagrun for example_complex to None, run_after=None
[2025-03-10T21:22:13.198+0000] {processor.py:208} INFO - Processing /home/airflow/.local/lib/python3.12/site-packages/airflow/example_dags/example_complex.py took 0.086 seconds
[2025-03-10T21:22:43.560+0000] {processor.py:186} INFO - Started process (PID=2322) to work on /home/airflow/.local/lib/python3.12/site-packages/airflow/example_dags/example_complex.py
[2025-03-10T21:22:43.561+0000] {processor.py:914} INFO - Processing file /home/airflow/.local/lib/python3.12/site-packages/airflow/example_dags/example_complex.py for tasks to queue
[2025-03-10T21:22:43.564+0000] {logging_mixin.py:190} INFO - [2025-03-10T21:22:43.563+0000] {dagbag.py:588} INFO - Filling up the DagBag from /home/airflow/.local/lib/python3.12/site-packages/airflow/example_dags/example_complex.py
[2025-03-10T21:22:43.573+0000] {processor.py:925} INFO - DAG(s) 'example_complex' retrieved from /home/airflow/.local/lib/python3.12/site-packages/airflow/example_dags/example_complex.py
[2025-03-10T21:22:43.599+0000] {logging_mixin.py:190} INFO - [2025-03-10T21:22:43.599+0000] {dag.py:3239} INFO - Sync 1 DAGs
[2025-03-10T21:22:43.612+0000] {logging_mixin.py:190} INFO - [2025-03-10T21:22:43.612+0000] {dag.py:4180} INFO - Setting next_dagrun for example_complex to None, run_after=None
[2025-03-10T21:22:43.626+0000] {processor.py:208} INFO - Processing /home/airflow/.local/lib/python3.12/site-packages/airflow/example_dags/example_complex.py took 0.070 seconds
[2025-03-10T21:23:14.108+0000] {processor.py:186} INFO - Started process (PID=2386) to work on /home/airflow/.local/lib/python3.12/site-packages/airflow/example_dags/example_complex.py
[2025-03-10T21:23:14.109+0000] {processor.py:914} INFO - Processing file /home/airflow/.local/lib/python3.12/site-packages/airflow/example_dags/example_complex.py for tasks to queue
[2025-03-10T21:23:14.111+0000] {logging_mixin.py:190} INFO - [2025-03-10T21:23:14.111+0000] {dagbag.py:588} INFO - Filling up the DagBag from /home/airflow/.local/lib/python3.12/site-packages/airflow/example_dags/example_complex.py
[2025-03-10T21:23:14.121+0000] {processor.py:925} INFO - DAG(s) 'example_complex' retrieved from /home/airflow/.local/lib/python3.12/site-packages/airflow/example_dags/example_complex.py
[2025-03-10T21:23:14.149+0000] {logging_mixin.py:190} INFO - [2025-03-10T21:23:14.149+0000] {dag.py:3239} INFO - Sync 1 DAGs
[2025-03-10T21:23:14.161+0000] {logging_mixin.py:190} INFO - [2025-03-10T21:23:14.161+0000] {dag.py:4180} INFO - Setting next_dagrun for example_complex to None, run_after=None
[2025-03-10T21:23:14.176+0000] {processor.py:208} INFO - Processing /home/airflow/.local/lib/python3.12/site-packages/airflow/example_dags/example_complex.py took 0.073 seconds
[2025-03-10T21:23:44.380+0000] {processor.py:186} INFO - Started process (PID=2450) to work on /home/airflow/.local/lib/python3.12/site-packages/airflow/example_dags/example_complex.py
[2025-03-10T21:23:44.381+0000] {processor.py:914} INFO - Processing file /home/airflow/.local/lib/python3.12/site-packages/airflow/example_dags/example_complex.py for tasks to queue
[2025-03-10T21:23:44.383+0000] {logging_mixin.py:190} INFO - [2025-03-10T21:23:44.383+0000] {dagbag.py:588} INFO - Filling up the DagBag from /home/airflow/.local/lib/python3.12/site-packages/airflow/example_dags/example_complex.py
[2025-03-10T21:23:44.395+0000] {processor.py:925} INFO - DAG(s) 'example_complex' retrieved from /home/airflow/.local/lib/python3.12/site-packages/airflow/example_dags/example_complex.py
[2025-03-10T21:23:44.427+0000] {logging_mixin.py:190} INFO - [2025-03-10T21:23:44.426+0000] {dag.py:3239} INFO - Sync 1 DAGs
[2025-03-10T21:23:44.442+0000] {logging_mixin.py:190} INFO - [2025-03-10T21:23:44.442+0000] {dag.py:4180} INFO - Setting next_dagrun for example_complex to None, run_after=None
[2025-03-10T21:23:44.460+0000] {processor.py:208} INFO - Processing /home/airflow/.local/lib/python3.12/site-packages/airflow/example_dags/example_complex.py took 0.086 seconds
[2025-03-10T21:24:15.365+0000] {processor.py:186} INFO - Started process (PID=2514) to work on /home/airflow/.local/lib/python3.12/site-packages/airflow/example_dags/example_complex.py
[2025-03-10T21:24:15.366+0000] {processor.py:914} INFO - Processing file /home/airflow/.local/lib/python3.12/site-packages/airflow/example_dags/example_complex.py for tasks to queue
[2025-03-10T21:24:15.368+0000] {logging_mixin.py:190} INFO - [2025-03-10T21:24:15.367+0000] {dagbag.py:588} INFO - Filling up the DagBag from /home/airflow/.local/lib/python3.12/site-packages/airflow/example_dags/example_complex.py
[2025-03-10T21:24:15.378+0000] {processor.py:925} INFO - DAG(s) 'example_complex' retrieved from /home/airflow/.local/lib/python3.12/site-packages/airflow/example_dags/example_complex.py
[2025-03-10T21:24:15.404+0000] {logging_mixin.py:190} INFO - [2025-03-10T21:24:15.403+0000] {dag.py:3239} INFO - Sync 1 DAGs
[2025-03-10T21:24:15.416+0000] {logging_mixin.py:190} INFO - [2025-03-10T21:24:15.416+0000] {dag.py:4180} INFO - Setting next_dagrun for example_complex to None, run_after=None
[2025-03-10T21:24:15.433+0000] {processor.py:208} INFO - Processing /home/airflow/.local/lib/python3.12/site-packages/airflow/example_dags/example_complex.py took 0.073 seconds
[2025-03-10T21:24:45.626+0000] {processor.py:186} INFO - Started process (PID=2578) to work on /home/airflow/.local/lib/python3.12/site-packages/airflow/example_dags/example_complex.py
[2025-03-10T21:24:45.627+0000] {processor.py:914} INFO - Processing file /home/airflow/.local/lib/python3.12/site-packages/airflow/example_dags/example_complex.py for tasks to queue
[2025-03-10T21:24:45.630+0000] {logging_mixin.py:190} INFO - [2025-03-10T21:24:45.629+0000] {dagbag.py:588} INFO - Filling up the DagBag from /home/airflow/.local/lib/python3.12/site-packages/airflow/example_dags/example_complex.py
[2025-03-10T21:24:45.640+0000] {processor.py:925} INFO - DAG(s) 'example_complex' retrieved from /home/airflow/.local/lib/python3.12/site-packages/airflow/example_dags/example_complex.py
[2025-03-10T21:24:45.674+0000] {logging_mixin.py:190} INFO - [2025-03-10T21:24:45.674+0000] {dag.py:3239} INFO - Sync 1 DAGs
[2025-03-10T21:24:45.687+0000] {logging_mixin.py:190} INFO - [2025-03-10T21:24:45.687+0000] {dag.py:4180} INFO - Setting next_dagrun for example_complex to None, run_after=None
[2025-03-10T21:24:45.706+0000] {processor.py:208} INFO - Processing /home/airflow/.local/lib/python3.12/site-packages/airflow/example_dags/example_complex.py took 0.085 seconds
[2025-03-10T21:25:15.914+0000] {processor.py:186} INFO - Started process (PID=2642) to work on /home/airflow/.local/lib/python3.12/site-packages/airflow/example_dags/example_complex.py
[2025-03-10T21:25:15.915+0000] {processor.py:914} INFO - Processing file /home/airflow/.local/lib/python3.12/site-packages/airflow/example_dags/example_complex.py for tasks to queue
[2025-03-10T21:25:15.917+0000] {logging_mixin.py:190} INFO - [2025-03-10T21:25:15.917+0000] {dagbag.py:588} INFO - Filling up the DagBag from /home/airflow/.local/lib/python3.12/site-packages/airflow/example_dags/example_complex.py
[2025-03-10T21:25:15.927+0000] {processor.py:925} INFO - DAG(s) 'example_complex' retrieved from /home/airflow/.local/lib/python3.12/site-packages/airflow/example_dags/example_complex.py
[2025-03-10T21:25:15.954+0000] {logging_mixin.py:190} INFO - [2025-03-10T21:25:15.954+0000] {dag.py:3239} INFO - Sync 1 DAGs
[2025-03-10T21:25:15.967+0000] {logging_mixin.py:190} INFO - [2025-03-10T21:25:15.967+0000] {dag.py:4180} INFO - Setting next_dagrun for example_complex to None, run_after=None
[2025-03-10T21:25:15.982+0000] {processor.py:208} INFO - Processing /home/airflow/.local/lib/python3.12/site-packages/airflow/example_dags/example_complex.py took 0.073 seconds
[2025-03-10T21:25:46.767+0000] {processor.py:186} INFO - Started process (PID=2706) to work on /home/airflow/.local/lib/python3.12/site-packages/airflow/example_dags/example_complex.py
[2025-03-10T21:25:46.768+0000] {processor.py:914} INFO - Processing file /home/airflow/.local/lib/python3.12/site-packages/airflow/example_dags/example_complex.py for tasks to queue
[2025-03-10T21:25:46.770+0000] {logging_mixin.py:190} INFO - [2025-03-10T21:25:46.769+0000] {dagbag.py:588} INFO - Filling up the DagBag from /home/airflow/.local/lib/python3.12/site-packages/airflow/example_dags/example_complex.py
[2025-03-10T21:25:46.781+0000] {processor.py:925} INFO - DAG(s) 'example_complex' retrieved from /home/airflow/.local/lib/python3.12/site-packages/airflow/example_dags/example_complex.py
[2025-03-10T21:25:46.809+0000] {logging_mixin.py:190} INFO - [2025-03-10T21:25:46.809+0000] {dag.py:3239} INFO - Sync 1 DAGs
[2025-03-10T21:25:46.824+0000] {logging_mixin.py:190} INFO - [2025-03-10T21:25:46.824+0000] {dag.py:4180} INFO - Setting next_dagrun for example_complex to None, run_after=None
[2025-03-10T21:25:46.842+0000] {processor.py:208} INFO - Processing /home/airflow/.local/lib/python3.12/site-packages/airflow/example_dags/example_complex.py took 0.081 seconds
[2025-03-10T21:26:17.421+0000] {processor.py:186} INFO - Started process (PID=2772) to work on /home/airflow/.local/lib/python3.12/site-packages/airflow/example_dags/example_complex.py
[2025-03-10T21:26:17.422+0000] {processor.py:914} INFO - Processing file /home/airflow/.local/lib/python3.12/site-packages/airflow/example_dags/example_complex.py for tasks to queue
[2025-03-10T21:26:17.424+0000] {logging_mixin.py:190} INFO - [2025-03-10T21:26:17.424+0000] {dagbag.py:588} INFO - Filling up the DagBag from /home/airflow/.local/lib/python3.12/site-packages/airflow/example_dags/example_complex.py
[2025-03-10T21:26:17.435+0000] {processor.py:925} INFO - DAG(s) 'example_complex' retrieved from /home/airflow/.local/lib/python3.12/site-packages/airflow/example_dags/example_complex.py
[2025-03-10T21:26:17.460+0000] {logging_mixin.py:190} INFO - [2025-03-10T21:26:17.460+0000] {dag.py:3239} INFO - Sync 1 DAGs
[2025-03-10T21:26:17.473+0000] {logging_mixin.py:190} INFO - [2025-03-10T21:26:17.473+0000] {dag.py:4180} INFO - Setting next_dagrun for example_complex to None, run_after=None
[2025-03-10T21:26:17.488+0000] {processor.py:208} INFO - Processing /home/airflow/.local/lib/python3.12/site-packages/airflow/example_dags/example_complex.py took 0.072 seconds
[2025-03-10T21:26:48.401+0000] {processor.py:186} INFO - Started process (PID=2836) to work on /home/airflow/.local/lib/python3.12/site-packages/airflow/example_dags/example_complex.py
[2025-03-10T21:26:48.402+0000] {processor.py:914} INFO - Processing file /home/airflow/.local/lib/python3.12/site-packages/airflow/example_dags/example_complex.py for tasks to queue
[2025-03-10T21:26:48.404+0000] {logging_mixin.py:190} INFO - [2025-03-10T21:26:48.404+0000] {dagbag.py:588} INFO - Filling up the DagBag from /home/airflow/.local/lib/python3.12/site-packages/airflow/example_dags/example_complex.py
[2025-03-10T21:26:48.414+0000] {processor.py:925} INFO - DAG(s) 'example_complex' retrieved from /home/airflow/.local/lib/python3.12/site-packages/airflow/example_dags/example_complex.py
[2025-03-10T21:26:48.439+0000] {logging_mixin.py:190} INFO - [2025-03-10T21:26:48.439+0000] {dag.py:3239} INFO - Sync 1 DAGs
[2025-03-10T21:26:48.451+0000] {logging_mixin.py:190} INFO - [2025-03-10T21:26:48.451+0000] {dag.py:4180} INFO - Setting next_dagrun for example_complex to None, run_after=None
[2025-03-10T21:26:48.467+0000] {processor.py:208} INFO - Processing /home/airflow/.local/lib/python3.12/site-packages/airflow/example_dags/example_complex.py took 0.071 seconds
[2025-03-10T21:27:18.732+0000] {processor.py:186} INFO - Started process (PID=2900) to work on /home/airflow/.local/lib/python3.12/site-packages/airflow/example_dags/example_complex.py
[2025-03-10T21:27:18.733+0000] {processor.py:914} INFO - Processing file /home/airflow/.local/lib/python3.12/site-packages/airflow/example_dags/example_complex.py for tasks to queue
[2025-03-10T21:27:18.735+0000] {logging_mixin.py:190} INFO - [2025-03-10T21:27:18.735+0000] {dagbag.py:588} INFO - Filling up the DagBag from /home/airflow/.local/lib/python3.12/site-packages/airflow/example_dags/example_complex.py
[2025-03-10T21:27:18.745+0000] {processor.py:925} INFO - DAG(s) 'example_complex' retrieved from /home/airflow/.local/lib/python3.12/site-packages/airflow/example_dags/example_complex.py
[2025-03-10T21:27:18.771+0000] {logging_mixin.py:190} INFO - [2025-03-10T21:27:18.771+0000] {dag.py:3239} INFO - Sync 1 DAGs
[2025-03-10T21:27:18.784+0000] {logging_mixin.py:190} INFO - [2025-03-10T21:27:18.784+0000] {dag.py:4180} INFO - Setting next_dagrun for example_complex to None, run_after=None
[2025-03-10T21:27:18.799+0000] {processor.py:208} INFO - Processing /home/airflow/.local/lib/python3.12/site-packages/airflow/example_dags/example_complex.py took 0.071 seconds
[2025-03-10T21:28:32.625+0000] {processor.py:186} INFO - Started process (PID=2976) to work on /home/airflow/.local/lib/python3.12/site-packages/airflow/example_dags/example_complex.py
[2025-03-10T21:28:32.626+0000] {processor.py:914} INFO - Processing file /home/airflow/.local/lib/python3.12/site-packages/airflow/example_dags/example_complex.py for tasks to queue
[2025-03-10T21:28:32.630+0000] {logging_mixin.py:190} INFO - [2025-03-10T21:28:32.630+0000] {dagbag.py:588} INFO - Filling up the DagBag from /home/airflow/.local/lib/python3.12/site-packages/airflow/example_dags/example_complex.py
[2025-03-10T21:28:32.647+0000] {processor.py:925} INFO - DAG(s) 'example_complex' retrieved from /home/airflow/.local/lib/python3.12/site-packages/airflow/example_dags/example_complex.py
[2025-03-10T21:28:32.697+0000] {logging_mixin.py:190} INFO - [2025-03-10T21:28:32.697+0000] {dag.py:3239} INFO - Sync 1 DAGs
[2025-03-10T21:28:32.716+0000] {logging_mixin.py:190} INFO - [2025-03-10T21:28:32.716+0000] {dag.py:4180} INFO - Setting next_dagrun for example_complex to None, run_after=None
[2025-03-10T21:28:32.781+0000] {processor.py:208} INFO - Processing /home/airflow/.local/lib/python3.12/site-packages/airflow/example_dags/example_complex.py took 0.170 seconds
[2025-03-10T21:29:02.827+0000] {processor.py:186} INFO - Started process (PID=3040) to work on /home/airflow/.local/lib/python3.12/site-packages/airflow/example_dags/example_complex.py
[2025-03-10T21:29:02.834+0000] {processor.py:914} INFO - Processing file /home/airflow/.local/lib/python3.12/site-packages/airflow/example_dags/example_complex.py for tasks to queue
[2025-03-10T21:29:02.837+0000] {logging_mixin.py:190} INFO - [2025-03-10T21:29:02.836+0000] {dagbag.py:588} INFO - Filling up the DagBag from /home/airflow/.local/lib/python3.12/site-packages/airflow/example_dags/example_complex.py
[2025-03-10T21:29:02.848+0000] {processor.py:925} INFO - DAG(s) 'example_complex' retrieved from /home/airflow/.local/lib/python3.12/site-packages/airflow/example_dags/example_complex.py
[2025-03-10T21:29:02.891+0000] {logging_mixin.py:190} INFO - [2025-03-10T21:29:02.891+0000] {dag.py:3239} INFO - Sync 1 DAGs
[2025-03-10T21:29:02.913+0000] {logging_mixin.py:190} INFO - [2025-03-10T21:29:02.912+0000] {dag.py:4180} INFO - Setting next_dagrun for example_complex to None, run_after=None
[2025-03-10T21:29:02.942+0000] {processor.py:208} INFO - Processing /home/airflow/.local/lib/python3.12/site-packages/airflow/example_dags/example_complex.py took 0.120 seconds
[2025-03-10T21:29:33.343+0000] {processor.py:186} INFO - Started process (PID=3104) to work on /home/airflow/.local/lib/python3.12/site-packages/airflow/example_dags/example_complex.py
[2025-03-10T21:29:33.344+0000] {processor.py:914} INFO - Processing file /home/airflow/.local/lib/python3.12/site-packages/airflow/example_dags/example_complex.py for tasks to queue
[2025-03-10T21:29:33.346+0000] {logging_mixin.py:190} INFO - [2025-03-10T21:29:33.345+0000] {dagbag.py:588} INFO - Filling up the DagBag from /home/airflow/.local/lib/python3.12/site-packages/airflow/example_dags/example_complex.py
[2025-03-10T21:29:33.356+0000] {processor.py:925} INFO - DAG(s) 'example_complex' retrieved from /home/airflow/.local/lib/python3.12/site-packages/airflow/example_dags/example_complex.py
[2025-03-10T21:29:33.385+0000] {logging_mixin.py:190} INFO - [2025-03-10T21:29:33.385+0000] {dag.py:3239} INFO - Sync 1 DAGs
[2025-03-10T21:29:33.398+0000] {logging_mixin.py:190} INFO - [2025-03-10T21:29:33.398+0000] {dag.py:4180} INFO - Setting next_dagrun for example_complex to None, run_after=None
[2025-03-10T21:29:33.412+0000] {processor.py:208} INFO - Processing /home/airflow/.local/lib/python3.12/site-packages/airflow/example_dags/example_complex.py took 0.074 seconds
[2025-03-10T21:30:04.390+0000] {processor.py:186} INFO - Started process (PID=3168) to work on /home/airflow/.local/lib/python3.12/site-packages/airflow/example_dags/example_complex.py
[2025-03-10T21:30:04.391+0000] {processor.py:914} INFO - Processing file /home/airflow/.local/lib/python3.12/site-packages/airflow/example_dags/example_complex.py for tasks to queue
[2025-03-10T21:30:04.394+0000] {logging_mixin.py:190} INFO - [2025-03-10T21:30:04.393+0000] {dagbag.py:588} INFO - Filling up the DagBag from /home/airflow/.local/lib/python3.12/site-packages/airflow/example_dags/example_complex.py
[2025-03-10T21:30:04.407+0000] {processor.py:925} INFO - DAG(s) 'example_complex' retrieved from /home/airflow/.local/lib/python3.12/site-packages/airflow/example_dags/example_complex.py
[2025-03-10T21:30:04.500+0000] {logging_mixin.py:190} INFO - [2025-03-10T21:30:04.500+0000] {dag.py:3239} INFO - Sync 1 DAGs
[2025-03-10T21:30:04.520+0000] {logging_mixin.py:190} INFO - [2025-03-10T21:30:04.520+0000] {dag.py:4180} INFO - Setting next_dagrun for example_complex to None, run_after=None
[2025-03-10T21:30:04.549+0000] {processor.py:208} INFO - Processing /home/airflow/.local/lib/python3.12/site-packages/airflow/example_dags/example_complex.py took 0.165 seconds
[2025-03-10T21:30:34.799+0000] {processor.py:186} INFO - Started process (PID=3232) to work on /home/airflow/.local/lib/python3.12/site-packages/airflow/example_dags/example_complex.py
[2025-03-10T21:30:34.800+0000] {processor.py:914} INFO - Processing file /home/airflow/.local/lib/python3.12/site-packages/airflow/example_dags/example_complex.py for tasks to queue
[2025-03-10T21:30:34.804+0000] {logging_mixin.py:190} INFO - [2025-03-10T21:30:34.804+0000] {dagbag.py:588} INFO - Filling up the DagBag from /home/airflow/.local/lib/python3.12/site-packages/airflow/example_dags/example_complex.py
[2025-03-10T21:30:34.820+0000] {processor.py:925} INFO - DAG(s) 'example_complex' retrieved from /home/airflow/.local/lib/python3.12/site-packages/airflow/example_dags/example_complex.py
[2025-03-10T21:30:34.869+0000] {logging_mixin.py:190} INFO - [2025-03-10T21:30:34.869+0000] {dag.py:3239} INFO - Sync 1 DAGs
[2025-03-10T21:30:34.889+0000] {logging_mixin.py:190} INFO - [2025-03-10T21:30:34.889+0000] {dag.py:4180} INFO - Setting next_dagrun for example_complex to None, run_after=None
[2025-03-10T21:30:34.917+0000] {processor.py:208} INFO - Processing /home/airflow/.local/lib/python3.12/site-packages/airflow/example_dags/example_complex.py took 0.127 seconds
[2025-03-10T21:31:05.868+0000] {processor.py:186} INFO - Started process (PID=3295) to work on /home/airflow/.local/lib/python3.12/site-packages/airflow/example_dags/example_complex.py
[2025-03-10T21:31:05.869+0000] {processor.py:914} INFO - Processing file /home/airflow/.local/lib/python3.12/site-packages/airflow/example_dags/example_complex.py for tasks to queue
[2025-03-10T21:31:05.872+0000] {logging_mixin.py:190} INFO - [2025-03-10T21:31:05.872+0000] {dagbag.py:588} INFO - Filling up the DagBag from /home/airflow/.local/lib/python3.12/site-packages/airflow/example_dags/example_complex.py
[2025-03-10T21:31:05.893+0000] {processor.py:925} INFO - DAG(s) 'example_complex' retrieved from /home/airflow/.local/lib/python3.12/site-packages/airflow/example_dags/example_complex.py
[2025-03-10T21:31:05.930+0000] {logging_mixin.py:190} INFO - [2025-03-10T21:31:05.929+0000] {dag.py:3239} INFO - Sync 1 DAGs
[2025-03-10T21:31:05.947+0000] {logging_mixin.py:190} INFO - [2025-03-10T21:31:05.947+0000] {dag.py:4180} INFO - Setting next_dagrun for example_complex to None, run_after=None
[2025-03-10T21:31:05.971+0000] {processor.py:208} INFO - Processing /home/airflow/.local/lib/python3.12/site-packages/airflow/example_dags/example_complex.py took 0.113 seconds
[2025-03-10T21:31:51.195+0000] {processor.py:186} INFO - Started process (PID=3356) to work on /home/airflow/.local/lib/python3.12/site-packages/airflow/example_dags/example_complex.py
[2025-03-10T21:31:51.196+0000] {processor.py:914} INFO - Processing file /home/airflow/.local/lib/python3.12/site-packages/airflow/example_dags/example_complex.py for tasks to queue
[2025-03-10T21:31:51.198+0000] {logging_mixin.py:190} INFO - [2025-03-10T21:31:51.198+0000] {dagbag.py:588} INFO - Filling up the DagBag from /home/airflow/.local/lib/python3.12/site-packages/airflow/example_dags/example_complex.py
[2025-03-10T21:31:51.210+0000] {processor.py:925} INFO - DAG(s) 'example_complex' retrieved from /home/airflow/.local/lib/python3.12/site-packages/airflow/example_dags/example_complex.py
[2025-03-10T21:31:51.242+0000] {logging_mixin.py:190} INFO - [2025-03-10T21:31:51.242+0000] {dag.py:3239} INFO - Sync 1 DAGs
[2025-03-10T21:31:51.257+0000] {logging_mixin.py:190} INFO - [2025-03-10T21:31:51.257+0000] {dag.py:4180} INFO - Setting next_dagrun for example_complex to None, run_after=None
[2025-03-10T21:31:51.284+0000] {processor.py:208} INFO - Processing /home/airflow/.local/lib/python3.12/site-packages/airflow/example_dags/example_complex.py took 0.095 seconds
[2025-03-10T21:32:37.778+0000] {processor.py:186} INFO - Started process (PID=3423) to work on /home/airflow/.local/lib/python3.12/site-packages/airflow/example_dags/example_complex.py
[2025-03-10T21:32:37.779+0000] {processor.py:914} INFO - Processing file /home/airflow/.local/lib/python3.12/site-packages/airflow/example_dags/example_complex.py for tasks to queue
[2025-03-10T21:32:37.781+0000] {logging_mixin.py:190} INFO - [2025-03-10T21:32:37.781+0000] {dagbag.py:588} INFO - Filling up the DagBag from /home/airflow/.local/lib/python3.12/site-packages/airflow/example_dags/example_complex.py
[2025-03-10T21:32:37.793+0000] {processor.py:925} INFO - DAG(s) 'example_complex' retrieved from /home/airflow/.local/lib/python3.12/site-packages/airflow/example_dags/example_complex.py
[2025-03-10T21:32:37.821+0000] {logging_mixin.py:190} INFO - [2025-03-10T21:32:37.820+0000] {dag.py:3239} INFO - Sync 1 DAGs
[2025-03-10T21:32:37.837+0000] {logging_mixin.py:190} INFO - [2025-03-10T21:32:37.837+0000] {dag.py:4180} INFO - Setting next_dagrun for example_complex to None, run_after=None
[2025-03-10T21:32:37.866+0000] {processor.py:208} INFO - Processing /home/airflow/.local/lib/python3.12/site-packages/airflow/example_dags/example_complex.py took 0.094 seconds
[2025-03-10T21:36:29.178+0000] {processor.py:186} INFO - Started process (PID=88) to work on /home/airflow/.local/lib/python3.12/site-packages/airflow/example_dags/example_complex.py
[2025-03-10T21:36:29.181+0000] {processor.py:914} INFO - Processing file /home/airflow/.local/lib/python3.12/site-packages/airflow/example_dags/example_complex.py for tasks to queue
[2025-03-10T21:36:29.184+0000] {logging_mixin.py:190} INFO - [2025-03-10T21:36:29.184+0000] {dagbag.py:588} INFO - Filling up the DagBag from /home/airflow/.local/lib/python3.12/site-packages/airflow/example_dags/example_complex.py
[2025-03-10T21:36:29.203+0000] {processor.py:925} INFO - DAG(s) 'example_complex' retrieved from /home/airflow/.local/lib/python3.12/site-packages/airflow/example_dags/example_complex.py
[2025-03-10T21:36:29.243+0000] {logging_mixin.py:190} INFO - [2025-03-10T21:36:29.243+0000] {dag.py:3239} INFO - Sync 1 DAGs
[2025-03-10T21:36:29.257+0000] {logging_mixin.py:190} INFO - [2025-03-10T21:36:29.257+0000] {dag.py:4180} INFO - Setting next_dagrun for example_complex to None, run_after=None
[2025-03-10T21:36:29.296+0000] {processor.py:208} INFO - Processing /home/airflow/.local/lib/python3.12/site-packages/airflow/example_dags/example_complex.py took 0.123 seconds
