[2025-03-10T21:04:46.797+0000] {processor.py:186} INFO - Started process (PID=62) to work on /home/airflow/.local/lib/python3.12/site-packages/airflow/example_dags/example_sla_dag.py
[2025-03-10T21:04:46.798+0000] {processor.py:914} INFO - Processing file /home/airflow/.local/lib/python3.12/site-packages/airflow/example_dags/example_sla_dag.py for tasks to queue
[2025-03-10T21:04:46.802+0000] {logging_mixin.py:190} INFO - [2025-03-10T21:04:46.801+0000] {dagbag.py:588} INFO - Filling up the DagBag from /home/airflow/.local/lib/python3.12/site-packages/airflow/example_dags/example_sla_dag.py
[2025-03-10T21:04:46.812+0000] {processor.py:925} INFO - DAG(s) 'example_sla_dag' retrieved from /home/airflow/.local/lib/python3.12/site-packages/airflow/example_dags/example_sla_dag.py
[2025-03-10T21:04:46.840+0000] {logging_mixin.py:190} INFO - [2025-03-10T21:04:46.839+0000] {dag.py:3239} INFO - Sync 1 DAGs
[2025-03-10T21:04:46.867+0000] {logging_mixin.py:190} INFO - [2025-03-10T21:04:46.867+0000] {dag.py:4180} INFO - Setting next_dagrun for example_sla_dag to 2025-03-10 21:02:00+00:00, run_after=2025-03-10 21:04:00+00:00
[2025-03-10T21:04:46.887+0000] {processor.py:208} INFO - Processing /home/airflow/.local/lib/python3.12/site-packages/airflow/example_dags/example_sla_dag.py took 0.096 seconds
[2025-03-10T21:05:17.856+0000] {processor.py:186} INFO - Started process (PID=126) to work on /home/airflow/.local/lib/python3.12/site-packages/airflow/example_dags/example_sla_dag.py
[2025-03-10T21:05:17.856+0000] {processor.py:914} INFO - Processing file /home/airflow/.local/lib/python3.12/site-packages/airflow/example_dags/example_sla_dag.py for tasks to queue
[2025-03-10T21:05:17.858+0000] {logging_mixin.py:190} INFO - [2025-03-10T21:05:17.858+0000] {dagbag.py:588} INFO - Filling up the DagBag from /home/airflow/.local/lib/python3.12/site-packages/airflow/example_dags/example_sla_dag.py
[2025-03-10T21:05:17.869+0000] {processor.py:925} INFO - DAG(s) 'example_sla_dag' retrieved from /home/airflow/.local/lib/python3.12/site-packages/airflow/example_dags/example_sla_dag.py
[2025-03-10T21:05:17.891+0000] {logging_mixin.py:190} INFO - [2025-03-10T21:05:17.891+0000] {dag.py:3239} INFO - Sync 1 DAGs
[2025-03-10T21:05:17.913+0000] {logging_mixin.py:190} INFO - [2025-03-10T21:05:17.913+0000] {dag.py:4180} INFO - Setting next_dagrun for example_sla_dag to 2025-03-10 21:02:00+00:00, run_after=2025-03-10 21:04:00+00:00
[2025-03-10T21:05:17.929+0000] {processor.py:208} INFO - Processing /home/airflow/.local/lib/python3.12/site-packages/airflow/example_dags/example_sla_dag.py took 0.080 seconds
[2025-03-10T21:05:48.977+0000] {processor.py:186} INFO - Started process (PID=196) to work on /home/airflow/.local/lib/python3.12/site-packages/airflow/example_dags/example_sla_dag.py
[2025-03-10T21:05:48.978+0000] {processor.py:914} INFO - Processing file /home/airflow/.local/lib/python3.12/site-packages/airflow/example_dags/example_sla_dag.py for tasks to queue
[2025-03-10T21:05:48.980+0000] {logging_mixin.py:190} INFO - [2025-03-10T21:05:48.979+0000] {dagbag.py:588} INFO - Filling up the DagBag from /home/airflow/.local/lib/python3.12/site-packages/airflow/example_dags/example_sla_dag.py
[2025-03-10T21:05:48.989+0000] {processor.py:925} INFO - DAG(s) 'example_sla_dag' retrieved from /home/airflow/.local/lib/python3.12/site-packages/airflow/example_dags/example_sla_dag.py
[2025-03-10T21:05:49.006+0000] {logging_mixin.py:190} INFO - [2025-03-10T21:05:49.006+0000] {dag.py:3239} INFO - Sync 1 DAGs
[2025-03-10T21:05:49.028+0000] {logging_mixin.py:190} INFO - [2025-03-10T21:05:49.028+0000] {dag.py:4180} INFO - Setting next_dagrun for example_sla_dag to 2025-03-10 21:02:00+00:00, run_after=2025-03-10 21:04:00+00:00
[2025-03-10T21:05:49.043+0000] {processor.py:208} INFO - Processing /home/airflow/.local/lib/python3.12/site-packages/airflow/example_dags/example_sla_dag.py took 0.071 seconds
[2025-03-10T21:06:19.908+0000] {processor.py:186} INFO - Started process (PID=260) to work on /home/airflow/.local/lib/python3.12/site-packages/airflow/example_dags/example_sla_dag.py
[2025-03-10T21:06:19.909+0000] {processor.py:914} INFO - Processing file /home/airflow/.local/lib/python3.12/site-packages/airflow/example_dags/example_sla_dag.py for tasks to queue
[2025-03-10T21:06:19.911+0000] {logging_mixin.py:190} INFO - [2025-03-10T21:06:19.910+0000] {dagbag.py:588} INFO - Filling up the DagBag from /home/airflow/.local/lib/python3.12/site-packages/airflow/example_dags/example_sla_dag.py
[2025-03-10T21:06:19.918+0000] {processor.py:925} INFO - DAG(s) 'example_sla_dag' retrieved from /home/airflow/.local/lib/python3.12/site-packages/airflow/example_dags/example_sla_dag.py
[2025-03-10T21:06:19.933+0000] {logging_mixin.py:190} INFO - [2025-03-10T21:06:19.933+0000] {dag.py:3239} INFO - Sync 1 DAGs
[2025-03-10T21:06:19.953+0000] {logging_mixin.py:190} INFO - [2025-03-10T21:06:19.953+0000] {dag.py:4180} INFO - Setting next_dagrun for example_sla_dag to 2025-03-10 21:04:00+00:00, run_after=2025-03-10 21:06:00+00:00
[2025-03-10T21:06:19.968+0000] {processor.py:208} INFO - Processing /home/airflow/.local/lib/python3.12/site-packages/airflow/example_dags/example_sla_dag.py took 0.065 seconds
[2025-03-10T21:06:50.949+0000] {processor.py:186} INFO - Started process (PID=324) to work on /home/airflow/.local/lib/python3.12/site-packages/airflow/example_dags/example_sla_dag.py
[2025-03-10T21:06:50.950+0000] {processor.py:914} INFO - Processing file /home/airflow/.local/lib/python3.12/site-packages/airflow/example_dags/example_sla_dag.py for tasks to queue
[2025-03-10T21:06:50.952+0000] {logging_mixin.py:190} INFO - [2025-03-10T21:06:50.952+0000] {dagbag.py:588} INFO - Filling up the DagBag from /home/airflow/.local/lib/python3.12/site-packages/airflow/example_dags/example_sla_dag.py
[2025-03-10T21:06:50.962+0000] {processor.py:925} INFO - DAG(s) 'example_sla_dag' retrieved from /home/airflow/.local/lib/python3.12/site-packages/airflow/example_dags/example_sla_dag.py
[2025-03-10T21:06:50.976+0000] {logging_mixin.py:190} INFO - [2025-03-10T21:06:50.976+0000] {dag.py:3239} INFO - Sync 1 DAGs
[2025-03-10T21:06:50.997+0000] {logging_mixin.py:190} INFO - [2025-03-10T21:06:50.997+0000] {dag.py:4180} INFO - Setting next_dagrun for example_sla_dag to 2025-03-10 21:04:00+00:00, run_after=2025-03-10 21:06:00+00:00
[2025-03-10T21:06:51.011+0000] {processor.py:208} INFO - Processing /home/airflow/.local/lib/python3.12/site-packages/airflow/example_dags/example_sla_dag.py took 0.066 seconds
[2025-03-10T21:07:21.629+0000] {processor.py:186} INFO - Started process (PID=388) to work on /home/airflow/.local/lib/python3.12/site-packages/airflow/example_dags/example_sla_dag.py
[2025-03-10T21:07:21.630+0000] {processor.py:914} INFO - Processing file /home/airflow/.local/lib/python3.12/site-packages/airflow/example_dags/example_sla_dag.py for tasks to queue
[2025-03-10T21:07:21.632+0000] {logging_mixin.py:190} INFO - [2025-03-10T21:07:21.632+0000] {dagbag.py:588} INFO - Filling up the DagBag from /home/airflow/.local/lib/python3.12/site-packages/airflow/example_dags/example_sla_dag.py
[2025-03-10T21:07:21.641+0000] {processor.py:925} INFO - DAG(s) 'example_sla_dag' retrieved from /home/airflow/.local/lib/python3.12/site-packages/airflow/example_dags/example_sla_dag.py
[2025-03-10T21:07:21.656+0000] {logging_mixin.py:190} INFO - [2025-03-10T21:07:21.656+0000] {dag.py:3239} INFO - Sync 1 DAGs
[2025-03-10T21:07:21.681+0000] {logging_mixin.py:190} INFO - [2025-03-10T21:07:21.680+0000] {dag.py:4180} INFO - Setting next_dagrun for example_sla_dag to 2025-03-10 21:04:00+00:00, run_after=2025-03-10 21:06:00+00:00
[2025-03-10T21:07:21.694+0000] {processor.py:208} INFO - Processing /home/airflow/.local/lib/python3.12/site-packages/airflow/example_dags/example_sla_dag.py took 0.070 seconds
[2025-03-10T21:07:52.405+0000] {processor.py:186} INFO - Started process (PID=452) to work on /home/airflow/.local/lib/python3.12/site-packages/airflow/example_dags/example_sla_dag.py
[2025-03-10T21:07:52.406+0000] {processor.py:914} INFO - Processing file /home/airflow/.local/lib/python3.12/site-packages/airflow/example_dags/example_sla_dag.py for tasks to queue
[2025-03-10T21:07:52.408+0000] {logging_mixin.py:190} INFO - [2025-03-10T21:07:52.407+0000] {dagbag.py:588} INFO - Filling up the DagBag from /home/airflow/.local/lib/python3.12/site-packages/airflow/example_dags/example_sla_dag.py
[2025-03-10T21:07:52.416+0000] {processor.py:925} INFO - DAG(s) 'example_sla_dag' retrieved from /home/airflow/.local/lib/python3.12/site-packages/airflow/example_dags/example_sla_dag.py
[2025-03-10T21:07:52.430+0000] {logging_mixin.py:190} INFO - [2025-03-10T21:07:52.430+0000] {dag.py:3239} INFO - Sync 1 DAGs
[2025-03-10T21:07:52.453+0000] {logging_mixin.py:190} INFO - [2025-03-10T21:07:52.453+0000] {dag.py:4180} INFO - Setting next_dagrun for example_sla_dag to 2025-03-10 21:04:00+00:00, run_after=2025-03-10 21:06:00+00:00
[2025-03-10T21:07:52.468+0000] {processor.py:208} INFO - Processing /home/airflow/.local/lib/python3.12/site-packages/airflow/example_dags/example_sla_dag.py took 0.067 seconds
[2025-03-10T21:08:23.294+0000] {processor.py:186} INFO - Started process (PID=516) to work on /home/airflow/.local/lib/python3.12/site-packages/airflow/example_dags/example_sla_dag.py
[2025-03-10T21:08:23.295+0000] {processor.py:914} INFO - Processing file /home/airflow/.local/lib/python3.12/site-packages/airflow/example_dags/example_sla_dag.py for tasks to queue
[2025-03-10T21:08:23.297+0000] {logging_mixin.py:190} INFO - [2025-03-10T21:08:23.297+0000] {dagbag.py:588} INFO - Filling up the DagBag from /home/airflow/.local/lib/python3.12/site-packages/airflow/example_dags/example_sla_dag.py
[2025-03-10T21:08:23.306+0000] {processor.py:925} INFO - DAG(s) 'example_sla_dag' retrieved from /home/airflow/.local/lib/python3.12/site-packages/airflow/example_dags/example_sla_dag.py
[2025-03-10T21:08:23.321+0000] {logging_mixin.py:190} INFO - [2025-03-10T21:08:23.321+0000] {dag.py:3239} INFO - Sync 1 DAGs
[2025-03-10T21:08:23.345+0000] {logging_mixin.py:190} INFO - [2025-03-10T21:08:23.345+0000] {dag.py:4180} INFO - Setting next_dagrun for example_sla_dag to 2025-03-10 21:06:00+00:00, run_after=2025-03-10 21:08:00+00:00
[2025-03-10T21:08:23.368+0000] {processor.py:208} INFO - Processing /home/airflow/.local/lib/python3.12/site-packages/airflow/example_dags/example_sla_dag.py took 0.078 seconds
[2025-03-10T21:08:53.467+0000] {processor.py:186} INFO - Started process (PID=580) to work on /home/airflow/.local/lib/python3.12/site-packages/airflow/example_dags/example_sla_dag.py
[2025-03-10T21:08:53.468+0000] {processor.py:914} INFO - Processing file /home/airflow/.local/lib/python3.12/site-packages/airflow/example_dags/example_sla_dag.py for tasks to queue
[2025-03-10T21:08:53.470+0000] {logging_mixin.py:190} INFO - [2025-03-10T21:08:53.470+0000] {dagbag.py:588} INFO - Filling up the DagBag from /home/airflow/.local/lib/python3.12/site-packages/airflow/example_dags/example_sla_dag.py
[2025-03-10T21:08:53.481+0000] {processor.py:925} INFO - DAG(s) 'example_sla_dag' retrieved from /home/airflow/.local/lib/python3.12/site-packages/airflow/example_dags/example_sla_dag.py
[2025-03-10T21:08:53.504+0000] {logging_mixin.py:190} INFO - [2025-03-10T21:08:53.504+0000] {dag.py:3239} INFO - Sync 1 DAGs
[2025-03-10T21:08:53.533+0000] {logging_mixin.py:190} INFO - [2025-03-10T21:08:53.533+0000] {dag.py:4180} INFO - Setting next_dagrun for example_sla_dag to 2025-03-10 21:06:00+00:00, run_after=2025-03-10 21:08:00+00:00
[2025-03-10T21:08:53.550+0000] {processor.py:208} INFO - Processing /home/airflow/.local/lib/python3.12/site-packages/airflow/example_dags/example_sla_dag.py took 0.089 seconds
[2025-03-10T21:09:24.588+0000] {processor.py:186} INFO - Started process (PID=644) to work on /home/airflow/.local/lib/python3.12/site-packages/airflow/example_dags/example_sla_dag.py
[2025-03-10T21:09:24.589+0000] {processor.py:914} INFO - Processing file /home/airflow/.local/lib/python3.12/site-packages/airflow/example_dags/example_sla_dag.py for tasks to queue
[2025-03-10T21:09:24.592+0000] {logging_mixin.py:190} INFO - [2025-03-10T21:09:24.591+0000] {dagbag.py:588} INFO - Filling up the DagBag from /home/airflow/.local/lib/python3.12/site-packages/airflow/example_dags/example_sla_dag.py
[2025-03-10T21:09:24.600+0000] {processor.py:925} INFO - DAG(s) 'example_sla_dag' retrieved from /home/airflow/.local/lib/python3.12/site-packages/airflow/example_dags/example_sla_dag.py
[2025-03-10T21:09:24.620+0000] {logging_mixin.py:190} INFO - [2025-03-10T21:09:24.620+0000] {dag.py:3239} INFO - Sync 1 DAGs
[2025-03-10T21:09:24.646+0000] {logging_mixin.py:190} INFO - [2025-03-10T21:09:24.645+0000] {dag.py:4180} INFO - Setting next_dagrun for example_sla_dag to 2025-03-10 21:06:00+00:00, run_after=2025-03-10 21:08:00+00:00
[2025-03-10T21:09:24.664+0000] {processor.py:208} INFO - Processing /home/airflow/.local/lib/python3.12/site-packages/airflow/example_dags/example_sla_dag.py took 0.082 seconds
[2025-03-10T21:09:55.389+0000] {processor.py:186} INFO - Started process (PID=708) to work on /home/airflow/.local/lib/python3.12/site-packages/airflow/example_dags/example_sla_dag.py
[2025-03-10T21:09:55.389+0000] {processor.py:914} INFO - Processing file /home/airflow/.local/lib/python3.12/site-packages/airflow/example_dags/example_sla_dag.py for tasks to queue
[2025-03-10T21:09:55.391+0000] {logging_mixin.py:190} INFO - [2025-03-10T21:09:55.391+0000] {dagbag.py:588} INFO - Filling up the DagBag from /home/airflow/.local/lib/python3.12/site-packages/airflow/example_dags/example_sla_dag.py
[2025-03-10T21:09:55.399+0000] {processor.py:925} INFO - DAG(s) 'example_sla_dag' retrieved from /home/airflow/.local/lib/python3.12/site-packages/airflow/example_dags/example_sla_dag.py
[2025-03-10T21:09:55.414+0000] {logging_mixin.py:190} INFO - [2025-03-10T21:09:55.414+0000] {dag.py:3239} INFO - Sync 1 DAGs
[2025-03-10T21:09:55.435+0000] {logging_mixin.py:190} INFO - [2025-03-10T21:09:55.435+0000] {dag.py:4180} INFO - Setting next_dagrun for example_sla_dag to 2025-03-10 21:06:00+00:00, run_after=2025-03-10 21:08:00+00:00
[2025-03-10T21:09:55.448+0000] {processor.py:208} INFO - Processing /home/airflow/.local/lib/python3.12/site-packages/airflow/example_dags/example_sla_dag.py took 0.064 seconds
[2025-03-10T21:10:25.498+0000] {processor.py:186} INFO - Started process (PID=771) to work on /home/airflow/.local/lib/python3.12/site-packages/airflow/example_dags/example_sla_dag.py
[2025-03-10T21:10:25.499+0000] {processor.py:914} INFO - Processing file /home/airflow/.local/lib/python3.12/site-packages/airflow/example_dags/example_sla_dag.py for tasks to queue
[2025-03-10T21:10:25.501+0000] {logging_mixin.py:190} INFO - [2025-03-10T21:10:25.501+0000] {dagbag.py:588} INFO - Filling up the DagBag from /home/airflow/.local/lib/python3.12/site-packages/airflow/example_dags/example_sla_dag.py
[2025-03-10T21:10:25.509+0000] {processor.py:925} INFO - DAG(s) 'example_sla_dag' retrieved from /home/airflow/.local/lib/python3.12/site-packages/airflow/example_dags/example_sla_dag.py
[2025-03-10T21:10:25.525+0000] {logging_mixin.py:190} INFO - [2025-03-10T21:10:25.525+0000] {dag.py:3239} INFO - Sync 1 DAGs
[2025-03-10T21:10:25.546+0000] {logging_mixin.py:190} INFO - [2025-03-10T21:10:25.546+0000] {dag.py:4180} INFO - Setting next_dagrun for example_sla_dag to 2025-03-10 21:08:00+00:00, run_after=2025-03-10 21:10:00+00:00
[2025-03-10T21:10:25.560+0000] {processor.py:208} INFO - Processing /home/airflow/.local/lib/python3.12/site-packages/airflow/example_dags/example_sla_dag.py took 0.066 seconds
[2025-03-10T21:10:55.684+0000] {processor.py:186} INFO - Started process (PID=836) to work on /home/airflow/.local/lib/python3.12/site-packages/airflow/example_dags/example_sla_dag.py
[2025-03-10T21:10:55.686+0000] {processor.py:914} INFO - Processing file /home/airflow/.local/lib/python3.12/site-packages/airflow/example_dags/example_sla_dag.py for tasks to queue
[2025-03-10T21:10:55.689+0000] {logging_mixin.py:190} INFO - [2025-03-10T21:10:55.689+0000] {dagbag.py:588} INFO - Filling up the DagBag from /home/airflow/.local/lib/python3.12/site-packages/airflow/example_dags/example_sla_dag.py
[2025-03-10T21:10:55.700+0000] {processor.py:925} INFO - DAG(s) 'example_sla_dag' retrieved from /home/airflow/.local/lib/python3.12/site-packages/airflow/example_dags/example_sla_dag.py
[2025-03-10T21:10:55.716+0000] {logging_mixin.py:190} INFO - [2025-03-10T21:10:55.716+0000] {dag.py:3239} INFO - Sync 1 DAGs
[2025-03-10T21:10:55.736+0000] {logging_mixin.py:190} INFO - [2025-03-10T21:10:55.736+0000] {dag.py:4180} INFO - Setting next_dagrun for example_sla_dag to 2025-03-10 21:08:00+00:00, run_after=2025-03-10 21:10:00+00:00
[2025-03-10T21:10:55.750+0000] {processor.py:208} INFO - Processing /home/airflow/.local/lib/python3.12/site-packages/airflow/example_dags/example_sla_dag.py took 0.077 seconds
[2025-03-10T21:11:26.535+0000] {processor.py:186} INFO - Started process (PID=900) to work on /home/airflow/.local/lib/python3.12/site-packages/airflow/example_dags/example_sla_dag.py
[2025-03-10T21:11:26.536+0000] {processor.py:914} INFO - Processing file /home/airflow/.local/lib/python3.12/site-packages/airflow/example_dags/example_sla_dag.py for tasks to queue
[2025-03-10T21:11:26.537+0000] {logging_mixin.py:190} INFO - [2025-03-10T21:11:26.537+0000] {dagbag.py:588} INFO - Filling up the DagBag from /home/airflow/.local/lib/python3.12/site-packages/airflow/example_dags/example_sla_dag.py
[2025-03-10T21:11:26.546+0000] {processor.py:925} INFO - DAG(s) 'example_sla_dag' retrieved from /home/airflow/.local/lib/python3.12/site-packages/airflow/example_dags/example_sla_dag.py
[2025-03-10T21:11:26.562+0000] {logging_mixin.py:190} INFO - [2025-03-10T21:11:26.562+0000] {dag.py:3239} INFO - Sync 1 DAGs
[2025-03-10T21:11:26.583+0000] {logging_mixin.py:190} INFO - [2025-03-10T21:11:26.583+0000] {dag.py:4180} INFO - Setting next_dagrun for example_sla_dag to 2025-03-10 21:08:00+00:00, run_after=2025-03-10 21:10:00+00:00
[2025-03-10T21:11:26.597+0000] {processor.py:208} INFO - Processing /home/airflow/.local/lib/python3.12/site-packages/airflow/example_dags/example_sla_dag.py took 0.067 seconds
[2025-03-10T21:11:57.265+0000] {processor.py:186} INFO - Started process (PID=964) to work on /home/airflow/.local/lib/python3.12/site-packages/airflow/example_dags/example_sla_dag.py
[2025-03-10T21:11:57.267+0000] {processor.py:914} INFO - Processing file /home/airflow/.local/lib/python3.12/site-packages/airflow/example_dags/example_sla_dag.py for tasks to queue
[2025-03-10T21:11:57.270+0000] {logging_mixin.py:190} INFO - [2025-03-10T21:11:57.270+0000] {dagbag.py:588} INFO - Filling up the DagBag from /home/airflow/.local/lib/python3.12/site-packages/airflow/example_dags/example_sla_dag.py
[2025-03-10T21:11:57.280+0000] {processor.py:925} INFO - DAG(s) 'example_sla_dag' retrieved from /home/airflow/.local/lib/python3.12/site-packages/airflow/example_dags/example_sla_dag.py
[2025-03-10T21:11:57.294+0000] {logging_mixin.py:190} INFO - [2025-03-10T21:11:57.294+0000] {dag.py:3239} INFO - Sync 1 DAGs
[2025-03-10T21:11:57.314+0000] {logging_mixin.py:190} INFO - [2025-03-10T21:11:57.314+0000] {dag.py:4180} INFO - Setting next_dagrun for example_sla_dag to 2025-03-10 21:08:00+00:00, run_after=2025-03-10 21:10:00+00:00
[2025-03-10T21:11:57.327+0000] {processor.py:208} INFO - Processing /home/airflow/.local/lib/python3.12/site-packages/airflow/example_dags/example_sla_dag.py took 0.072 seconds
[2025-03-10T21:12:27.941+0000] {processor.py:186} INFO - Started process (PID=1028) to work on /home/airflow/.local/lib/python3.12/site-packages/airflow/example_dags/example_sla_dag.py
[2025-03-10T21:12:27.942+0000] {processor.py:914} INFO - Processing file /home/airflow/.local/lib/python3.12/site-packages/airflow/example_dags/example_sla_dag.py for tasks to queue
[2025-03-10T21:12:27.944+0000] {logging_mixin.py:190} INFO - [2025-03-10T21:12:27.944+0000] {dagbag.py:588} INFO - Filling up the DagBag from /home/airflow/.local/lib/python3.12/site-packages/airflow/example_dags/example_sla_dag.py
[2025-03-10T21:12:27.953+0000] {processor.py:925} INFO - DAG(s) 'example_sla_dag' retrieved from /home/airflow/.local/lib/python3.12/site-packages/airflow/example_dags/example_sla_dag.py
[2025-03-10T21:12:27.968+0000] {logging_mixin.py:190} INFO - [2025-03-10T21:12:27.968+0000] {dag.py:3239} INFO - Sync 1 DAGs
[2025-03-10T21:12:27.987+0000] {logging_mixin.py:190} INFO - [2025-03-10T21:12:27.987+0000] {dag.py:4180} INFO - Setting next_dagrun for example_sla_dag to 2025-03-10 21:10:00+00:00, run_after=2025-03-10 21:12:00+00:00
[2025-03-10T21:12:28.001+0000] {processor.py:208} INFO - Processing /home/airflow/.local/lib/python3.12/site-packages/airflow/example_dags/example_sla_dag.py took 0.070 seconds
[2025-03-10T21:12:58.813+0000] {processor.py:186} INFO - Started process (PID=1092) to work on /home/airflow/.local/lib/python3.12/site-packages/airflow/example_dags/example_sla_dag.py
[2025-03-10T21:12:58.814+0000] {processor.py:914} INFO - Processing file /home/airflow/.local/lib/python3.12/site-packages/airflow/example_dags/example_sla_dag.py for tasks to queue
[2025-03-10T21:12:58.816+0000] {logging_mixin.py:190} INFO - [2025-03-10T21:12:58.816+0000] {dagbag.py:588} INFO - Filling up the DagBag from /home/airflow/.local/lib/python3.12/site-packages/airflow/example_dags/example_sla_dag.py
[2025-03-10T21:12:58.824+0000] {processor.py:925} INFO - DAG(s) 'example_sla_dag' retrieved from /home/airflow/.local/lib/python3.12/site-packages/airflow/example_dags/example_sla_dag.py
[2025-03-10T21:12:58.839+0000] {logging_mixin.py:190} INFO - [2025-03-10T21:12:58.839+0000] {dag.py:3239} INFO - Sync 1 DAGs
[2025-03-10T21:12:58.860+0000] {logging_mixin.py:190} INFO - [2025-03-10T21:12:58.860+0000] {dag.py:4180} INFO - Setting next_dagrun for example_sla_dag to 2025-03-10 21:10:00+00:00, run_after=2025-03-10 21:12:00+00:00
[2025-03-10T21:12:58.877+0000] {processor.py:208} INFO - Processing /home/airflow/.local/lib/python3.12/site-packages/airflow/example_dags/example_sla_dag.py took 0.068 seconds
[2025-03-10T21:13:29.604+0000] {processor.py:186} INFO - Started process (PID=1157) to work on /home/airflow/.local/lib/python3.12/site-packages/airflow/example_dags/example_sla_dag.py
[2025-03-10T21:13:29.605+0000] {processor.py:914} INFO - Processing file /home/airflow/.local/lib/python3.12/site-packages/airflow/example_dags/example_sla_dag.py for tasks to queue
[2025-03-10T21:13:29.609+0000] {logging_mixin.py:190} INFO - [2025-03-10T21:13:29.609+0000] {dagbag.py:588} INFO - Filling up the DagBag from /home/airflow/.local/lib/python3.12/site-packages/airflow/example_dags/example_sla_dag.py
[2025-03-10T21:13:29.621+0000] {processor.py:925} INFO - DAG(s) 'example_sla_dag' retrieved from /home/airflow/.local/lib/python3.12/site-packages/airflow/example_dags/example_sla_dag.py
[2025-03-10T21:13:29.635+0000] {logging_mixin.py:190} INFO - [2025-03-10T21:13:29.635+0000] {dag.py:3239} INFO - Sync 1 DAGs
[2025-03-10T21:13:29.655+0000] {logging_mixin.py:190} INFO - [2025-03-10T21:13:29.655+0000] {dag.py:4180} INFO - Setting next_dagrun for example_sla_dag to 2025-03-10 21:10:00+00:00, run_after=2025-03-10 21:12:00+00:00
[2025-03-10T21:13:29.668+0000] {processor.py:208} INFO - Processing /home/airflow/.local/lib/python3.12/site-packages/airflow/example_dags/example_sla_dag.py took 0.075 seconds
[2025-03-10T21:14:00.445+0000] {processor.py:186} INFO - Started process (PID=1221) to work on /home/airflow/.local/lib/python3.12/site-packages/airflow/example_dags/example_sla_dag.py
[2025-03-10T21:14:00.446+0000] {processor.py:914} INFO - Processing file /home/airflow/.local/lib/python3.12/site-packages/airflow/example_dags/example_sla_dag.py for tasks to queue
[2025-03-10T21:14:00.447+0000] {logging_mixin.py:190} INFO - [2025-03-10T21:14:00.447+0000] {dagbag.py:588} INFO - Filling up the DagBag from /home/airflow/.local/lib/python3.12/site-packages/airflow/example_dags/example_sla_dag.py
[2025-03-10T21:14:00.455+0000] {processor.py:925} INFO - DAG(s) 'example_sla_dag' retrieved from /home/airflow/.local/lib/python3.12/site-packages/airflow/example_dags/example_sla_dag.py
[2025-03-10T21:14:00.470+0000] {logging_mixin.py:190} INFO - [2025-03-10T21:14:00.469+0000] {dag.py:3239} INFO - Sync 1 DAGs
[2025-03-10T21:14:00.490+0000] {logging_mixin.py:190} INFO - [2025-03-10T21:14:00.490+0000] {dag.py:4180} INFO - Setting next_dagrun for example_sla_dag to 2025-03-10 21:12:00+00:00, run_after=2025-03-10 21:14:00+00:00
[2025-03-10T21:14:00.504+0000] {processor.py:208} INFO - Processing /home/airflow/.local/lib/python3.12/site-packages/airflow/example_dags/example_sla_dag.py took 0.065 seconds
[2025-03-10T21:14:31.287+0000] {processor.py:186} INFO - Started process (PID=1285) to work on /home/airflow/.local/lib/python3.12/site-packages/airflow/example_dags/example_sla_dag.py
[2025-03-10T21:14:31.288+0000] {processor.py:914} INFO - Processing file /home/airflow/.local/lib/python3.12/site-packages/airflow/example_dags/example_sla_dag.py for tasks to queue
[2025-03-10T21:14:31.292+0000] {logging_mixin.py:190} INFO - [2025-03-10T21:14:31.291+0000] {dagbag.py:588} INFO - Filling up the DagBag from /home/airflow/.local/lib/python3.12/site-packages/airflow/example_dags/example_sla_dag.py
[2025-03-10T21:14:31.303+0000] {processor.py:925} INFO - DAG(s) 'example_sla_dag' retrieved from /home/airflow/.local/lib/python3.12/site-packages/airflow/example_dags/example_sla_dag.py
[2025-03-10T21:14:31.319+0000] {logging_mixin.py:190} INFO - [2025-03-10T21:14:31.319+0000] {dag.py:3239} INFO - Sync 1 DAGs
[2025-03-10T21:14:31.339+0000] {logging_mixin.py:190} INFO - [2025-03-10T21:14:31.339+0000] {dag.py:4180} INFO - Setting next_dagrun for example_sla_dag to 2025-03-10 21:12:00+00:00, run_after=2025-03-10 21:14:00+00:00
[2025-03-10T21:14:31.353+0000] {processor.py:208} INFO - Processing /home/airflow/.local/lib/python3.12/site-packages/airflow/example_dags/example_sla_dag.py took 0.077 seconds
[2025-03-10T21:15:02.252+0000] {processor.py:186} INFO - Started process (PID=1349) to work on /home/airflow/.local/lib/python3.12/site-packages/airflow/example_dags/example_sla_dag.py
[2025-03-10T21:15:02.252+0000] {processor.py:914} INFO - Processing file /home/airflow/.local/lib/python3.12/site-packages/airflow/example_dags/example_sla_dag.py for tasks to queue
[2025-03-10T21:15:02.254+0000] {logging_mixin.py:190} INFO - [2025-03-10T21:15:02.254+0000] {dagbag.py:588} INFO - Filling up the DagBag from /home/airflow/.local/lib/python3.12/site-packages/airflow/example_dags/example_sla_dag.py
[2025-03-10T21:15:02.262+0000] {processor.py:925} INFO - DAG(s) 'example_sla_dag' retrieved from /home/airflow/.local/lib/python3.12/site-packages/airflow/example_dags/example_sla_dag.py
[2025-03-10T21:15:02.279+0000] {logging_mixin.py:190} INFO - [2025-03-10T21:15:02.278+0000] {dag.py:3239} INFO - Sync 1 DAGs
[2025-03-10T21:15:02.299+0000] {logging_mixin.py:190} INFO - [2025-03-10T21:15:02.299+0000] {dag.py:4180} INFO - Setting next_dagrun for example_sla_dag to 2025-03-10 21:12:00+00:00, run_after=2025-03-10 21:14:00+00:00
[2025-03-10T21:15:02.313+0000] {processor.py:208} INFO - Processing /home/airflow/.local/lib/python3.12/site-packages/airflow/example_dags/example_sla_dag.py took 0.067 seconds
[2025-03-10T21:15:33.102+0000] {processor.py:186} INFO - Started process (PID=1413) to work on /home/airflow/.local/lib/python3.12/site-packages/airflow/example_dags/example_sla_dag.py
[2025-03-10T21:15:33.103+0000] {processor.py:914} INFO - Processing file /home/airflow/.local/lib/python3.12/site-packages/airflow/example_dags/example_sla_dag.py for tasks to queue
[2025-03-10T21:15:33.106+0000] {logging_mixin.py:190} INFO - [2025-03-10T21:15:33.105+0000] {dagbag.py:588} INFO - Filling up the DagBag from /home/airflow/.local/lib/python3.12/site-packages/airflow/example_dags/example_sla_dag.py
[2025-03-10T21:15:33.118+0000] {processor.py:925} INFO - DAG(s) 'example_sla_dag' retrieved from /home/airflow/.local/lib/python3.12/site-packages/airflow/example_dags/example_sla_dag.py
[2025-03-10T21:15:33.136+0000] {logging_mixin.py:190} INFO - [2025-03-10T21:15:33.136+0000] {dag.py:3239} INFO - Sync 1 DAGs
[2025-03-10T21:15:33.155+0000] {logging_mixin.py:190} INFO - [2025-03-10T21:15:33.155+0000] {dag.py:4180} INFO - Setting next_dagrun for example_sla_dag to 2025-03-10 21:12:00+00:00, run_after=2025-03-10 21:14:00+00:00
[2025-03-10T21:15:33.170+0000] {processor.py:208} INFO - Processing /home/airflow/.local/lib/python3.12/site-packages/airflow/example_dags/example_sla_dag.py took 0.078 seconds
[2025-03-10T21:16:03.806+0000] {processor.py:186} INFO - Started process (PID=1477) to work on /home/airflow/.local/lib/python3.12/site-packages/airflow/example_dags/example_sla_dag.py
[2025-03-10T21:16:03.807+0000] {processor.py:914} INFO - Processing file /home/airflow/.local/lib/python3.12/site-packages/airflow/example_dags/example_sla_dag.py for tasks to queue
[2025-03-10T21:16:03.810+0000] {logging_mixin.py:190} INFO - [2025-03-10T21:16:03.809+0000] {dagbag.py:588} INFO - Filling up the DagBag from /home/airflow/.local/lib/python3.12/site-packages/airflow/example_dags/example_sla_dag.py
[2025-03-10T21:16:03.820+0000] {processor.py:925} INFO - DAG(s) 'example_sla_dag' retrieved from /home/airflow/.local/lib/python3.12/site-packages/airflow/example_dags/example_sla_dag.py
[2025-03-10T21:16:03.837+0000] {logging_mixin.py:190} INFO - [2025-03-10T21:16:03.837+0000] {dag.py:3239} INFO - Sync 1 DAGs
[2025-03-10T21:16:03.859+0000] {logging_mixin.py:190} INFO - [2025-03-10T21:16:03.859+0000] {dag.py:4180} INFO - Setting next_dagrun for example_sla_dag to 2025-03-10 21:14:00+00:00, run_after=2025-03-10 21:16:00+00:00
[2025-03-10T21:16:03.876+0000] {processor.py:208} INFO - Processing /home/airflow/.local/lib/python3.12/site-packages/airflow/example_dags/example_sla_dag.py took 0.076 seconds
[2025-03-10T21:16:34.633+0000] {processor.py:186} INFO - Started process (PID=1541) to work on /home/airflow/.local/lib/python3.12/site-packages/airflow/example_dags/example_sla_dag.py
[2025-03-10T21:16:34.634+0000] {processor.py:914} INFO - Processing file /home/airflow/.local/lib/python3.12/site-packages/airflow/example_dags/example_sla_dag.py for tasks to queue
[2025-03-10T21:16:34.635+0000] {logging_mixin.py:190} INFO - [2025-03-10T21:16:34.635+0000] {dagbag.py:588} INFO - Filling up the DagBag from /home/airflow/.local/lib/python3.12/site-packages/airflow/example_dags/example_sla_dag.py
[2025-03-10T21:16:34.643+0000] {processor.py:925} INFO - DAG(s) 'example_sla_dag' retrieved from /home/airflow/.local/lib/python3.12/site-packages/airflow/example_dags/example_sla_dag.py
[2025-03-10T21:16:34.657+0000] {logging_mixin.py:190} INFO - [2025-03-10T21:16:34.657+0000] {dag.py:3239} INFO - Sync 1 DAGs
[2025-03-10T21:16:34.676+0000] {logging_mixin.py:190} INFO - [2025-03-10T21:16:34.676+0000] {dag.py:4180} INFO - Setting next_dagrun for example_sla_dag to 2025-03-10 21:14:00+00:00, run_after=2025-03-10 21:16:00+00:00
[2025-03-10T21:16:34.700+0000] {processor.py:208} INFO - Processing /home/airflow/.local/lib/python3.12/site-packages/airflow/example_dags/example_sla_dag.py took 0.072 seconds
[2025-03-10T21:17:05.144+0000] {processor.py:186} INFO - Started process (PID=1605) to work on /home/airflow/.local/lib/python3.12/site-packages/airflow/example_dags/example_sla_dag.py
[2025-03-10T21:17:05.145+0000] {processor.py:914} INFO - Processing file /home/airflow/.local/lib/python3.12/site-packages/airflow/example_dags/example_sla_dag.py for tasks to queue
[2025-03-10T21:17:05.147+0000] {logging_mixin.py:190} INFO - [2025-03-10T21:17:05.147+0000] {dagbag.py:588} INFO - Filling up the DagBag from /home/airflow/.local/lib/python3.12/site-packages/airflow/example_dags/example_sla_dag.py
[2025-03-10T21:17:05.154+0000] {processor.py:925} INFO - DAG(s) 'example_sla_dag' retrieved from /home/airflow/.local/lib/python3.12/site-packages/airflow/example_dags/example_sla_dag.py
[2025-03-10T21:17:05.169+0000] {logging_mixin.py:190} INFO - [2025-03-10T21:17:05.168+0000] {dag.py:3239} INFO - Sync 1 DAGs
[2025-03-10T21:17:05.188+0000] {logging_mixin.py:190} INFO - [2025-03-10T21:17:05.188+0000] {dag.py:4180} INFO - Setting next_dagrun for example_sla_dag to 2025-03-10 21:14:00+00:00, run_after=2025-03-10 21:16:00+00:00
[2025-03-10T21:17:05.201+0000] {processor.py:208} INFO - Processing /home/airflow/.local/lib/python3.12/site-packages/airflow/example_dags/example_sla_dag.py took 0.061 seconds
[2025-03-10T21:17:35.919+0000] {processor.py:186} INFO - Started process (PID=1669) to work on /home/airflow/.local/lib/python3.12/site-packages/airflow/example_dags/example_sla_dag.py
[2025-03-10T21:17:35.920+0000] {processor.py:914} INFO - Processing file /home/airflow/.local/lib/python3.12/site-packages/airflow/example_dags/example_sla_dag.py for tasks to queue
[2025-03-10T21:17:35.922+0000] {logging_mixin.py:190} INFO - [2025-03-10T21:17:35.922+0000] {dagbag.py:588} INFO - Filling up the DagBag from /home/airflow/.local/lib/python3.12/site-packages/airflow/example_dags/example_sla_dag.py
[2025-03-10T21:17:35.930+0000] {processor.py:925} INFO - DAG(s) 'example_sla_dag' retrieved from /home/airflow/.local/lib/python3.12/site-packages/airflow/example_dags/example_sla_dag.py
[2025-03-10T21:17:35.946+0000] {logging_mixin.py:190} INFO - [2025-03-10T21:17:35.946+0000] {dag.py:3239} INFO - Sync 1 DAGs
[2025-03-10T21:17:35.969+0000] {logging_mixin.py:190} INFO - [2025-03-10T21:17:35.969+0000] {dag.py:4180} INFO - Setting next_dagrun for example_sla_dag to 2025-03-10 21:14:00+00:00, run_after=2025-03-10 21:16:00+00:00
[2025-03-10T21:17:35.986+0000] {processor.py:208} INFO - Processing /home/airflow/.local/lib/python3.12/site-packages/airflow/example_dags/example_sla_dag.py took 0.071 seconds
[2025-03-10T21:18:06.713+0000] {processor.py:186} INFO - Started process (PID=1733) to work on /home/airflow/.local/lib/python3.12/site-packages/airflow/example_dags/example_sla_dag.py
[2025-03-10T21:18:06.715+0000] {processor.py:914} INFO - Processing file /home/airflow/.local/lib/python3.12/site-packages/airflow/example_dags/example_sla_dag.py for tasks to queue
[2025-03-10T21:18:06.720+0000] {logging_mixin.py:190} INFO - [2025-03-10T21:18:06.719+0000] {dagbag.py:588} INFO - Filling up the DagBag from /home/airflow/.local/lib/python3.12/site-packages/airflow/example_dags/example_sla_dag.py
[2025-03-10T21:18:06.731+0000] {processor.py:925} INFO - DAG(s) 'example_sla_dag' retrieved from /home/airflow/.local/lib/python3.12/site-packages/airflow/example_dags/example_sla_dag.py
[2025-03-10T21:18:06.747+0000] {logging_mixin.py:190} INFO - [2025-03-10T21:18:06.747+0000] {dag.py:3239} INFO - Sync 1 DAGs
[2025-03-10T21:18:06.767+0000] {logging_mixin.py:190} INFO - [2025-03-10T21:18:06.767+0000] {dag.py:4180} INFO - Setting next_dagrun for example_sla_dag to 2025-03-10 21:16:00+00:00, run_after=2025-03-10 21:18:00+00:00
[2025-03-10T21:18:06.781+0000] {processor.py:208} INFO - Processing /home/airflow/.local/lib/python3.12/site-packages/airflow/example_dags/example_sla_dag.py took 0.078 seconds
[2025-03-10T21:18:37.148+0000] {processor.py:186} INFO - Started process (PID=1797) to work on /home/airflow/.local/lib/python3.12/site-packages/airflow/example_dags/example_sla_dag.py
[2025-03-10T21:18:37.149+0000] {processor.py:914} INFO - Processing file /home/airflow/.local/lib/python3.12/site-packages/airflow/example_dags/example_sla_dag.py for tasks to queue
[2025-03-10T21:18:37.152+0000] {logging_mixin.py:190} INFO - [2025-03-10T21:18:37.151+0000] {dagbag.py:588} INFO - Filling up the DagBag from /home/airflow/.local/lib/python3.12/site-packages/airflow/example_dags/example_sla_dag.py
[2025-03-10T21:18:37.165+0000] {processor.py:925} INFO - DAG(s) 'example_sla_dag' retrieved from /home/airflow/.local/lib/python3.12/site-packages/airflow/example_dags/example_sla_dag.py
[2025-03-10T21:18:37.185+0000] {logging_mixin.py:190} INFO - [2025-03-10T21:18:37.185+0000] {dag.py:3239} INFO - Sync 1 DAGs
[2025-03-10T21:18:37.205+0000] {logging_mixin.py:190} INFO - [2025-03-10T21:18:37.205+0000] {dag.py:4180} INFO - Setting next_dagrun for example_sla_dag to 2025-03-10 21:16:00+00:00, run_after=2025-03-10 21:18:00+00:00
[2025-03-10T21:18:37.221+0000] {processor.py:208} INFO - Processing /home/airflow/.local/lib/python3.12/site-packages/airflow/example_dags/example_sla_dag.py took 0.083 seconds
[2025-03-10T21:19:07.281+0000] {processor.py:186} INFO - Started process (PID=1861) to work on /home/airflow/.local/lib/python3.12/site-packages/airflow/example_dags/example_sla_dag.py
[2025-03-10T21:19:07.282+0000] {processor.py:914} INFO - Processing file /home/airflow/.local/lib/python3.12/site-packages/airflow/example_dags/example_sla_dag.py for tasks to queue
[2025-03-10T21:19:07.285+0000] {logging_mixin.py:190} INFO - [2025-03-10T21:19:07.284+0000] {dagbag.py:588} INFO - Filling up the DagBag from /home/airflow/.local/lib/python3.12/site-packages/airflow/example_dags/example_sla_dag.py
[2025-03-10T21:19:07.294+0000] {processor.py:925} INFO - DAG(s) 'example_sla_dag' retrieved from /home/airflow/.local/lib/python3.12/site-packages/airflow/example_dags/example_sla_dag.py
[2025-03-10T21:19:07.309+0000] {logging_mixin.py:190} INFO - [2025-03-10T21:19:07.309+0000] {dag.py:3239} INFO - Sync 1 DAGs
[2025-03-10T21:19:07.328+0000] {logging_mixin.py:190} INFO - [2025-03-10T21:19:07.328+0000] {dag.py:4180} INFO - Setting next_dagrun for example_sla_dag to 2025-03-10 21:16:00+00:00, run_after=2025-03-10 21:18:00+00:00
[2025-03-10T21:19:07.341+0000] {processor.py:208} INFO - Processing /home/airflow/.local/lib/python3.12/site-packages/airflow/example_dags/example_sla_dag.py took 0.065 seconds
[2025-03-10T21:19:38.053+0000] {processor.py:186} INFO - Started process (PID=1926) to work on /home/airflow/.local/lib/python3.12/site-packages/airflow/example_dags/example_sla_dag.py
[2025-03-10T21:19:38.054+0000] {processor.py:914} INFO - Processing file /home/airflow/.local/lib/python3.12/site-packages/airflow/example_dags/example_sla_dag.py for tasks to queue
[2025-03-10T21:19:38.056+0000] {logging_mixin.py:190} INFO - [2025-03-10T21:19:38.056+0000] {dagbag.py:588} INFO - Filling up the DagBag from /home/airflow/.local/lib/python3.12/site-packages/airflow/example_dags/example_sla_dag.py
[2025-03-10T21:19:38.064+0000] {processor.py:925} INFO - DAG(s) 'example_sla_dag' retrieved from /home/airflow/.local/lib/python3.12/site-packages/airflow/example_dags/example_sla_dag.py
[2025-03-10T21:19:38.078+0000] {logging_mixin.py:190} INFO - [2025-03-10T21:19:38.078+0000] {dag.py:3239} INFO - Sync 1 DAGs
[2025-03-10T21:19:38.099+0000] {logging_mixin.py:190} INFO - [2025-03-10T21:19:38.099+0000] {dag.py:4180} INFO - Setting next_dagrun for example_sla_dag to 2025-03-10 21:16:00+00:00, run_after=2025-03-10 21:18:00+00:00
[2025-03-10T21:19:38.113+0000] {processor.py:208} INFO - Processing /home/airflow/.local/lib/python3.12/site-packages/airflow/example_dags/example_sla_dag.py took 0.064 seconds
[2025-03-10T21:20:08.620+0000] {processor.py:186} INFO - Started process (PID=1990) to work on /home/airflow/.local/lib/python3.12/site-packages/airflow/example_dags/example_sla_dag.py
[2025-03-10T21:20:08.621+0000] {processor.py:914} INFO - Processing file /home/airflow/.local/lib/python3.12/site-packages/airflow/example_dags/example_sla_dag.py for tasks to queue
[2025-03-10T21:20:08.624+0000] {logging_mixin.py:190} INFO - [2025-03-10T21:20:08.623+0000] {dagbag.py:588} INFO - Filling up the DagBag from /home/airflow/.local/lib/python3.12/site-packages/airflow/example_dags/example_sla_dag.py
[2025-03-10T21:20:08.632+0000] {processor.py:925} INFO - DAG(s) 'example_sla_dag' retrieved from /home/airflow/.local/lib/python3.12/site-packages/airflow/example_dags/example_sla_dag.py
[2025-03-10T21:20:08.649+0000] {logging_mixin.py:190} INFO - [2025-03-10T21:20:08.649+0000] {dag.py:3239} INFO - Sync 1 DAGs
[2025-03-10T21:20:08.670+0000] {logging_mixin.py:190} INFO - [2025-03-10T21:20:08.670+0000] {dag.py:4180} INFO - Setting next_dagrun for example_sla_dag to 2025-03-10 21:18:00+00:00, run_after=2025-03-10 21:20:00+00:00
[2025-03-10T21:20:08.684+0000] {processor.py:208} INFO - Processing /home/airflow/.local/lib/python3.12/site-packages/airflow/example_dags/example_sla_dag.py took 0.069 seconds
[2025-03-10T21:20:39.592+0000] {processor.py:186} INFO - Started process (PID=2054) to work on /home/airflow/.local/lib/python3.12/site-packages/airflow/example_dags/example_sla_dag.py
[2025-03-10T21:20:39.592+0000] {processor.py:914} INFO - Processing file /home/airflow/.local/lib/python3.12/site-packages/airflow/example_dags/example_sla_dag.py for tasks to queue
[2025-03-10T21:20:39.594+0000] {logging_mixin.py:190} INFO - [2025-03-10T21:20:39.594+0000] {dagbag.py:588} INFO - Filling up the DagBag from /home/airflow/.local/lib/python3.12/site-packages/airflow/example_dags/example_sla_dag.py
[2025-03-10T21:20:39.604+0000] {processor.py:925} INFO - DAG(s) 'example_sla_dag' retrieved from /home/airflow/.local/lib/python3.12/site-packages/airflow/example_dags/example_sla_dag.py
[2025-03-10T21:20:39.622+0000] {logging_mixin.py:190} INFO - [2025-03-10T21:20:39.621+0000] {dag.py:3239} INFO - Sync 1 DAGs
[2025-03-10T21:20:39.644+0000] {logging_mixin.py:190} INFO - [2025-03-10T21:20:39.644+0000] {dag.py:4180} INFO - Setting next_dagrun for example_sla_dag to 2025-03-10 21:18:00+00:00, run_after=2025-03-10 21:20:00+00:00
[2025-03-10T21:20:39.663+0000] {processor.py:208} INFO - Processing /home/airflow/.local/lib/python3.12/site-packages/airflow/example_dags/example_sla_dag.py took 0.077 seconds
[2025-03-10T21:21:10.594+0000] {processor.py:186} INFO - Started process (PID=2118) to work on /home/airflow/.local/lib/python3.12/site-packages/airflow/example_dags/example_sla_dag.py
[2025-03-10T21:21:10.595+0000] {processor.py:914} INFO - Processing file /home/airflow/.local/lib/python3.12/site-packages/airflow/example_dags/example_sla_dag.py for tasks to queue
[2025-03-10T21:21:10.598+0000] {logging_mixin.py:190} INFO - [2025-03-10T21:21:10.598+0000] {dagbag.py:588} INFO - Filling up the DagBag from /home/airflow/.local/lib/python3.12/site-packages/airflow/example_dags/example_sla_dag.py
[2025-03-10T21:21:10.611+0000] {processor.py:925} INFO - DAG(s) 'example_sla_dag' retrieved from /home/airflow/.local/lib/python3.12/site-packages/airflow/example_dags/example_sla_dag.py
[2025-03-10T21:21:10.628+0000] {logging_mixin.py:190} INFO - [2025-03-10T21:21:10.628+0000] {dag.py:3239} INFO - Sync 1 DAGs
[2025-03-10T21:21:10.648+0000] {logging_mixin.py:190} INFO - [2025-03-10T21:21:10.648+0000] {dag.py:4180} INFO - Setting next_dagrun for example_sla_dag to 2025-03-10 21:18:00+00:00, run_after=2025-03-10 21:20:00+00:00
[2025-03-10T21:21:10.661+0000] {processor.py:208} INFO - Processing /home/airflow/.local/lib/python3.12/site-packages/airflow/example_dags/example_sla_dag.py took 0.075 seconds
[2025-03-10T21:21:41.088+0000] {processor.py:186} INFO - Started process (PID=2182) to work on /home/airflow/.local/lib/python3.12/site-packages/airflow/example_dags/example_sla_dag.py
[2025-03-10T21:21:41.090+0000] {processor.py:914} INFO - Processing file /home/airflow/.local/lib/python3.12/site-packages/airflow/example_dags/example_sla_dag.py for tasks to queue
[2025-03-10T21:21:41.093+0000] {logging_mixin.py:190} INFO - [2025-03-10T21:21:41.092+0000] {dagbag.py:588} INFO - Filling up the DagBag from /home/airflow/.local/lib/python3.12/site-packages/airflow/example_dags/example_sla_dag.py
[2025-03-10T21:21:41.103+0000] {processor.py:925} INFO - DAG(s) 'example_sla_dag' retrieved from /home/airflow/.local/lib/python3.12/site-packages/airflow/example_dags/example_sla_dag.py
[2025-03-10T21:21:41.124+0000] {logging_mixin.py:190} INFO - [2025-03-10T21:21:41.124+0000] {dag.py:3239} INFO - Sync 1 DAGs
[2025-03-10T21:21:41.145+0000] {logging_mixin.py:190} INFO - [2025-03-10T21:21:41.144+0000] {dag.py:4180} INFO - Setting next_dagrun for example_sla_dag to 2025-03-10 21:18:00+00:00, run_after=2025-03-10 21:20:00+00:00
[2025-03-10T21:21:41.160+0000] {processor.py:208} INFO - Processing /home/airflow/.local/lib/python3.12/site-packages/airflow/example_dags/example_sla_dag.py took 0.081 seconds
[2025-03-10T21:22:11.473+0000] {processor.py:186} INFO - Started process (PID=2246) to work on /home/airflow/.local/lib/python3.12/site-packages/airflow/example_dags/example_sla_dag.py
[2025-03-10T21:22:11.475+0000] {processor.py:914} INFO - Processing file /home/airflow/.local/lib/python3.12/site-packages/airflow/example_dags/example_sla_dag.py for tasks to queue
[2025-03-10T21:22:11.478+0000] {logging_mixin.py:190} INFO - [2025-03-10T21:22:11.478+0000] {dagbag.py:588} INFO - Filling up the DagBag from /home/airflow/.local/lib/python3.12/site-packages/airflow/example_dags/example_sla_dag.py
[2025-03-10T21:22:11.489+0000] {processor.py:925} INFO - DAG(s) 'example_sla_dag' retrieved from /home/airflow/.local/lib/python3.12/site-packages/airflow/example_dags/example_sla_dag.py
[2025-03-10T21:22:11.505+0000] {logging_mixin.py:190} INFO - [2025-03-10T21:22:11.505+0000] {dag.py:3239} INFO - Sync 1 DAGs
[2025-03-10T21:22:11.525+0000] {logging_mixin.py:190} INFO - [2025-03-10T21:22:11.524+0000] {dag.py:4180} INFO - Setting next_dagrun for example_sla_dag to 2025-03-10 21:20:00+00:00, run_after=2025-03-10 21:22:00+00:00
[2025-03-10T21:22:11.539+0000] {processor.py:208} INFO - Processing /home/airflow/.local/lib/python3.12/site-packages/airflow/example_dags/example_sla_dag.py took 0.076 seconds
[2025-03-10T21:22:41.819+0000] {processor.py:186} INFO - Started process (PID=2310) to work on /home/airflow/.local/lib/python3.12/site-packages/airflow/example_dags/example_sla_dag.py
[2025-03-10T21:22:41.820+0000] {processor.py:914} INFO - Processing file /home/airflow/.local/lib/python3.12/site-packages/airflow/example_dags/example_sla_dag.py for tasks to queue
[2025-03-10T21:22:41.821+0000] {logging_mixin.py:190} INFO - [2025-03-10T21:22:41.821+0000] {dagbag.py:588} INFO - Filling up the DagBag from /home/airflow/.local/lib/python3.12/site-packages/airflow/example_dags/example_sla_dag.py
[2025-03-10T21:22:41.830+0000] {processor.py:925} INFO - DAG(s) 'example_sla_dag' retrieved from /home/airflow/.local/lib/python3.12/site-packages/airflow/example_dags/example_sla_dag.py
[2025-03-10T21:22:41.845+0000] {logging_mixin.py:190} INFO - [2025-03-10T21:22:41.845+0000] {dag.py:3239} INFO - Sync 1 DAGs
[2025-03-10T21:22:41.872+0000] {logging_mixin.py:190} INFO - [2025-03-10T21:22:41.871+0000] {dag.py:4180} INFO - Setting next_dagrun for example_sla_dag to 2025-03-10 21:20:00+00:00, run_after=2025-03-10 21:22:00+00:00
[2025-03-10T21:22:41.890+0000] {processor.py:208} INFO - Processing /home/airflow/.local/lib/python3.12/site-packages/airflow/example_dags/example_sla_dag.py took 0.079 seconds
[2025-03-10T21:23:12.330+0000] {processor.py:186} INFO - Started process (PID=2374) to work on /home/airflow/.local/lib/python3.12/site-packages/airflow/example_dags/example_sla_dag.py
[2025-03-10T21:23:12.331+0000] {processor.py:914} INFO - Processing file /home/airflow/.local/lib/python3.12/site-packages/airflow/example_dags/example_sla_dag.py for tasks to queue
[2025-03-10T21:23:12.334+0000] {logging_mixin.py:190} INFO - [2025-03-10T21:23:12.334+0000] {dagbag.py:588} INFO - Filling up the DagBag from /home/airflow/.local/lib/python3.12/site-packages/airflow/example_dags/example_sla_dag.py
[2025-03-10T21:23:12.344+0000] {processor.py:925} INFO - DAG(s) 'example_sla_dag' retrieved from /home/airflow/.local/lib/python3.12/site-packages/airflow/example_dags/example_sla_dag.py
[2025-03-10T21:23:12.364+0000] {logging_mixin.py:190} INFO - [2025-03-10T21:23:12.364+0000] {dag.py:3239} INFO - Sync 1 DAGs
[2025-03-10T21:23:12.389+0000] {logging_mixin.py:190} INFO - [2025-03-10T21:23:12.389+0000] {dag.py:4180} INFO - Setting next_dagrun for example_sla_dag to 2025-03-10 21:20:00+00:00, run_after=2025-03-10 21:22:00+00:00
[2025-03-10T21:23:12.409+0000] {processor.py:208} INFO - Processing /home/airflow/.local/lib/python3.12/site-packages/airflow/example_dags/example_sla_dag.py took 0.084 seconds
[2025-03-10T21:23:42.634+0000] {processor.py:186} INFO - Started process (PID=2438) to work on /home/airflow/.local/lib/python3.12/site-packages/airflow/example_dags/example_sla_dag.py
[2025-03-10T21:23:42.635+0000] {processor.py:914} INFO - Processing file /home/airflow/.local/lib/python3.12/site-packages/airflow/example_dags/example_sla_dag.py for tasks to queue
[2025-03-10T21:23:42.639+0000] {logging_mixin.py:190} INFO - [2025-03-10T21:23:42.638+0000] {dagbag.py:588} INFO - Filling up the DagBag from /home/airflow/.local/lib/python3.12/site-packages/airflow/example_dags/example_sla_dag.py
[2025-03-10T21:23:42.650+0000] {processor.py:925} INFO - DAG(s) 'example_sla_dag' retrieved from /home/airflow/.local/lib/python3.12/site-packages/airflow/example_dags/example_sla_dag.py
[2025-03-10T21:23:42.676+0000] {logging_mixin.py:190} INFO - [2025-03-10T21:23:42.676+0000] {dag.py:3239} INFO - Sync 1 DAGs
[2025-03-10T21:23:42.708+0000] {logging_mixin.py:190} INFO - [2025-03-10T21:23:42.708+0000] {dag.py:4180} INFO - Setting next_dagrun for example_sla_dag to 2025-03-10 21:20:00+00:00, run_after=2025-03-10 21:22:00+00:00
[2025-03-10T21:23:42.728+0000] {processor.py:208} INFO - Processing /home/airflow/.local/lib/python3.12/site-packages/airflow/example_dags/example_sla_dag.py took 0.101 seconds
[2025-03-10T21:24:13.421+0000] {processor.py:186} INFO - Started process (PID=2502) to work on /home/airflow/.local/lib/python3.12/site-packages/airflow/example_dags/example_sla_dag.py
[2025-03-10T21:24:13.422+0000] {processor.py:914} INFO - Processing file /home/airflow/.local/lib/python3.12/site-packages/airflow/example_dags/example_sla_dag.py for tasks to queue
[2025-03-10T21:24:13.424+0000] {logging_mixin.py:190} INFO - [2025-03-10T21:24:13.424+0000] {dagbag.py:588} INFO - Filling up the DagBag from /home/airflow/.local/lib/python3.12/site-packages/airflow/example_dags/example_sla_dag.py
[2025-03-10T21:24:13.432+0000] {processor.py:925} INFO - DAG(s) 'example_sla_dag' retrieved from /home/airflow/.local/lib/python3.12/site-packages/airflow/example_dags/example_sla_dag.py
[2025-03-10T21:24:13.446+0000] {logging_mixin.py:190} INFO - [2025-03-10T21:24:13.446+0000] {dag.py:3239} INFO - Sync 1 DAGs
[2025-03-10T21:24:13.466+0000] {logging_mixin.py:190} INFO - [2025-03-10T21:24:13.466+0000] {dag.py:4180} INFO - Setting next_dagrun for example_sla_dag to 2025-03-10 21:22:00+00:00, run_after=2025-03-10 21:24:00+00:00
[2025-03-10T21:24:13.482+0000] {processor.py:208} INFO - Processing /home/airflow/.local/lib/python3.12/site-packages/airflow/example_dags/example_sla_dag.py took 0.066 seconds
[2025-03-10T21:24:43.903+0000] {processor.py:186} INFO - Started process (PID=2566) to work on /home/airflow/.local/lib/python3.12/site-packages/airflow/example_dags/example_sla_dag.py
[2025-03-10T21:24:43.904+0000] {processor.py:914} INFO - Processing file /home/airflow/.local/lib/python3.12/site-packages/airflow/example_dags/example_sla_dag.py for tasks to queue
[2025-03-10T21:24:43.905+0000] {logging_mixin.py:190} INFO - [2025-03-10T21:24:43.905+0000] {dagbag.py:588} INFO - Filling up the DagBag from /home/airflow/.local/lib/python3.12/site-packages/airflow/example_dags/example_sla_dag.py
[2025-03-10T21:24:43.914+0000] {processor.py:925} INFO - DAG(s) 'example_sla_dag' retrieved from /home/airflow/.local/lib/python3.12/site-packages/airflow/example_dags/example_sla_dag.py
[2025-03-10T21:24:43.928+0000] {logging_mixin.py:190} INFO - [2025-03-10T21:24:43.928+0000] {dag.py:3239} INFO - Sync 1 DAGs
[2025-03-10T21:24:43.948+0000] {logging_mixin.py:190} INFO - [2025-03-10T21:24:43.948+0000] {dag.py:4180} INFO - Setting next_dagrun for example_sla_dag to 2025-03-10 21:22:00+00:00, run_after=2025-03-10 21:24:00+00:00
[2025-03-10T21:24:43.961+0000] {processor.py:208} INFO - Processing /home/airflow/.local/lib/python3.12/site-packages/airflow/example_dags/example_sla_dag.py took 0.063 seconds
[2025-03-10T21:25:14.231+0000] {processor.py:186} INFO - Started process (PID=2630) to work on /home/airflow/.local/lib/python3.12/site-packages/airflow/example_dags/example_sla_dag.py
[2025-03-10T21:25:14.232+0000] {processor.py:914} INFO - Processing file /home/airflow/.local/lib/python3.12/site-packages/airflow/example_dags/example_sla_dag.py for tasks to queue
[2025-03-10T21:25:14.234+0000] {logging_mixin.py:190} INFO - [2025-03-10T21:25:14.234+0000] {dagbag.py:588} INFO - Filling up the DagBag from /home/airflow/.local/lib/python3.12/site-packages/airflow/example_dags/example_sla_dag.py
[2025-03-10T21:25:14.245+0000] {processor.py:925} INFO - DAG(s) 'example_sla_dag' retrieved from /home/airflow/.local/lib/python3.12/site-packages/airflow/example_dags/example_sla_dag.py
[2025-03-10T21:25:14.277+0000] {logging_mixin.py:190} INFO - [2025-03-10T21:25:14.277+0000] {dag.py:3239} INFO - Sync 1 DAGs
[2025-03-10T21:25:14.310+0000] {logging_mixin.py:190} INFO - [2025-03-10T21:25:14.310+0000] {dag.py:4180} INFO - Setting next_dagrun for example_sla_dag to 2025-03-10 21:22:00+00:00, run_after=2025-03-10 21:24:00+00:00
[2025-03-10T21:25:14.328+0000] {processor.py:208} INFO - Processing /home/airflow/.local/lib/python3.12/site-packages/airflow/example_dags/example_sla_dag.py took 0.103 seconds
[2025-03-10T21:25:44.949+0000] {processor.py:186} INFO - Started process (PID=2694) to work on /home/airflow/.local/lib/python3.12/site-packages/airflow/example_dags/example_sla_dag.py
[2025-03-10T21:25:44.950+0000] {processor.py:914} INFO - Processing file /home/airflow/.local/lib/python3.12/site-packages/airflow/example_dags/example_sla_dag.py for tasks to queue
[2025-03-10T21:25:44.951+0000] {logging_mixin.py:190} INFO - [2025-03-10T21:25:44.951+0000] {dagbag.py:588} INFO - Filling up the DagBag from /home/airflow/.local/lib/python3.12/site-packages/airflow/example_dags/example_sla_dag.py
[2025-03-10T21:25:44.960+0000] {processor.py:925} INFO - DAG(s) 'example_sla_dag' retrieved from /home/airflow/.local/lib/python3.12/site-packages/airflow/example_dags/example_sla_dag.py
[2025-03-10T21:25:44.976+0000] {logging_mixin.py:190} INFO - [2025-03-10T21:25:44.976+0000] {dag.py:3239} INFO - Sync 1 DAGs
[2025-03-10T21:25:45.000+0000] {logging_mixin.py:190} INFO - [2025-03-10T21:25:45.000+0000] {dag.py:4180} INFO - Setting next_dagrun for example_sla_dag to 2025-03-10 21:22:00+00:00, run_after=2025-03-10 21:24:00+00:00
[2025-03-10T21:25:45.016+0000] {processor.py:208} INFO - Processing /home/airflow/.local/lib/python3.12/site-packages/airflow/example_dags/example_sla_dag.py took 0.073 seconds
[2025-03-10T21:26:15.699+0000] {processor.py:186} INFO - Started process (PID=2759) to work on /home/airflow/.local/lib/python3.12/site-packages/airflow/example_dags/example_sla_dag.py
[2025-03-10T21:26:15.700+0000] {processor.py:914} INFO - Processing file /home/airflow/.local/lib/python3.12/site-packages/airflow/example_dags/example_sla_dag.py for tasks to queue
[2025-03-10T21:26:15.701+0000] {logging_mixin.py:190} INFO - [2025-03-10T21:26:15.701+0000] {dagbag.py:588} INFO - Filling up the DagBag from /home/airflow/.local/lib/python3.12/site-packages/airflow/example_dags/example_sla_dag.py
[2025-03-10T21:26:15.710+0000] {processor.py:925} INFO - DAG(s) 'example_sla_dag' retrieved from /home/airflow/.local/lib/python3.12/site-packages/airflow/example_dags/example_sla_dag.py
[2025-03-10T21:26:15.733+0000] {logging_mixin.py:190} INFO - [2025-03-10T21:26:15.732+0000] {dag.py:3239} INFO - Sync 1 DAGs
[2025-03-10T21:26:15.766+0000] {logging_mixin.py:190} INFO - [2025-03-10T21:26:15.766+0000] {dag.py:4180} INFO - Setting next_dagrun for example_sla_dag to 2025-03-10 21:24:00+00:00, run_after=2025-03-10 21:26:00+00:00
[2025-03-10T21:26:15.790+0000] {processor.py:208} INFO - Processing /home/airflow/.local/lib/python3.12/site-packages/airflow/example_dags/example_sla_dag.py took 0.096 seconds
[2025-03-10T21:26:46.662+0000] {processor.py:186} INFO - Started process (PID=2823) to work on /home/airflow/.local/lib/python3.12/site-packages/airflow/example_dags/example_sla_dag.py
[2025-03-10T21:26:46.664+0000] {processor.py:914} INFO - Processing file /home/airflow/.local/lib/python3.12/site-packages/airflow/example_dags/example_sla_dag.py for tasks to queue
[2025-03-10T21:26:46.669+0000] {logging_mixin.py:190} INFO - [2025-03-10T21:26:46.668+0000] {dagbag.py:588} INFO - Filling up the DagBag from /home/airflow/.local/lib/python3.12/site-packages/airflow/example_dags/example_sla_dag.py
[2025-03-10T21:26:46.681+0000] {processor.py:925} INFO - DAG(s) 'example_sla_dag' retrieved from /home/airflow/.local/lib/python3.12/site-packages/airflow/example_dags/example_sla_dag.py
[2025-03-10T21:26:46.700+0000] {logging_mixin.py:190} INFO - [2025-03-10T21:26:46.700+0000] {dag.py:3239} INFO - Sync 1 DAGs
[2025-03-10T21:26:46.726+0000] {logging_mixin.py:190} INFO - [2025-03-10T21:26:46.726+0000] {dag.py:4180} INFO - Setting next_dagrun for example_sla_dag to 2025-03-10 21:24:00+00:00, run_after=2025-03-10 21:26:00+00:00
[2025-03-10T21:26:46.745+0000] {processor.py:208} INFO - Processing /home/airflow/.local/lib/python3.12/site-packages/airflow/example_dags/example_sla_dag.py took 0.088 seconds
[2025-03-10T21:27:16.938+0000] {processor.py:186} INFO - Started process (PID=2887) to work on /home/airflow/.local/lib/python3.12/site-packages/airflow/example_dags/example_sla_dag.py
[2025-03-10T21:27:16.939+0000] {processor.py:914} INFO - Processing file /home/airflow/.local/lib/python3.12/site-packages/airflow/example_dags/example_sla_dag.py for tasks to queue
[2025-03-10T21:27:16.942+0000] {logging_mixin.py:190} INFO - [2025-03-10T21:27:16.941+0000] {dagbag.py:588} INFO - Filling up the DagBag from /home/airflow/.local/lib/python3.12/site-packages/airflow/example_dags/example_sla_dag.py
[2025-03-10T21:27:16.953+0000] {processor.py:925} INFO - DAG(s) 'example_sla_dag' retrieved from /home/airflow/.local/lib/python3.12/site-packages/airflow/example_dags/example_sla_dag.py
[2025-03-10T21:27:16.969+0000] {logging_mixin.py:190} INFO - [2025-03-10T21:27:16.969+0000] {dag.py:3239} INFO - Sync 1 DAGs
[2025-03-10T21:27:16.993+0000] {logging_mixin.py:190} INFO - [2025-03-10T21:27:16.993+0000] {dag.py:4180} INFO - Setting next_dagrun for example_sla_dag to 2025-03-10 21:24:00+00:00, run_after=2025-03-10 21:26:00+00:00
[2025-03-10T21:27:17.012+0000] {processor.py:208} INFO - Processing /home/airflow/.local/lib/python3.12/site-packages/airflow/example_dags/example_sla_dag.py took 0.081 seconds
[2025-03-10T21:28:04.059+0000] {processor.py:186} INFO - Started process (PID=2958) to work on /home/airflow/.local/lib/python3.12/site-packages/airflow/example_dags/example_sla_dag.py
[2025-03-10T21:28:04.060+0000] {processor.py:914} INFO - Processing file /home/airflow/.local/lib/python3.12/site-packages/airflow/example_dags/example_sla_dag.py for tasks to queue
[2025-03-10T21:28:04.062+0000] {logging_mixin.py:190} INFO - [2025-03-10T21:28:04.062+0000] {dagbag.py:588} INFO - Filling up the DagBag from /home/airflow/.local/lib/python3.12/site-packages/airflow/example_dags/example_sla_dag.py
[2025-03-10T21:28:04.076+0000] {processor.py:925} INFO - DAG(s) 'example_sla_dag' retrieved from /home/airflow/.local/lib/python3.12/site-packages/airflow/example_dags/example_sla_dag.py
[2025-03-10T21:28:04.227+0000] {logging_mixin.py:190} INFO - [2025-03-10T21:28:04.227+0000] {dag.py:3239} INFO - Sync 1 DAGs
[2025-03-10T21:28:04.296+0000] {logging_mixin.py:190} INFO - [2025-03-10T21:28:04.296+0000] {dag.py:4180} INFO - Setting next_dagrun for example_sla_dag to 2025-03-10 21:26:00+00:00, run_after=2025-03-10 21:28:00+00:00
[2025-03-10T21:28:04.372+0000] {processor.py:208} INFO - Processing /home/airflow/.local/lib/python3.12/site-packages/airflow/example_dags/example_sla_dag.py took 0.319 seconds
[2025-03-10T21:28:46.344+0000] {processor.py:186} INFO - Started process (PID=3022) to work on /home/airflow/.local/lib/python3.12/site-packages/airflow/example_dags/example_sla_dag.py
[2025-03-10T21:28:46.346+0000] {processor.py:914} INFO - Processing file /home/airflow/.local/lib/python3.12/site-packages/airflow/example_dags/example_sla_dag.py for tasks to queue
[2025-03-10T21:28:46.348+0000] {logging_mixin.py:190} INFO - [2025-03-10T21:28:46.348+0000] {dagbag.py:588} INFO - Filling up the DagBag from /home/airflow/.local/lib/python3.12/site-packages/airflow/example_dags/example_sla_dag.py
[2025-03-10T21:28:46.361+0000] {processor.py:925} INFO - DAG(s) 'example_sla_dag' retrieved from /home/airflow/.local/lib/python3.12/site-packages/airflow/example_dags/example_sla_dag.py
[2025-03-10T21:28:46.384+0000] {logging_mixin.py:190} INFO - [2025-03-10T21:28:46.383+0000] {dag.py:3239} INFO - Sync 1 DAGs
[2025-03-10T21:28:46.413+0000] {logging_mixin.py:190} INFO - [2025-03-10T21:28:46.412+0000] {dag.py:4180} INFO - Setting next_dagrun for example_sla_dag to 2025-03-10 21:26:00+00:00, run_after=2025-03-10 21:28:00+00:00
[2025-03-10T21:28:46.434+0000] {processor.py:208} INFO - Processing /home/airflow/.local/lib/python3.12/site-packages/airflow/example_dags/example_sla_dag.py took 0.097 seconds
[2025-03-10T21:29:16.607+0000] {processor.py:186} INFO - Started process (PID=3076) to work on /home/airflow/.local/lib/python3.12/site-packages/airflow/example_dags/example_sla_dag.py
[2025-03-10T21:29:16.608+0000] {processor.py:914} INFO - Processing file /home/airflow/.local/lib/python3.12/site-packages/airflow/example_dags/example_sla_dag.py for tasks to queue
[2025-03-10T21:29:16.610+0000] {logging_mixin.py:190} INFO - [2025-03-10T21:29:16.609+0000] {dagbag.py:588} INFO - Filling up the DagBag from /home/airflow/.local/lib/python3.12/site-packages/airflow/example_dags/example_sla_dag.py
[2025-03-10T21:29:16.619+0000] {processor.py:925} INFO - DAG(s) 'example_sla_dag' retrieved from /home/airflow/.local/lib/python3.12/site-packages/airflow/example_dags/example_sla_dag.py
[2025-03-10T21:29:16.637+0000] {logging_mixin.py:190} INFO - [2025-03-10T21:29:16.637+0000] {dag.py:3239} INFO - Sync 1 DAGs
[2025-03-10T21:29:16.661+0000] {logging_mixin.py:190} INFO - [2025-03-10T21:29:16.660+0000] {dag.py:4180} INFO - Setting next_dagrun for example_sla_dag to 2025-03-10 21:26:00+00:00, run_after=2025-03-10 21:28:00+00:00
[2025-03-10T21:29:16.677+0000] {processor.py:208} INFO - Processing /home/airflow/.local/lib/python3.12/site-packages/airflow/example_dags/example_sla_dag.py took 0.076 seconds
[2025-03-10T21:29:46.802+0000] {processor.py:186} INFO - Started process (PID=3140) to work on /home/airflow/.local/lib/python3.12/site-packages/airflow/example_dags/example_sla_dag.py
[2025-03-10T21:29:46.803+0000] {processor.py:914} INFO - Processing file /home/airflow/.local/lib/python3.12/site-packages/airflow/example_dags/example_sla_dag.py for tasks to queue
[2025-03-10T21:29:46.805+0000] {logging_mixin.py:190} INFO - [2025-03-10T21:29:46.805+0000] {dagbag.py:588} INFO - Filling up the DagBag from /home/airflow/.local/lib/python3.12/site-packages/airflow/example_dags/example_sla_dag.py
[2025-03-10T21:29:46.815+0000] {processor.py:925} INFO - DAG(s) 'example_sla_dag' retrieved from /home/airflow/.local/lib/python3.12/site-packages/airflow/example_dags/example_sla_dag.py
[2025-03-10T21:29:46.833+0000] {logging_mixin.py:190} INFO - [2025-03-10T21:29:46.833+0000] {dag.py:3239} INFO - Sync 1 DAGs
[2025-03-10T21:29:46.861+0000] {logging_mixin.py:190} INFO - [2025-03-10T21:29:46.861+0000] {dag.py:4180} INFO - Setting next_dagrun for example_sla_dag to 2025-03-10 21:26:00+00:00, run_after=2025-03-10 21:28:00+00:00
[2025-03-10T21:29:46.885+0000] {processor.py:208} INFO - Processing /home/airflow/.local/lib/python3.12/site-packages/airflow/example_dags/example_sla_dag.py took 0.090 seconds
[2025-03-10T21:30:17.122+0000] {processor.py:186} INFO - Started process (PID=3194) to work on /home/airflow/.local/lib/python3.12/site-packages/airflow/example_dags/example_sla_dag.py
[2025-03-10T21:30:17.124+0000] {processor.py:914} INFO - Processing file /home/airflow/.local/lib/python3.12/site-packages/airflow/example_dags/example_sla_dag.py for tasks to queue
[2025-03-10T21:30:17.126+0000] {logging_mixin.py:190} INFO - [2025-03-10T21:30:17.126+0000] {dagbag.py:588} INFO - Filling up the DagBag from /home/airflow/.local/lib/python3.12/site-packages/airflow/example_dags/example_sla_dag.py
[2025-03-10T21:30:17.140+0000] {processor.py:925} INFO - DAG(s) 'example_sla_dag' retrieved from /home/airflow/.local/lib/python3.12/site-packages/airflow/example_dags/example_sla_dag.py
[2025-03-10T21:30:17.160+0000] {logging_mixin.py:190} INFO - [2025-03-10T21:30:17.160+0000] {dag.py:3239} INFO - Sync 1 DAGs
[2025-03-10T21:30:17.188+0000] {logging_mixin.py:190} INFO - [2025-03-10T21:30:17.188+0000] {dag.py:4180} INFO - Setting next_dagrun for example_sla_dag to 2025-03-10 21:28:00+00:00, run_after=2025-03-10 21:30:00+00:00
[2025-03-10T21:30:17.209+0000] {processor.py:208} INFO - Processing /home/airflow/.local/lib/python3.12/site-packages/airflow/example_dags/example_sla_dag.py took 0.094 seconds
[2025-03-10T21:30:47.396+0000] {processor.py:186} INFO - Started process (PID=3258) to work on /home/airflow/.local/lib/python3.12/site-packages/airflow/example_dags/example_sla_dag.py
[2025-03-10T21:30:47.397+0000] {processor.py:914} INFO - Processing file /home/airflow/.local/lib/python3.12/site-packages/airflow/example_dags/example_sla_dag.py for tasks to queue
[2025-03-10T21:30:47.400+0000] {logging_mixin.py:190} INFO - [2025-03-10T21:30:47.400+0000] {dagbag.py:588} INFO - Filling up the DagBag from /home/airflow/.local/lib/python3.12/site-packages/airflow/example_dags/example_sla_dag.py
[2025-03-10T21:30:47.417+0000] {processor.py:925} INFO - DAG(s) 'example_sla_dag' retrieved from /home/airflow/.local/lib/python3.12/site-packages/airflow/example_dags/example_sla_dag.py
[2025-03-10T21:30:47.453+0000] {logging_mixin.py:190} INFO - [2025-03-10T21:30:47.453+0000] {dag.py:3239} INFO - Sync 1 DAGs
[2025-03-10T21:30:47.490+0000] {logging_mixin.py:190} INFO - [2025-03-10T21:30:47.490+0000] {dag.py:4180} INFO - Setting next_dagrun for example_sla_dag to 2025-03-10 21:28:00+00:00, run_after=2025-03-10 21:30:00+00:00
[2025-03-10T21:30:47.780+0000] {processor.py:208} INFO - Processing /home/airflow/.local/lib/python3.12/site-packages/airflow/example_dags/example_sla_dag.py took 0.392 seconds
[2025-03-10T21:31:18.107+0000] {processor.py:186} INFO - Started process (PID=3322) to work on /home/airflow/.local/lib/python3.12/site-packages/airflow/example_dags/example_sla_dag.py
[2025-03-10T21:31:18.118+0000] {processor.py:914} INFO - Processing file /home/airflow/.local/lib/python3.12/site-packages/airflow/example_dags/example_sla_dag.py for tasks to queue
[2025-03-10T21:31:18.123+0000] {logging_mixin.py:190} INFO - [2025-03-10T21:31:18.122+0000] {dagbag.py:588} INFO - Filling up the DagBag from /home/airflow/.local/lib/python3.12/site-packages/airflow/example_dags/example_sla_dag.py
[2025-03-10T21:31:18.389+0000] {processor.py:925} INFO - DAG(s) 'example_sla_dag' retrieved from /home/airflow/.local/lib/python3.12/site-packages/airflow/example_dags/example_sla_dag.py
[2025-03-10T21:31:19.517+0000] {logging_mixin.py:190} INFO - [2025-03-10T21:31:19.517+0000] {dag.py:3239} INFO - Sync 1 DAGs
[2025-03-10T21:31:19.662+0000] {logging_mixin.py:190} INFO - [2025-03-10T21:31:19.661+0000] {dag.py:4180} INFO - Setting next_dagrun for example_sla_dag to 2025-03-10 21:28:00+00:00, run_after=2025-03-10 21:30:00+00:00
[2025-03-10T21:31:19.702+0000] {processor.py:208} INFO - Processing /home/airflow/.local/lib/python3.12/site-packages/airflow/example_dags/example_sla_dag.py took 1.690 seconds
[2025-03-10T21:31:53.953+0000] {processor.py:186} INFO - Started process (PID=3386) to work on /home/airflow/.local/lib/python3.12/site-packages/airflow/example_dags/example_sla_dag.py
[2025-03-10T21:31:53.954+0000] {processor.py:914} INFO - Processing file /home/airflow/.local/lib/python3.12/site-packages/airflow/example_dags/example_sla_dag.py for tasks to queue
[2025-03-10T21:31:53.957+0000] {logging_mixin.py:190} INFO - [2025-03-10T21:31:53.956+0000] {dagbag.py:588} INFO - Filling up the DagBag from /home/airflow/.local/lib/python3.12/site-packages/airflow/example_dags/example_sla_dag.py
[2025-03-10T21:31:53.969+0000] {processor.py:925} INFO - DAG(s) 'example_sla_dag' retrieved from /home/airflow/.local/lib/python3.12/site-packages/airflow/example_dags/example_sla_dag.py
[2025-03-10T21:31:53.991+0000] {logging_mixin.py:190} INFO - [2025-03-10T21:31:53.990+0000] {dag.py:3239} INFO - Sync 1 DAGs
[2025-03-10T21:31:54.022+0000] {logging_mixin.py:190} INFO - [2025-03-10T21:31:54.021+0000] {dag.py:4180} INFO - Setting next_dagrun for example_sla_dag to 2025-03-10 21:28:00+00:00, run_after=2025-03-10 21:30:00+00:00
[2025-03-10T21:31:54.045+0000] {processor.py:208} INFO - Processing /home/airflow/.local/lib/python3.12/site-packages/airflow/example_dags/example_sla_dag.py took 0.100 seconds
[2025-03-10T21:32:35.992+0000] {processor.py:186} INFO - Started process (PID=3411) to work on /home/airflow/.local/lib/python3.12/site-packages/airflow/example_dags/example_sla_dag.py
[2025-03-10T21:32:35.993+0000] {processor.py:914} INFO - Processing file /home/airflow/.local/lib/python3.12/site-packages/airflow/example_dags/example_sla_dag.py for tasks to queue
[2025-03-10T21:32:35.995+0000] {logging_mixin.py:190} INFO - [2025-03-10T21:32:35.995+0000] {dagbag.py:588} INFO - Filling up the DagBag from /home/airflow/.local/lib/python3.12/site-packages/airflow/example_dags/example_sla_dag.py
[2025-03-10T21:32:36.006+0000] {processor.py:925} INFO - DAG(s) 'example_sla_dag' retrieved from /home/airflow/.local/lib/python3.12/site-packages/airflow/example_dags/example_sla_dag.py
[2025-03-10T21:32:36.024+0000] {logging_mixin.py:190} INFO - [2025-03-10T21:32:36.024+0000] {dag.py:3239} INFO - Sync 1 DAGs
[2025-03-10T21:32:36.438+0000] {logging_mixin.py:190} INFO - [2025-03-10T21:32:36.438+0000] {dag.py:4180} INFO - Setting next_dagrun for example_sla_dag to 2025-03-10 21:30:00+00:00, run_after=2025-03-10 21:32:00+00:00
[2025-03-10T21:32:36.458+0000] {processor.py:208} INFO - Processing /home/airflow/.local/lib/python3.12/site-packages/airflow/example_dags/example_sla_dag.py took 0.472 seconds
[2025-03-10T21:36:27.482+0000] {processor.py:186} INFO - Started process (PID=75) to work on /home/airflow/.local/lib/python3.12/site-packages/airflow/example_dags/example_sla_dag.py
[2025-03-10T21:36:27.506+0000] {processor.py:914} INFO - Processing file /home/airflow/.local/lib/python3.12/site-packages/airflow/example_dags/example_sla_dag.py for tasks to queue
[2025-03-10T21:36:27.510+0000] {logging_mixin.py:190} INFO - [2025-03-10T21:36:27.509+0000] {dagbag.py:588} INFO - Filling up the DagBag from /home/airflow/.local/lib/python3.12/site-packages/airflow/example_dags/example_sla_dag.py
[2025-03-10T21:36:27.526+0000] {processor.py:925} INFO - DAG(s) 'example_sla_dag' retrieved from /home/airflow/.local/lib/python3.12/site-packages/airflow/example_dags/example_sla_dag.py
[2025-03-10T21:36:27.570+0000] {logging_mixin.py:190} INFO - [2025-03-10T21:36:27.570+0000] {dag.py:3239} INFO - Sync 1 DAGs
[2025-03-10T21:36:27.607+0000] {logging_mixin.py:190} INFO - [2025-03-10T21:36:27.607+0000] {dag.py:4180} INFO - Setting next_dagrun for example_sla_dag to 2025-03-10 21:34:00+00:00, run_after=2025-03-10 21:36:00+00:00
[2025-03-10T21:36:27.637+0000] {processor.py:208} INFO - Processing /home/airflow/.local/lib/python3.12/site-packages/airflow/example_dags/example_sla_dag.py took 0.171 seconds
