[2025-03-10T21:04:50.334+0000] {processor.py:186} INFO - Started process (PID=105) to work on /home/airflow/.local/lib/python3.12/site-packages/airflow/example_dags/example_trigger_target_dag.py
[2025-03-10T21:04:50.334+0000] {processor.py:914} INFO - Processing file /home/airflow/.local/lib/python3.12/site-packages/airflow/example_dags/example_trigger_target_dag.py for tasks to queue
[2025-03-10T21:04:50.336+0000] {logging_mixin.py:190} INFO - [2025-03-10T21:04:50.336+0000] {dagbag.py:588} INFO - Filling up the DagBag from /home/airflow/.local/lib/python3.12/site-packages/airflow/example_dags/example_trigger_target_dag.py
[2025-03-10T21:04:50.342+0000] {processor.py:925} INFO - DAG(s) 'example_trigger_target_dag' retrieved from /home/airflow/.local/lib/python3.12/site-packages/airflow/example_dags/example_trigger_target_dag.py
[2025-03-10T21:04:50.356+0000] {logging_mixin.py:190} INFO - [2025-03-10T21:04:50.356+0000] {dag.py:3239} INFO - Sync 1 DAGs
[2025-03-10T21:04:50.368+0000] {logging_mixin.py:190} INFO - [2025-03-10T21:04:50.368+0000] {dag.py:4180} INFO - Setting next_dagrun for example_trigger_target_dag to None, run_after=None
[2025-03-10T21:04:50.383+0000] {processor.py:208} INFO - Processing /home/airflow/.local/lib/python3.12/site-packages/airflow/example_dags/example_trigger_target_dag.py took 0.055 seconds
[2025-03-10T21:05:21.540+0000] {processor.py:186} INFO - Started process (PID=169) to work on /home/airflow/.local/lib/python3.12/site-packages/airflow/example_dags/example_trigger_target_dag.py
[2025-03-10T21:05:21.541+0000] {processor.py:914} INFO - Processing file /home/airflow/.local/lib/python3.12/site-packages/airflow/example_dags/example_trigger_target_dag.py for tasks to queue
[2025-03-10T21:05:21.544+0000] {logging_mixin.py:190} INFO - [2025-03-10T21:05:21.543+0000] {dagbag.py:588} INFO - Filling up the DagBag from /home/airflow/.local/lib/python3.12/site-packages/airflow/example_dags/example_trigger_target_dag.py
[2025-03-10T21:05:21.554+0000] {processor.py:925} INFO - DAG(s) 'example_trigger_target_dag' retrieved from /home/airflow/.local/lib/python3.12/site-packages/airflow/example_dags/example_trigger_target_dag.py
[2025-03-10T21:05:21.571+0000] {logging_mixin.py:190} INFO - [2025-03-10T21:05:21.571+0000] {dag.py:3239} INFO - Sync 1 DAGs
[2025-03-10T21:05:21.584+0000] {logging_mixin.py:190} INFO - [2025-03-10T21:05:21.584+0000] {dag.py:4180} INFO - Setting next_dagrun for example_trigger_target_dag to None, run_after=None
[2025-03-10T21:05:21.602+0000] {processor.py:208} INFO - Processing /home/airflow/.local/lib/python3.12/site-packages/airflow/example_dags/example_trigger_target_dag.py took 0.069 seconds
[2025-03-10T21:05:52.975+0000] {processor.py:186} INFO - Started process (PID=233) to work on /home/airflow/.local/lib/python3.12/site-packages/airflow/example_dags/example_trigger_target_dag.py
[2025-03-10T21:05:52.976+0000] {processor.py:914} INFO - Processing file /home/airflow/.local/lib/python3.12/site-packages/airflow/example_dags/example_trigger_target_dag.py for tasks to queue
[2025-03-10T21:05:52.978+0000] {logging_mixin.py:190} INFO - [2025-03-10T21:05:52.978+0000] {dagbag.py:588} INFO - Filling up the DagBag from /home/airflow/.local/lib/python3.12/site-packages/airflow/example_dags/example_trigger_target_dag.py
[2025-03-10T21:05:52.988+0000] {processor.py:925} INFO - DAG(s) 'example_trigger_target_dag' retrieved from /home/airflow/.local/lib/python3.12/site-packages/airflow/example_dags/example_trigger_target_dag.py
[2025-03-10T21:05:53.010+0000] {logging_mixin.py:190} INFO - [2025-03-10T21:05:53.010+0000] {dag.py:3239} INFO - Sync 1 DAGs
[2025-03-10T21:05:53.025+0000] {logging_mixin.py:190} INFO - [2025-03-10T21:05:53.025+0000] {dag.py:4180} INFO - Setting next_dagrun for example_trigger_target_dag to None, run_after=None
[2025-03-10T21:05:53.044+0000] {processor.py:208} INFO - Processing /home/airflow/.local/lib/python3.12/site-packages/airflow/example_dags/example_trigger_target_dag.py took 0.076 seconds
[2025-03-10T21:06:23.671+0000] {processor.py:186} INFO - Started process (PID=297) to work on /home/airflow/.local/lib/python3.12/site-packages/airflow/example_dags/example_trigger_target_dag.py
[2025-03-10T21:06:23.672+0000] {processor.py:914} INFO - Processing file /home/airflow/.local/lib/python3.12/site-packages/airflow/example_dags/example_trigger_target_dag.py for tasks to queue
[2025-03-10T21:06:23.674+0000] {logging_mixin.py:190} INFO - [2025-03-10T21:06:23.673+0000] {dagbag.py:588} INFO - Filling up the DagBag from /home/airflow/.local/lib/python3.12/site-packages/airflow/example_dags/example_trigger_target_dag.py
[2025-03-10T21:06:23.680+0000] {processor.py:925} INFO - DAG(s) 'example_trigger_target_dag' retrieved from /home/airflow/.local/lib/python3.12/site-packages/airflow/example_dags/example_trigger_target_dag.py
[2025-03-10T21:06:23.696+0000] {logging_mixin.py:190} INFO - [2025-03-10T21:06:23.695+0000] {dag.py:3239} INFO - Sync 1 DAGs
[2025-03-10T21:06:23.707+0000] {logging_mixin.py:190} INFO - [2025-03-10T21:06:23.707+0000] {dag.py:4180} INFO - Setting next_dagrun for example_trigger_target_dag to None, run_after=None
[2025-03-10T21:06:23.728+0000] {processor.py:208} INFO - Processing /home/airflow/.local/lib/python3.12/site-packages/airflow/example_dags/example_trigger_target_dag.py took 0.061 seconds
[2025-03-10T21:06:54.436+0000] {processor.py:186} INFO - Started process (PID=361) to work on /home/airflow/.local/lib/python3.12/site-packages/airflow/example_dags/example_trigger_target_dag.py
[2025-03-10T21:06:54.437+0000] {processor.py:914} INFO - Processing file /home/airflow/.local/lib/python3.12/site-packages/airflow/example_dags/example_trigger_target_dag.py for tasks to queue
[2025-03-10T21:06:54.438+0000] {logging_mixin.py:190} INFO - [2025-03-10T21:06:54.438+0000] {dagbag.py:588} INFO - Filling up the DagBag from /home/airflow/.local/lib/python3.12/site-packages/airflow/example_dags/example_trigger_target_dag.py
[2025-03-10T21:06:54.445+0000] {processor.py:925} INFO - DAG(s) 'example_trigger_target_dag' retrieved from /home/airflow/.local/lib/python3.12/site-packages/airflow/example_dags/example_trigger_target_dag.py
[2025-03-10T21:06:54.459+0000] {logging_mixin.py:190} INFO - [2025-03-10T21:06:54.459+0000] {dag.py:3239} INFO - Sync 1 DAGs
[2025-03-10T21:06:54.471+0000] {logging_mixin.py:190} INFO - [2025-03-10T21:06:54.470+0000] {dag.py:4180} INFO - Setting next_dagrun for example_trigger_target_dag to None, run_after=None
[2025-03-10T21:06:54.486+0000] {processor.py:208} INFO - Processing /home/airflow/.local/lib/python3.12/site-packages/airflow/example_dags/example_trigger_target_dag.py took 0.054 seconds
[2025-03-10T21:07:25.144+0000] {processor.py:186} INFO - Started process (PID=425) to work on /home/airflow/.local/lib/python3.12/site-packages/airflow/example_dags/example_trigger_target_dag.py
[2025-03-10T21:07:25.145+0000] {processor.py:914} INFO - Processing file /home/airflow/.local/lib/python3.12/site-packages/airflow/example_dags/example_trigger_target_dag.py for tasks to queue
[2025-03-10T21:07:25.147+0000] {logging_mixin.py:190} INFO - [2025-03-10T21:07:25.147+0000] {dagbag.py:588} INFO - Filling up the DagBag from /home/airflow/.local/lib/python3.12/site-packages/airflow/example_dags/example_trigger_target_dag.py
[2025-03-10T21:07:25.153+0000] {processor.py:925} INFO - DAG(s) 'example_trigger_target_dag' retrieved from /home/airflow/.local/lib/python3.12/site-packages/airflow/example_dags/example_trigger_target_dag.py
[2025-03-10T21:07:25.167+0000] {logging_mixin.py:190} INFO - [2025-03-10T21:07:25.167+0000] {dag.py:3239} INFO - Sync 1 DAGs
[2025-03-10T21:07:25.179+0000] {logging_mixin.py:190} INFO - [2025-03-10T21:07:25.179+0000] {dag.py:4180} INFO - Setting next_dagrun for example_trigger_target_dag to None, run_after=None
[2025-03-10T21:07:25.194+0000] {processor.py:208} INFO - Processing /home/airflow/.local/lib/python3.12/site-packages/airflow/example_dags/example_trigger_target_dag.py took 0.055 seconds
[2025-03-10T21:07:56.102+0000] {processor.py:186} INFO - Started process (PID=489) to work on /home/airflow/.local/lib/python3.12/site-packages/airflow/example_dags/example_trigger_target_dag.py
[2025-03-10T21:07:56.103+0000] {processor.py:914} INFO - Processing file /home/airflow/.local/lib/python3.12/site-packages/airflow/example_dags/example_trigger_target_dag.py for tasks to queue
[2025-03-10T21:07:56.105+0000] {logging_mixin.py:190} INFO - [2025-03-10T21:07:56.105+0000] {dagbag.py:588} INFO - Filling up the DagBag from /home/airflow/.local/lib/python3.12/site-packages/airflow/example_dags/example_trigger_target_dag.py
[2025-03-10T21:07:56.111+0000] {processor.py:925} INFO - DAG(s) 'example_trigger_target_dag' retrieved from /home/airflow/.local/lib/python3.12/site-packages/airflow/example_dags/example_trigger_target_dag.py
[2025-03-10T21:07:56.126+0000] {logging_mixin.py:190} INFO - [2025-03-10T21:07:56.126+0000] {dag.py:3239} INFO - Sync 1 DAGs
[2025-03-10T21:07:56.138+0000] {logging_mixin.py:190} INFO - [2025-03-10T21:07:56.137+0000] {dag.py:4180} INFO - Setting next_dagrun for example_trigger_target_dag to None, run_after=None
[2025-03-10T21:07:56.153+0000] {processor.py:208} INFO - Processing /home/airflow/.local/lib/python3.12/site-packages/airflow/example_dags/example_trigger_target_dag.py took 0.055 seconds
[2025-03-10T21:08:27.261+0000] {processor.py:186} INFO - Started process (PID=553) to work on /home/airflow/.local/lib/python3.12/site-packages/airflow/example_dags/example_trigger_target_dag.py
[2025-03-10T21:08:27.262+0000] {processor.py:914} INFO - Processing file /home/airflow/.local/lib/python3.12/site-packages/airflow/example_dags/example_trigger_target_dag.py for tasks to queue
[2025-03-10T21:08:27.263+0000] {logging_mixin.py:190} INFO - [2025-03-10T21:08:27.263+0000] {dagbag.py:588} INFO - Filling up the DagBag from /home/airflow/.local/lib/python3.12/site-packages/airflow/example_dags/example_trigger_target_dag.py
[2025-03-10T21:08:27.270+0000] {processor.py:925} INFO - DAG(s) 'example_trigger_target_dag' retrieved from /home/airflow/.local/lib/python3.12/site-packages/airflow/example_dags/example_trigger_target_dag.py
[2025-03-10T21:08:27.285+0000] {logging_mixin.py:190} INFO - [2025-03-10T21:08:27.284+0000] {dag.py:3239} INFO - Sync 1 DAGs
[2025-03-10T21:08:27.297+0000] {logging_mixin.py:190} INFO - [2025-03-10T21:08:27.296+0000] {dag.py:4180} INFO - Setting next_dagrun for example_trigger_target_dag to None, run_after=None
[2025-03-10T21:08:27.313+0000] {processor.py:208} INFO - Processing /home/airflow/.local/lib/python3.12/site-packages/airflow/example_dags/example_trigger_target_dag.py took 0.057 seconds
[2025-03-10T21:08:58.485+0000] {processor.py:186} INFO - Started process (PID=617) to work on /home/airflow/.local/lib/python3.12/site-packages/airflow/example_dags/example_trigger_target_dag.py
[2025-03-10T21:08:58.486+0000] {processor.py:914} INFO - Processing file /home/airflow/.local/lib/python3.12/site-packages/airflow/example_dags/example_trigger_target_dag.py for tasks to queue
[2025-03-10T21:08:58.488+0000] {logging_mixin.py:190} INFO - [2025-03-10T21:08:58.487+0000] {dagbag.py:588} INFO - Filling up the DagBag from /home/airflow/.local/lib/python3.12/site-packages/airflow/example_dags/example_trigger_target_dag.py
[2025-03-10T21:08:58.494+0000] {processor.py:925} INFO - DAG(s) 'example_trigger_target_dag' retrieved from /home/airflow/.local/lib/python3.12/site-packages/airflow/example_dags/example_trigger_target_dag.py
[2025-03-10T21:08:58.509+0000] {logging_mixin.py:190} INFO - [2025-03-10T21:08:58.509+0000] {dag.py:3239} INFO - Sync 1 DAGs
[2025-03-10T21:08:58.521+0000] {logging_mixin.py:190} INFO - [2025-03-10T21:08:58.520+0000] {dag.py:4180} INFO - Setting next_dagrun for example_trigger_target_dag to None, run_after=None
[2025-03-10T21:08:58.535+0000] {processor.py:208} INFO - Processing /home/airflow/.local/lib/python3.12/site-packages/airflow/example_dags/example_trigger_target_dag.py took 0.055 seconds
[2025-03-10T21:09:29.419+0000] {processor.py:186} INFO - Started process (PID=681) to work on /home/airflow/.local/lib/python3.12/site-packages/airflow/example_dags/example_trigger_target_dag.py
[2025-03-10T21:09:29.420+0000] {processor.py:914} INFO - Processing file /home/airflow/.local/lib/python3.12/site-packages/airflow/example_dags/example_trigger_target_dag.py for tasks to queue
[2025-03-10T21:09:29.423+0000] {logging_mixin.py:190} INFO - [2025-03-10T21:09:29.422+0000] {dagbag.py:588} INFO - Filling up the DagBag from /home/airflow/.local/lib/python3.12/site-packages/airflow/example_dags/example_trigger_target_dag.py
[2025-03-10T21:09:29.430+0000] {processor.py:925} INFO - DAG(s) 'example_trigger_target_dag' retrieved from /home/airflow/.local/lib/python3.12/site-packages/airflow/example_dags/example_trigger_target_dag.py
[2025-03-10T21:09:29.446+0000] {logging_mixin.py:190} INFO - [2025-03-10T21:09:29.446+0000] {dag.py:3239} INFO - Sync 1 DAGs
[2025-03-10T21:09:29.460+0000] {logging_mixin.py:190} INFO - [2025-03-10T21:09:29.460+0000] {dag.py:4180} INFO - Setting next_dagrun for example_trigger_target_dag to None, run_after=None
[2025-03-10T21:09:29.476+0000] {processor.py:208} INFO - Processing /home/airflow/.local/lib/python3.12/site-packages/airflow/example_dags/example_trigger_target_dag.py took 0.062 seconds
[2025-03-10T21:10:00.448+0000] {processor.py:186} INFO - Started process (PID=745) to work on /home/airflow/.local/lib/python3.12/site-packages/airflow/example_dags/example_trigger_target_dag.py
[2025-03-10T21:10:00.449+0000] {processor.py:914} INFO - Processing file /home/airflow/.local/lib/python3.12/site-packages/airflow/example_dags/example_trigger_target_dag.py for tasks to queue
[2025-03-10T21:10:00.450+0000] {logging_mixin.py:190} INFO - [2025-03-10T21:10:00.450+0000] {dagbag.py:588} INFO - Filling up the DagBag from /home/airflow/.local/lib/python3.12/site-packages/airflow/example_dags/example_trigger_target_dag.py
[2025-03-10T21:10:00.456+0000] {processor.py:925} INFO - DAG(s) 'example_trigger_target_dag' retrieved from /home/airflow/.local/lib/python3.12/site-packages/airflow/example_dags/example_trigger_target_dag.py
[2025-03-10T21:10:00.470+0000] {logging_mixin.py:190} INFO - [2025-03-10T21:10:00.470+0000] {dag.py:3239} INFO - Sync 1 DAGs
[2025-03-10T21:10:00.482+0000] {logging_mixin.py:190} INFO - [2025-03-10T21:10:00.482+0000] {dag.py:4180} INFO - Setting next_dagrun for example_trigger_target_dag to None, run_after=None
[2025-03-10T21:10:00.497+0000] {processor.py:208} INFO - Processing /home/airflow/.local/lib/python3.12/site-packages/airflow/example_dags/example_trigger_target_dag.py took 0.054 seconds
[2025-03-10T21:10:33.349+0000] {processor.py:186} INFO - Started process (PID=809) to work on /home/airflow/.local/lib/python3.12/site-packages/airflow/example_dags/example_trigger_target_dag.py
[2025-03-10T21:10:33.350+0000] {processor.py:914} INFO - Processing file /home/airflow/.local/lib/python3.12/site-packages/airflow/example_dags/example_trigger_target_dag.py for tasks to queue
[2025-03-10T21:10:33.353+0000] {logging_mixin.py:190} INFO - [2025-03-10T21:10:33.352+0000] {dagbag.py:588} INFO - Filling up the DagBag from /home/airflow/.local/lib/python3.12/site-packages/airflow/example_dags/example_trigger_target_dag.py
[2025-03-10T21:10:33.364+0000] {processor.py:925} INFO - DAG(s) 'example_trigger_target_dag' retrieved from /home/airflow/.local/lib/python3.12/site-packages/airflow/example_dags/example_trigger_target_dag.py
[2025-03-10T21:10:33.390+0000] {logging_mixin.py:190} INFO - [2025-03-10T21:10:33.390+0000] {dag.py:3239} INFO - Sync 1 DAGs
[2025-03-10T21:10:33.406+0000] {logging_mixin.py:190} INFO - [2025-03-10T21:10:33.405+0000] {dag.py:4180} INFO - Setting next_dagrun for example_trigger_target_dag to None, run_after=None
[2025-03-10T21:10:33.428+0000] {processor.py:208} INFO - Processing /home/airflow/.local/lib/python3.12/site-packages/airflow/example_dags/example_trigger_target_dag.py took 0.087 seconds
[2025-03-10T21:11:04.649+0000] {processor.py:186} INFO - Started process (PID=874) to work on /home/airflow/.local/lib/python3.12/site-packages/airflow/example_dags/example_trigger_target_dag.py
[2025-03-10T21:11:04.650+0000] {processor.py:914} INFO - Processing file /home/airflow/.local/lib/python3.12/site-packages/airflow/example_dags/example_trigger_target_dag.py for tasks to queue
[2025-03-10T21:11:04.652+0000] {logging_mixin.py:190} INFO - [2025-03-10T21:11:04.652+0000] {dagbag.py:588} INFO - Filling up the DagBag from /home/airflow/.local/lib/python3.12/site-packages/airflow/example_dags/example_trigger_target_dag.py
[2025-03-10T21:11:04.658+0000] {processor.py:925} INFO - DAG(s) 'example_trigger_target_dag' retrieved from /home/airflow/.local/lib/python3.12/site-packages/airflow/example_dags/example_trigger_target_dag.py
[2025-03-10T21:11:04.673+0000] {logging_mixin.py:190} INFO - [2025-03-10T21:11:04.672+0000] {dag.py:3239} INFO - Sync 1 DAGs
[2025-03-10T21:11:04.684+0000] {logging_mixin.py:190} INFO - [2025-03-10T21:11:04.684+0000] {dag.py:4180} INFO - Setting next_dagrun for example_trigger_target_dag to None, run_after=None
[2025-03-10T21:11:04.700+0000] {processor.py:208} INFO - Processing /home/airflow/.local/lib/python3.12/site-packages/airflow/example_dags/example_trigger_target_dag.py took 0.056 seconds
[2025-03-10T21:11:35.344+0000] {processor.py:186} INFO - Started process (PID=938) to work on /home/airflow/.local/lib/python3.12/site-packages/airflow/example_dags/example_trigger_target_dag.py
[2025-03-10T21:11:35.344+0000] {processor.py:914} INFO - Processing file /home/airflow/.local/lib/python3.12/site-packages/airflow/example_dags/example_trigger_target_dag.py for tasks to queue
[2025-03-10T21:11:35.346+0000] {logging_mixin.py:190} INFO - [2025-03-10T21:11:35.346+0000] {dagbag.py:588} INFO - Filling up the DagBag from /home/airflow/.local/lib/python3.12/site-packages/airflow/example_dags/example_trigger_target_dag.py
[2025-03-10T21:11:35.352+0000] {processor.py:925} INFO - DAG(s) 'example_trigger_target_dag' retrieved from /home/airflow/.local/lib/python3.12/site-packages/airflow/example_dags/example_trigger_target_dag.py
[2025-03-10T21:11:35.366+0000] {logging_mixin.py:190} INFO - [2025-03-10T21:11:35.366+0000] {dag.py:3239} INFO - Sync 1 DAGs
[2025-03-10T21:11:35.377+0000] {logging_mixin.py:190} INFO - [2025-03-10T21:11:35.377+0000] {dag.py:4180} INFO - Setting next_dagrun for example_trigger_target_dag to None, run_after=None
[2025-03-10T21:11:35.391+0000] {processor.py:208} INFO - Processing /home/airflow/.local/lib/python3.12/site-packages/airflow/example_dags/example_trigger_target_dag.py took 0.052 seconds
[2025-03-10T21:12:06.074+0000] {processor.py:186} INFO - Started process (PID=1002) to work on /home/airflow/.local/lib/python3.12/site-packages/airflow/example_dags/example_trigger_target_dag.py
[2025-03-10T21:12:06.076+0000] {processor.py:914} INFO - Processing file /home/airflow/.local/lib/python3.12/site-packages/airflow/example_dags/example_trigger_target_dag.py for tasks to queue
[2025-03-10T21:12:06.078+0000] {logging_mixin.py:190} INFO - [2025-03-10T21:12:06.078+0000] {dagbag.py:588} INFO - Filling up the DagBag from /home/airflow/.local/lib/python3.12/site-packages/airflow/example_dags/example_trigger_target_dag.py
[2025-03-10T21:12:06.084+0000] {processor.py:925} INFO - DAG(s) 'example_trigger_target_dag' retrieved from /home/airflow/.local/lib/python3.12/site-packages/airflow/example_dags/example_trigger_target_dag.py
[2025-03-10T21:12:06.099+0000] {logging_mixin.py:190} INFO - [2025-03-10T21:12:06.099+0000] {dag.py:3239} INFO - Sync 1 DAGs
[2025-03-10T21:12:06.111+0000] {logging_mixin.py:190} INFO - [2025-03-10T21:12:06.111+0000] {dag.py:4180} INFO - Setting next_dagrun for example_trigger_target_dag to None, run_after=None
[2025-03-10T21:12:06.125+0000] {processor.py:208} INFO - Processing /home/airflow/.local/lib/python3.12/site-packages/airflow/example_dags/example_trigger_target_dag.py took 0.056 seconds
[2025-03-10T21:12:36.960+0000] {processor.py:186} INFO - Started process (PID=1066) to work on /home/airflow/.local/lib/python3.12/site-packages/airflow/example_dags/example_trigger_target_dag.py
[2025-03-10T21:12:36.961+0000] {processor.py:914} INFO - Processing file /home/airflow/.local/lib/python3.12/site-packages/airflow/example_dags/example_trigger_target_dag.py for tasks to queue
[2025-03-10T21:12:36.962+0000] {logging_mixin.py:190} INFO - [2025-03-10T21:12:36.962+0000] {dagbag.py:588} INFO - Filling up the DagBag from /home/airflow/.local/lib/python3.12/site-packages/airflow/example_dags/example_trigger_target_dag.py
[2025-03-10T21:12:36.968+0000] {processor.py:925} INFO - DAG(s) 'example_trigger_target_dag' retrieved from /home/airflow/.local/lib/python3.12/site-packages/airflow/example_dags/example_trigger_target_dag.py
[2025-03-10T21:12:36.982+0000] {logging_mixin.py:190} INFO - [2025-03-10T21:12:36.982+0000] {dag.py:3239} INFO - Sync 1 DAGs
[2025-03-10T21:12:36.993+0000] {logging_mixin.py:190} INFO - [2025-03-10T21:12:36.993+0000] {dag.py:4180} INFO - Setting next_dagrun for example_trigger_target_dag to None, run_after=None
[2025-03-10T21:12:37.008+0000] {processor.py:208} INFO - Processing /home/airflow/.local/lib/python3.12/site-packages/airflow/example_dags/example_trigger_target_dag.py took 0.053 seconds
[2025-03-10T21:13:07.779+0000] {processor.py:186} INFO - Started process (PID=1130) to work on /home/airflow/.local/lib/python3.12/site-packages/airflow/example_dags/example_trigger_target_dag.py
[2025-03-10T21:13:07.780+0000] {processor.py:914} INFO - Processing file /home/airflow/.local/lib/python3.12/site-packages/airflow/example_dags/example_trigger_target_dag.py for tasks to queue
[2025-03-10T21:13:07.781+0000] {logging_mixin.py:190} INFO - [2025-03-10T21:13:07.781+0000] {dagbag.py:588} INFO - Filling up the DagBag from /home/airflow/.local/lib/python3.12/site-packages/airflow/example_dags/example_trigger_target_dag.py
[2025-03-10T21:13:07.788+0000] {processor.py:925} INFO - DAG(s) 'example_trigger_target_dag' retrieved from /home/airflow/.local/lib/python3.12/site-packages/airflow/example_dags/example_trigger_target_dag.py
[2025-03-10T21:13:07.802+0000] {logging_mixin.py:190} INFO - [2025-03-10T21:13:07.802+0000] {dag.py:3239} INFO - Sync 1 DAGs
[2025-03-10T21:13:07.814+0000] {logging_mixin.py:190} INFO - [2025-03-10T21:13:07.814+0000] {dag.py:4180} INFO - Setting next_dagrun for example_trigger_target_dag to None, run_after=None
[2025-03-10T21:13:07.829+0000] {processor.py:208} INFO - Processing /home/airflow/.local/lib/python3.12/site-packages/airflow/example_dags/example_trigger_target_dag.py took 0.055 seconds
[2025-03-10T21:13:38.545+0000] {processor.py:186} INFO - Started process (PID=1195) to work on /home/airflow/.local/lib/python3.12/site-packages/airflow/example_dags/example_trigger_target_dag.py
[2025-03-10T21:13:38.546+0000] {processor.py:914} INFO - Processing file /home/airflow/.local/lib/python3.12/site-packages/airflow/example_dags/example_trigger_target_dag.py for tasks to queue
[2025-03-10T21:13:38.548+0000] {logging_mixin.py:190} INFO - [2025-03-10T21:13:38.547+0000] {dagbag.py:588} INFO - Filling up the DagBag from /home/airflow/.local/lib/python3.12/site-packages/airflow/example_dags/example_trigger_target_dag.py
[2025-03-10T21:13:38.554+0000] {processor.py:925} INFO - DAG(s) 'example_trigger_target_dag' retrieved from /home/airflow/.local/lib/python3.12/site-packages/airflow/example_dags/example_trigger_target_dag.py
[2025-03-10T21:13:38.568+0000] {logging_mixin.py:190} INFO - [2025-03-10T21:13:38.567+0000] {dag.py:3239} INFO - Sync 1 DAGs
[2025-03-10T21:13:38.579+0000] {logging_mixin.py:190} INFO - [2025-03-10T21:13:38.579+0000] {dag.py:4180} INFO - Setting next_dagrun for example_trigger_target_dag to None, run_after=None
[2025-03-10T21:13:38.594+0000] {processor.py:208} INFO - Processing /home/airflow/.local/lib/python3.12/site-packages/airflow/example_dags/example_trigger_target_dag.py took 0.054 seconds
[2025-03-10T21:14:09.418+0000] {processor.py:186} INFO - Started process (PID=1259) to work on /home/airflow/.local/lib/python3.12/site-packages/airflow/example_dags/example_trigger_target_dag.py
[2025-03-10T21:14:09.419+0000] {processor.py:914} INFO - Processing file /home/airflow/.local/lib/python3.12/site-packages/airflow/example_dags/example_trigger_target_dag.py for tasks to queue
[2025-03-10T21:14:09.420+0000] {logging_mixin.py:190} INFO - [2025-03-10T21:14:09.420+0000] {dagbag.py:588} INFO - Filling up the DagBag from /home/airflow/.local/lib/python3.12/site-packages/airflow/example_dags/example_trigger_target_dag.py
[2025-03-10T21:14:09.427+0000] {processor.py:925} INFO - DAG(s) 'example_trigger_target_dag' retrieved from /home/airflow/.local/lib/python3.12/site-packages/airflow/example_dags/example_trigger_target_dag.py
[2025-03-10T21:14:09.442+0000] {logging_mixin.py:190} INFO - [2025-03-10T21:14:09.441+0000] {dag.py:3239} INFO - Sync 1 DAGs
[2025-03-10T21:14:09.453+0000] {logging_mixin.py:190} INFO - [2025-03-10T21:14:09.453+0000] {dag.py:4180} INFO - Setting next_dagrun for example_trigger_target_dag to None, run_after=None
[2025-03-10T21:14:09.468+0000] {processor.py:208} INFO - Processing /home/airflow/.local/lib/python3.12/site-packages/airflow/example_dags/example_trigger_target_dag.py took 0.055 seconds
[2025-03-10T21:14:40.315+0000] {processor.py:186} INFO - Started process (PID=1323) to work on /home/airflow/.local/lib/python3.12/site-packages/airflow/example_dags/example_trigger_target_dag.py
[2025-03-10T21:14:40.316+0000] {processor.py:914} INFO - Processing file /home/airflow/.local/lib/python3.12/site-packages/airflow/example_dags/example_trigger_target_dag.py for tasks to queue
[2025-03-10T21:14:40.318+0000] {logging_mixin.py:190} INFO - [2025-03-10T21:14:40.318+0000] {dagbag.py:588} INFO - Filling up the DagBag from /home/airflow/.local/lib/python3.12/site-packages/airflow/example_dags/example_trigger_target_dag.py
[2025-03-10T21:14:40.325+0000] {processor.py:925} INFO - DAG(s) 'example_trigger_target_dag' retrieved from /home/airflow/.local/lib/python3.12/site-packages/airflow/example_dags/example_trigger_target_dag.py
[2025-03-10T21:14:40.341+0000] {logging_mixin.py:190} INFO - [2025-03-10T21:14:40.341+0000] {dag.py:3239} INFO - Sync 1 DAGs
[2025-03-10T21:14:40.352+0000] {logging_mixin.py:190} INFO - [2025-03-10T21:14:40.352+0000] {dag.py:4180} INFO - Setting next_dagrun for example_trigger_target_dag to None, run_after=None
[2025-03-10T21:14:40.366+0000] {processor.py:208} INFO - Processing /home/airflow/.local/lib/python3.12/site-packages/airflow/example_dags/example_trigger_target_dag.py took 0.056 seconds
[2025-03-10T21:15:11.122+0000] {processor.py:186} INFO - Started process (PID=1387) to work on /home/airflow/.local/lib/python3.12/site-packages/airflow/example_dags/example_trigger_target_dag.py
[2025-03-10T21:15:11.123+0000] {processor.py:914} INFO - Processing file /home/airflow/.local/lib/python3.12/site-packages/airflow/example_dags/example_trigger_target_dag.py for tasks to queue
[2025-03-10T21:15:11.125+0000] {logging_mixin.py:190} INFO - [2025-03-10T21:15:11.125+0000] {dagbag.py:588} INFO - Filling up the DagBag from /home/airflow/.local/lib/python3.12/site-packages/airflow/example_dags/example_trigger_target_dag.py
[2025-03-10T21:15:11.131+0000] {processor.py:925} INFO - DAG(s) 'example_trigger_target_dag' retrieved from /home/airflow/.local/lib/python3.12/site-packages/airflow/example_dags/example_trigger_target_dag.py
[2025-03-10T21:15:11.150+0000] {logging_mixin.py:190} INFO - [2025-03-10T21:15:11.150+0000] {dag.py:3239} INFO - Sync 1 DAGs
[2025-03-10T21:15:11.162+0000] {logging_mixin.py:190} INFO - [2025-03-10T21:15:11.162+0000] {dag.py:4180} INFO - Setting next_dagrun for example_trigger_target_dag to None, run_after=None
[2025-03-10T21:15:11.178+0000] {processor.py:208} INFO - Processing /home/airflow/.local/lib/python3.12/site-packages/airflow/example_dags/example_trigger_target_dag.py took 0.060 seconds
[2025-03-10T21:15:41.973+0000] {processor.py:186} INFO - Started process (PID=1451) to work on /home/airflow/.local/lib/python3.12/site-packages/airflow/example_dags/example_trigger_target_dag.py
[2025-03-10T21:15:41.973+0000] {processor.py:914} INFO - Processing file /home/airflow/.local/lib/python3.12/site-packages/airflow/example_dags/example_trigger_target_dag.py for tasks to queue
[2025-03-10T21:15:41.975+0000] {logging_mixin.py:190} INFO - [2025-03-10T21:15:41.975+0000] {dagbag.py:588} INFO - Filling up the DagBag from /home/airflow/.local/lib/python3.12/site-packages/airflow/example_dags/example_trigger_target_dag.py
[2025-03-10T21:15:41.981+0000] {processor.py:925} INFO - DAG(s) 'example_trigger_target_dag' retrieved from /home/airflow/.local/lib/python3.12/site-packages/airflow/example_dags/example_trigger_target_dag.py
[2025-03-10T21:15:41.995+0000] {logging_mixin.py:190} INFO - [2025-03-10T21:15:41.995+0000] {dag.py:3239} INFO - Sync 1 DAGs
[2025-03-10T21:15:42.007+0000] {logging_mixin.py:190} INFO - [2025-03-10T21:15:42.006+0000] {dag.py:4180} INFO - Setting next_dagrun for example_trigger_target_dag to None, run_after=None
[2025-03-10T21:15:42.023+0000] {processor.py:208} INFO - Processing /home/airflow/.local/lib/python3.12/site-packages/airflow/example_dags/example_trigger_target_dag.py took 0.055 seconds
[2025-03-10T21:16:12.730+0000] {processor.py:186} INFO - Started process (PID=1515) to work on /home/airflow/.local/lib/python3.12/site-packages/airflow/example_dags/example_trigger_target_dag.py
[2025-03-10T21:16:12.731+0000] {processor.py:914} INFO - Processing file /home/airflow/.local/lib/python3.12/site-packages/airflow/example_dags/example_trigger_target_dag.py for tasks to queue
[2025-03-10T21:16:12.733+0000] {logging_mixin.py:190} INFO - [2025-03-10T21:16:12.732+0000] {dagbag.py:588} INFO - Filling up the DagBag from /home/airflow/.local/lib/python3.12/site-packages/airflow/example_dags/example_trigger_target_dag.py
[2025-03-10T21:16:12.739+0000] {processor.py:925} INFO - DAG(s) 'example_trigger_target_dag' retrieved from /home/airflow/.local/lib/python3.12/site-packages/airflow/example_dags/example_trigger_target_dag.py
[2025-03-10T21:16:12.755+0000] {logging_mixin.py:190} INFO - [2025-03-10T21:16:12.755+0000] {dag.py:3239} INFO - Sync 1 DAGs
[2025-03-10T21:16:12.768+0000] {logging_mixin.py:190} INFO - [2025-03-10T21:16:12.768+0000] {dag.py:4180} INFO - Setting next_dagrun for example_trigger_target_dag to None, run_after=None
[2025-03-10T21:16:12.782+0000] {processor.py:208} INFO - Processing /home/airflow/.local/lib/python3.12/site-packages/airflow/example_dags/example_trigger_target_dag.py took 0.057 seconds
[2025-03-10T21:16:43.308+0000] {processor.py:186} INFO - Started process (PID=1579) to work on /home/airflow/.local/lib/python3.12/site-packages/airflow/example_dags/example_trigger_target_dag.py
[2025-03-10T21:16:43.309+0000] {processor.py:914} INFO - Processing file /home/airflow/.local/lib/python3.12/site-packages/airflow/example_dags/example_trigger_target_dag.py for tasks to queue
[2025-03-10T21:16:43.310+0000] {logging_mixin.py:190} INFO - [2025-03-10T21:16:43.310+0000] {dagbag.py:588} INFO - Filling up the DagBag from /home/airflow/.local/lib/python3.12/site-packages/airflow/example_dags/example_trigger_target_dag.py
[2025-03-10T21:16:43.317+0000] {processor.py:925} INFO - DAG(s) 'example_trigger_target_dag' retrieved from /home/airflow/.local/lib/python3.12/site-packages/airflow/example_dags/example_trigger_target_dag.py
[2025-03-10T21:16:43.334+0000] {logging_mixin.py:190} INFO - [2025-03-10T21:16:43.334+0000] {dag.py:3239} INFO - Sync 1 DAGs
[2025-03-10T21:16:43.347+0000] {logging_mixin.py:190} INFO - [2025-03-10T21:16:43.347+0000] {dag.py:4180} INFO - Setting next_dagrun for example_trigger_target_dag to None, run_after=None
[2025-03-10T21:16:43.363+0000] {processor.py:208} INFO - Processing /home/airflow/.local/lib/python3.12/site-packages/airflow/example_dags/example_trigger_target_dag.py took 0.060 seconds
[2025-03-10T21:17:14.025+0000] {processor.py:186} INFO - Started process (PID=1643) to work on /home/airflow/.local/lib/python3.12/site-packages/airflow/example_dags/example_trigger_target_dag.py
[2025-03-10T21:17:14.025+0000] {processor.py:914} INFO - Processing file /home/airflow/.local/lib/python3.12/site-packages/airflow/example_dags/example_trigger_target_dag.py for tasks to queue
[2025-03-10T21:17:14.027+0000] {logging_mixin.py:190} INFO - [2025-03-10T21:17:14.027+0000] {dagbag.py:588} INFO - Filling up the DagBag from /home/airflow/.local/lib/python3.12/site-packages/airflow/example_dags/example_trigger_target_dag.py
[2025-03-10T21:17:14.035+0000] {processor.py:925} INFO - DAG(s) 'example_trigger_target_dag' retrieved from /home/airflow/.local/lib/python3.12/site-packages/airflow/example_dags/example_trigger_target_dag.py
[2025-03-10T21:17:14.052+0000] {logging_mixin.py:190} INFO - [2025-03-10T21:17:14.052+0000] {dag.py:3239} INFO - Sync 1 DAGs
[2025-03-10T21:17:14.064+0000] {logging_mixin.py:190} INFO - [2025-03-10T21:17:14.064+0000] {dag.py:4180} INFO - Setting next_dagrun for example_trigger_target_dag to None, run_after=None
[2025-03-10T21:17:14.081+0000] {processor.py:208} INFO - Processing /home/airflow/.local/lib/python3.12/site-packages/airflow/example_dags/example_trigger_target_dag.py took 0.061 seconds
[2025-03-10T21:17:44.726+0000] {processor.py:186} INFO - Started process (PID=1707) to work on /home/airflow/.local/lib/python3.12/site-packages/airflow/example_dags/example_trigger_target_dag.py
[2025-03-10T21:17:44.728+0000] {processor.py:914} INFO - Processing file /home/airflow/.local/lib/python3.12/site-packages/airflow/example_dags/example_trigger_target_dag.py for tasks to queue
[2025-03-10T21:17:44.730+0000] {logging_mixin.py:190} INFO - [2025-03-10T21:17:44.730+0000] {dagbag.py:588} INFO - Filling up the DagBag from /home/airflow/.local/lib/python3.12/site-packages/airflow/example_dags/example_trigger_target_dag.py
[2025-03-10T21:17:44.737+0000] {processor.py:925} INFO - DAG(s) 'example_trigger_target_dag' retrieved from /home/airflow/.local/lib/python3.12/site-packages/airflow/example_dags/example_trigger_target_dag.py
[2025-03-10T21:17:44.752+0000] {logging_mixin.py:190} INFO - [2025-03-10T21:17:44.752+0000] {dag.py:3239} INFO - Sync 1 DAGs
[2025-03-10T21:17:44.766+0000] {logging_mixin.py:190} INFO - [2025-03-10T21:17:44.765+0000] {dag.py:4180} INFO - Setting next_dagrun for example_trigger_target_dag to None, run_after=None
[2025-03-10T21:17:44.782+0000] {processor.py:208} INFO - Processing /home/airflow/.local/lib/python3.12/site-packages/airflow/example_dags/example_trigger_target_dag.py took 0.060 seconds
[2025-03-10T21:18:15.280+0000] {processor.py:186} INFO - Started process (PID=1771) to work on /home/airflow/.local/lib/python3.12/site-packages/airflow/example_dags/example_trigger_target_dag.py
[2025-03-10T21:18:15.281+0000] {processor.py:914} INFO - Processing file /home/airflow/.local/lib/python3.12/site-packages/airflow/example_dags/example_trigger_target_dag.py for tasks to queue
[2025-03-10T21:18:15.283+0000] {logging_mixin.py:190} INFO - [2025-03-10T21:18:15.283+0000] {dagbag.py:588} INFO - Filling up the DagBag from /home/airflow/.local/lib/python3.12/site-packages/airflow/example_dags/example_trigger_target_dag.py
[2025-03-10T21:18:15.289+0000] {processor.py:925} INFO - DAG(s) 'example_trigger_target_dag' retrieved from /home/airflow/.local/lib/python3.12/site-packages/airflow/example_dags/example_trigger_target_dag.py
[2025-03-10T21:18:15.303+0000] {logging_mixin.py:190} INFO - [2025-03-10T21:18:15.303+0000] {dag.py:3239} INFO - Sync 1 DAGs
[2025-03-10T21:18:15.314+0000] {logging_mixin.py:190} INFO - [2025-03-10T21:18:15.314+0000] {dag.py:4180} INFO - Setting next_dagrun for example_trigger_target_dag to None, run_after=None
[2025-03-10T21:18:15.327+0000] {processor.py:208} INFO - Processing /home/airflow/.local/lib/python3.12/site-packages/airflow/example_dags/example_trigger_target_dag.py took 0.052 seconds
[2025-03-10T21:18:46.362+0000] {processor.py:186} INFO - Started process (PID=1835) to work on /home/airflow/.local/lib/python3.12/site-packages/airflow/example_dags/example_trigger_target_dag.py
[2025-03-10T21:18:46.363+0000] {processor.py:914} INFO - Processing file /home/airflow/.local/lib/python3.12/site-packages/airflow/example_dags/example_trigger_target_dag.py for tasks to queue
[2025-03-10T21:18:46.364+0000] {logging_mixin.py:190} INFO - [2025-03-10T21:18:46.364+0000] {dagbag.py:588} INFO - Filling up the DagBag from /home/airflow/.local/lib/python3.12/site-packages/airflow/example_dags/example_trigger_target_dag.py
[2025-03-10T21:18:46.371+0000] {processor.py:925} INFO - DAG(s) 'example_trigger_target_dag' retrieved from /home/airflow/.local/lib/python3.12/site-packages/airflow/example_dags/example_trigger_target_dag.py
[2025-03-10T21:18:46.385+0000] {logging_mixin.py:190} INFO - [2025-03-10T21:18:46.385+0000] {dag.py:3239} INFO - Sync 1 DAGs
[2025-03-10T21:18:46.397+0000] {logging_mixin.py:190} INFO - [2025-03-10T21:18:46.397+0000] {dag.py:4180} INFO - Setting next_dagrun for example_trigger_target_dag to None, run_after=None
[2025-03-10T21:18:46.411+0000] {processor.py:208} INFO - Processing /home/airflow/.local/lib/python3.12/site-packages/airflow/example_dags/example_trigger_target_dag.py took 0.055 seconds
[2025-03-10T21:19:17.165+0000] {processor.py:186} INFO - Started process (PID=1899) to work on /home/airflow/.local/lib/python3.12/site-packages/airflow/example_dags/example_trigger_target_dag.py
[2025-03-10T21:19:17.166+0000] {processor.py:914} INFO - Processing file /home/airflow/.local/lib/python3.12/site-packages/airflow/example_dags/example_trigger_target_dag.py for tasks to queue
[2025-03-10T21:19:17.168+0000] {logging_mixin.py:190} INFO - [2025-03-10T21:19:17.167+0000] {dagbag.py:588} INFO - Filling up the DagBag from /home/airflow/.local/lib/python3.12/site-packages/airflow/example_dags/example_trigger_target_dag.py
[2025-03-10T21:19:17.175+0000] {processor.py:925} INFO - DAG(s) 'example_trigger_target_dag' retrieved from /home/airflow/.local/lib/python3.12/site-packages/airflow/example_dags/example_trigger_target_dag.py
[2025-03-10T21:19:17.190+0000] {logging_mixin.py:190} INFO - [2025-03-10T21:19:17.190+0000] {dag.py:3239} INFO - Sync 1 DAGs
[2025-03-10T21:19:17.202+0000] {logging_mixin.py:190} INFO - [2025-03-10T21:19:17.201+0000] {dag.py:4180} INFO - Setting next_dagrun for example_trigger_target_dag to None, run_after=None
[2025-03-10T21:19:17.217+0000] {processor.py:208} INFO - Processing /home/airflow/.local/lib/python3.12/site-packages/airflow/example_dags/example_trigger_target_dag.py took 0.057 seconds
[2025-03-10T21:19:47.785+0000] {processor.py:186} INFO - Started process (PID=1964) to work on /home/airflow/.local/lib/python3.12/site-packages/airflow/example_dags/example_trigger_target_dag.py
[2025-03-10T21:19:47.786+0000] {processor.py:914} INFO - Processing file /home/airflow/.local/lib/python3.12/site-packages/airflow/example_dags/example_trigger_target_dag.py for tasks to queue
[2025-03-10T21:19:47.788+0000] {logging_mixin.py:190} INFO - [2025-03-10T21:19:47.788+0000] {dagbag.py:588} INFO - Filling up the DagBag from /home/airflow/.local/lib/python3.12/site-packages/airflow/example_dags/example_trigger_target_dag.py
[2025-03-10T21:19:47.794+0000] {processor.py:925} INFO - DAG(s) 'example_trigger_target_dag' retrieved from /home/airflow/.local/lib/python3.12/site-packages/airflow/example_dags/example_trigger_target_dag.py
[2025-03-10T21:19:47.808+0000] {logging_mixin.py:190} INFO - [2025-03-10T21:19:47.808+0000] {dag.py:3239} INFO - Sync 1 DAGs
[2025-03-10T21:19:47.820+0000] {logging_mixin.py:190} INFO - [2025-03-10T21:19:47.819+0000] {dag.py:4180} INFO - Setting next_dagrun for example_trigger_target_dag to None, run_after=None
[2025-03-10T21:19:47.833+0000] {processor.py:208} INFO - Processing /home/airflow/.local/lib/python3.12/site-packages/airflow/example_dags/example_trigger_target_dag.py took 0.054 seconds
[2025-03-10T21:20:18.762+0000] {processor.py:186} INFO - Started process (PID=2028) to work on /home/airflow/.local/lib/python3.12/site-packages/airflow/example_dags/example_trigger_target_dag.py
[2025-03-10T21:20:18.764+0000] {processor.py:914} INFO - Processing file /home/airflow/.local/lib/python3.12/site-packages/airflow/example_dags/example_trigger_target_dag.py for tasks to queue
[2025-03-10T21:20:18.766+0000] {logging_mixin.py:190} INFO - [2025-03-10T21:20:18.766+0000] {dagbag.py:588} INFO - Filling up the DagBag from /home/airflow/.local/lib/python3.12/site-packages/airflow/example_dags/example_trigger_target_dag.py
[2025-03-10T21:20:18.773+0000] {processor.py:925} INFO - DAG(s) 'example_trigger_target_dag' retrieved from /home/airflow/.local/lib/python3.12/site-packages/airflow/example_dags/example_trigger_target_dag.py
[2025-03-10T21:20:18.790+0000] {logging_mixin.py:190} INFO - [2025-03-10T21:20:18.789+0000] {dag.py:3239} INFO - Sync 1 DAGs
[2025-03-10T21:20:18.801+0000] {logging_mixin.py:190} INFO - [2025-03-10T21:20:18.801+0000] {dag.py:4180} INFO - Setting next_dagrun for example_trigger_target_dag to None, run_after=None
[2025-03-10T21:20:18.817+0000] {processor.py:208} INFO - Processing /home/airflow/.local/lib/python3.12/site-packages/airflow/example_dags/example_trigger_target_dag.py took 0.060 seconds
[2025-03-10T21:20:49.735+0000] {processor.py:186} INFO - Started process (PID=2092) to work on /home/airflow/.local/lib/python3.12/site-packages/airflow/example_dags/example_trigger_target_dag.py
[2025-03-10T21:20:49.736+0000] {processor.py:914} INFO - Processing file /home/airflow/.local/lib/python3.12/site-packages/airflow/example_dags/example_trigger_target_dag.py for tasks to queue
[2025-03-10T21:20:49.738+0000] {logging_mixin.py:190} INFO - [2025-03-10T21:20:49.738+0000] {dagbag.py:588} INFO - Filling up the DagBag from /home/airflow/.local/lib/python3.12/site-packages/airflow/example_dags/example_trigger_target_dag.py
[2025-03-10T21:20:49.745+0000] {processor.py:925} INFO - DAG(s) 'example_trigger_target_dag' retrieved from /home/airflow/.local/lib/python3.12/site-packages/airflow/example_dags/example_trigger_target_dag.py
[2025-03-10T21:20:49.760+0000] {logging_mixin.py:190} INFO - [2025-03-10T21:20:49.760+0000] {dag.py:3239} INFO - Sync 1 DAGs
[2025-03-10T21:20:49.776+0000] {logging_mixin.py:190} INFO - [2025-03-10T21:20:49.775+0000] {dag.py:4180} INFO - Setting next_dagrun for example_trigger_target_dag to None, run_after=None
[2025-03-10T21:20:49.796+0000] {processor.py:208} INFO - Processing /home/airflow/.local/lib/python3.12/site-packages/airflow/example_dags/example_trigger_target_dag.py took 0.067 seconds
[2025-03-10T21:21:20.280+0000] {processor.py:186} INFO - Started process (PID=2162) to work on /home/airflow/.local/lib/python3.12/site-packages/airflow/example_dags/example_trigger_target_dag.py
[2025-03-10T21:21:20.281+0000] {processor.py:914} INFO - Processing file /home/airflow/.local/lib/python3.12/site-packages/airflow/example_dags/example_trigger_target_dag.py for tasks to queue
[2025-03-10T21:21:20.283+0000] {logging_mixin.py:190} INFO - [2025-03-10T21:21:20.283+0000] {dagbag.py:588} INFO - Filling up the DagBag from /home/airflow/.local/lib/python3.12/site-packages/airflow/example_dags/example_trigger_target_dag.py
[2025-03-10T21:21:20.289+0000] {processor.py:925} INFO - DAG(s) 'example_trigger_target_dag' retrieved from /home/airflow/.local/lib/python3.12/site-packages/airflow/example_dags/example_trigger_target_dag.py
[2025-03-10T21:21:20.303+0000] {logging_mixin.py:190} INFO - [2025-03-10T21:21:20.303+0000] {dag.py:3239} INFO - Sync 1 DAGs
[2025-03-10T21:21:20.316+0000] {logging_mixin.py:190} INFO - [2025-03-10T21:21:20.316+0000] {dag.py:4180} INFO - Setting next_dagrun for example_trigger_target_dag to None, run_after=None
[2025-03-10T21:21:20.330+0000] {processor.py:208} INFO - Processing /home/airflow/.local/lib/python3.12/site-packages/airflow/example_dags/example_trigger_target_dag.py took 0.054 seconds
[2025-03-10T21:21:51.695+0000] {processor.py:186} INFO - Started process (PID=2226) to work on /home/airflow/.local/lib/python3.12/site-packages/airflow/example_dags/example_trigger_target_dag.py
[2025-03-10T21:21:51.697+0000] {processor.py:914} INFO - Processing file /home/airflow/.local/lib/python3.12/site-packages/airflow/example_dags/example_trigger_target_dag.py for tasks to queue
[2025-03-10T21:21:51.700+0000] {logging_mixin.py:190} INFO - [2025-03-10T21:21:51.699+0000] {dagbag.py:588} INFO - Filling up the DagBag from /home/airflow/.local/lib/python3.12/site-packages/airflow/example_dags/example_trigger_target_dag.py
[2025-03-10T21:21:51.709+0000] {processor.py:925} INFO - DAG(s) 'example_trigger_target_dag' retrieved from /home/airflow/.local/lib/python3.12/site-packages/airflow/example_dags/example_trigger_target_dag.py
[2025-03-10T21:21:51.731+0000] {logging_mixin.py:190} INFO - [2025-03-10T21:21:51.731+0000] {dag.py:3239} INFO - Sync 1 DAGs
[2025-03-10T21:21:51.763+0000] {logging_mixin.py:190} INFO - [2025-03-10T21:21:51.763+0000] {dag.py:4180} INFO - Setting next_dagrun for example_trigger_target_dag to None, run_after=None
[2025-03-10T21:21:51.790+0000] {processor.py:208} INFO - Processing /home/airflow/.local/lib/python3.12/site-packages/airflow/example_dags/example_trigger_target_dag.py took 0.100 seconds
[2025-03-10T21:22:22.831+0000] {processor.py:186} INFO - Started process (PID=2290) to work on /home/airflow/.local/lib/python3.12/site-packages/airflow/example_dags/example_trigger_target_dag.py
[2025-03-10T21:22:22.832+0000] {processor.py:914} INFO - Processing file /home/airflow/.local/lib/python3.12/site-packages/airflow/example_dags/example_trigger_target_dag.py for tasks to queue
[2025-03-10T21:22:22.834+0000] {logging_mixin.py:190} INFO - [2025-03-10T21:22:22.834+0000] {dagbag.py:588} INFO - Filling up the DagBag from /home/airflow/.local/lib/python3.12/site-packages/airflow/example_dags/example_trigger_target_dag.py
[2025-03-10T21:22:22.840+0000] {processor.py:925} INFO - DAG(s) 'example_trigger_target_dag' retrieved from /home/airflow/.local/lib/python3.12/site-packages/airflow/example_dags/example_trigger_target_dag.py
[2025-03-10T21:22:22.855+0000] {logging_mixin.py:190} INFO - [2025-03-10T21:22:22.855+0000] {dag.py:3239} INFO - Sync 1 DAGs
[2025-03-10T21:22:22.869+0000] {logging_mixin.py:190} INFO - [2025-03-10T21:22:22.869+0000] {dag.py:4180} INFO - Setting next_dagrun for example_trigger_target_dag to None, run_after=None
[2025-03-10T21:22:22.900+0000] {processor.py:208} INFO - Processing /home/airflow/.local/lib/python3.12/site-packages/airflow/example_dags/example_trigger_target_dag.py took 0.075 seconds
[2025-03-10T21:22:54.437+0000] {processor.py:186} INFO - Started process (PID=2354) to work on /home/airflow/.local/lib/python3.12/site-packages/airflow/example_dags/example_trigger_target_dag.py
[2025-03-10T21:22:54.438+0000] {processor.py:914} INFO - Processing file /home/airflow/.local/lib/python3.12/site-packages/airflow/example_dags/example_trigger_target_dag.py for tasks to queue
[2025-03-10T21:22:54.440+0000] {logging_mixin.py:190} INFO - [2025-03-10T21:22:54.440+0000] {dagbag.py:588} INFO - Filling up the DagBag from /home/airflow/.local/lib/python3.12/site-packages/airflow/example_dags/example_trigger_target_dag.py
[2025-03-10T21:22:54.448+0000] {processor.py:925} INFO - DAG(s) 'example_trigger_target_dag' retrieved from /home/airflow/.local/lib/python3.12/site-packages/airflow/example_dags/example_trigger_target_dag.py
[2025-03-10T21:22:54.465+0000] {logging_mixin.py:190} INFO - [2025-03-10T21:22:54.465+0000] {dag.py:3239} INFO - Sync 1 DAGs
[2025-03-10T21:22:54.477+0000] {logging_mixin.py:190} INFO - [2025-03-10T21:22:54.477+0000] {dag.py:4180} INFO - Setting next_dagrun for example_trigger_target_dag to None, run_after=None
[2025-03-10T21:22:54.494+0000] {processor.py:208} INFO - Processing /home/airflow/.local/lib/python3.12/site-packages/airflow/example_dags/example_trigger_target_dag.py took 0.062 seconds
[2025-03-10T21:23:25.801+0000] {processor.py:186} INFO - Started process (PID=2418) to work on /home/airflow/.local/lib/python3.12/site-packages/airflow/example_dags/example_trigger_target_dag.py
[2025-03-10T21:23:25.802+0000] {processor.py:914} INFO - Processing file /home/airflow/.local/lib/python3.12/site-packages/airflow/example_dags/example_trigger_target_dag.py for tasks to queue
[2025-03-10T21:23:25.804+0000] {logging_mixin.py:190} INFO - [2025-03-10T21:23:25.804+0000] {dagbag.py:588} INFO - Filling up the DagBag from /home/airflow/.local/lib/python3.12/site-packages/airflow/example_dags/example_trigger_target_dag.py
[2025-03-10T21:23:25.810+0000] {processor.py:925} INFO - DAG(s) 'example_trigger_target_dag' retrieved from /home/airflow/.local/lib/python3.12/site-packages/airflow/example_dags/example_trigger_target_dag.py
[2025-03-10T21:23:25.825+0000] {logging_mixin.py:190} INFO - [2025-03-10T21:23:25.825+0000] {dag.py:3239} INFO - Sync 1 DAGs
[2025-03-10T21:23:25.839+0000] {logging_mixin.py:190} INFO - [2025-03-10T21:23:25.838+0000] {dag.py:4180} INFO - Setting next_dagrun for example_trigger_target_dag to None, run_after=None
[2025-03-10T21:23:25.853+0000] {processor.py:208} INFO - Processing /home/airflow/.local/lib/python3.12/site-packages/airflow/example_dags/example_trigger_target_dag.py took 0.058 seconds
[2025-03-10T21:23:56.646+0000] {processor.py:186} INFO - Started process (PID=2482) to work on /home/airflow/.local/lib/python3.12/site-packages/airflow/example_dags/example_trigger_target_dag.py
[2025-03-10T21:23:56.647+0000] {processor.py:914} INFO - Processing file /home/airflow/.local/lib/python3.12/site-packages/airflow/example_dags/example_trigger_target_dag.py for tasks to queue
[2025-03-10T21:23:56.649+0000] {logging_mixin.py:190} INFO - [2025-03-10T21:23:56.649+0000] {dagbag.py:588} INFO - Filling up the DagBag from /home/airflow/.local/lib/python3.12/site-packages/airflow/example_dags/example_trigger_target_dag.py
[2025-03-10T21:23:56.655+0000] {processor.py:925} INFO - DAG(s) 'example_trigger_target_dag' retrieved from /home/airflow/.local/lib/python3.12/site-packages/airflow/example_dags/example_trigger_target_dag.py
[2025-03-10T21:23:56.670+0000] {logging_mixin.py:190} INFO - [2025-03-10T21:23:56.670+0000] {dag.py:3239} INFO - Sync 1 DAGs
[2025-03-10T21:23:56.682+0000] {logging_mixin.py:190} INFO - [2025-03-10T21:23:56.682+0000] {dag.py:4180} INFO - Setting next_dagrun for example_trigger_target_dag to None, run_after=None
[2025-03-10T21:23:56.699+0000] {processor.py:208} INFO - Processing /home/airflow/.local/lib/python3.12/site-packages/airflow/example_dags/example_trigger_target_dag.py took 0.057 seconds
[2025-03-10T21:24:28.758+0000] {processor.py:186} INFO - Started process (PID=2546) to work on /home/airflow/.local/lib/python3.12/site-packages/airflow/example_dags/example_trigger_target_dag.py
[2025-03-10T21:24:28.759+0000] {processor.py:914} INFO - Processing file /home/airflow/.local/lib/python3.12/site-packages/airflow/example_dags/example_trigger_target_dag.py for tasks to queue
[2025-03-10T21:24:28.761+0000] {logging_mixin.py:190} INFO - [2025-03-10T21:24:28.761+0000] {dagbag.py:588} INFO - Filling up the DagBag from /home/airflow/.local/lib/python3.12/site-packages/airflow/example_dags/example_trigger_target_dag.py
[2025-03-10T21:24:28.768+0000] {processor.py:925} INFO - DAG(s) 'example_trigger_target_dag' retrieved from /home/airflow/.local/lib/python3.12/site-packages/airflow/example_dags/example_trigger_target_dag.py
[2025-03-10T21:24:28.783+0000] {logging_mixin.py:190} INFO - [2025-03-10T21:24:28.783+0000] {dag.py:3239} INFO - Sync 1 DAGs
[2025-03-10T21:24:28.796+0000] {logging_mixin.py:190} INFO - [2025-03-10T21:24:28.795+0000] {dag.py:4180} INFO - Setting next_dagrun for example_trigger_target_dag to None, run_after=None
[2025-03-10T21:24:28.816+0000] {processor.py:208} INFO - Processing /home/airflow/.local/lib/python3.12/site-packages/airflow/example_dags/example_trigger_target_dag.py took 0.063 seconds
[2025-03-10T21:25:00.324+0000] {processor.py:186} INFO - Started process (PID=2611) to work on /home/airflow/.local/lib/python3.12/site-packages/airflow/example_dags/example_trigger_target_dag.py
[2025-03-10T21:25:00.326+0000] {processor.py:914} INFO - Processing file /home/airflow/.local/lib/python3.12/site-packages/airflow/example_dags/example_trigger_target_dag.py for tasks to queue
[2025-03-10T21:25:00.328+0000] {logging_mixin.py:190} INFO - [2025-03-10T21:25:00.328+0000] {dagbag.py:588} INFO - Filling up the DagBag from /home/airflow/.local/lib/python3.12/site-packages/airflow/example_dags/example_trigger_target_dag.py
[2025-03-10T21:25:00.335+0000] {processor.py:925} INFO - DAG(s) 'example_trigger_target_dag' retrieved from /home/airflow/.local/lib/python3.12/site-packages/airflow/example_dags/example_trigger_target_dag.py
[2025-03-10T21:25:00.353+0000] {logging_mixin.py:190} INFO - [2025-03-10T21:25:00.353+0000] {dag.py:3239} INFO - Sync 1 DAGs
[2025-03-10T21:25:00.368+0000] {logging_mixin.py:190} INFO - [2025-03-10T21:25:00.368+0000] {dag.py:4180} INFO - Setting next_dagrun for example_trigger_target_dag to None, run_after=None
[2025-03-10T21:25:00.385+0000] {processor.py:208} INFO - Processing /home/airflow/.local/lib/python3.12/site-packages/airflow/example_dags/example_trigger_target_dag.py took 0.066 seconds
[2025-03-10T21:25:31.299+0000] {processor.py:186} INFO - Started process (PID=2674) to work on /home/airflow/.local/lib/python3.12/site-packages/airflow/example_dags/example_trigger_target_dag.py
[2025-03-10T21:25:31.300+0000] {processor.py:914} INFO - Processing file /home/airflow/.local/lib/python3.12/site-packages/airflow/example_dags/example_trigger_target_dag.py for tasks to queue
[2025-03-10T21:25:31.302+0000] {logging_mixin.py:190} INFO - [2025-03-10T21:25:31.302+0000] {dagbag.py:588} INFO - Filling up the DagBag from /home/airflow/.local/lib/python3.12/site-packages/airflow/example_dags/example_trigger_target_dag.py
[2025-03-10T21:25:31.309+0000] {processor.py:925} INFO - DAG(s) 'example_trigger_target_dag' retrieved from /home/airflow/.local/lib/python3.12/site-packages/airflow/example_dags/example_trigger_target_dag.py
[2025-03-10T21:25:31.325+0000] {logging_mixin.py:190} INFO - [2025-03-10T21:25:31.325+0000] {dag.py:3239} INFO - Sync 1 DAGs
[2025-03-10T21:25:31.338+0000] {logging_mixin.py:190} INFO - [2025-03-10T21:25:31.338+0000] {dag.py:4180} INFO - Setting next_dagrun for example_trigger_target_dag to None, run_after=None
[2025-03-10T21:25:31.354+0000] {processor.py:208} INFO - Processing /home/airflow/.local/lib/python3.12/site-packages/airflow/example_dags/example_trigger_target_dag.py took 0.060 seconds
[2025-03-10T21:26:02.422+0000] {processor.py:186} INFO - Started process (PID=2738) to work on /home/airflow/.local/lib/python3.12/site-packages/airflow/example_dags/example_trigger_target_dag.py
[2025-03-10T21:26:02.422+0000] {processor.py:914} INFO - Processing file /home/airflow/.local/lib/python3.12/site-packages/airflow/example_dags/example_trigger_target_dag.py for tasks to queue
[2025-03-10T21:26:02.424+0000] {logging_mixin.py:190} INFO - [2025-03-10T21:26:02.424+0000] {dagbag.py:588} INFO - Filling up the DagBag from /home/airflow/.local/lib/python3.12/site-packages/airflow/example_dags/example_trigger_target_dag.py
[2025-03-10T21:26:02.430+0000] {processor.py:925} INFO - DAG(s) 'example_trigger_target_dag' retrieved from /home/airflow/.local/lib/python3.12/site-packages/airflow/example_dags/example_trigger_target_dag.py
[2025-03-10T21:26:02.446+0000] {logging_mixin.py:190} INFO - [2025-03-10T21:26:02.446+0000] {dag.py:3239} INFO - Sync 1 DAGs
[2025-03-10T21:26:02.458+0000] {logging_mixin.py:190} INFO - [2025-03-10T21:26:02.458+0000] {dag.py:4180} INFO - Setting next_dagrun for example_trigger_target_dag to None, run_after=None
[2025-03-10T21:26:02.472+0000] {processor.py:208} INFO - Processing /home/airflow/.local/lib/python3.12/site-packages/airflow/example_dags/example_trigger_target_dag.py took 0.055 seconds
[2025-03-10T21:26:33.669+0000] {processor.py:186} INFO - Started process (PID=2803) to work on /home/airflow/.local/lib/python3.12/site-packages/airflow/example_dags/example_trigger_target_dag.py
[2025-03-10T21:26:33.670+0000] {processor.py:914} INFO - Processing file /home/airflow/.local/lib/python3.12/site-packages/airflow/example_dags/example_trigger_target_dag.py for tasks to queue
[2025-03-10T21:26:33.672+0000] {logging_mixin.py:190} INFO - [2025-03-10T21:26:33.671+0000] {dagbag.py:588} INFO - Filling up the DagBag from /home/airflow/.local/lib/python3.12/site-packages/airflow/example_dags/example_trigger_target_dag.py
[2025-03-10T21:26:33.678+0000] {processor.py:925} INFO - DAG(s) 'example_trigger_target_dag' retrieved from /home/airflow/.local/lib/python3.12/site-packages/airflow/example_dags/example_trigger_target_dag.py
[2025-03-10T21:26:33.693+0000] {logging_mixin.py:190} INFO - [2025-03-10T21:26:33.693+0000] {dag.py:3239} INFO - Sync 1 DAGs
[2025-03-10T21:26:33.705+0000] {logging_mixin.py:190} INFO - [2025-03-10T21:26:33.705+0000] {dag.py:4180} INFO - Setting next_dagrun for example_trigger_target_dag to None, run_after=None
[2025-03-10T21:26:33.720+0000] {processor.py:208} INFO - Processing /home/airflow/.local/lib/python3.12/site-packages/airflow/example_dags/example_trigger_target_dag.py took 0.056 seconds
[2025-03-10T21:27:04.659+0000] {processor.py:186} INFO - Started process (PID=2867) to work on /home/airflow/.local/lib/python3.12/site-packages/airflow/example_dags/example_trigger_target_dag.py
[2025-03-10T21:27:04.661+0000] {processor.py:914} INFO - Processing file /home/airflow/.local/lib/python3.12/site-packages/airflow/example_dags/example_trigger_target_dag.py for tasks to queue
[2025-03-10T21:27:04.663+0000] {logging_mixin.py:190} INFO - [2025-03-10T21:27:04.662+0000] {dagbag.py:588} INFO - Filling up the DagBag from /home/airflow/.local/lib/python3.12/site-packages/airflow/example_dags/example_trigger_target_dag.py
[2025-03-10T21:27:04.670+0000] {processor.py:925} INFO - DAG(s) 'example_trigger_target_dag' retrieved from /home/airflow/.local/lib/python3.12/site-packages/airflow/example_dags/example_trigger_target_dag.py
[2025-03-10T21:27:04.686+0000] {logging_mixin.py:190} INFO - [2025-03-10T21:27:04.686+0000] {dag.py:3239} INFO - Sync 1 DAGs
[2025-03-10T21:27:04.699+0000] {logging_mixin.py:190} INFO - [2025-03-10T21:27:04.698+0000] {dag.py:4180} INFO - Setting next_dagrun for example_trigger_target_dag to None, run_after=None
[2025-03-10T21:27:04.741+0000] {processor.py:208} INFO - Processing /home/airflow/.local/lib/python3.12/site-packages/airflow/example_dags/example_trigger_target_dag.py took 0.087 seconds
[2025-03-10T21:27:36.402+0000] {processor.py:186} INFO - Started process (PID=2932) to work on /home/airflow/.local/lib/python3.12/site-packages/airflow/example_dags/example_trigger_target_dag.py
[2025-03-10T21:27:36.403+0000] {processor.py:914} INFO - Processing file /home/airflow/.local/lib/python3.12/site-packages/airflow/example_dags/example_trigger_target_dag.py for tasks to queue
[2025-03-10T21:27:36.405+0000] {logging_mixin.py:190} INFO - [2025-03-10T21:27:36.405+0000] {dagbag.py:588} INFO - Filling up the DagBag from /home/airflow/.local/lib/python3.12/site-packages/airflow/example_dags/example_trigger_target_dag.py
[2025-03-10T21:27:36.411+0000] {processor.py:925} INFO - DAG(s) 'example_trigger_target_dag' retrieved from /home/airflow/.local/lib/python3.12/site-packages/airflow/example_dags/example_trigger_target_dag.py
[2025-03-10T21:27:36.426+0000] {logging_mixin.py:190} INFO - [2025-03-10T21:27:36.426+0000] {dag.py:3239} INFO - Sync 1 DAGs
[2025-03-10T21:27:36.438+0000] {logging_mixin.py:190} INFO - [2025-03-10T21:27:36.438+0000] {dag.py:4180} INFO - Setting next_dagrun for example_trigger_target_dag to None, run_after=None
[2025-03-10T21:27:36.455+0000] {processor.py:208} INFO - Processing /home/airflow/.local/lib/python3.12/site-packages/airflow/example_dags/example_trigger_target_dag.py took 0.058 seconds
[2025-03-10T21:28:45.762+0000] {processor.py:186} INFO - Started process (PID=3013) to work on /home/airflow/.local/lib/python3.12/site-packages/airflow/example_dags/example_trigger_target_dag.py
[2025-03-10T21:28:45.764+0000] {processor.py:914} INFO - Processing file /home/airflow/.local/lib/python3.12/site-packages/airflow/example_dags/example_trigger_target_dag.py for tasks to queue
[2025-03-10T21:28:45.766+0000] {logging_mixin.py:190} INFO - [2025-03-10T21:28:45.766+0000] {dagbag.py:588} INFO - Filling up the DagBag from /home/airflow/.local/lib/python3.12/site-packages/airflow/example_dags/example_trigger_target_dag.py
[2025-03-10T21:28:45.779+0000] {processor.py:925} INFO - DAG(s) 'example_trigger_target_dag' retrieved from /home/airflow/.local/lib/python3.12/site-packages/airflow/example_dags/example_trigger_target_dag.py
[2025-03-10T21:28:45.801+0000] {logging_mixin.py:190} INFO - [2025-03-10T21:28:45.801+0000] {dag.py:3239} INFO - Sync 1 DAGs
[2025-03-10T21:28:45.818+0000] {logging_mixin.py:190} INFO - [2025-03-10T21:28:45.817+0000] {dag.py:4180} INFO - Setting next_dagrun for example_trigger_target_dag to None, run_after=None
[2025-03-10T21:28:45.841+0000] {processor.py:208} INFO - Processing /home/airflow/.local/lib/python3.12/site-packages/airflow/example_dags/example_trigger_target_dag.py took 0.086 seconds
[2025-03-10T21:29:17.367+0000] {processor.py:186} INFO - Started process (PID=3080) to work on /home/airflow/.local/lib/python3.12/site-packages/airflow/example_dags/example_trigger_target_dag.py
[2025-03-10T21:29:17.368+0000] {processor.py:914} INFO - Processing file /home/airflow/.local/lib/python3.12/site-packages/airflow/example_dags/example_trigger_target_dag.py for tasks to queue
[2025-03-10T21:29:17.370+0000] {logging_mixin.py:190} INFO - [2025-03-10T21:29:17.370+0000] {dagbag.py:588} INFO - Filling up the DagBag from /home/airflow/.local/lib/python3.12/site-packages/airflow/example_dags/example_trigger_target_dag.py
[2025-03-10T21:29:17.378+0000] {processor.py:925} INFO - DAG(s) 'example_trigger_target_dag' retrieved from /home/airflow/.local/lib/python3.12/site-packages/airflow/example_dags/example_trigger_target_dag.py
[2025-03-10T21:29:17.394+0000] {logging_mixin.py:190} INFO - [2025-03-10T21:29:17.394+0000] {dag.py:3239} INFO - Sync 1 DAGs
[2025-03-10T21:29:17.410+0000] {logging_mixin.py:190} INFO - [2025-03-10T21:29:17.409+0000] {dag.py:4180} INFO - Setting next_dagrun for example_trigger_target_dag to None, run_after=None
[2025-03-10T21:29:17.434+0000] {processor.py:208} INFO - Processing /home/airflow/.local/lib/python3.12/site-packages/airflow/example_dags/example_trigger_target_dag.py took 0.073 seconds
[2025-03-10T21:29:48.673+0000] {processor.py:186} INFO - Started process (PID=3145) to work on /home/airflow/.local/lib/python3.12/site-packages/airflow/example_dags/example_trigger_target_dag.py
[2025-03-10T21:29:48.676+0000] {processor.py:914} INFO - Processing file /home/airflow/.local/lib/python3.12/site-packages/airflow/example_dags/example_trigger_target_dag.py for tasks to queue
[2025-03-10T21:29:48.678+0000] {logging_mixin.py:190} INFO - [2025-03-10T21:29:48.678+0000] {dagbag.py:588} INFO - Filling up the DagBag from /home/airflow/.local/lib/python3.12/site-packages/airflow/example_dags/example_trigger_target_dag.py
[2025-03-10T21:29:48.686+0000] {processor.py:925} INFO - DAG(s) 'example_trigger_target_dag' retrieved from /home/airflow/.local/lib/python3.12/site-packages/airflow/example_dags/example_trigger_target_dag.py
[2025-03-10T21:29:48.704+0000] {logging_mixin.py:190} INFO - [2025-03-10T21:29:48.704+0000] {dag.py:3239} INFO - Sync 1 DAGs
[2025-03-10T21:29:48.718+0000] {logging_mixin.py:190} INFO - [2025-03-10T21:29:48.718+0000] {dag.py:4180} INFO - Setting next_dagrun for example_trigger_target_dag to None, run_after=None
[2025-03-10T21:29:48.736+0000] {processor.py:208} INFO - Processing /home/airflow/.local/lib/python3.12/site-packages/airflow/example_dags/example_trigger_target_dag.py took 0.069 seconds
[2025-03-10T21:30:25.806+0000] {processor.py:186} INFO - Started process (PID=3210) to work on /home/airflow/.local/lib/python3.12/site-packages/airflow/example_dags/example_trigger_target_dag.py
[2025-03-10T21:30:25.807+0000] {processor.py:914} INFO - Processing file /home/airflow/.local/lib/python3.12/site-packages/airflow/example_dags/example_trigger_target_dag.py for tasks to queue
[2025-03-10T21:30:25.809+0000] {logging_mixin.py:190} INFO - [2025-03-10T21:30:25.809+0000] {dagbag.py:588} INFO - Filling up the DagBag from /home/airflow/.local/lib/python3.12/site-packages/airflow/example_dags/example_trigger_target_dag.py
[2025-03-10T21:30:25.820+0000] {processor.py:925} INFO - DAG(s) 'example_trigger_target_dag' retrieved from /home/airflow/.local/lib/python3.12/site-packages/airflow/example_dags/example_trigger_target_dag.py
[2025-03-10T21:30:25.841+0000] {logging_mixin.py:190} INFO - [2025-03-10T21:30:25.840+0000] {dag.py:3239} INFO - Sync 1 DAGs
[2025-03-10T21:30:25.862+0000] {logging_mixin.py:190} INFO - [2025-03-10T21:30:25.861+0000] {dag.py:4180} INFO - Setting next_dagrun for example_trigger_target_dag to None, run_after=None
[2025-03-10T21:30:25.887+0000] {processor.py:208} INFO - Processing /home/airflow/.local/lib/python3.12/site-packages/airflow/example_dags/example_trigger_target_dag.py took 0.088 seconds
[2025-03-10T21:30:57.610+0000] {processor.py:186} INFO - Started process (PID=3274) to work on /home/airflow/.local/lib/python3.12/site-packages/airflow/example_dags/example_trigger_target_dag.py
[2025-03-10T21:30:57.612+0000] {processor.py:914} INFO - Processing file /home/airflow/.local/lib/python3.12/site-packages/airflow/example_dags/example_trigger_target_dag.py for tasks to queue
[2025-03-10T21:30:57.614+0000] {logging_mixin.py:190} INFO - [2025-03-10T21:30:57.614+0000] {dagbag.py:588} INFO - Filling up the DagBag from /home/airflow/.local/lib/python3.12/site-packages/airflow/example_dags/example_trigger_target_dag.py
[2025-03-10T21:30:57.623+0000] {processor.py:925} INFO - DAG(s) 'example_trigger_target_dag' retrieved from /home/airflow/.local/lib/python3.12/site-packages/airflow/example_dags/example_trigger_target_dag.py
[2025-03-10T21:30:57.643+0000] {logging_mixin.py:190} INFO - [2025-03-10T21:30:57.642+0000] {dag.py:3239} INFO - Sync 1 DAGs
[2025-03-10T21:30:57.659+0000] {logging_mixin.py:190} INFO - [2025-03-10T21:30:57.658+0000] {dag.py:4180} INFO - Setting next_dagrun for example_trigger_target_dag to None, run_after=None
[2025-03-10T21:30:57.678+0000] {processor.py:208} INFO - Processing /home/airflow/.local/lib/python3.12/site-packages/airflow/example_dags/example_trigger_target_dag.py took 0.075 seconds
[2025-03-10T21:31:53.230+0000] {processor.py:186} INFO - Started process (PID=3377) to work on /home/airflow/.local/lib/python3.12/site-packages/airflow/example_dags/example_trigger_target_dag.py
[2025-03-10T21:31:53.233+0000] {processor.py:914} INFO - Processing file /home/airflow/.local/lib/python3.12/site-packages/airflow/example_dags/example_trigger_target_dag.py for tasks to queue
[2025-03-10T21:31:53.237+0000] {logging_mixin.py:190} INFO - [2025-03-10T21:31:53.236+0000] {dagbag.py:588} INFO - Filling up the DagBag from /home/airflow/.local/lib/python3.12/site-packages/airflow/example_dags/example_trigger_target_dag.py
[2025-03-10T21:31:53.256+0000] {processor.py:925} INFO - DAG(s) 'example_trigger_target_dag' retrieved from /home/airflow/.local/lib/python3.12/site-packages/airflow/example_dags/example_trigger_target_dag.py
[2025-03-10T21:31:53.293+0000] {logging_mixin.py:190} INFO - [2025-03-10T21:31:53.293+0000] {dag.py:3239} INFO - Sync 1 DAGs
[2025-03-10T21:31:53.320+0000] {logging_mixin.py:190} INFO - [2025-03-10T21:31:53.320+0000] {dag.py:4180} INFO - Setting next_dagrun for example_trigger_target_dag to None, run_after=None
[2025-03-10T21:31:53.349+0000] {processor.py:208} INFO - Processing /home/airflow/.local/lib/python3.12/site-packages/airflow/example_dags/example_trigger_target_dag.py took 0.128 seconds
[2025-03-10T21:32:39.951+0000] {processor.py:186} INFO - Started process (PID=3444) to work on /home/airflow/.local/lib/python3.12/site-packages/airflow/example_dags/example_trigger_target_dag.py
[2025-03-10T21:32:39.953+0000] {processor.py:914} INFO - Processing file /home/airflow/.local/lib/python3.12/site-packages/airflow/example_dags/example_trigger_target_dag.py for tasks to queue
[2025-03-10T21:32:39.957+0000] {logging_mixin.py:190} INFO - [2025-03-10T21:32:39.957+0000] {dagbag.py:588} INFO - Filling up the DagBag from /home/airflow/.local/lib/python3.12/site-packages/airflow/example_dags/example_trigger_target_dag.py
[2025-03-10T21:32:39.970+0000] {processor.py:925} INFO - DAG(s) 'example_trigger_target_dag' retrieved from /home/airflow/.local/lib/python3.12/site-packages/airflow/example_dags/example_trigger_target_dag.py
[2025-03-10T21:32:39.992+0000] {logging_mixin.py:190} INFO - [2025-03-10T21:32:39.991+0000] {dag.py:3239} INFO - Sync 1 DAGs
[2025-03-10T21:32:40.010+0000] {logging_mixin.py:190} INFO - [2025-03-10T21:32:40.010+0000] {dag.py:4180} INFO - Setting next_dagrun for example_trigger_target_dag to None, run_after=None
[2025-03-10T21:32:40.044+0000] {processor.py:208} INFO - Processing /home/airflow/.local/lib/python3.12/site-packages/airflow/example_dags/example_trigger_target_dag.py took 0.105 seconds
