[2025-03-10T21:04:47.532+0000] {processor.py:186} INFO - Started process (PID=67) to work on /home/airflow/.local/lib/python3.12/site-packages/airflow/example_dags/example_skip_dag.py
[2025-03-10T21:04:47.533+0000] {processor.py:914} INFO - Processing file /home/airflow/.local/lib/python3.12/site-packages/airflow/example_dags/example_skip_dag.py for tasks to queue
[2025-03-10T21:04:47.536+0000] {logging_mixin.py:190} INFO - [2025-03-10T21:04:47.536+0000] {dagbag.py:588} INFO - Filling up the DagBag from /home/airflow/.local/lib/python3.12/site-packages/airflow/example_dags/example_skip_dag.py
[2025-03-10T21:04:47.542+0000] {processor.py:925} INFO - DAG(s) 'example_skip_dag' retrieved from /home/airflow/.local/lib/python3.12/site-packages/airflow/example_dags/example_skip_dag.py
[2025-03-10T21:04:47.560+0000] {logging_mixin.py:190} INFO - [2025-03-10T21:04:47.560+0000] {dag.py:3239} INFO - Sync 1 DAGs
[2025-03-10T21:04:47.581+0000] {logging_mixin.py:190} INFO - [2025-03-10T21:04:47.581+0000] {dag.py:4180} INFO - Setting next_dagrun for example_skip_dag to 2025-03-09 00:00:00+00:00, run_after=2025-03-10 00:00:00+00:00
[2025-03-10T21:04:47.595+0000] {processor.py:208} INFO - Processing /home/airflow/.local/lib/python3.12/site-packages/airflow/example_dags/example_skip_dag.py took 0.068 seconds
[2025-03-10T21:05:18.385+0000] {processor.py:186} INFO - Started process (PID=131) to work on /home/airflow/.local/lib/python3.12/site-packages/airflow/example_dags/example_skip_dag.py
[2025-03-10T21:05:18.387+0000] {processor.py:914} INFO - Processing file /home/airflow/.local/lib/python3.12/site-packages/airflow/example_dags/example_skip_dag.py for tasks to queue
[2025-03-10T21:05:18.391+0000] {logging_mixin.py:190} INFO - [2025-03-10T21:05:18.390+0000] {dagbag.py:588} INFO - Filling up the DagBag from /home/airflow/.local/lib/python3.12/site-packages/airflow/example_dags/example_skip_dag.py
[2025-03-10T21:05:18.402+0000] {processor.py:925} INFO - DAG(s) 'example_skip_dag' retrieved from /home/airflow/.local/lib/python3.12/site-packages/airflow/example_dags/example_skip_dag.py
[2025-03-10T21:05:18.429+0000] {logging_mixin.py:190} INFO - [2025-03-10T21:05:18.429+0000] {dag.py:3239} INFO - Sync 1 DAGs
[2025-03-10T21:05:18.462+0000] {logging_mixin.py:190} INFO - [2025-03-10T21:05:18.461+0000] {dag.py:4180} INFO - Setting next_dagrun for example_skip_dag to 2025-03-09 00:00:00+00:00, run_after=2025-03-10 00:00:00+00:00
[2025-03-10T21:05:18.482+0000] {processor.py:208} INFO - Processing /home/airflow/.local/lib/python3.12/site-packages/airflow/example_dags/example_skip_dag.py took 0.106 seconds
[2025-03-10T21:05:49.443+0000] {processor.py:186} INFO - Started process (PID=201) to work on /home/airflow/.local/lib/python3.12/site-packages/airflow/example_dags/example_skip_dag.py
[2025-03-10T21:05:49.444+0000] {processor.py:914} INFO - Processing file /home/airflow/.local/lib/python3.12/site-packages/airflow/example_dags/example_skip_dag.py for tasks to queue
[2025-03-10T21:05:49.446+0000] {logging_mixin.py:190} INFO - [2025-03-10T21:05:49.446+0000] {dagbag.py:588} INFO - Filling up the DagBag from /home/airflow/.local/lib/python3.12/site-packages/airflow/example_dags/example_skip_dag.py
[2025-03-10T21:05:49.452+0000] {processor.py:925} INFO - DAG(s) 'example_skip_dag' retrieved from /home/airflow/.local/lib/python3.12/site-packages/airflow/example_dags/example_skip_dag.py
[2025-03-10T21:05:49.475+0000] {logging_mixin.py:190} INFO - [2025-03-10T21:05:49.475+0000] {dag.py:3239} INFO - Sync 1 DAGs
[2025-03-10T21:05:49.496+0000] {logging_mixin.py:190} INFO - [2025-03-10T21:05:49.496+0000] {dag.py:4180} INFO - Setting next_dagrun for example_skip_dag to 2025-03-09 00:00:00+00:00, run_after=2025-03-10 00:00:00+00:00
[2025-03-10T21:05:49.550+0000] {processor.py:208} INFO - Processing /home/airflow/.local/lib/python3.12/site-packages/airflow/example_dags/example_skip_dag.py took 0.113 seconds
[2025-03-10T21:06:20.258+0000] {processor.py:186} INFO - Started process (PID=265) to work on /home/airflow/.local/lib/python3.12/site-packages/airflow/example_dags/example_skip_dag.py
[2025-03-10T21:06:20.258+0000] {processor.py:914} INFO - Processing file /home/airflow/.local/lib/python3.12/site-packages/airflow/example_dags/example_skip_dag.py for tasks to queue
[2025-03-10T21:06:20.260+0000] {logging_mixin.py:190} INFO - [2025-03-10T21:06:20.260+0000] {dagbag.py:588} INFO - Filling up the DagBag from /home/airflow/.local/lib/python3.12/site-packages/airflow/example_dags/example_skip_dag.py
[2025-03-10T21:06:20.266+0000] {processor.py:925} INFO - DAG(s) 'example_skip_dag' retrieved from /home/airflow/.local/lib/python3.12/site-packages/airflow/example_dags/example_skip_dag.py
[2025-03-10T21:06:20.283+0000] {logging_mixin.py:190} INFO - [2025-03-10T21:06:20.283+0000] {dag.py:3239} INFO - Sync 1 DAGs
[2025-03-10T21:06:20.302+0000] {logging_mixin.py:190} INFO - [2025-03-10T21:06:20.302+0000] {dag.py:4180} INFO - Setting next_dagrun for example_skip_dag to 2025-03-09 00:00:00+00:00, run_after=2025-03-10 00:00:00+00:00
[2025-03-10T21:06:20.317+0000] {processor.py:208} INFO - Processing /home/airflow/.local/lib/python3.12/site-packages/airflow/example_dags/example_skip_dag.py took 0.064 seconds
[2025-03-10T21:06:51.143+0000] {processor.py:186} INFO - Started process (PID=328) to work on /home/airflow/.local/lib/python3.12/site-packages/airflow/example_dags/example_skip_dag.py
[2025-03-10T21:06:51.144+0000] {processor.py:914} INFO - Processing file /home/airflow/.local/lib/python3.12/site-packages/airflow/example_dags/example_skip_dag.py for tasks to queue
[2025-03-10T21:06:51.146+0000] {logging_mixin.py:190} INFO - [2025-03-10T21:06:51.146+0000] {dagbag.py:588} INFO - Filling up the DagBag from /home/airflow/.local/lib/python3.12/site-packages/airflow/example_dags/example_skip_dag.py
[2025-03-10T21:06:51.153+0000] {processor.py:925} INFO - DAG(s) 'example_skip_dag' retrieved from /home/airflow/.local/lib/python3.12/site-packages/airflow/example_dags/example_skip_dag.py
[2025-03-10T21:06:51.171+0000] {logging_mixin.py:190} INFO - [2025-03-10T21:06:51.171+0000] {dag.py:3239} INFO - Sync 1 DAGs
[2025-03-10T21:06:51.190+0000] {logging_mixin.py:190} INFO - [2025-03-10T21:06:51.190+0000] {dag.py:4180} INFO - Setting next_dagrun for example_skip_dag to 2025-03-09 00:00:00+00:00, run_after=2025-03-10 00:00:00+00:00
[2025-03-10T21:06:51.204+0000] {processor.py:208} INFO - Processing /home/airflow/.local/lib/python3.12/site-packages/airflow/example_dags/example_skip_dag.py took 0.067 seconds
[2025-03-10T21:07:21.811+0000] {processor.py:186} INFO - Started process (PID=392) to work on /home/airflow/.local/lib/python3.12/site-packages/airflow/example_dags/example_skip_dag.py
[2025-03-10T21:07:21.811+0000] {processor.py:914} INFO - Processing file /home/airflow/.local/lib/python3.12/site-packages/airflow/example_dags/example_skip_dag.py for tasks to queue
[2025-03-10T21:07:21.813+0000] {logging_mixin.py:190} INFO - [2025-03-10T21:07:21.813+0000] {dagbag.py:588} INFO - Filling up the DagBag from /home/airflow/.local/lib/python3.12/site-packages/airflow/example_dags/example_skip_dag.py
[2025-03-10T21:07:21.819+0000] {processor.py:925} INFO - DAG(s) 'example_skip_dag' retrieved from /home/airflow/.local/lib/python3.12/site-packages/airflow/example_dags/example_skip_dag.py
[2025-03-10T21:07:21.836+0000] {logging_mixin.py:190} INFO - [2025-03-10T21:07:21.835+0000] {dag.py:3239} INFO - Sync 1 DAGs
[2025-03-10T21:07:21.856+0000] {logging_mixin.py:190} INFO - [2025-03-10T21:07:21.856+0000] {dag.py:4180} INFO - Setting next_dagrun for example_skip_dag to 2025-03-09 00:00:00+00:00, run_after=2025-03-10 00:00:00+00:00
[2025-03-10T21:07:21.873+0000] {processor.py:208} INFO - Processing /home/airflow/.local/lib/python3.12/site-packages/airflow/example_dags/example_skip_dag.py took 0.067 seconds
[2025-03-10T21:07:52.569+0000] {processor.py:186} INFO - Started process (PID=456) to work on /home/airflow/.local/lib/python3.12/site-packages/airflow/example_dags/example_skip_dag.py
[2025-03-10T21:07:52.570+0000] {processor.py:914} INFO - Processing file /home/airflow/.local/lib/python3.12/site-packages/airflow/example_dags/example_skip_dag.py for tasks to queue
[2025-03-10T21:07:52.572+0000] {logging_mixin.py:190} INFO - [2025-03-10T21:07:52.572+0000] {dagbag.py:588} INFO - Filling up the DagBag from /home/airflow/.local/lib/python3.12/site-packages/airflow/example_dags/example_skip_dag.py
[2025-03-10T21:07:52.578+0000] {processor.py:925} INFO - DAG(s) 'example_skip_dag' retrieved from /home/airflow/.local/lib/python3.12/site-packages/airflow/example_dags/example_skip_dag.py
[2025-03-10T21:07:52.594+0000] {logging_mixin.py:190} INFO - [2025-03-10T21:07:52.593+0000] {dag.py:3239} INFO - Sync 1 DAGs
[2025-03-10T21:07:52.614+0000] {logging_mixin.py:190} INFO - [2025-03-10T21:07:52.614+0000] {dag.py:4180} INFO - Setting next_dagrun for example_skip_dag to 2025-03-09 00:00:00+00:00, run_after=2025-03-10 00:00:00+00:00
[2025-03-10T21:07:52.631+0000] {processor.py:208} INFO - Processing /home/airflow/.local/lib/python3.12/site-packages/airflow/example_dags/example_skip_dag.py took 0.067 seconds
[2025-03-10T21:08:23.657+0000] {processor.py:186} INFO - Started process (PID=520) to work on /home/airflow/.local/lib/python3.12/site-packages/airflow/example_dags/example_skip_dag.py
[2025-03-10T21:08:23.658+0000] {processor.py:914} INFO - Processing file /home/airflow/.local/lib/python3.12/site-packages/airflow/example_dags/example_skip_dag.py for tasks to queue
[2025-03-10T21:08:23.659+0000] {logging_mixin.py:190} INFO - [2025-03-10T21:08:23.659+0000] {dagbag.py:588} INFO - Filling up the DagBag from /home/airflow/.local/lib/python3.12/site-packages/airflow/example_dags/example_skip_dag.py
[2025-03-10T21:08:23.668+0000] {processor.py:925} INFO - DAG(s) 'example_skip_dag' retrieved from /home/airflow/.local/lib/python3.12/site-packages/airflow/example_dags/example_skip_dag.py
[2025-03-10T21:08:23.686+0000] {logging_mixin.py:190} INFO - [2025-03-10T21:08:23.686+0000] {dag.py:3239} INFO - Sync 1 DAGs
[2025-03-10T21:08:23.708+0000] {logging_mixin.py:190} INFO - [2025-03-10T21:08:23.708+0000] {dag.py:4180} INFO - Setting next_dagrun for example_skip_dag to 2025-03-09 00:00:00+00:00, run_after=2025-03-10 00:00:00+00:00
[2025-03-10T21:08:23.723+0000] {processor.py:208} INFO - Processing /home/airflow/.local/lib/python3.12/site-packages/airflow/example_dags/example_skip_dag.py took 0.071 seconds
[2025-03-10T21:08:53.919+0000] {processor.py:186} INFO - Started process (PID=584) to work on /home/airflow/.local/lib/python3.12/site-packages/airflow/example_dags/example_skip_dag.py
[2025-03-10T21:08:53.920+0000] {processor.py:914} INFO - Processing file /home/airflow/.local/lib/python3.12/site-packages/airflow/example_dags/example_skip_dag.py for tasks to queue
[2025-03-10T21:08:53.922+0000] {logging_mixin.py:190} INFO - [2025-03-10T21:08:53.922+0000] {dagbag.py:588} INFO - Filling up the DagBag from /home/airflow/.local/lib/python3.12/site-packages/airflow/example_dags/example_skip_dag.py
[2025-03-10T21:08:53.928+0000] {processor.py:925} INFO - DAG(s) 'example_skip_dag' retrieved from /home/airflow/.local/lib/python3.12/site-packages/airflow/example_dags/example_skip_dag.py
[2025-03-10T21:08:53.944+0000] {logging_mixin.py:190} INFO - [2025-03-10T21:08:53.944+0000] {dag.py:3239} INFO - Sync 1 DAGs
[2025-03-10T21:08:53.962+0000] {logging_mixin.py:190} INFO - [2025-03-10T21:08:53.962+0000] {dag.py:4180} INFO - Setting next_dagrun for example_skip_dag to 2025-03-09 00:00:00+00:00, run_after=2025-03-10 00:00:00+00:00
[2025-03-10T21:08:53.975+0000] {processor.py:208} INFO - Processing /home/airflow/.local/lib/python3.12/site-packages/airflow/example_dags/example_skip_dag.py took 0.060 seconds
[2025-03-10T21:09:25.081+0000] {processor.py:186} INFO - Started process (PID=648) to work on /home/airflow/.local/lib/python3.12/site-packages/airflow/example_dags/example_skip_dag.py
[2025-03-10T21:09:25.082+0000] {processor.py:914} INFO - Processing file /home/airflow/.local/lib/python3.12/site-packages/airflow/example_dags/example_skip_dag.py for tasks to queue
[2025-03-10T21:09:25.084+0000] {logging_mixin.py:190} INFO - [2025-03-10T21:09:25.083+0000] {dagbag.py:588} INFO - Filling up the DagBag from /home/airflow/.local/lib/python3.12/site-packages/airflow/example_dags/example_skip_dag.py
[2025-03-10T21:09:25.090+0000] {processor.py:925} INFO - DAG(s) 'example_skip_dag' retrieved from /home/airflow/.local/lib/python3.12/site-packages/airflow/example_dags/example_skip_dag.py
[2025-03-10T21:09:25.106+0000] {logging_mixin.py:190} INFO - [2025-03-10T21:09:25.105+0000] {dag.py:3239} INFO - Sync 1 DAGs
[2025-03-10T21:09:25.124+0000] {logging_mixin.py:190} INFO - [2025-03-10T21:09:25.123+0000] {dag.py:4180} INFO - Setting next_dagrun for example_skip_dag to 2025-03-09 00:00:00+00:00, run_after=2025-03-10 00:00:00+00:00
[2025-03-10T21:09:25.138+0000] {processor.py:208} INFO - Processing /home/airflow/.local/lib/python3.12/site-packages/airflow/example_dags/example_skip_dag.py took 0.062 seconds
[2025-03-10T21:09:55.825+0000] {processor.py:186} INFO - Started process (PID=712) to work on /home/airflow/.local/lib/python3.12/site-packages/airflow/example_dags/example_skip_dag.py
[2025-03-10T21:09:55.826+0000] {processor.py:914} INFO - Processing file /home/airflow/.local/lib/python3.12/site-packages/airflow/example_dags/example_skip_dag.py for tasks to queue
[2025-03-10T21:09:55.827+0000] {logging_mixin.py:190} INFO - [2025-03-10T21:09:55.827+0000] {dagbag.py:588} INFO - Filling up the DagBag from /home/airflow/.local/lib/python3.12/site-packages/airflow/example_dags/example_skip_dag.py
[2025-03-10T21:09:55.834+0000] {processor.py:925} INFO - DAG(s) 'example_skip_dag' retrieved from /home/airflow/.local/lib/python3.12/site-packages/airflow/example_dags/example_skip_dag.py
[2025-03-10T21:09:55.850+0000] {logging_mixin.py:190} INFO - [2025-03-10T21:09:55.850+0000] {dag.py:3239} INFO - Sync 1 DAGs
[2025-03-10T21:09:55.870+0000] {logging_mixin.py:190} INFO - [2025-03-10T21:09:55.870+0000] {dag.py:4180} INFO - Setting next_dagrun for example_skip_dag to 2025-03-09 00:00:00+00:00, run_after=2025-03-10 00:00:00+00:00
[2025-03-10T21:09:55.886+0000] {processor.py:208} INFO - Processing /home/airflow/.local/lib/python3.12/site-packages/airflow/example_dags/example_skip_dag.py took 0.065 seconds
[2025-03-10T21:10:26.907+0000] {processor.py:186} INFO - Started process (PID=776) to work on /home/airflow/.local/lib/python3.12/site-packages/airflow/example_dags/example_skip_dag.py
[2025-03-10T21:10:26.908+0000] {processor.py:914} INFO - Processing file /home/airflow/.local/lib/python3.12/site-packages/airflow/example_dags/example_skip_dag.py for tasks to queue
[2025-03-10T21:10:26.910+0000] {logging_mixin.py:190} INFO - [2025-03-10T21:10:26.909+0000] {dagbag.py:588} INFO - Filling up the DagBag from /home/airflow/.local/lib/python3.12/site-packages/airflow/example_dags/example_skip_dag.py
[2025-03-10T21:10:26.916+0000] {processor.py:925} INFO - DAG(s) 'example_skip_dag' retrieved from /home/airflow/.local/lib/python3.12/site-packages/airflow/example_dags/example_skip_dag.py
[2025-03-10T21:10:26.933+0000] {logging_mixin.py:190} INFO - [2025-03-10T21:10:26.933+0000] {dag.py:3239} INFO - Sync 1 DAGs
[2025-03-10T21:10:26.952+0000] {logging_mixin.py:190} INFO - [2025-03-10T21:10:26.951+0000] {dag.py:4180} INFO - Setting next_dagrun for example_skip_dag to 2025-03-09 00:00:00+00:00, run_after=2025-03-10 00:00:00+00:00
[2025-03-10T21:10:26.965+0000] {processor.py:208} INFO - Processing /home/airflow/.local/lib/python3.12/site-packages/airflow/example_dags/example_skip_dag.py took 0.064 seconds
[2025-03-10T21:10:57.065+0000] {processor.py:186} INFO - Started process (PID=840) to work on /home/airflow/.local/lib/python3.12/site-packages/airflow/example_dags/example_skip_dag.py
[2025-03-10T21:10:57.066+0000] {processor.py:914} INFO - Processing file /home/airflow/.local/lib/python3.12/site-packages/airflow/example_dags/example_skip_dag.py for tasks to queue
[2025-03-10T21:10:57.067+0000] {logging_mixin.py:190} INFO - [2025-03-10T21:10:57.067+0000] {dagbag.py:588} INFO - Filling up the DagBag from /home/airflow/.local/lib/python3.12/site-packages/airflow/example_dags/example_skip_dag.py
[2025-03-10T21:10:57.073+0000] {processor.py:925} INFO - DAG(s) 'example_skip_dag' retrieved from /home/airflow/.local/lib/python3.12/site-packages/airflow/example_dags/example_skip_dag.py
[2025-03-10T21:10:57.089+0000] {logging_mixin.py:190} INFO - [2025-03-10T21:10:57.089+0000] {dag.py:3239} INFO - Sync 1 DAGs
[2025-03-10T21:10:57.106+0000] {logging_mixin.py:190} INFO - [2025-03-10T21:10:57.106+0000] {dag.py:4180} INFO - Setting next_dagrun for example_skip_dag to 2025-03-09 00:00:00+00:00, run_after=2025-03-10 00:00:00+00:00
[2025-03-10T21:10:57.119+0000] {processor.py:208} INFO - Processing /home/airflow/.local/lib/python3.12/site-packages/airflow/example_dags/example_skip_dag.py took 0.059 seconds
[2025-03-10T21:11:27.725+0000] {processor.py:186} INFO - Started process (PID=904) to work on /home/airflow/.local/lib/python3.12/site-packages/airflow/example_dags/example_skip_dag.py
[2025-03-10T21:11:27.726+0000] {processor.py:914} INFO - Processing file /home/airflow/.local/lib/python3.12/site-packages/airflow/example_dags/example_skip_dag.py for tasks to queue
[2025-03-10T21:11:27.728+0000] {logging_mixin.py:190} INFO - [2025-03-10T21:11:27.727+0000] {dagbag.py:588} INFO - Filling up the DagBag from /home/airflow/.local/lib/python3.12/site-packages/airflow/example_dags/example_skip_dag.py
[2025-03-10T21:11:27.734+0000] {processor.py:925} INFO - DAG(s) 'example_skip_dag' retrieved from /home/airflow/.local/lib/python3.12/site-packages/airflow/example_dags/example_skip_dag.py
[2025-03-10T21:11:27.750+0000] {logging_mixin.py:190} INFO - [2025-03-10T21:11:27.750+0000] {dag.py:3239} INFO - Sync 1 DAGs
[2025-03-10T21:11:27.768+0000] {logging_mixin.py:190} INFO - [2025-03-10T21:11:27.768+0000] {dag.py:4180} INFO - Setting next_dagrun for example_skip_dag to 2025-03-09 00:00:00+00:00, run_after=2025-03-10 00:00:00+00:00
[2025-03-10T21:11:27.781+0000] {processor.py:208} INFO - Processing /home/airflow/.local/lib/python3.12/site-packages/airflow/example_dags/example_skip_dag.py took 0.061 seconds
[2025-03-10T21:11:58.483+0000] {processor.py:186} INFO - Started process (PID=968) to work on /home/airflow/.local/lib/python3.12/site-packages/airflow/example_dags/example_skip_dag.py
[2025-03-10T21:11:58.483+0000] {processor.py:914} INFO - Processing file /home/airflow/.local/lib/python3.12/site-packages/airflow/example_dags/example_skip_dag.py for tasks to queue
[2025-03-10T21:11:58.485+0000] {logging_mixin.py:190} INFO - [2025-03-10T21:11:58.485+0000] {dagbag.py:588} INFO - Filling up the DagBag from /home/airflow/.local/lib/python3.12/site-packages/airflow/example_dags/example_skip_dag.py
[2025-03-10T21:11:58.492+0000] {processor.py:925} INFO - DAG(s) 'example_skip_dag' retrieved from /home/airflow/.local/lib/python3.12/site-packages/airflow/example_dags/example_skip_dag.py
[2025-03-10T21:11:58.509+0000] {logging_mixin.py:190} INFO - [2025-03-10T21:11:58.508+0000] {dag.py:3239} INFO - Sync 1 DAGs
[2025-03-10T21:11:58.528+0000] {logging_mixin.py:190} INFO - [2025-03-10T21:11:58.528+0000] {dag.py:4180} INFO - Setting next_dagrun for example_skip_dag to 2025-03-09 00:00:00+00:00, run_after=2025-03-10 00:00:00+00:00
[2025-03-10T21:11:58.543+0000] {processor.py:208} INFO - Processing /home/airflow/.local/lib/python3.12/site-packages/airflow/example_dags/example_skip_dag.py took 0.065 seconds
[2025-03-10T21:12:29.133+0000] {processor.py:186} INFO - Started process (PID=1032) to work on /home/airflow/.local/lib/python3.12/site-packages/airflow/example_dags/example_skip_dag.py
[2025-03-10T21:12:29.134+0000] {processor.py:914} INFO - Processing file /home/airflow/.local/lib/python3.12/site-packages/airflow/example_dags/example_skip_dag.py for tasks to queue
[2025-03-10T21:12:29.138+0000] {logging_mixin.py:190} INFO - [2025-03-10T21:12:29.137+0000] {dagbag.py:588} INFO - Filling up the DagBag from /home/airflow/.local/lib/python3.12/site-packages/airflow/example_dags/example_skip_dag.py
[2025-03-10T21:12:29.145+0000] {processor.py:925} INFO - DAG(s) 'example_skip_dag' retrieved from /home/airflow/.local/lib/python3.12/site-packages/airflow/example_dags/example_skip_dag.py
[2025-03-10T21:12:29.164+0000] {logging_mixin.py:190} INFO - [2025-03-10T21:12:29.164+0000] {dag.py:3239} INFO - Sync 1 DAGs
[2025-03-10T21:12:29.182+0000] {logging_mixin.py:190} INFO - [2025-03-10T21:12:29.182+0000] {dag.py:4180} INFO - Setting next_dagrun for example_skip_dag to 2025-03-09 00:00:00+00:00, run_after=2025-03-10 00:00:00+00:00
[2025-03-10T21:12:29.198+0000] {processor.py:208} INFO - Processing /home/airflow/.local/lib/python3.12/site-packages/airflow/example_dags/example_skip_dag.py took 0.071 seconds
[2025-03-10T21:13:00.021+0000] {processor.py:186} INFO - Started process (PID=1096) to work on /home/airflow/.local/lib/python3.12/site-packages/airflow/example_dags/example_skip_dag.py
[2025-03-10T21:13:00.022+0000] {processor.py:914} INFO - Processing file /home/airflow/.local/lib/python3.12/site-packages/airflow/example_dags/example_skip_dag.py for tasks to queue
[2025-03-10T21:13:00.023+0000] {logging_mixin.py:190} INFO - [2025-03-10T21:13:00.023+0000] {dagbag.py:588} INFO - Filling up the DagBag from /home/airflow/.local/lib/python3.12/site-packages/airflow/example_dags/example_skip_dag.py
[2025-03-10T21:13:00.030+0000] {processor.py:925} INFO - DAG(s) 'example_skip_dag' retrieved from /home/airflow/.local/lib/python3.12/site-packages/airflow/example_dags/example_skip_dag.py
[2025-03-10T21:13:00.046+0000] {logging_mixin.py:190} INFO - [2025-03-10T21:13:00.045+0000] {dag.py:3239} INFO - Sync 1 DAGs
[2025-03-10T21:13:00.065+0000] {logging_mixin.py:190} INFO - [2025-03-10T21:13:00.064+0000] {dag.py:4180} INFO - Setting next_dagrun for example_skip_dag to 2025-03-09 00:00:00+00:00, run_after=2025-03-10 00:00:00+00:00
[2025-03-10T21:13:00.079+0000] {processor.py:208} INFO - Processing /home/airflow/.local/lib/python3.12/site-packages/airflow/example_dags/example_skip_dag.py took 0.065 seconds
[2025-03-10T21:13:30.802+0000] {processor.py:186} INFO - Started process (PID=1161) to work on /home/airflow/.local/lib/python3.12/site-packages/airflow/example_dags/example_skip_dag.py
[2025-03-10T21:13:30.803+0000] {processor.py:914} INFO - Processing file /home/airflow/.local/lib/python3.12/site-packages/airflow/example_dags/example_skip_dag.py for tasks to queue
[2025-03-10T21:13:30.805+0000] {logging_mixin.py:190} INFO - [2025-03-10T21:13:30.804+0000] {dagbag.py:588} INFO - Filling up the DagBag from /home/airflow/.local/lib/python3.12/site-packages/airflow/example_dags/example_skip_dag.py
[2025-03-10T21:13:30.812+0000] {processor.py:925} INFO - DAG(s) 'example_skip_dag' retrieved from /home/airflow/.local/lib/python3.12/site-packages/airflow/example_dags/example_skip_dag.py
[2025-03-10T21:13:30.830+0000] {logging_mixin.py:190} INFO - [2025-03-10T21:13:30.830+0000] {dag.py:3239} INFO - Sync 1 DAGs
[2025-03-10T21:13:30.848+0000] {logging_mixin.py:190} INFO - [2025-03-10T21:13:30.848+0000] {dag.py:4180} INFO - Setting next_dagrun for example_skip_dag to 2025-03-09 00:00:00+00:00, run_after=2025-03-10 00:00:00+00:00
[2025-03-10T21:13:30.866+0000] {processor.py:208} INFO - Processing /home/airflow/.local/lib/python3.12/site-packages/airflow/example_dags/example_skip_dag.py took 0.070 seconds
[2025-03-10T21:14:01.640+0000] {processor.py:186} INFO - Started process (PID=1225) to work on /home/airflow/.local/lib/python3.12/site-packages/airflow/example_dags/example_skip_dag.py
[2025-03-10T21:14:01.641+0000] {processor.py:914} INFO - Processing file /home/airflow/.local/lib/python3.12/site-packages/airflow/example_dags/example_skip_dag.py for tasks to queue
[2025-03-10T21:14:01.643+0000] {logging_mixin.py:190} INFO - [2025-03-10T21:14:01.643+0000] {dagbag.py:588} INFO - Filling up the DagBag from /home/airflow/.local/lib/python3.12/site-packages/airflow/example_dags/example_skip_dag.py
[2025-03-10T21:14:01.650+0000] {processor.py:925} INFO - DAG(s) 'example_skip_dag' retrieved from /home/airflow/.local/lib/python3.12/site-packages/airflow/example_dags/example_skip_dag.py
[2025-03-10T21:14:01.667+0000] {logging_mixin.py:190} INFO - [2025-03-10T21:14:01.667+0000] {dag.py:3239} INFO - Sync 1 DAGs
[2025-03-10T21:14:01.687+0000] {logging_mixin.py:190} INFO - [2025-03-10T21:14:01.687+0000] {dag.py:4180} INFO - Setting next_dagrun for example_skip_dag to 2025-03-09 00:00:00+00:00, run_after=2025-03-10 00:00:00+00:00
[2025-03-10T21:14:01.703+0000] {processor.py:208} INFO - Processing /home/airflow/.local/lib/python3.12/site-packages/airflow/example_dags/example_skip_dag.py took 0.067 seconds
[2025-03-10T21:14:32.517+0000] {processor.py:186} INFO - Started process (PID=1289) to work on /home/airflow/.local/lib/python3.12/site-packages/airflow/example_dags/example_skip_dag.py
[2025-03-10T21:14:32.518+0000] {processor.py:914} INFO - Processing file /home/airflow/.local/lib/python3.12/site-packages/airflow/example_dags/example_skip_dag.py for tasks to queue
[2025-03-10T21:14:32.520+0000] {logging_mixin.py:190} INFO - [2025-03-10T21:14:32.520+0000] {dagbag.py:588} INFO - Filling up the DagBag from /home/airflow/.local/lib/python3.12/site-packages/airflow/example_dags/example_skip_dag.py
[2025-03-10T21:14:32.526+0000] {processor.py:925} INFO - DAG(s) 'example_skip_dag' retrieved from /home/airflow/.local/lib/python3.12/site-packages/airflow/example_dags/example_skip_dag.py
[2025-03-10T21:14:32.542+0000] {logging_mixin.py:190} INFO - [2025-03-10T21:14:32.542+0000] {dag.py:3239} INFO - Sync 1 DAGs
[2025-03-10T21:14:32.561+0000] {logging_mixin.py:190} INFO - [2025-03-10T21:14:32.561+0000] {dag.py:4180} INFO - Setting next_dagrun for example_skip_dag to 2025-03-09 00:00:00+00:00, run_after=2025-03-10 00:00:00+00:00
[2025-03-10T21:14:32.575+0000] {processor.py:208} INFO - Processing /home/airflow/.local/lib/python3.12/site-packages/airflow/example_dags/example_skip_dag.py took 0.064 seconds
[2025-03-10T21:15:03.433+0000] {processor.py:186} INFO - Started process (PID=1353) to work on /home/airflow/.local/lib/python3.12/site-packages/airflow/example_dags/example_skip_dag.py
[2025-03-10T21:15:03.434+0000] {processor.py:914} INFO - Processing file /home/airflow/.local/lib/python3.12/site-packages/airflow/example_dags/example_skip_dag.py for tasks to queue
[2025-03-10T21:15:03.436+0000] {logging_mixin.py:190} INFO - [2025-03-10T21:15:03.436+0000] {dagbag.py:588} INFO - Filling up the DagBag from /home/airflow/.local/lib/python3.12/site-packages/airflow/example_dags/example_skip_dag.py
[2025-03-10T21:15:03.443+0000] {processor.py:925} INFO - DAG(s) 'example_skip_dag' retrieved from /home/airflow/.local/lib/python3.12/site-packages/airflow/example_dags/example_skip_dag.py
[2025-03-10T21:15:03.461+0000] {logging_mixin.py:190} INFO - [2025-03-10T21:15:03.460+0000] {dag.py:3239} INFO - Sync 1 DAGs
[2025-03-10T21:15:03.481+0000] {logging_mixin.py:190} INFO - [2025-03-10T21:15:03.481+0000] {dag.py:4180} INFO - Setting next_dagrun for example_skip_dag to 2025-03-09 00:00:00+00:00, run_after=2025-03-10 00:00:00+00:00
[2025-03-10T21:15:03.499+0000] {processor.py:208} INFO - Processing /home/airflow/.local/lib/python3.12/site-packages/airflow/example_dags/example_skip_dag.py took 0.071 seconds
[2025-03-10T21:15:34.285+0000] {processor.py:186} INFO - Started process (PID=1417) to work on /home/airflow/.local/lib/python3.12/site-packages/airflow/example_dags/example_skip_dag.py
[2025-03-10T21:15:34.285+0000] {processor.py:914} INFO - Processing file /home/airflow/.local/lib/python3.12/site-packages/airflow/example_dags/example_skip_dag.py for tasks to queue
[2025-03-10T21:15:34.287+0000] {logging_mixin.py:190} INFO - [2025-03-10T21:15:34.287+0000] {dagbag.py:588} INFO - Filling up the DagBag from /home/airflow/.local/lib/python3.12/site-packages/airflow/example_dags/example_skip_dag.py
[2025-03-10T21:15:34.294+0000] {processor.py:925} INFO - DAG(s) 'example_skip_dag' retrieved from /home/airflow/.local/lib/python3.12/site-packages/airflow/example_dags/example_skip_dag.py
[2025-03-10T21:15:34.309+0000] {logging_mixin.py:190} INFO - [2025-03-10T21:15:34.309+0000] {dag.py:3239} INFO - Sync 1 DAGs
[2025-03-10T21:15:34.327+0000] {logging_mixin.py:190} INFO - [2025-03-10T21:15:34.326+0000] {dag.py:4180} INFO - Setting next_dagrun for example_skip_dag to 2025-03-09 00:00:00+00:00, run_after=2025-03-10 00:00:00+00:00
[2025-03-10T21:15:34.340+0000] {processor.py:208} INFO - Processing /home/airflow/.local/lib/python3.12/site-packages/airflow/example_dags/example_skip_dag.py took 0.060 seconds
[2025-03-10T21:16:04.987+0000] {processor.py:186} INFO - Started process (PID=1481) to work on /home/airflow/.local/lib/python3.12/site-packages/airflow/example_dags/example_skip_dag.py
[2025-03-10T21:16:04.988+0000] {processor.py:914} INFO - Processing file /home/airflow/.local/lib/python3.12/site-packages/airflow/example_dags/example_skip_dag.py for tasks to queue
[2025-03-10T21:16:04.990+0000] {logging_mixin.py:190} INFO - [2025-03-10T21:16:04.990+0000] {dagbag.py:588} INFO - Filling up the DagBag from /home/airflow/.local/lib/python3.12/site-packages/airflow/example_dags/example_skip_dag.py
[2025-03-10T21:16:04.997+0000] {processor.py:925} INFO - DAG(s) 'example_skip_dag' retrieved from /home/airflow/.local/lib/python3.12/site-packages/airflow/example_dags/example_skip_dag.py
[2025-03-10T21:16:05.013+0000] {logging_mixin.py:190} INFO - [2025-03-10T21:16:05.013+0000] {dag.py:3239} INFO - Sync 1 DAGs
[2025-03-10T21:16:05.033+0000] {logging_mixin.py:190} INFO - [2025-03-10T21:16:05.032+0000] {dag.py:4180} INFO - Setting next_dagrun for example_skip_dag to 2025-03-09 00:00:00+00:00, run_after=2025-03-10 00:00:00+00:00
[2025-03-10T21:16:05.049+0000] {processor.py:208} INFO - Processing /home/airflow/.local/lib/python3.12/site-packages/airflow/example_dags/example_skip_dag.py took 0.066 seconds
[2025-03-10T21:16:35.802+0000] {processor.py:186} INFO - Started process (PID=1545) to work on /home/airflow/.local/lib/python3.12/site-packages/airflow/example_dags/example_skip_dag.py
[2025-03-10T21:16:35.803+0000] {processor.py:914} INFO - Processing file /home/airflow/.local/lib/python3.12/site-packages/airflow/example_dags/example_skip_dag.py for tasks to queue
[2025-03-10T21:16:35.804+0000] {logging_mixin.py:190} INFO - [2025-03-10T21:16:35.804+0000] {dagbag.py:588} INFO - Filling up the DagBag from /home/airflow/.local/lib/python3.12/site-packages/airflow/example_dags/example_skip_dag.py
[2025-03-10T21:16:35.811+0000] {processor.py:925} INFO - DAG(s) 'example_skip_dag' retrieved from /home/airflow/.local/lib/python3.12/site-packages/airflow/example_dags/example_skip_dag.py
[2025-03-10T21:16:35.826+0000] {logging_mixin.py:190} INFO - [2025-03-10T21:16:35.826+0000] {dag.py:3239} INFO - Sync 1 DAGs
[2025-03-10T21:16:35.843+0000] {logging_mixin.py:190} INFO - [2025-03-10T21:16:35.843+0000] {dag.py:4180} INFO - Setting next_dagrun for example_skip_dag to 2025-03-09 00:00:00+00:00, run_after=2025-03-10 00:00:00+00:00
[2025-03-10T21:16:35.856+0000] {processor.py:208} INFO - Processing /home/airflow/.local/lib/python3.12/site-packages/airflow/example_dags/example_skip_dag.py took 0.061 seconds
[2025-03-10T21:17:06.343+0000] {processor.py:186} INFO - Started process (PID=1609) to work on /home/airflow/.local/lib/python3.12/site-packages/airflow/example_dags/example_skip_dag.py
[2025-03-10T21:17:06.344+0000] {processor.py:914} INFO - Processing file /home/airflow/.local/lib/python3.12/site-packages/airflow/example_dags/example_skip_dag.py for tasks to queue
[2025-03-10T21:17:06.346+0000] {logging_mixin.py:190} INFO - [2025-03-10T21:17:06.345+0000] {dagbag.py:588} INFO - Filling up the DagBag from /home/airflow/.local/lib/python3.12/site-packages/airflow/example_dags/example_skip_dag.py
[2025-03-10T21:17:06.352+0000] {processor.py:925} INFO - DAG(s) 'example_skip_dag' retrieved from /home/airflow/.local/lib/python3.12/site-packages/airflow/example_dags/example_skip_dag.py
[2025-03-10T21:17:06.368+0000] {logging_mixin.py:190} INFO - [2025-03-10T21:17:06.368+0000] {dag.py:3239} INFO - Sync 1 DAGs
[2025-03-10T21:17:06.390+0000] {logging_mixin.py:190} INFO - [2025-03-10T21:17:06.389+0000] {dag.py:4180} INFO - Setting next_dagrun for example_skip_dag to 2025-03-09 00:00:00+00:00, run_after=2025-03-10 00:00:00+00:00
[2025-03-10T21:17:06.407+0000] {processor.py:208} INFO - Processing /home/airflow/.local/lib/python3.12/site-packages/airflow/example_dags/example_skip_dag.py took 0.069 seconds
[2025-03-10T21:17:37.110+0000] {processor.py:186} INFO - Started process (PID=1673) to work on /home/airflow/.local/lib/python3.12/site-packages/airflow/example_dags/example_skip_dag.py
[2025-03-10T21:17:37.111+0000] {processor.py:914} INFO - Processing file /home/airflow/.local/lib/python3.12/site-packages/airflow/example_dags/example_skip_dag.py for tasks to queue
[2025-03-10T21:17:37.113+0000] {logging_mixin.py:190} INFO - [2025-03-10T21:17:37.113+0000] {dagbag.py:588} INFO - Filling up the DagBag from /home/airflow/.local/lib/python3.12/site-packages/airflow/example_dags/example_skip_dag.py
[2025-03-10T21:17:37.120+0000] {processor.py:925} INFO - DAG(s) 'example_skip_dag' retrieved from /home/airflow/.local/lib/python3.12/site-packages/airflow/example_dags/example_skip_dag.py
[2025-03-10T21:17:37.141+0000] {logging_mixin.py:190} INFO - [2025-03-10T21:17:37.140+0000] {dag.py:3239} INFO - Sync 1 DAGs
[2025-03-10T21:17:37.161+0000] {logging_mixin.py:190} INFO - [2025-03-10T21:17:37.161+0000] {dag.py:4180} INFO - Setting next_dagrun for example_skip_dag to 2025-03-09 00:00:00+00:00, run_after=2025-03-10 00:00:00+00:00
[2025-03-10T21:17:37.178+0000] {processor.py:208} INFO - Processing /home/airflow/.local/lib/python3.12/site-packages/airflow/example_dags/example_skip_dag.py took 0.074 seconds
[2025-03-10T21:18:07.911+0000] {processor.py:186} INFO - Started process (PID=1737) to work on /home/airflow/.local/lib/python3.12/site-packages/airflow/example_dags/example_skip_dag.py
[2025-03-10T21:18:07.912+0000] {processor.py:914} INFO - Processing file /home/airflow/.local/lib/python3.12/site-packages/airflow/example_dags/example_skip_dag.py for tasks to queue
[2025-03-10T21:18:07.914+0000] {logging_mixin.py:190} INFO - [2025-03-10T21:18:07.914+0000] {dagbag.py:588} INFO - Filling up the DagBag from /home/airflow/.local/lib/python3.12/site-packages/airflow/example_dags/example_skip_dag.py
[2025-03-10T21:18:07.922+0000] {processor.py:925} INFO - DAG(s) 'example_skip_dag' retrieved from /home/airflow/.local/lib/python3.12/site-packages/airflow/example_dags/example_skip_dag.py
[2025-03-10T21:18:07.938+0000] {logging_mixin.py:190} INFO - [2025-03-10T21:18:07.938+0000] {dag.py:3239} INFO - Sync 1 DAGs
[2025-03-10T21:18:07.955+0000] {logging_mixin.py:190} INFO - [2025-03-10T21:18:07.955+0000] {dag.py:4180} INFO - Setting next_dagrun for example_skip_dag to 2025-03-09 00:00:00+00:00, run_after=2025-03-10 00:00:00+00:00
[2025-03-10T21:18:07.968+0000] {processor.py:208} INFO - Processing /home/airflow/.local/lib/python3.12/site-packages/airflow/example_dags/example_skip_dag.py took 0.062 seconds
[2025-03-10T21:18:38.384+0000] {processor.py:186} INFO - Started process (PID=1801) to work on /home/airflow/.local/lib/python3.12/site-packages/airflow/example_dags/example_skip_dag.py
[2025-03-10T21:18:38.385+0000] {processor.py:914} INFO - Processing file /home/airflow/.local/lib/python3.12/site-packages/airflow/example_dags/example_skip_dag.py for tasks to queue
[2025-03-10T21:18:38.386+0000] {logging_mixin.py:190} INFO - [2025-03-10T21:18:38.386+0000] {dagbag.py:588} INFO - Filling up the DagBag from /home/airflow/.local/lib/python3.12/site-packages/airflow/example_dags/example_skip_dag.py
[2025-03-10T21:18:38.393+0000] {processor.py:925} INFO - DAG(s) 'example_skip_dag' retrieved from /home/airflow/.local/lib/python3.12/site-packages/airflow/example_dags/example_skip_dag.py
[2025-03-10T21:18:38.410+0000] {logging_mixin.py:190} INFO - [2025-03-10T21:18:38.410+0000] {dag.py:3239} INFO - Sync 1 DAGs
[2025-03-10T21:18:38.429+0000] {logging_mixin.py:190} INFO - [2025-03-10T21:18:38.429+0000] {dag.py:4180} INFO - Setting next_dagrun for example_skip_dag to 2025-03-09 00:00:00+00:00, run_after=2025-03-10 00:00:00+00:00
[2025-03-10T21:18:38.444+0000] {processor.py:208} INFO - Processing /home/airflow/.local/lib/python3.12/site-packages/airflow/example_dags/example_skip_dag.py took 0.065 seconds
[2025-03-10T21:19:08.526+0000] {processor.py:186} INFO - Started process (PID=1865) to work on /home/airflow/.local/lib/python3.12/site-packages/airflow/example_dags/example_skip_dag.py
[2025-03-10T21:19:08.527+0000] {processor.py:914} INFO - Processing file /home/airflow/.local/lib/python3.12/site-packages/airflow/example_dags/example_skip_dag.py for tasks to queue
[2025-03-10T21:19:08.528+0000] {logging_mixin.py:190} INFO - [2025-03-10T21:19:08.528+0000] {dagbag.py:588} INFO - Filling up the DagBag from /home/airflow/.local/lib/python3.12/site-packages/airflow/example_dags/example_skip_dag.py
[2025-03-10T21:19:08.534+0000] {processor.py:925} INFO - DAG(s) 'example_skip_dag' retrieved from /home/airflow/.local/lib/python3.12/site-packages/airflow/example_dags/example_skip_dag.py
[2025-03-10T21:19:08.551+0000] {logging_mixin.py:190} INFO - [2025-03-10T21:19:08.550+0000] {dag.py:3239} INFO - Sync 1 DAGs
[2025-03-10T21:19:08.568+0000] {logging_mixin.py:190} INFO - [2025-03-10T21:19:08.568+0000] {dag.py:4180} INFO - Setting next_dagrun for example_skip_dag to 2025-03-09 00:00:00+00:00, run_after=2025-03-10 00:00:00+00:00
[2025-03-10T21:19:08.582+0000] {processor.py:208} INFO - Processing /home/airflow/.local/lib/python3.12/site-packages/airflow/example_dags/example_skip_dag.py took 0.060 seconds
[2025-03-10T21:19:39.239+0000] {processor.py:186} INFO - Started process (PID=1930) to work on /home/airflow/.local/lib/python3.12/site-packages/airflow/example_dags/example_skip_dag.py
[2025-03-10T21:19:39.240+0000] {processor.py:914} INFO - Processing file /home/airflow/.local/lib/python3.12/site-packages/airflow/example_dags/example_skip_dag.py for tasks to queue
[2025-03-10T21:19:39.241+0000] {logging_mixin.py:190} INFO - [2025-03-10T21:19:39.241+0000] {dagbag.py:588} INFO - Filling up the DagBag from /home/airflow/.local/lib/python3.12/site-packages/airflow/example_dags/example_skip_dag.py
[2025-03-10T21:19:39.248+0000] {processor.py:925} INFO - DAG(s) 'example_skip_dag' retrieved from /home/airflow/.local/lib/python3.12/site-packages/airflow/example_dags/example_skip_dag.py
[2025-03-10T21:19:39.264+0000] {logging_mixin.py:190} INFO - [2025-03-10T21:19:39.264+0000] {dag.py:3239} INFO - Sync 1 DAGs
[2025-03-10T21:19:39.283+0000] {logging_mixin.py:190} INFO - [2025-03-10T21:19:39.283+0000] {dag.py:4180} INFO - Setting next_dagrun for example_skip_dag to 2025-03-09 00:00:00+00:00, run_after=2025-03-10 00:00:00+00:00
[2025-03-10T21:19:39.297+0000] {processor.py:208} INFO - Processing /home/airflow/.local/lib/python3.12/site-packages/airflow/example_dags/example_skip_dag.py took 0.064 seconds
[2025-03-10T21:20:09.797+0000] {processor.py:186} INFO - Started process (PID=1994) to work on /home/airflow/.local/lib/python3.12/site-packages/airflow/example_dags/example_skip_dag.py
[2025-03-10T21:20:09.798+0000] {processor.py:914} INFO - Processing file /home/airflow/.local/lib/python3.12/site-packages/airflow/example_dags/example_skip_dag.py for tasks to queue
[2025-03-10T21:20:09.800+0000] {logging_mixin.py:190} INFO - [2025-03-10T21:20:09.799+0000] {dagbag.py:588} INFO - Filling up the DagBag from /home/airflow/.local/lib/python3.12/site-packages/airflow/example_dags/example_skip_dag.py
[2025-03-10T21:20:09.806+0000] {processor.py:925} INFO - DAG(s) 'example_skip_dag' retrieved from /home/airflow/.local/lib/python3.12/site-packages/airflow/example_dags/example_skip_dag.py
[2025-03-10T21:20:09.822+0000] {logging_mixin.py:190} INFO - [2025-03-10T21:20:09.822+0000] {dag.py:3239} INFO - Sync 1 DAGs
[2025-03-10T21:20:09.840+0000] {logging_mixin.py:190} INFO - [2025-03-10T21:20:09.840+0000] {dag.py:4180} INFO - Setting next_dagrun for example_skip_dag to 2025-03-09 00:00:00+00:00, run_after=2025-03-10 00:00:00+00:00
[2025-03-10T21:20:09.853+0000] {processor.py:208} INFO - Processing /home/airflow/.local/lib/python3.12/site-packages/airflow/example_dags/example_skip_dag.py took 0.060 seconds
[2025-03-10T21:20:40.782+0000] {processor.py:186} INFO - Started process (PID=2058) to work on /home/airflow/.local/lib/python3.12/site-packages/airflow/example_dags/example_skip_dag.py
[2025-03-10T21:20:40.783+0000] {processor.py:914} INFO - Processing file /home/airflow/.local/lib/python3.12/site-packages/airflow/example_dags/example_skip_dag.py for tasks to queue
[2025-03-10T21:20:40.785+0000] {logging_mixin.py:190} INFO - [2025-03-10T21:20:40.784+0000] {dagbag.py:588} INFO - Filling up the DagBag from /home/airflow/.local/lib/python3.12/site-packages/airflow/example_dags/example_skip_dag.py
[2025-03-10T21:20:40.791+0000] {processor.py:925} INFO - DAG(s) 'example_skip_dag' retrieved from /home/airflow/.local/lib/python3.12/site-packages/airflow/example_dags/example_skip_dag.py
[2025-03-10T21:20:40.807+0000] {logging_mixin.py:190} INFO - [2025-03-10T21:20:40.807+0000] {dag.py:3239} INFO - Sync 1 DAGs
[2025-03-10T21:20:40.826+0000] {logging_mixin.py:190} INFO - [2025-03-10T21:20:40.826+0000] {dag.py:4180} INFO - Setting next_dagrun for example_skip_dag to 2025-03-09 00:00:00+00:00, run_after=2025-03-10 00:00:00+00:00
[2025-03-10T21:20:40.841+0000] {processor.py:208} INFO - Processing /home/airflow/.local/lib/python3.12/site-packages/airflow/example_dags/example_skip_dag.py took 0.065 seconds
[2025-03-10T21:21:11.805+0000] {processor.py:186} INFO - Started process (PID=2122) to work on /home/airflow/.local/lib/python3.12/site-packages/airflow/example_dags/example_skip_dag.py
[2025-03-10T21:21:11.806+0000] {processor.py:914} INFO - Processing file /home/airflow/.local/lib/python3.12/site-packages/airflow/example_dags/example_skip_dag.py for tasks to queue
[2025-03-10T21:21:11.809+0000] {logging_mixin.py:190} INFO - [2025-03-10T21:21:11.808+0000] {dagbag.py:588} INFO - Filling up the DagBag from /home/airflow/.local/lib/python3.12/site-packages/airflow/example_dags/example_skip_dag.py
[2025-03-10T21:21:11.815+0000] {processor.py:925} INFO - DAG(s) 'example_skip_dag' retrieved from /home/airflow/.local/lib/python3.12/site-packages/airflow/example_dags/example_skip_dag.py
[2025-03-10T21:21:11.833+0000] {logging_mixin.py:190} INFO - [2025-03-10T21:21:11.833+0000] {dag.py:3239} INFO - Sync 1 DAGs
[2025-03-10T21:21:11.854+0000] {logging_mixin.py:190} INFO - [2025-03-10T21:21:11.854+0000] {dag.py:4180} INFO - Setting next_dagrun for example_skip_dag to 2025-03-09 00:00:00+00:00, run_after=2025-03-10 00:00:00+00:00
[2025-03-10T21:21:11.871+0000] {processor.py:208} INFO - Processing /home/airflow/.local/lib/python3.12/site-packages/airflow/example_dags/example_skip_dag.py took 0.071 seconds
[2025-03-10T21:21:42.289+0000] {processor.py:186} INFO - Started process (PID=2186) to work on /home/airflow/.local/lib/python3.12/site-packages/airflow/example_dags/example_skip_dag.py
[2025-03-10T21:21:42.290+0000] {processor.py:914} INFO - Processing file /home/airflow/.local/lib/python3.12/site-packages/airflow/example_dags/example_skip_dag.py for tasks to queue
[2025-03-10T21:21:42.292+0000] {logging_mixin.py:190} INFO - [2025-03-10T21:21:42.292+0000] {dagbag.py:588} INFO - Filling up the DagBag from /home/airflow/.local/lib/python3.12/site-packages/airflow/example_dags/example_skip_dag.py
[2025-03-10T21:21:42.298+0000] {processor.py:925} INFO - DAG(s) 'example_skip_dag' retrieved from /home/airflow/.local/lib/python3.12/site-packages/airflow/example_dags/example_skip_dag.py
[2025-03-10T21:21:42.315+0000] {logging_mixin.py:190} INFO - [2025-03-10T21:21:42.314+0000] {dag.py:3239} INFO - Sync 1 DAGs
[2025-03-10T21:21:42.333+0000] {logging_mixin.py:190} INFO - [2025-03-10T21:21:42.333+0000] {dag.py:4180} INFO - Setting next_dagrun for example_skip_dag to 2025-03-09 00:00:00+00:00, run_after=2025-03-10 00:00:00+00:00
[2025-03-10T21:21:42.347+0000] {processor.py:208} INFO - Processing /home/airflow/.local/lib/python3.12/site-packages/airflow/example_dags/example_skip_dag.py took 0.063 seconds
[2025-03-10T21:22:12.683+0000] {processor.py:186} INFO - Started process (PID=2250) to work on /home/airflow/.local/lib/python3.12/site-packages/airflow/example_dags/example_skip_dag.py
[2025-03-10T21:22:12.684+0000] {processor.py:914} INFO - Processing file /home/airflow/.local/lib/python3.12/site-packages/airflow/example_dags/example_skip_dag.py for tasks to queue
[2025-03-10T21:22:12.685+0000] {logging_mixin.py:190} INFO - [2025-03-10T21:22:12.685+0000] {dagbag.py:588} INFO - Filling up the DagBag from /home/airflow/.local/lib/python3.12/site-packages/airflow/example_dags/example_skip_dag.py
[2025-03-10T21:22:12.693+0000] {processor.py:925} INFO - DAG(s) 'example_skip_dag' retrieved from /home/airflow/.local/lib/python3.12/site-packages/airflow/example_dags/example_skip_dag.py
[2025-03-10T21:22:12.711+0000] {logging_mixin.py:190} INFO - [2025-03-10T21:22:12.710+0000] {dag.py:3239} INFO - Sync 1 DAGs
[2025-03-10T21:22:12.729+0000] {logging_mixin.py:190} INFO - [2025-03-10T21:22:12.729+0000] {dag.py:4180} INFO - Setting next_dagrun for example_skip_dag to 2025-03-09 00:00:00+00:00, run_after=2025-03-10 00:00:00+00:00
[2025-03-10T21:22:12.743+0000] {processor.py:208} INFO - Processing /home/airflow/.local/lib/python3.12/site-packages/airflow/example_dags/example_skip_dag.py took 0.066 seconds
[2025-03-10T21:22:43.028+0000] {processor.py:186} INFO - Started process (PID=2314) to work on /home/airflow/.local/lib/python3.12/site-packages/airflow/example_dags/example_skip_dag.py
[2025-03-10T21:22:43.029+0000] {processor.py:914} INFO - Processing file /home/airflow/.local/lib/python3.12/site-packages/airflow/example_dags/example_skip_dag.py for tasks to queue
[2025-03-10T21:22:43.031+0000] {logging_mixin.py:190} INFO - [2025-03-10T21:22:43.031+0000] {dagbag.py:588} INFO - Filling up the DagBag from /home/airflow/.local/lib/python3.12/site-packages/airflow/example_dags/example_skip_dag.py
[2025-03-10T21:22:43.037+0000] {processor.py:925} INFO - DAG(s) 'example_skip_dag' retrieved from /home/airflow/.local/lib/python3.12/site-packages/airflow/example_dags/example_skip_dag.py
[2025-03-10T21:22:43.054+0000] {logging_mixin.py:190} INFO - [2025-03-10T21:22:43.053+0000] {dag.py:3239} INFO - Sync 1 DAGs
[2025-03-10T21:22:43.072+0000] {logging_mixin.py:190} INFO - [2025-03-10T21:22:43.072+0000] {dag.py:4180} INFO - Setting next_dagrun for example_skip_dag to 2025-03-09 00:00:00+00:00, run_after=2025-03-10 00:00:00+00:00
[2025-03-10T21:22:43.087+0000] {processor.py:208} INFO - Processing /home/airflow/.local/lib/python3.12/site-packages/airflow/example_dags/example_skip_dag.py took 0.064 seconds
[2025-03-10T21:23:13.566+0000] {processor.py:186} INFO - Started process (PID=2378) to work on /home/airflow/.local/lib/python3.12/site-packages/airflow/example_dags/example_skip_dag.py
[2025-03-10T21:23:13.567+0000] {processor.py:914} INFO - Processing file /home/airflow/.local/lib/python3.12/site-packages/airflow/example_dags/example_skip_dag.py for tasks to queue
[2025-03-10T21:23:13.569+0000] {logging_mixin.py:190} INFO - [2025-03-10T21:23:13.568+0000] {dagbag.py:588} INFO - Filling up the DagBag from /home/airflow/.local/lib/python3.12/site-packages/airflow/example_dags/example_skip_dag.py
[2025-03-10T21:23:13.575+0000] {processor.py:925} INFO - DAG(s) 'example_skip_dag' retrieved from /home/airflow/.local/lib/python3.12/site-packages/airflow/example_dags/example_skip_dag.py
[2025-03-10T21:23:13.591+0000] {logging_mixin.py:190} INFO - [2025-03-10T21:23:13.591+0000] {dag.py:3239} INFO - Sync 1 DAGs
[2025-03-10T21:23:13.609+0000] {logging_mixin.py:190} INFO - [2025-03-10T21:23:13.609+0000] {dag.py:4180} INFO - Setting next_dagrun for example_skip_dag to 2025-03-09 00:00:00+00:00, run_after=2025-03-10 00:00:00+00:00
[2025-03-10T21:23:13.624+0000] {processor.py:208} INFO - Processing /home/airflow/.local/lib/python3.12/site-packages/airflow/example_dags/example_skip_dag.py took 0.063 seconds
[2025-03-10T21:23:43.782+0000] {processor.py:186} INFO - Started process (PID=2441) to work on /home/airflow/.local/lib/python3.12/site-packages/airflow/example_dags/example_skip_dag.py
[2025-03-10T21:23:43.783+0000] {processor.py:914} INFO - Processing file /home/airflow/.local/lib/python3.12/site-packages/airflow/example_dags/example_skip_dag.py for tasks to queue
[2025-03-10T21:23:43.785+0000] {logging_mixin.py:190} INFO - [2025-03-10T21:23:43.785+0000] {dagbag.py:588} INFO - Filling up the DagBag from /home/airflow/.local/lib/python3.12/site-packages/airflow/example_dags/example_skip_dag.py
[2025-03-10T21:23:43.792+0000] {processor.py:925} INFO - DAG(s) 'example_skip_dag' retrieved from /home/airflow/.local/lib/python3.12/site-packages/airflow/example_dags/example_skip_dag.py
[2025-03-10T21:23:43.810+0000] {logging_mixin.py:190} INFO - [2025-03-10T21:23:43.810+0000] {dag.py:3239} INFO - Sync 1 DAGs
[2025-03-10T21:23:43.828+0000] {logging_mixin.py:190} INFO - [2025-03-10T21:23:43.828+0000] {dag.py:4180} INFO - Setting next_dagrun for example_skip_dag to 2025-03-09 00:00:00+00:00, run_after=2025-03-10 00:00:00+00:00
[2025-03-10T21:23:43.842+0000] {processor.py:208} INFO - Processing /home/airflow/.local/lib/python3.12/site-packages/airflow/example_dags/example_skip_dag.py took 0.068 seconds
[2025-03-10T21:24:14.596+0000] {processor.py:186} INFO - Started process (PID=2506) to work on /home/airflow/.local/lib/python3.12/site-packages/airflow/example_dags/example_skip_dag.py
[2025-03-10T21:24:14.597+0000] {processor.py:914} INFO - Processing file /home/airflow/.local/lib/python3.12/site-packages/airflow/example_dags/example_skip_dag.py for tasks to queue
[2025-03-10T21:24:14.599+0000] {logging_mixin.py:190} INFO - [2025-03-10T21:24:14.599+0000] {dagbag.py:588} INFO - Filling up the DagBag from /home/airflow/.local/lib/python3.12/site-packages/airflow/example_dags/example_skip_dag.py
[2025-03-10T21:24:14.606+0000] {processor.py:925} INFO - DAG(s) 'example_skip_dag' retrieved from /home/airflow/.local/lib/python3.12/site-packages/airflow/example_dags/example_skip_dag.py
[2025-03-10T21:24:14.624+0000] {logging_mixin.py:190} INFO - [2025-03-10T21:24:14.624+0000] {dag.py:3239} INFO - Sync 1 DAGs
[2025-03-10T21:24:14.642+0000] {logging_mixin.py:190} INFO - [2025-03-10T21:24:14.642+0000] {dag.py:4180} INFO - Setting next_dagrun for example_skip_dag to 2025-03-09 00:00:00+00:00, run_after=2025-03-10 00:00:00+00:00
[2025-03-10T21:24:14.657+0000] {processor.py:208} INFO - Processing /home/airflow/.local/lib/python3.12/site-packages/airflow/example_dags/example_skip_dag.py took 0.065 seconds
[2025-03-10T21:24:45.005+0000] {processor.py:186} INFO - Started process (PID=2569) to work on /home/airflow/.local/lib/python3.12/site-packages/airflow/example_dags/example_skip_dag.py
[2025-03-10T21:24:45.006+0000] {processor.py:914} INFO - Processing file /home/airflow/.local/lib/python3.12/site-packages/airflow/example_dags/example_skip_dag.py for tasks to queue
[2025-03-10T21:24:45.009+0000] {logging_mixin.py:190} INFO - [2025-03-10T21:24:45.008+0000] {dagbag.py:588} INFO - Filling up the DagBag from /home/airflow/.local/lib/python3.12/site-packages/airflow/example_dags/example_skip_dag.py
[2025-03-10T21:24:45.016+0000] {processor.py:925} INFO - DAG(s) 'example_skip_dag' retrieved from /home/airflow/.local/lib/python3.12/site-packages/airflow/example_dags/example_skip_dag.py
[2025-03-10T21:24:45.034+0000] {logging_mixin.py:190} INFO - [2025-03-10T21:24:45.034+0000] {dag.py:3239} INFO - Sync 1 DAGs
[2025-03-10T21:24:45.053+0000] {logging_mixin.py:190} INFO - [2025-03-10T21:24:45.053+0000] {dag.py:4180} INFO - Setting next_dagrun for example_skip_dag to 2025-03-09 00:00:00+00:00, run_after=2025-03-10 00:00:00+00:00
[2025-03-10T21:24:45.069+0000] {processor.py:208} INFO - Processing /home/airflow/.local/lib/python3.12/site-packages/airflow/example_dags/example_skip_dag.py took 0.069 seconds
[2025-03-10T21:25:15.359+0000] {processor.py:186} INFO - Started process (PID=2633) to work on /home/airflow/.local/lib/python3.12/site-packages/airflow/example_dags/example_skip_dag.py
[2025-03-10T21:25:15.359+0000] {processor.py:914} INFO - Processing file /home/airflow/.local/lib/python3.12/site-packages/airflow/example_dags/example_skip_dag.py for tasks to queue
[2025-03-10T21:25:15.361+0000] {logging_mixin.py:190} INFO - [2025-03-10T21:25:15.361+0000] {dagbag.py:588} INFO - Filling up the DagBag from /home/airflow/.local/lib/python3.12/site-packages/airflow/example_dags/example_skip_dag.py
[2025-03-10T21:25:15.368+0000] {processor.py:925} INFO - DAG(s) 'example_skip_dag' retrieved from /home/airflow/.local/lib/python3.12/site-packages/airflow/example_dags/example_skip_dag.py
[2025-03-10T21:25:15.386+0000] {logging_mixin.py:190} INFO - [2025-03-10T21:25:15.386+0000] {dag.py:3239} INFO - Sync 1 DAGs
[2025-03-10T21:25:15.406+0000] {logging_mixin.py:190} INFO - [2025-03-10T21:25:15.405+0000] {dag.py:4180} INFO - Setting next_dagrun for example_skip_dag to 2025-03-09 00:00:00+00:00, run_after=2025-03-10 00:00:00+00:00
[2025-03-10T21:25:15.420+0000] {processor.py:208} INFO - Processing /home/airflow/.local/lib/python3.12/site-packages/airflow/example_dags/example_skip_dag.py took 0.066 seconds
[2025-03-10T21:25:46.142+0000] {processor.py:186} INFO - Started process (PID=2698) to work on /home/airflow/.local/lib/python3.12/site-packages/airflow/example_dags/example_skip_dag.py
[2025-03-10T21:25:46.143+0000] {processor.py:914} INFO - Processing file /home/airflow/.local/lib/python3.12/site-packages/airflow/example_dags/example_skip_dag.py for tasks to queue
[2025-03-10T21:25:46.145+0000] {logging_mixin.py:190} INFO - [2025-03-10T21:25:46.145+0000] {dagbag.py:588} INFO - Filling up the DagBag from /home/airflow/.local/lib/python3.12/site-packages/airflow/example_dags/example_skip_dag.py
[2025-03-10T21:25:46.153+0000] {processor.py:925} INFO - DAG(s) 'example_skip_dag' retrieved from /home/airflow/.local/lib/python3.12/site-packages/airflow/example_dags/example_skip_dag.py
[2025-03-10T21:25:46.174+0000] {logging_mixin.py:190} INFO - [2025-03-10T21:25:46.174+0000] {dag.py:3239} INFO - Sync 1 DAGs
[2025-03-10T21:25:46.197+0000] {logging_mixin.py:190} INFO - [2025-03-10T21:25:46.196+0000] {dag.py:4180} INFO - Setting next_dagrun for example_skip_dag to 2025-03-09 00:00:00+00:00, run_after=2025-03-10 00:00:00+00:00
[2025-03-10T21:25:46.216+0000] {processor.py:208} INFO - Processing /home/airflow/.local/lib/python3.12/site-packages/airflow/example_dags/example_skip_dag.py took 0.079 seconds
[2025-03-10T21:26:16.899+0000] {processor.py:186} INFO - Started process (PID=2763) to work on /home/airflow/.local/lib/python3.12/site-packages/airflow/example_dags/example_skip_dag.py
[2025-03-10T21:26:16.900+0000] {processor.py:914} INFO - Processing file /home/airflow/.local/lib/python3.12/site-packages/airflow/example_dags/example_skip_dag.py for tasks to queue
[2025-03-10T21:26:16.902+0000] {logging_mixin.py:190} INFO - [2025-03-10T21:26:16.902+0000] {dagbag.py:588} INFO - Filling up the DagBag from /home/airflow/.local/lib/python3.12/site-packages/airflow/example_dags/example_skip_dag.py
[2025-03-10T21:26:16.908+0000] {processor.py:925} INFO - DAG(s) 'example_skip_dag' retrieved from /home/airflow/.local/lib/python3.12/site-packages/airflow/example_dags/example_skip_dag.py
[2025-03-10T21:26:16.925+0000] {logging_mixin.py:190} INFO - [2025-03-10T21:26:16.924+0000] {dag.py:3239} INFO - Sync 1 DAGs
[2025-03-10T21:26:16.944+0000] {logging_mixin.py:190} INFO - [2025-03-10T21:26:16.943+0000] {dag.py:4180} INFO - Setting next_dagrun for example_skip_dag to 2025-03-09 00:00:00+00:00, run_after=2025-03-10 00:00:00+00:00
[2025-03-10T21:26:16.959+0000] {processor.py:208} INFO - Processing /home/airflow/.local/lib/python3.12/site-packages/airflow/example_dags/example_skip_dag.py took 0.065 seconds
[2025-03-10T21:26:47.953+0000] {processor.py:186} INFO - Started process (PID=2828) to work on /home/airflow/.local/lib/python3.12/site-packages/airflow/example_dags/example_skip_dag.py
[2025-03-10T21:26:47.954+0000] {processor.py:914} INFO - Processing file /home/airflow/.local/lib/python3.12/site-packages/airflow/example_dags/example_skip_dag.py for tasks to queue
[2025-03-10T21:26:47.956+0000] {logging_mixin.py:190} INFO - [2025-03-10T21:26:47.956+0000] {dagbag.py:588} INFO - Filling up the DagBag from /home/airflow/.local/lib/python3.12/site-packages/airflow/example_dags/example_skip_dag.py
[2025-03-10T21:26:47.963+0000] {processor.py:925} INFO - DAG(s) 'example_skip_dag' retrieved from /home/airflow/.local/lib/python3.12/site-packages/airflow/example_dags/example_skip_dag.py
[2025-03-10T21:26:47.981+0000] {logging_mixin.py:190} INFO - [2025-03-10T21:26:47.981+0000] {dag.py:3239} INFO - Sync 1 DAGs
[2025-03-10T21:26:48.003+0000] {logging_mixin.py:190} INFO - [2025-03-10T21:26:48.002+0000] {dag.py:4180} INFO - Setting next_dagrun for example_skip_dag to 2025-03-09 00:00:00+00:00, run_after=2025-03-10 00:00:00+00:00
[2025-03-10T21:26:48.019+0000] {processor.py:208} INFO - Processing /home/airflow/.local/lib/python3.12/site-packages/airflow/example_dags/example_skip_dag.py took 0.071 seconds
[2025-03-10T21:27:18.127+0000] {processor.py:186} INFO - Started process (PID=2891) to work on /home/airflow/.local/lib/python3.12/site-packages/airflow/example_dags/example_skip_dag.py
[2025-03-10T21:27:18.128+0000] {processor.py:914} INFO - Processing file /home/airflow/.local/lib/python3.12/site-packages/airflow/example_dags/example_skip_dag.py for tasks to queue
[2025-03-10T21:27:18.130+0000] {logging_mixin.py:190} INFO - [2025-03-10T21:27:18.129+0000] {dagbag.py:588} INFO - Filling up the DagBag from /home/airflow/.local/lib/python3.12/site-packages/airflow/example_dags/example_skip_dag.py
[2025-03-10T21:27:18.136+0000] {processor.py:925} INFO - DAG(s) 'example_skip_dag' retrieved from /home/airflow/.local/lib/python3.12/site-packages/airflow/example_dags/example_skip_dag.py
[2025-03-10T21:27:18.154+0000] {logging_mixin.py:190} INFO - [2025-03-10T21:27:18.154+0000] {dag.py:3239} INFO - Sync 1 DAGs
[2025-03-10T21:27:18.173+0000] {logging_mixin.py:190} INFO - [2025-03-10T21:27:18.173+0000] {dag.py:4180} INFO - Setting next_dagrun for example_skip_dag to 2025-03-09 00:00:00+00:00, run_after=2025-03-10 00:00:00+00:00
[2025-03-10T21:27:18.188+0000] {processor.py:208} INFO - Processing /home/airflow/.local/lib/python3.12/site-packages/airflow/example_dags/example_skip_dag.py took 0.066 seconds
[2025-03-10T21:28:05.243+0000] {processor.py:186} INFO - Started process (PID=2962) to work on /home/airflow/.local/lib/python3.12/site-packages/airflow/example_dags/example_skip_dag.py
[2025-03-10T21:28:10.100+0000] {processor.py:914} INFO - Processing file /home/airflow/.local/lib/python3.12/site-packages/airflow/example_dags/example_skip_dag.py for tasks to queue
[2025-03-10T21:28:10.103+0000] {logging_mixin.py:190} INFO - [2025-03-10T21:28:10.102+0000] {dagbag.py:588} INFO - Filling up the DagBag from /home/airflow/.local/lib/python3.12/site-packages/airflow/example_dags/example_skip_dag.py
[2025-03-10T21:28:16.397+0000] {processor.py:925} INFO - DAG(s) 'example_skip_dag' retrieved from /home/airflow/.local/lib/python3.12/site-packages/airflow/example_dags/example_skip_dag.py
[2025-03-10T21:28:16.623+0000] {logging_mixin.py:190} INFO - [2025-03-10T21:28:16.623+0000] {dag.py:3239} INFO - Sync 1 DAGs
[2025-03-10T21:28:16.787+0000] {logging_mixin.py:190} INFO - [2025-03-10T21:28:16.787+0000] {dag.py:4180} INFO - Setting next_dagrun for example_skip_dag to 2025-03-09 00:00:00+00:00, run_after=2025-03-10 00:00:00+00:00
[2025-03-10T21:28:17.594+0000] {processor.py:208} INFO - Processing /home/airflow/.local/lib/python3.12/site-packages/airflow/example_dags/example_skip_dag.py took 12.359 seconds
[2025-03-10T21:28:47.725+0000] {processor.py:186} INFO - Started process (PID=3025) to work on /home/airflow/.local/lib/python3.12/site-packages/airflow/example_dags/example_skip_dag.py
[2025-03-10T21:28:47.728+0000] {processor.py:914} INFO - Processing file /home/airflow/.local/lib/python3.12/site-packages/airflow/example_dags/example_skip_dag.py for tasks to queue
[2025-03-10T21:28:47.733+0000] {logging_mixin.py:190} INFO - [2025-03-10T21:28:47.732+0000] {dagbag.py:588} INFO - Filling up the DagBag from /home/airflow/.local/lib/python3.12/site-packages/airflow/example_dags/example_skip_dag.py
[2025-03-10T21:28:47.753+0000] {processor.py:925} INFO - DAG(s) 'example_skip_dag' retrieved from /home/airflow/.local/lib/python3.12/site-packages/airflow/example_dags/example_skip_dag.py
[2025-03-10T21:28:47.794+0000] {logging_mixin.py:190} INFO - [2025-03-10T21:28:47.794+0000] {dag.py:3239} INFO - Sync 1 DAGs
[2025-03-10T21:28:47.831+0000] {logging_mixin.py:190} INFO - [2025-03-10T21:28:47.831+0000] {dag.py:4180} INFO - Setting next_dagrun for example_skip_dag to 2025-03-09 00:00:00+00:00, run_after=2025-03-10 00:00:00+00:00
[2025-03-10T21:28:47.860+0000] {processor.py:208} INFO - Processing /home/airflow/.local/lib/python3.12/site-packages/airflow/example_dags/example_skip_dag.py took 0.142 seconds
[2025-03-10T21:29:18.689+0000] {processor.py:186} INFO - Started process (PID=3089) to work on /home/airflow/.local/lib/python3.12/site-packages/airflow/example_dags/example_skip_dag.py
[2025-03-10T21:29:18.691+0000] {processor.py:914} INFO - Processing file /home/airflow/.local/lib/python3.12/site-packages/airflow/example_dags/example_skip_dag.py for tasks to queue
[2025-03-10T21:29:18.692+0000] {logging_mixin.py:190} INFO - [2025-03-10T21:29:18.692+0000] {dagbag.py:588} INFO - Filling up the DagBag from /home/airflow/.local/lib/python3.12/site-packages/airflow/example_dags/example_skip_dag.py
[2025-03-10T21:29:18.699+0000] {processor.py:925} INFO - DAG(s) 'example_skip_dag' retrieved from /home/airflow/.local/lib/python3.12/site-packages/airflow/example_dags/example_skip_dag.py
[2025-03-10T21:29:18.717+0000] {logging_mixin.py:190} INFO - [2025-03-10T21:29:18.717+0000] {dag.py:3239} INFO - Sync 1 DAGs
[2025-03-10T21:29:18.738+0000] {logging_mixin.py:190} INFO - [2025-03-10T21:29:18.737+0000] {dag.py:4180} INFO - Setting next_dagrun for example_skip_dag to 2025-03-09 00:00:00+00:00, run_after=2025-03-10 00:00:00+00:00
[2025-03-10T21:29:18.758+0000] {processor.py:208} INFO - Processing /home/airflow/.local/lib/python3.12/site-packages/airflow/example_dags/example_skip_dag.py took 0.073 seconds
[2025-03-10T21:29:48.985+0000] {processor.py:186} INFO - Started process (PID=3153) to work on /home/airflow/.local/lib/python3.12/site-packages/airflow/example_dags/example_skip_dag.py
[2025-03-10T21:29:48.989+0000] {processor.py:914} INFO - Processing file /home/airflow/.local/lib/python3.12/site-packages/airflow/example_dags/example_skip_dag.py for tasks to queue
[2025-03-10T21:29:48.991+0000] {logging_mixin.py:190} INFO - [2025-03-10T21:29:48.990+0000] {dagbag.py:588} INFO - Filling up the DagBag from /home/airflow/.local/lib/python3.12/site-packages/airflow/example_dags/example_skip_dag.py
[2025-03-10T21:29:48.998+0000] {processor.py:925} INFO - DAG(s) 'example_skip_dag' retrieved from /home/airflow/.local/lib/python3.12/site-packages/airflow/example_dags/example_skip_dag.py
[2025-03-10T21:29:49.018+0000] {logging_mixin.py:190} INFO - [2025-03-10T21:29:49.018+0000] {dag.py:3239} INFO - Sync 1 DAGs
[2025-03-10T21:29:49.046+0000] {logging_mixin.py:190} INFO - [2025-03-10T21:29:49.046+0000] {dag.py:4180} INFO - Setting next_dagrun for example_skip_dag to 2025-03-09 00:00:00+00:00, run_after=2025-03-10 00:00:00+00:00
[2025-03-10T21:29:49.064+0000] {processor.py:208} INFO - Processing /home/airflow/.local/lib/python3.12/site-packages/airflow/example_dags/example_skip_dag.py took 0.085 seconds
[2025-03-10T21:30:24.866+0000] {processor.py:186} INFO - Started process (PID=3207) to work on /home/airflow/.local/lib/python3.12/site-packages/airflow/example_dags/example_skip_dag.py
[2025-03-10T21:30:24.877+0000] {processor.py:914} INFO - Processing file /home/airflow/.local/lib/python3.12/site-packages/airflow/example_dags/example_skip_dag.py for tasks to queue
[2025-03-10T21:30:24.879+0000] {logging_mixin.py:190} INFO - [2025-03-10T21:30:24.879+0000] {dagbag.py:588} INFO - Filling up the DagBag from /home/airflow/.local/lib/python3.12/site-packages/airflow/example_dags/example_skip_dag.py
[2025-03-10T21:30:24.887+0000] {processor.py:925} INFO - DAG(s) 'example_skip_dag' retrieved from /home/airflow/.local/lib/python3.12/site-packages/airflow/example_dags/example_skip_dag.py
[2025-03-10T21:30:24.908+0000] {logging_mixin.py:190} INFO - [2025-03-10T21:30:24.908+0000] {dag.py:3239} INFO - Sync 1 DAGs
[2025-03-10T21:30:24.933+0000] {logging_mixin.py:190} INFO - [2025-03-10T21:30:24.933+0000] {dag.py:4180} INFO - Setting next_dagrun for example_skip_dag to 2025-03-09 00:00:00+00:00, run_after=2025-03-10 00:00:00+00:00
[2025-03-10T21:30:24.951+0000] {processor.py:208} INFO - Processing /home/airflow/.local/lib/python3.12/site-packages/airflow/example_dags/example_skip_dag.py took 0.091 seconds
[2025-03-10T21:30:56.364+0000] {processor.py:186} INFO - Started process (PID=3271) to work on /home/airflow/.local/lib/python3.12/site-packages/airflow/example_dags/example_skip_dag.py
[2025-03-10T21:30:56.366+0000] {processor.py:914} INFO - Processing file /home/airflow/.local/lib/python3.12/site-packages/airflow/example_dags/example_skip_dag.py for tasks to queue
[2025-03-10T21:30:56.370+0000] {logging_mixin.py:190} INFO - [2025-03-10T21:30:56.370+0000] {dagbag.py:588} INFO - Filling up the DagBag from /home/airflow/.local/lib/python3.12/site-packages/airflow/example_dags/example_skip_dag.py
[2025-03-10T21:30:56.392+0000] {processor.py:925} INFO - DAG(s) 'example_skip_dag' retrieved from /home/airflow/.local/lib/python3.12/site-packages/airflow/example_dags/example_skip_dag.py
[2025-03-10T21:30:56.450+0000] {logging_mixin.py:190} INFO - [2025-03-10T21:30:56.449+0000] {dag.py:3239} INFO - Sync 1 DAGs
[2025-03-10T21:30:56.497+0000] {logging_mixin.py:190} INFO - [2025-03-10T21:30:56.497+0000] {dag.py:4180} INFO - Setting next_dagrun for example_skip_dag to 2025-03-09 00:00:00+00:00, run_after=2025-03-10 00:00:00+00:00
[2025-03-10T21:30:56.528+0000] {processor.py:208} INFO - Processing /home/airflow/.local/lib/python3.12/site-packages/airflow/example_dags/example_skip_dag.py took 0.174 seconds
[2025-03-10T21:31:50.220+0000] {processor.py:186} INFO - Started process (PID=3348) to work on /home/airflow/.local/lib/python3.12/site-packages/airflow/example_dags/example_skip_dag.py
[2025-03-10T21:31:50.221+0000] {processor.py:914} INFO - Processing file /home/airflow/.local/lib/python3.12/site-packages/airflow/example_dags/example_skip_dag.py for tasks to queue
[2025-03-10T21:31:50.223+0000] {logging_mixin.py:190} INFO - [2025-03-10T21:31:50.222+0000] {dagbag.py:588} INFO - Filling up the DagBag from /home/airflow/.local/lib/python3.12/site-packages/airflow/example_dags/example_skip_dag.py
[2025-03-10T21:31:50.230+0000] {processor.py:925} INFO - DAG(s) 'example_skip_dag' retrieved from /home/airflow/.local/lib/python3.12/site-packages/airflow/example_dags/example_skip_dag.py
[2025-03-10T21:31:50.247+0000] {logging_mixin.py:190} INFO - [2025-03-10T21:31:50.247+0000] {dag.py:3239} INFO - Sync 1 DAGs
[2025-03-10T21:31:50.274+0000] {logging_mixin.py:190} INFO - [2025-03-10T21:31:50.273+0000] {dag.py:4180} INFO - Setting next_dagrun for example_skip_dag to 2025-03-09 00:00:00+00:00, run_after=2025-03-10 00:00:00+00:00
[2025-03-10T21:31:50.292+0000] {processor.py:208} INFO - Processing /home/airflow/.local/lib/python3.12/site-packages/airflow/example_dags/example_skip_dag.py took 0.077 seconds
[2025-03-10T21:32:37.293+0000] {processor.py:186} INFO - Started process (PID=3415) to work on /home/airflow/.local/lib/python3.12/site-packages/airflow/example_dags/example_skip_dag.py
[2025-03-10T21:32:37.294+0000] {processor.py:914} INFO - Processing file /home/airflow/.local/lib/python3.12/site-packages/airflow/example_dags/example_skip_dag.py for tasks to queue
[2025-03-10T21:32:37.296+0000] {logging_mixin.py:190} INFO - [2025-03-10T21:32:37.296+0000] {dagbag.py:588} INFO - Filling up the DagBag from /home/airflow/.local/lib/python3.12/site-packages/airflow/example_dags/example_skip_dag.py
[2025-03-10T21:32:37.303+0000] {processor.py:925} INFO - DAG(s) 'example_skip_dag' retrieved from /home/airflow/.local/lib/python3.12/site-packages/airflow/example_dags/example_skip_dag.py
[2025-03-10T21:32:37.321+0000] {logging_mixin.py:190} INFO - [2025-03-10T21:32:37.321+0000] {dag.py:3239} INFO - Sync 1 DAGs
[2025-03-10T21:32:37.489+0000] {logging_mixin.py:190} INFO - [2025-03-10T21:32:37.489+0000] {dag.py:4180} INFO - Setting next_dagrun for example_skip_dag to 2025-03-09 00:00:00+00:00, run_after=2025-03-10 00:00:00+00:00
[2025-03-10T21:32:37.509+0000] {processor.py:208} INFO - Processing /home/airflow/.local/lib/python3.12/site-packages/airflow/example_dags/example_skip_dag.py took 0.222 seconds
[2025-03-10T21:36:28.430+0000] {processor.py:186} INFO - Started process (PID=80) to work on /home/airflow/.local/lib/python3.12/site-packages/airflow/example_dags/example_skip_dag.py
[2025-03-10T21:36:28.432+0000] {processor.py:914} INFO - Processing file /home/airflow/.local/lib/python3.12/site-packages/airflow/example_dags/example_skip_dag.py for tasks to queue
[2025-03-10T21:36:28.435+0000] {logging_mixin.py:190} INFO - [2025-03-10T21:36:28.435+0000] {dagbag.py:588} INFO - Filling up the DagBag from /home/airflow/.local/lib/python3.12/site-packages/airflow/example_dags/example_skip_dag.py
[2025-03-10T21:36:28.442+0000] {processor.py:925} INFO - DAG(s) 'example_skip_dag' retrieved from /home/airflow/.local/lib/python3.12/site-packages/airflow/example_dags/example_skip_dag.py
[2025-03-10T21:36:28.468+0000] {logging_mixin.py:190} INFO - [2025-03-10T21:36:28.467+0000] {dag.py:3239} INFO - Sync 1 DAGs
[2025-03-10T21:36:28.491+0000] {logging_mixin.py:190} INFO - [2025-03-10T21:36:28.491+0000] {dag.py:4180} INFO - Setting next_dagrun for example_skip_dag to 2025-03-09 00:00:00+00:00, run_after=2025-03-10 00:00:00+00:00
[2025-03-10T21:36:28.521+0000] {processor.py:208} INFO - Processing /home/airflow/.local/lib/python3.12/site-packages/airflow/example_dags/example_skip_dag.py took 0.096 seconds
