[2025-03-10T21:04:47.615+0000] {processor.py:186} INFO - Started process (PID=69) to work on /home/airflow/.local/lib/python3.12/site-packages/airflow/example_dags/example_branch_operator.py
[2025-03-10T21:04:47.616+0000] {processor.py:914} INFO - Processing file /home/airflow/.local/lib/python3.12/site-packages/airflow/example_dags/example_branch_operator.py for tasks to queue
[2025-03-10T21:04:47.618+0000] {logging_mixin.py:190} INFO - [2025-03-10T21:04:47.617+0000] {dagbag.py:588} INFO - Filling up the DagBag from /home/airflow/.local/lib/python3.12/site-packages/airflow/example_dags/example_branch_operator.py
[2025-03-10T21:04:47.632+0000] {processor.py:925} INFO - DAG(s) 'example_branch_operator' retrieved from /home/airflow/.local/lib/python3.12/site-packages/airflow/example_dags/example_branch_operator.py
[2025-03-10T21:04:47.733+0000] {logging_mixin.py:190} INFO - [2025-03-10T21:04:47.732+0000] {dag.py:3239} INFO - Sync 1 DAGs
[2025-03-10T21:04:47.754+0000] {logging_mixin.py:190} INFO - [2025-03-10T21:04:47.754+0000] {dag.py:4180} INFO - Setting next_dagrun for example_branch_operator to 2025-03-09 00:00:00+00:00, run_after=2025-03-10 00:00:00+00:00
[2025-03-10T21:04:47.773+0000] {processor.py:208} INFO - Processing /home/airflow/.local/lib/python3.12/site-packages/airflow/example_dags/example_branch_operator.py took 0.162 seconds
[2025-03-10T21:05:18.599+0000] {processor.py:186} INFO - Started process (PID=133) to work on /home/airflow/.local/lib/python3.12/site-packages/airflow/example_dags/example_branch_operator.py
[2025-03-10T21:05:18.600+0000] {processor.py:914} INFO - Processing file /home/airflow/.local/lib/python3.12/site-packages/airflow/example_dags/example_branch_operator.py for tasks to queue
[2025-03-10T21:05:18.602+0000] {logging_mixin.py:190} INFO - [2025-03-10T21:05:18.602+0000] {dagbag.py:588} INFO - Filling up the DagBag from /home/airflow/.local/lib/python3.12/site-packages/airflow/example_dags/example_branch_operator.py
[2025-03-10T21:05:18.621+0000] {processor.py:925} INFO - DAG(s) 'example_branch_operator' retrieved from /home/airflow/.local/lib/python3.12/site-packages/airflow/example_dags/example_branch_operator.py
[2025-03-10T21:05:18.651+0000] {logging_mixin.py:190} INFO - [2025-03-10T21:05:18.651+0000] {dag.py:3239} INFO - Sync 1 DAGs
[2025-03-10T21:05:18.674+0000] {logging_mixin.py:190} INFO - [2025-03-10T21:05:18.673+0000] {dag.py:4180} INFO - Setting next_dagrun for example_branch_operator to 2025-03-09 00:00:00+00:00, run_after=2025-03-10 00:00:00+00:00
[2025-03-10T21:05:18.693+0000] {processor.py:208} INFO - Processing /home/airflow/.local/lib/python3.12/site-packages/airflow/example_dags/example_branch_operator.py took 0.100 seconds
[2025-03-10T21:05:49.660+0000] {processor.py:186} INFO - Started process (PID=203) to work on /home/airflow/.local/lib/python3.12/site-packages/airflow/example_dags/example_branch_operator.py
[2025-03-10T21:05:49.661+0000] {processor.py:914} INFO - Processing file /home/airflow/.local/lib/python3.12/site-packages/airflow/example_dags/example_branch_operator.py for tasks to queue
[2025-03-10T21:05:49.663+0000] {logging_mixin.py:190} INFO - [2025-03-10T21:05:49.662+0000] {dagbag.py:588} INFO - Filling up the DagBag from /home/airflow/.local/lib/python3.12/site-packages/airflow/example_dags/example_branch_operator.py
[2025-03-10T21:05:49.681+0000] {processor.py:925} INFO - DAG(s) 'example_branch_operator' retrieved from /home/airflow/.local/lib/python3.12/site-packages/airflow/example_dags/example_branch_operator.py
[2025-03-10T21:05:49.707+0000] {logging_mixin.py:190} INFO - [2025-03-10T21:05:49.707+0000] {dag.py:3239} INFO - Sync 1 DAGs
[2025-03-10T21:05:49.730+0000] {logging_mixin.py:190} INFO - [2025-03-10T21:05:49.730+0000] {dag.py:4180} INFO - Setting next_dagrun for example_branch_operator to 2025-03-09 00:00:00+00:00, run_after=2025-03-10 00:00:00+00:00
[2025-03-10T21:05:49.756+0000] {processor.py:208} INFO - Processing /home/airflow/.local/lib/python3.12/site-packages/airflow/example_dags/example_branch_operator.py took 0.102 seconds
[2025-03-10T21:06:20.416+0000] {processor.py:186} INFO - Started process (PID=267) to work on /home/airflow/.local/lib/python3.12/site-packages/airflow/example_dags/example_branch_operator.py
[2025-03-10T21:06:20.416+0000] {processor.py:914} INFO - Processing file /home/airflow/.local/lib/python3.12/site-packages/airflow/example_dags/example_branch_operator.py for tasks to queue
[2025-03-10T21:06:20.418+0000] {logging_mixin.py:190} INFO - [2025-03-10T21:06:20.418+0000] {dagbag.py:588} INFO - Filling up the DagBag from /home/airflow/.local/lib/python3.12/site-packages/airflow/example_dags/example_branch_operator.py
[2025-03-10T21:06:20.432+0000] {processor.py:925} INFO - DAG(s) 'example_branch_operator' retrieved from /home/airflow/.local/lib/python3.12/site-packages/airflow/example_dags/example_branch_operator.py
[2025-03-10T21:06:20.455+0000] {logging_mixin.py:190} INFO - [2025-03-10T21:06:20.454+0000] {dag.py:3239} INFO - Sync 1 DAGs
[2025-03-10T21:06:20.474+0000] {logging_mixin.py:190} INFO - [2025-03-10T21:06:20.474+0000] {dag.py:4180} INFO - Setting next_dagrun for example_branch_operator to 2025-03-09 00:00:00+00:00, run_after=2025-03-10 00:00:00+00:00
[2025-03-10T21:06:20.488+0000] {processor.py:208} INFO - Processing /home/airflow/.local/lib/python3.12/site-packages/airflow/example_dags/example_branch_operator.py took 0.077 seconds
[2025-03-10T21:06:51.322+0000] {processor.py:186} INFO - Started process (PID=331) to work on /home/airflow/.local/lib/python3.12/site-packages/airflow/example_dags/example_branch_operator.py
[2025-03-10T21:06:51.322+0000] {processor.py:914} INFO - Processing file /home/airflow/.local/lib/python3.12/site-packages/airflow/example_dags/example_branch_operator.py for tasks to queue
[2025-03-10T21:06:51.324+0000] {logging_mixin.py:190} INFO - [2025-03-10T21:06:51.324+0000] {dagbag.py:588} INFO - Filling up the DagBag from /home/airflow/.local/lib/python3.12/site-packages/airflow/example_dags/example_branch_operator.py
[2025-03-10T21:06:51.338+0000] {processor.py:925} INFO - DAG(s) 'example_branch_operator' retrieved from /home/airflow/.local/lib/python3.12/site-packages/airflow/example_dags/example_branch_operator.py
[2025-03-10T21:06:51.360+0000] {logging_mixin.py:190} INFO - [2025-03-10T21:06:51.360+0000] {dag.py:3239} INFO - Sync 1 DAGs
[2025-03-10T21:06:51.381+0000] {logging_mixin.py:190} INFO - [2025-03-10T21:06:51.381+0000] {dag.py:4180} INFO - Setting next_dagrun for example_branch_operator to 2025-03-09 00:00:00+00:00, run_after=2025-03-10 00:00:00+00:00
[2025-03-10T21:06:51.399+0000] {processor.py:208} INFO - Processing /home/airflow/.local/lib/python3.12/site-packages/airflow/example_dags/example_branch_operator.py took 0.082 seconds
[2025-03-10T21:07:21.893+0000] {processor.py:186} INFO - Started process (PID=394) to work on /home/airflow/.local/lib/python3.12/site-packages/airflow/example_dags/example_branch_operator.py
[2025-03-10T21:07:21.894+0000] {processor.py:914} INFO - Processing file /home/airflow/.local/lib/python3.12/site-packages/airflow/example_dags/example_branch_operator.py for tasks to queue
[2025-03-10T21:07:21.896+0000] {logging_mixin.py:190} INFO - [2025-03-10T21:07:21.896+0000] {dagbag.py:588} INFO - Filling up the DagBag from /home/airflow/.local/lib/python3.12/site-packages/airflow/example_dags/example_branch_operator.py
[2025-03-10T21:07:21.910+0000] {processor.py:925} INFO - DAG(s) 'example_branch_operator' retrieved from /home/airflow/.local/lib/python3.12/site-packages/airflow/example_dags/example_branch_operator.py
[2025-03-10T21:07:21.933+0000] {logging_mixin.py:190} INFO - [2025-03-10T21:07:21.933+0000] {dag.py:3239} INFO - Sync 1 DAGs
[2025-03-10T21:07:21.952+0000] {logging_mixin.py:190} INFO - [2025-03-10T21:07:21.952+0000] {dag.py:4180} INFO - Setting next_dagrun for example_branch_operator to 2025-03-09 00:00:00+00:00, run_after=2025-03-10 00:00:00+00:00
[2025-03-10T21:07:21.966+0000] {processor.py:208} INFO - Processing /home/airflow/.local/lib/python3.12/site-packages/airflow/example_dags/example_branch_operator.py took 0.078 seconds
[2025-03-10T21:07:52.709+0000] {processor.py:186} INFO - Started process (PID=458) to work on /home/airflow/.local/lib/python3.12/site-packages/airflow/example_dags/example_branch_operator.py
[2025-03-10T21:07:52.710+0000] {processor.py:914} INFO - Processing file /home/airflow/.local/lib/python3.12/site-packages/airflow/example_dags/example_branch_operator.py for tasks to queue
[2025-03-10T21:07:52.712+0000] {logging_mixin.py:190} INFO - [2025-03-10T21:07:52.712+0000] {dagbag.py:588} INFO - Filling up the DagBag from /home/airflow/.local/lib/python3.12/site-packages/airflow/example_dags/example_branch_operator.py
[2025-03-10T21:07:52.726+0000] {processor.py:925} INFO - DAG(s) 'example_branch_operator' retrieved from /home/airflow/.local/lib/python3.12/site-packages/airflow/example_dags/example_branch_operator.py
[2025-03-10T21:07:52.748+0000] {logging_mixin.py:190} INFO - [2025-03-10T21:07:52.748+0000] {dag.py:3239} INFO - Sync 1 DAGs
[2025-03-10T21:07:52.768+0000] {logging_mixin.py:190} INFO - [2025-03-10T21:07:52.768+0000] {dag.py:4180} INFO - Setting next_dagrun for example_branch_operator to 2025-03-09 00:00:00+00:00, run_after=2025-03-10 00:00:00+00:00
[2025-03-10T21:07:52.786+0000] {processor.py:208} INFO - Processing /home/airflow/.local/lib/python3.12/site-packages/airflow/example_dags/example_branch_operator.py took 0.081 seconds
[2025-03-10T21:08:24.233+0000] {processor.py:186} INFO - Started process (PID=523) to work on /home/airflow/.local/lib/python3.12/site-packages/airflow/example_dags/example_branch_operator.py
[2025-03-10T21:08:24.233+0000] {processor.py:914} INFO - Processing file /home/airflow/.local/lib/python3.12/site-packages/airflow/example_dags/example_branch_operator.py for tasks to queue
[2025-03-10T21:08:24.235+0000] {logging_mixin.py:190} INFO - [2025-03-10T21:08:24.235+0000] {dagbag.py:588} INFO - Filling up the DagBag from /home/airflow/.local/lib/python3.12/site-packages/airflow/example_dags/example_branch_operator.py
[2025-03-10T21:08:24.249+0000] {processor.py:925} INFO - DAG(s) 'example_branch_operator' retrieved from /home/airflow/.local/lib/python3.12/site-packages/airflow/example_dags/example_branch_operator.py
[2025-03-10T21:08:24.271+0000] {logging_mixin.py:190} INFO - [2025-03-10T21:08:24.271+0000] {dag.py:3239} INFO - Sync 1 DAGs
[2025-03-10T21:08:24.290+0000] {logging_mixin.py:190} INFO - [2025-03-10T21:08:24.290+0000] {dag.py:4180} INFO - Setting next_dagrun for example_branch_operator to 2025-03-09 00:00:00+00:00, run_after=2025-03-10 00:00:00+00:00
[2025-03-10T21:08:24.303+0000] {processor.py:208} INFO - Processing /home/airflow/.local/lib/python3.12/site-packages/airflow/example_dags/example_branch_operator.py took 0.076 seconds
[2025-03-10T21:08:55.065+0000] {processor.py:186} INFO - Started process (PID=587) to work on /home/airflow/.local/lib/python3.12/site-packages/airflow/example_dags/example_branch_operator.py
[2025-03-10T21:08:55.066+0000] {processor.py:914} INFO - Processing file /home/airflow/.local/lib/python3.12/site-packages/airflow/example_dags/example_branch_operator.py for tasks to queue
[2025-03-10T21:08:55.067+0000] {logging_mixin.py:190} INFO - [2025-03-10T21:08:55.067+0000] {dagbag.py:588} INFO - Filling up the DagBag from /home/airflow/.local/lib/python3.12/site-packages/airflow/example_dags/example_branch_operator.py
[2025-03-10T21:08:55.081+0000] {processor.py:925} INFO - DAG(s) 'example_branch_operator' retrieved from /home/airflow/.local/lib/python3.12/site-packages/airflow/example_dags/example_branch_operator.py
[2025-03-10T21:08:55.104+0000] {logging_mixin.py:190} INFO - [2025-03-10T21:08:55.103+0000] {dag.py:3239} INFO - Sync 1 DAGs
[2025-03-10T21:08:55.123+0000] {logging_mixin.py:190} INFO - [2025-03-10T21:08:55.122+0000] {dag.py:4180} INFO - Setting next_dagrun for example_branch_operator to 2025-03-09 00:00:00+00:00, run_after=2025-03-10 00:00:00+00:00
[2025-03-10T21:08:55.138+0000] {processor.py:208} INFO - Processing /home/airflow/.local/lib/python3.12/site-packages/airflow/example_dags/example_branch_operator.py took 0.078 seconds
[2025-03-10T21:09:25.165+0000] {processor.py:186} INFO - Started process (PID=650) to work on /home/airflow/.local/lib/python3.12/site-packages/airflow/example_dags/example_branch_operator.py
[2025-03-10T21:09:25.166+0000] {processor.py:914} INFO - Processing file /home/airflow/.local/lib/python3.12/site-packages/airflow/example_dags/example_branch_operator.py for tasks to queue
[2025-03-10T21:09:25.168+0000] {logging_mixin.py:190} INFO - [2025-03-10T21:09:25.168+0000] {dagbag.py:588} INFO - Filling up the DagBag from /home/airflow/.local/lib/python3.12/site-packages/airflow/example_dags/example_branch_operator.py
[2025-03-10T21:09:25.182+0000] {processor.py:925} INFO - DAG(s) 'example_branch_operator' retrieved from /home/airflow/.local/lib/python3.12/site-packages/airflow/example_dags/example_branch_operator.py
[2025-03-10T21:09:25.206+0000] {logging_mixin.py:190} INFO - [2025-03-10T21:09:25.206+0000] {dag.py:3239} INFO - Sync 1 DAGs
[2025-03-10T21:09:25.226+0000] {logging_mixin.py:190} INFO - [2025-03-10T21:09:25.226+0000] {dag.py:4180} INFO - Setting next_dagrun for example_branch_operator to 2025-03-09 00:00:00+00:00, run_after=2025-03-10 00:00:00+00:00
[2025-03-10T21:09:25.245+0000] {processor.py:208} INFO - Processing /home/airflow/.local/lib/python3.12/site-packages/airflow/example_dags/example_branch_operator.py took 0.086 seconds
[2025-03-10T21:09:55.913+0000] {processor.py:186} INFO - Started process (PID=714) to work on /home/airflow/.local/lib/python3.12/site-packages/airflow/example_dags/example_branch_operator.py
[2025-03-10T21:09:55.914+0000] {processor.py:914} INFO - Processing file /home/airflow/.local/lib/python3.12/site-packages/airflow/example_dags/example_branch_operator.py for tasks to queue
[2025-03-10T21:09:55.916+0000] {logging_mixin.py:190} INFO - [2025-03-10T21:09:55.915+0000] {dagbag.py:588} INFO - Filling up the DagBag from /home/airflow/.local/lib/python3.12/site-packages/airflow/example_dags/example_branch_operator.py
[2025-03-10T21:09:55.934+0000] {processor.py:925} INFO - DAG(s) 'example_branch_operator' retrieved from /home/airflow/.local/lib/python3.12/site-packages/airflow/example_dags/example_branch_operator.py
[2025-03-10T21:09:55.957+0000] {logging_mixin.py:190} INFO - [2025-03-10T21:09:55.957+0000] {dag.py:3239} INFO - Sync 1 DAGs
[2025-03-10T21:09:55.983+0000] {logging_mixin.py:190} INFO - [2025-03-10T21:09:55.983+0000] {dag.py:4180} INFO - Setting next_dagrun for example_branch_operator to 2025-03-09 00:00:00+00:00, run_after=2025-03-10 00:00:00+00:00
[2025-03-10T21:09:55.999+0000] {processor.py:208} INFO - Processing /home/airflow/.local/lib/python3.12/site-packages/airflow/example_dags/example_branch_operator.py took 0.092 seconds
[2025-03-10T21:10:27.062+0000] {processor.py:186} INFO - Started process (PID=778) to work on /home/airflow/.local/lib/python3.12/site-packages/airflow/example_dags/example_branch_operator.py
[2025-03-10T21:10:27.064+0000] {processor.py:914} INFO - Processing file /home/airflow/.local/lib/python3.12/site-packages/airflow/example_dags/example_branch_operator.py for tasks to queue
[2025-03-10T21:10:27.066+0000] {logging_mixin.py:190} INFO - [2025-03-10T21:10:27.066+0000] {dagbag.py:588} INFO - Filling up the DagBag from /home/airflow/.local/lib/python3.12/site-packages/airflow/example_dags/example_branch_operator.py
[2025-03-10T21:10:27.082+0000] {processor.py:925} INFO - DAG(s) 'example_branch_operator' retrieved from /home/airflow/.local/lib/python3.12/site-packages/airflow/example_dags/example_branch_operator.py
[2025-03-10T21:10:27.104+0000] {logging_mixin.py:190} INFO - [2025-03-10T21:10:27.103+0000] {dag.py:3239} INFO - Sync 1 DAGs
[2025-03-10T21:10:27.124+0000] {logging_mixin.py:190} INFO - [2025-03-10T21:10:27.123+0000] {dag.py:4180} INFO - Setting next_dagrun for example_branch_operator to 2025-03-09 00:00:00+00:00, run_after=2025-03-10 00:00:00+00:00
[2025-03-10T21:10:27.143+0000] {processor.py:208} INFO - Processing /home/airflow/.local/lib/python3.12/site-packages/airflow/example_dags/example_branch_operator.py took 0.085 seconds
[2025-03-10T21:10:57.210+0000] {processor.py:186} INFO - Started process (PID=843) to work on /home/airflow/.local/lib/python3.12/site-packages/airflow/example_dags/example_branch_operator.py
[2025-03-10T21:10:57.211+0000] {processor.py:914} INFO - Processing file /home/airflow/.local/lib/python3.12/site-packages/airflow/example_dags/example_branch_operator.py for tasks to queue
[2025-03-10T21:10:57.213+0000] {logging_mixin.py:190} INFO - [2025-03-10T21:10:57.212+0000] {dagbag.py:588} INFO - Filling up the DagBag from /home/airflow/.local/lib/python3.12/site-packages/airflow/example_dags/example_branch_operator.py
[2025-03-10T21:10:57.227+0000] {processor.py:925} INFO - DAG(s) 'example_branch_operator' retrieved from /home/airflow/.local/lib/python3.12/site-packages/airflow/example_dags/example_branch_operator.py
[2025-03-10T21:10:57.249+0000] {logging_mixin.py:190} INFO - [2025-03-10T21:10:57.249+0000] {dag.py:3239} INFO - Sync 1 DAGs
[2025-03-10T21:10:57.268+0000] {logging_mixin.py:190} INFO - [2025-03-10T21:10:57.268+0000] {dag.py:4180} INFO - Setting next_dagrun for example_branch_operator to 2025-03-09 00:00:00+00:00, run_after=2025-03-10 00:00:00+00:00
[2025-03-10T21:10:57.283+0000] {processor.py:208} INFO - Processing /home/airflow/.local/lib/python3.12/site-packages/airflow/example_dags/example_branch_operator.py took 0.077 seconds
[2025-03-10T21:11:27.855+0000] {processor.py:186} INFO - Started process (PID=906) to work on /home/airflow/.local/lib/python3.12/site-packages/airflow/example_dags/example_branch_operator.py
[2025-03-10T21:11:27.856+0000] {processor.py:914} INFO - Processing file /home/airflow/.local/lib/python3.12/site-packages/airflow/example_dags/example_branch_operator.py for tasks to queue
[2025-03-10T21:11:27.858+0000] {logging_mixin.py:190} INFO - [2025-03-10T21:11:27.858+0000] {dagbag.py:588} INFO - Filling up the DagBag from /home/airflow/.local/lib/python3.12/site-packages/airflow/example_dags/example_branch_operator.py
[2025-03-10T21:11:27.873+0000] {processor.py:925} INFO - DAG(s) 'example_branch_operator' retrieved from /home/airflow/.local/lib/python3.12/site-packages/airflow/example_dags/example_branch_operator.py
[2025-03-10T21:11:27.896+0000] {logging_mixin.py:190} INFO - [2025-03-10T21:11:27.895+0000] {dag.py:3239} INFO - Sync 1 DAGs
[2025-03-10T21:11:27.916+0000] {logging_mixin.py:190} INFO - [2025-03-10T21:11:27.916+0000] {dag.py:4180} INFO - Setting next_dagrun for example_branch_operator to 2025-03-09 00:00:00+00:00, run_after=2025-03-10 00:00:00+00:00
[2025-03-10T21:11:27.930+0000] {processor.py:208} INFO - Processing /home/airflow/.local/lib/python3.12/site-packages/airflow/example_dags/example_branch_operator.py took 0.079 seconds
[2025-03-10T21:11:58.566+0000] {processor.py:186} INFO - Started process (PID=970) to work on /home/airflow/.local/lib/python3.12/site-packages/airflow/example_dags/example_branch_operator.py
[2025-03-10T21:11:58.567+0000] {processor.py:914} INFO - Processing file /home/airflow/.local/lib/python3.12/site-packages/airflow/example_dags/example_branch_operator.py for tasks to queue
[2025-03-10T21:11:58.569+0000] {logging_mixin.py:190} INFO - [2025-03-10T21:11:58.568+0000] {dagbag.py:588} INFO - Filling up the DagBag from /home/airflow/.local/lib/python3.12/site-packages/airflow/example_dags/example_branch_operator.py
[2025-03-10T21:11:58.584+0000] {processor.py:925} INFO - DAG(s) 'example_branch_operator' retrieved from /home/airflow/.local/lib/python3.12/site-packages/airflow/example_dags/example_branch_operator.py
[2025-03-10T21:11:58.609+0000] {logging_mixin.py:190} INFO - [2025-03-10T21:11:58.609+0000] {dag.py:3239} INFO - Sync 1 DAGs
[2025-03-10T21:11:58.632+0000] {logging_mixin.py:190} INFO - [2025-03-10T21:11:58.632+0000] {dag.py:4180} INFO - Setting next_dagrun for example_branch_operator to 2025-03-09 00:00:00+00:00, run_after=2025-03-10 00:00:00+00:00
[2025-03-10T21:11:58.653+0000] {processor.py:208} INFO - Processing /home/airflow/.local/lib/python3.12/site-packages/airflow/example_dags/example_branch_operator.py took 0.092 seconds
[2025-03-10T21:12:29.268+0000] {processor.py:186} INFO - Started process (PID=1034) to work on /home/airflow/.local/lib/python3.12/site-packages/airflow/example_dags/example_branch_operator.py
[2025-03-10T21:12:29.269+0000] {processor.py:914} INFO - Processing file /home/airflow/.local/lib/python3.12/site-packages/airflow/example_dags/example_branch_operator.py for tasks to queue
[2025-03-10T21:12:29.271+0000] {logging_mixin.py:190} INFO - [2025-03-10T21:12:29.271+0000] {dagbag.py:588} INFO - Filling up the DagBag from /home/airflow/.local/lib/python3.12/site-packages/airflow/example_dags/example_branch_operator.py
[2025-03-10T21:12:29.286+0000] {processor.py:925} INFO - DAG(s) 'example_branch_operator' retrieved from /home/airflow/.local/lib/python3.12/site-packages/airflow/example_dags/example_branch_operator.py
[2025-03-10T21:12:29.308+0000] {logging_mixin.py:190} INFO - [2025-03-10T21:12:29.307+0000] {dag.py:3239} INFO - Sync 1 DAGs
[2025-03-10T21:12:29.326+0000] {logging_mixin.py:190} INFO - [2025-03-10T21:12:29.326+0000] {dag.py:4180} INFO - Setting next_dagrun for example_branch_operator to 2025-03-09 00:00:00+00:00, run_after=2025-03-10 00:00:00+00:00
[2025-03-10T21:12:29.340+0000] {processor.py:208} INFO - Processing /home/airflow/.local/lib/python3.12/site-packages/airflow/example_dags/example_branch_operator.py took 0.077 seconds
[2025-03-10T21:13:00.160+0000] {processor.py:186} INFO - Started process (PID=1098) to work on /home/airflow/.local/lib/python3.12/site-packages/airflow/example_dags/example_branch_operator.py
[2025-03-10T21:13:00.162+0000] {processor.py:914} INFO - Processing file /home/airflow/.local/lib/python3.12/site-packages/airflow/example_dags/example_branch_operator.py for tasks to queue
[2025-03-10T21:13:00.164+0000] {logging_mixin.py:190} INFO - [2025-03-10T21:13:00.163+0000] {dagbag.py:588} INFO - Filling up the DagBag from /home/airflow/.local/lib/python3.12/site-packages/airflow/example_dags/example_branch_operator.py
[2025-03-10T21:13:00.178+0000] {processor.py:925} INFO - DAG(s) 'example_branch_operator' retrieved from /home/airflow/.local/lib/python3.12/site-packages/airflow/example_dags/example_branch_operator.py
[2025-03-10T21:13:00.206+0000] {logging_mixin.py:190} INFO - [2025-03-10T21:13:00.205+0000] {dag.py:3239} INFO - Sync 1 DAGs
[2025-03-10T21:13:00.229+0000] {logging_mixin.py:190} INFO - [2025-03-10T21:13:00.229+0000] {dag.py:4180} INFO - Setting next_dagrun for example_branch_operator to 2025-03-09 00:00:00+00:00, run_after=2025-03-10 00:00:00+00:00
[2025-03-10T21:13:00.244+0000] {processor.py:208} INFO - Processing /home/airflow/.local/lib/python3.12/site-packages/airflow/example_dags/example_branch_operator.py took 0.088 seconds
[2025-03-10T21:13:30.931+0000] {processor.py:186} INFO - Started process (PID=1163) to work on /home/airflow/.local/lib/python3.12/site-packages/airflow/example_dags/example_branch_operator.py
[2025-03-10T21:13:30.932+0000] {processor.py:914} INFO - Processing file /home/airflow/.local/lib/python3.12/site-packages/airflow/example_dags/example_branch_operator.py for tasks to queue
[2025-03-10T21:13:30.934+0000] {logging_mixin.py:190} INFO - [2025-03-10T21:13:30.933+0000] {dagbag.py:588} INFO - Filling up the DagBag from /home/airflow/.local/lib/python3.12/site-packages/airflow/example_dags/example_branch_operator.py
[2025-03-10T21:13:30.948+0000] {processor.py:925} INFO - DAG(s) 'example_branch_operator' retrieved from /home/airflow/.local/lib/python3.12/site-packages/airflow/example_dags/example_branch_operator.py
[2025-03-10T21:13:30.970+0000] {logging_mixin.py:190} INFO - [2025-03-10T21:13:30.970+0000] {dag.py:3239} INFO - Sync 1 DAGs
[2025-03-10T21:13:30.989+0000] {logging_mixin.py:190} INFO - [2025-03-10T21:13:30.988+0000] {dag.py:4180} INFO - Setting next_dagrun for example_branch_operator to 2025-03-09 00:00:00+00:00, run_after=2025-03-10 00:00:00+00:00
[2025-03-10T21:13:31.001+0000] {processor.py:208} INFO - Processing /home/airflow/.local/lib/python3.12/site-packages/airflow/example_dags/example_branch_operator.py took 0.075 seconds
[2025-03-10T21:14:01.767+0000] {processor.py:186} INFO - Started process (PID=1227) to work on /home/airflow/.local/lib/python3.12/site-packages/airflow/example_dags/example_branch_operator.py
[2025-03-10T21:14:01.768+0000] {processor.py:914} INFO - Processing file /home/airflow/.local/lib/python3.12/site-packages/airflow/example_dags/example_branch_operator.py for tasks to queue
[2025-03-10T21:14:01.770+0000] {logging_mixin.py:190} INFO - [2025-03-10T21:14:01.770+0000] {dagbag.py:588} INFO - Filling up the DagBag from /home/airflow/.local/lib/python3.12/site-packages/airflow/example_dags/example_branch_operator.py
[2025-03-10T21:14:01.784+0000] {processor.py:925} INFO - DAG(s) 'example_branch_operator' retrieved from /home/airflow/.local/lib/python3.12/site-packages/airflow/example_dags/example_branch_operator.py
[2025-03-10T21:14:01.807+0000] {logging_mixin.py:190} INFO - [2025-03-10T21:14:01.807+0000] {dag.py:3239} INFO - Sync 1 DAGs
[2025-03-10T21:14:01.826+0000] {logging_mixin.py:190} INFO - [2025-03-10T21:14:01.826+0000] {dag.py:4180} INFO - Setting next_dagrun for example_branch_operator to 2025-03-09 00:00:00+00:00, run_after=2025-03-10 00:00:00+00:00
[2025-03-10T21:14:01.843+0000] {processor.py:208} INFO - Processing /home/airflow/.local/lib/python3.12/site-packages/airflow/example_dags/example_branch_operator.py took 0.080 seconds
[2025-03-10T21:14:32.652+0000] {processor.py:186} INFO - Started process (PID=1291) to work on /home/airflow/.local/lib/python3.12/site-packages/airflow/example_dags/example_branch_operator.py
[2025-03-10T21:14:32.653+0000] {processor.py:914} INFO - Processing file /home/airflow/.local/lib/python3.12/site-packages/airflow/example_dags/example_branch_operator.py for tasks to queue
[2025-03-10T21:14:32.655+0000] {logging_mixin.py:190} INFO - [2025-03-10T21:14:32.655+0000] {dagbag.py:588} INFO - Filling up the DagBag from /home/airflow/.local/lib/python3.12/site-packages/airflow/example_dags/example_branch_operator.py
[2025-03-10T21:14:32.670+0000] {processor.py:925} INFO - DAG(s) 'example_branch_operator' retrieved from /home/airflow/.local/lib/python3.12/site-packages/airflow/example_dags/example_branch_operator.py
[2025-03-10T21:14:32.692+0000] {logging_mixin.py:190} INFO - [2025-03-10T21:14:32.692+0000] {dag.py:3239} INFO - Sync 1 DAGs
[2025-03-10T21:14:32.711+0000] {logging_mixin.py:190} INFO - [2025-03-10T21:14:32.711+0000] {dag.py:4180} INFO - Setting next_dagrun for example_branch_operator to 2025-03-09 00:00:00+00:00, run_after=2025-03-10 00:00:00+00:00
[2025-03-10T21:14:32.725+0000] {processor.py:208} INFO - Processing /home/airflow/.local/lib/python3.12/site-packages/airflow/example_dags/example_branch_operator.py took 0.079 seconds
[2025-03-10T21:15:03.571+0000] {processor.py:186} INFO - Started process (PID=1355) to work on /home/airflow/.local/lib/python3.12/site-packages/airflow/example_dags/example_branch_operator.py
[2025-03-10T21:15:03.572+0000] {processor.py:914} INFO - Processing file /home/airflow/.local/lib/python3.12/site-packages/airflow/example_dags/example_branch_operator.py for tasks to queue
[2025-03-10T21:15:03.574+0000] {logging_mixin.py:190} INFO - [2025-03-10T21:15:03.574+0000] {dagbag.py:588} INFO - Filling up the DagBag from /home/airflow/.local/lib/python3.12/site-packages/airflow/example_dags/example_branch_operator.py
[2025-03-10T21:15:03.590+0000] {processor.py:925} INFO - DAG(s) 'example_branch_operator' retrieved from /home/airflow/.local/lib/python3.12/site-packages/airflow/example_dags/example_branch_operator.py
[2025-03-10T21:15:03.616+0000] {logging_mixin.py:190} INFO - [2025-03-10T21:15:03.616+0000] {dag.py:3239} INFO - Sync 1 DAGs
[2025-03-10T21:15:03.641+0000] {logging_mixin.py:190} INFO - [2025-03-10T21:15:03.641+0000] {dag.py:4180} INFO - Setting next_dagrun for example_branch_operator to 2025-03-09 00:00:00+00:00, run_after=2025-03-10 00:00:00+00:00
[2025-03-10T21:15:03.659+0000] {processor.py:208} INFO - Processing /home/airflow/.local/lib/python3.12/site-packages/airflow/example_dags/example_branch_operator.py took 0.093 seconds
[2025-03-10T21:15:34.412+0000] {processor.py:186} INFO - Started process (PID=1419) to work on /home/airflow/.local/lib/python3.12/site-packages/airflow/example_dags/example_branch_operator.py
[2025-03-10T21:15:34.412+0000] {processor.py:914} INFO - Processing file /home/airflow/.local/lib/python3.12/site-packages/airflow/example_dags/example_branch_operator.py for tasks to queue
[2025-03-10T21:15:34.414+0000] {logging_mixin.py:190} INFO - [2025-03-10T21:15:34.414+0000] {dagbag.py:588} INFO - Filling up the DagBag from /home/airflow/.local/lib/python3.12/site-packages/airflow/example_dags/example_branch_operator.py
[2025-03-10T21:15:34.428+0000] {processor.py:925} INFO - DAG(s) 'example_branch_operator' retrieved from /home/airflow/.local/lib/python3.12/site-packages/airflow/example_dags/example_branch_operator.py
[2025-03-10T21:15:34.449+0000] {logging_mixin.py:190} INFO - [2025-03-10T21:15:34.449+0000] {dag.py:3239} INFO - Sync 1 DAGs
[2025-03-10T21:15:34.468+0000] {logging_mixin.py:190} INFO - [2025-03-10T21:15:34.468+0000] {dag.py:4180} INFO - Setting next_dagrun for example_branch_operator to 2025-03-09 00:00:00+00:00, run_after=2025-03-10 00:00:00+00:00
[2025-03-10T21:15:34.481+0000] {processor.py:208} INFO - Processing /home/airflow/.local/lib/python3.12/site-packages/airflow/example_dags/example_branch_operator.py took 0.074 seconds
[2025-03-10T21:16:05.118+0000] {processor.py:186} INFO - Started process (PID=1483) to work on /home/airflow/.local/lib/python3.12/site-packages/airflow/example_dags/example_branch_operator.py
[2025-03-10T21:16:05.120+0000] {processor.py:914} INFO - Processing file /home/airflow/.local/lib/python3.12/site-packages/airflow/example_dags/example_branch_operator.py for tasks to queue
[2025-03-10T21:16:05.121+0000] {logging_mixin.py:190} INFO - [2025-03-10T21:16:05.121+0000] {dagbag.py:588} INFO - Filling up the DagBag from /home/airflow/.local/lib/python3.12/site-packages/airflow/example_dags/example_branch_operator.py
[2025-03-10T21:16:05.136+0000] {processor.py:925} INFO - DAG(s) 'example_branch_operator' retrieved from /home/airflow/.local/lib/python3.12/site-packages/airflow/example_dags/example_branch_operator.py
[2025-03-10T21:16:05.158+0000] {logging_mixin.py:190} INFO - [2025-03-10T21:16:05.158+0000] {dag.py:3239} INFO - Sync 1 DAGs
[2025-03-10T21:16:05.177+0000] {logging_mixin.py:190} INFO - [2025-03-10T21:16:05.177+0000] {dag.py:4180} INFO - Setting next_dagrun for example_branch_operator to 2025-03-09 00:00:00+00:00, run_after=2025-03-10 00:00:00+00:00
[2025-03-10T21:16:05.190+0000] {processor.py:208} INFO - Processing /home/airflow/.local/lib/python3.12/site-packages/airflow/example_dags/example_branch_operator.py took 0.077 seconds
[2025-03-10T21:16:35.937+0000] {processor.py:186} INFO - Started process (PID=1547) to work on /home/airflow/.local/lib/python3.12/site-packages/airflow/example_dags/example_branch_operator.py
[2025-03-10T21:16:35.937+0000] {processor.py:914} INFO - Processing file /home/airflow/.local/lib/python3.12/site-packages/airflow/example_dags/example_branch_operator.py for tasks to queue
[2025-03-10T21:16:35.939+0000] {logging_mixin.py:190} INFO - [2025-03-10T21:16:35.939+0000] {dagbag.py:588} INFO - Filling up the DagBag from /home/airflow/.local/lib/python3.12/site-packages/airflow/example_dags/example_branch_operator.py
[2025-03-10T21:16:35.953+0000] {processor.py:925} INFO - DAG(s) 'example_branch_operator' retrieved from /home/airflow/.local/lib/python3.12/site-packages/airflow/example_dags/example_branch_operator.py
[2025-03-10T21:16:35.975+0000] {logging_mixin.py:190} INFO - [2025-03-10T21:16:35.975+0000] {dag.py:3239} INFO - Sync 1 DAGs
[2025-03-10T21:16:35.996+0000] {logging_mixin.py:190} INFO - [2025-03-10T21:16:35.995+0000] {dag.py:4180} INFO - Setting next_dagrun for example_branch_operator to 2025-03-09 00:00:00+00:00, run_after=2025-03-10 00:00:00+00:00
[2025-03-10T21:16:36.010+0000] {processor.py:208} INFO - Processing /home/airflow/.local/lib/python3.12/site-packages/airflow/example_dags/example_branch_operator.py took 0.078 seconds
[2025-03-10T21:17:06.492+0000] {processor.py:186} INFO - Started process (PID=1611) to work on /home/airflow/.local/lib/python3.12/site-packages/airflow/example_dags/example_branch_operator.py
[2025-03-10T21:17:06.493+0000] {processor.py:914} INFO - Processing file /home/airflow/.local/lib/python3.12/site-packages/airflow/example_dags/example_branch_operator.py for tasks to queue
[2025-03-10T21:17:06.495+0000] {logging_mixin.py:190} INFO - [2025-03-10T21:17:06.494+0000] {dagbag.py:588} INFO - Filling up the DagBag from /home/airflow/.local/lib/python3.12/site-packages/airflow/example_dags/example_branch_operator.py
[2025-03-10T21:17:06.515+0000] {processor.py:925} INFO - DAG(s) 'example_branch_operator' retrieved from /home/airflow/.local/lib/python3.12/site-packages/airflow/example_dags/example_branch_operator.py
[2025-03-10T21:17:06.538+0000] {logging_mixin.py:190} INFO - [2025-03-10T21:17:06.538+0000] {dag.py:3239} INFO - Sync 1 DAGs
[2025-03-10T21:17:06.559+0000] {logging_mixin.py:190} INFO - [2025-03-10T21:17:06.559+0000] {dag.py:4180} INFO - Setting next_dagrun for example_branch_operator to 2025-03-09 00:00:00+00:00, run_after=2025-03-10 00:00:00+00:00
[2025-03-10T21:17:06.577+0000] {processor.py:208} INFO - Processing /home/airflow/.local/lib/python3.12/site-packages/airflow/example_dags/example_branch_operator.py took 0.090 seconds
[2025-03-10T21:17:37.245+0000] {processor.py:186} INFO - Started process (PID=1675) to work on /home/airflow/.local/lib/python3.12/site-packages/airflow/example_dags/example_branch_operator.py
[2025-03-10T21:17:37.246+0000] {processor.py:914} INFO - Processing file /home/airflow/.local/lib/python3.12/site-packages/airflow/example_dags/example_branch_operator.py for tasks to queue
[2025-03-10T21:17:37.248+0000] {logging_mixin.py:190} INFO - [2025-03-10T21:17:37.248+0000] {dagbag.py:588} INFO - Filling up the DagBag from /home/airflow/.local/lib/python3.12/site-packages/airflow/example_dags/example_branch_operator.py
[2025-03-10T21:17:37.264+0000] {processor.py:925} INFO - DAG(s) 'example_branch_operator' retrieved from /home/airflow/.local/lib/python3.12/site-packages/airflow/example_dags/example_branch_operator.py
[2025-03-10T21:17:37.290+0000] {logging_mixin.py:190} INFO - [2025-03-10T21:17:37.290+0000] {dag.py:3239} INFO - Sync 1 DAGs
[2025-03-10T21:17:37.312+0000] {logging_mixin.py:190} INFO - [2025-03-10T21:17:37.312+0000] {dag.py:4180} INFO - Setting next_dagrun for example_branch_operator to 2025-03-09 00:00:00+00:00, run_after=2025-03-10 00:00:00+00:00
[2025-03-10T21:17:37.327+0000] {processor.py:208} INFO - Processing /home/airflow/.local/lib/python3.12/site-packages/airflow/example_dags/example_branch_operator.py took 0.087 seconds
[2025-03-10T21:18:08.044+0000] {processor.py:186} INFO - Started process (PID=1739) to work on /home/airflow/.local/lib/python3.12/site-packages/airflow/example_dags/example_branch_operator.py
[2025-03-10T21:18:08.045+0000] {processor.py:914} INFO - Processing file /home/airflow/.local/lib/python3.12/site-packages/airflow/example_dags/example_branch_operator.py for tasks to queue
[2025-03-10T21:18:08.047+0000] {logging_mixin.py:190} INFO - [2025-03-10T21:18:08.047+0000] {dagbag.py:588} INFO - Filling up the DagBag from /home/airflow/.local/lib/python3.12/site-packages/airflow/example_dags/example_branch_operator.py
[2025-03-10T21:18:08.062+0000] {processor.py:925} INFO - DAG(s) 'example_branch_operator' retrieved from /home/airflow/.local/lib/python3.12/site-packages/airflow/example_dags/example_branch_operator.py
[2025-03-10T21:18:08.084+0000] {logging_mixin.py:190} INFO - [2025-03-10T21:18:08.084+0000] {dag.py:3239} INFO - Sync 1 DAGs
[2025-03-10T21:18:08.105+0000] {logging_mixin.py:190} INFO - [2025-03-10T21:18:08.104+0000] {dag.py:4180} INFO - Setting next_dagrun for example_branch_operator to 2025-03-09 00:00:00+00:00, run_after=2025-03-10 00:00:00+00:00
[2025-03-10T21:18:08.121+0000] {processor.py:208} INFO - Processing /home/airflow/.local/lib/python3.12/site-packages/airflow/example_dags/example_branch_operator.py took 0.082 seconds
[2025-03-10T21:18:38.512+0000] {processor.py:186} INFO - Started process (PID=1803) to work on /home/airflow/.local/lib/python3.12/site-packages/airflow/example_dags/example_branch_operator.py
[2025-03-10T21:18:38.513+0000] {processor.py:914} INFO - Processing file /home/airflow/.local/lib/python3.12/site-packages/airflow/example_dags/example_branch_operator.py for tasks to queue
[2025-03-10T21:18:38.514+0000] {logging_mixin.py:190} INFO - [2025-03-10T21:18:38.514+0000] {dagbag.py:588} INFO - Filling up the DagBag from /home/airflow/.local/lib/python3.12/site-packages/airflow/example_dags/example_branch_operator.py
[2025-03-10T21:18:38.529+0000] {processor.py:925} INFO - DAG(s) 'example_branch_operator' retrieved from /home/airflow/.local/lib/python3.12/site-packages/airflow/example_dags/example_branch_operator.py
[2025-03-10T21:18:38.551+0000] {logging_mixin.py:190} INFO - [2025-03-10T21:18:38.550+0000] {dag.py:3239} INFO - Sync 1 DAGs
[2025-03-10T21:18:38.573+0000] {logging_mixin.py:190} INFO - [2025-03-10T21:18:38.573+0000] {dag.py:4180} INFO - Setting next_dagrun for example_branch_operator to 2025-03-09 00:00:00+00:00, run_after=2025-03-10 00:00:00+00:00
[2025-03-10T21:18:38.591+0000] {processor.py:208} INFO - Processing /home/airflow/.local/lib/python3.12/site-packages/airflow/example_dags/example_branch_operator.py took 0.084 seconds
[2025-03-10T21:19:08.679+0000] {processor.py:186} INFO - Started process (PID=1867) to work on /home/airflow/.local/lib/python3.12/site-packages/airflow/example_dags/example_branch_operator.py
[2025-03-10T21:19:08.679+0000] {processor.py:914} INFO - Processing file /home/airflow/.local/lib/python3.12/site-packages/airflow/example_dags/example_branch_operator.py for tasks to queue
[2025-03-10T21:19:08.681+0000] {logging_mixin.py:190} INFO - [2025-03-10T21:19:08.681+0000] {dagbag.py:588} INFO - Filling up the DagBag from /home/airflow/.local/lib/python3.12/site-packages/airflow/example_dags/example_branch_operator.py
[2025-03-10T21:19:08.695+0000] {processor.py:925} INFO - DAG(s) 'example_branch_operator' retrieved from /home/airflow/.local/lib/python3.12/site-packages/airflow/example_dags/example_branch_operator.py
[2025-03-10T21:19:08.718+0000] {logging_mixin.py:190} INFO - [2025-03-10T21:19:08.717+0000] {dag.py:3239} INFO - Sync 1 DAGs
[2025-03-10T21:19:08.737+0000] {logging_mixin.py:190} INFO - [2025-03-10T21:19:08.736+0000] {dag.py:4180} INFO - Setting next_dagrun for example_branch_operator to 2025-03-09 00:00:00+00:00, run_after=2025-03-10 00:00:00+00:00
[2025-03-10T21:19:08.750+0000] {processor.py:208} INFO - Processing /home/airflow/.local/lib/python3.12/site-packages/airflow/example_dags/example_branch_operator.py took 0.076 seconds
[2025-03-10T21:19:39.376+0000] {processor.py:186} INFO - Started process (PID=1932) to work on /home/airflow/.local/lib/python3.12/site-packages/airflow/example_dags/example_branch_operator.py
[2025-03-10T21:19:39.377+0000] {processor.py:914} INFO - Processing file /home/airflow/.local/lib/python3.12/site-packages/airflow/example_dags/example_branch_operator.py for tasks to queue
[2025-03-10T21:19:39.379+0000] {logging_mixin.py:190} INFO - [2025-03-10T21:19:39.379+0000] {dagbag.py:588} INFO - Filling up the DagBag from /home/airflow/.local/lib/python3.12/site-packages/airflow/example_dags/example_branch_operator.py
[2025-03-10T21:19:39.395+0000] {processor.py:925} INFO - DAG(s) 'example_branch_operator' retrieved from /home/airflow/.local/lib/python3.12/site-packages/airflow/example_dags/example_branch_operator.py
[2025-03-10T21:19:39.419+0000] {logging_mixin.py:190} INFO - [2025-03-10T21:19:39.419+0000] {dag.py:3239} INFO - Sync 1 DAGs
[2025-03-10T21:19:39.440+0000] {logging_mixin.py:190} INFO - [2025-03-10T21:19:39.440+0000] {dag.py:4180} INFO - Setting next_dagrun for example_branch_operator to 2025-03-09 00:00:00+00:00, run_after=2025-03-10 00:00:00+00:00
[2025-03-10T21:19:39.454+0000] {processor.py:208} INFO - Processing /home/airflow/.local/lib/python3.12/site-packages/airflow/example_dags/example_branch_operator.py took 0.083 seconds
[2025-03-10T21:20:09.932+0000] {processor.py:186} INFO - Started process (PID=1996) to work on /home/airflow/.local/lib/python3.12/site-packages/airflow/example_dags/example_branch_operator.py
[2025-03-10T21:20:09.933+0000] {processor.py:914} INFO - Processing file /home/airflow/.local/lib/python3.12/site-packages/airflow/example_dags/example_branch_operator.py for tasks to queue
[2025-03-10T21:20:09.935+0000] {logging_mixin.py:190} INFO - [2025-03-10T21:20:09.934+0000] {dagbag.py:588} INFO - Filling up the DagBag from /home/airflow/.local/lib/python3.12/site-packages/airflow/example_dags/example_branch_operator.py
[2025-03-10T21:20:09.949+0000] {processor.py:925} INFO - DAG(s) 'example_branch_operator' retrieved from /home/airflow/.local/lib/python3.12/site-packages/airflow/example_dags/example_branch_operator.py
[2025-03-10T21:20:09.971+0000] {logging_mixin.py:190} INFO - [2025-03-10T21:20:09.971+0000] {dag.py:3239} INFO - Sync 1 DAGs
[2025-03-10T21:20:09.990+0000] {logging_mixin.py:190} INFO - [2025-03-10T21:20:09.990+0000] {dag.py:4180} INFO - Setting next_dagrun for example_branch_operator to 2025-03-09 00:00:00+00:00, run_after=2025-03-10 00:00:00+00:00
[2025-03-10T21:20:10.006+0000] {processor.py:208} INFO - Processing /home/airflow/.local/lib/python3.12/site-packages/airflow/example_dags/example_branch_operator.py took 0.079 seconds
[2025-03-10T21:20:40.913+0000] {processor.py:186} INFO - Started process (PID=2060) to work on /home/airflow/.local/lib/python3.12/site-packages/airflow/example_dags/example_branch_operator.py
[2025-03-10T21:20:40.914+0000] {processor.py:914} INFO - Processing file /home/airflow/.local/lib/python3.12/site-packages/airflow/example_dags/example_branch_operator.py for tasks to queue
[2025-03-10T21:20:40.915+0000] {logging_mixin.py:190} INFO - [2025-03-10T21:20:40.915+0000] {dagbag.py:588} INFO - Filling up the DagBag from /home/airflow/.local/lib/python3.12/site-packages/airflow/example_dags/example_branch_operator.py
[2025-03-10T21:20:40.930+0000] {processor.py:925} INFO - DAG(s) 'example_branch_operator' retrieved from /home/airflow/.local/lib/python3.12/site-packages/airflow/example_dags/example_branch_operator.py
[2025-03-10T21:20:40.952+0000] {logging_mixin.py:190} INFO - [2025-03-10T21:20:40.952+0000] {dag.py:3239} INFO - Sync 1 DAGs
[2025-03-10T21:20:40.972+0000] {logging_mixin.py:190} INFO - [2025-03-10T21:20:40.971+0000] {dag.py:4180} INFO - Setting next_dagrun for example_branch_operator to 2025-03-09 00:00:00+00:00, run_after=2025-03-10 00:00:00+00:00
[2025-03-10T21:20:40.985+0000] {processor.py:208} INFO - Processing /home/airflow/.local/lib/python3.12/site-packages/airflow/example_dags/example_branch_operator.py took 0.077 seconds
[2025-03-10T21:21:11.939+0000] {processor.py:186} INFO - Started process (PID=2124) to work on /home/airflow/.local/lib/python3.12/site-packages/airflow/example_dags/example_branch_operator.py
[2025-03-10T21:21:11.940+0000] {processor.py:914} INFO - Processing file /home/airflow/.local/lib/python3.12/site-packages/airflow/example_dags/example_branch_operator.py for tasks to queue
[2025-03-10T21:21:11.942+0000] {logging_mixin.py:190} INFO - [2025-03-10T21:21:11.941+0000] {dagbag.py:588} INFO - Filling up the DagBag from /home/airflow/.local/lib/python3.12/site-packages/airflow/example_dags/example_branch_operator.py
[2025-03-10T21:21:11.957+0000] {processor.py:925} INFO - DAG(s) 'example_branch_operator' retrieved from /home/airflow/.local/lib/python3.12/site-packages/airflow/example_dags/example_branch_operator.py
[2025-03-10T21:21:11.983+0000] {logging_mixin.py:190} INFO - [2025-03-10T21:21:11.983+0000] {dag.py:3239} INFO - Sync 1 DAGs
[2025-03-10T21:21:12.002+0000] {logging_mixin.py:190} INFO - [2025-03-10T21:21:12.002+0000] {dag.py:4180} INFO - Setting next_dagrun for example_branch_operator to 2025-03-09 00:00:00+00:00, run_after=2025-03-10 00:00:00+00:00
[2025-03-10T21:21:12.015+0000] {processor.py:208} INFO - Processing /home/airflow/.local/lib/python3.12/site-packages/airflow/example_dags/example_branch_operator.py took 0.081 seconds
[2025-03-10T21:21:42.417+0000] {processor.py:186} INFO - Started process (PID=2188) to work on /home/airflow/.local/lib/python3.12/site-packages/airflow/example_dags/example_branch_operator.py
[2025-03-10T21:21:42.420+0000] {processor.py:914} INFO - Processing file /home/airflow/.local/lib/python3.12/site-packages/airflow/example_dags/example_branch_operator.py for tasks to queue
[2025-03-10T21:21:42.421+0000] {logging_mixin.py:190} INFO - [2025-03-10T21:21:42.421+0000] {dagbag.py:588} INFO - Filling up the DagBag from /home/airflow/.local/lib/python3.12/site-packages/airflow/example_dags/example_branch_operator.py
[2025-03-10T21:21:42.436+0000] {processor.py:925} INFO - DAG(s) 'example_branch_operator' retrieved from /home/airflow/.local/lib/python3.12/site-packages/airflow/example_dags/example_branch_operator.py
[2025-03-10T21:21:42.458+0000] {logging_mixin.py:190} INFO - [2025-03-10T21:21:42.458+0000] {dag.py:3239} INFO - Sync 1 DAGs
[2025-03-10T21:21:42.477+0000] {logging_mixin.py:190} INFO - [2025-03-10T21:21:42.477+0000] {dag.py:4180} INFO - Setting next_dagrun for example_branch_operator to 2025-03-09 00:00:00+00:00, run_after=2025-03-10 00:00:00+00:00
[2025-03-10T21:21:42.490+0000] {processor.py:208} INFO - Processing /home/airflow/.local/lib/python3.12/site-packages/airflow/example_dags/example_branch_operator.py took 0.077 seconds
[2025-03-10T21:22:12.828+0000] {processor.py:186} INFO - Started process (PID=2252) to work on /home/airflow/.local/lib/python3.12/site-packages/airflow/example_dags/example_branch_operator.py
[2025-03-10T21:22:12.829+0000] {processor.py:914} INFO - Processing file /home/airflow/.local/lib/python3.12/site-packages/airflow/example_dags/example_branch_operator.py for tasks to queue
[2025-03-10T21:22:12.831+0000] {logging_mixin.py:190} INFO - [2025-03-10T21:22:12.831+0000] {dagbag.py:588} INFO - Filling up the DagBag from /home/airflow/.local/lib/python3.12/site-packages/airflow/example_dags/example_branch_operator.py
[2025-03-10T21:22:12.846+0000] {processor.py:925} INFO - DAG(s) 'example_branch_operator' retrieved from /home/airflow/.local/lib/python3.12/site-packages/airflow/example_dags/example_branch_operator.py
[2025-03-10T21:22:12.869+0000] {logging_mixin.py:190} INFO - [2025-03-10T21:22:12.869+0000] {dag.py:3239} INFO - Sync 1 DAGs
[2025-03-10T21:22:12.889+0000] {logging_mixin.py:190} INFO - [2025-03-10T21:22:12.889+0000] {dag.py:4180} INFO - Setting next_dagrun for example_branch_operator to 2025-03-09 00:00:00+00:00, run_after=2025-03-10 00:00:00+00:00
[2025-03-10T21:22:12.903+0000] {processor.py:208} INFO - Processing /home/airflow/.local/lib/python3.12/site-packages/airflow/example_dags/example_branch_operator.py took 0.080 seconds
[2025-03-10T21:22:43.202+0000] {processor.py:186} INFO - Started process (PID=2316) to work on /home/airflow/.local/lib/python3.12/site-packages/airflow/example_dags/example_branch_operator.py
[2025-03-10T21:22:43.203+0000] {processor.py:914} INFO - Processing file /home/airflow/.local/lib/python3.12/site-packages/airflow/example_dags/example_branch_operator.py for tasks to queue
[2025-03-10T21:22:43.205+0000] {logging_mixin.py:190} INFO - [2025-03-10T21:22:43.205+0000] {dagbag.py:588} INFO - Filling up the DagBag from /home/airflow/.local/lib/python3.12/site-packages/airflow/example_dags/example_branch_operator.py
[2025-03-10T21:22:43.222+0000] {processor.py:925} INFO - DAG(s) 'example_branch_operator' retrieved from /home/airflow/.local/lib/python3.12/site-packages/airflow/example_dags/example_branch_operator.py
[2025-03-10T21:22:43.249+0000] {logging_mixin.py:190} INFO - [2025-03-10T21:22:43.249+0000] {dag.py:3239} INFO - Sync 1 DAGs
[2025-03-10T21:22:43.271+0000] {logging_mixin.py:190} INFO - [2025-03-10T21:22:43.271+0000] {dag.py:4180} INFO - Setting next_dagrun for example_branch_operator to 2025-03-09 00:00:00+00:00, run_after=2025-03-10 00:00:00+00:00
[2025-03-10T21:22:43.288+0000] {processor.py:208} INFO - Processing /home/airflow/.local/lib/python3.12/site-packages/airflow/example_dags/example_branch_operator.py took 0.092 seconds
[2025-03-10T21:23:13.731+0000] {processor.py:186} INFO - Started process (PID=2380) to work on /home/airflow/.local/lib/python3.12/site-packages/airflow/example_dags/example_branch_operator.py
[2025-03-10T21:23:13.732+0000] {processor.py:914} INFO - Processing file /home/airflow/.local/lib/python3.12/site-packages/airflow/example_dags/example_branch_operator.py for tasks to queue
[2025-03-10T21:23:13.734+0000] {logging_mixin.py:190} INFO - [2025-03-10T21:23:13.734+0000] {dagbag.py:588} INFO - Filling up the DagBag from /home/airflow/.local/lib/python3.12/site-packages/airflow/example_dags/example_branch_operator.py
[2025-03-10T21:23:13.750+0000] {processor.py:925} INFO - DAG(s) 'example_branch_operator' retrieved from /home/airflow/.local/lib/python3.12/site-packages/airflow/example_dags/example_branch_operator.py
[2025-03-10T21:23:13.773+0000] {logging_mixin.py:190} INFO - [2025-03-10T21:23:13.773+0000] {dag.py:3239} INFO - Sync 1 DAGs
[2025-03-10T21:23:13.792+0000] {logging_mixin.py:190} INFO - [2025-03-10T21:23:13.792+0000] {dag.py:4180} INFO - Setting next_dagrun for example_branch_operator to 2025-03-09 00:00:00+00:00, run_after=2025-03-10 00:00:00+00:00
[2025-03-10T21:23:13.808+0000] {processor.py:208} INFO - Processing /home/airflow/.local/lib/python3.12/site-packages/airflow/example_dags/example_branch_operator.py took 0.082 seconds
[2025-03-10T21:23:43.940+0000] {processor.py:186} INFO - Started process (PID=2444) to work on /home/airflow/.local/lib/python3.12/site-packages/airflow/example_dags/example_branch_operator.py
[2025-03-10T21:23:43.943+0000] {processor.py:914} INFO - Processing file /home/airflow/.local/lib/python3.12/site-packages/airflow/example_dags/example_branch_operator.py for tasks to queue
[2025-03-10T21:23:43.945+0000] {logging_mixin.py:190} INFO - [2025-03-10T21:23:43.945+0000] {dagbag.py:588} INFO - Filling up the DagBag from /home/airflow/.local/lib/python3.12/site-packages/airflow/example_dags/example_branch_operator.py
[2025-03-10T21:23:43.959+0000] {processor.py:925} INFO - DAG(s) 'example_branch_operator' retrieved from /home/airflow/.local/lib/python3.12/site-packages/airflow/example_dags/example_branch_operator.py
[2025-03-10T21:23:43.981+0000] {logging_mixin.py:190} INFO - [2025-03-10T21:23:43.981+0000] {dag.py:3239} INFO - Sync 1 DAGs
[2025-03-10T21:23:44.000+0000] {logging_mixin.py:190} INFO - [2025-03-10T21:23:44.000+0000] {dag.py:4180} INFO - Setting next_dagrun for example_branch_operator to 2025-03-09 00:00:00+00:00, run_after=2025-03-10 00:00:00+00:00
[2025-03-10T21:23:44.014+0000] {processor.py:208} INFO - Processing /home/airflow/.local/lib/python3.12/site-packages/airflow/example_dags/example_branch_operator.py took 0.079 seconds
[2025-03-10T21:24:15.085+0000] {processor.py:186} INFO - Started process (PID=2508) to work on /home/airflow/.local/lib/python3.12/site-packages/airflow/example_dags/example_branch_operator.py
[2025-03-10T21:24:15.086+0000] {processor.py:914} INFO - Processing file /home/airflow/.local/lib/python3.12/site-packages/airflow/example_dags/example_branch_operator.py for tasks to queue
[2025-03-10T21:24:15.088+0000] {logging_mixin.py:190} INFO - [2025-03-10T21:24:15.088+0000] {dagbag.py:588} INFO - Filling up the DagBag from /home/airflow/.local/lib/python3.12/site-packages/airflow/example_dags/example_branch_operator.py
[2025-03-10T21:24:15.104+0000] {processor.py:925} INFO - DAG(s) 'example_branch_operator' retrieved from /home/airflow/.local/lib/python3.12/site-packages/airflow/example_dags/example_branch_operator.py
[2025-03-10T21:24:15.126+0000] {logging_mixin.py:190} INFO - [2025-03-10T21:24:15.126+0000] {dag.py:3239} INFO - Sync 1 DAGs
[2025-03-10T21:24:15.145+0000] {logging_mixin.py:190} INFO - [2025-03-10T21:24:15.145+0000] {dag.py:4180} INFO - Setting next_dagrun for example_branch_operator to 2025-03-09 00:00:00+00:00, run_after=2025-03-10 00:00:00+00:00
[2025-03-10T21:24:15.159+0000] {processor.py:208} INFO - Processing /home/airflow/.local/lib/python3.12/site-packages/airflow/example_dags/example_branch_operator.py took 0.079 seconds
[2025-03-10T21:24:45.193+0000] {processor.py:186} INFO - Started process (PID=2572) to work on /home/airflow/.local/lib/python3.12/site-packages/airflow/example_dags/example_branch_operator.py
[2025-03-10T21:24:45.196+0000] {processor.py:914} INFO - Processing file /home/airflow/.local/lib/python3.12/site-packages/airflow/example_dags/example_branch_operator.py for tasks to queue
[2025-03-10T21:24:45.198+0000] {logging_mixin.py:190} INFO - [2025-03-10T21:24:45.198+0000] {dagbag.py:588} INFO - Filling up the DagBag from /home/airflow/.local/lib/python3.12/site-packages/airflow/example_dags/example_branch_operator.py
[2025-03-10T21:24:45.213+0000] {processor.py:925} INFO - DAG(s) 'example_branch_operator' retrieved from /home/airflow/.local/lib/python3.12/site-packages/airflow/example_dags/example_branch_operator.py
[2025-03-10T21:24:45.235+0000] {logging_mixin.py:190} INFO - [2025-03-10T21:24:45.235+0000] {dag.py:3239} INFO - Sync 1 DAGs
[2025-03-10T21:24:45.256+0000] {logging_mixin.py:190} INFO - [2025-03-10T21:24:45.256+0000] {dag.py:4180} INFO - Setting next_dagrun for example_branch_operator to 2025-03-09 00:00:00+00:00, run_after=2025-03-10 00:00:00+00:00
[2025-03-10T21:24:45.272+0000] {processor.py:208} INFO - Processing /home/airflow/.local/lib/python3.12/site-packages/airflow/example_dags/example_branch_operator.py took 0.083 seconds
[2025-03-10T21:25:15.443+0000] {processor.py:186} INFO - Started process (PID=2635) to work on /home/airflow/.local/lib/python3.12/site-packages/airflow/example_dags/example_branch_operator.py
[2025-03-10T21:25:15.444+0000] {processor.py:914} INFO - Processing file /home/airflow/.local/lib/python3.12/site-packages/airflow/example_dags/example_branch_operator.py for tasks to queue
[2025-03-10T21:25:15.447+0000] {logging_mixin.py:190} INFO - [2025-03-10T21:25:15.446+0000] {dagbag.py:588} INFO - Filling up the DagBag from /home/airflow/.local/lib/python3.12/site-packages/airflow/example_dags/example_branch_operator.py
[2025-03-10T21:25:15.465+0000] {processor.py:925} INFO - DAG(s) 'example_branch_operator' retrieved from /home/airflow/.local/lib/python3.12/site-packages/airflow/example_dags/example_branch_operator.py
[2025-03-10T21:25:15.491+0000] {logging_mixin.py:190} INFO - [2025-03-10T21:25:15.491+0000] {dag.py:3239} INFO - Sync 1 DAGs
[2025-03-10T21:25:15.517+0000] {logging_mixin.py:190} INFO - [2025-03-10T21:25:15.517+0000] {dag.py:4180} INFO - Setting next_dagrun for example_branch_operator to 2025-03-09 00:00:00+00:00, run_after=2025-03-10 00:00:00+00:00
[2025-03-10T21:25:15.535+0000] {processor.py:208} INFO - Processing /home/airflow/.local/lib/python3.12/site-packages/airflow/example_dags/example_branch_operator.py took 0.097 seconds
[2025-03-10T21:25:46.340+0000] {processor.py:186} INFO - Started process (PID=2700) to work on /home/airflow/.local/lib/python3.12/site-packages/airflow/example_dags/example_branch_operator.py
[2025-03-10T21:25:46.341+0000] {processor.py:914} INFO - Processing file /home/airflow/.local/lib/python3.12/site-packages/airflow/example_dags/example_branch_operator.py for tasks to queue
[2025-03-10T21:25:46.343+0000] {logging_mixin.py:190} INFO - [2025-03-10T21:25:46.342+0000] {dagbag.py:588} INFO - Filling up the DagBag from /home/airflow/.local/lib/python3.12/site-packages/airflow/example_dags/example_branch_operator.py
[2025-03-10T21:25:46.359+0000] {processor.py:925} INFO - DAG(s) 'example_branch_operator' retrieved from /home/airflow/.local/lib/python3.12/site-packages/airflow/example_dags/example_branch_operator.py
[2025-03-10T21:25:46.386+0000] {logging_mixin.py:190} INFO - [2025-03-10T21:25:46.386+0000] {dag.py:3239} INFO - Sync 1 DAGs
[2025-03-10T21:25:46.411+0000] {logging_mixin.py:190} INFO - [2025-03-10T21:25:46.410+0000] {dag.py:4180} INFO - Setting next_dagrun for example_branch_operator to 2025-03-09 00:00:00+00:00, run_after=2025-03-10 00:00:00+00:00
[2025-03-10T21:25:46.435+0000] {processor.py:208} INFO - Processing /home/airflow/.local/lib/python3.12/site-packages/airflow/example_dags/example_branch_operator.py took 0.101 seconds
[2025-03-10T21:26:17.063+0000] {processor.py:186} INFO - Started process (PID=2765) to work on /home/airflow/.local/lib/python3.12/site-packages/airflow/example_dags/example_branch_operator.py
[2025-03-10T21:26:17.064+0000] {processor.py:914} INFO - Processing file /home/airflow/.local/lib/python3.12/site-packages/airflow/example_dags/example_branch_operator.py for tasks to queue
[2025-03-10T21:26:17.066+0000] {logging_mixin.py:190} INFO - [2025-03-10T21:26:17.066+0000] {dagbag.py:588} INFO - Filling up the DagBag from /home/airflow/.local/lib/python3.12/site-packages/airflow/example_dags/example_branch_operator.py
[2025-03-10T21:26:17.081+0000] {processor.py:925} INFO - DAG(s) 'example_branch_operator' retrieved from /home/airflow/.local/lib/python3.12/site-packages/airflow/example_dags/example_branch_operator.py
[2025-03-10T21:26:17.104+0000] {logging_mixin.py:190} INFO - [2025-03-10T21:26:17.103+0000] {dag.py:3239} INFO - Sync 1 DAGs
[2025-03-10T21:26:17.123+0000] {logging_mixin.py:190} INFO - [2025-03-10T21:26:17.123+0000] {dag.py:4180} INFO - Setting next_dagrun for example_branch_operator to 2025-03-09 00:00:00+00:00, run_after=2025-03-10 00:00:00+00:00
[2025-03-10T21:26:17.137+0000] {processor.py:208} INFO - Processing /home/airflow/.local/lib/python3.12/site-packages/airflow/example_dags/example_branch_operator.py took 0.079 seconds
[2025-03-10T21:26:48.123+0000] {processor.py:186} INFO - Started process (PID=2830) to work on /home/airflow/.local/lib/python3.12/site-packages/airflow/example_dags/example_branch_operator.py
[2025-03-10T21:26:48.124+0000] {processor.py:914} INFO - Processing file /home/airflow/.local/lib/python3.12/site-packages/airflow/example_dags/example_branch_operator.py for tasks to queue
[2025-03-10T21:26:48.125+0000] {logging_mixin.py:190} INFO - [2025-03-10T21:26:48.125+0000] {dagbag.py:588} INFO - Filling up the DagBag from /home/airflow/.local/lib/python3.12/site-packages/airflow/example_dags/example_branch_operator.py
[2025-03-10T21:26:48.140+0000] {processor.py:925} INFO - DAG(s) 'example_branch_operator' retrieved from /home/airflow/.local/lib/python3.12/site-packages/airflow/example_dags/example_branch_operator.py
[2025-03-10T21:26:48.163+0000] {logging_mixin.py:190} INFO - [2025-03-10T21:26:48.162+0000] {dag.py:3239} INFO - Sync 1 DAGs
[2025-03-10T21:26:48.184+0000] {logging_mixin.py:190} INFO - [2025-03-10T21:26:48.183+0000] {dag.py:4180} INFO - Setting next_dagrun for example_branch_operator to 2025-03-09 00:00:00+00:00, run_after=2025-03-10 00:00:00+00:00
[2025-03-10T21:26:48.200+0000] {processor.py:208} INFO - Processing /home/airflow/.local/lib/python3.12/site-packages/airflow/example_dags/example_branch_operator.py took 0.082 seconds
[2025-03-10T21:27:18.298+0000] {processor.py:186} INFO - Started process (PID=2894) to work on /home/airflow/.local/lib/python3.12/site-packages/airflow/example_dags/example_branch_operator.py
[2025-03-10T21:27:18.299+0000] {processor.py:914} INFO - Processing file /home/airflow/.local/lib/python3.12/site-packages/airflow/example_dags/example_branch_operator.py for tasks to queue
[2025-03-10T21:27:18.300+0000] {logging_mixin.py:190} INFO - [2025-03-10T21:27:18.300+0000] {dagbag.py:588} INFO - Filling up the DagBag from /home/airflow/.local/lib/python3.12/site-packages/airflow/example_dags/example_branch_operator.py
[2025-03-10T21:27:18.316+0000] {processor.py:925} INFO - DAG(s) 'example_branch_operator' retrieved from /home/airflow/.local/lib/python3.12/site-packages/airflow/example_dags/example_branch_operator.py
[2025-03-10T21:27:18.339+0000] {logging_mixin.py:190} INFO - [2025-03-10T21:27:18.339+0000] {dag.py:3239} INFO - Sync 1 DAGs
[2025-03-10T21:27:18.360+0000] {logging_mixin.py:190} INFO - [2025-03-10T21:27:18.360+0000] {dag.py:4180} INFO - Setting next_dagrun for example_branch_operator to 2025-03-09 00:00:00+00:00, run_after=2025-03-10 00:00:00+00:00
[2025-03-10T21:27:18.375+0000] {processor.py:208} INFO - Processing /home/airflow/.local/lib/python3.12/site-packages/airflow/example_dags/example_branch_operator.py took 0.083 seconds
[2025-03-10T21:28:31.244+0000] {processor.py:186} INFO - Started process (PID=2970) to work on /home/airflow/.local/lib/python3.12/site-packages/airflow/example_dags/example_branch_operator.py
[2025-03-10T21:28:31.285+0000] {processor.py:914} INFO - Processing file /home/airflow/.local/lib/python3.12/site-packages/airflow/example_dags/example_branch_operator.py for tasks to queue
[2025-03-10T21:28:31.289+0000] {logging_mixin.py:190} INFO - [2025-03-10T21:28:31.288+0000] {dagbag.py:588} INFO - Filling up the DagBag from /home/airflow/.local/lib/python3.12/site-packages/airflow/example_dags/example_branch_operator.py
[2025-03-10T21:28:31.317+0000] {processor.py:925} INFO - DAG(s) 'example_branch_operator' retrieved from /home/airflow/.local/lib/python3.12/site-packages/airflow/example_dags/example_branch_operator.py
[2025-03-10T21:28:31.387+0000] {logging_mixin.py:190} INFO - [2025-03-10T21:28:31.386+0000] {dag.py:3239} INFO - Sync 1 DAGs
[2025-03-10T21:28:31.486+0000] {logging_mixin.py:190} INFO - [2025-03-10T21:28:31.486+0000] {dag.py:4180} INFO - Setting next_dagrun for example_branch_operator to 2025-03-09 00:00:00+00:00, run_after=2025-03-10 00:00:00+00:00
[2025-03-10T21:28:31.557+0000] {processor.py:208} INFO - Processing /home/airflow/.local/lib/python3.12/site-packages/airflow/example_dags/example_branch_operator.py took 0.324 seconds
[2025-03-10T21:29:01.922+0000] {processor.py:186} INFO - Started process (PID=3034) to work on /home/airflow/.local/lib/python3.12/site-packages/airflow/example_dags/example_branch_operator.py
[2025-03-10T21:29:01.923+0000] {processor.py:914} INFO - Processing file /home/airflow/.local/lib/python3.12/site-packages/airflow/example_dags/example_branch_operator.py for tasks to queue
[2025-03-10T21:29:01.925+0000] {logging_mixin.py:190} INFO - [2025-03-10T21:29:01.925+0000] {dagbag.py:588} INFO - Filling up the DagBag from /home/airflow/.local/lib/python3.12/site-packages/airflow/example_dags/example_branch_operator.py
[2025-03-10T21:29:01.941+0000] {processor.py:925} INFO - DAG(s) 'example_branch_operator' retrieved from /home/airflow/.local/lib/python3.12/site-packages/airflow/example_dags/example_branch_operator.py
[2025-03-10T21:29:01.964+0000] {logging_mixin.py:190} INFO - [2025-03-10T21:29:01.964+0000] {dag.py:3239} INFO - Sync 1 DAGs
[2025-03-10T21:29:01.987+0000] {logging_mixin.py:190} INFO - [2025-03-10T21:29:01.987+0000] {dag.py:4180} INFO - Setting next_dagrun for example_branch_operator to 2025-03-09 00:00:00+00:00, run_after=2025-03-10 00:00:00+00:00
[2025-03-10T21:29:02.004+0000] {processor.py:208} INFO - Processing /home/airflow/.local/lib/python3.12/site-packages/airflow/example_dags/example_branch_operator.py took 0.086 seconds
[2025-03-10T21:29:32.843+0000] {processor.py:186} INFO - Started process (PID=3098) to work on /home/airflow/.local/lib/python3.12/site-packages/airflow/example_dags/example_branch_operator.py
[2025-03-10T21:29:32.844+0000] {processor.py:914} INFO - Processing file /home/airflow/.local/lib/python3.12/site-packages/airflow/example_dags/example_branch_operator.py for tasks to queue
[2025-03-10T21:29:32.846+0000] {logging_mixin.py:190} INFO - [2025-03-10T21:29:32.846+0000] {dagbag.py:588} INFO - Filling up the DagBag from /home/airflow/.local/lib/python3.12/site-packages/airflow/example_dags/example_branch_operator.py
[2025-03-10T21:29:32.862+0000] {processor.py:925} INFO - DAG(s) 'example_branch_operator' retrieved from /home/airflow/.local/lib/python3.12/site-packages/airflow/example_dags/example_branch_operator.py
[2025-03-10T21:29:32.901+0000] {logging_mixin.py:190} INFO - [2025-03-10T21:29:32.901+0000] {dag.py:3239} INFO - Sync 1 DAGs
[2025-03-10T21:29:32.930+0000] {logging_mixin.py:190} INFO - [2025-03-10T21:29:32.929+0000] {dag.py:4180} INFO - Setting next_dagrun for example_branch_operator to 2025-03-09 00:00:00+00:00, run_after=2025-03-10 00:00:00+00:00
[2025-03-10T21:29:32.948+0000] {processor.py:208} INFO - Processing /home/airflow/.local/lib/python3.12/site-packages/airflow/example_dags/example_branch_operator.py took 0.110 seconds
[2025-03-10T21:30:03.114+0000] {processor.py:186} INFO - Started process (PID=3161) to work on /home/airflow/.local/lib/python3.12/site-packages/airflow/example_dags/example_branch_operator.py
[2025-03-10T21:30:03.116+0000] {processor.py:914} INFO - Processing file /home/airflow/.local/lib/python3.12/site-packages/airflow/example_dags/example_branch_operator.py for tasks to queue
[2025-03-10T21:30:03.120+0000] {logging_mixin.py:190} INFO - [2025-03-10T21:30:03.119+0000] {dagbag.py:588} INFO - Filling up the DagBag from /home/airflow/.local/lib/python3.12/site-packages/airflow/example_dags/example_branch_operator.py
[2025-03-10T21:30:03.153+0000] {processor.py:925} INFO - DAG(s) 'example_branch_operator' retrieved from /home/airflow/.local/lib/python3.12/site-packages/airflow/example_dags/example_branch_operator.py
[2025-03-10T21:30:03.201+0000] {logging_mixin.py:190} INFO - [2025-03-10T21:30:03.201+0000] {dag.py:3239} INFO - Sync 1 DAGs
[2025-03-10T21:30:03.262+0000] {logging_mixin.py:190} INFO - [2025-03-10T21:30:03.261+0000] {dag.py:4180} INFO - Setting next_dagrun for example_branch_operator to 2025-03-09 00:00:00+00:00, run_after=2025-03-10 00:00:00+00:00
[2025-03-10T21:30:03.285+0000] {processor.py:208} INFO - Processing /home/airflow/.local/lib/python3.12/site-packages/airflow/example_dags/example_branch_operator.py took 0.180 seconds
[2025-03-10T21:30:34.157+0000] {processor.py:186} INFO - Started process (PID=3225) to work on /home/airflow/.local/lib/python3.12/site-packages/airflow/example_dags/example_branch_operator.py
[2025-03-10T21:30:34.158+0000] {processor.py:914} INFO - Processing file /home/airflow/.local/lib/python3.12/site-packages/airflow/example_dags/example_branch_operator.py for tasks to queue
[2025-03-10T21:30:34.160+0000] {logging_mixin.py:190} INFO - [2025-03-10T21:30:34.159+0000] {dagbag.py:588} INFO - Filling up the DagBag from /home/airflow/.local/lib/python3.12/site-packages/airflow/example_dags/example_branch_operator.py
[2025-03-10T21:30:34.178+0000] {processor.py:925} INFO - DAG(s) 'example_branch_operator' retrieved from /home/airflow/.local/lib/python3.12/site-packages/airflow/example_dags/example_branch_operator.py
[2025-03-10T21:30:34.203+0000] {logging_mixin.py:190} INFO - [2025-03-10T21:30:34.203+0000] {dag.py:3239} INFO - Sync 1 DAGs
[2025-03-10T21:30:34.224+0000] {logging_mixin.py:190} INFO - [2025-03-10T21:30:34.224+0000] {dag.py:4180} INFO - Setting next_dagrun for example_branch_operator to 2025-03-09 00:00:00+00:00, run_after=2025-03-10 00:00:00+00:00
[2025-03-10T21:30:34.240+0000] {processor.py:208} INFO - Processing /home/airflow/.local/lib/python3.12/site-packages/airflow/example_dags/example_branch_operator.py took 0.089 seconds
[2025-03-10T21:31:04.982+0000] {processor.py:186} INFO - Started process (PID=3289) to work on /home/airflow/.local/lib/python3.12/site-packages/airflow/example_dags/example_branch_operator.py
[2025-03-10T21:31:04.983+0000] {processor.py:914} INFO - Processing file /home/airflow/.local/lib/python3.12/site-packages/airflow/example_dags/example_branch_operator.py for tasks to queue
[2025-03-10T21:31:04.985+0000] {logging_mixin.py:190} INFO - [2025-03-10T21:31:04.985+0000] {dagbag.py:588} INFO - Filling up the DagBag from /home/airflow/.local/lib/python3.12/site-packages/airflow/example_dags/example_branch_operator.py
[2025-03-10T21:31:05.016+0000] {processor.py:925} INFO - DAG(s) 'example_branch_operator' retrieved from /home/airflow/.local/lib/python3.12/site-packages/airflow/example_dags/example_branch_operator.py
[2025-03-10T21:31:05.073+0000] {logging_mixin.py:190} INFO - [2025-03-10T21:31:05.072+0000] {dag.py:3239} INFO - Sync 1 DAGs
[2025-03-10T21:31:05.123+0000] {logging_mixin.py:190} INFO - [2025-03-10T21:31:05.123+0000] {dag.py:4180} INFO - Setting next_dagrun for example_branch_operator to 2025-03-09 00:00:00+00:00, run_after=2025-03-10 00:00:00+00:00
[2025-03-10T21:31:05.166+0000] {processor.py:208} INFO - Processing /home/airflow/.local/lib/python3.12/site-packages/airflow/example_dags/example_branch_operator.py took 0.192 seconds
[2025-03-10T21:31:50.445+0000] {processor.py:186} INFO - Started process (PID=3350) to work on /home/airflow/.local/lib/python3.12/site-packages/airflow/example_dags/example_branch_operator.py
[2025-03-10T21:31:50.447+0000] {processor.py:914} INFO - Processing file /home/airflow/.local/lib/python3.12/site-packages/airflow/example_dags/example_branch_operator.py for tasks to queue
[2025-03-10T21:31:50.451+0000] {logging_mixin.py:190} INFO - [2025-03-10T21:31:50.450+0000] {dagbag.py:588} INFO - Filling up the DagBag from /home/airflow/.local/lib/python3.12/site-packages/airflow/example_dags/example_branch_operator.py
[2025-03-10T21:31:50.475+0000] {processor.py:925} INFO - DAG(s) 'example_branch_operator' retrieved from /home/airflow/.local/lib/python3.12/site-packages/airflow/example_dags/example_branch_operator.py
[2025-03-10T21:31:50.511+0000] {logging_mixin.py:190} INFO - [2025-03-10T21:31:50.511+0000] {dag.py:3239} INFO - Sync 1 DAGs
[2025-03-10T21:31:50.552+0000] {logging_mixin.py:190} INFO - [2025-03-10T21:31:50.551+0000] {dag.py:4180} INFO - Setting next_dagrun for example_branch_operator to 2025-03-09 00:00:00+00:00, run_after=2025-03-10 00:00:00+00:00
[2025-03-10T21:31:50.585+0000] {processor.py:208} INFO - Processing /home/airflow/.local/lib/python3.12/site-packages/airflow/example_dags/example_branch_operator.py took 0.147 seconds
[2025-03-10T21:32:37.487+0000] {processor.py:186} INFO - Started process (PID=3417) to work on /home/airflow/.local/lib/python3.12/site-packages/airflow/example_dags/example_branch_operator.py
[2025-03-10T21:32:37.488+0000] {processor.py:914} INFO - Processing file /home/airflow/.local/lib/python3.12/site-packages/airflow/example_dags/example_branch_operator.py for tasks to queue
[2025-03-10T21:32:37.490+0000] {logging_mixin.py:190} INFO - [2025-03-10T21:32:37.489+0000] {dagbag.py:588} INFO - Filling up the DagBag from /home/airflow/.local/lib/python3.12/site-packages/airflow/example_dags/example_branch_operator.py
[2025-03-10T21:32:37.510+0000] {processor.py:925} INFO - DAG(s) 'example_branch_operator' retrieved from /home/airflow/.local/lib/python3.12/site-packages/airflow/example_dags/example_branch_operator.py
[2025-03-10T21:32:37.540+0000] {logging_mixin.py:190} INFO - [2025-03-10T21:32:37.539+0000] {dag.py:3239} INFO - Sync 1 DAGs
[2025-03-10T21:32:37.561+0000] {logging_mixin.py:190} INFO - [2025-03-10T21:32:37.561+0000] {dag.py:4180} INFO - Setting next_dagrun for example_branch_operator to 2025-03-09 00:00:00+00:00, run_after=2025-03-10 00:00:00+00:00
[2025-03-10T21:32:37.576+0000] {processor.py:208} INFO - Processing /home/airflow/.local/lib/python3.12/site-packages/airflow/example_dags/example_branch_operator.py took 0.095 seconds
[2025-03-10T21:36:28.551+0000] {processor.py:186} INFO - Started process (PID=82) to work on /home/airflow/.local/lib/python3.12/site-packages/airflow/example_dags/example_branch_operator.py
[2025-03-10T21:36:28.553+0000] {processor.py:914} INFO - Processing file /home/airflow/.local/lib/python3.12/site-packages/airflow/example_dags/example_branch_operator.py for tasks to queue
[2025-03-10T21:36:28.555+0000] {logging_mixin.py:190} INFO - [2025-03-10T21:36:28.555+0000] {dagbag.py:588} INFO - Filling up the DagBag from /home/airflow/.local/lib/python3.12/site-packages/airflow/example_dags/example_branch_operator.py
[2025-03-10T21:36:28.575+0000] {processor.py:925} INFO - DAG(s) 'example_branch_operator' retrieved from /home/airflow/.local/lib/python3.12/site-packages/airflow/example_dags/example_branch_operator.py
[2025-03-10T21:36:28.726+0000] {logging_mixin.py:190} INFO - [2025-03-10T21:36:28.725+0000] {dag.py:3239} INFO - Sync 1 DAGs
[2025-03-10T21:36:28.756+0000] {logging_mixin.py:190} INFO - [2025-03-10T21:36:28.755+0000] {dag.py:4180} INFO - Setting next_dagrun for example_branch_operator to 2025-03-09 00:00:00+00:00, run_after=2025-03-10 00:00:00+00:00
[2025-03-10T21:36:28.813+0000] {processor.py:208} INFO - Processing /home/airflow/.local/lib/python3.12/site-packages/airflow/example_dags/example_branch_operator.py took 0.268 seconds
