[2025-03-10T21:04:47.869+0000] {processor.py:186} INFO - Started process (PID=72) to work on /home/airflow/.local/lib/python3.12/site-packages/airflow/example_dags/example_external_task_marker_dag.py
[2025-03-10T21:04:47.869+0000] {processor.py:914} INFO - Processing file /home/airflow/.local/lib/python3.12/site-packages/airflow/example_dags/example_external_task_marker_dag.py for tasks to queue
[2025-03-10T21:04:47.872+0000] {logging_mixin.py:190} INFO - [2025-03-10T21:04:47.871+0000] {dagbag.py:588} INFO - Filling up the DagBag from /home/airflow/.local/lib/python3.12/site-packages/airflow/example_dags/example_external_task_marker_dag.py
[2025-03-10T21:04:47.878+0000] {processor.py:925} INFO - DAG(s) 'example_external_task_marker_parent', 'example_external_task_marker_child' retrieved from /home/airflow/.local/lib/python3.12/site-packages/airflow/example_dags/example_external_task_marker_dag.py
[2025-03-10T21:04:47.898+0000] {logging_mixin.py:190} INFO - [2025-03-10T21:04:47.898+0000] {dag.py:3239} INFO - Sync 2 DAGs
[2025-03-10T21:04:47.916+0000] {logging_mixin.py:190} INFO - [2025-03-10T21:04:47.916+0000] {dag.py:4180} INFO - Setting next_dagrun for example_external_task_marker_child to None, run_after=None
[2025-03-10T21:04:47.921+0000] {logging_mixin.py:190} INFO - [2025-03-10T21:04:47.921+0000] {dag.py:4180} INFO - Setting next_dagrun for example_external_task_marker_parent to None, run_after=None
[2025-03-10T21:04:47.935+0000] {processor.py:208} INFO - Processing /home/airflow/.local/lib/python3.12/site-packages/airflow/example_dags/example_external_task_marker_dag.py took 0.072 seconds
[2025-03-10T21:05:18.790+0000] {processor.py:186} INFO - Started process (PID=142) to work on /home/airflow/.local/lib/python3.12/site-packages/airflow/example_dags/example_external_task_marker_dag.py
[2025-03-10T21:05:18.790+0000] {processor.py:914} INFO - Processing file /home/airflow/.local/lib/python3.12/site-packages/airflow/example_dags/example_external_task_marker_dag.py for tasks to queue
[2025-03-10T21:05:18.792+0000] {logging_mixin.py:190} INFO - [2025-03-10T21:05:18.792+0000] {dagbag.py:588} INFO - Filling up the DagBag from /home/airflow/.local/lib/python3.12/site-packages/airflow/example_dags/example_external_task_marker_dag.py
[2025-03-10T21:05:18.799+0000] {processor.py:925} INFO - DAG(s) 'example_external_task_marker_parent', 'example_external_task_marker_child' retrieved from /home/airflow/.local/lib/python3.12/site-packages/airflow/example_dags/example_external_task_marker_dag.py
[2025-03-10T21:05:18.817+0000] {logging_mixin.py:190} INFO - [2025-03-10T21:05:18.817+0000] {dag.py:3239} INFO - Sync 2 DAGs
[2025-03-10T21:05:18.830+0000] {logging_mixin.py:190} INFO - [2025-03-10T21:05:18.830+0000] {dag.py:4180} INFO - Setting next_dagrun for example_external_task_marker_child to None, run_after=None
[2025-03-10T21:05:18.834+0000] {logging_mixin.py:190} INFO - [2025-03-10T21:05:18.834+0000] {dag.py:4180} INFO - Setting next_dagrun for example_external_task_marker_parent to None, run_after=None
[2025-03-10T21:05:18.846+0000] {processor.py:208} INFO - Processing /home/airflow/.local/lib/python3.12/site-packages/airflow/example_dags/example_external_task_marker_dag.py took 0.061 seconds
[2025-03-10T21:05:49.904+0000] {processor.py:186} INFO - Started process (PID=206) to work on /home/airflow/.local/lib/python3.12/site-packages/airflow/example_dags/example_external_task_marker_dag.py
[2025-03-10T21:05:49.905+0000] {processor.py:914} INFO - Processing file /home/airflow/.local/lib/python3.12/site-packages/airflow/example_dags/example_external_task_marker_dag.py for tasks to queue
[2025-03-10T21:05:49.906+0000] {logging_mixin.py:190} INFO - [2025-03-10T21:05:49.906+0000] {dagbag.py:588} INFO - Filling up the DagBag from /home/airflow/.local/lib/python3.12/site-packages/airflow/example_dags/example_external_task_marker_dag.py
[2025-03-10T21:05:49.914+0000] {processor.py:925} INFO - DAG(s) 'example_external_task_marker_parent', 'example_external_task_marker_child' retrieved from /home/airflow/.local/lib/python3.12/site-packages/airflow/example_dags/example_external_task_marker_dag.py
[2025-03-10T21:05:49.931+0000] {logging_mixin.py:190} INFO - [2025-03-10T21:05:49.931+0000] {dag.py:3239} INFO - Sync 2 DAGs
[2025-03-10T21:05:49.944+0000] {logging_mixin.py:190} INFO - [2025-03-10T21:05:49.944+0000] {dag.py:4180} INFO - Setting next_dagrun for example_external_task_marker_child to None, run_after=None
[2025-03-10T21:05:49.947+0000] {logging_mixin.py:190} INFO - [2025-03-10T21:05:49.947+0000] {dag.py:4180} INFO - Setting next_dagrun for example_external_task_marker_parent to None, run_after=None
[2025-03-10T21:05:49.961+0000] {processor.py:208} INFO - Processing /home/airflow/.local/lib/python3.12/site-packages/airflow/example_dags/example_external_task_marker_dag.py took 0.062 seconds
[2025-03-10T21:06:20.594+0000] {processor.py:186} INFO - Started process (PID=270) to work on /home/airflow/.local/lib/python3.12/site-packages/airflow/example_dags/example_external_task_marker_dag.py
[2025-03-10T21:06:20.595+0000] {processor.py:914} INFO - Processing file /home/airflow/.local/lib/python3.12/site-packages/airflow/example_dags/example_external_task_marker_dag.py for tasks to queue
[2025-03-10T21:06:20.597+0000] {logging_mixin.py:190} INFO - [2025-03-10T21:06:20.596+0000] {dagbag.py:588} INFO - Filling up the DagBag from /home/airflow/.local/lib/python3.12/site-packages/airflow/example_dags/example_external_task_marker_dag.py
[2025-03-10T21:06:20.603+0000] {processor.py:925} INFO - DAG(s) 'example_external_task_marker_parent', 'example_external_task_marker_child' retrieved from /home/airflow/.local/lib/python3.12/site-packages/airflow/example_dags/example_external_task_marker_dag.py
[2025-03-10T21:06:20.619+0000] {logging_mixin.py:190} INFO - [2025-03-10T21:06:20.618+0000] {dag.py:3239} INFO - Sync 2 DAGs
[2025-03-10T21:06:20.630+0000] {logging_mixin.py:190} INFO - [2025-03-10T21:06:20.630+0000] {dag.py:4180} INFO - Setting next_dagrun for example_external_task_marker_child to None, run_after=None
[2025-03-10T21:06:20.633+0000] {logging_mixin.py:190} INFO - [2025-03-10T21:06:20.633+0000] {dag.py:4180} INFO - Setting next_dagrun for example_external_task_marker_parent to None, run_after=None
[2025-03-10T21:06:20.644+0000] {processor.py:208} INFO - Processing /home/airflow/.local/lib/python3.12/site-packages/airflow/example_dags/example_external_task_marker_dag.py took 0.055 seconds
[2025-03-10T21:06:51.599+0000] {processor.py:186} INFO - Started process (PID=334) to work on /home/airflow/.local/lib/python3.12/site-packages/airflow/example_dags/example_external_task_marker_dag.py
[2025-03-10T21:06:51.600+0000] {processor.py:914} INFO - Processing file /home/airflow/.local/lib/python3.12/site-packages/airflow/example_dags/example_external_task_marker_dag.py for tasks to queue
[2025-03-10T21:06:51.602+0000] {logging_mixin.py:190} INFO - [2025-03-10T21:06:51.602+0000] {dagbag.py:588} INFO - Filling up the DagBag from /home/airflow/.local/lib/python3.12/site-packages/airflow/example_dags/example_external_task_marker_dag.py
[2025-03-10T21:06:51.609+0000] {processor.py:925} INFO - DAG(s) 'example_external_task_marker_child', 'example_external_task_marker_parent' retrieved from /home/airflow/.local/lib/python3.12/site-packages/airflow/example_dags/example_external_task_marker_dag.py
[2025-03-10T21:06:51.627+0000] {logging_mixin.py:190} INFO - [2025-03-10T21:06:51.627+0000] {dag.py:3239} INFO - Sync 2 DAGs
[2025-03-10T21:06:51.639+0000] {logging_mixin.py:190} INFO - [2025-03-10T21:06:51.639+0000] {dag.py:4180} INFO - Setting next_dagrun for example_external_task_marker_child to None, run_after=None
[2025-03-10T21:06:51.642+0000] {logging_mixin.py:190} INFO - [2025-03-10T21:06:51.642+0000] {dag.py:4180} INFO - Setting next_dagrun for example_external_task_marker_parent to None, run_after=None
[2025-03-10T21:06:51.655+0000] {processor.py:208} INFO - Processing /home/airflow/.local/lib/python3.12/site-packages/airflow/example_dags/example_external_task_marker_dag.py took 0.060 seconds
[2025-03-10T21:07:22.063+0000] {processor.py:186} INFO - Started process (PID=398) to work on /home/airflow/.local/lib/python3.12/site-packages/airflow/example_dags/example_external_task_marker_dag.py
[2025-03-10T21:07:22.064+0000] {processor.py:914} INFO - Processing file /home/airflow/.local/lib/python3.12/site-packages/airflow/example_dags/example_external_task_marker_dag.py for tasks to queue
[2025-03-10T21:07:22.065+0000] {logging_mixin.py:190} INFO - [2025-03-10T21:07:22.065+0000] {dagbag.py:588} INFO - Filling up the DagBag from /home/airflow/.local/lib/python3.12/site-packages/airflow/example_dags/example_external_task_marker_dag.py
[2025-03-10T21:07:22.072+0000] {processor.py:925} INFO - DAG(s) 'example_external_task_marker_child', 'example_external_task_marker_parent' retrieved from /home/airflow/.local/lib/python3.12/site-packages/airflow/example_dags/example_external_task_marker_dag.py
[2025-03-10T21:07:22.089+0000] {logging_mixin.py:190} INFO - [2025-03-10T21:07:22.089+0000] {dag.py:3239} INFO - Sync 2 DAGs
[2025-03-10T21:07:22.101+0000] {logging_mixin.py:190} INFO - [2025-03-10T21:07:22.101+0000] {dag.py:4180} INFO - Setting next_dagrun for example_external_task_marker_child to None, run_after=None
[2025-03-10T21:07:22.104+0000] {logging_mixin.py:190} INFO - [2025-03-10T21:07:22.104+0000] {dag.py:4180} INFO - Setting next_dagrun for example_external_task_marker_parent to None, run_after=None
[2025-03-10T21:07:22.116+0000] {processor.py:208} INFO - Processing /home/airflow/.local/lib/python3.12/site-packages/airflow/example_dags/example_external_task_marker_dag.py took 0.057 seconds
[2025-03-10T21:07:52.825+0000] {processor.py:186} INFO - Started process (PID=461) to work on /home/airflow/.local/lib/python3.12/site-packages/airflow/example_dags/example_external_task_marker_dag.py
[2025-03-10T21:07:52.826+0000] {processor.py:914} INFO - Processing file /home/airflow/.local/lib/python3.12/site-packages/airflow/example_dags/example_external_task_marker_dag.py for tasks to queue
[2025-03-10T21:07:52.828+0000] {logging_mixin.py:190} INFO - [2025-03-10T21:07:52.828+0000] {dagbag.py:588} INFO - Filling up the DagBag from /home/airflow/.local/lib/python3.12/site-packages/airflow/example_dags/example_external_task_marker_dag.py
[2025-03-10T21:07:52.834+0000] {processor.py:925} INFO - DAG(s) 'example_external_task_marker_child', 'example_external_task_marker_parent' retrieved from /home/airflow/.local/lib/python3.12/site-packages/airflow/example_dags/example_external_task_marker_dag.py
[2025-03-10T21:07:52.850+0000] {logging_mixin.py:190} INFO - [2025-03-10T21:07:52.850+0000] {dag.py:3239} INFO - Sync 2 DAGs
[2025-03-10T21:07:52.862+0000] {logging_mixin.py:190} INFO - [2025-03-10T21:07:52.862+0000] {dag.py:4180} INFO - Setting next_dagrun for example_external_task_marker_child to None, run_after=None
[2025-03-10T21:07:52.865+0000] {logging_mixin.py:190} INFO - [2025-03-10T21:07:52.865+0000] {dag.py:4180} INFO - Setting next_dagrun for example_external_task_marker_parent to None, run_after=None
[2025-03-10T21:07:52.879+0000] {processor.py:208} INFO - Processing /home/airflow/.local/lib/python3.12/site-packages/airflow/example_dags/example_external_task_marker_dag.py took 0.058 seconds
[2025-03-10T21:08:24.395+0000] {processor.py:186} INFO - Started process (PID=526) to work on /home/airflow/.local/lib/python3.12/site-packages/airflow/example_dags/example_external_task_marker_dag.py
[2025-03-10T21:08:24.395+0000] {processor.py:914} INFO - Processing file /home/airflow/.local/lib/python3.12/site-packages/airflow/example_dags/example_external_task_marker_dag.py for tasks to queue
[2025-03-10T21:08:24.397+0000] {logging_mixin.py:190} INFO - [2025-03-10T21:08:24.397+0000] {dagbag.py:588} INFO - Filling up the DagBag from /home/airflow/.local/lib/python3.12/site-packages/airflow/example_dags/example_external_task_marker_dag.py
[2025-03-10T21:08:24.403+0000] {processor.py:925} INFO - DAG(s) 'example_external_task_marker_child', 'example_external_task_marker_parent' retrieved from /home/airflow/.local/lib/python3.12/site-packages/airflow/example_dags/example_external_task_marker_dag.py
[2025-03-10T21:08:24.420+0000] {logging_mixin.py:190} INFO - [2025-03-10T21:08:24.419+0000] {dag.py:3239} INFO - Sync 2 DAGs
[2025-03-10T21:08:24.433+0000] {logging_mixin.py:190} INFO - [2025-03-10T21:08:24.433+0000] {dag.py:4180} INFO - Setting next_dagrun for example_external_task_marker_child to None, run_after=None
[2025-03-10T21:08:24.436+0000] {logging_mixin.py:190} INFO - [2025-03-10T21:08:24.436+0000] {dag.py:4180} INFO - Setting next_dagrun for example_external_task_marker_parent to None, run_after=None
[2025-03-10T21:08:24.448+0000] {processor.py:208} INFO - Processing /home/airflow/.local/lib/python3.12/site-packages/airflow/example_dags/example_external_task_marker_dag.py took 0.058 seconds
[2025-03-10T21:08:55.338+0000] {processor.py:186} INFO - Started process (PID=590) to work on /home/airflow/.local/lib/python3.12/site-packages/airflow/example_dags/example_external_task_marker_dag.py
[2025-03-10T21:08:55.340+0000] {processor.py:914} INFO - Processing file /home/airflow/.local/lib/python3.12/site-packages/airflow/example_dags/example_external_task_marker_dag.py for tasks to queue
[2025-03-10T21:08:55.342+0000] {logging_mixin.py:190} INFO - [2025-03-10T21:08:55.341+0000] {dagbag.py:588} INFO - Filling up the DagBag from /home/airflow/.local/lib/python3.12/site-packages/airflow/example_dags/example_external_task_marker_dag.py
[2025-03-10T21:08:55.348+0000] {processor.py:925} INFO - DAG(s) 'example_external_task_marker_child', 'example_external_task_marker_parent' retrieved from /home/airflow/.local/lib/python3.12/site-packages/airflow/example_dags/example_external_task_marker_dag.py
[2025-03-10T21:08:55.367+0000] {logging_mixin.py:190} INFO - [2025-03-10T21:08:55.367+0000] {dag.py:3239} INFO - Sync 2 DAGs
[2025-03-10T21:08:55.380+0000] {logging_mixin.py:190} INFO - [2025-03-10T21:08:55.380+0000] {dag.py:4180} INFO - Setting next_dagrun for example_external_task_marker_child to None, run_after=None
[2025-03-10T21:08:55.383+0000] {logging_mixin.py:190} INFO - [2025-03-10T21:08:55.383+0000] {dag.py:4180} INFO - Setting next_dagrun for example_external_task_marker_parent to None, run_after=None
[2025-03-10T21:08:55.397+0000] {processor.py:208} INFO - Processing /home/airflow/.local/lib/python3.12/site-packages/airflow/example_dags/example_external_task_marker_dag.py took 0.064 seconds
[2025-03-10T21:09:25.433+0000] {processor.py:186} INFO - Started process (PID=653) to work on /home/airflow/.local/lib/python3.12/site-packages/airflow/example_dags/example_external_task_marker_dag.py
[2025-03-10T21:09:25.434+0000] {processor.py:914} INFO - Processing file /home/airflow/.local/lib/python3.12/site-packages/airflow/example_dags/example_external_task_marker_dag.py for tasks to queue
[2025-03-10T21:09:25.436+0000] {logging_mixin.py:190} INFO - [2025-03-10T21:09:25.436+0000] {dagbag.py:588} INFO - Filling up the DagBag from /home/airflow/.local/lib/python3.12/site-packages/airflow/example_dags/example_external_task_marker_dag.py
[2025-03-10T21:09:25.442+0000] {processor.py:925} INFO - DAG(s) 'example_external_task_marker_child', 'example_external_task_marker_parent' retrieved from /home/airflow/.local/lib/python3.12/site-packages/airflow/example_dags/example_external_task_marker_dag.py
[2025-03-10T21:09:25.458+0000] {logging_mixin.py:190} INFO - [2025-03-10T21:09:25.458+0000] {dag.py:3239} INFO - Sync 2 DAGs
[2025-03-10T21:09:25.470+0000] {logging_mixin.py:190} INFO - [2025-03-10T21:09:25.469+0000] {dag.py:4180} INFO - Setting next_dagrun for example_external_task_marker_child to None, run_after=None
[2025-03-10T21:09:25.473+0000] {logging_mixin.py:190} INFO - [2025-03-10T21:09:25.473+0000] {dag.py:4180} INFO - Setting next_dagrun for example_external_task_marker_parent to None, run_after=None
[2025-03-10T21:09:25.488+0000] {processor.py:208} INFO - Processing /home/airflow/.local/lib/python3.12/site-packages/airflow/example_dags/example_external_task_marker_dag.py took 0.059 seconds
[2025-03-10T21:09:56.048+0000] {processor.py:186} INFO - Started process (PID=717) to work on /home/airflow/.local/lib/python3.12/site-packages/airflow/example_dags/example_external_task_marker_dag.py
[2025-03-10T21:09:56.049+0000] {processor.py:914} INFO - Processing file /home/airflow/.local/lib/python3.12/site-packages/airflow/example_dags/example_external_task_marker_dag.py for tasks to queue
[2025-03-10T21:09:56.051+0000] {logging_mixin.py:190} INFO - [2025-03-10T21:09:56.051+0000] {dagbag.py:588} INFO - Filling up the DagBag from /home/airflow/.local/lib/python3.12/site-packages/airflow/example_dags/example_external_task_marker_dag.py
[2025-03-10T21:09:56.059+0000] {processor.py:925} INFO - DAG(s) 'example_external_task_marker_child', 'example_external_task_marker_parent' retrieved from /home/airflow/.local/lib/python3.12/site-packages/airflow/example_dags/example_external_task_marker_dag.py
[2025-03-10T21:09:56.083+0000] {logging_mixin.py:190} INFO - [2025-03-10T21:09:56.083+0000] {dag.py:3239} INFO - Sync 2 DAGs
[2025-03-10T21:09:56.100+0000] {logging_mixin.py:190} INFO - [2025-03-10T21:09:56.099+0000] {dag.py:4180} INFO - Setting next_dagrun for example_external_task_marker_child to None, run_after=None
[2025-03-10T21:09:56.104+0000] {logging_mixin.py:190} INFO - [2025-03-10T21:09:56.104+0000] {dag.py:4180} INFO - Setting next_dagrun for example_external_task_marker_parent to None, run_after=None
[2025-03-10T21:09:56.123+0000] {processor.py:208} INFO - Processing /home/airflow/.local/lib/python3.12/site-packages/airflow/example_dags/example_external_task_marker_dag.py took 0.080 seconds
[2025-03-10T21:10:27.247+0000] {processor.py:186} INFO - Started process (PID=781) to work on /home/airflow/.local/lib/python3.12/site-packages/airflow/example_dags/example_external_task_marker_dag.py
[2025-03-10T21:10:27.248+0000] {processor.py:914} INFO - Processing file /home/airflow/.local/lib/python3.12/site-packages/airflow/example_dags/example_external_task_marker_dag.py for tasks to queue
[2025-03-10T21:10:27.250+0000] {logging_mixin.py:190} INFO - [2025-03-10T21:10:27.249+0000] {dagbag.py:588} INFO - Filling up the DagBag from /home/airflow/.local/lib/python3.12/site-packages/airflow/example_dags/example_external_task_marker_dag.py
[2025-03-10T21:10:27.256+0000] {processor.py:925} INFO - DAG(s) 'example_external_task_marker_parent', 'example_external_task_marker_child' retrieved from /home/airflow/.local/lib/python3.12/site-packages/airflow/example_dags/example_external_task_marker_dag.py
[2025-03-10T21:10:27.274+0000] {logging_mixin.py:190} INFO - [2025-03-10T21:10:27.273+0000] {dag.py:3239} INFO - Sync 2 DAGs
[2025-03-10T21:10:27.286+0000] {logging_mixin.py:190} INFO - [2025-03-10T21:10:27.286+0000] {dag.py:4180} INFO - Setting next_dagrun for example_external_task_marker_child to None, run_after=None
[2025-03-10T21:10:27.289+0000] {logging_mixin.py:190} INFO - [2025-03-10T21:10:27.288+0000] {dag.py:4180} INFO - Setting next_dagrun for example_external_task_marker_parent to None, run_after=None
[2025-03-10T21:10:27.302+0000] {processor.py:208} INFO - Processing /home/airflow/.local/lib/python3.12/site-packages/airflow/example_dags/example_external_task_marker_dag.py took 0.060 seconds
[2025-03-10T21:10:57.461+0000] {processor.py:186} INFO - Started process (PID=846) to work on /home/airflow/.local/lib/python3.12/site-packages/airflow/example_dags/example_external_task_marker_dag.py
[2025-03-10T21:10:57.462+0000] {processor.py:914} INFO - Processing file /home/airflow/.local/lib/python3.12/site-packages/airflow/example_dags/example_external_task_marker_dag.py for tasks to queue
[2025-03-10T21:10:57.464+0000] {logging_mixin.py:190} INFO - [2025-03-10T21:10:57.463+0000] {dagbag.py:588} INFO - Filling up the DagBag from /home/airflow/.local/lib/python3.12/site-packages/airflow/example_dags/example_external_task_marker_dag.py
[2025-03-10T21:10:57.470+0000] {processor.py:925} INFO - DAG(s) 'example_external_task_marker_parent', 'example_external_task_marker_child' retrieved from /home/airflow/.local/lib/python3.12/site-packages/airflow/example_dags/example_external_task_marker_dag.py
[2025-03-10T21:10:57.488+0000] {logging_mixin.py:190} INFO - [2025-03-10T21:10:57.487+0000] {dag.py:3239} INFO - Sync 2 DAGs
[2025-03-10T21:10:57.500+0000] {logging_mixin.py:190} INFO - [2025-03-10T21:10:57.500+0000] {dag.py:4180} INFO - Setting next_dagrun for example_external_task_marker_child to None, run_after=None
[2025-03-10T21:10:57.503+0000] {logging_mixin.py:190} INFO - [2025-03-10T21:10:57.503+0000] {dag.py:4180} INFO - Setting next_dagrun for example_external_task_marker_parent to None, run_after=None
[2025-03-10T21:10:57.515+0000] {processor.py:208} INFO - Processing /home/airflow/.local/lib/python3.12/site-packages/airflow/example_dags/example_external_task_marker_dag.py took 0.059 seconds
[2025-03-10T21:11:27.968+0000] {processor.py:186} INFO - Started process (PID=909) to work on /home/airflow/.local/lib/python3.12/site-packages/airflow/example_dags/example_external_task_marker_dag.py
[2025-03-10T21:11:27.969+0000] {processor.py:914} INFO - Processing file /home/airflow/.local/lib/python3.12/site-packages/airflow/example_dags/example_external_task_marker_dag.py for tasks to queue
[2025-03-10T21:11:27.970+0000] {logging_mixin.py:190} INFO - [2025-03-10T21:11:27.970+0000] {dagbag.py:588} INFO - Filling up the DagBag from /home/airflow/.local/lib/python3.12/site-packages/airflow/example_dags/example_external_task_marker_dag.py
[2025-03-10T21:11:27.977+0000] {processor.py:925} INFO - DAG(s) 'example_external_task_marker_parent', 'example_external_task_marker_child' retrieved from /home/airflow/.local/lib/python3.12/site-packages/airflow/example_dags/example_external_task_marker_dag.py
[2025-03-10T21:11:27.995+0000] {logging_mixin.py:190} INFO - [2025-03-10T21:11:27.994+0000] {dag.py:3239} INFO - Sync 2 DAGs
[2025-03-10T21:11:28.007+0000] {logging_mixin.py:190} INFO - [2025-03-10T21:11:28.007+0000] {dag.py:4180} INFO - Setting next_dagrun for example_external_task_marker_child to None, run_after=None
[2025-03-10T21:11:28.010+0000] {logging_mixin.py:190} INFO - [2025-03-10T21:11:28.010+0000] {dag.py:4180} INFO - Setting next_dagrun for example_external_task_marker_parent to None, run_after=None
[2025-03-10T21:11:28.022+0000] {processor.py:208} INFO - Processing /home/airflow/.local/lib/python3.12/site-packages/airflow/example_dags/example_external_task_marker_dag.py took 0.059 seconds
[2025-03-10T21:11:58.734+0000] {processor.py:186} INFO - Started process (PID=973) to work on /home/airflow/.local/lib/python3.12/site-packages/airflow/example_dags/example_external_task_marker_dag.py
[2025-03-10T21:11:58.734+0000] {processor.py:914} INFO - Processing file /home/airflow/.local/lib/python3.12/site-packages/airflow/example_dags/example_external_task_marker_dag.py for tasks to queue
[2025-03-10T21:11:58.736+0000] {logging_mixin.py:190} INFO - [2025-03-10T21:11:58.736+0000] {dagbag.py:588} INFO - Filling up the DagBag from /home/airflow/.local/lib/python3.12/site-packages/airflow/example_dags/example_external_task_marker_dag.py
[2025-03-10T21:11:58.743+0000] {processor.py:925} INFO - DAG(s) 'example_external_task_marker_child', 'example_external_task_marker_parent' retrieved from /home/airflow/.local/lib/python3.12/site-packages/airflow/example_dags/example_external_task_marker_dag.py
[2025-03-10T21:11:58.760+0000] {logging_mixin.py:190} INFO - [2025-03-10T21:11:58.760+0000] {dag.py:3239} INFO - Sync 2 DAGs
[2025-03-10T21:11:58.773+0000] {logging_mixin.py:190} INFO - [2025-03-10T21:11:58.773+0000] {dag.py:4180} INFO - Setting next_dagrun for example_external_task_marker_child to None, run_after=None
[2025-03-10T21:11:58.776+0000] {logging_mixin.py:190} INFO - [2025-03-10T21:11:58.776+0000] {dag.py:4180} INFO - Setting next_dagrun for example_external_task_marker_parent to None, run_after=None
[2025-03-10T21:11:58.789+0000] {processor.py:208} INFO - Processing /home/airflow/.local/lib/python3.12/site-packages/airflow/example_dags/example_external_task_marker_dag.py took 0.060 seconds
[2025-03-10T21:12:29.394+0000] {processor.py:186} INFO - Started process (PID=1037) to work on /home/airflow/.local/lib/python3.12/site-packages/airflow/example_dags/example_external_task_marker_dag.py
[2025-03-10T21:12:29.394+0000] {processor.py:914} INFO - Processing file /home/airflow/.local/lib/python3.12/site-packages/airflow/example_dags/example_external_task_marker_dag.py for tasks to queue
[2025-03-10T21:12:29.396+0000] {logging_mixin.py:190} INFO - [2025-03-10T21:12:29.396+0000] {dagbag.py:588} INFO - Filling up the DagBag from /home/airflow/.local/lib/python3.12/site-packages/airflow/example_dags/example_external_task_marker_dag.py
[2025-03-10T21:12:29.403+0000] {processor.py:925} INFO - DAG(s) 'example_external_task_marker_child', 'example_external_task_marker_parent' retrieved from /home/airflow/.local/lib/python3.12/site-packages/airflow/example_dags/example_external_task_marker_dag.py
[2025-03-10T21:12:29.420+0000] {logging_mixin.py:190} INFO - [2025-03-10T21:12:29.420+0000] {dag.py:3239} INFO - Sync 2 DAGs
[2025-03-10T21:12:29.432+0000] {logging_mixin.py:190} INFO - [2025-03-10T21:12:29.432+0000] {dag.py:4180} INFO - Setting next_dagrun for example_external_task_marker_child to None, run_after=None
[2025-03-10T21:12:29.435+0000] {logging_mixin.py:190} INFO - [2025-03-10T21:12:29.435+0000] {dag.py:4180} INFO - Setting next_dagrun for example_external_task_marker_parent to None, run_after=None
[2025-03-10T21:12:29.447+0000] {processor.py:208} INFO - Processing /home/airflow/.local/lib/python3.12/site-packages/airflow/example_dags/example_external_task_marker_dag.py took 0.059 seconds
[2025-03-10T21:13:00.290+0000] {processor.py:186} INFO - Started process (PID=1101) to work on /home/airflow/.local/lib/python3.12/site-packages/airflow/example_dags/example_external_task_marker_dag.py
[2025-03-10T21:13:00.291+0000] {processor.py:914} INFO - Processing file /home/airflow/.local/lib/python3.12/site-packages/airflow/example_dags/example_external_task_marker_dag.py for tasks to queue
[2025-03-10T21:13:00.292+0000] {logging_mixin.py:190} INFO - [2025-03-10T21:13:00.292+0000] {dagbag.py:588} INFO - Filling up the DagBag from /home/airflow/.local/lib/python3.12/site-packages/airflow/example_dags/example_external_task_marker_dag.py
[2025-03-10T21:13:00.298+0000] {processor.py:925} INFO - DAG(s) 'example_external_task_marker_child', 'example_external_task_marker_parent' retrieved from /home/airflow/.local/lib/python3.12/site-packages/airflow/example_dags/example_external_task_marker_dag.py
[2025-03-10T21:13:00.315+0000] {logging_mixin.py:190} INFO - [2025-03-10T21:13:00.315+0000] {dag.py:3239} INFO - Sync 2 DAGs
[2025-03-10T21:13:00.327+0000] {logging_mixin.py:190} INFO - [2025-03-10T21:13:00.327+0000] {dag.py:4180} INFO - Setting next_dagrun for example_external_task_marker_child to None, run_after=None
[2025-03-10T21:13:00.330+0000] {logging_mixin.py:190} INFO - [2025-03-10T21:13:00.329+0000] {dag.py:4180} INFO - Setting next_dagrun for example_external_task_marker_parent to None, run_after=None
[2025-03-10T21:13:00.343+0000] {processor.py:208} INFO - Processing /home/airflow/.local/lib/python3.12/site-packages/airflow/example_dags/example_external_task_marker_dag.py took 0.058 seconds
[2025-03-10T21:13:31.059+0000] {processor.py:186} INFO - Started process (PID=1166) to work on /home/airflow/.local/lib/python3.12/site-packages/airflow/example_dags/example_external_task_marker_dag.py
[2025-03-10T21:13:31.060+0000] {processor.py:914} INFO - Processing file /home/airflow/.local/lib/python3.12/site-packages/airflow/example_dags/example_external_task_marker_dag.py for tasks to queue
[2025-03-10T21:13:31.062+0000] {logging_mixin.py:190} INFO - [2025-03-10T21:13:31.062+0000] {dagbag.py:588} INFO - Filling up the DagBag from /home/airflow/.local/lib/python3.12/site-packages/airflow/example_dags/example_external_task_marker_dag.py
[2025-03-10T21:13:31.070+0000] {processor.py:925} INFO - DAG(s) 'example_external_task_marker_parent', 'example_external_task_marker_child' retrieved from /home/airflow/.local/lib/python3.12/site-packages/airflow/example_dags/example_external_task_marker_dag.py
[2025-03-10T21:13:31.087+0000] {logging_mixin.py:190} INFO - [2025-03-10T21:13:31.087+0000] {dag.py:3239} INFO - Sync 2 DAGs
[2025-03-10T21:13:31.099+0000] {logging_mixin.py:190} INFO - [2025-03-10T21:13:31.099+0000] {dag.py:4180} INFO - Setting next_dagrun for example_external_task_marker_child to None, run_after=None
[2025-03-10T21:13:31.102+0000] {logging_mixin.py:190} INFO - [2025-03-10T21:13:31.102+0000] {dag.py:4180} INFO - Setting next_dagrun for example_external_task_marker_parent to None, run_after=None
[2025-03-10T21:13:31.114+0000] {processor.py:208} INFO - Processing /home/airflow/.local/lib/python3.12/site-packages/airflow/example_dags/example_external_task_marker_dag.py took 0.060 seconds
[2025-03-10T21:14:01.894+0000] {processor.py:186} INFO - Started process (PID=1230) to work on /home/airflow/.local/lib/python3.12/site-packages/airflow/example_dags/example_external_task_marker_dag.py
[2025-03-10T21:14:01.895+0000] {processor.py:914} INFO - Processing file /home/airflow/.local/lib/python3.12/site-packages/airflow/example_dags/example_external_task_marker_dag.py for tasks to queue
[2025-03-10T21:14:01.896+0000] {logging_mixin.py:190} INFO - [2025-03-10T21:14:01.896+0000] {dagbag.py:588} INFO - Filling up the DagBag from /home/airflow/.local/lib/python3.12/site-packages/airflow/example_dags/example_external_task_marker_dag.py
[2025-03-10T21:14:01.902+0000] {processor.py:925} INFO - DAG(s) 'example_external_task_marker_parent', 'example_external_task_marker_child' retrieved from /home/airflow/.local/lib/python3.12/site-packages/airflow/example_dags/example_external_task_marker_dag.py
[2025-03-10T21:14:01.920+0000] {logging_mixin.py:190} INFO - [2025-03-10T21:14:01.920+0000] {dag.py:3239} INFO - Sync 2 DAGs
[2025-03-10T21:14:01.932+0000] {logging_mixin.py:190} INFO - [2025-03-10T21:14:01.932+0000] {dag.py:4180} INFO - Setting next_dagrun for example_external_task_marker_child to None, run_after=None
[2025-03-10T21:14:01.935+0000] {logging_mixin.py:190} INFO - [2025-03-10T21:14:01.935+0000] {dag.py:4180} INFO - Setting next_dagrun for example_external_task_marker_parent to None, run_after=None
[2025-03-10T21:14:01.949+0000] {processor.py:208} INFO - Processing /home/airflow/.local/lib/python3.12/site-packages/airflow/example_dags/example_external_task_marker_dag.py took 0.060 seconds
[2025-03-10T21:14:32.774+0000] {processor.py:186} INFO - Started process (PID=1294) to work on /home/airflow/.local/lib/python3.12/site-packages/airflow/example_dags/example_external_task_marker_dag.py
[2025-03-10T21:14:32.776+0000] {processor.py:914} INFO - Processing file /home/airflow/.local/lib/python3.12/site-packages/airflow/example_dags/example_external_task_marker_dag.py for tasks to queue
[2025-03-10T21:14:32.778+0000] {logging_mixin.py:190} INFO - [2025-03-10T21:14:32.778+0000] {dagbag.py:588} INFO - Filling up the DagBag from /home/airflow/.local/lib/python3.12/site-packages/airflow/example_dags/example_external_task_marker_dag.py
[2025-03-10T21:14:32.785+0000] {processor.py:925} INFO - DAG(s) 'example_external_task_marker_parent', 'example_external_task_marker_child' retrieved from /home/airflow/.local/lib/python3.12/site-packages/airflow/example_dags/example_external_task_marker_dag.py
[2025-03-10T21:14:32.804+0000] {logging_mixin.py:190} INFO - [2025-03-10T21:14:32.804+0000] {dag.py:3239} INFO - Sync 2 DAGs
[2025-03-10T21:14:32.816+0000] {logging_mixin.py:190} INFO - [2025-03-10T21:14:32.816+0000] {dag.py:4180} INFO - Setting next_dagrun for example_external_task_marker_child to None, run_after=None
[2025-03-10T21:14:32.819+0000] {logging_mixin.py:190} INFO - [2025-03-10T21:14:32.819+0000] {dag.py:4180} INFO - Setting next_dagrun for example_external_task_marker_parent to None, run_after=None
[2025-03-10T21:14:32.832+0000] {processor.py:208} INFO - Processing /home/airflow/.local/lib/python3.12/site-packages/airflow/example_dags/example_external_task_marker_dag.py took 0.063 seconds
[2025-03-10T21:15:03.722+0000] {processor.py:186} INFO - Started process (PID=1358) to work on /home/airflow/.local/lib/python3.12/site-packages/airflow/example_dags/example_external_task_marker_dag.py
[2025-03-10T21:15:03.723+0000] {processor.py:914} INFO - Processing file /home/airflow/.local/lib/python3.12/site-packages/airflow/example_dags/example_external_task_marker_dag.py for tasks to queue
[2025-03-10T21:15:03.724+0000] {logging_mixin.py:190} INFO - [2025-03-10T21:15:03.724+0000] {dagbag.py:588} INFO - Filling up the DagBag from /home/airflow/.local/lib/python3.12/site-packages/airflow/example_dags/example_external_task_marker_dag.py
[2025-03-10T21:15:03.731+0000] {processor.py:925} INFO - DAG(s) 'example_external_task_marker_child', 'example_external_task_marker_parent' retrieved from /home/airflow/.local/lib/python3.12/site-packages/airflow/example_dags/example_external_task_marker_dag.py
[2025-03-10T21:15:03.749+0000] {logging_mixin.py:190} INFO - [2025-03-10T21:15:03.748+0000] {dag.py:3239} INFO - Sync 2 DAGs
[2025-03-10T21:15:03.763+0000] {logging_mixin.py:190} INFO - [2025-03-10T21:15:03.763+0000] {dag.py:4180} INFO - Setting next_dagrun for example_external_task_marker_child to None, run_after=None
[2025-03-10T21:15:03.767+0000] {logging_mixin.py:190} INFO - [2025-03-10T21:15:03.767+0000] {dag.py:4180} INFO - Setting next_dagrun for example_external_task_marker_parent to None, run_after=None
[2025-03-10T21:15:03.781+0000] {processor.py:208} INFO - Processing /home/airflow/.local/lib/python3.12/site-packages/airflow/example_dags/example_external_task_marker_dag.py took 0.064 seconds
[2025-03-10T21:15:34.527+0000] {processor.py:186} INFO - Started process (PID=1422) to work on /home/airflow/.local/lib/python3.12/site-packages/airflow/example_dags/example_external_task_marker_dag.py
[2025-03-10T21:15:34.528+0000] {processor.py:914} INFO - Processing file /home/airflow/.local/lib/python3.12/site-packages/airflow/example_dags/example_external_task_marker_dag.py for tasks to queue
[2025-03-10T21:15:34.530+0000] {logging_mixin.py:190} INFO - [2025-03-10T21:15:34.529+0000] {dagbag.py:588} INFO - Filling up the DagBag from /home/airflow/.local/lib/python3.12/site-packages/airflow/example_dags/example_external_task_marker_dag.py
[2025-03-10T21:15:34.536+0000] {processor.py:925} INFO - DAG(s) 'example_external_task_marker_parent', 'example_external_task_marker_child' retrieved from /home/airflow/.local/lib/python3.12/site-packages/airflow/example_dags/example_external_task_marker_dag.py
[2025-03-10T21:15:34.552+0000] {logging_mixin.py:190} INFO - [2025-03-10T21:15:34.552+0000] {dag.py:3239} INFO - Sync 2 DAGs
[2025-03-10T21:15:34.564+0000] {logging_mixin.py:190} INFO - [2025-03-10T21:15:34.564+0000] {dag.py:4180} INFO - Setting next_dagrun for example_external_task_marker_child to None, run_after=None
[2025-03-10T21:15:34.568+0000] {logging_mixin.py:190} INFO - [2025-03-10T21:15:34.568+0000] {dag.py:4180} INFO - Setting next_dagrun for example_external_task_marker_parent to None, run_after=None
[2025-03-10T21:15:34.584+0000] {processor.py:208} INFO - Processing /home/airflow/.local/lib/python3.12/site-packages/airflow/example_dags/example_external_task_marker_dag.py took 0.061 seconds
[2025-03-10T21:16:05.238+0000] {processor.py:186} INFO - Started process (PID=1486) to work on /home/airflow/.local/lib/python3.12/site-packages/airflow/example_dags/example_external_task_marker_dag.py
[2025-03-10T21:16:05.239+0000] {processor.py:914} INFO - Processing file /home/airflow/.local/lib/python3.12/site-packages/airflow/example_dags/example_external_task_marker_dag.py for tasks to queue
[2025-03-10T21:16:05.241+0000] {logging_mixin.py:190} INFO - [2025-03-10T21:16:05.240+0000] {dagbag.py:588} INFO - Filling up the DagBag from /home/airflow/.local/lib/python3.12/site-packages/airflow/example_dags/example_external_task_marker_dag.py
[2025-03-10T21:16:05.247+0000] {processor.py:925} INFO - DAG(s) 'example_external_task_marker_child', 'example_external_task_marker_parent' retrieved from /home/airflow/.local/lib/python3.12/site-packages/airflow/example_dags/example_external_task_marker_dag.py
[2025-03-10T21:16:05.266+0000] {logging_mixin.py:190} INFO - [2025-03-10T21:16:05.265+0000] {dag.py:3239} INFO - Sync 2 DAGs
[2025-03-10T21:16:05.278+0000] {logging_mixin.py:190} INFO - [2025-03-10T21:16:05.278+0000] {dag.py:4180} INFO - Setting next_dagrun for example_external_task_marker_child to None, run_after=None
[2025-03-10T21:16:05.281+0000] {logging_mixin.py:190} INFO - [2025-03-10T21:16:05.281+0000] {dag.py:4180} INFO - Setting next_dagrun for example_external_task_marker_parent to None, run_after=None
[2025-03-10T21:16:05.295+0000] {processor.py:208} INFO - Processing /home/airflow/.local/lib/python3.12/site-packages/airflow/example_dags/example_external_task_marker_dag.py took 0.062 seconds
[2025-03-10T21:16:36.043+0000] {processor.py:186} INFO - Started process (PID=1550) to work on /home/airflow/.local/lib/python3.12/site-packages/airflow/example_dags/example_external_task_marker_dag.py
[2025-03-10T21:16:36.043+0000] {processor.py:914} INFO - Processing file /home/airflow/.local/lib/python3.12/site-packages/airflow/example_dags/example_external_task_marker_dag.py for tasks to queue
[2025-03-10T21:16:36.045+0000] {logging_mixin.py:190} INFO - [2025-03-10T21:16:36.045+0000] {dagbag.py:588} INFO - Filling up the DagBag from /home/airflow/.local/lib/python3.12/site-packages/airflow/example_dags/example_external_task_marker_dag.py
[2025-03-10T21:16:36.051+0000] {processor.py:925} INFO - DAG(s) 'example_external_task_marker_parent', 'example_external_task_marker_child' retrieved from /home/airflow/.local/lib/python3.12/site-packages/airflow/example_dags/example_external_task_marker_dag.py
[2025-03-10T21:16:36.068+0000] {logging_mixin.py:190} INFO - [2025-03-10T21:16:36.068+0000] {dag.py:3239} INFO - Sync 2 DAGs
[2025-03-10T21:16:36.080+0000] {logging_mixin.py:190} INFO - [2025-03-10T21:16:36.080+0000] {dag.py:4180} INFO - Setting next_dagrun for example_external_task_marker_child to None, run_after=None
[2025-03-10T21:16:36.083+0000] {logging_mixin.py:190} INFO - [2025-03-10T21:16:36.082+0000] {dag.py:4180} INFO - Setting next_dagrun for example_external_task_marker_parent to None, run_after=None
[2025-03-10T21:16:36.094+0000] {processor.py:208} INFO - Processing /home/airflow/.local/lib/python3.12/site-packages/airflow/example_dags/example_external_task_marker_dag.py took 0.056 seconds
[2025-03-10T21:17:06.640+0000] {processor.py:186} INFO - Started process (PID=1614) to work on /home/airflow/.local/lib/python3.12/site-packages/airflow/example_dags/example_external_task_marker_dag.py
[2025-03-10T21:17:06.641+0000] {processor.py:914} INFO - Processing file /home/airflow/.local/lib/python3.12/site-packages/airflow/example_dags/example_external_task_marker_dag.py for tasks to queue
[2025-03-10T21:17:06.643+0000] {logging_mixin.py:190} INFO - [2025-03-10T21:17:06.643+0000] {dagbag.py:588} INFO - Filling up the DagBag from /home/airflow/.local/lib/python3.12/site-packages/airflow/example_dags/example_external_task_marker_dag.py
[2025-03-10T21:17:06.651+0000] {processor.py:925} INFO - DAG(s) 'example_external_task_marker_parent', 'example_external_task_marker_child' retrieved from /home/airflow/.local/lib/python3.12/site-packages/airflow/example_dags/example_external_task_marker_dag.py
[2025-03-10T21:17:06.672+0000] {logging_mixin.py:190} INFO - [2025-03-10T21:17:06.672+0000] {dag.py:3239} INFO - Sync 2 DAGs
[2025-03-10T21:17:06.686+0000] {logging_mixin.py:190} INFO - [2025-03-10T21:17:06.686+0000] {dag.py:4180} INFO - Setting next_dagrun for example_external_task_marker_child to None, run_after=None
[2025-03-10T21:17:06.689+0000] {logging_mixin.py:190} INFO - [2025-03-10T21:17:06.689+0000] {dag.py:4180} INFO - Setting next_dagrun for example_external_task_marker_parent to None, run_after=None
[2025-03-10T21:17:06.704+0000] {processor.py:208} INFO - Processing /home/airflow/.local/lib/python3.12/site-packages/airflow/example_dags/example_external_task_marker_dag.py took 0.071 seconds
[2025-03-10T21:17:37.394+0000] {processor.py:186} INFO - Started process (PID=1678) to work on /home/airflow/.local/lib/python3.12/site-packages/airflow/example_dags/example_external_task_marker_dag.py
[2025-03-10T21:17:37.395+0000] {processor.py:914} INFO - Processing file /home/airflow/.local/lib/python3.12/site-packages/airflow/example_dags/example_external_task_marker_dag.py for tasks to queue
[2025-03-10T21:17:37.397+0000] {logging_mixin.py:190} INFO - [2025-03-10T21:17:37.397+0000] {dagbag.py:588} INFO - Filling up the DagBag from /home/airflow/.local/lib/python3.12/site-packages/airflow/example_dags/example_external_task_marker_dag.py
[2025-03-10T21:17:37.404+0000] {processor.py:925} INFO - DAG(s) 'example_external_task_marker_child', 'example_external_task_marker_parent' retrieved from /home/airflow/.local/lib/python3.12/site-packages/airflow/example_dags/example_external_task_marker_dag.py
[2025-03-10T21:17:37.423+0000] {logging_mixin.py:190} INFO - [2025-03-10T21:17:37.423+0000] {dag.py:3239} INFO - Sync 2 DAGs
[2025-03-10T21:17:37.436+0000] {logging_mixin.py:190} INFO - [2025-03-10T21:17:37.436+0000] {dag.py:4180} INFO - Setting next_dagrun for example_external_task_marker_child to None, run_after=None
[2025-03-10T21:17:37.439+0000] {logging_mixin.py:190} INFO - [2025-03-10T21:17:37.439+0000] {dag.py:4180} INFO - Setting next_dagrun for example_external_task_marker_parent to None, run_after=None
[2025-03-10T21:17:37.452+0000] {processor.py:208} INFO - Processing /home/airflow/.local/lib/python3.12/site-packages/airflow/example_dags/example_external_task_marker_dag.py took 0.063 seconds
[2025-03-10T21:18:08.164+0000] {processor.py:186} INFO - Started process (PID=1742) to work on /home/airflow/.local/lib/python3.12/site-packages/airflow/example_dags/example_external_task_marker_dag.py
[2025-03-10T21:18:08.165+0000] {processor.py:914} INFO - Processing file /home/airflow/.local/lib/python3.12/site-packages/airflow/example_dags/example_external_task_marker_dag.py for tasks to queue
[2025-03-10T21:18:08.167+0000] {logging_mixin.py:190} INFO - [2025-03-10T21:18:08.167+0000] {dagbag.py:588} INFO - Filling up the DagBag from /home/airflow/.local/lib/python3.12/site-packages/airflow/example_dags/example_external_task_marker_dag.py
[2025-03-10T21:18:08.174+0000] {processor.py:925} INFO - DAG(s) 'example_external_task_marker_parent', 'example_external_task_marker_child' retrieved from /home/airflow/.local/lib/python3.12/site-packages/airflow/example_dags/example_external_task_marker_dag.py
[2025-03-10T21:18:08.196+0000] {logging_mixin.py:190} INFO - [2025-03-10T21:18:08.195+0000] {dag.py:3239} INFO - Sync 2 DAGs
[2025-03-10T21:18:08.210+0000] {logging_mixin.py:190} INFO - [2025-03-10T21:18:08.210+0000] {dag.py:4180} INFO - Setting next_dagrun for example_external_task_marker_child to None, run_after=None
[2025-03-10T21:18:08.214+0000] {logging_mixin.py:190} INFO - [2025-03-10T21:18:08.213+0000] {dag.py:4180} INFO - Setting next_dagrun for example_external_task_marker_parent to None, run_after=None
[2025-03-10T21:18:08.229+0000] {processor.py:208} INFO - Processing /home/airflow/.local/lib/python3.12/site-packages/airflow/example_dags/example_external_task_marker_dag.py took 0.070 seconds
[2025-03-10T21:18:38.640+0000] {processor.py:186} INFO - Started process (PID=1806) to work on /home/airflow/.local/lib/python3.12/site-packages/airflow/example_dags/example_external_task_marker_dag.py
[2025-03-10T21:18:38.641+0000] {processor.py:914} INFO - Processing file /home/airflow/.local/lib/python3.12/site-packages/airflow/example_dags/example_external_task_marker_dag.py for tasks to queue
[2025-03-10T21:18:38.642+0000] {logging_mixin.py:190} INFO - [2025-03-10T21:18:38.642+0000] {dagbag.py:588} INFO - Filling up the DagBag from /home/airflow/.local/lib/python3.12/site-packages/airflow/example_dags/example_external_task_marker_dag.py
[2025-03-10T21:18:38.649+0000] {processor.py:925} INFO - DAG(s) 'example_external_task_marker_child', 'example_external_task_marker_parent' retrieved from /home/airflow/.local/lib/python3.12/site-packages/airflow/example_dags/example_external_task_marker_dag.py
[2025-03-10T21:18:38.666+0000] {logging_mixin.py:190} INFO - [2025-03-10T21:18:38.666+0000] {dag.py:3239} INFO - Sync 2 DAGs
[2025-03-10T21:18:38.678+0000] {logging_mixin.py:190} INFO - [2025-03-10T21:18:38.678+0000] {dag.py:4180} INFO - Setting next_dagrun for example_external_task_marker_child to None, run_after=None
[2025-03-10T21:18:38.681+0000] {logging_mixin.py:190} INFO - [2025-03-10T21:18:38.681+0000] {dag.py:4180} INFO - Setting next_dagrun for example_external_task_marker_parent to None, run_after=None
[2025-03-10T21:18:38.695+0000] {processor.py:208} INFO - Processing /home/airflow/.local/lib/python3.12/site-packages/airflow/example_dags/example_external_task_marker_dag.py took 0.060 seconds
[2025-03-10T21:19:08.876+0000] {processor.py:186} INFO - Started process (PID=1870) to work on /home/airflow/.local/lib/python3.12/site-packages/airflow/example_dags/example_external_task_marker_dag.py
[2025-03-10T21:19:08.877+0000] {processor.py:914} INFO - Processing file /home/airflow/.local/lib/python3.12/site-packages/airflow/example_dags/example_external_task_marker_dag.py for tasks to queue
[2025-03-10T21:19:08.879+0000] {logging_mixin.py:190} INFO - [2025-03-10T21:19:08.878+0000] {dagbag.py:588} INFO - Filling up the DagBag from /home/airflow/.local/lib/python3.12/site-packages/airflow/example_dags/example_external_task_marker_dag.py
[2025-03-10T21:19:08.885+0000] {processor.py:925} INFO - DAG(s) 'example_external_task_marker_child', 'example_external_task_marker_parent' retrieved from /home/airflow/.local/lib/python3.12/site-packages/airflow/example_dags/example_external_task_marker_dag.py
[2025-03-10T21:19:08.903+0000] {logging_mixin.py:190} INFO - [2025-03-10T21:19:08.903+0000] {dag.py:3239} INFO - Sync 2 DAGs
[2025-03-10T21:19:08.916+0000] {logging_mixin.py:190} INFO - [2025-03-10T21:19:08.916+0000] {dag.py:4180} INFO - Setting next_dagrun for example_external_task_marker_child to None, run_after=None
[2025-03-10T21:19:08.921+0000] {logging_mixin.py:190} INFO - [2025-03-10T21:19:08.921+0000] {dag.py:4180} INFO - Setting next_dagrun for example_external_task_marker_parent to None, run_after=None
[2025-03-10T21:19:08.935+0000] {processor.py:208} INFO - Processing /home/airflow/.local/lib/python3.12/site-packages/airflow/example_dags/example_external_task_marker_dag.py took 0.064 seconds
[2025-03-10T21:19:39.503+0000] {processor.py:186} INFO - Started process (PID=1935) to work on /home/airflow/.local/lib/python3.12/site-packages/airflow/example_dags/example_external_task_marker_dag.py
[2025-03-10T21:19:39.504+0000] {processor.py:914} INFO - Processing file /home/airflow/.local/lib/python3.12/site-packages/airflow/example_dags/example_external_task_marker_dag.py for tasks to queue
[2025-03-10T21:19:39.506+0000] {logging_mixin.py:190} INFO - [2025-03-10T21:19:39.505+0000] {dagbag.py:588} INFO - Filling up the DagBag from /home/airflow/.local/lib/python3.12/site-packages/airflow/example_dags/example_external_task_marker_dag.py
[2025-03-10T21:19:39.512+0000] {processor.py:925} INFO - DAG(s) 'example_external_task_marker_child', 'example_external_task_marker_parent' retrieved from /home/airflow/.local/lib/python3.12/site-packages/airflow/example_dags/example_external_task_marker_dag.py
[2025-03-10T21:19:39.528+0000] {logging_mixin.py:190} INFO - [2025-03-10T21:19:39.528+0000] {dag.py:3239} INFO - Sync 2 DAGs
[2025-03-10T21:19:39.540+0000] {logging_mixin.py:190} INFO - [2025-03-10T21:19:39.540+0000] {dag.py:4180} INFO - Setting next_dagrun for example_external_task_marker_child to None, run_after=None
[2025-03-10T21:19:39.543+0000] {logging_mixin.py:190} INFO - [2025-03-10T21:19:39.543+0000] {dag.py:4180} INFO - Setting next_dagrun for example_external_task_marker_parent to None, run_after=None
[2025-03-10T21:19:39.557+0000] {processor.py:208} INFO - Processing /home/airflow/.local/lib/python3.12/site-packages/airflow/example_dags/example_external_task_marker_dag.py took 0.059 seconds
[2025-03-10T21:20:10.045+0000] {processor.py:186} INFO - Started process (PID=1999) to work on /home/airflow/.local/lib/python3.12/site-packages/airflow/example_dags/example_external_task_marker_dag.py
[2025-03-10T21:20:10.046+0000] {processor.py:914} INFO - Processing file /home/airflow/.local/lib/python3.12/site-packages/airflow/example_dags/example_external_task_marker_dag.py for tasks to queue
[2025-03-10T21:20:10.048+0000] {logging_mixin.py:190} INFO - [2025-03-10T21:20:10.048+0000] {dagbag.py:588} INFO - Filling up the DagBag from /home/airflow/.local/lib/python3.12/site-packages/airflow/example_dags/example_external_task_marker_dag.py
[2025-03-10T21:20:10.055+0000] {processor.py:925} INFO - DAG(s) 'example_external_task_marker_child', 'example_external_task_marker_parent' retrieved from /home/airflow/.local/lib/python3.12/site-packages/airflow/example_dags/example_external_task_marker_dag.py
[2025-03-10T21:20:10.072+0000] {logging_mixin.py:190} INFO - [2025-03-10T21:20:10.071+0000] {dag.py:3239} INFO - Sync 2 DAGs
[2025-03-10T21:20:10.084+0000] {logging_mixin.py:190} INFO - [2025-03-10T21:20:10.084+0000] {dag.py:4180} INFO - Setting next_dagrun for example_external_task_marker_child to None, run_after=None
[2025-03-10T21:20:10.087+0000] {logging_mixin.py:190} INFO - [2025-03-10T21:20:10.086+0000] {dag.py:4180} INFO - Setting next_dagrun for example_external_task_marker_parent to None, run_after=None
[2025-03-10T21:20:10.099+0000] {processor.py:208} INFO - Processing /home/airflow/.local/lib/python3.12/site-packages/airflow/example_dags/example_external_task_marker_dag.py took 0.058 seconds
[2025-03-10T21:20:41.033+0000] {processor.py:186} INFO - Started process (PID=2063) to work on /home/airflow/.local/lib/python3.12/site-packages/airflow/example_dags/example_external_task_marker_dag.py
[2025-03-10T21:20:41.034+0000] {processor.py:914} INFO - Processing file /home/airflow/.local/lib/python3.12/site-packages/airflow/example_dags/example_external_task_marker_dag.py for tasks to queue
[2025-03-10T21:20:41.035+0000] {logging_mixin.py:190} INFO - [2025-03-10T21:20:41.035+0000] {dagbag.py:588} INFO - Filling up the DagBag from /home/airflow/.local/lib/python3.12/site-packages/airflow/example_dags/example_external_task_marker_dag.py
[2025-03-10T21:20:41.042+0000] {processor.py:925} INFO - DAG(s) 'example_external_task_marker_child', 'example_external_task_marker_parent' retrieved from /home/airflow/.local/lib/python3.12/site-packages/airflow/example_dags/example_external_task_marker_dag.py
[2025-03-10T21:20:41.063+0000] {logging_mixin.py:190} INFO - [2025-03-10T21:20:41.063+0000] {dag.py:3239} INFO - Sync 2 DAGs
[2025-03-10T21:20:41.076+0000] {logging_mixin.py:190} INFO - [2025-03-10T21:20:41.076+0000] {dag.py:4180} INFO - Setting next_dagrun for example_external_task_marker_child to None, run_after=None
[2025-03-10T21:20:41.080+0000] {logging_mixin.py:190} INFO - [2025-03-10T21:20:41.079+0000] {dag.py:4180} INFO - Setting next_dagrun for example_external_task_marker_parent to None, run_after=None
[2025-03-10T21:20:41.092+0000] {processor.py:208} INFO - Processing /home/airflow/.local/lib/python3.12/site-packages/airflow/example_dags/example_external_task_marker_dag.py took 0.064 seconds
[2025-03-10T21:21:12.066+0000] {processor.py:186} INFO - Started process (PID=2127) to work on /home/airflow/.local/lib/python3.12/site-packages/airflow/example_dags/example_external_task_marker_dag.py
[2025-03-10T21:21:12.067+0000] {processor.py:914} INFO - Processing file /home/airflow/.local/lib/python3.12/site-packages/airflow/example_dags/example_external_task_marker_dag.py for tasks to queue
[2025-03-10T21:21:12.069+0000] {logging_mixin.py:190} INFO - [2025-03-10T21:21:12.068+0000] {dagbag.py:588} INFO - Filling up the DagBag from /home/airflow/.local/lib/python3.12/site-packages/airflow/example_dags/example_external_task_marker_dag.py
[2025-03-10T21:21:12.075+0000] {processor.py:925} INFO - DAG(s) 'example_external_task_marker_parent', 'example_external_task_marker_child' retrieved from /home/airflow/.local/lib/python3.12/site-packages/airflow/example_dags/example_external_task_marker_dag.py
[2025-03-10T21:21:12.093+0000] {logging_mixin.py:190} INFO - [2025-03-10T21:21:12.093+0000] {dag.py:3239} INFO - Sync 2 DAGs
[2025-03-10T21:21:12.105+0000] {logging_mixin.py:190} INFO - [2025-03-10T21:21:12.105+0000] {dag.py:4180} INFO - Setting next_dagrun for example_external_task_marker_child to None, run_after=None
[2025-03-10T21:21:12.108+0000] {logging_mixin.py:190} INFO - [2025-03-10T21:21:12.108+0000] {dag.py:4180} INFO - Setting next_dagrun for example_external_task_marker_parent to None, run_after=None
[2025-03-10T21:21:12.120+0000] {processor.py:208} INFO - Processing /home/airflow/.local/lib/python3.12/site-packages/airflow/example_dags/example_external_task_marker_dag.py took 0.059 seconds
[2025-03-10T21:21:42.555+0000] {processor.py:186} INFO - Started process (PID=2191) to work on /home/airflow/.local/lib/python3.12/site-packages/airflow/example_dags/example_external_task_marker_dag.py
[2025-03-10T21:21:42.555+0000] {processor.py:914} INFO - Processing file /home/airflow/.local/lib/python3.12/site-packages/airflow/example_dags/example_external_task_marker_dag.py for tasks to queue
[2025-03-10T21:21:42.557+0000] {logging_mixin.py:190} INFO - [2025-03-10T21:21:42.557+0000] {dagbag.py:588} INFO - Filling up the DagBag from /home/airflow/.local/lib/python3.12/site-packages/airflow/example_dags/example_external_task_marker_dag.py
[2025-03-10T21:21:42.564+0000] {processor.py:925} INFO - DAG(s) 'example_external_task_marker_child', 'example_external_task_marker_parent' retrieved from /home/airflow/.local/lib/python3.12/site-packages/airflow/example_dags/example_external_task_marker_dag.py
[2025-03-10T21:21:42.583+0000] {logging_mixin.py:190} INFO - [2025-03-10T21:21:42.583+0000] {dag.py:3239} INFO - Sync 2 DAGs
[2025-03-10T21:21:42.596+0000] {logging_mixin.py:190} INFO - [2025-03-10T21:21:42.596+0000] {dag.py:4180} INFO - Setting next_dagrun for example_external_task_marker_child to None, run_after=None
[2025-03-10T21:21:42.600+0000] {logging_mixin.py:190} INFO - [2025-03-10T21:21:42.599+0000] {dag.py:4180} INFO - Setting next_dagrun for example_external_task_marker_parent to None, run_after=None
[2025-03-10T21:21:42.613+0000] {processor.py:208} INFO - Processing /home/airflow/.local/lib/python3.12/site-packages/airflow/example_dags/example_external_task_marker_dag.py took 0.063 seconds
[2025-03-10T21:22:12.951+0000] {processor.py:186} INFO - Started process (PID=2255) to work on /home/airflow/.local/lib/python3.12/site-packages/airflow/example_dags/example_external_task_marker_dag.py
[2025-03-10T21:22:12.952+0000] {processor.py:914} INFO - Processing file /home/airflow/.local/lib/python3.12/site-packages/airflow/example_dags/example_external_task_marker_dag.py for tasks to queue
[2025-03-10T21:22:12.953+0000] {logging_mixin.py:190} INFO - [2025-03-10T21:22:12.953+0000] {dagbag.py:588} INFO - Filling up the DagBag from /home/airflow/.local/lib/python3.12/site-packages/airflow/example_dags/example_external_task_marker_dag.py
[2025-03-10T21:22:12.960+0000] {processor.py:925} INFO - DAG(s) 'example_external_task_marker_child', 'example_external_task_marker_parent' retrieved from /home/airflow/.local/lib/python3.12/site-packages/airflow/example_dags/example_external_task_marker_dag.py
[2025-03-10T21:22:12.981+0000] {logging_mixin.py:190} INFO - [2025-03-10T21:22:12.980+0000] {dag.py:3239} INFO - Sync 2 DAGs
[2025-03-10T21:22:12.995+0000] {logging_mixin.py:190} INFO - [2025-03-10T21:22:12.994+0000] {dag.py:4180} INFO - Setting next_dagrun for example_external_task_marker_child to None, run_after=None
[2025-03-10T21:22:13.000+0000] {logging_mixin.py:190} INFO - [2025-03-10T21:22:13.000+0000] {dag.py:4180} INFO - Setting next_dagrun for example_external_task_marker_parent to None, run_after=None
[2025-03-10T21:22:13.017+0000] {processor.py:208} INFO - Processing /home/airflow/.local/lib/python3.12/site-packages/airflow/example_dags/example_external_task_marker_dag.py took 0.071 seconds
[2025-03-10T21:22:43.409+0000] {processor.py:186} INFO - Started process (PID=2319) to work on /home/airflow/.local/lib/python3.12/site-packages/airflow/example_dags/example_external_task_marker_dag.py
[2025-03-10T21:22:43.410+0000] {processor.py:914} INFO - Processing file /home/airflow/.local/lib/python3.12/site-packages/airflow/example_dags/example_external_task_marker_dag.py for tasks to queue
[2025-03-10T21:22:43.411+0000] {logging_mixin.py:190} INFO - [2025-03-10T21:22:43.411+0000] {dagbag.py:588} INFO - Filling up the DagBag from /home/airflow/.local/lib/python3.12/site-packages/airflow/example_dags/example_external_task_marker_dag.py
[2025-03-10T21:22:43.418+0000] {processor.py:925} INFO - DAG(s) 'example_external_task_marker_parent', 'example_external_task_marker_child' retrieved from /home/airflow/.local/lib/python3.12/site-packages/airflow/example_dags/example_external_task_marker_dag.py
[2025-03-10T21:22:43.435+0000] {logging_mixin.py:190} INFO - [2025-03-10T21:22:43.435+0000] {dag.py:3239} INFO - Sync 2 DAGs
[2025-03-10T21:22:43.447+0000] {logging_mixin.py:190} INFO - [2025-03-10T21:22:43.447+0000] {dag.py:4180} INFO - Setting next_dagrun for example_external_task_marker_child to None, run_after=None
[2025-03-10T21:22:43.450+0000] {logging_mixin.py:190} INFO - [2025-03-10T21:22:43.450+0000] {dag.py:4180} INFO - Setting next_dagrun for example_external_task_marker_parent to None, run_after=None
[2025-03-10T21:22:43.462+0000] {processor.py:208} INFO - Processing /home/airflow/.local/lib/python3.12/site-packages/airflow/example_dags/example_external_task_marker_dag.py took 0.058 seconds
[2025-03-10T21:23:13.992+0000] {processor.py:186} INFO - Started process (PID=2383) to work on /home/airflow/.local/lib/python3.12/site-packages/airflow/example_dags/example_external_task_marker_dag.py
[2025-03-10T21:23:13.994+0000] {processor.py:914} INFO - Processing file /home/airflow/.local/lib/python3.12/site-packages/airflow/example_dags/example_external_task_marker_dag.py for tasks to queue
[2025-03-10T21:23:13.996+0000] {logging_mixin.py:190} INFO - [2025-03-10T21:23:13.995+0000] {dagbag.py:588} INFO - Filling up the DagBag from /home/airflow/.local/lib/python3.12/site-packages/airflow/example_dags/example_external_task_marker_dag.py
[2025-03-10T21:23:14.004+0000] {processor.py:925} INFO - DAG(s) 'example_external_task_marker_child', 'example_external_task_marker_parent' retrieved from /home/airflow/.local/lib/python3.12/site-packages/airflow/example_dags/example_external_task_marker_dag.py
[2025-03-10T21:23:14.024+0000] {logging_mixin.py:190} INFO - [2025-03-10T21:23:14.024+0000] {dag.py:3239} INFO - Sync 2 DAGs
[2025-03-10T21:23:14.038+0000] {logging_mixin.py:190} INFO - [2025-03-10T21:23:14.038+0000] {dag.py:4180} INFO - Setting next_dagrun for example_external_task_marker_child to None, run_after=None
[2025-03-10T21:23:14.042+0000] {logging_mixin.py:190} INFO - [2025-03-10T21:23:14.041+0000] {dag.py:4180} INFO - Setting next_dagrun for example_external_task_marker_parent to None, run_after=None
[2025-03-10T21:23:14.058+0000] {processor.py:208} INFO - Processing /home/airflow/.local/lib/python3.12/site-packages/airflow/example_dags/example_external_task_marker_dag.py took 0.071 seconds
[2025-03-10T21:23:44.199+0000] {processor.py:186} INFO - Started process (PID=2447) to work on /home/airflow/.local/lib/python3.12/site-packages/airflow/example_dags/example_external_task_marker_dag.py
[2025-03-10T21:23:44.200+0000] {processor.py:914} INFO - Processing file /home/airflow/.local/lib/python3.12/site-packages/airflow/example_dags/example_external_task_marker_dag.py for tasks to queue
[2025-03-10T21:23:44.202+0000] {logging_mixin.py:190} INFO - [2025-03-10T21:23:44.202+0000] {dagbag.py:588} INFO - Filling up the DagBag from /home/airflow/.local/lib/python3.12/site-packages/airflow/example_dags/example_external_task_marker_dag.py
[2025-03-10T21:23:44.208+0000] {processor.py:925} INFO - DAG(s) 'example_external_task_marker_parent', 'example_external_task_marker_child' retrieved from /home/airflow/.local/lib/python3.12/site-packages/airflow/example_dags/example_external_task_marker_dag.py
[2025-03-10T21:23:44.225+0000] {logging_mixin.py:190} INFO - [2025-03-10T21:23:44.224+0000] {dag.py:3239} INFO - Sync 2 DAGs
[2025-03-10T21:23:44.236+0000] {logging_mixin.py:190} INFO - [2025-03-10T21:23:44.236+0000] {dag.py:4180} INFO - Setting next_dagrun for example_external_task_marker_child to None, run_after=None
[2025-03-10T21:23:44.239+0000] {logging_mixin.py:190} INFO - [2025-03-10T21:23:44.239+0000] {dag.py:4180} INFO - Setting next_dagrun for example_external_task_marker_parent to None, run_after=None
[2025-03-10T21:23:44.251+0000] {processor.py:208} INFO - Processing /home/airflow/.local/lib/python3.12/site-packages/airflow/example_dags/example_external_task_marker_dag.py took 0.057 seconds
[2025-03-10T21:24:15.252+0000] {processor.py:186} INFO - Started process (PID=2511) to work on /home/airflow/.local/lib/python3.12/site-packages/airflow/example_dags/example_external_task_marker_dag.py
[2025-03-10T21:24:15.253+0000] {processor.py:914} INFO - Processing file /home/airflow/.local/lib/python3.12/site-packages/airflow/example_dags/example_external_task_marker_dag.py for tasks to queue
[2025-03-10T21:24:15.255+0000] {logging_mixin.py:190} INFO - [2025-03-10T21:24:15.255+0000] {dagbag.py:588} INFO - Filling up the DagBag from /home/airflow/.local/lib/python3.12/site-packages/airflow/example_dags/example_external_task_marker_dag.py
[2025-03-10T21:24:15.261+0000] {processor.py:925} INFO - DAG(s) 'example_external_task_marker_child', 'example_external_task_marker_parent' retrieved from /home/airflow/.local/lib/python3.12/site-packages/airflow/example_dags/example_external_task_marker_dag.py
[2025-03-10T21:24:15.279+0000] {logging_mixin.py:190} INFO - [2025-03-10T21:24:15.278+0000] {dag.py:3239} INFO - Sync 2 DAGs
[2025-03-10T21:24:15.291+0000] {logging_mixin.py:190} INFO - [2025-03-10T21:24:15.291+0000] {dag.py:4180} INFO - Setting next_dagrun for example_external_task_marker_child to None, run_after=None
[2025-03-10T21:24:15.295+0000] {logging_mixin.py:190} INFO - [2025-03-10T21:24:15.294+0000] {dag.py:4180} INFO - Setting next_dagrun for example_external_task_marker_parent to None, run_after=None
[2025-03-10T21:24:15.309+0000] {processor.py:208} INFO - Processing /home/airflow/.local/lib/python3.12/site-packages/airflow/example_dags/example_external_task_marker_dag.py took 0.062 seconds
[2025-03-10T21:24:45.463+0000] {processor.py:186} INFO - Started process (PID=2575) to work on /home/airflow/.local/lib/python3.12/site-packages/airflow/example_dags/example_external_task_marker_dag.py
[2025-03-10T21:24:45.466+0000] {processor.py:914} INFO - Processing file /home/airflow/.local/lib/python3.12/site-packages/airflow/example_dags/example_external_task_marker_dag.py for tasks to queue
[2025-03-10T21:24:45.468+0000] {logging_mixin.py:190} INFO - [2025-03-10T21:24:45.468+0000] {dagbag.py:588} INFO - Filling up the DagBag from /home/airflow/.local/lib/python3.12/site-packages/airflow/example_dags/example_external_task_marker_dag.py
[2025-03-10T21:24:45.474+0000] {processor.py:925} INFO - DAG(s) 'example_external_task_marker_child', 'example_external_task_marker_parent' retrieved from /home/airflow/.local/lib/python3.12/site-packages/airflow/example_dags/example_external_task_marker_dag.py
[2025-03-10T21:24:45.491+0000] {logging_mixin.py:190} INFO - [2025-03-10T21:24:45.491+0000] {dag.py:3239} INFO - Sync 2 DAGs
[2025-03-10T21:24:45.503+0000] {logging_mixin.py:190} INFO - [2025-03-10T21:24:45.502+0000] {dag.py:4180} INFO - Setting next_dagrun for example_external_task_marker_child to None, run_after=None
[2025-03-10T21:24:45.505+0000] {logging_mixin.py:190} INFO - [2025-03-10T21:24:45.505+0000] {dag.py:4180} INFO - Setting next_dagrun for example_external_task_marker_parent to None, run_after=None
[2025-03-10T21:24:45.519+0000] {processor.py:208} INFO - Processing /home/airflow/.local/lib/python3.12/site-packages/airflow/example_dags/example_external_task_marker_dag.py took 0.061 seconds
[2025-03-10T21:25:15.741+0000] {processor.py:186} INFO - Started process (PID=2639) to work on /home/airflow/.local/lib/python3.12/site-packages/airflow/example_dags/example_external_task_marker_dag.py
[2025-03-10T21:25:15.742+0000] {processor.py:914} INFO - Processing file /home/airflow/.local/lib/python3.12/site-packages/airflow/example_dags/example_external_task_marker_dag.py for tasks to queue
[2025-03-10T21:25:15.744+0000] {logging_mixin.py:190} INFO - [2025-03-10T21:25:15.744+0000] {dagbag.py:588} INFO - Filling up the DagBag from /home/airflow/.local/lib/python3.12/site-packages/airflow/example_dags/example_external_task_marker_dag.py
[2025-03-10T21:25:15.752+0000] {processor.py:925} INFO - DAG(s) 'example_external_task_marker_parent', 'example_external_task_marker_child' retrieved from /home/airflow/.local/lib/python3.12/site-packages/airflow/example_dags/example_external_task_marker_dag.py
[2025-03-10T21:25:15.771+0000] {logging_mixin.py:190} INFO - [2025-03-10T21:25:15.771+0000] {dag.py:3239} INFO - Sync 2 DAGs
[2025-03-10T21:25:15.784+0000] {logging_mixin.py:190} INFO - [2025-03-10T21:25:15.783+0000] {dag.py:4180} INFO - Setting next_dagrun for example_external_task_marker_child to None, run_after=None
[2025-03-10T21:25:15.787+0000] {logging_mixin.py:190} INFO - [2025-03-10T21:25:15.787+0000] {dag.py:4180} INFO - Setting next_dagrun for example_external_task_marker_parent to None, run_after=None
[2025-03-10T21:25:15.802+0000] {processor.py:208} INFO - Processing /home/airflow/.local/lib/python3.12/site-packages/airflow/example_dags/example_external_task_marker_dag.py took 0.065 seconds
[2025-03-10T21:25:46.568+0000] {processor.py:186} INFO - Started process (PID=2703) to work on /home/airflow/.local/lib/python3.12/site-packages/airflow/example_dags/example_external_task_marker_dag.py
[2025-03-10T21:25:46.569+0000] {processor.py:914} INFO - Processing file /home/airflow/.local/lib/python3.12/site-packages/airflow/example_dags/example_external_task_marker_dag.py for tasks to queue
[2025-03-10T21:25:46.571+0000] {logging_mixin.py:190} INFO - [2025-03-10T21:25:46.571+0000] {dagbag.py:588} INFO - Filling up the DagBag from /home/airflow/.local/lib/python3.12/site-packages/airflow/example_dags/example_external_task_marker_dag.py
[2025-03-10T21:25:46.579+0000] {processor.py:925} INFO - DAG(s) 'example_external_task_marker_child', 'example_external_task_marker_parent' retrieved from /home/airflow/.local/lib/python3.12/site-packages/airflow/example_dags/example_external_task_marker_dag.py
[2025-03-10T21:25:46.601+0000] {logging_mixin.py:190} INFO - [2025-03-10T21:25:46.601+0000] {dag.py:3239} INFO - Sync 2 DAGs
[2025-03-10T21:25:46.619+0000] {logging_mixin.py:190} INFO - [2025-03-10T21:25:46.619+0000] {dag.py:4180} INFO - Setting next_dagrun for example_external_task_marker_child to None, run_after=None
[2025-03-10T21:25:46.623+0000] {logging_mixin.py:190} INFO - [2025-03-10T21:25:46.623+0000] {dag.py:4180} INFO - Setting next_dagrun for example_external_task_marker_parent to None, run_after=None
[2025-03-10T21:25:46.640+0000] {processor.py:208} INFO - Processing /home/airflow/.local/lib/python3.12/site-packages/airflow/example_dags/example_external_task_marker_dag.py took 0.078 seconds
[2025-03-10T21:26:17.247+0000] {processor.py:186} INFO - Started process (PID=2768) to work on /home/airflow/.local/lib/python3.12/site-packages/airflow/example_dags/example_external_task_marker_dag.py
[2025-03-10T21:26:17.248+0000] {processor.py:914} INFO - Processing file /home/airflow/.local/lib/python3.12/site-packages/airflow/example_dags/example_external_task_marker_dag.py for tasks to queue
[2025-03-10T21:26:17.250+0000] {logging_mixin.py:190} INFO - [2025-03-10T21:26:17.250+0000] {dagbag.py:588} INFO - Filling up the DagBag from /home/airflow/.local/lib/python3.12/site-packages/airflow/example_dags/example_external_task_marker_dag.py
[2025-03-10T21:26:17.257+0000] {processor.py:925} INFO - DAG(s) 'example_external_task_marker_child', 'example_external_task_marker_parent' retrieved from /home/airflow/.local/lib/python3.12/site-packages/airflow/example_dags/example_external_task_marker_dag.py
[2025-03-10T21:26:17.276+0000] {logging_mixin.py:190} INFO - [2025-03-10T21:26:17.276+0000] {dag.py:3239} INFO - Sync 2 DAGs
[2025-03-10T21:26:17.290+0000] {logging_mixin.py:190} INFO - [2025-03-10T21:26:17.290+0000] {dag.py:4180} INFO - Setting next_dagrun for example_external_task_marker_child to None, run_after=None
[2025-03-10T21:26:17.293+0000] {logging_mixin.py:190} INFO - [2025-03-10T21:26:17.293+0000] {dag.py:4180} INFO - Setting next_dagrun for example_external_task_marker_parent to None, run_after=None
[2025-03-10T21:26:17.306+0000] {processor.py:208} INFO - Processing /home/airflow/.local/lib/python3.12/site-packages/airflow/example_dags/example_external_task_marker_dag.py took 0.064 seconds
[2025-03-10T21:26:48.234+0000] {processor.py:186} INFO - Started process (PID=2833) to work on /home/airflow/.local/lib/python3.12/site-packages/airflow/example_dags/example_external_task_marker_dag.py
[2025-03-10T21:26:48.235+0000] {processor.py:914} INFO - Processing file /home/airflow/.local/lib/python3.12/site-packages/airflow/example_dags/example_external_task_marker_dag.py for tasks to queue
[2025-03-10T21:26:48.237+0000] {logging_mixin.py:190} INFO - [2025-03-10T21:26:48.237+0000] {dagbag.py:588} INFO - Filling up the DagBag from /home/airflow/.local/lib/python3.12/site-packages/airflow/example_dags/example_external_task_marker_dag.py
[2025-03-10T21:26:48.244+0000] {processor.py:925} INFO - DAG(s) 'example_external_task_marker_parent', 'example_external_task_marker_child' retrieved from /home/airflow/.local/lib/python3.12/site-packages/airflow/example_dags/example_external_task_marker_dag.py
[2025-03-10T21:26:48.261+0000] {logging_mixin.py:190} INFO - [2025-03-10T21:26:48.261+0000] {dag.py:3239} INFO - Sync 2 DAGs
[2025-03-10T21:26:48.275+0000] {logging_mixin.py:190} INFO - [2025-03-10T21:26:48.274+0000] {dag.py:4180} INFO - Setting next_dagrun for example_external_task_marker_child to None, run_after=None
[2025-03-10T21:26:48.278+0000] {logging_mixin.py:190} INFO - [2025-03-10T21:26:48.278+0000] {dag.py:4180} INFO - Setting next_dagrun for example_external_task_marker_parent to None, run_after=None
[2025-03-10T21:26:48.296+0000] {processor.py:208} INFO - Processing /home/airflow/.local/lib/python3.12/site-packages/airflow/example_dags/example_external_task_marker_dag.py took 0.067 seconds
[2025-03-10T21:27:18.558+0000] {processor.py:186} INFO - Started process (PID=2897) to work on /home/airflow/.local/lib/python3.12/site-packages/airflow/example_dags/example_external_task_marker_dag.py
[2025-03-10T21:27:18.559+0000] {processor.py:914} INFO - Processing file /home/airflow/.local/lib/python3.12/site-packages/airflow/example_dags/example_external_task_marker_dag.py for tasks to queue
[2025-03-10T21:27:18.561+0000] {logging_mixin.py:190} INFO - [2025-03-10T21:27:18.561+0000] {dagbag.py:588} INFO - Filling up the DagBag from /home/airflow/.local/lib/python3.12/site-packages/airflow/example_dags/example_external_task_marker_dag.py
[2025-03-10T21:27:18.567+0000] {processor.py:925} INFO - DAG(s) 'example_external_task_marker_child', 'example_external_task_marker_parent' retrieved from /home/airflow/.local/lib/python3.12/site-packages/airflow/example_dags/example_external_task_marker_dag.py
[2025-03-10T21:27:18.585+0000] {logging_mixin.py:190} INFO - [2025-03-10T21:27:18.585+0000] {dag.py:3239} INFO - Sync 2 DAGs
[2025-03-10T21:27:18.599+0000] {logging_mixin.py:190} INFO - [2025-03-10T21:27:18.599+0000] {dag.py:4180} INFO - Setting next_dagrun for example_external_task_marker_child to None, run_after=None
[2025-03-10T21:27:18.603+0000] {logging_mixin.py:190} INFO - [2025-03-10T21:27:18.603+0000] {dag.py:4180} INFO - Setting next_dagrun for example_external_task_marker_parent to None, run_after=None
[2025-03-10T21:27:18.625+0000] {processor.py:208} INFO - Processing /home/airflow/.local/lib/python3.12/site-packages/airflow/example_dags/example_external_task_marker_dag.py took 0.071 seconds
[2025-03-10T21:28:32.124+0000] {processor.py:186} INFO - Started process (PID=2973) to work on /home/airflow/.local/lib/python3.12/site-packages/airflow/example_dags/example_external_task_marker_dag.py
[2025-03-10T21:28:32.125+0000] {processor.py:914} INFO - Processing file /home/airflow/.local/lib/python3.12/site-packages/airflow/example_dags/example_external_task_marker_dag.py for tasks to queue
[2025-03-10T21:28:32.126+0000] {logging_mixin.py:190} INFO - [2025-03-10T21:28:32.126+0000] {dagbag.py:588} INFO - Filling up the DagBag from /home/airflow/.local/lib/python3.12/site-packages/airflow/example_dags/example_external_task_marker_dag.py
[2025-03-10T21:28:32.135+0000] {processor.py:925} INFO - DAG(s) 'example_external_task_marker_parent', 'example_external_task_marker_child' retrieved from /home/airflow/.local/lib/python3.12/site-packages/airflow/example_dags/example_external_task_marker_dag.py
[2025-03-10T21:28:32.172+0000] {logging_mixin.py:190} INFO - [2025-03-10T21:28:32.172+0000] {dag.py:3239} INFO - Sync 2 DAGs
[2025-03-10T21:28:32.262+0000] {logging_mixin.py:190} INFO - [2025-03-10T21:28:32.261+0000] {dag.py:4180} INFO - Setting next_dagrun for example_external_task_marker_child to None, run_after=None
[2025-03-10T21:28:32.276+0000] {logging_mixin.py:190} INFO - [2025-03-10T21:28:32.276+0000] {dag.py:4180} INFO - Setting next_dagrun for example_external_task_marker_parent to None, run_after=None
[2025-03-10T21:28:32.379+0000] {processor.py:208} INFO - Processing /home/airflow/.local/lib/python3.12/site-packages/airflow/example_dags/example_external_task_marker_dag.py took 0.260 seconds
[2025-03-10T21:29:02.469+0000] {processor.py:186} INFO - Started process (PID=3037) to work on /home/airflow/.local/lib/python3.12/site-packages/airflow/example_dags/example_external_task_marker_dag.py
[2025-03-10T21:29:02.470+0000] {processor.py:914} INFO - Processing file /home/airflow/.local/lib/python3.12/site-packages/airflow/example_dags/example_external_task_marker_dag.py for tasks to queue
[2025-03-10T21:29:02.472+0000] {logging_mixin.py:190} INFO - [2025-03-10T21:29:02.472+0000] {dagbag.py:588} INFO - Filling up the DagBag from /home/airflow/.local/lib/python3.12/site-packages/airflow/example_dags/example_external_task_marker_dag.py
[2025-03-10T21:29:02.485+0000] {processor.py:925} INFO - DAG(s) 'example_external_task_marker_parent', 'example_external_task_marker_child' retrieved from /home/airflow/.local/lib/python3.12/site-packages/airflow/example_dags/example_external_task_marker_dag.py
[2025-03-10T21:29:02.525+0000] {logging_mixin.py:190} INFO - [2025-03-10T21:29:02.525+0000] {dag.py:3239} INFO - Sync 2 DAGs
[2025-03-10T21:29:02.547+0000] {logging_mixin.py:190} INFO - [2025-03-10T21:29:02.547+0000] {dag.py:4180} INFO - Setting next_dagrun for example_external_task_marker_child to None, run_after=None
[2025-03-10T21:29:02.552+0000] {logging_mixin.py:190} INFO - [2025-03-10T21:29:02.551+0000] {dag.py:4180} INFO - Setting next_dagrun for example_external_task_marker_parent to None, run_after=None
[2025-03-10T21:29:02.570+0000] {processor.py:208} INFO - Processing /home/airflow/.local/lib/python3.12/site-packages/airflow/example_dags/example_external_task_marker_dag.py took 0.106 seconds
[2025-03-10T21:29:33.161+0000] {processor.py:186} INFO - Started process (PID=3101) to work on /home/airflow/.local/lib/python3.12/site-packages/airflow/example_dags/example_external_task_marker_dag.py
[2025-03-10T21:29:33.162+0000] {processor.py:914} INFO - Processing file /home/airflow/.local/lib/python3.12/site-packages/airflow/example_dags/example_external_task_marker_dag.py for tasks to queue
[2025-03-10T21:29:33.164+0000] {logging_mixin.py:190} INFO - [2025-03-10T21:29:33.164+0000] {dagbag.py:588} INFO - Filling up the DagBag from /home/airflow/.local/lib/python3.12/site-packages/airflow/example_dags/example_external_task_marker_dag.py
[2025-03-10T21:29:33.171+0000] {processor.py:925} INFO - DAG(s) 'example_external_task_marker_parent', 'example_external_task_marker_child' retrieved from /home/airflow/.local/lib/python3.12/site-packages/airflow/example_dags/example_external_task_marker_dag.py
[2025-03-10T21:29:33.191+0000] {logging_mixin.py:190} INFO - [2025-03-10T21:29:33.190+0000] {dag.py:3239} INFO - Sync 2 DAGs
[2025-03-10T21:29:33.204+0000] {logging_mixin.py:190} INFO - [2025-03-10T21:29:33.203+0000] {dag.py:4180} INFO - Setting next_dagrun for example_external_task_marker_child to None, run_after=None
[2025-03-10T21:29:33.207+0000] {logging_mixin.py:190} INFO - [2025-03-10T21:29:33.207+0000] {dag.py:4180} INFO - Setting next_dagrun for example_external_task_marker_parent to None, run_after=None
[2025-03-10T21:29:33.221+0000] {processor.py:208} INFO - Processing /home/airflow/.local/lib/python3.12/site-packages/airflow/example_dags/example_external_task_marker_dag.py took 0.065 seconds
[2025-03-10T21:30:03.679+0000] {processor.py:186} INFO - Started process (PID=3165) to work on /home/airflow/.local/lib/python3.12/site-packages/airflow/example_dags/example_external_task_marker_dag.py
[2025-03-10T21:30:03.680+0000] {processor.py:914} INFO - Processing file /home/airflow/.local/lib/python3.12/site-packages/airflow/example_dags/example_external_task_marker_dag.py for tasks to queue
[2025-03-10T21:30:03.684+0000] {logging_mixin.py:190} INFO - [2025-03-10T21:30:03.684+0000] {dagbag.py:588} INFO - Filling up the DagBag from /home/airflow/.local/lib/python3.12/site-packages/airflow/example_dags/example_external_task_marker_dag.py
[2025-03-10T21:30:03.703+0000] {processor.py:925} INFO - DAG(s) 'example_external_task_marker_child', 'example_external_task_marker_parent' retrieved from /home/airflow/.local/lib/python3.12/site-packages/airflow/example_dags/example_external_task_marker_dag.py
[2025-03-10T21:30:03.771+0000] {logging_mixin.py:190} INFO - [2025-03-10T21:30:03.770+0000] {dag.py:3239} INFO - Sync 2 DAGs
[2025-03-10T21:30:03.820+0000] {logging_mixin.py:190} INFO - [2025-03-10T21:30:03.820+0000] {dag.py:4180} INFO - Setting next_dagrun for example_external_task_marker_child to None, run_after=None
[2025-03-10T21:30:03.828+0000] {logging_mixin.py:190} INFO - [2025-03-10T21:30:03.828+0000] {dag.py:4180} INFO - Setting next_dagrun for example_external_task_marker_parent to None, run_after=None
[2025-03-10T21:30:03.857+0000] {processor.py:208} INFO - Processing /home/airflow/.local/lib/python3.12/site-packages/airflow/example_dags/example_external_task_marker_dag.py took 0.193 seconds
[2025-03-10T21:30:34.338+0000] {processor.py:186} INFO - Started process (PID=3228) to work on /home/airflow/.local/lib/python3.12/site-packages/airflow/example_dags/example_external_task_marker_dag.py
[2025-03-10T21:30:34.338+0000] {processor.py:914} INFO - Processing file /home/airflow/.local/lib/python3.12/site-packages/airflow/example_dags/example_external_task_marker_dag.py for tasks to queue
[2025-03-10T21:30:34.341+0000] {logging_mixin.py:190} INFO - [2025-03-10T21:30:34.340+0000] {dagbag.py:588} INFO - Filling up the DagBag from /home/airflow/.local/lib/python3.12/site-packages/airflow/example_dags/example_external_task_marker_dag.py
[2025-03-10T21:30:34.349+0000] {processor.py:925} INFO - DAG(s) 'example_external_task_marker_parent', 'example_external_task_marker_child' retrieved from /home/airflow/.local/lib/python3.12/site-packages/airflow/example_dags/example_external_task_marker_dag.py
[2025-03-10T21:30:34.380+0000] {logging_mixin.py:190} INFO - [2025-03-10T21:30:34.379+0000] {dag.py:3239} INFO - Sync 2 DAGs
[2025-03-10T21:30:34.398+0000] {logging_mixin.py:190} INFO - [2025-03-10T21:30:34.398+0000] {dag.py:4180} INFO - Setting next_dagrun for example_external_task_marker_child to None, run_after=None
[2025-03-10T21:30:34.402+0000] {logging_mixin.py:190} INFO - [2025-03-10T21:30:34.402+0000] {dag.py:4180} INFO - Setting next_dagrun for example_external_task_marker_parent to None, run_after=None
[2025-03-10T21:30:34.423+0000] {processor.py:208} INFO - Processing /home/airflow/.local/lib/python3.12/site-packages/airflow/example_dags/example_external_task_marker_dag.py took 0.090 seconds
[2025-03-10T21:31:05.364+0000] {processor.py:186} INFO - Started process (PID=3292) to work on /home/airflow/.local/lib/python3.12/site-packages/airflow/example_dags/example_external_task_marker_dag.py
[2025-03-10T21:31:05.366+0000] {processor.py:914} INFO - Processing file /home/airflow/.local/lib/python3.12/site-packages/airflow/example_dags/example_external_task_marker_dag.py for tasks to queue
[2025-03-10T21:31:05.369+0000] {logging_mixin.py:190} INFO - [2025-03-10T21:31:05.369+0000] {dagbag.py:588} INFO - Filling up the DagBag from /home/airflow/.local/lib/python3.12/site-packages/airflow/example_dags/example_external_task_marker_dag.py
[2025-03-10T21:31:05.381+0000] {processor.py:925} INFO - DAG(s) 'example_external_task_marker_child', 'example_external_task_marker_parent' retrieved from /home/airflow/.local/lib/python3.12/site-packages/airflow/example_dags/example_external_task_marker_dag.py
[2025-03-10T21:31:05.426+0000] {logging_mixin.py:190} INFO - [2025-03-10T21:31:05.425+0000] {dag.py:3239} INFO - Sync 2 DAGs
[2025-03-10T21:31:05.467+0000] {logging_mixin.py:190} INFO - [2025-03-10T21:31:05.466+0000] {dag.py:4180} INFO - Setting next_dagrun for example_external_task_marker_child to None, run_after=None
[2025-03-10T21:31:05.481+0000] {logging_mixin.py:190} INFO - [2025-03-10T21:31:05.481+0000] {dag.py:4180} INFO - Setting next_dagrun for example_external_task_marker_parent to None, run_after=None
[2025-03-10T21:31:05.550+0000] {processor.py:208} INFO - Processing /home/airflow/.local/lib/python3.12/site-packages/airflow/example_dags/example_external_task_marker_dag.py took 0.195 seconds
[2025-03-10T21:31:50.951+0000] {processor.py:186} INFO - Started process (PID=3353) to work on /home/airflow/.local/lib/python3.12/site-packages/airflow/example_dags/example_external_task_marker_dag.py
[2025-03-10T21:31:50.953+0000] {processor.py:914} INFO - Processing file /home/airflow/.local/lib/python3.12/site-packages/airflow/example_dags/example_external_task_marker_dag.py for tasks to queue
[2025-03-10T21:31:50.957+0000] {logging_mixin.py:190} INFO - [2025-03-10T21:31:50.956+0000] {dagbag.py:588} INFO - Filling up the DagBag from /home/airflow/.local/lib/python3.12/site-packages/airflow/example_dags/example_external_task_marker_dag.py
[2025-03-10T21:31:50.972+0000] {processor.py:925} INFO - DAG(s) 'example_external_task_marker_parent', 'example_external_task_marker_child' retrieved from /home/airflow/.local/lib/python3.12/site-packages/airflow/example_dags/example_external_task_marker_dag.py
[2025-03-10T21:31:51.007+0000] {logging_mixin.py:190} INFO - [2025-03-10T21:31:51.007+0000] {dag.py:3239} INFO - Sync 2 DAGs
[2025-03-10T21:31:51.028+0000] {logging_mixin.py:190} INFO - [2025-03-10T21:31:51.027+0000] {dag.py:4180} INFO - Setting next_dagrun for example_external_task_marker_child to None, run_after=None
[2025-03-10T21:31:51.033+0000] {logging_mixin.py:190} INFO - [2025-03-10T21:31:51.032+0000] {dag.py:4180} INFO - Setting next_dagrun for example_external_task_marker_parent to None, run_after=None
[2025-03-10T21:31:51.053+0000] {processor.py:208} INFO - Processing /home/airflow/.local/lib/python3.12/site-packages/airflow/example_dags/example_external_task_marker_dag.py took 0.116 seconds
[2025-03-10T21:32:37.653+0000] {processor.py:186} INFO - Started process (PID=3420) to work on /home/airflow/.local/lib/python3.12/site-packages/airflow/example_dags/example_external_task_marker_dag.py
[2025-03-10T21:32:37.656+0000] {processor.py:914} INFO - Processing file /home/airflow/.local/lib/python3.12/site-packages/airflow/example_dags/example_external_task_marker_dag.py for tasks to queue
[2025-03-10T21:32:37.658+0000] {logging_mixin.py:190} INFO - [2025-03-10T21:32:37.657+0000] {dagbag.py:588} INFO - Filling up the DagBag from /home/airflow/.local/lib/python3.12/site-packages/airflow/example_dags/example_external_task_marker_dag.py
[2025-03-10T21:32:37.664+0000] {processor.py:925} INFO - DAG(s) 'example_external_task_marker_parent', 'example_external_task_marker_child' retrieved from /home/airflow/.local/lib/python3.12/site-packages/airflow/example_dags/example_external_task_marker_dag.py
[2025-03-10T21:32:37.683+0000] {logging_mixin.py:190} INFO - [2025-03-10T21:32:37.683+0000] {dag.py:3239} INFO - Sync 2 DAGs
[2025-03-10T21:32:37.695+0000] {logging_mixin.py:190} INFO - [2025-03-10T21:32:37.695+0000] {dag.py:4180} INFO - Setting next_dagrun for example_external_task_marker_child to None, run_after=None
[2025-03-10T21:32:37.698+0000] {logging_mixin.py:190} INFO - [2025-03-10T21:32:37.698+0000] {dag.py:4180} INFO - Setting next_dagrun for example_external_task_marker_parent to None, run_after=None
[2025-03-10T21:32:37.711+0000] {processor.py:208} INFO - Processing /home/airflow/.local/lib/python3.12/site-packages/airflow/example_dags/example_external_task_marker_dag.py took 0.063 seconds
[2025-03-10T21:36:29.019+0000] {processor.py:186} INFO - Started process (PID=85) to work on /home/airflow/.local/lib/python3.12/site-packages/airflow/example_dags/example_external_task_marker_dag.py
[2025-03-10T21:36:29.022+0000] {processor.py:914} INFO - Processing file /home/airflow/.local/lib/python3.12/site-packages/airflow/example_dags/example_external_task_marker_dag.py for tasks to queue
[2025-03-10T21:36:29.026+0000] {logging_mixin.py:190} INFO - [2025-03-10T21:36:29.026+0000] {dagbag.py:588} INFO - Filling up the DagBag from /home/airflow/.local/lib/python3.12/site-packages/airflow/example_dags/example_external_task_marker_dag.py
[2025-03-10T21:36:29.039+0000] {processor.py:925} INFO - DAG(s) 'example_external_task_marker_child', 'example_external_task_marker_parent' retrieved from /home/airflow/.local/lib/python3.12/site-packages/airflow/example_dags/example_external_task_marker_dag.py
[2025-03-10T21:36:29.069+0000] {logging_mixin.py:190} INFO - [2025-03-10T21:36:29.068+0000] {dag.py:3239} INFO - Sync 2 DAGs
[2025-03-10T21:36:29.087+0000] {logging_mixin.py:190} INFO - [2025-03-10T21:36:29.086+0000] {dag.py:4180} INFO - Setting next_dagrun for example_external_task_marker_child to None, run_after=None
[2025-03-10T21:36:29.092+0000] {logging_mixin.py:190} INFO - [2025-03-10T21:36:29.092+0000] {dag.py:4180} INFO - Setting next_dagrun for example_external_task_marker_parent to None, run_after=None
[2025-03-10T21:36:29.126+0000] {processor.py:208} INFO - Processing /home/airflow/.local/lib/python3.12/site-packages/airflow/example_dags/example_external_task_marker_dag.py took 0.116 seconds
