[2025-03-10T21:04:47.892+0000] {processor.py:186} INFO - Started process (PID=73) to work on /home/airflow/.local/lib/python3.12/site-packages/airflow/example_dags/example_bash_operator.py
[2025-03-10T21:04:47.893+0000] {processor.py:914} INFO - Processing file /home/airflow/.local/lib/python3.12/site-packages/airflow/example_dags/example_bash_operator.py for tasks to queue
[2025-03-10T21:04:47.895+0000] {logging_mixin.py:190} INFO - [2025-03-10T21:04:47.895+0000] {dagbag.py:588} INFO - Filling up the DagBag from /home/airflow/.local/lib/python3.12/site-packages/airflow/example_dags/example_bash_operator.py
[2025-03-10T21:04:47.908+0000] {processor.py:925} INFO - DAG(s) 'example_bash_operator' retrieved from /home/airflow/.local/lib/python3.12/site-packages/airflow/example_dags/example_bash_operator.py
[2025-03-10T21:04:47.935+0000] {logging_mixin.py:190} INFO - [2025-03-10T21:04:47.934+0000] {dag.py:3239} INFO - Sync 1 DAGs
[2025-03-10T21:04:47.959+0000] {logging_mixin.py:190} INFO - [2025-03-10T21:04:47.959+0000] {dag.py:4180} INFO - Setting next_dagrun for example_bash_operator to 2025-03-09 00:00:00+00:00, run_after=2025-03-10 00:00:00+00:00
[2025-03-10T21:04:47.977+0000] {processor.py:208} INFO - Processing /home/airflow/.local/lib/python3.12/site-packages/airflow/example_dags/example_bash_operator.py took 0.090 seconds
[2025-03-10T21:05:18.804+0000] {processor.py:186} INFO - Started process (PID=143) to work on /home/airflow/.local/lib/python3.12/site-packages/airflow/example_dags/example_bash_operator.py
[2025-03-10T21:05:18.805+0000] {processor.py:914} INFO - Processing file /home/airflow/.local/lib/python3.12/site-packages/airflow/example_dags/example_bash_operator.py for tasks to queue
[2025-03-10T21:05:18.807+0000] {logging_mixin.py:190} INFO - [2025-03-10T21:05:18.807+0000] {dagbag.py:588} INFO - Filling up the DagBag from /home/airflow/.local/lib/python3.12/site-packages/airflow/example_dags/example_bash_operator.py
[2025-03-10T21:05:18.818+0000] {processor.py:925} INFO - DAG(s) 'example_bash_operator' retrieved from /home/airflow/.local/lib/python3.12/site-packages/airflow/example_dags/example_bash_operator.py
[2025-03-10T21:05:18.841+0000] {logging_mixin.py:190} INFO - [2025-03-10T21:05:18.840+0000] {dag.py:3239} INFO - Sync 1 DAGs
[2025-03-10T21:05:18.862+0000] {logging_mixin.py:190} INFO - [2025-03-10T21:05:18.861+0000] {dag.py:4180} INFO - Setting next_dagrun for example_bash_operator to 2025-03-09 00:00:00+00:00, run_after=2025-03-10 00:00:00+00:00
[2025-03-10T21:05:18.877+0000] {processor.py:208} INFO - Processing /home/airflow/.local/lib/python3.12/site-packages/airflow/example_dags/example_bash_operator.py took 0.079 seconds
[2025-03-10T21:05:49.920+0000] {processor.py:186} INFO - Started process (PID=207) to work on /home/airflow/.local/lib/python3.12/site-packages/airflow/example_dags/example_bash_operator.py
[2025-03-10T21:05:49.921+0000] {processor.py:914} INFO - Processing file /home/airflow/.local/lib/python3.12/site-packages/airflow/example_dags/example_bash_operator.py for tasks to queue
[2025-03-10T21:05:49.923+0000] {logging_mixin.py:190} INFO - [2025-03-10T21:05:49.922+0000] {dagbag.py:588} INFO - Filling up the DagBag from /home/airflow/.local/lib/python3.12/site-packages/airflow/example_dags/example_bash_operator.py
[2025-03-10T21:05:49.933+0000] {processor.py:925} INFO - DAG(s) 'example_bash_operator' retrieved from /home/airflow/.local/lib/python3.12/site-packages/airflow/example_dags/example_bash_operator.py
[2025-03-10T21:05:49.956+0000] {logging_mixin.py:190} INFO - [2025-03-10T21:05:49.955+0000] {dag.py:3239} INFO - Sync 1 DAGs
[2025-03-10T21:05:49.976+0000] {logging_mixin.py:190} INFO - [2025-03-10T21:05:49.976+0000] {dag.py:4180} INFO - Setting next_dagrun for example_bash_operator to 2025-03-09 00:00:00+00:00, run_after=2025-03-10 00:00:00+00:00
[2025-03-10T21:05:49.992+0000] {processor.py:208} INFO - Processing /home/airflow/.local/lib/python3.12/site-packages/airflow/example_dags/example_bash_operator.py took 0.077 seconds
[2025-03-10T21:06:20.605+0000] {processor.py:186} INFO - Started process (PID=271) to work on /home/airflow/.local/lib/python3.12/site-packages/airflow/example_dags/example_bash_operator.py
[2025-03-10T21:06:20.606+0000] {processor.py:914} INFO - Processing file /home/airflow/.local/lib/python3.12/site-packages/airflow/example_dags/example_bash_operator.py for tasks to queue
[2025-03-10T21:06:20.607+0000] {logging_mixin.py:190} INFO - [2025-03-10T21:06:20.607+0000] {dagbag.py:588} INFO - Filling up the DagBag from /home/airflow/.local/lib/python3.12/site-packages/airflow/example_dags/example_bash_operator.py
[2025-03-10T21:06:20.618+0000] {processor.py:925} INFO - DAG(s) 'example_bash_operator' retrieved from /home/airflow/.local/lib/python3.12/site-packages/airflow/example_dags/example_bash_operator.py
[2025-03-10T21:06:20.638+0000] {logging_mixin.py:190} INFO - [2025-03-10T21:06:20.638+0000] {dag.py:3239} INFO - Sync 1 DAGs
[2025-03-10T21:06:20.657+0000] {logging_mixin.py:190} INFO - [2025-03-10T21:06:20.657+0000] {dag.py:4180} INFO - Setting next_dagrun for example_bash_operator to 2025-03-09 00:00:00+00:00, run_after=2025-03-10 00:00:00+00:00
[2025-03-10T21:06:20.671+0000] {processor.py:208} INFO - Processing /home/airflow/.local/lib/python3.12/site-packages/airflow/example_dags/example_bash_operator.py took 0.070 seconds
[2025-03-10T21:06:51.675+0000] {processor.py:186} INFO - Started process (PID=335) to work on /home/airflow/.local/lib/python3.12/site-packages/airflow/example_dags/example_bash_operator.py
[2025-03-10T21:06:51.676+0000] {processor.py:914} INFO - Processing file /home/airflow/.local/lib/python3.12/site-packages/airflow/example_dags/example_bash_operator.py for tasks to queue
[2025-03-10T21:06:51.678+0000] {logging_mixin.py:190} INFO - [2025-03-10T21:06:51.678+0000] {dagbag.py:588} INFO - Filling up the DagBag from /home/airflow/.local/lib/python3.12/site-packages/airflow/example_dags/example_bash_operator.py
[2025-03-10T21:06:51.689+0000] {processor.py:925} INFO - DAG(s) 'example_bash_operator' retrieved from /home/airflow/.local/lib/python3.12/site-packages/airflow/example_dags/example_bash_operator.py
[2025-03-10T21:06:51.709+0000] {logging_mixin.py:190} INFO - [2025-03-10T21:06:51.709+0000] {dag.py:3239} INFO - Sync 1 DAGs
[2025-03-10T21:06:51.731+0000] {logging_mixin.py:190} INFO - [2025-03-10T21:06:51.731+0000] {dag.py:4180} INFO - Setting next_dagrun for example_bash_operator to 2025-03-09 00:00:00+00:00, run_after=2025-03-10 00:00:00+00:00
[2025-03-10T21:06:51.745+0000] {processor.py:208} INFO - Processing /home/airflow/.local/lib/python3.12/site-packages/airflow/example_dags/example_bash_operator.py took 0.074 seconds
[2025-03-10T21:07:22.134+0000] {processor.py:186} INFO - Started process (PID=399) to work on /home/airflow/.local/lib/python3.12/site-packages/airflow/example_dags/example_bash_operator.py
[2025-03-10T21:07:22.135+0000] {processor.py:914} INFO - Processing file /home/airflow/.local/lib/python3.12/site-packages/airflow/example_dags/example_bash_operator.py for tasks to queue
[2025-03-10T21:07:22.137+0000] {logging_mixin.py:190} INFO - [2025-03-10T21:07:22.136+0000] {dagbag.py:588} INFO - Filling up the DagBag from /home/airflow/.local/lib/python3.12/site-packages/airflow/example_dags/example_bash_operator.py
[2025-03-10T21:07:22.147+0000] {processor.py:925} INFO - DAG(s) 'example_bash_operator' retrieved from /home/airflow/.local/lib/python3.12/site-packages/airflow/example_dags/example_bash_operator.py
[2025-03-10T21:07:22.168+0000] {logging_mixin.py:190} INFO - [2025-03-10T21:07:22.168+0000] {dag.py:3239} INFO - Sync 1 DAGs
[2025-03-10T21:07:22.188+0000] {logging_mixin.py:190} INFO - [2025-03-10T21:07:22.188+0000] {dag.py:4180} INFO - Setting next_dagrun for example_bash_operator to 2025-03-09 00:00:00+00:00, run_after=2025-03-10 00:00:00+00:00
[2025-03-10T21:07:22.202+0000] {processor.py:208} INFO - Processing /home/airflow/.local/lib/python3.12/site-packages/airflow/example_dags/example_bash_operator.py took 0.072 seconds
[2025-03-10T21:07:52.878+0000] {processor.py:186} INFO - Started process (PID=462) to work on /home/airflow/.local/lib/python3.12/site-packages/airflow/example_dags/example_bash_operator.py
[2025-03-10T21:07:52.879+0000] {processor.py:914} INFO - Processing file /home/airflow/.local/lib/python3.12/site-packages/airflow/example_dags/example_bash_operator.py for tasks to queue
[2025-03-10T21:07:52.881+0000] {logging_mixin.py:190} INFO - [2025-03-10T21:07:52.881+0000] {dagbag.py:588} INFO - Filling up the DagBag from /home/airflow/.local/lib/python3.12/site-packages/airflow/example_dags/example_bash_operator.py
[2025-03-10T21:07:52.891+0000] {processor.py:925} INFO - DAG(s) 'example_bash_operator' retrieved from /home/airflow/.local/lib/python3.12/site-packages/airflow/example_dags/example_bash_operator.py
[2025-03-10T21:07:52.911+0000] {logging_mixin.py:190} INFO - [2025-03-10T21:07:52.911+0000] {dag.py:3239} INFO - Sync 1 DAGs
[2025-03-10T21:07:52.930+0000] {logging_mixin.py:190} INFO - [2025-03-10T21:07:52.930+0000] {dag.py:4180} INFO - Setting next_dagrun for example_bash_operator to 2025-03-09 00:00:00+00:00, run_after=2025-03-10 00:00:00+00:00
[2025-03-10T21:07:52.945+0000] {processor.py:208} INFO - Processing /home/airflow/.local/lib/python3.12/site-packages/airflow/example_dags/example_bash_operator.py took 0.072 seconds
[2025-03-10T21:08:24.466+0000] {processor.py:186} INFO - Started process (PID=527) to work on /home/airflow/.local/lib/python3.12/site-packages/airflow/example_dags/example_bash_operator.py
[2025-03-10T21:08:24.466+0000] {processor.py:914} INFO - Processing file /home/airflow/.local/lib/python3.12/site-packages/airflow/example_dags/example_bash_operator.py for tasks to queue
[2025-03-10T21:08:24.468+0000] {logging_mixin.py:190} INFO - [2025-03-10T21:08:24.468+0000] {dagbag.py:588} INFO - Filling up the DagBag from /home/airflow/.local/lib/python3.12/site-packages/airflow/example_dags/example_bash_operator.py
[2025-03-10T21:08:24.478+0000] {processor.py:925} INFO - DAG(s) 'example_bash_operator' retrieved from /home/airflow/.local/lib/python3.12/site-packages/airflow/example_dags/example_bash_operator.py
[2025-03-10T21:08:24.499+0000] {logging_mixin.py:190} INFO - [2025-03-10T21:08:24.498+0000] {dag.py:3239} INFO - Sync 1 DAGs
[2025-03-10T21:08:24.517+0000] {logging_mixin.py:190} INFO - [2025-03-10T21:08:24.517+0000] {dag.py:4180} INFO - Setting next_dagrun for example_bash_operator to 2025-03-09 00:00:00+00:00, run_after=2025-03-10 00:00:00+00:00
[2025-03-10T21:08:24.531+0000] {processor.py:208} INFO - Processing /home/airflow/.local/lib/python3.12/site-packages/airflow/example_dags/example_bash_operator.py took 0.070 seconds
[2025-03-10T21:08:55.416+0000] {processor.py:186} INFO - Started process (PID=591) to work on /home/airflow/.local/lib/python3.12/site-packages/airflow/example_dags/example_bash_operator.py
[2025-03-10T21:08:55.417+0000] {processor.py:914} INFO - Processing file /home/airflow/.local/lib/python3.12/site-packages/airflow/example_dags/example_bash_operator.py for tasks to queue
[2025-03-10T21:08:55.419+0000] {logging_mixin.py:190} INFO - [2025-03-10T21:08:55.419+0000] {dagbag.py:588} INFO - Filling up the DagBag from /home/airflow/.local/lib/python3.12/site-packages/airflow/example_dags/example_bash_operator.py
[2025-03-10T21:08:55.430+0000] {processor.py:925} INFO - DAG(s) 'example_bash_operator' retrieved from /home/airflow/.local/lib/python3.12/site-packages/airflow/example_dags/example_bash_operator.py
[2025-03-10T21:08:55.453+0000] {logging_mixin.py:190} INFO - [2025-03-10T21:08:55.452+0000] {dag.py:3239} INFO - Sync 1 DAGs
[2025-03-10T21:08:55.472+0000] {logging_mixin.py:190} INFO - [2025-03-10T21:08:55.472+0000] {dag.py:4180} INFO - Setting next_dagrun for example_bash_operator to 2025-03-09 00:00:00+00:00, run_after=2025-03-10 00:00:00+00:00
[2025-03-10T21:08:55.486+0000] {processor.py:208} INFO - Processing /home/airflow/.local/lib/python3.12/site-packages/airflow/example_dags/example_bash_operator.py took 0.075 seconds
[2025-03-10T21:09:25.507+0000] {processor.py:186} INFO - Started process (PID=654) to work on /home/airflow/.local/lib/python3.12/site-packages/airflow/example_dags/example_bash_operator.py
[2025-03-10T21:09:25.508+0000] {processor.py:914} INFO - Processing file /home/airflow/.local/lib/python3.12/site-packages/airflow/example_dags/example_bash_operator.py for tasks to queue
[2025-03-10T21:09:25.510+0000] {logging_mixin.py:190} INFO - [2025-03-10T21:09:25.509+0000] {dagbag.py:588} INFO - Filling up the DagBag from /home/airflow/.local/lib/python3.12/site-packages/airflow/example_dags/example_bash_operator.py
[2025-03-10T21:09:25.520+0000] {processor.py:925} INFO - DAG(s) 'example_bash_operator' retrieved from /home/airflow/.local/lib/python3.12/site-packages/airflow/example_dags/example_bash_operator.py
[2025-03-10T21:09:25.540+0000] {logging_mixin.py:190} INFO - [2025-03-10T21:09:25.540+0000] {dag.py:3239} INFO - Sync 1 DAGs
[2025-03-10T21:09:25.558+0000] {logging_mixin.py:190} INFO - [2025-03-10T21:09:25.558+0000] {dag.py:4180} INFO - Setting next_dagrun for example_bash_operator to 2025-03-09 00:00:00+00:00, run_after=2025-03-10 00:00:00+00:00
[2025-03-10T21:09:25.572+0000] {processor.py:208} INFO - Processing /home/airflow/.local/lib/python3.12/site-packages/airflow/example_dags/example_bash_operator.py took 0.070 seconds
[2025-03-10T21:09:56.108+0000] {processor.py:186} INFO - Started process (PID=718) to work on /home/airflow/.local/lib/python3.12/site-packages/airflow/example_dags/example_bash_operator.py
[2025-03-10T21:09:56.109+0000] {processor.py:914} INFO - Processing file /home/airflow/.local/lib/python3.12/site-packages/airflow/example_dags/example_bash_operator.py for tasks to queue
[2025-03-10T21:09:56.112+0000] {logging_mixin.py:190} INFO - [2025-03-10T21:09:56.111+0000] {dagbag.py:588} INFO - Filling up the DagBag from /home/airflow/.local/lib/python3.12/site-packages/airflow/example_dags/example_bash_operator.py
[2025-03-10T21:09:56.123+0000] {processor.py:925} INFO - DAG(s) 'example_bash_operator' retrieved from /home/airflow/.local/lib/python3.12/site-packages/airflow/example_dags/example_bash_operator.py
[2025-03-10T21:09:56.151+0000] {logging_mixin.py:190} INFO - [2025-03-10T21:09:56.151+0000] {dag.py:3239} INFO - Sync 1 DAGs
[2025-03-10T21:09:56.173+0000] {logging_mixin.py:190} INFO - [2025-03-10T21:09:56.173+0000] {dag.py:4180} INFO - Setting next_dagrun for example_bash_operator to 2025-03-09 00:00:00+00:00, run_after=2025-03-10 00:00:00+00:00
[2025-03-10T21:09:56.188+0000] {processor.py:208} INFO - Processing /home/airflow/.local/lib/python3.12/site-packages/airflow/example_dags/example_bash_operator.py took 0.086 seconds
[2025-03-10T21:10:27.324+0000] {processor.py:186} INFO - Started process (PID=782) to work on /home/airflow/.local/lib/python3.12/site-packages/airflow/example_dags/example_bash_operator.py
[2025-03-10T21:10:27.325+0000] {processor.py:914} INFO - Processing file /home/airflow/.local/lib/python3.12/site-packages/airflow/example_dags/example_bash_operator.py for tasks to queue
[2025-03-10T21:10:27.328+0000] {logging_mixin.py:190} INFO - [2025-03-10T21:10:27.327+0000] {dagbag.py:588} INFO - Filling up the DagBag from /home/airflow/.local/lib/python3.12/site-packages/airflow/example_dags/example_bash_operator.py
[2025-03-10T21:10:27.339+0000] {processor.py:925} INFO - DAG(s) 'example_bash_operator' retrieved from /home/airflow/.local/lib/python3.12/site-packages/airflow/example_dags/example_bash_operator.py
[2025-03-10T21:10:27.361+0000] {logging_mixin.py:190} INFO - [2025-03-10T21:10:27.361+0000] {dag.py:3239} INFO - Sync 1 DAGs
[2025-03-10T21:10:27.380+0000] {logging_mixin.py:190} INFO - [2025-03-10T21:10:27.380+0000] {dag.py:4180} INFO - Setting next_dagrun for example_bash_operator to 2025-03-09 00:00:00+00:00, run_after=2025-03-10 00:00:00+00:00
[2025-03-10T21:10:27.395+0000] {processor.py:208} INFO - Processing /home/airflow/.local/lib/python3.12/site-packages/airflow/example_dags/example_bash_operator.py took 0.076 seconds
[2025-03-10T21:10:57.534+0000] {processor.py:186} INFO - Started process (PID=847) to work on /home/airflow/.local/lib/python3.12/site-packages/airflow/example_dags/example_bash_operator.py
[2025-03-10T21:10:57.534+0000] {processor.py:914} INFO - Processing file /home/airflow/.local/lib/python3.12/site-packages/airflow/example_dags/example_bash_operator.py for tasks to queue
[2025-03-10T21:10:57.536+0000] {logging_mixin.py:190} INFO - [2025-03-10T21:10:57.536+0000] {dagbag.py:588} INFO - Filling up the DagBag from /home/airflow/.local/lib/python3.12/site-packages/airflow/example_dags/example_bash_operator.py
[2025-03-10T21:10:57.547+0000] {processor.py:925} INFO - DAG(s) 'example_bash_operator' retrieved from /home/airflow/.local/lib/python3.12/site-packages/airflow/example_dags/example_bash_operator.py
[2025-03-10T21:10:57.566+0000] {logging_mixin.py:190} INFO - [2025-03-10T21:10:57.566+0000] {dag.py:3239} INFO - Sync 1 DAGs
[2025-03-10T21:10:57.586+0000] {logging_mixin.py:190} INFO - [2025-03-10T21:10:57.585+0000] {dag.py:4180} INFO - Setting next_dagrun for example_bash_operator to 2025-03-09 00:00:00+00:00, run_after=2025-03-10 00:00:00+00:00
[2025-03-10T21:10:57.599+0000] {processor.py:208} INFO - Processing /home/airflow/.local/lib/python3.12/site-packages/airflow/example_dags/example_bash_operator.py took 0.070 seconds
[2025-03-10T21:11:28.020+0000] {processor.py:186} INFO - Started process (PID=910) to work on /home/airflow/.local/lib/python3.12/site-packages/airflow/example_dags/example_bash_operator.py
[2025-03-10T21:11:28.020+0000] {processor.py:914} INFO - Processing file /home/airflow/.local/lib/python3.12/site-packages/airflow/example_dags/example_bash_operator.py for tasks to queue
[2025-03-10T21:11:28.022+0000] {logging_mixin.py:190} INFO - [2025-03-10T21:11:28.022+0000] {dagbag.py:588} INFO - Filling up the DagBag from /home/airflow/.local/lib/python3.12/site-packages/airflow/example_dags/example_bash_operator.py
[2025-03-10T21:11:28.033+0000] {processor.py:925} INFO - DAG(s) 'example_bash_operator' retrieved from /home/airflow/.local/lib/python3.12/site-packages/airflow/example_dags/example_bash_operator.py
[2025-03-10T21:11:28.052+0000] {logging_mixin.py:190} INFO - [2025-03-10T21:11:28.052+0000] {dag.py:3239} INFO - Sync 1 DAGs
[2025-03-10T21:11:28.071+0000] {logging_mixin.py:190} INFO - [2025-03-10T21:11:28.071+0000] {dag.py:4180} INFO - Setting next_dagrun for example_bash_operator to 2025-03-09 00:00:00+00:00, run_after=2025-03-10 00:00:00+00:00
[2025-03-10T21:11:28.084+0000] {processor.py:208} INFO - Processing /home/airflow/.local/lib/python3.12/site-packages/airflow/example_dags/example_bash_operator.py took 0.069 seconds
[2025-03-10T21:11:58.747+0000] {processor.py:186} INFO - Started process (PID=974) to work on /home/airflow/.local/lib/python3.12/site-packages/airflow/example_dags/example_bash_operator.py
[2025-03-10T21:11:58.748+0000] {processor.py:914} INFO - Processing file /home/airflow/.local/lib/python3.12/site-packages/airflow/example_dags/example_bash_operator.py for tasks to queue
[2025-03-10T21:11:58.750+0000] {logging_mixin.py:190} INFO - [2025-03-10T21:11:58.749+0000] {dagbag.py:588} INFO - Filling up the DagBag from /home/airflow/.local/lib/python3.12/site-packages/airflow/example_dags/example_bash_operator.py
[2025-03-10T21:11:58.761+0000] {processor.py:925} INFO - DAG(s) 'example_bash_operator' retrieved from /home/airflow/.local/lib/python3.12/site-packages/airflow/example_dags/example_bash_operator.py
[2025-03-10T21:11:58.782+0000] {logging_mixin.py:190} INFO - [2025-03-10T21:11:58.782+0000] {dag.py:3239} INFO - Sync 1 DAGs
[2025-03-10T21:11:58.803+0000] {logging_mixin.py:190} INFO - [2025-03-10T21:11:58.803+0000] {dag.py:4180} INFO - Setting next_dagrun for example_bash_operator to 2025-03-09 00:00:00+00:00, run_after=2025-03-10 00:00:00+00:00
[2025-03-10T21:11:58.819+0000] {processor.py:208} INFO - Processing /home/airflow/.local/lib/python3.12/site-packages/airflow/example_dags/example_bash_operator.py took 0.077 seconds
[2025-03-10T21:12:29.430+0000] {processor.py:186} INFO - Started process (PID=1038) to work on /home/airflow/.local/lib/python3.12/site-packages/airflow/example_dags/example_bash_operator.py
[2025-03-10T21:12:29.431+0000] {processor.py:914} INFO - Processing file /home/airflow/.local/lib/python3.12/site-packages/airflow/example_dags/example_bash_operator.py for tasks to queue
[2025-03-10T21:12:29.432+0000] {logging_mixin.py:190} INFO - [2025-03-10T21:12:29.432+0000] {dagbag.py:588} INFO - Filling up the DagBag from /home/airflow/.local/lib/python3.12/site-packages/airflow/example_dags/example_bash_operator.py
[2025-03-10T21:12:29.443+0000] {processor.py:925} INFO - DAG(s) 'example_bash_operator' retrieved from /home/airflow/.local/lib/python3.12/site-packages/airflow/example_dags/example_bash_operator.py
[2025-03-10T21:12:29.463+0000] {logging_mixin.py:190} INFO - [2025-03-10T21:12:29.463+0000] {dag.py:3239} INFO - Sync 1 DAGs
[2025-03-10T21:12:29.482+0000] {logging_mixin.py:190} INFO - [2025-03-10T21:12:29.482+0000] {dag.py:4180} INFO - Setting next_dagrun for example_bash_operator to 2025-03-09 00:00:00+00:00, run_after=2025-03-10 00:00:00+00:00
[2025-03-10T21:12:29.497+0000] {processor.py:208} INFO - Processing /home/airflow/.local/lib/python3.12/site-packages/airflow/example_dags/example_bash_operator.py took 0.071 seconds
[2025-03-10T21:13:00.333+0000] {processor.py:186} INFO - Started process (PID=1102) to work on /home/airflow/.local/lib/python3.12/site-packages/airflow/example_dags/example_bash_operator.py
[2025-03-10T21:13:00.333+0000] {processor.py:914} INFO - Processing file /home/airflow/.local/lib/python3.12/site-packages/airflow/example_dags/example_bash_operator.py for tasks to queue
[2025-03-10T21:13:00.335+0000] {logging_mixin.py:190} INFO - [2025-03-10T21:13:00.335+0000] {dagbag.py:588} INFO - Filling up the DagBag from /home/airflow/.local/lib/python3.12/site-packages/airflow/example_dags/example_bash_operator.py
[2025-03-10T21:13:00.345+0000] {processor.py:925} INFO - DAG(s) 'example_bash_operator' retrieved from /home/airflow/.local/lib/python3.12/site-packages/airflow/example_dags/example_bash_operator.py
[2025-03-10T21:13:00.366+0000] {logging_mixin.py:190} INFO - [2025-03-10T21:13:00.366+0000] {dag.py:3239} INFO - Sync 1 DAGs
[2025-03-10T21:13:00.384+0000] {logging_mixin.py:190} INFO - [2025-03-10T21:13:00.384+0000] {dag.py:4180} INFO - Setting next_dagrun for example_bash_operator to 2025-03-09 00:00:00+00:00, run_after=2025-03-10 00:00:00+00:00
[2025-03-10T21:13:00.398+0000] {processor.py:208} INFO - Processing /home/airflow/.local/lib/python3.12/site-packages/airflow/example_dags/example_bash_operator.py took 0.070 seconds
[2025-03-10T21:13:31.100+0000] {processor.py:186} INFO - Started process (PID=1167) to work on /home/airflow/.local/lib/python3.12/site-packages/airflow/example_dags/example_bash_operator.py
[2025-03-10T21:13:31.101+0000] {processor.py:914} INFO - Processing file /home/airflow/.local/lib/python3.12/site-packages/airflow/example_dags/example_bash_operator.py for tasks to queue
[2025-03-10T21:13:31.103+0000] {logging_mixin.py:190} INFO - [2025-03-10T21:13:31.102+0000] {dagbag.py:588} INFO - Filling up the DagBag from /home/airflow/.local/lib/python3.12/site-packages/airflow/example_dags/example_bash_operator.py
[2025-03-10T21:13:31.113+0000] {processor.py:925} INFO - DAG(s) 'example_bash_operator' retrieved from /home/airflow/.local/lib/python3.12/site-packages/airflow/example_dags/example_bash_operator.py
[2025-03-10T21:13:31.134+0000] {logging_mixin.py:190} INFO - [2025-03-10T21:13:31.133+0000] {dag.py:3239} INFO - Sync 1 DAGs
[2025-03-10T21:13:31.152+0000] {logging_mixin.py:190} INFO - [2025-03-10T21:13:31.152+0000] {dag.py:4180} INFO - Setting next_dagrun for example_bash_operator to 2025-03-09 00:00:00+00:00, run_after=2025-03-10 00:00:00+00:00
[2025-03-10T21:13:31.165+0000] {processor.py:208} INFO - Processing /home/airflow/.local/lib/python3.12/site-packages/airflow/example_dags/example_bash_operator.py took 0.070 seconds
[2025-03-10T21:14:01.931+0000] {processor.py:186} INFO - Started process (PID=1231) to work on /home/airflow/.local/lib/python3.12/site-packages/airflow/example_dags/example_bash_operator.py
[2025-03-10T21:14:01.932+0000] {processor.py:914} INFO - Processing file /home/airflow/.local/lib/python3.12/site-packages/airflow/example_dags/example_bash_operator.py for tasks to queue
[2025-03-10T21:14:01.933+0000] {logging_mixin.py:190} INFO - [2025-03-10T21:14:01.933+0000] {dagbag.py:588} INFO - Filling up the DagBag from /home/airflow/.local/lib/python3.12/site-packages/airflow/example_dags/example_bash_operator.py
[2025-03-10T21:14:01.944+0000] {processor.py:925} INFO - DAG(s) 'example_bash_operator' retrieved from /home/airflow/.local/lib/python3.12/site-packages/airflow/example_dags/example_bash_operator.py
[2025-03-10T21:14:01.964+0000] {logging_mixin.py:190} INFO - [2025-03-10T21:14:01.964+0000] {dag.py:3239} INFO - Sync 1 DAGs
[2025-03-10T21:14:01.984+0000] {logging_mixin.py:190} INFO - [2025-03-10T21:14:01.984+0000] {dag.py:4180} INFO - Setting next_dagrun for example_bash_operator to 2025-03-09 00:00:00+00:00, run_after=2025-03-10 00:00:00+00:00
[2025-03-10T21:14:01.997+0000] {processor.py:208} INFO - Processing /home/airflow/.local/lib/python3.12/site-packages/airflow/example_dags/example_bash_operator.py took 0.071 seconds
[2025-03-10T21:14:32.818+0000] {processor.py:186} INFO - Started process (PID=1295) to work on /home/airflow/.local/lib/python3.12/site-packages/airflow/example_dags/example_bash_operator.py
[2025-03-10T21:14:32.819+0000] {processor.py:914} INFO - Processing file /home/airflow/.local/lib/python3.12/site-packages/airflow/example_dags/example_bash_operator.py for tasks to queue
[2025-03-10T21:14:32.820+0000] {logging_mixin.py:190} INFO - [2025-03-10T21:14:32.820+0000] {dagbag.py:588} INFO - Filling up the DagBag from /home/airflow/.local/lib/python3.12/site-packages/airflow/example_dags/example_bash_operator.py
[2025-03-10T21:14:32.831+0000] {processor.py:925} INFO - DAG(s) 'example_bash_operator' retrieved from /home/airflow/.local/lib/python3.12/site-packages/airflow/example_dags/example_bash_operator.py
[2025-03-10T21:14:32.851+0000] {logging_mixin.py:190} INFO - [2025-03-10T21:14:32.851+0000] {dag.py:3239} INFO - Sync 1 DAGs
[2025-03-10T21:14:32.870+0000] {logging_mixin.py:190} INFO - [2025-03-10T21:14:32.870+0000] {dag.py:4180} INFO - Setting next_dagrun for example_bash_operator to 2025-03-09 00:00:00+00:00, run_after=2025-03-10 00:00:00+00:00
[2025-03-10T21:14:32.883+0000] {processor.py:208} INFO - Processing /home/airflow/.local/lib/python3.12/site-packages/airflow/example_dags/example_bash_operator.py took 0.070 seconds
[2025-03-10T21:15:03.762+0000] {processor.py:186} INFO - Started process (PID=1359) to work on /home/airflow/.local/lib/python3.12/site-packages/airflow/example_dags/example_bash_operator.py
[2025-03-10T21:15:03.763+0000] {processor.py:914} INFO - Processing file /home/airflow/.local/lib/python3.12/site-packages/airflow/example_dags/example_bash_operator.py for tasks to queue
[2025-03-10T21:15:03.765+0000] {logging_mixin.py:190} INFO - [2025-03-10T21:15:03.765+0000] {dagbag.py:588} INFO - Filling up the DagBag from /home/airflow/.local/lib/python3.12/site-packages/airflow/example_dags/example_bash_operator.py
[2025-03-10T21:15:03.776+0000] {processor.py:925} INFO - DAG(s) 'example_bash_operator' retrieved from /home/airflow/.local/lib/python3.12/site-packages/airflow/example_dags/example_bash_operator.py
[2025-03-10T21:15:03.797+0000] {logging_mixin.py:190} INFO - [2025-03-10T21:15:03.797+0000] {dag.py:3239} INFO - Sync 1 DAGs
[2025-03-10T21:15:03.818+0000] {logging_mixin.py:190} INFO - [2025-03-10T21:15:03.817+0000] {dag.py:4180} INFO - Setting next_dagrun for example_bash_operator to 2025-03-09 00:00:00+00:00, run_after=2025-03-10 00:00:00+00:00
[2025-03-10T21:15:03.833+0000] {processor.py:208} INFO - Processing /home/airflow/.local/lib/python3.12/site-packages/airflow/example_dags/example_bash_operator.py took 0.076 seconds
[2025-03-10T21:15:34.573+0000] {processor.py:186} INFO - Started process (PID=1423) to work on /home/airflow/.local/lib/python3.12/site-packages/airflow/example_dags/example_bash_operator.py
[2025-03-10T21:15:34.574+0000] {processor.py:914} INFO - Processing file /home/airflow/.local/lib/python3.12/site-packages/airflow/example_dags/example_bash_operator.py for tasks to queue
[2025-03-10T21:15:34.576+0000] {logging_mixin.py:190} INFO - [2025-03-10T21:15:34.576+0000] {dagbag.py:588} INFO - Filling up the DagBag from /home/airflow/.local/lib/python3.12/site-packages/airflow/example_dags/example_bash_operator.py
[2025-03-10T21:15:34.589+0000] {processor.py:925} INFO - DAG(s) 'example_bash_operator' retrieved from /home/airflow/.local/lib/python3.12/site-packages/airflow/example_dags/example_bash_operator.py
[2025-03-10T21:15:34.615+0000] {logging_mixin.py:190} INFO - [2025-03-10T21:15:34.614+0000] {dag.py:3239} INFO - Sync 1 DAGs
[2025-03-10T21:15:34.636+0000] {logging_mixin.py:190} INFO - [2025-03-10T21:15:34.636+0000] {dag.py:4180} INFO - Setting next_dagrun for example_bash_operator to 2025-03-09 00:00:00+00:00, run_after=2025-03-10 00:00:00+00:00
[2025-03-10T21:15:34.650+0000] {processor.py:208} INFO - Processing /home/airflow/.local/lib/python3.12/site-packages/airflow/example_dags/example_bash_operator.py took 0.082 seconds
[2025-03-10T21:16:05.282+0000] {processor.py:186} INFO - Started process (PID=1487) to work on /home/airflow/.local/lib/python3.12/site-packages/airflow/example_dags/example_bash_operator.py
[2025-03-10T21:16:05.283+0000] {processor.py:914} INFO - Processing file /home/airflow/.local/lib/python3.12/site-packages/airflow/example_dags/example_bash_operator.py for tasks to queue
[2025-03-10T21:16:05.285+0000] {logging_mixin.py:190} INFO - [2025-03-10T21:16:05.285+0000] {dagbag.py:588} INFO - Filling up the DagBag from /home/airflow/.local/lib/python3.12/site-packages/airflow/example_dags/example_bash_operator.py
[2025-03-10T21:16:05.295+0000] {processor.py:925} INFO - DAG(s) 'example_bash_operator' retrieved from /home/airflow/.local/lib/python3.12/site-packages/airflow/example_dags/example_bash_operator.py
[2025-03-10T21:16:05.316+0000] {logging_mixin.py:190} INFO - [2025-03-10T21:16:05.316+0000] {dag.py:3239} INFO - Sync 1 DAGs
[2025-03-10T21:16:05.337+0000] {logging_mixin.py:190} INFO - [2025-03-10T21:16:05.336+0000] {dag.py:4180} INFO - Setting next_dagrun for example_bash_operator to 2025-03-09 00:00:00+00:00, run_after=2025-03-10 00:00:00+00:00
[2025-03-10T21:16:05.351+0000] {processor.py:208} INFO - Processing /home/airflow/.local/lib/python3.12/site-packages/airflow/example_dags/example_bash_operator.py took 0.073 seconds
[2025-03-10T21:16:36.097+0000] {processor.py:186} INFO - Started process (PID=1551) to work on /home/airflow/.local/lib/python3.12/site-packages/airflow/example_dags/example_bash_operator.py
[2025-03-10T21:16:36.098+0000] {processor.py:914} INFO - Processing file /home/airflow/.local/lib/python3.12/site-packages/airflow/example_dags/example_bash_operator.py for tasks to queue
[2025-03-10T21:16:36.099+0000] {logging_mixin.py:190} INFO - [2025-03-10T21:16:36.099+0000] {dagbag.py:588} INFO - Filling up the DagBag from /home/airflow/.local/lib/python3.12/site-packages/airflow/example_dags/example_bash_operator.py
[2025-03-10T21:16:36.110+0000] {processor.py:925} INFO - DAG(s) 'example_bash_operator' retrieved from /home/airflow/.local/lib/python3.12/site-packages/airflow/example_dags/example_bash_operator.py
[2025-03-10T21:16:36.130+0000] {logging_mixin.py:190} INFO - [2025-03-10T21:16:36.129+0000] {dag.py:3239} INFO - Sync 1 DAGs
[2025-03-10T21:16:36.148+0000] {logging_mixin.py:190} INFO - [2025-03-10T21:16:36.148+0000] {dag.py:4180} INFO - Setting next_dagrun for example_bash_operator to 2025-03-09 00:00:00+00:00, run_after=2025-03-10 00:00:00+00:00
[2025-03-10T21:16:36.163+0000] {processor.py:208} INFO - Processing /home/airflow/.local/lib/python3.12/site-packages/airflow/example_dags/example_bash_operator.py took 0.071 seconds
[2025-03-10T21:17:06.694+0000] {processor.py:186} INFO - Started process (PID=1615) to work on /home/airflow/.local/lib/python3.12/site-packages/airflow/example_dags/example_bash_operator.py
[2025-03-10T21:17:06.695+0000] {processor.py:914} INFO - Processing file /home/airflow/.local/lib/python3.12/site-packages/airflow/example_dags/example_bash_operator.py for tasks to queue
[2025-03-10T21:17:06.698+0000] {logging_mixin.py:190} INFO - [2025-03-10T21:17:06.698+0000] {dagbag.py:588} INFO - Filling up the DagBag from /home/airflow/.local/lib/python3.12/site-packages/airflow/example_dags/example_bash_operator.py
[2025-03-10T21:17:06.710+0000] {processor.py:925} INFO - DAG(s) 'example_bash_operator' retrieved from /home/airflow/.local/lib/python3.12/site-packages/airflow/example_dags/example_bash_operator.py
[2025-03-10T21:17:06.733+0000] {logging_mixin.py:190} INFO - [2025-03-10T21:17:06.732+0000] {dag.py:3239} INFO - Sync 1 DAGs
[2025-03-10T21:17:06.755+0000] {logging_mixin.py:190} INFO - [2025-03-10T21:17:06.755+0000] {dag.py:4180} INFO - Setting next_dagrun for example_bash_operator to 2025-03-09 00:00:00+00:00, run_after=2025-03-10 00:00:00+00:00
[2025-03-10T21:17:06.772+0000] {processor.py:208} INFO - Processing /home/airflow/.local/lib/python3.12/site-packages/airflow/example_dags/example_bash_operator.py took 0.083 seconds
[2025-03-10T21:17:37.427+0000] {processor.py:186} INFO - Started process (PID=1679) to work on /home/airflow/.local/lib/python3.12/site-packages/airflow/example_dags/example_bash_operator.py
[2025-03-10T21:17:37.428+0000] {processor.py:914} INFO - Processing file /home/airflow/.local/lib/python3.12/site-packages/airflow/example_dags/example_bash_operator.py for tasks to queue
[2025-03-10T21:17:37.430+0000] {logging_mixin.py:190} INFO - [2025-03-10T21:17:37.430+0000] {dagbag.py:588} INFO - Filling up the DagBag from /home/airflow/.local/lib/python3.12/site-packages/airflow/example_dags/example_bash_operator.py
[2025-03-10T21:17:37.441+0000] {processor.py:925} INFO - DAG(s) 'example_bash_operator' retrieved from /home/airflow/.local/lib/python3.12/site-packages/airflow/example_dags/example_bash_operator.py
[2025-03-10T21:17:37.464+0000] {logging_mixin.py:190} INFO - [2025-03-10T21:17:37.463+0000] {dag.py:3239} INFO - Sync 1 DAGs
[2025-03-10T21:17:37.485+0000] {logging_mixin.py:190} INFO - [2025-03-10T21:17:37.485+0000] {dag.py:4180} INFO - Setting next_dagrun for example_bash_operator to 2025-03-09 00:00:00+00:00, run_after=2025-03-10 00:00:00+00:00
[2025-03-10T21:17:37.500+0000] {processor.py:208} INFO - Processing /home/airflow/.local/lib/python3.12/site-packages/airflow/example_dags/example_bash_operator.py took 0.078 seconds
[2025-03-10T21:18:08.226+0000] {processor.py:186} INFO - Started process (PID=1743) to work on /home/airflow/.local/lib/python3.12/site-packages/airflow/example_dags/example_bash_operator.py
[2025-03-10T21:18:08.227+0000] {processor.py:914} INFO - Processing file /home/airflow/.local/lib/python3.12/site-packages/airflow/example_dags/example_bash_operator.py for tasks to queue
[2025-03-10T21:18:08.231+0000] {logging_mixin.py:190} INFO - [2025-03-10T21:18:08.231+0000] {dagbag.py:588} INFO - Filling up the DagBag from /home/airflow/.local/lib/python3.12/site-packages/airflow/example_dags/example_bash_operator.py
[2025-03-10T21:18:08.242+0000] {processor.py:925} INFO - DAG(s) 'example_bash_operator' retrieved from /home/airflow/.local/lib/python3.12/site-packages/airflow/example_dags/example_bash_operator.py
[2025-03-10T21:18:08.264+0000] {logging_mixin.py:190} INFO - [2025-03-10T21:18:08.264+0000] {dag.py:3239} INFO - Sync 1 DAGs
[2025-03-10T21:18:08.283+0000] {logging_mixin.py:190} INFO - [2025-03-10T21:18:08.283+0000] {dag.py:4180} INFO - Setting next_dagrun for example_bash_operator to 2025-03-09 00:00:00+00:00, run_after=2025-03-10 00:00:00+00:00
[2025-03-10T21:18:08.297+0000] {processor.py:208} INFO - Processing /home/airflow/.local/lib/python3.12/site-packages/airflow/example_dags/example_bash_operator.py took 0.076 seconds
[2025-03-10T21:18:38.682+0000] {processor.py:186} INFO - Started process (PID=1807) to work on /home/airflow/.local/lib/python3.12/site-packages/airflow/example_dags/example_bash_operator.py
[2025-03-10T21:18:38.682+0000] {processor.py:914} INFO - Processing file /home/airflow/.local/lib/python3.12/site-packages/airflow/example_dags/example_bash_operator.py for tasks to queue
[2025-03-10T21:18:38.684+0000] {logging_mixin.py:190} INFO - [2025-03-10T21:18:38.684+0000] {dagbag.py:588} INFO - Filling up the DagBag from /home/airflow/.local/lib/python3.12/site-packages/airflow/example_dags/example_bash_operator.py
[2025-03-10T21:18:38.695+0000] {processor.py:925} INFO - DAG(s) 'example_bash_operator' retrieved from /home/airflow/.local/lib/python3.12/site-packages/airflow/example_dags/example_bash_operator.py
[2025-03-10T21:18:38.716+0000] {logging_mixin.py:190} INFO - [2025-03-10T21:18:38.715+0000] {dag.py:3239} INFO - Sync 1 DAGs
[2025-03-10T21:18:38.735+0000] {logging_mixin.py:190} INFO - [2025-03-10T21:18:38.735+0000] {dag.py:4180} INFO - Setting next_dagrun for example_bash_operator to 2025-03-09 00:00:00+00:00, run_after=2025-03-10 00:00:00+00:00
[2025-03-10T21:18:38.750+0000] {processor.py:208} INFO - Processing /home/airflow/.local/lib/python3.12/site-packages/airflow/example_dags/example_bash_operator.py took 0.073 seconds
[2025-03-10T21:19:08.935+0000] {processor.py:186} INFO - Started process (PID=1871) to work on /home/airflow/.local/lib/python3.12/site-packages/airflow/example_dags/example_bash_operator.py
[2025-03-10T21:19:08.936+0000] {processor.py:914} INFO - Processing file /home/airflow/.local/lib/python3.12/site-packages/airflow/example_dags/example_bash_operator.py for tasks to queue
[2025-03-10T21:19:08.938+0000] {logging_mixin.py:190} INFO - [2025-03-10T21:19:08.938+0000] {dagbag.py:588} INFO - Filling up the DagBag from /home/airflow/.local/lib/python3.12/site-packages/airflow/example_dags/example_bash_operator.py
[2025-03-10T21:19:08.949+0000] {processor.py:925} INFO - DAG(s) 'example_bash_operator' retrieved from /home/airflow/.local/lib/python3.12/site-packages/airflow/example_dags/example_bash_operator.py
[2025-03-10T21:19:08.972+0000] {logging_mixin.py:190} INFO - [2025-03-10T21:19:08.972+0000] {dag.py:3239} INFO - Sync 1 DAGs
[2025-03-10T21:19:08.993+0000] {logging_mixin.py:190} INFO - [2025-03-10T21:19:08.993+0000] {dag.py:4180} INFO - Setting next_dagrun for example_bash_operator to 2025-03-09 00:00:00+00:00, run_after=2025-03-10 00:00:00+00:00
[2025-03-10T21:19:09.009+0000] {processor.py:208} INFO - Processing /home/airflow/.local/lib/python3.12/site-packages/airflow/example_dags/example_bash_operator.py took 0.079 seconds
[2025-03-10T21:19:39.552+0000] {processor.py:186} INFO - Started process (PID=1936) to work on /home/airflow/.local/lib/python3.12/site-packages/airflow/example_dags/example_bash_operator.py
[2025-03-10T21:19:39.552+0000] {processor.py:914} INFO - Processing file /home/airflow/.local/lib/python3.12/site-packages/airflow/example_dags/example_bash_operator.py for tasks to queue
[2025-03-10T21:19:39.554+0000] {logging_mixin.py:190} INFO - [2025-03-10T21:19:39.554+0000] {dagbag.py:588} INFO - Filling up the DagBag from /home/airflow/.local/lib/python3.12/site-packages/airflow/example_dags/example_bash_operator.py
[2025-03-10T21:19:39.565+0000] {processor.py:925} INFO - DAG(s) 'example_bash_operator' retrieved from /home/airflow/.local/lib/python3.12/site-packages/airflow/example_dags/example_bash_operator.py
[2025-03-10T21:19:39.586+0000] {logging_mixin.py:190} INFO - [2025-03-10T21:19:39.585+0000] {dag.py:3239} INFO - Sync 1 DAGs
[2025-03-10T21:19:39.605+0000] {logging_mixin.py:190} INFO - [2025-03-10T21:19:39.604+0000] {dag.py:4180} INFO - Setting next_dagrun for example_bash_operator to 2025-03-09 00:00:00+00:00, run_after=2025-03-10 00:00:00+00:00
[2025-03-10T21:19:39.618+0000] {processor.py:208} INFO - Processing /home/airflow/.local/lib/python3.12/site-packages/airflow/example_dags/example_bash_operator.py took 0.071 seconds
[2025-03-10T21:20:10.096+0000] {processor.py:186} INFO - Started process (PID=2000) to work on /home/airflow/.local/lib/python3.12/site-packages/airflow/example_dags/example_bash_operator.py
[2025-03-10T21:20:10.097+0000] {processor.py:914} INFO - Processing file /home/airflow/.local/lib/python3.12/site-packages/airflow/example_dags/example_bash_operator.py for tasks to queue
[2025-03-10T21:20:10.099+0000] {logging_mixin.py:190} INFO - [2025-03-10T21:20:10.099+0000] {dagbag.py:588} INFO - Filling up the DagBag from /home/airflow/.local/lib/python3.12/site-packages/airflow/example_dags/example_bash_operator.py
[2025-03-10T21:20:10.110+0000] {processor.py:925} INFO - DAG(s) 'example_bash_operator' retrieved from /home/airflow/.local/lib/python3.12/site-packages/airflow/example_dags/example_bash_operator.py
[2025-03-10T21:20:10.130+0000] {logging_mixin.py:190} INFO - [2025-03-10T21:20:10.130+0000] {dag.py:3239} INFO - Sync 1 DAGs
[2025-03-10T21:20:10.149+0000] {logging_mixin.py:190} INFO - [2025-03-10T21:20:10.149+0000] {dag.py:4180} INFO - Setting next_dagrun for example_bash_operator to 2025-03-09 00:00:00+00:00, run_after=2025-03-10 00:00:00+00:00
[2025-03-10T21:20:10.162+0000] {processor.py:208} INFO - Processing /home/airflow/.local/lib/python3.12/site-packages/airflow/example_dags/example_bash_operator.py took 0.071 seconds
[2025-03-10T21:20:41.082+0000] {processor.py:186} INFO - Started process (PID=2064) to work on /home/airflow/.local/lib/python3.12/site-packages/airflow/example_dags/example_bash_operator.py
[2025-03-10T21:20:41.083+0000] {processor.py:914} INFO - Processing file /home/airflow/.local/lib/python3.12/site-packages/airflow/example_dags/example_bash_operator.py for tasks to queue
[2025-03-10T21:20:41.085+0000] {logging_mixin.py:190} INFO - [2025-03-10T21:20:41.085+0000] {dagbag.py:588} INFO - Filling up the DagBag from /home/airflow/.local/lib/python3.12/site-packages/airflow/example_dags/example_bash_operator.py
[2025-03-10T21:20:41.096+0000] {processor.py:925} INFO - DAG(s) 'example_bash_operator' retrieved from /home/airflow/.local/lib/python3.12/site-packages/airflow/example_dags/example_bash_operator.py
[2025-03-10T21:20:41.120+0000] {logging_mixin.py:190} INFO - [2025-03-10T21:20:41.120+0000] {dag.py:3239} INFO - Sync 1 DAGs
[2025-03-10T21:20:41.139+0000] {logging_mixin.py:190} INFO - [2025-03-10T21:20:41.139+0000] {dag.py:4180} INFO - Setting next_dagrun for example_bash_operator to 2025-03-09 00:00:00+00:00, run_after=2025-03-10 00:00:00+00:00
[2025-03-10T21:20:41.153+0000] {processor.py:208} INFO - Processing /home/airflow/.local/lib/python3.12/site-packages/airflow/example_dags/example_bash_operator.py took 0.075 seconds
[2025-03-10T21:21:12.105+0000] {processor.py:186} INFO - Started process (PID=2128) to work on /home/airflow/.local/lib/python3.12/site-packages/airflow/example_dags/example_bash_operator.py
[2025-03-10T21:21:12.106+0000] {processor.py:914} INFO - Processing file /home/airflow/.local/lib/python3.12/site-packages/airflow/example_dags/example_bash_operator.py for tasks to queue
[2025-03-10T21:21:12.107+0000] {logging_mixin.py:190} INFO - [2025-03-10T21:21:12.107+0000] {dagbag.py:588} INFO - Filling up the DagBag from /home/airflow/.local/lib/python3.12/site-packages/airflow/example_dags/example_bash_operator.py
[2025-03-10T21:21:12.118+0000] {processor.py:925} INFO - DAG(s) 'example_bash_operator' retrieved from /home/airflow/.local/lib/python3.12/site-packages/airflow/example_dags/example_bash_operator.py
[2025-03-10T21:21:12.139+0000] {logging_mixin.py:190} INFO - [2025-03-10T21:21:12.138+0000] {dag.py:3239} INFO - Sync 1 DAGs
[2025-03-10T21:21:12.158+0000] {logging_mixin.py:190} INFO - [2025-03-10T21:21:12.158+0000] {dag.py:4180} INFO - Setting next_dagrun for example_bash_operator to 2025-03-09 00:00:00+00:00, run_after=2025-03-10 00:00:00+00:00
[2025-03-10T21:21:12.171+0000] {processor.py:208} INFO - Processing /home/airflow/.local/lib/python3.12/site-packages/airflow/example_dags/example_bash_operator.py took 0.071 seconds
[2025-03-10T21:21:42.595+0000] {processor.py:186} INFO - Started process (PID=2192) to work on /home/airflow/.local/lib/python3.12/site-packages/airflow/example_dags/example_bash_operator.py
[2025-03-10T21:21:42.596+0000] {processor.py:914} INFO - Processing file /home/airflow/.local/lib/python3.12/site-packages/airflow/example_dags/example_bash_operator.py for tasks to queue
[2025-03-10T21:21:42.598+0000] {logging_mixin.py:190} INFO - [2025-03-10T21:21:42.598+0000] {dagbag.py:588} INFO - Filling up the DagBag from /home/airflow/.local/lib/python3.12/site-packages/airflow/example_dags/example_bash_operator.py
[2025-03-10T21:21:42.609+0000] {processor.py:925} INFO - DAG(s) 'example_bash_operator' retrieved from /home/airflow/.local/lib/python3.12/site-packages/airflow/example_dags/example_bash_operator.py
[2025-03-10T21:21:42.631+0000] {logging_mixin.py:190} INFO - [2025-03-10T21:21:42.630+0000] {dag.py:3239} INFO - Sync 1 DAGs
[2025-03-10T21:21:42.651+0000] {logging_mixin.py:190} INFO - [2025-03-10T21:21:42.651+0000] {dag.py:4180} INFO - Setting next_dagrun for example_bash_operator to 2025-03-09 00:00:00+00:00, run_after=2025-03-10 00:00:00+00:00
[2025-03-10T21:21:42.668+0000] {processor.py:208} INFO - Processing /home/airflow/.local/lib/python3.12/site-packages/airflow/example_dags/example_bash_operator.py took 0.077 seconds
[2025-03-10T21:22:13.002+0000] {processor.py:186} INFO - Started process (PID=2256) to work on /home/airflow/.local/lib/python3.12/site-packages/airflow/example_dags/example_bash_operator.py
[2025-03-10T21:22:13.003+0000] {processor.py:914} INFO - Processing file /home/airflow/.local/lib/python3.12/site-packages/airflow/example_dags/example_bash_operator.py for tasks to queue
[2025-03-10T21:22:13.005+0000] {logging_mixin.py:190} INFO - [2025-03-10T21:22:13.005+0000] {dagbag.py:588} INFO - Filling up the DagBag from /home/airflow/.local/lib/python3.12/site-packages/airflow/example_dags/example_bash_operator.py
[2025-03-10T21:22:13.018+0000] {processor.py:925} INFO - DAG(s) 'example_bash_operator' retrieved from /home/airflow/.local/lib/python3.12/site-packages/airflow/example_dags/example_bash_operator.py
[2025-03-10T21:22:13.045+0000] {logging_mixin.py:190} INFO - [2025-03-10T21:22:13.045+0000] {dag.py:3239} INFO - Sync 1 DAGs
[2025-03-10T21:22:13.073+0000] {logging_mixin.py:190} INFO - [2025-03-10T21:22:13.073+0000] {dag.py:4180} INFO - Setting next_dagrun for example_bash_operator to 2025-03-09 00:00:00+00:00, run_after=2025-03-10 00:00:00+00:00
[2025-03-10T21:22:13.091+0000] {processor.py:208} INFO - Processing /home/airflow/.local/lib/python3.12/site-packages/airflow/example_dags/example_bash_operator.py took 0.095 seconds
[2025-03-10T21:22:43.482+0000] {processor.py:186} INFO - Started process (PID=2320) to work on /home/airflow/.local/lib/python3.12/site-packages/airflow/example_dags/example_bash_operator.py
[2025-03-10T21:22:43.483+0000] {processor.py:914} INFO - Processing file /home/airflow/.local/lib/python3.12/site-packages/airflow/example_dags/example_bash_operator.py for tasks to queue
[2025-03-10T21:22:43.485+0000] {logging_mixin.py:190} INFO - [2025-03-10T21:22:43.484+0000] {dagbag.py:588} INFO - Filling up the DagBag from /home/airflow/.local/lib/python3.12/site-packages/airflow/example_dags/example_bash_operator.py
[2025-03-10T21:22:43.495+0000] {processor.py:925} INFO - DAG(s) 'example_bash_operator' retrieved from /home/airflow/.local/lib/python3.12/site-packages/airflow/example_dags/example_bash_operator.py
[2025-03-10T21:22:43.516+0000] {logging_mixin.py:190} INFO - [2025-03-10T21:22:43.516+0000] {dag.py:3239} INFO - Sync 1 DAGs
[2025-03-10T21:22:43.536+0000] {logging_mixin.py:190} INFO - [2025-03-10T21:22:43.535+0000] {dag.py:4180} INFO - Setting next_dagrun for example_bash_operator to 2025-03-09 00:00:00+00:00, run_after=2025-03-10 00:00:00+00:00
[2025-03-10T21:22:43.550+0000] {processor.py:208} INFO - Processing /home/airflow/.local/lib/python3.12/site-packages/airflow/example_dags/example_bash_operator.py took 0.074 seconds
[2025-03-10T21:23:13.999+0000] {processor.py:186} INFO - Started process (PID=2384) to work on /home/airflow/.local/lib/python3.12/site-packages/airflow/example_dags/example_bash_operator.py
[2025-03-10T21:23:14.000+0000] {processor.py:914} INFO - Processing file /home/airflow/.local/lib/python3.12/site-packages/airflow/example_dags/example_bash_operator.py for tasks to queue
[2025-03-10T21:23:14.002+0000] {logging_mixin.py:190} INFO - [2025-03-10T21:23:14.002+0000] {dagbag.py:588} INFO - Filling up the DagBag from /home/airflow/.local/lib/python3.12/site-packages/airflow/example_dags/example_bash_operator.py
[2025-03-10T21:23:14.016+0000] {processor.py:925} INFO - DAG(s) 'example_bash_operator' retrieved from /home/airflow/.local/lib/python3.12/site-packages/airflow/example_dags/example_bash_operator.py
[2025-03-10T21:23:14.040+0000] {logging_mixin.py:190} INFO - [2025-03-10T21:23:14.040+0000] {dag.py:3239} INFO - Sync 1 DAGs
[2025-03-10T21:23:14.065+0000] {logging_mixin.py:190} INFO - [2025-03-10T21:23:14.064+0000] {dag.py:4180} INFO - Setting next_dagrun for example_bash_operator to 2025-03-09 00:00:00+00:00, run_after=2025-03-10 00:00:00+00:00
[2025-03-10T21:23:14.083+0000] {processor.py:208} INFO - Processing /home/airflow/.local/lib/python3.12/site-packages/airflow/example_dags/example_bash_operator.py took 0.090 seconds
[2025-03-10T21:23:44.265+0000] {processor.py:186} INFO - Started process (PID=2448) to work on /home/airflow/.local/lib/python3.12/site-packages/airflow/example_dags/example_bash_operator.py
[2025-03-10T21:23:44.266+0000] {processor.py:914} INFO - Processing file /home/airflow/.local/lib/python3.12/site-packages/airflow/example_dags/example_bash_operator.py for tasks to queue
[2025-03-10T21:23:44.268+0000] {logging_mixin.py:190} INFO - [2025-03-10T21:23:44.268+0000] {dagbag.py:588} INFO - Filling up the DagBag from /home/airflow/.local/lib/python3.12/site-packages/airflow/example_dags/example_bash_operator.py
[2025-03-10T21:23:44.278+0000] {processor.py:925} INFO - DAG(s) 'example_bash_operator' retrieved from /home/airflow/.local/lib/python3.12/site-packages/airflow/example_dags/example_bash_operator.py
[2025-03-10T21:23:44.299+0000] {logging_mixin.py:190} INFO - [2025-03-10T21:23:44.299+0000] {dag.py:3239} INFO - Sync 1 DAGs
[2025-03-10T21:23:44.323+0000] {logging_mixin.py:190} INFO - [2025-03-10T21:23:44.322+0000] {dag.py:4180} INFO - Setting next_dagrun for example_bash_operator to 2025-03-09 00:00:00+00:00, run_after=2025-03-10 00:00:00+00:00
[2025-03-10T21:23:44.345+0000] {processor.py:208} INFO - Processing /home/airflow/.local/lib/python3.12/site-packages/airflow/example_dags/example_bash_operator.py took 0.084 seconds
[2025-03-10T21:24:15.273+0000] {processor.py:186} INFO - Started process (PID=2512) to work on /home/airflow/.local/lib/python3.12/site-packages/airflow/example_dags/example_bash_operator.py
[2025-03-10T21:24:15.274+0000] {processor.py:914} INFO - Processing file /home/airflow/.local/lib/python3.12/site-packages/airflow/example_dags/example_bash_operator.py for tasks to queue
[2025-03-10T21:24:15.276+0000] {logging_mixin.py:190} INFO - [2025-03-10T21:24:15.276+0000] {dagbag.py:588} INFO - Filling up the DagBag from /home/airflow/.local/lib/python3.12/site-packages/airflow/example_dags/example_bash_operator.py
[2025-03-10T21:24:15.287+0000] {processor.py:925} INFO - DAG(s) 'example_bash_operator' retrieved from /home/airflow/.local/lib/python3.12/site-packages/airflow/example_dags/example_bash_operator.py
[2025-03-10T21:24:15.309+0000] {logging_mixin.py:190} INFO - [2025-03-10T21:24:15.308+0000] {dag.py:3239} INFO - Sync 1 DAGs
[2025-03-10T21:24:15.328+0000] {logging_mixin.py:190} INFO - [2025-03-10T21:24:15.328+0000] {dag.py:4180} INFO - Setting next_dagrun for example_bash_operator to 2025-03-09 00:00:00+00:00, run_after=2025-03-10 00:00:00+00:00
[2025-03-10T21:24:15.342+0000] {processor.py:208} INFO - Processing /home/airflow/.local/lib/python3.12/site-packages/airflow/example_dags/example_bash_operator.py took 0.074 seconds
[2025-03-10T21:24:45.537+0000] {processor.py:186} INFO - Started process (PID=2576) to work on /home/airflow/.local/lib/python3.12/site-packages/airflow/example_dags/example_bash_operator.py
[2025-03-10T21:24:45.538+0000] {processor.py:914} INFO - Processing file /home/airflow/.local/lib/python3.12/site-packages/airflow/example_dags/example_bash_operator.py for tasks to queue
[2025-03-10T21:24:45.540+0000] {logging_mixin.py:190} INFO - [2025-03-10T21:24:45.539+0000] {dagbag.py:588} INFO - Filling up the DagBag from /home/airflow/.local/lib/python3.12/site-packages/airflow/example_dags/example_bash_operator.py
[2025-03-10T21:24:45.551+0000] {processor.py:925} INFO - DAG(s) 'example_bash_operator' retrieved from /home/airflow/.local/lib/python3.12/site-packages/airflow/example_dags/example_bash_operator.py
[2025-03-10T21:24:45.572+0000] {logging_mixin.py:190} INFO - [2025-03-10T21:24:45.571+0000] {dag.py:3239} INFO - Sync 1 DAGs
[2025-03-10T21:24:45.592+0000] {logging_mixin.py:190} INFO - [2025-03-10T21:24:45.592+0000] {dag.py:4180} INFO - Setting next_dagrun for example_bash_operator to 2025-03-09 00:00:00+00:00, run_after=2025-03-10 00:00:00+00:00
[2025-03-10T21:24:45.610+0000] {processor.py:208} INFO - Processing /home/airflow/.local/lib/python3.12/site-packages/airflow/example_dags/example_bash_operator.py took 0.078 seconds
[2025-03-10T21:25:15.822+0000] {processor.py:186} INFO - Started process (PID=2640) to work on /home/airflow/.local/lib/python3.12/site-packages/airflow/example_dags/example_bash_operator.py
[2025-03-10T21:25:15.823+0000] {processor.py:914} INFO - Processing file /home/airflow/.local/lib/python3.12/site-packages/airflow/example_dags/example_bash_operator.py for tasks to queue
[2025-03-10T21:25:15.825+0000] {logging_mixin.py:190} INFO - [2025-03-10T21:25:15.825+0000] {dagbag.py:588} INFO - Filling up the DagBag from /home/airflow/.local/lib/python3.12/site-packages/airflow/example_dags/example_bash_operator.py
[2025-03-10T21:25:15.836+0000] {processor.py:925} INFO - DAG(s) 'example_bash_operator' retrieved from /home/airflow/.local/lib/python3.12/site-packages/airflow/example_dags/example_bash_operator.py
[2025-03-10T21:25:15.857+0000] {logging_mixin.py:190} INFO - [2025-03-10T21:25:15.857+0000] {dag.py:3239} INFO - Sync 1 DAGs
[2025-03-10T21:25:15.876+0000] {logging_mixin.py:190} INFO - [2025-03-10T21:25:15.876+0000] {dag.py:4180} INFO - Setting next_dagrun for example_bash_operator to 2025-03-09 00:00:00+00:00, run_after=2025-03-10 00:00:00+00:00
[2025-03-10T21:25:15.891+0000] {processor.py:208} INFO - Processing /home/airflow/.local/lib/python3.12/site-packages/airflow/example_dags/example_bash_operator.py took 0.074 seconds
[2025-03-10T21:25:46.655+0000] {processor.py:186} INFO - Started process (PID=2704) to work on /home/airflow/.local/lib/python3.12/site-packages/airflow/example_dags/example_bash_operator.py
[2025-03-10T21:25:46.656+0000] {processor.py:914} INFO - Processing file /home/airflow/.local/lib/python3.12/site-packages/airflow/example_dags/example_bash_operator.py for tasks to queue
[2025-03-10T21:25:46.658+0000] {logging_mixin.py:190} INFO - [2025-03-10T21:25:46.657+0000] {dagbag.py:588} INFO - Filling up the DagBag from /home/airflow/.local/lib/python3.12/site-packages/airflow/example_dags/example_bash_operator.py
[2025-03-10T21:25:46.670+0000] {processor.py:925} INFO - DAG(s) 'example_bash_operator' retrieved from /home/airflow/.local/lib/python3.12/site-packages/airflow/example_dags/example_bash_operator.py
[2025-03-10T21:25:46.696+0000] {logging_mixin.py:190} INFO - [2025-03-10T21:25:46.695+0000] {dag.py:3239} INFO - Sync 1 DAGs
[2025-03-10T21:25:46.723+0000] {logging_mixin.py:190} INFO - [2025-03-10T21:25:46.723+0000] {dag.py:4180} INFO - Setting next_dagrun for example_bash_operator to 2025-03-09 00:00:00+00:00, run_after=2025-03-10 00:00:00+00:00
[2025-03-10T21:25:46.741+0000] {processor.py:208} INFO - Processing /home/airflow/.local/lib/python3.12/site-packages/airflow/example_dags/example_bash_operator.py took 0.093 seconds
[2025-03-10T21:26:17.325+0000] {processor.py:186} INFO - Started process (PID=2769) to work on /home/airflow/.local/lib/python3.12/site-packages/airflow/example_dags/example_bash_operator.py
[2025-03-10T21:26:17.326+0000] {processor.py:914} INFO - Processing file /home/airflow/.local/lib/python3.12/site-packages/airflow/example_dags/example_bash_operator.py for tasks to queue
[2025-03-10T21:26:17.328+0000] {logging_mixin.py:190} INFO - [2025-03-10T21:26:17.327+0000] {dagbag.py:588} INFO - Filling up the DagBag from /home/airflow/.local/lib/python3.12/site-packages/airflow/example_dags/example_bash_operator.py
[2025-03-10T21:26:17.339+0000] {processor.py:925} INFO - DAG(s) 'example_bash_operator' retrieved from /home/airflow/.local/lib/python3.12/site-packages/airflow/example_dags/example_bash_operator.py
[2025-03-10T21:26:17.361+0000] {logging_mixin.py:190} INFO - [2025-03-10T21:26:17.360+0000] {dag.py:3239} INFO - Sync 1 DAGs
[2025-03-10T21:26:17.381+0000] {logging_mixin.py:190} INFO - [2025-03-10T21:26:17.381+0000] {dag.py:4180} INFO - Setting next_dagrun for example_bash_operator to 2025-03-09 00:00:00+00:00, run_after=2025-03-10 00:00:00+00:00
[2025-03-10T21:26:17.396+0000] {processor.py:208} INFO - Processing /home/airflow/.local/lib/python3.12/site-packages/airflow/example_dags/example_bash_operator.py took 0.076 seconds
[2025-03-10T21:26:48.292+0000] {processor.py:186} INFO - Started process (PID=2834) to work on /home/airflow/.local/lib/python3.12/site-packages/airflow/example_dags/example_bash_operator.py
[2025-03-10T21:26:48.293+0000] {processor.py:914} INFO - Processing file /home/airflow/.local/lib/python3.12/site-packages/airflow/example_dags/example_bash_operator.py for tasks to queue
[2025-03-10T21:26:48.295+0000] {logging_mixin.py:190} INFO - [2025-03-10T21:26:48.295+0000] {dagbag.py:588} INFO - Filling up the DagBag from /home/airflow/.local/lib/python3.12/site-packages/airflow/example_dags/example_bash_operator.py
[2025-03-10T21:26:48.308+0000] {processor.py:925} INFO - DAG(s) 'example_bash_operator' retrieved from /home/airflow/.local/lib/python3.12/site-packages/airflow/example_dags/example_bash_operator.py
[2025-03-10T21:26:48.333+0000] {logging_mixin.py:190} INFO - [2025-03-10T21:26:48.333+0000] {dag.py:3239} INFO - Sync 1 DAGs
[2025-03-10T21:26:48.358+0000] {logging_mixin.py:190} INFO - [2025-03-10T21:26:48.358+0000] {dag.py:4180} INFO - Setting next_dagrun for example_bash_operator to 2025-03-09 00:00:00+00:00, run_after=2025-03-10 00:00:00+00:00
[2025-03-10T21:26:48.376+0000] {processor.py:208} INFO - Processing /home/airflow/.local/lib/python3.12/site-packages/airflow/example_dags/example_bash_operator.py took 0.089 seconds
[2025-03-10T21:27:18.645+0000] {processor.py:186} INFO - Started process (PID=2898) to work on /home/airflow/.local/lib/python3.12/site-packages/airflow/example_dags/example_bash_operator.py
[2025-03-10T21:27:18.646+0000] {processor.py:914} INFO - Processing file /home/airflow/.local/lib/python3.12/site-packages/airflow/example_dags/example_bash_operator.py for tasks to queue
[2025-03-10T21:27:18.649+0000] {logging_mixin.py:190} INFO - [2025-03-10T21:27:18.648+0000] {dagbag.py:588} INFO - Filling up the DagBag from /home/airflow/.local/lib/python3.12/site-packages/airflow/example_dags/example_bash_operator.py
[2025-03-10T21:27:18.660+0000] {processor.py:925} INFO - DAG(s) 'example_bash_operator' retrieved from /home/airflow/.local/lib/python3.12/site-packages/airflow/example_dags/example_bash_operator.py
[2025-03-10T21:27:18.682+0000] {logging_mixin.py:190} INFO - [2025-03-10T21:27:18.682+0000] {dag.py:3239} INFO - Sync 1 DAGs
[2025-03-10T21:27:18.703+0000] {logging_mixin.py:190} INFO - [2025-03-10T21:27:18.702+0000] {dag.py:4180} INFO - Setting next_dagrun for example_bash_operator to 2025-03-09 00:00:00+00:00, run_after=2025-03-10 00:00:00+00:00
[2025-03-10T21:27:18.718+0000] {processor.py:208} INFO - Processing /home/airflow/.local/lib/python3.12/site-packages/airflow/example_dags/example_bash_operator.py took 0.078 seconds
[2025-03-10T21:28:32.391+0000] {processor.py:186} INFO - Started process (PID=2974) to work on /home/airflow/.local/lib/python3.12/site-packages/airflow/example_dags/example_bash_operator.py
[2025-03-10T21:28:32.393+0000] {processor.py:914} INFO - Processing file /home/airflow/.local/lib/python3.12/site-packages/airflow/example_dags/example_bash_operator.py for tasks to queue
[2025-03-10T21:28:32.396+0000] {logging_mixin.py:190} INFO - [2025-03-10T21:28:32.395+0000] {dagbag.py:588} INFO - Filling up the DagBag from /home/airflow/.local/lib/python3.12/site-packages/airflow/example_dags/example_bash_operator.py
[2025-03-10T21:28:32.417+0000] {processor.py:925} INFO - DAG(s) 'example_bash_operator' retrieved from /home/airflow/.local/lib/python3.12/site-packages/airflow/example_dags/example_bash_operator.py
[2025-03-10T21:28:32.464+0000] {logging_mixin.py:190} INFO - [2025-03-10T21:28:32.463+0000] {dag.py:3239} INFO - Sync 1 DAGs
[2025-03-10T21:28:32.488+0000] {logging_mixin.py:190} INFO - [2025-03-10T21:28:32.488+0000] {dag.py:4180} INFO - Setting next_dagrun for example_bash_operator to 2025-03-09 00:00:00+00:00, run_after=2025-03-10 00:00:00+00:00
[2025-03-10T21:28:32.507+0000] {processor.py:208} INFO - Processing /home/airflow/.local/lib/python3.12/site-packages/airflow/example_dags/example_bash_operator.py took 0.129 seconds
[2025-03-10T21:29:02.609+0000] {processor.py:186} INFO - Started process (PID=3038) to work on /home/airflow/.local/lib/python3.12/site-packages/airflow/example_dags/example_bash_operator.py
[2025-03-10T21:29:02.612+0000] {processor.py:914} INFO - Processing file /home/airflow/.local/lib/python3.12/site-packages/airflow/example_dags/example_bash_operator.py for tasks to queue
[2025-03-10T21:29:02.614+0000] {logging_mixin.py:190} INFO - [2025-03-10T21:29:02.614+0000] {dagbag.py:588} INFO - Filling up the DagBag from /home/airflow/.local/lib/python3.12/site-packages/airflow/example_dags/example_bash_operator.py
[2025-03-10T21:29:02.627+0000] {processor.py:925} INFO - DAG(s) 'example_bash_operator' retrieved from /home/airflow/.local/lib/python3.12/site-packages/airflow/example_dags/example_bash_operator.py
[2025-03-10T21:29:02.653+0000] {logging_mixin.py:190} INFO - [2025-03-10T21:29:02.652+0000] {dag.py:3239} INFO - Sync 1 DAGs
[2025-03-10T21:29:02.676+0000] {logging_mixin.py:190} INFO - [2025-03-10T21:29:02.676+0000] {dag.py:4180} INFO - Setting next_dagrun for example_bash_operator to 2025-03-09 00:00:00+00:00, run_after=2025-03-10 00:00:00+00:00
[2025-03-10T21:29:02.695+0000] {processor.py:208} INFO - Processing /home/airflow/.local/lib/python3.12/site-packages/airflow/example_dags/example_bash_operator.py took 0.094 seconds
[2025-03-10T21:29:33.242+0000] {processor.py:186} INFO - Started process (PID=3102) to work on /home/airflow/.local/lib/python3.12/site-packages/airflow/example_dags/example_bash_operator.py
[2025-03-10T21:29:33.243+0000] {processor.py:914} INFO - Processing file /home/airflow/.local/lib/python3.12/site-packages/airflow/example_dags/example_bash_operator.py for tasks to queue
[2025-03-10T21:29:33.244+0000] {logging_mixin.py:190} INFO - [2025-03-10T21:29:33.244+0000] {dagbag.py:588} INFO - Filling up the DagBag from /home/airflow/.local/lib/python3.12/site-packages/airflow/example_dags/example_bash_operator.py
[2025-03-10T21:29:33.256+0000] {processor.py:925} INFO - DAG(s) 'example_bash_operator' retrieved from /home/airflow/.local/lib/python3.12/site-packages/airflow/example_dags/example_bash_operator.py
[2025-03-10T21:29:33.282+0000] {logging_mixin.py:190} INFO - [2025-03-10T21:29:33.281+0000] {dag.py:3239} INFO - Sync 1 DAGs
[2025-03-10T21:29:33.302+0000] {logging_mixin.py:190} INFO - [2025-03-10T21:29:33.302+0000] {dag.py:4180} INFO - Setting next_dagrun for example_bash_operator to 2025-03-09 00:00:00+00:00, run_after=2025-03-10 00:00:00+00:00
[2025-03-10T21:29:33.317+0000] {processor.py:208} INFO - Processing /home/airflow/.local/lib/python3.12/site-packages/airflow/example_dags/example_bash_operator.py took 0.080 seconds
[2025-03-10T21:30:03.900+0000] {processor.py:186} INFO - Started process (PID=3166) to work on /home/airflow/.local/lib/python3.12/site-packages/airflow/example_dags/example_bash_operator.py
[2025-03-10T21:30:03.903+0000] {processor.py:914} INFO - Processing file /home/airflow/.local/lib/python3.12/site-packages/airflow/example_dags/example_bash_operator.py for tasks to queue
[2025-03-10T21:30:03.906+0000] {logging_mixin.py:190} INFO - [2025-03-10T21:30:03.906+0000] {dagbag.py:588} INFO - Filling up the DagBag from /home/airflow/.local/lib/python3.12/site-packages/airflow/example_dags/example_bash_operator.py
[2025-03-10T21:30:03.925+0000] {processor.py:925} INFO - DAG(s) 'example_bash_operator' retrieved from /home/airflow/.local/lib/python3.12/site-packages/airflow/example_dags/example_bash_operator.py
[2025-03-10T21:30:03.969+0000] {logging_mixin.py:190} INFO - [2025-03-10T21:30:03.968+0000] {dag.py:3239} INFO - Sync 1 DAGs
[2025-03-10T21:30:04.018+0000] {logging_mixin.py:190} INFO - [2025-03-10T21:30:04.018+0000] {dag.py:4180} INFO - Setting next_dagrun for example_bash_operator to 2025-03-09 00:00:00+00:00, run_after=2025-03-10 00:00:00+00:00
[2025-03-10T21:30:04.060+0000] {processor.py:208} INFO - Processing /home/airflow/.local/lib/python3.12/site-packages/airflow/example_dags/example_bash_operator.py took 0.169 seconds
[2025-03-10T21:30:34.452+0000] {processor.py:186} INFO - Started process (PID=3229) to work on /home/airflow/.local/lib/python3.12/site-packages/airflow/example_dags/example_bash_operator.py
[2025-03-10T21:30:34.453+0000] {processor.py:914} INFO - Processing file /home/airflow/.local/lib/python3.12/site-packages/airflow/example_dags/example_bash_operator.py for tasks to queue
[2025-03-10T21:30:34.456+0000] {logging_mixin.py:190} INFO - [2025-03-10T21:30:34.456+0000] {dagbag.py:588} INFO - Filling up the DagBag from /home/airflow/.local/lib/python3.12/site-packages/airflow/example_dags/example_bash_operator.py
[2025-03-10T21:30:34.472+0000] {processor.py:925} INFO - DAG(s) 'example_bash_operator' retrieved from /home/airflow/.local/lib/python3.12/site-packages/airflow/example_dags/example_bash_operator.py
[2025-03-10T21:30:34.506+0000] {logging_mixin.py:190} INFO - [2025-03-10T21:30:34.505+0000] {dag.py:3239} INFO - Sync 1 DAGs
[2025-03-10T21:30:34.548+0000] {logging_mixin.py:190} INFO - [2025-03-10T21:30:34.548+0000] {dag.py:4180} INFO - Setting next_dagrun for example_bash_operator to 2025-03-09 00:00:00+00:00, run_after=2025-03-10 00:00:00+00:00
[2025-03-10T21:30:34.585+0000] {processor.py:208} INFO - Processing /home/airflow/.local/lib/python3.12/site-packages/airflow/example_dags/example_bash_operator.py took 0.141 seconds
[2025-03-10T21:31:05.657+0000] {processor.py:186} INFO - Started process (PID=3293) to work on /home/airflow/.local/lib/python3.12/site-packages/airflow/example_dags/example_bash_operator.py
[2025-03-10T21:31:05.668+0000] {processor.py:914} INFO - Processing file /home/airflow/.local/lib/python3.12/site-packages/airflow/example_dags/example_bash_operator.py for tasks to queue
[2025-03-10T21:31:05.675+0000] {logging_mixin.py:190} INFO - [2025-03-10T21:31:05.673+0000] {dagbag.py:588} INFO - Filling up the DagBag from /home/airflow/.local/lib/python3.12/site-packages/airflow/example_dags/example_bash_operator.py
[2025-03-10T21:31:05.714+0000] {processor.py:925} INFO - DAG(s) 'example_bash_operator' retrieved from /home/airflow/.local/lib/python3.12/site-packages/airflow/example_dags/example_bash_operator.py
[2025-03-10T21:31:05.772+0000] {logging_mixin.py:190} INFO - [2025-03-10T21:31:05.772+0000] {dag.py:3239} INFO - Sync 1 DAGs
[2025-03-10T21:31:05.818+0000] {logging_mixin.py:190} INFO - [2025-03-10T21:31:05.818+0000] {dag.py:4180} INFO - Setting next_dagrun for example_bash_operator to 2025-03-09 00:00:00+00:00, run_after=2025-03-10 00:00:00+00:00
[2025-03-10T21:31:05.852+0000] {processor.py:208} INFO - Processing /home/airflow/.local/lib/python3.12/site-packages/airflow/example_dags/example_bash_operator.py took 0.214 seconds
[2025-03-10T21:31:51.083+0000] {processor.py:186} INFO - Started process (PID=3354) to work on /home/airflow/.local/lib/python3.12/site-packages/airflow/example_dags/example_bash_operator.py
[2025-03-10T21:31:51.085+0000] {processor.py:914} INFO - Processing file /home/airflow/.local/lib/python3.12/site-packages/airflow/example_dags/example_bash_operator.py for tasks to queue
[2025-03-10T21:31:51.087+0000] {logging_mixin.py:190} INFO - [2025-03-10T21:31:51.087+0000] {dagbag.py:588} INFO - Filling up the DagBag from /home/airflow/.local/lib/python3.12/site-packages/airflow/example_dags/example_bash_operator.py
[2025-03-10T21:31:51.102+0000] {processor.py:925} INFO - DAG(s) 'example_bash_operator' retrieved from /home/airflow/.local/lib/python3.12/site-packages/airflow/example_dags/example_bash_operator.py
[2025-03-10T21:31:51.132+0000] {logging_mixin.py:190} INFO - [2025-03-10T21:31:51.131+0000] {dag.py:3239} INFO - Sync 1 DAGs
[2025-03-10T21:31:51.157+0000] {logging_mixin.py:190} INFO - [2025-03-10T21:31:51.157+0000] {dag.py:4180} INFO - Setting next_dagrun for example_bash_operator to 2025-03-09 00:00:00+00:00, run_after=2025-03-10 00:00:00+00:00
[2025-03-10T21:31:51.175+0000] {processor.py:208} INFO - Processing /home/airflow/.local/lib/python3.12/site-packages/airflow/example_dags/example_bash_operator.py took 0.099 seconds
[2025-03-10T21:32:37.684+0000] {processor.py:186} INFO - Started process (PID=3421) to work on /home/airflow/.local/lib/python3.12/site-packages/airflow/example_dags/example_bash_operator.py
[2025-03-10T21:32:37.685+0000] {processor.py:914} INFO - Processing file /home/airflow/.local/lib/python3.12/site-packages/airflow/example_dags/example_bash_operator.py for tasks to queue
[2025-03-10T21:32:37.687+0000] {logging_mixin.py:190} INFO - [2025-03-10T21:32:37.687+0000] {dagbag.py:588} INFO - Filling up the DagBag from /home/airflow/.local/lib/python3.12/site-packages/airflow/example_dags/example_bash_operator.py
[2025-03-10T21:32:37.698+0000] {processor.py:925} INFO - DAG(s) 'example_bash_operator' retrieved from /home/airflow/.local/lib/python3.12/site-packages/airflow/example_dags/example_bash_operator.py
[2025-03-10T21:32:37.720+0000] {logging_mixin.py:190} INFO - [2025-03-10T21:32:37.720+0000] {dag.py:3239} INFO - Sync 1 DAGs
[2025-03-10T21:32:37.741+0000] {logging_mixin.py:190} INFO - [2025-03-10T21:32:37.741+0000] {dag.py:4180} INFO - Setting next_dagrun for example_bash_operator to 2025-03-09 00:00:00+00:00, run_after=2025-03-10 00:00:00+00:00
[2025-03-10T21:32:37.756+0000] {processor.py:208} INFO - Processing /home/airflow/.local/lib/python3.12/site-packages/airflow/example_dags/example_bash_operator.py took 0.076 seconds
[2025-03-10T21:36:29.026+0000] {processor.py:186} INFO - Started process (PID=86) to work on /home/airflow/.local/lib/python3.12/site-packages/airflow/example_dags/example_bash_operator.py
[2025-03-10T21:36:29.028+0000] {processor.py:914} INFO - Processing file /home/airflow/.local/lib/python3.12/site-packages/airflow/example_dags/example_bash_operator.py for tasks to queue
[2025-03-10T21:36:29.032+0000] {logging_mixin.py:190} INFO - [2025-03-10T21:36:29.031+0000] {dagbag.py:588} INFO - Filling up the DagBag from /home/airflow/.local/lib/python3.12/site-packages/airflow/example_dags/example_bash_operator.py
[2025-03-10T21:36:29.055+0000] {processor.py:925} INFO - DAG(s) 'example_bash_operator' retrieved from /home/airflow/.local/lib/python3.12/site-packages/airflow/example_dags/example_bash_operator.py
[2025-03-10T21:36:29.086+0000] {logging_mixin.py:190} INFO - [2025-03-10T21:36:29.085+0000] {dag.py:3239} INFO - Sync 1 DAGs
[2025-03-10T21:36:29.119+0000] {logging_mixin.py:190} INFO - [2025-03-10T21:36:29.119+0000] {dag.py:4180} INFO - Setting next_dagrun for example_bash_operator to 2025-03-09 00:00:00+00:00, run_after=2025-03-10 00:00:00+00:00
[2025-03-10T21:36:29.150+0000] {processor.py:208} INFO - Processing /home/airflow/.local/lib/python3.12/site-packages/airflow/example_dags/example_bash_operator.py took 0.131 seconds
