[2025-03-10T21:04:49.425+0000] {processor.py:186} INFO - Started process (PID=96) to work on /home/airflow/.local/lib/python3.12/site-packages/airflow/example_dags/example_task_group.py
[2025-03-10T21:04:49.425+0000] {processor.py:914} INFO - Processing file /home/airflow/.local/lib/python3.12/site-packages/airflow/example_dags/example_task_group.py for tasks to queue
[2025-03-10T21:04:49.428+0000] {logging_mixin.py:190} INFO - [2025-03-10T21:04:49.427+0000] {dagbag.py:588} INFO - Filling up the DagBag from /home/airflow/.local/lib/python3.12/site-packages/airflow/example_dags/example_task_group.py
[2025-03-10T21:04:49.436+0000] {processor.py:925} INFO - DAG(s) 'example_task_group' retrieved from /home/airflow/.local/lib/python3.12/site-packages/airflow/example_dags/example_task_group.py
[2025-03-10T21:04:49.455+0000] {logging_mixin.py:190} INFO - [2025-03-10T21:04:49.455+0000] {dag.py:3239} INFO - Sync 1 DAGs
[2025-03-10T21:04:49.467+0000] {logging_mixin.py:190} INFO - [2025-03-10T21:04:49.467+0000] {dag.py:4180} INFO - Setting next_dagrun for example_task_group to None, run_after=None
[2025-03-10T21:04:49.486+0000] {processor.py:208} INFO - Processing /home/airflow/.local/lib/python3.12/site-packages/airflow/example_dags/example_task_group.py took 0.067 seconds
[2025-03-10T21:05:19.831+0000] {processor.py:186} INFO - Started process (PID=160) to work on /home/airflow/.local/lib/python3.12/site-packages/airflow/example_dags/example_task_group.py
[2025-03-10T21:05:19.832+0000] {processor.py:914} INFO - Processing file /home/airflow/.local/lib/python3.12/site-packages/airflow/example_dags/example_task_group.py for tasks to queue
[2025-03-10T21:05:19.834+0000] {logging_mixin.py:190} INFO - [2025-03-10T21:05:19.834+0000] {dagbag.py:588} INFO - Filling up the DagBag from /home/airflow/.local/lib/python3.12/site-packages/airflow/example_dags/example_task_group.py
[2025-03-10T21:05:19.841+0000] {processor.py:925} INFO - DAG(s) 'example_task_group' retrieved from /home/airflow/.local/lib/python3.12/site-packages/airflow/example_dags/example_task_group.py
[2025-03-10T21:05:19.858+0000] {logging_mixin.py:190} INFO - [2025-03-10T21:05:19.858+0000] {dag.py:3239} INFO - Sync 1 DAGs
[2025-03-10T21:05:19.870+0000] {logging_mixin.py:190} INFO - [2025-03-10T21:05:19.870+0000] {dag.py:4180} INFO - Setting next_dagrun for example_task_group to None, run_after=None
[2025-03-10T21:05:19.887+0000] {processor.py:208} INFO - Processing /home/airflow/.local/lib/python3.12/site-packages/airflow/example_dags/example_task_group.py took 0.060 seconds
[2025-03-10T21:05:50.975+0000] {processor.py:186} INFO - Started process (PID=224) to work on /home/airflow/.local/lib/python3.12/site-packages/airflow/example_dags/example_task_group.py
[2025-03-10T21:05:50.976+0000] {processor.py:914} INFO - Processing file /home/airflow/.local/lib/python3.12/site-packages/airflow/example_dags/example_task_group.py for tasks to queue
[2025-03-10T21:05:50.978+0000] {logging_mixin.py:190} INFO - [2025-03-10T21:05:50.978+0000] {dagbag.py:588} INFO - Filling up the DagBag from /home/airflow/.local/lib/python3.12/site-packages/airflow/example_dags/example_task_group.py
[2025-03-10T21:05:50.985+0000] {processor.py:925} INFO - DAG(s) 'example_task_group' retrieved from /home/airflow/.local/lib/python3.12/site-packages/airflow/example_dags/example_task_group.py
[2025-03-10T21:05:51.001+0000] {logging_mixin.py:190} INFO - [2025-03-10T21:05:51.001+0000] {dag.py:3239} INFO - Sync 1 DAGs
[2025-03-10T21:05:51.013+0000] {logging_mixin.py:190} INFO - [2025-03-10T21:05:51.013+0000] {dag.py:4180} INFO - Setting next_dagrun for example_task_group to None, run_after=None
[2025-03-10T21:05:51.029+0000] {processor.py:208} INFO - Processing /home/airflow/.local/lib/python3.12/site-packages/airflow/example_dags/example_task_group.py took 0.059 seconds
[2025-03-10T21:06:21.810+0000] {processor.py:186} INFO - Started process (PID=288) to work on /home/airflow/.local/lib/python3.12/site-packages/airflow/example_dags/example_task_group.py
[2025-03-10T21:06:21.811+0000] {processor.py:914} INFO - Processing file /home/airflow/.local/lib/python3.12/site-packages/airflow/example_dags/example_task_group.py for tasks to queue
[2025-03-10T21:06:21.813+0000] {logging_mixin.py:190} INFO - [2025-03-10T21:06:21.813+0000] {dagbag.py:588} INFO - Filling up the DagBag from /home/airflow/.local/lib/python3.12/site-packages/airflow/example_dags/example_task_group.py
[2025-03-10T21:06:21.821+0000] {processor.py:925} INFO - DAG(s) 'example_task_group' retrieved from /home/airflow/.local/lib/python3.12/site-packages/airflow/example_dags/example_task_group.py
[2025-03-10T21:06:21.839+0000] {logging_mixin.py:190} INFO - [2025-03-10T21:06:21.838+0000] {dag.py:3239} INFO - Sync 1 DAGs
[2025-03-10T21:06:21.851+0000] {logging_mixin.py:190} INFO - [2025-03-10T21:06:21.851+0000] {dag.py:4180} INFO - Setting next_dagrun for example_task_group to None, run_after=None
[2025-03-10T21:06:21.868+0000] {processor.py:208} INFO - Processing /home/airflow/.local/lib/python3.12/site-packages/airflow/example_dags/example_task_group.py took 0.063 seconds
[2025-03-10T21:06:52.637+0000] {processor.py:186} INFO - Started process (PID=352) to work on /home/airflow/.local/lib/python3.12/site-packages/airflow/example_dags/example_task_group.py
[2025-03-10T21:06:52.638+0000] {processor.py:914} INFO - Processing file /home/airflow/.local/lib/python3.12/site-packages/airflow/example_dags/example_task_group.py for tasks to queue
[2025-03-10T21:06:52.641+0000] {logging_mixin.py:190} INFO - [2025-03-10T21:06:52.640+0000] {dagbag.py:588} INFO - Filling up the DagBag from /home/airflow/.local/lib/python3.12/site-packages/airflow/example_dags/example_task_group.py
[2025-03-10T21:06:52.648+0000] {processor.py:925} INFO - DAG(s) 'example_task_group' retrieved from /home/airflow/.local/lib/python3.12/site-packages/airflow/example_dags/example_task_group.py
[2025-03-10T21:06:52.666+0000] {logging_mixin.py:190} INFO - [2025-03-10T21:06:52.666+0000] {dag.py:3239} INFO - Sync 1 DAGs
[2025-03-10T21:06:52.679+0000] {logging_mixin.py:190} INFO - [2025-03-10T21:06:52.678+0000] {dag.py:4180} INFO - Setting next_dagrun for example_task_group to None, run_after=None
[2025-03-10T21:06:52.693+0000] {processor.py:208} INFO - Processing /home/airflow/.local/lib/python3.12/site-packages/airflow/example_dags/example_task_group.py took 0.062 seconds
[2025-03-10T21:07:23.144+0000] {processor.py:186} INFO - Started process (PID=416) to work on /home/airflow/.local/lib/python3.12/site-packages/airflow/example_dags/example_task_group.py
[2025-03-10T21:07:23.145+0000] {processor.py:914} INFO - Processing file /home/airflow/.local/lib/python3.12/site-packages/airflow/example_dags/example_task_group.py for tasks to queue
[2025-03-10T21:07:23.147+0000] {logging_mixin.py:190} INFO - [2025-03-10T21:07:23.147+0000] {dagbag.py:588} INFO - Filling up the DagBag from /home/airflow/.local/lib/python3.12/site-packages/airflow/example_dags/example_task_group.py
[2025-03-10T21:07:23.156+0000] {processor.py:925} INFO - DAG(s) 'example_task_group' retrieved from /home/airflow/.local/lib/python3.12/site-packages/airflow/example_dags/example_task_group.py
[2025-03-10T21:07:23.175+0000] {logging_mixin.py:190} INFO - [2025-03-10T21:07:23.175+0000] {dag.py:3239} INFO - Sync 1 DAGs
[2025-03-10T21:07:23.188+0000] {logging_mixin.py:190} INFO - [2025-03-10T21:07:23.188+0000] {dag.py:4180} INFO - Setting next_dagrun for example_task_group to None, run_after=None
[2025-03-10T21:07:23.206+0000] {processor.py:208} INFO - Processing /home/airflow/.local/lib/python3.12/site-packages/airflow/example_dags/example_task_group.py took 0.066 seconds
[2025-03-10T21:07:54.026+0000] {processor.py:186} INFO - Started process (PID=480) to work on /home/airflow/.local/lib/python3.12/site-packages/airflow/example_dags/example_task_group.py
[2025-03-10T21:07:54.026+0000] {processor.py:914} INFO - Processing file /home/airflow/.local/lib/python3.12/site-packages/airflow/example_dags/example_task_group.py for tasks to queue
[2025-03-10T21:07:54.029+0000] {logging_mixin.py:190} INFO - [2025-03-10T21:07:54.028+0000] {dagbag.py:588} INFO - Filling up the DagBag from /home/airflow/.local/lib/python3.12/site-packages/airflow/example_dags/example_task_group.py
[2025-03-10T21:07:54.035+0000] {processor.py:925} INFO - DAG(s) 'example_task_group' retrieved from /home/airflow/.local/lib/python3.12/site-packages/airflow/example_dags/example_task_group.py
[2025-03-10T21:07:54.051+0000] {logging_mixin.py:190} INFO - [2025-03-10T21:07:54.051+0000] {dag.py:3239} INFO - Sync 1 DAGs
[2025-03-10T21:07:54.063+0000] {logging_mixin.py:190} INFO - [2025-03-10T21:07:54.063+0000] {dag.py:4180} INFO - Setting next_dagrun for example_task_group to None, run_after=None
[2025-03-10T21:07:54.078+0000] {processor.py:208} INFO - Processing /home/airflow/.local/lib/python3.12/site-packages/airflow/example_dags/example_task_group.py took 0.059 seconds
[2025-03-10T21:08:25.426+0000] {processor.py:186} INFO - Started process (PID=544) to work on /home/airflow/.local/lib/python3.12/site-packages/airflow/example_dags/example_task_group.py
[2025-03-10T21:08:25.427+0000] {processor.py:914} INFO - Processing file /home/airflow/.local/lib/python3.12/site-packages/airflow/example_dags/example_task_group.py for tasks to queue
[2025-03-10T21:08:25.430+0000] {logging_mixin.py:190} INFO - [2025-03-10T21:08:25.429+0000] {dagbag.py:588} INFO - Filling up the DagBag from /home/airflow/.local/lib/python3.12/site-packages/airflow/example_dags/example_task_group.py
[2025-03-10T21:08:25.436+0000] {processor.py:925} INFO - DAG(s) 'example_task_group' retrieved from /home/airflow/.local/lib/python3.12/site-packages/airflow/example_dags/example_task_group.py
[2025-03-10T21:08:25.452+0000] {logging_mixin.py:190} INFO - [2025-03-10T21:08:25.452+0000] {dag.py:3239} INFO - Sync 1 DAGs
[2025-03-10T21:08:25.463+0000] {logging_mixin.py:190} INFO - [2025-03-10T21:08:25.463+0000] {dag.py:4180} INFO - Setting next_dagrun for example_task_group to None, run_after=None
[2025-03-10T21:08:25.480+0000] {processor.py:208} INFO - Processing /home/airflow/.local/lib/python3.12/site-packages/airflow/example_dags/example_task_group.py took 0.058 seconds
[2025-03-10T21:08:56.638+0000] {processor.py:186} INFO - Started process (PID=608) to work on /home/airflow/.local/lib/python3.12/site-packages/airflow/example_dags/example_task_group.py
[2025-03-10T21:08:56.639+0000] {processor.py:914} INFO - Processing file /home/airflow/.local/lib/python3.12/site-packages/airflow/example_dags/example_task_group.py for tasks to queue
[2025-03-10T21:08:56.641+0000] {logging_mixin.py:190} INFO - [2025-03-10T21:08:56.641+0000] {dagbag.py:588} INFO - Filling up the DagBag from /home/airflow/.local/lib/python3.12/site-packages/airflow/example_dags/example_task_group.py
[2025-03-10T21:08:56.648+0000] {processor.py:925} INFO - DAG(s) 'example_task_group' retrieved from /home/airflow/.local/lib/python3.12/site-packages/airflow/example_dags/example_task_group.py
[2025-03-10T21:08:56.669+0000] {logging_mixin.py:190} INFO - [2025-03-10T21:08:56.668+0000] {dag.py:3239} INFO - Sync 1 DAGs
[2025-03-10T21:08:56.682+0000] {logging_mixin.py:190} INFO - [2025-03-10T21:08:56.682+0000] {dag.py:4180} INFO - Setting next_dagrun for example_task_group to None, run_after=None
[2025-03-10T21:08:56.699+0000] {processor.py:208} INFO - Processing /home/airflow/.local/lib/python3.12/site-packages/airflow/example_dags/example_task_group.py took 0.067 seconds
[2025-03-10T21:09:27.352+0000] {processor.py:186} INFO - Started process (PID=672) to work on /home/airflow/.local/lib/python3.12/site-packages/airflow/example_dags/example_task_group.py
[2025-03-10T21:09:27.354+0000] {processor.py:914} INFO - Processing file /home/airflow/.local/lib/python3.12/site-packages/airflow/example_dags/example_task_group.py for tasks to queue
[2025-03-10T21:09:27.357+0000] {logging_mixin.py:190} INFO - [2025-03-10T21:09:27.357+0000] {dagbag.py:588} INFO - Filling up the DagBag from /home/airflow/.local/lib/python3.12/site-packages/airflow/example_dags/example_task_group.py
[2025-03-10T21:09:27.365+0000] {processor.py:925} INFO - DAG(s) 'example_task_group' retrieved from /home/airflow/.local/lib/python3.12/site-packages/airflow/example_dags/example_task_group.py
[2025-03-10T21:09:27.385+0000] {logging_mixin.py:190} INFO - [2025-03-10T21:09:27.384+0000] {dag.py:3239} INFO - Sync 1 DAGs
[2025-03-10T21:09:27.399+0000] {logging_mixin.py:190} INFO - [2025-03-10T21:09:27.399+0000] {dag.py:4180} INFO - Setting next_dagrun for example_task_group to None, run_after=None
[2025-03-10T21:09:27.421+0000] {processor.py:208} INFO - Processing /home/airflow/.local/lib/python3.12/site-packages/airflow/example_dags/example_task_group.py took 0.074 seconds
[2025-03-10T21:09:57.641+0000] {processor.py:186} INFO - Started process (PID=736) to work on /home/airflow/.local/lib/python3.12/site-packages/airflow/example_dags/example_task_group.py
[2025-03-10T21:09:57.642+0000] {processor.py:914} INFO - Processing file /home/airflow/.local/lib/python3.12/site-packages/airflow/example_dags/example_task_group.py for tasks to queue
[2025-03-10T21:09:57.644+0000] {logging_mixin.py:190} INFO - [2025-03-10T21:09:57.644+0000] {dagbag.py:588} INFO - Filling up the DagBag from /home/airflow/.local/lib/python3.12/site-packages/airflow/example_dags/example_task_group.py
[2025-03-10T21:09:57.650+0000] {processor.py:925} INFO - DAG(s) 'example_task_group' retrieved from /home/airflow/.local/lib/python3.12/site-packages/airflow/example_dags/example_task_group.py
[2025-03-10T21:09:57.667+0000] {logging_mixin.py:190} INFO - [2025-03-10T21:09:57.667+0000] {dag.py:3239} INFO - Sync 1 DAGs
[2025-03-10T21:09:57.679+0000] {logging_mixin.py:190} INFO - [2025-03-10T21:09:57.679+0000] {dag.py:4180} INFO - Setting next_dagrun for example_task_group to None, run_after=None
[2025-03-10T21:09:57.694+0000] {processor.py:208} INFO - Processing /home/airflow/.local/lib/python3.12/site-packages/airflow/example_dags/example_task_group.py took 0.058 seconds
[2025-03-10T21:10:28.644+0000] {processor.py:186} INFO - Started process (PID=800) to work on /home/airflow/.local/lib/python3.12/site-packages/airflow/example_dags/example_task_group.py
[2025-03-10T21:10:28.646+0000] {processor.py:914} INFO - Processing file /home/airflow/.local/lib/python3.12/site-packages/airflow/example_dags/example_task_group.py for tasks to queue
[2025-03-10T21:10:28.648+0000] {logging_mixin.py:190} INFO - [2025-03-10T21:10:28.648+0000] {dagbag.py:588} INFO - Filling up the DagBag from /home/airflow/.local/lib/python3.12/site-packages/airflow/example_dags/example_task_group.py
[2025-03-10T21:10:28.655+0000] {processor.py:925} INFO - DAG(s) 'example_task_group' retrieved from /home/airflow/.local/lib/python3.12/site-packages/airflow/example_dags/example_task_group.py
[2025-03-10T21:10:28.673+0000] {logging_mixin.py:190} INFO - [2025-03-10T21:10:28.673+0000] {dag.py:3239} INFO - Sync 1 DAGs
[2025-03-10T21:10:28.686+0000] {logging_mixin.py:190} INFO - [2025-03-10T21:10:28.686+0000] {dag.py:4180} INFO - Setting next_dagrun for example_task_group to None, run_after=None
[2025-03-10T21:10:28.703+0000] {processor.py:208} INFO - Processing /home/airflow/.local/lib/python3.12/site-packages/airflow/example_dags/example_task_group.py took 0.063 seconds
[2025-03-10T21:10:59.498+0000] {processor.py:186} INFO - Started process (PID=864) to work on /home/airflow/.local/lib/python3.12/site-packages/airflow/example_dags/example_task_group.py
[2025-03-10T21:10:59.499+0000] {processor.py:914} INFO - Processing file /home/airflow/.local/lib/python3.12/site-packages/airflow/example_dags/example_task_group.py for tasks to queue
[2025-03-10T21:10:59.501+0000] {logging_mixin.py:190} INFO - [2025-03-10T21:10:59.501+0000] {dagbag.py:588} INFO - Filling up the DagBag from /home/airflow/.local/lib/python3.12/site-packages/airflow/example_dags/example_task_group.py
[2025-03-10T21:10:59.507+0000] {processor.py:925} INFO - DAG(s) 'example_task_group' retrieved from /home/airflow/.local/lib/python3.12/site-packages/airflow/example_dags/example_task_group.py
[2025-03-10T21:10:59.523+0000] {logging_mixin.py:190} INFO - [2025-03-10T21:10:59.523+0000] {dag.py:3239} INFO - Sync 1 DAGs
[2025-03-10T21:10:59.534+0000] {logging_mixin.py:190} INFO - [2025-03-10T21:10:59.534+0000] {dag.py:4180} INFO - Setting next_dagrun for example_task_group to None, run_after=None
[2025-03-10T21:10:59.548+0000] {processor.py:208} INFO - Processing /home/airflow/.local/lib/python3.12/site-packages/airflow/example_dags/example_task_group.py took 0.054 seconds
[2025-03-10T21:11:30.305+0000] {processor.py:186} INFO - Started process (PID=929) to work on /home/airflow/.local/lib/python3.12/site-packages/airflow/example_dags/example_task_group.py
[2025-03-10T21:11:30.306+0000] {processor.py:914} INFO - Processing file /home/airflow/.local/lib/python3.12/site-packages/airflow/example_dags/example_task_group.py for tasks to queue
[2025-03-10T21:11:30.308+0000] {logging_mixin.py:190} INFO - [2025-03-10T21:11:30.308+0000] {dagbag.py:588} INFO - Filling up the DagBag from /home/airflow/.local/lib/python3.12/site-packages/airflow/example_dags/example_task_group.py
[2025-03-10T21:11:30.315+0000] {processor.py:925} INFO - DAG(s) 'example_task_group' retrieved from /home/airflow/.local/lib/python3.12/site-packages/airflow/example_dags/example_task_group.py
[2025-03-10T21:11:30.331+0000] {logging_mixin.py:190} INFO - [2025-03-10T21:11:30.331+0000] {dag.py:3239} INFO - Sync 1 DAGs
[2025-03-10T21:11:30.342+0000] {logging_mixin.py:190} INFO - [2025-03-10T21:11:30.342+0000] {dag.py:4180} INFO - Setting next_dagrun for example_task_group to None, run_after=None
[2025-03-10T21:11:30.356+0000] {processor.py:208} INFO - Processing /home/airflow/.local/lib/python3.12/site-packages/airflow/example_dags/example_task_group.py took 0.055 seconds
[2025-03-10T21:12:01.012+0000] {processor.py:186} INFO - Started process (PID=993) to work on /home/airflow/.local/lib/python3.12/site-packages/airflow/example_dags/example_task_group.py
[2025-03-10T21:12:01.013+0000] {processor.py:914} INFO - Processing file /home/airflow/.local/lib/python3.12/site-packages/airflow/example_dags/example_task_group.py for tasks to queue
[2025-03-10T21:12:01.015+0000] {logging_mixin.py:190} INFO - [2025-03-10T21:12:01.015+0000] {dagbag.py:588} INFO - Filling up the DagBag from /home/airflow/.local/lib/python3.12/site-packages/airflow/example_dags/example_task_group.py
[2025-03-10T21:12:01.023+0000] {processor.py:925} INFO - DAG(s) 'example_task_group' retrieved from /home/airflow/.local/lib/python3.12/site-packages/airflow/example_dags/example_task_group.py
[2025-03-10T21:12:01.039+0000] {logging_mixin.py:190} INFO - [2025-03-10T21:12:01.039+0000] {dag.py:3239} INFO - Sync 1 DAGs
[2025-03-10T21:12:01.051+0000] {logging_mixin.py:190} INFO - [2025-03-10T21:12:01.051+0000] {dag.py:4180} INFO - Setting next_dagrun for example_task_group to None, run_after=None
[2025-03-10T21:12:01.065+0000] {processor.py:208} INFO - Processing /home/airflow/.local/lib/python3.12/site-packages/airflow/example_dags/example_task_group.py took 0.058 seconds
[2025-03-10T21:12:31.884+0000] {processor.py:186} INFO - Started process (PID=1056) to work on /home/airflow/.local/lib/python3.12/site-packages/airflow/example_dags/example_task_group.py
[2025-03-10T21:12:31.884+0000] {processor.py:914} INFO - Processing file /home/airflow/.local/lib/python3.12/site-packages/airflow/example_dags/example_task_group.py for tasks to queue
[2025-03-10T21:12:31.886+0000] {logging_mixin.py:190} INFO - [2025-03-10T21:12:31.886+0000] {dagbag.py:588} INFO - Filling up the DagBag from /home/airflow/.local/lib/python3.12/site-packages/airflow/example_dags/example_task_group.py
[2025-03-10T21:12:31.893+0000] {processor.py:925} INFO - DAG(s) 'example_task_group' retrieved from /home/airflow/.local/lib/python3.12/site-packages/airflow/example_dags/example_task_group.py
[2025-03-10T21:12:31.908+0000] {logging_mixin.py:190} INFO - [2025-03-10T21:12:31.908+0000] {dag.py:3239} INFO - Sync 1 DAGs
[2025-03-10T21:12:31.919+0000] {logging_mixin.py:190} INFO - [2025-03-10T21:12:31.919+0000] {dag.py:4180} INFO - Setting next_dagrun for example_task_group to None, run_after=None
[2025-03-10T21:12:31.934+0000] {processor.py:208} INFO - Processing /home/airflow/.local/lib/python3.12/site-packages/airflow/example_dags/example_task_group.py took 0.055 seconds
[2025-03-10T21:13:02.698+0000] {processor.py:186} INFO - Started process (PID=1120) to work on /home/airflow/.local/lib/python3.12/site-packages/airflow/example_dags/example_task_group.py
[2025-03-10T21:13:02.698+0000] {processor.py:914} INFO - Processing file /home/airflow/.local/lib/python3.12/site-packages/airflow/example_dags/example_task_group.py for tasks to queue
[2025-03-10T21:13:02.700+0000] {logging_mixin.py:190} INFO - [2025-03-10T21:13:02.700+0000] {dagbag.py:588} INFO - Filling up the DagBag from /home/airflow/.local/lib/python3.12/site-packages/airflow/example_dags/example_task_group.py
[2025-03-10T21:13:02.707+0000] {processor.py:925} INFO - DAG(s) 'example_task_group' retrieved from /home/airflow/.local/lib/python3.12/site-packages/airflow/example_dags/example_task_group.py
[2025-03-10T21:13:02.723+0000] {logging_mixin.py:190} INFO - [2025-03-10T21:13:02.722+0000] {dag.py:3239} INFO - Sync 1 DAGs
[2025-03-10T21:13:02.734+0000] {logging_mixin.py:190} INFO - [2025-03-10T21:13:02.734+0000] {dag.py:4180} INFO - Setting next_dagrun for example_task_group to None, run_after=None
[2025-03-10T21:13:02.747+0000] {processor.py:208} INFO - Processing /home/airflow/.local/lib/python3.12/site-packages/airflow/example_dags/example_task_group.py took 0.054 seconds
[2025-03-10T21:13:33.124+0000] {processor.py:186} INFO - Started process (PID=1185) to work on /home/airflow/.local/lib/python3.12/site-packages/airflow/example_dags/example_task_group.py
[2025-03-10T21:13:33.125+0000] {processor.py:914} INFO - Processing file /home/airflow/.local/lib/python3.12/site-packages/airflow/example_dags/example_task_group.py for tasks to queue
[2025-03-10T21:13:33.127+0000] {logging_mixin.py:190} INFO - [2025-03-10T21:13:33.127+0000] {dagbag.py:588} INFO - Filling up the DagBag from /home/airflow/.local/lib/python3.12/site-packages/airflow/example_dags/example_task_group.py
[2025-03-10T21:13:33.134+0000] {processor.py:925} INFO - DAG(s) 'example_task_group' retrieved from /home/airflow/.local/lib/python3.12/site-packages/airflow/example_dags/example_task_group.py
[2025-03-10T21:13:33.149+0000] {logging_mixin.py:190} INFO - [2025-03-10T21:13:33.149+0000] {dag.py:3239} INFO - Sync 1 DAGs
[2025-03-10T21:13:33.160+0000] {logging_mixin.py:190} INFO - [2025-03-10T21:13:33.160+0000] {dag.py:4180} INFO - Setting next_dagrun for example_task_group to None, run_after=None
[2025-03-10T21:13:33.176+0000] {processor.py:208} INFO - Processing /home/airflow/.local/lib/python3.12/site-packages/airflow/example_dags/example_task_group.py took 0.056 seconds
[2025-03-10T21:14:04.652+0000] {processor.py:186} INFO - Started process (PID=1250) to work on /home/airflow/.local/lib/python3.12/site-packages/airflow/example_dags/example_task_group.py
[2025-03-10T21:14:04.653+0000] {processor.py:914} INFO - Processing file /home/airflow/.local/lib/python3.12/site-packages/airflow/example_dags/example_task_group.py for tasks to queue
[2025-03-10T21:14:04.655+0000] {logging_mixin.py:190} INFO - [2025-03-10T21:14:04.654+0000] {dagbag.py:588} INFO - Filling up the DagBag from /home/airflow/.local/lib/python3.12/site-packages/airflow/example_dags/example_task_group.py
[2025-03-10T21:14:04.661+0000] {processor.py:925} INFO - DAG(s) 'example_task_group' retrieved from /home/airflow/.local/lib/python3.12/site-packages/airflow/example_dags/example_task_group.py
[2025-03-10T21:14:04.677+0000] {logging_mixin.py:190} INFO - [2025-03-10T21:14:04.677+0000] {dag.py:3239} INFO - Sync 1 DAGs
[2025-03-10T21:14:04.688+0000] {logging_mixin.py:190} INFO - [2025-03-10T21:14:04.688+0000] {dag.py:4180} INFO - Setting next_dagrun for example_task_group to None, run_after=None
[2025-03-10T21:14:04.702+0000] {processor.py:208} INFO - Processing /home/airflow/.local/lib/python3.12/site-packages/airflow/example_dags/example_task_group.py took 0.055 seconds
[2025-03-10T21:14:35.448+0000] {processor.py:186} INFO - Started process (PID=1314) to work on /home/airflow/.local/lib/python3.12/site-packages/airflow/example_dags/example_task_group.py
[2025-03-10T21:14:35.448+0000] {processor.py:914} INFO - Processing file /home/airflow/.local/lib/python3.12/site-packages/airflow/example_dags/example_task_group.py for tasks to queue
[2025-03-10T21:14:35.450+0000] {logging_mixin.py:190} INFO - [2025-03-10T21:14:35.450+0000] {dagbag.py:588} INFO - Filling up the DagBag from /home/airflow/.local/lib/python3.12/site-packages/airflow/example_dags/example_task_group.py
[2025-03-10T21:14:35.457+0000] {processor.py:925} INFO - DAG(s) 'example_task_group' retrieved from /home/airflow/.local/lib/python3.12/site-packages/airflow/example_dags/example_task_group.py
[2025-03-10T21:14:35.473+0000] {logging_mixin.py:190} INFO - [2025-03-10T21:14:35.472+0000] {dag.py:3239} INFO - Sync 1 DAGs
[2025-03-10T21:14:35.484+0000] {logging_mixin.py:190} INFO - [2025-03-10T21:14:35.484+0000] {dag.py:4180} INFO - Setting next_dagrun for example_task_group to None, run_after=None
[2025-03-10T21:14:35.498+0000] {processor.py:208} INFO - Processing /home/airflow/.local/lib/python3.12/site-packages/airflow/example_dags/example_task_group.py took 0.055 seconds
[2025-03-10T21:15:06.276+0000] {processor.py:186} INFO - Started process (PID=1378) to work on /home/airflow/.local/lib/python3.12/site-packages/airflow/example_dags/example_task_group.py
[2025-03-10T21:15:06.276+0000] {processor.py:914} INFO - Processing file /home/airflow/.local/lib/python3.12/site-packages/airflow/example_dags/example_task_group.py for tasks to queue
[2025-03-10T21:15:06.279+0000] {logging_mixin.py:190} INFO - [2025-03-10T21:15:06.278+0000] {dagbag.py:588} INFO - Filling up the DagBag from /home/airflow/.local/lib/python3.12/site-packages/airflow/example_dags/example_task_group.py
[2025-03-10T21:15:06.285+0000] {processor.py:925} INFO - DAG(s) 'example_task_group' retrieved from /home/airflow/.local/lib/python3.12/site-packages/airflow/example_dags/example_task_group.py
[2025-03-10T21:15:06.302+0000] {logging_mixin.py:190} INFO - [2025-03-10T21:15:06.302+0000] {dag.py:3239} INFO - Sync 1 DAGs
[2025-03-10T21:15:06.314+0000] {logging_mixin.py:190} INFO - [2025-03-10T21:15:06.313+0000] {dag.py:4180} INFO - Setting next_dagrun for example_task_group to None, run_after=None
[2025-03-10T21:15:06.328+0000] {processor.py:208} INFO - Processing /home/airflow/.local/lib/python3.12/site-packages/airflow/example_dags/example_task_group.py took 0.058 seconds
[2025-03-10T21:15:37.166+0000] {processor.py:186} INFO - Started process (PID=1442) to work on /home/airflow/.local/lib/python3.12/site-packages/airflow/example_dags/example_task_group.py
[2025-03-10T21:15:37.166+0000] {processor.py:914} INFO - Processing file /home/airflow/.local/lib/python3.12/site-packages/airflow/example_dags/example_task_group.py for tasks to queue
[2025-03-10T21:15:37.169+0000] {logging_mixin.py:190} INFO - [2025-03-10T21:15:37.168+0000] {dagbag.py:588} INFO - Filling up the DagBag from /home/airflow/.local/lib/python3.12/site-packages/airflow/example_dags/example_task_group.py
[2025-03-10T21:15:37.176+0000] {processor.py:925} INFO - DAG(s) 'example_task_group' retrieved from /home/airflow/.local/lib/python3.12/site-packages/airflow/example_dags/example_task_group.py
[2025-03-10T21:15:37.193+0000] {logging_mixin.py:190} INFO - [2025-03-10T21:15:37.193+0000] {dag.py:3239} INFO - Sync 1 DAGs
[2025-03-10T21:15:37.205+0000] {logging_mixin.py:190} INFO - [2025-03-10T21:15:37.205+0000] {dag.py:4180} INFO - Setting next_dagrun for example_task_group to None, run_after=None
[2025-03-10T21:15:37.219+0000] {processor.py:208} INFO - Processing /home/airflow/.local/lib/python3.12/site-packages/airflow/example_dags/example_task_group.py took 0.059 seconds
[2025-03-10T21:16:07.758+0000] {processor.py:186} INFO - Started process (PID=1506) to work on /home/airflow/.local/lib/python3.12/site-packages/airflow/example_dags/example_task_group.py
[2025-03-10T21:16:07.759+0000] {processor.py:914} INFO - Processing file /home/airflow/.local/lib/python3.12/site-packages/airflow/example_dags/example_task_group.py for tasks to queue
[2025-03-10T21:16:07.762+0000] {logging_mixin.py:190} INFO - [2025-03-10T21:16:07.761+0000] {dagbag.py:588} INFO - Filling up the DagBag from /home/airflow/.local/lib/python3.12/site-packages/airflow/example_dags/example_task_group.py
[2025-03-10T21:16:07.769+0000] {processor.py:925} INFO - DAG(s) 'example_task_group' retrieved from /home/airflow/.local/lib/python3.12/site-packages/airflow/example_dags/example_task_group.py
[2025-03-10T21:16:07.786+0000] {logging_mixin.py:190} INFO - [2025-03-10T21:16:07.786+0000] {dag.py:3239} INFO - Sync 1 DAGs
[2025-03-10T21:16:07.798+0000] {logging_mixin.py:190} INFO - [2025-03-10T21:16:07.798+0000] {dag.py:4180} INFO - Setting next_dagrun for example_task_group to None, run_after=None
[2025-03-10T21:16:07.812+0000] {processor.py:208} INFO - Processing /home/airflow/.local/lib/python3.12/site-packages/airflow/example_dags/example_task_group.py took 0.060 seconds
[2025-03-10T21:16:38.388+0000] {processor.py:186} INFO - Started process (PID=1570) to work on /home/airflow/.local/lib/python3.12/site-packages/airflow/example_dags/example_task_group.py
[2025-03-10T21:16:38.389+0000] {processor.py:914} INFO - Processing file /home/airflow/.local/lib/python3.12/site-packages/airflow/example_dags/example_task_group.py for tasks to queue
[2025-03-10T21:16:38.391+0000] {logging_mixin.py:190} INFO - [2025-03-10T21:16:38.391+0000] {dagbag.py:588} INFO - Filling up the DagBag from /home/airflow/.local/lib/python3.12/site-packages/airflow/example_dags/example_task_group.py
[2025-03-10T21:16:38.398+0000] {processor.py:925} INFO - DAG(s) 'example_task_group' retrieved from /home/airflow/.local/lib/python3.12/site-packages/airflow/example_dags/example_task_group.py
[2025-03-10T21:16:38.414+0000] {logging_mixin.py:190} INFO - [2025-03-10T21:16:38.414+0000] {dag.py:3239} INFO - Sync 1 DAGs
[2025-03-10T21:16:38.425+0000] {logging_mixin.py:190} INFO - [2025-03-10T21:16:38.425+0000] {dag.py:4180} INFO - Setting next_dagrun for example_task_group to None, run_after=None
[2025-03-10T21:16:38.439+0000] {processor.py:208} INFO - Processing /home/airflow/.local/lib/python3.12/site-packages/airflow/example_dags/example_task_group.py took 0.057 seconds
[2025-03-10T21:17:09.073+0000] {processor.py:186} INFO - Started process (PID=1634) to work on /home/airflow/.local/lib/python3.12/site-packages/airflow/example_dags/example_task_group.py
[2025-03-10T21:17:09.073+0000] {processor.py:914} INFO - Processing file /home/airflow/.local/lib/python3.12/site-packages/airflow/example_dags/example_task_group.py for tasks to queue
[2025-03-10T21:17:09.075+0000] {logging_mixin.py:190} INFO - [2025-03-10T21:17:09.075+0000] {dagbag.py:588} INFO - Filling up the DagBag from /home/airflow/.local/lib/python3.12/site-packages/airflow/example_dags/example_task_group.py
[2025-03-10T21:17:09.086+0000] {processor.py:925} INFO - DAG(s) 'example_task_group' retrieved from /home/airflow/.local/lib/python3.12/site-packages/airflow/example_dags/example_task_group.py
[2025-03-10T21:17:09.103+0000] {logging_mixin.py:190} INFO - [2025-03-10T21:17:09.103+0000] {dag.py:3239} INFO - Sync 1 DAGs
[2025-03-10T21:17:09.114+0000] {logging_mixin.py:190} INFO - [2025-03-10T21:17:09.114+0000] {dag.py:4180} INFO - Setting next_dagrun for example_task_group to None, run_after=None
[2025-03-10T21:17:09.132+0000] {processor.py:208} INFO - Processing /home/airflow/.local/lib/python3.12/site-packages/airflow/example_dags/example_task_group.py took 0.064 seconds
[2025-03-10T21:17:39.831+0000] {processor.py:186} INFO - Started process (PID=1698) to work on /home/airflow/.local/lib/python3.12/site-packages/airflow/example_dags/example_task_group.py
[2025-03-10T21:17:39.832+0000] {processor.py:914} INFO - Processing file /home/airflow/.local/lib/python3.12/site-packages/airflow/example_dags/example_task_group.py for tasks to queue
[2025-03-10T21:17:39.836+0000] {logging_mixin.py:190} INFO - [2025-03-10T21:17:39.835+0000] {dagbag.py:588} INFO - Filling up the DagBag from /home/airflow/.local/lib/python3.12/site-packages/airflow/example_dags/example_task_group.py
[2025-03-10T21:17:39.843+0000] {processor.py:925} INFO - DAG(s) 'example_task_group' retrieved from /home/airflow/.local/lib/python3.12/site-packages/airflow/example_dags/example_task_group.py
[2025-03-10T21:17:39.861+0000] {logging_mixin.py:190} INFO - [2025-03-10T21:17:39.861+0000] {dag.py:3239} INFO - Sync 1 DAGs
[2025-03-10T21:17:39.874+0000] {logging_mixin.py:190} INFO - [2025-03-10T21:17:39.874+0000] {dag.py:4180} INFO - Setting next_dagrun for example_task_group to None, run_after=None
[2025-03-10T21:17:39.893+0000] {processor.py:208} INFO - Processing /home/airflow/.local/lib/python3.12/site-packages/airflow/example_dags/example_task_group.py took 0.067 seconds
[2025-03-10T21:18:10.436+0000] {processor.py:186} INFO - Started process (PID=1761) to work on /home/airflow/.local/lib/python3.12/site-packages/airflow/example_dags/example_task_group.py
[2025-03-10T21:18:10.438+0000] {processor.py:914} INFO - Processing file /home/airflow/.local/lib/python3.12/site-packages/airflow/example_dags/example_task_group.py for tasks to queue
[2025-03-10T21:18:10.441+0000] {logging_mixin.py:190} INFO - [2025-03-10T21:18:10.440+0000] {dagbag.py:588} INFO - Filling up the DagBag from /home/airflow/.local/lib/python3.12/site-packages/airflow/example_dags/example_task_group.py
[2025-03-10T21:18:10.448+0000] {processor.py:925} INFO - DAG(s) 'example_task_group' retrieved from /home/airflow/.local/lib/python3.12/site-packages/airflow/example_dags/example_task_group.py
[2025-03-10T21:18:10.464+0000] {logging_mixin.py:190} INFO - [2025-03-10T21:18:10.463+0000] {dag.py:3239} INFO - Sync 1 DAGs
[2025-03-10T21:18:10.476+0000] {logging_mixin.py:190} INFO - [2025-03-10T21:18:10.475+0000] {dag.py:4180} INFO - Setting next_dagrun for example_task_group to None, run_after=None
[2025-03-10T21:18:10.494+0000] {processor.py:208} INFO - Processing /home/airflow/.local/lib/python3.12/site-packages/airflow/example_dags/example_task_group.py took 0.062 seconds
[2025-03-10T21:18:41.574+0000] {processor.py:186} INFO - Started process (PID=1826) to work on /home/airflow/.local/lib/python3.12/site-packages/airflow/example_dags/example_task_group.py
[2025-03-10T21:18:41.574+0000] {processor.py:914} INFO - Processing file /home/airflow/.local/lib/python3.12/site-packages/airflow/example_dags/example_task_group.py for tasks to queue
[2025-03-10T21:18:41.577+0000] {logging_mixin.py:190} INFO - [2025-03-10T21:18:41.576+0000] {dagbag.py:588} INFO - Filling up the DagBag from /home/airflow/.local/lib/python3.12/site-packages/airflow/example_dags/example_task_group.py
[2025-03-10T21:18:41.583+0000] {processor.py:925} INFO - DAG(s) 'example_task_group' retrieved from /home/airflow/.local/lib/python3.12/site-packages/airflow/example_dags/example_task_group.py
[2025-03-10T21:18:41.599+0000] {logging_mixin.py:190} INFO - [2025-03-10T21:18:41.599+0000] {dag.py:3239} INFO - Sync 1 DAGs
[2025-03-10T21:18:41.615+0000] {logging_mixin.py:190} INFO - [2025-03-10T21:18:41.615+0000] {dag.py:4180} INFO - Setting next_dagrun for example_task_group to None, run_after=None
[2025-03-10T21:18:41.637+0000] {processor.py:208} INFO - Processing /home/airflow/.local/lib/python3.12/site-packages/airflow/example_dags/example_task_group.py took 0.068 seconds
[2025-03-10T21:19:12.254+0000] {processor.py:186} INFO - Started process (PID=1890) to work on /home/airflow/.local/lib/python3.12/site-packages/airflow/example_dags/example_task_group.py
[2025-03-10T21:19:12.255+0000] {processor.py:914} INFO - Processing file /home/airflow/.local/lib/python3.12/site-packages/airflow/example_dags/example_task_group.py for tasks to queue
[2025-03-10T21:19:12.257+0000] {logging_mixin.py:190} INFO - [2025-03-10T21:19:12.256+0000] {dagbag.py:588} INFO - Filling up the DagBag from /home/airflow/.local/lib/python3.12/site-packages/airflow/example_dags/example_task_group.py
[2025-03-10T21:19:12.263+0000] {processor.py:925} INFO - DAG(s) 'example_task_group' retrieved from /home/airflow/.local/lib/python3.12/site-packages/airflow/example_dags/example_task_group.py
[2025-03-10T21:19:12.279+0000] {logging_mixin.py:190} INFO - [2025-03-10T21:19:12.279+0000] {dag.py:3239} INFO - Sync 1 DAGs
[2025-03-10T21:19:12.290+0000] {logging_mixin.py:190} INFO - [2025-03-10T21:19:12.289+0000] {dag.py:4180} INFO - Setting next_dagrun for example_task_group to None, run_after=None
[2025-03-10T21:19:12.303+0000] {processor.py:208} INFO - Processing /home/airflow/.local/lib/python3.12/site-packages/airflow/example_dags/example_task_group.py took 0.053 seconds
[2025-03-10T21:19:42.925+0000] {processor.py:186} INFO - Started process (PID=1955) to work on /home/airflow/.local/lib/python3.12/site-packages/airflow/example_dags/example_task_group.py
[2025-03-10T21:19:42.926+0000] {processor.py:914} INFO - Processing file /home/airflow/.local/lib/python3.12/site-packages/airflow/example_dags/example_task_group.py for tasks to queue
[2025-03-10T21:19:42.928+0000] {logging_mixin.py:190} INFO - [2025-03-10T21:19:42.928+0000] {dagbag.py:588} INFO - Filling up the DagBag from /home/airflow/.local/lib/python3.12/site-packages/airflow/example_dags/example_task_group.py
[2025-03-10T21:19:42.936+0000] {processor.py:925} INFO - DAG(s) 'example_task_group' retrieved from /home/airflow/.local/lib/python3.12/site-packages/airflow/example_dags/example_task_group.py
[2025-03-10T21:19:42.954+0000] {logging_mixin.py:190} INFO - [2025-03-10T21:19:42.954+0000] {dag.py:3239} INFO - Sync 1 DAGs
[2025-03-10T21:19:42.967+0000] {logging_mixin.py:190} INFO - [2025-03-10T21:19:42.966+0000] {dag.py:4180} INFO - Setting next_dagrun for example_task_group to None, run_after=None
[2025-03-10T21:19:42.982+0000] {processor.py:208} INFO - Processing /home/airflow/.local/lib/python3.12/site-packages/airflow/example_dags/example_task_group.py took 0.061 seconds
[2025-03-10T21:20:13.902+0000] {processor.py:186} INFO - Started process (PID=2019) to work on /home/airflow/.local/lib/python3.12/site-packages/airflow/example_dags/example_task_group.py
[2025-03-10T21:20:13.903+0000] {processor.py:914} INFO - Processing file /home/airflow/.local/lib/python3.12/site-packages/airflow/example_dags/example_task_group.py for tasks to queue
[2025-03-10T21:20:13.905+0000] {logging_mixin.py:190} INFO - [2025-03-10T21:20:13.905+0000] {dagbag.py:588} INFO - Filling up the DagBag from /home/airflow/.local/lib/python3.12/site-packages/airflow/example_dags/example_task_group.py
[2025-03-10T21:20:13.914+0000] {processor.py:925} INFO - DAG(s) 'example_task_group' retrieved from /home/airflow/.local/lib/python3.12/site-packages/airflow/example_dags/example_task_group.py
[2025-03-10T21:20:13.937+0000] {logging_mixin.py:190} INFO - [2025-03-10T21:20:13.937+0000] {dag.py:3239} INFO - Sync 1 DAGs
[2025-03-10T21:20:13.954+0000] {logging_mixin.py:190} INFO - [2025-03-10T21:20:13.954+0000] {dag.py:4180} INFO - Setting next_dagrun for example_task_group to None, run_after=None
[2025-03-10T21:20:13.974+0000] {processor.py:208} INFO - Processing /home/airflow/.local/lib/python3.12/site-packages/airflow/example_dags/example_task_group.py took 0.077 seconds
[2025-03-10T21:20:44.526+0000] {processor.py:186} INFO - Started process (PID=2083) to work on /home/airflow/.local/lib/python3.12/site-packages/airflow/example_dags/example_task_group.py
[2025-03-10T21:20:44.528+0000] {processor.py:914} INFO - Processing file /home/airflow/.local/lib/python3.12/site-packages/airflow/example_dags/example_task_group.py for tasks to queue
[2025-03-10T21:20:44.532+0000] {logging_mixin.py:190} INFO - [2025-03-10T21:20:44.532+0000] {dagbag.py:588} INFO - Filling up the DagBag from /home/airflow/.local/lib/python3.12/site-packages/airflow/example_dags/example_task_group.py
[2025-03-10T21:20:44.540+0000] {processor.py:925} INFO - DAG(s) 'example_task_group' retrieved from /home/airflow/.local/lib/python3.12/site-packages/airflow/example_dags/example_task_group.py
[2025-03-10T21:20:44.559+0000] {logging_mixin.py:190} INFO - [2025-03-10T21:20:44.559+0000] {dag.py:3239} INFO - Sync 1 DAGs
[2025-03-10T21:20:44.572+0000] {logging_mixin.py:190} INFO - [2025-03-10T21:20:44.572+0000] {dag.py:4180} INFO - Setting next_dagrun for example_task_group to None, run_after=None
[2025-03-10T21:20:44.588+0000] {processor.py:208} INFO - Processing /home/airflow/.local/lib/python3.12/site-packages/airflow/example_dags/example_task_group.py took 0.068 seconds
[2025-03-10T21:21:15.487+0000] {processor.py:186} INFO - Started process (PID=2147) to work on /home/airflow/.local/lib/python3.12/site-packages/airflow/example_dags/example_task_group.py
[2025-03-10T21:21:15.487+0000] {processor.py:914} INFO - Processing file /home/airflow/.local/lib/python3.12/site-packages/airflow/example_dags/example_task_group.py for tasks to queue
[2025-03-10T21:21:15.489+0000] {logging_mixin.py:190} INFO - [2025-03-10T21:21:15.489+0000] {dagbag.py:588} INFO - Filling up the DagBag from /home/airflow/.local/lib/python3.12/site-packages/airflow/example_dags/example_task_group.py
[2025-03-10T21:21:15.496+0000] {processor.py:925} INFO - DAG(s) 'example_task_group' retrieved from /home/airflow/.local/lib/python3.12/site-packages/airflow/example_dags/example_task_group.py
[2025-03-10T21:21:15.512+0000] {logging_mixin.py:190} INFO - [2025-03-10T21:21:15.512+0000] {dag.py:3239} INFO - Sync 1 DAGs
[2025-03-10T21:21:15.523+0000] {logging_mixin.py:190} INFO - [2025-03-10T21:21:15.523+0000] {dag.py:4180} INFO - Setting next_dagrun for example_task_group to None, run_after=None
[2025-03-10T21:21:15.539+0000] {processor.py:208} INFO - Processing /home/airflow/.local/lib/python3.12/site-packages/airflow/example_dags/example_task_group.py took 0.057 seconds
[2025-03-10T21:21:46.425+0000] {processor.py:186} INFO - Started process (PID=2211) to work on /home/airflow/.local/lib/python3.12/site-packages/airflow/example_dags/example_task_group.py
[2025-03-10T21:21:46.426+0000] {processor.py:914} INFO - Processing file /home/airflow/.local/lib/python3.12/site-packages/airflow/example_dags/example_task_group.py for tasks to queue
[2025-03-10T21:21:46.428+0000] {logging_mixin.py:190} INFO - [2025-03-10T21:21:46.428+0000] {dagbag.py:588} INFO - Filling up the DagBag from /home/airflow/.local/lib/python3.12/site-packages/airflow/example_dags/example_task_group.py
[2025-03-10T21:21:46.435+0000] {processor.py:925} INFO - DAG(s) 'example_task_group' retrieved from /home/airflow/.local/lib/python3.12/site-packages/airflow/example_dags/example_task_group.py
[2025-03-10T21:21:46.451+0000] {logging_mixin.py:190} INFO - [2025-03-10T21:21:46.451+0000] {dag.py:3239} INFO - Sync 1 DAGs
[2025-03-10T21:21:46.462+0000] {logging_mixin.py:190} INFO - [2025-03-10T21:21:46.462+0000] {dag.py:4180} INFO - Setting next_dagrun for example_task_group to None, run_after=None
[2025-03-10T21:21:46.478+0000] {processor.py:208} INFO - Processing /home/airflow/.local/lib/python3.12/site-packages/airflow/example_dags/example_task_group.py took 0.058 seconds
[2025-03-10T21:22:17.851+0000] {processor.py:186} INFO - Started process (PID=2275) to work on /home/airflow/.local/lib/python3.12/site-packages/airflow/example_dags/example_task_group.py
[2025-03-10T21:22:17.852+0000] {processor.py:914} INFO - Processing file /home/airflow/.local/lib/python3.12/site-packages/airflow/example_dags/example_task_group.py for tasks to queue
[2025-03-10T21:22:17.854+0000] {logging_mixin.py:190} INFO - [2025-03-10T21:22:17.854+0000] {dagbag.py:588} INFO - Filling up the DagBag from /home/airflow/.local/lib/python3.12/site-packages/airflow/example_dags/example_task_group.py
[2025-03-10T21:22:17.861+0000] {processor.py:925} INFO - DAG(s) 'example_task_group' retrieved from /home/airflow/.local/lib/python3.12/site-packages/airflow/example_dags/example_task_group.py
[2025-03-10T21:22:17.878+0000] {logging_mixin.py:190} INFO - [2025-03-10T21:22:17.878+0000] {dag.py:3239} INFO - Sync 1 DAGs
[2025-03-10T21:22:17.893+0000] {logging_mixin.py:190} INFO - [2025-03-10T21:22:17.893+0000] {dag.py:4180} INFO - Setting next_dagrun for example_task_group to None, run_after=None
[2025-03-10T21:22:17.907+0000] {processor.py:208} INFO - Processing /home/airflow/.local/lib/python3.12/site-packages/airflow/example_dags/example_task_group.py took 0.064 seconds
[2025-03-10T21:22:48.990+0000] {processor.py:186} INFO - Started process (PID=2339) to work on /home/airflow/.local/lib/python3.12/site-packages/airflow/example_dags/example_task_group.py
[2025-03-10T21:22:48.991+0000] {processor.py:914} INFO - Processing file /home/airflow/.local/lib/python3.12/site-packages/airflow/example_dags/example_task_group.py for tasks to queue
[2025-03-10T21:22:48.993+0000] {logging_mixin.py:190} INFO - [2025-03-10T21:22:48.993+0000] {dagbag.py:588} INFO - Filling up the DagBag from /home/airflow/.local/lib/python3.12/site-packages/airflow/example_dags/example_task_group.py
[2025-03-10T21:22:49.000+0000] {processor.py:925} INFO - DAG(s) 'example_task_group' retrieved from /home/airflow/.local/lib/python3.12/site-packages/airflow/example_dags/example_task_group.py
[2025-03-10T21:22:49.017+0000] {logging_mixin.py:190} INFO - [2025-03-10T21:22:49.017+0000] {dag.py:3239} INFO - Sync 1 DAGs
[2025-03-10T21:22:49.029+0000] {logging_mixin.py:190} INFO - [2025-03-10T21:22:49.029+0000] {dag.py:4180} INFO - Setting next_dagrun for example_task_group to None, run_after=None
[2025-03-10T21:22:49.048+0000] {processor.py:208} INFO - Processing /home/airflow/.local/lib/python3.12/site-packages/airflow/example_dags/example_task_group.py took 0.063 seconds
[2025-03-10T21:23:19.950+0000] {processor.py:186} INFO - Started process (PID=2403) to work on /home/airflow/.local/lib/python3.12/site-packages/airflow/example_dags/example_task_group.py
[2025-03-10T21:23:19.952+0000] {processor.py:914} INFO - Processing file /home/airflow/.local/lib/python3.12/site-packages/airflow/example_dags/example_task_group.py for tasks to queue
[2025-03-10T21:23:19.955+0000] {logging_mixin.py:190} INFO - [2025-03-10T21:23:19.954+0000] {dagbag.py:588} INFO - Filling up the DagBag from /home/airflow/.local/lib/python3.12/site-packages/airflow/example_dags/example_task_group.py
[2025-03-10T21:23:19.966+0000] {processor.py:925} INFO - DAG(s) 'example_task_group' retrieved from /home/airflow/.local/lib/python3.12/site-packages/airflow/example_dags/example_task_group.py
[2025-03-10T21:23:19.986+0000] {logging_mixin.py:190} INFO - [2025-03-10T21:23:19.985+0000] {dag.py:3239} INFO - Sync 1 DAGs
[2025-03-10T21:23:19.998+0000] {logging_mixin.py:190} INFO - [2025-03-10T21:23:19.998+0000] {dag.py:4180} INFO - Setting next_dagrun for example_task_group to None, run_after=None
[2025-03-10T21:23:20.014+0000] {processor.py:208} INFO - Processing /home/airflow/.local/lib/python3.12/site-packages/airflow/example_dags/example_task_group.py took 0.071 seconds
[2025-03-10T21:23:50.810+0000] {processor.py:186} INFO - Started process (PID=2473) to work on /home/airflow/.local/lib/python3.12/site-packages/airflow/example_dags/example_task_group.py
[2025-03-10T21:23:50.811+0000] {processor.py:914} INFO - Processing file /home/airflow/.local/lib/python3.12/site-packages/airflow/example_dags/example_task_group.py for tasks to queue
[2025-03-10T21:23:50.812+0000] {logging_mixin.py:190} INFO - [2025-03-10T21:23:50.812+0000] {dagbag.py:588} INFO - Filling up the DagBag from /home/airflow/.local/lib/python3.12/site-packages/airflow/example_dags/example_task_group.py
[2025-03-10T21:23:50.820+0000] {processor.py:925} INFO - DAG(s) 'example_task_group' retrieved from /home/airflow/.local/lib/python3.12/site-packages/airflow/example_dags/example_task_group.py
[2025-03-10T21:23:50.838+0000] {logging_mixin.py:190} INFO - [2025-03-10T21:23:50.837+0000] {dag.py:3239} INFO - Sync 1 DAGs
[2025-03-10T21:23:50.851+0000] {logging_mixin.py:190} INFO - [2025-03-10T21:23:50.850+0000] {dag.py:4180} INFO - Setting next_dagrun for example_task_group to None, run_after=None
[2025-03-10T21:23:50.868+0000] {processor.py:208} INFO - Processing /home/airflow/.local/lib/python3.12/site-packages/airflow/example_dags/example_task_group.py took 0.063 seconds
[2025-03-10T21:24:27.545+0000] {processor.py:186} INFO - Started process (PID=2537) to work on /home/airflow/.local/lib/python3.12/site-packages/airflow/example_dags/example_task_group.py
[2025-03-10T21:24:27.546+0000] {processor.py:914} INFO - Processing file /home/airflow/.local/lib/python3.12/site-packages/airflow/example_dags/example_task_group.py for tasks to queue
[2025-03-10T21:24:27.549+0000] {logging_mixin.py:190} INFO - [2025-03-10T21:24:27.548+0000] {dagbag.py:588} INFO - Filling up the DagBag from /home/airflow/.local/lib/python3.12/site-packages/airflow/example_dags/example_task_group.py
[2025-03-10T21:24:27.556+0000] {processor.py:925} INFO - DAG(s) 'example_task_group' retrieved from /home/airflow/.local/lib/python3.12/site-packages/airflow/example_dags/example_task_group.py
[2025-03-10T21:24:27.573+0000] {logging_mixin.py:190} INFO - [2025-03-10T21:24:27.573+0000] {dag.py:3239} INFO - Sync 1 DAGs
[2025-03-10T21:24:27.586+0000] {logging_mixin.py:190} INFO - [2025-03-10T21:24:27.586+0000] {dag.py:4180} INFO - Setting next_dagrun for example_task_group to None, run_after=None
[2025-03-10T21:24:27.607+0000] {processor.py:208} INFO - Processing /home/airflow/.local/lib/python3.12/site-packages/airflow/example_dags/example_task_group.py took 0.067 seconds
[2025-03-10T21:24:59.183+0000] {processor.py:186} INFO - Started process (PID=2601) to work on /home/airflow/.local/lib/python3.12/site-packages/airflow/example_dags/example_task_group.py
[2025-03-10T21:24:59.184+0000] {processor.py:914} INFO - Processing file /home/airflow/.local/lib/python3.12/site-packages/airflow/example_dags/example_task_group.py for tasks to queue
[2025-03-10T21:24:59.186+0000] {logging_mixin.py:190} INFO - [2025-03-10T21:24:59.185+0000] {dagbag.py:588} INFO - Filling up the DagBag from /home/airflow/.local/lib/python3.12/site-packages/airflow/example_dags/example_task_group.py
[2025-03-10T21:24:59.193+0000] {processor.py:925} INFO - DAG(s) 'example_task_group' retrieved from /home/airflow/.local/lib/python3.12/site-packages/airflow/example_dags/example_task_group.py
[2025-03-10T21:24:59.211+0000] {logging_mixin.py:190} INFO - [2025-03-10T21:24:59.211+0000] {dag.py:3239} INFO - Sync 1 DAGs
[2025-03-10T21:24:59.225+0000] {logging_mixin.py:190} INFO - [2025-03-10T21:24:59.225+0000] {dag.py:4180} INFO - Setting next_dagrun for example_task_group to None, run_after=None
[2025-03-10T21:24:59.244+0000] {processor.py:208} INFO - Processing /home/airflow/.local/lib/python3.12/site-packages/airflow/example_dags/example_task_group.py took 0.068 seconds
[2025-03-10T21:25:30.364+0000] {processor.py:186} INFO - Started process (PID=2664) to work on /home/airflow/.local/lib/python3.12/site-packages/airflow/example_dags/example_task_group.py
[2025-03-10T21:25:30.365+0000] {processor.py:914} INFO - Processing file /home/airflow/.local/lib/python3.12/site-packages/airflow/example_dags/example_task_group.py for tasks to queue
[2025-03-10T21:25:30.367+0000] {logging_mixin.py:190} INFO - [2025-03-10T21:25:30.367+0000] {dagbag.py:588} INFO - Filling up the DagBag from /home/airflow/.local/lib/python3.12/site-packages/airflow/example_dags/example_task_group.py
[2025-03-10T21:25:30.374+0000] {processor.py:925} INFO - DAG(s) 'example_task_group' retrieved from /home/airflow/.local/lib/python3.12/site-packages/airflow/example_dags/example_task_group.py
[2025-03-10T21:25:30.392+0000] {logging_mixin.py:190} INFO - [2025-03-10T21:25:30.392+0000] {dag.py:3239} INFO - Sync 1 DAGs
[2025-03-10T21:25:30.405+0000] {logging_mixin.py:190} INFO - [2025-03-10T21:25:30.405+0000] {dag.py:4180} INFO - Setting next_dagrun for example_task_group to None, run_after=None
[2025-03-10T21:25:30.422+0000] {processor.py:208} INFO - Processing /home/airflow/.local/lib/python3.12/site-packages/airflow/example_dags/example_task_group.py took 0.064 seconds
[2025-03-10T21:26:01.402+0000] {processor.py:186} INFO - Started process (PID=2729) to work on /home/airflow/.local/lib/python3.12/site-packages/airflow/example_dags/example_task_group.py
[2025-03-10T21:26:01.403+0000] {processor.py:914} INFO - Processing file /home/airflow/.local/lib/python3.12/site-packages/airflow/example_dags/example_task_group.py for tasks to queue
[2025-03-10T21:26:01.406+0000] {logging_mixin.py:190} INFO - [2025-03-10T21:26:01.405+0000] {dagbag.py:588} INFO - Filling up the DagBag from /home/airflow/.local/lib/python3.12/site-packages/airflow/example_dags/example_task_group.py
[2025-03-10T21:26:01.413+0000] {processor.py:925} INFO - DAG(s) 'example_task_group' retrieved from /home/airflow/.local/lib/python3.12/site-packages/airflow/example_dags/example_task_group.py
[2025-03-10T21:26:01.433+0000] {logging_mixin.py:190} INFO - [2025-03-10T21:26:01.433+0000] {dag.py:3239} INFO - Sync 1 DAGs
[2025-03-10T21:26:01.446+0000] {logging_mixin.py:190} INFO - [2025-03-10T21:26:01.445+0000] {dag.py:4180} INFO - Setting next_dagrun for example_task_group to None, run_after=None
[2025-03-10T21:26:01.461+0000] {processor.py:208} INFO - Processing /home/airflow/.local/lib/python3.12/site-packages/airflow/example_dags/example_task_group.py took 0.064 seconds
[2025-03-10T21:26:32.694+0000] {processor.py:186} INFO - Started process (PID=2794) to work on /home/airflow/.local/lib/python3.12/site-packages/airflow/example_dags/example_task_group.py
[2025-03-10T21:26:32.695+0000] {processor.py:914} INFO - Processing file /home/airflow/.local/lib/python3.12/site-packages/airflow/example_dags/example_task_group.py for tasks to queue
[2025-03-10T21:26:32.697+0000] {logging_mixin.py:190} INFO - [2025-03-10T21:26:32.697+0000] {dagbag.py:588} INFO - Filling up the DagBag from /home/airflow/.local/lib/python3.12/site-packages/airflow/example_dags/example_task_group.py
[2025-03-10T21:26:32.708+0000] {processor.py:925} INFO - DAG(s) 'example_task_group' retrieved from /home/airflow/.local/lib/python3.12/site-packages/airflow/example_dags/example_task_group.py
[2025-03-10T21:26:32.725+0000] {logging_mixin.py:190} INFO - [2025-03-10T21:26:32.725+0000] {dag.py:3239} INFO - Sync 1 DAGs
[2025-03-10T21:26:32.738+0000] {logging_mixin.py:190} INFO - [2025-03-10T21:26:32.738+0000] {dag.py:4180} INFO - Setting next_dagrun for example_task_group to None, run_after=None
[2025-03-10T21:26:32.753+0000] {processor.py:208} INFO - Processing /home/airflow/.local/lib/python3.12/site-packages/airflow/example_dags/example_task_group.py took 0.064 seconds
[2025-03-10T21:27:03.661+0000] {processor.py:186} INFO - Started process (PID=2858) to work on /home/airflow/.local/lib/python3.12/site-packages/airflow/example_dags/example_task_group.py
[2025-03-10T21:27:03.662+0000] {processor.py:914} INFO - Processing file /home/airflow/.local/lib/python3.12/site-packages/airflow/example_dags/example_task_group.py for tasks to queue
[2025-03-10T21:27:03.665+0000] {logging_mixin.py:190} INFO - [2025-03-10T21:27:03.665+0000] {dagbag.py:588} INFO - Filling up the DagBag from /home/airflow/.local/lib/python3.12/site-packages/airflow/example_dags/example_task_group.py
[2025-03-10T21:27:03.673+0000] {processor.py:925} INFO - DAG(s) 'example_task_group' retrieved from /home/airflow/.local/lib/python3.12/site-packages/airflow/example_dags/example_task_group.py
[2025-03-10T21:27:03.704+0000] {logging_mixin.py:190} INFO - [2025-03-10T21:27:03.703+0000] {dag.py:3239} INFO - Sync 1 DAGs
[2025-03-10T21:27:03.726+0000] {logging_mixin.py:190} INFO - [2025-03-10T21:27:03.726+0000] {dag.py:4180} INFO - Setting next_dagrun for example_task_group to None, run_after=None
[2025-03-10T21:27:03.764+0000] {processor.py:208} INFO - Processing /home/airflow/.local/lib/python3.12/site-packages/airflow/example_dags/example_task_group.py took 0.108 seconds
[2025-03-10T21:27:35.563+0000] {processor.py:186} INFO - Started process (PID=2923) to work on /home/airflow/.local/lib/python3.12/site-packages/airflow/example_dags/example_task_group.py
[2025-03-10T21:27:35.564+0000] {processor.py:914} INFO - Processing file /home/airflow/.local/lib/python3.12/site-packages/airflow/example_dags/example_task_group.py for tasks to queue
[2025-03-10T21:27:35.566+0000] {logging_mixin.py:190} INFO - [2025-03-10T21:27:35.566+0000] {dagbag.py:588} INFO - Filling up the DagBag from /home/airflow/.local/lib/python3.12/site-packages/airflow/example_dags/example_task_group.py
[2025-03-10T21:27:35.573+0000] {processor.py:925} INFO - DAG(s) 'example_task_group' retrieved from /home/airflow/.local/lib/python3.12/site-packages/airflow/example_dags/example_task_group.py
[2025-03-10T21:27:35.590+0000] {logging_mixin.py:190} INFO - [2025-03-10T21:27:35.590+0000] {dag.py:3239} INFO - Sync 1 DAGs
[2025-03-10T21:27:35.602+0000] {logging_mixin.py:190} INFO - [2025-03-10T21:27:35.602+0000] {dag.py:4180} INFO - Setting next_dagrun for example_task_group to None, run_after=None
[2025-03-10T21:27:35.623+0000] {processor.py:208} INFO - Processing /home/airflow/.local/lib/python3.12/site-packages/airflow/example_dags/example_task_group.py took 0.064 seconds
[2025-03-10T21:28:44.742+0000] {processor.py:186} INFO - Started process (PID=3004) to work on /home/airflow/.local/lib/python3.12/site-packages/airflow/example_dags/example_task_group.py
[2025-03-10T21:28:44.743+0000] {processor.py:914} INFO - Processing file /home/airflow/.local/lib/python3.12/site-packages/airflow/example_dags/example_task_group.py for tasks to queue
[2025-03-10T21:28:44.746+0000] {logging_mixin.py:190} INFO - [2025-03-10T21:28:44.746+0000] {dagbag.py:588} INFO - Filling up the DagBag from /home/airflow/.local/lib/python3.12/site-packages/airflow/example_dags/example_task_group.py
[2025-03-10T21:28:44.756+0000] {processor.py:925} INFO - DAG(s) 'example_task_group' retrieved from /home/airflow/.local/lib/python3.12/site-packages/airflow/example_dags/example_task_group.py
[2025-03-10T21:28:44.778+0000] {logging_mixin.py:190} INFO - [2025-03-10T21:28:44.778+0000] {dag.py:3239} INFO - Sync 1 DAGs
[2025-03-10T21:28:44.793+0000] {logging_mixin.py:190} INFO - [2025-03-10T21:28:44.792+0000] {dag.py:4180} INFO - Setting next_dagrun for example_task_group to None, run_after=None
[2025-03-10T21:28:44.810+0000] {processor.py:208} INFO - Processing /home/airflow/.local/lib/python3.12/site-packages/airflow/example_dags/example_task_group.py took 0.074 seconds
[2025-03-10T21:29:15.198+0000] {processor.py:186} INFO - Started process (PID=3068) to work on /home/airflow/.local/lib/python3.12/site-packages/airflow/example_dags/example_task_group.py
[2025-03-10T21:29:15.199+0000] {processor.py:914} INFO - Processing file /home/airflow/.local/lib/python3.12/site-packages/airflow/example_dags/example_task_group.py for tasks to queue
[2025-03-10T21:29:15.203+0000] {logging_mixin.py:190} INFO - [2025-03-10T21:29:15.202+0000] {dagbag.py:588} INFO - Filling up the DagBag from /home/airflow/.local/lib/python3.12/site-packages/airflow/example_dags/example_task_group.py
[2025-03-10T21:29:15.211+0000] {processor.py:925} INFO - DAG(s) 'example_task_group' retrieved from /home/airflow/.local/lib/python3.12/site-packages/airflow/example_dags/example_task_group.py
[2025-03-10T21:29:15.229+0000] {logging_mixin.py:190} INFO - [2025-03-10T21:29:15.229+0000] {dag.py:3239} INFO - Sync 1 DAGs
[2025-03-10T21:29:15.243+0000] {logging_mixin.py:190} INFO - [2025-03-10T21:29:15.242+0000] {dag.py:4180} INFO - Setting next_dagrun for example_task_group to None, run_after=None
[2025-03-10T21:29:15.263+0000] {processor.py:208} INFO - Processing /home/airflow/.local/lib/python3.12/site-packages/airflow/example_dags/example_task_group.py took 0.072 seconds
[2025-03-10T21:29:46.329+0000] {processor.py:186} INFO - Started process (PID=3132) to work on /home/airflow/.local/lib/python3.12/site-packages/airflow/example_dags/example_task_group.py
[2025-03-10T21:29:46.331+0000] {processor.py:914} INFO - Processing file /home/airflow/.local/lib/python3.12/site-packages/airflow/example_dags/example_task_group.py for tasks to queue
[2025-03-10T21:29:46.333+0000] {logging_mixin.py:190} INFO - [2025-03-10T21:29:46.333+0000] {dagbag.py:588} INFO - Filling up the DagBag from /home/airflow/.local/lib/python3.12/site-packages/airflow/example_dags/example_task_group.py
[2025-03-10T21:29:46.341+0000] {processor.py:925} INFO - DAG(s) 'example_task_group' retrieved from /home/airflow/.local/lib/python3.12/site-packages/airflow/example_dags/example_task_group.py
[2025-03-10T21:29:46.362+0000] {logging_mixin.py:190} INFO - [2025-03-10T21:29:46.361+0000] {dag.py:3239} INFO - Sync 1 DAGs
[2025-03-10T21:29:46.377+0000] {logging_mixin.py:190} INFO - [2025-03-10T21:29:46.376+0000] {dag.py:4180} INFO - Setting next_dagrun for example_task_group to None, run_after=None
[2025-03-10T21:29:46.398+0000] {processor.py:208} INFO - Processing /home/airflow/.local/lib/python3.12/site-packages/airflow/example_dags/example_task_group.py took 0.075 seconds
[2025-03-10T21:30:24.428+0000] {processor.py:186} INFO - Started process (PID=3199) to work on /home/airflow/.local/lib/python3.12/site-packages/airflow/example_dags/example_task_group.py
[2025-03-10T21:30:24.429+0000] {processor.py:914} INFO - Processing file /home/airflow/.local/lib/python3.12/site-packages/airflow/example_dags/example_task_group.py for tasks to queue
[2025-03-10T21:30:24.433+0000] {logging_mixin.py:190} INFO - [2025-03-10T21:30:24.432+0000] {dagbag.py:588} INFO - Filling up the DagBag from /home/airflow/.local/lib/python3.12/site-packages/airflow/example_dags/example_task_group.py
[2025-03-10T21:30:24.443+0000] {processor.py:925} INFO - DAG(s) 'example_task_group' retrieved from /home/airflow/.local/lib/python3.12/site-packages/airflow/example_dags/example_task_group.py
[2025-03-10T21:30:24.467+0000] {logging_mixin.py:190} INFO - [2025-03-10T21:30:24.467+0000] {dag.py:3239} INFO - Sync 1 DAGs
[2025-03-10T21:30:24.484+0000] {logging_mixin.py:190} INFO - [2025-03-10T21:30:24.484+0000] {dag.py:4180} INFO - Setting next_dagrun for example_task_group to None, run_after=None
[2025-03-10T21:30:24.503+0000] {processor.py:208} INFO - Processing /home/airflow/.local/lib/python3.12/site-packages/airflow/example_dags/example_task_group.py took 0.082 seconds
[2025-03-10T21:30:55.721+0000] {processor.py:186} INFO - Started process (PID=3263) to work on /home/airflow/.local/lib/python3.12/site-packages/airflow/example_dags/example_task_group.py
[2025-03-10T21:30:55.722+0000] {processor.py:914} INFO - Processing file /home/airflow/.local/lib/python3.12/site-packages/airflow/example_dags/example_task_group.py for tasks to queue
[2025-03-10T21:30:55.725+0000] {logging_mixin.py:190} INFO - [2025-03-10T21:30:55.725+0000] {dagbag.py:588} INFO - Filling up the DagBag from /home/airflow/.local/lib/python3.12/site-packages/airflow/example_dags/example_task_group.py
[2025-03-10T21:30:55.735+0000] {processor.py:925} INFO - DAG(s) 'example_task_group' retrieved from /home/airflow/.local/lib/python3.12/site-packages/airflow/example_dags/example_task_group.py
[2025-03-10T21:30:55.763+0000] {logging_mixin.py:190} INFO - [2025-03-10T21:30:55.762+0000] {dag.py:3239} INFO - Sync 1 DAGs
[2025-03-10T21:30:55.782+0000] {logging_mixin.py:190} INFO - [2025-03-10T21:30:55.781+0000] {dag.py:4180} INFO - Setting next_dagrun for example_task_group to None, run_after=None
[2025-03-10T21:30:55.815+0000] {processor.py:208} INFO - Processing /home/airflow/.local/lib/python3.12/site-packages/airflow/example_dags/example_task_group.py took 0.101 seconds
[2025-03-10T21:31:47.314+0000] {processor.py:186} INFO - Started process (PID=3333) to work on /home/airflow/.local/lib/python3.12/site-packages/airflow/example_dags/example_task_group.py
[2025-03-10T21:31:47.315+0000] {processor.py:914} INFO - Processing file /home/airflow/.local/lib/python3.12/site-packages/airflow/example_dags/example_task_group.py for tasks to queue
[2025-03-10T21:31:47.317+0000] {logging_mixin.py:190} INFO - [2025-03-10T21:31:47.317+0000] {dagbag.py:588} INFO - Filling up the DagBag from /home/airflow/.local/lib/python3.12/site-packages/airflow/example_dags/example_task_group.py
[2025-03-10T21:31:47.325+0000] {processor.py:925} INFO - DAG(s) 'example_task_group' retrieved from /home/airflow/.local/lib/python3.12/site-packages/airflow/example_dags/example_task_group.py
[2025-03-10T21:31:47.343+0000] {logging_mixin.py:190} INFO - [2025-03-10T21:31:47.343+0000] {dag.py:3239} INFO - Sync 1 DAGs
[2025-03-10T21:31:47.356+0000] {logging_mixin.py:190} INFO - [2025-03-10T21:31:47.355+0000] {dag.py:4180} INFO - Setting next_dagrun for example_task_group to None, run_after=None
[2025-03-10T21:31:47.371+0000] {processor.py:208} INFO - Processing /home/airflow/.local/lib/python3.12/site-packages/airflow/example_dags/example_task_group.py took 0.062 seconds
[2025-03-10T21:32:19.862+0000] {processor.py:186} INFO - Started process (PID=3396) to work on /home/airflow/.local/lib/python3.12/site-packages/airflow/example_dags/example_task_group.py
[2025-03-10T21:32:19.863+0000] {processor.py:914} INFO - Processing file /home/airflow/.local/lib/python3.12/site-packages/airflow/example_dags/example_task_group.py for tasks to queue
[2025-03-10T21:32:19.865+0000] {logging_mixin.py:190} INFO - [2025-03-10T21:32:19.865+0000] {dagbag.py:588} INFO - Filling up the DagBag from /home/airflow/.local/lib/python3.12/site-packages/airflow/example_dags/example_task_group.py
[2025-03-10T21:32:19.874+0000] {processor.py:925} INFO - DAG(s) 'example_task_group' retrieved from /home/airflow/.local/lib/python3.12/site-packages/airflow/example_dags/example_task_group.py
[2025-03-10T21:32:19.895+0000] {logging_mixin.py:190} INFO - [2025-03-10T21:32:19.894+0000] {dag.py:3239} INFO - Sync 1 DAGs
[2025-03-10T21:32:19.909+0000] {logging_mixin.py:190} INFO - [2025-03-10T21:32:19.909+0000] {dag.py:4180} INFO - Setting next_dagrun for example_task_group to None, run_after=None
[2025-03-10T21:32:19.931+0000] {processor.py:208} INFO - Processing /home/airflow/.local/lib/python3.12/site-packages/airflow/example_dags/example_task_group.py took 0.076 seconds
[2025-03-10T21:32:54.127+0000] {processor.py:186} INFO - Started process (PID=3462) to work on /home/airflow/.local/lib/python3.12/site-packages/airflow/example_dags/example_task_group.py
[2025-03-10T21:32:54.147+0000] {processor.py:914} INFO - Processing file /home/airflow/.local/lib/python3.12/site-packages/airflow/example_dags/example_task_group.py for tasks to queue
[2025-03-10T21:32:54.153+0000] {logging_mixin.py:190} INFO - [2025-03-10T21:32:54.152+0000] {dagbag.py:588} INFO - Filling up the DagBag from /home/airflow/.local/lib/python3.12/site-packages/airflow/example_dags/example_task_group.py
[2025-03-10T21:32:54.171+0000] {processor.py:925} INFO - DAG(s) 'example_task_group' retrieved from /home/airflow/.local/lib/python3.12/site-packages/airflow/example_dags/example_task_group.py
[2025-03-10T21:32:54.986+0000] {logging_mixin.py:190} INFO - [2025-03-10T21:32:54.985+0000] {dag.py:3239} INFO - Sync 1 DAGs
[2025-03-10T21:32:55.006+0000] {logging_mixin.py:190} INFO - [2025-03-10T21:32:55.006+0000] {dag.py:4180} INFO - Setting next_dagrun for example_task_group to None, run_after=None
[2025-03-10T21:32:55.027+0000] {processor.py:208} INFO - Processing /home/airflow/.local/lib/python3.12/site-packages/airflow/example_dags/example_task_group.py took 0.911 seconds
