[2025-03-09T17:17:45.607+0000] {local_task_job_runner.py:123} INFO - ::group::Pre task execution logs
[2025-03-09T17:17:45.620+0000] {taskinstance.py:2614} INFO - Dependencies all met for dep_context=non-requeueable deps ti=<TaskInstance: etl_fire_incidents_dag.extract_data_task manual__2025-03-09T17:17:43.082444+00:00 [queued]>
[2025-03-09T17:17:45.625+0000] {taskinstance.py:2614} INFO - Dependencies all met for dep_context=requeueable deps ti=<TaskInstance: etl_fire_incidents_dag.extract_data_task manual__2025-03-09T17:17:43.082444+00:00 [queued]>
[2025-03-09T17:17:45.625+0000] {taskinstance.py:2867} INFO - Starting attempt 1 of 2
[2025-03-09T17:17:45.636+0000] {taskinstance.py:2890} INFO - Executing <Task(PythonOperator): extract_data_task> on 2025-03-09 17:17:43.082444+00:00
[2025-03-09T17:17:45.642+0000] {warnings.py:112} WARNING - /home/***/.local/lib/python3.12/site-packages/***/task/task_runner/standard_task_runner.py:70: DeprecationWarning: This process (pid=19081) is multi-threaded, use of fork() may lead to deadlocks in the child.
  pid = os.fork()

[2025-03-09T17:17:45.643+0000] {standard_task_runner.py:72} INFO - Started process 19083 to run task
[2025-03-09T17:17:45.644+0000] {standard_task_runner.py:104} INFO - Running: ['***', 'tasks', 'run', 'etl_fire_incidents_dag', 'extract_data_task', 'manual__2025-03-09T17:17:43.082444+00:00', '--job-id', '551', '--raw', '--subdir', 'DAGS_FOLDER/fire_incidents_dag.py', '--cfg-path', '/tmp/tmp2_a7ytc2']
[2025-03-09T17:17:45.645+0000] {standard_task_runner.py:105} INFO - Job 551: Subtask extract_data_task
[2025-03-09T17:17:45.680+0000] {task_command.py:467} INFO - Running <TaskInstance: etl_fire_incidents_dag.extract_data_task manual__2025-03-09T17:17:43.082444+00:00 [running]> on host fad361e322ea
[2025-03-09T17:17:45.758+0000] {taskinstance.py:3134} INFO - Exporting env vars: AIRFLOW_CTX_DAG_EMAIL='***@***.com' AIRFLOW_CTX_DAG_OWNER='***' AIRFLOW_CTX_DAG_ID='etl_fire_incidents_dag' AIRFLOW_CTX_TASK_ID='extract_data_task' AIRFLOW_CTX_EXECUTION_DATE='2025-03-09T17:17:43.082444+00:00' AIRFLOW_CTX_TRY_NUMBER='1' AIRFLOW_CTX_DAG_RUN_ID='manual__2025-03-09T17:17:43.082444+00:00'
[2025-03-09T17:17:45.760+0000] {logging_mixin.py:190} INFO - Task instance is in running state
[2025-03-09T17:17:45.760+0000] {logging_mixin.py:190} INFO -  Previous state of the Task instance: queued
[2025-03-09T17:17:45.761+0000] {logging_mixin.py:190} INFO - Current task name:extract_data_task state:running start_date:2025-03-09 17:17:45.620535+00:00
[2025-03-09T17:17:45.761+0000] {logging_mixin.py:190} INFO - Dag name:etl_fire_incidents_dag and current dag run status:running
[2025-03-09T17:17:45.761+0000] {taskinstance.py:732} INFO - ::endgroup::
[2025-03-09T17:17:45.762+0000] {logging_mixin.py:190} INFO - Extracting NYC Fire Incidents Data via API....
[2025-03-09T17:17:53.736+0000] {logging_mixin.py:190} INFO - Connected to API...
[2025-03-09T17:17:53.765+0000] {logging_mixin.py:190} INFO - Extracting is Complete
[2025-03-09T17:17:54.096+0000] {python.py:240} INFO - Done. Returned value was: None
[2025-03-09T17:17:54.104+0000] {taskinstance.py:341} INFO - ::group::Post task execution logs
[2025-03-09T17:17:54.104+0000] {taskinstance.py:353} INFO - Marking task as SUCCESS. dag_id=etl_fire_incidents_dag, task_id=extract_data_task, run_id=manual__2025-03-09T17:17:43.082444+00:00, execution_date=20250309T171743, start_date=20250309T171745, end_date=20250309T171754
[2025-03-09T17:17:54.127+0000] {logging_mixin.py:190} INFO - Task instance in success state
[2025-03-09T17:17:54.127+0000] {logging_mixin.py:190} INFO -  Previous state of the Task instance: running
[2025-03-09T17:17:54.128+0000] {logging_mixin.py:190} INFO - Dag name:etl_fire_incidents_dag queued_at:2025-03-09 17:17:43.094740+00:00
[2025-03-09T17:17:54.128+0000] {logging_mixin.py:190} INFO - Task hostname:fad361e322ea operator:PythonOperator
[2025-03-09T17:17:54.157+0000] {local_task_job_runner.py:266} INFO - Task exited with return code 0
[2025-03-09T17:17:54.190+0000] {taskinstance.py:3901} INFO - 1 downstream tasks scheduled from follow-on schedule check
[2025-03-09T17:17:54.193+0000] {local_task_job_runner.py:245} INFO - ::endgroup::
