[2025-03-04T21:34:53.691+0000] {local_task_job_runner.py:123} INFO - ::group::Pre task execution logs
[2025-03-04T21:34:53.702+0000] {taskinstance.py:2614} INFO - Dependencies all met for dep_context=non-requeueable deps ti=<TaskInstance: pull_fire_incidents_dag.hello_world_task manual__2025-03-04T21:34:47.182823+00:00 [queued]>
[2025-03-04T21:34:53.707+0000] {taskinstance.py:2614} INFO - Dependencies all met for dep_context=requeueable deps ti=<TaskInstance: pull_fire_incidents_dag.hello_world_task manual__2025-03-04T21:34:47.182823+00:00 [queued]>
[2025-03-04T21:34:53.707+0000] {taskinstance.py:2867} INFO - Starting attempt 1 of 2
[2025-03-04T21:34:53.722+0000] {taskinstance.py:2890} INFO - Executing <Task(PythonOperator): hello_world_task> on 2025-03-04 21:34:47.182823+00:00
[2025-03-04T21:34:53.733+0000] {warnings.py:112} WARNING - /home/***/.local/lib/python3.12/site-packages/***/task/task_runner/standard_task_runner.py:70: DeprecationWarning: This process (pid=71) is multi-threaded, use of fork() may lead to deadlocks in the child.
  pid = os.fork()

[2025-03-04T21:34:53.734+0000] {standard_task_runner.py:72} INFO - Started process 73 to run task
[2025-03-04T21:34:53.735+0000] {standard_task_runner.py:104} INFO - Running: ['***', 'tasks', 'run', 'pull_fire_incidents_dag', 'hello_world_task', 'manual__2025-03-04T21:34:47.182823+00:00', '--job-id', '147', '--raw', '--subdir', 'DAGS_FOLDER/fire_incidents_dag.py', '--cfg-path', '/tmp/tmpppety66t']
[2025-03-04T21:34:53.736+0000] {standard_task_runner.py:105} INFO - Job 147: Subtask hello_world_task
[2025-03-04T21:34:54.010+0000] {task_command.py:467} INFO - Running <TaskInstance: pull_fire_incidents_dag.hello_world_task manual__2025-03-04T21:34:47.182823+00:00 [running]> on host 093bb1c07323
[2025-03-04T21:34:54.112+0000] {taskinstance.py:3134} INFO - Exporting env vars: AIRFLOW_CTX_DAG_EMAIL='***@***.com' AIRFLOW_CTX_DAG_OWNER='***' AIRFLOW_CTX_DAG_ID='pull_fire_incidents_dag' AIRFLOW_CTX_TASK_ID='hello_world_task' AIRFLOW_CTX_EXECUTION_DATE='2025-03-04T21:34:47.182823+00:00' AIRFLOW_CTX_TRY_NUMBER='1' AIRFLOW_CTX_DAG_RUN_ID='manual__2025-03-04T21:34:47.182823+00:00'
[2025-03-04T21:34:54.113+0000] {logging_mixin.py:190} INFO - Task instance is in running state
[2025-03-04T21:34:54.113+0000] {logging_mixin.py:190} INFO -  Previous state of the Task instance: queued
[2025-03-04T21:34:54.113+0000] {logging_mixin.py:190} INFO - Current task name:hello_world_task state:running start_date:2025-03-04 21:34:53.702853+00:00
[2025-03-04T21:34:54.113+0000] {logging_mixin.py:190} INFO - Dag name:pull_fire_incidents_dag and current dag run status:running
[2025-03-04T21:34:54.114+0000] {taskinstance.py:732} INFO - ::endgroup::
[2025-03-04T21:34:54.114+0000] {logging_mixin.py:190} INFO - Hello World
[2025-03-04T21:34:54.114+0000] {python.py:240} INFO - Done. Returned value was: None
[2025-03-04T21:34:54.123+0000] {taskinstance.py:341} INFO - ::group::Post task execution logs
[2025-03-04T21:34:54.123+0000] {taskinstance.py:353} INFO - Marking task as SUCCESS. dag_id=pull_fire_incidents_dag, task_id=hello_world_task, run_id=manual__2025-03-04T21:34:47.182823+00:00, execution_date=20250304T213447, start_date=20250304T213453, end_date=20250304T213454
[2025-03-04T21:34:54.148+0000] {logging_mixin.py:190} INFO - Task instance in success state
[2025-03-04T21:34:54.148+0000] {logging_mixin.py:190} INFO -  Previous state of the Task instance: running
[2025-03-04T21:34:54.149+0000] {logging_mixin.py:190} INFO - Dag name:pull_fire_incidents_dag queued_at:2025-03-04 21:34:47.193604+00:00
[2025-03-04T21:34:54.149+0000] {logging_mixin.py:190} INFO - Task hostname:093bb1c07323 operator:PythonOperator
[2025-03-04T21:34:54.195+0000] {local_task_job_runner.py:266} INFO - Task exited with return code 0
[2025-03-04T21:34:54.397+0000] {taskinstance.py:3901} INFO - 0 downstream tasks scheduled from follow-on schedule check
[2025-03-04T21:34:54.405+0000] {local_task_job_runner.py:245} INFO - ::endgroup::
