[2025-03-09T17:19:36.383+0000] {local_task_job_runner.py:123} INFO - ::group::Pre task execution logs
[2025-03-09T17:19:36.400+0000] {taskinstance.py:2614} INFO - Dependencies all met for dep_context=non-requeueable deps ti=<TaskInstance: etl_fire_incidents_dag.load_data manual__2025-03-09T17:19:20.960959+00:00 [queued]>
[2025-03-09T17:19:36.407+0000] {taskinstance.py:2614} INFO - Dependencies all met for dep_context=requeueable deps ti=<TaskInstance: etl_fire_incidents_dag.load_data manual__2025-03-09T17:19:20.960959+00:00 [queued]>
[2025-03-09T17:19:36.407+0000] {taskinstance.py:2867} INFO - Starting attempt 1 of 2
[2025-03-09T17:19:36.419+0000] {taskinstance.py:2890} INFO - Executing <Task(PythonOperator): load_data> on 2025-03-09 17:19:20.960959+00:00
[2025-03-09T17:19:36.426+0000] {warnings.py:112} WARNING - /home/***/.local/lib/python3.12/site-packages/***/task/task_runner/standard_task_runner.py:70: DeprecationWarning: This process (pid=19134) is multi-threaded, use of fork() may lead to deadlocks in the child.
  pid = os.fork()

[2025-03-09T17:19:36.427+0000] {standard_task_runner.py:72} INFO - Started process 19136 to run task
[2025-03-09T17:19:36.427+0000] {standard_task_runner.py:104} INFO - Running: ['***', 'tasks', 'run', 'etl_fire_incidents_dag', 'load_data', 'manual__2025-03-09T17:19:20.960959+00:00', '--job-id', '559', '--raw', '--subdir', 'DAGS_FOLDER/fire_incidents_dag.py', '--cfg-path', '/tmp/tmpd3xpwk3b']
[2025-03-09T17:19:36.428+0000] {standard_task_runner.py:105} INFO - Job 559: Subtask load_data
[2025-03-09T17:19:36.464+0000] {task_command.py:467} INFO - Running <TaskInstance: etl_fire_incidents_dag.load_data manual__2025-03-09T17:19:20.960959+00:00 [running]> on host fad361e322ea
[2025-03-09T17:19:36.546+0000] {taskinstance.py:3134} INFO - Exporting env vars: AIRFLOW_CTX_DAG_EMAIL='***@***.com' AIRFLOW_CTX_DAG_OWNER='***' AIRFLOW_CTX_DAG_ID='etl_fire_incidents_dag' AIRFLOW_CTX_TASK_ID='load_data' AIRFLOW_CTX_EXECUTION_DATE='2025-03-09T17:19:20.960959+00:00' AIRFLOW_CTX_TRY_NUMBER='1' AIRFLOW_CTX_DAG_RUN_ID='manual__2025-03-09T17:19:20.960959+00:00'
[2025-03-09T17:19:36.547+0000] {logging_mixin.py:190} INFO - Task instance is in running state
[2025-03-09T17:19:36.548+0000] {logging_mixin.py:190} INFO -  Previous state of the Task instance: queued
[2025-03-09T17:19:36.548+0000] {logging_mixin.py:190} INFO - Current task name:load_data state:running start_date:2025-03-09 17:19:36.401199+00:00
[2025-03-09T17:19:36.548+0000] {logging_mixin.py:190} INFO - Dag name:etl_fire_incidents_dag and current dag run status:running
[2025-03-09T17:19:36.548+0000] {taskinstance.py:732} INFO - ::endgroup::
[2025-03-09T17:19:36.623+0000] {logging_mixin.py:190} INFO - Loading NYC Fire Incidents Data to Postgres DB....
[2025-03-09T17:19:36.634+0000] {warnings.py:112} WARNING - /opt/***/dags/pull_fire_incidents.py:180: FutureWarning: Passing literal json to 'read_json' is deprecated and will be removed in a future version. To read from a literal string, wrap it in a 'StringIO' object.
  df = pd.read_json(load_data)

[2025-03-09T17:19:36.806+0000] {logging_mixin.py:190} INFO - 
CREATE TABLE fire_incidents_schema (
	starfire_incident_id TEXT, 
	incident_datetime TEXT, 
	alarm_box_borough TEXT, 
	alarm_box_number BIGINT, 
	alarm_box_location TEXT, 
	incident_borough TEXT, 
	zipcode FLOAT(53), 
	policeprecinct FLOAT(53), 
	citycouncildistrict FLOAT(53), 
	communitydistrict FLOAT(53), 
	communityschooldistrict FLOAT(53), 
	congressionaldistrict FLOAT(53), 
	alarm_source_description_tx TEXT, 
	alarm_level_index_description TEXT, 
	highest_alarm_level TEXT, 
	incident_classification TEXT, 
	incident_classification_group TEXT, 
	dispatch_response_seconds_qy BIGINT, 
	first_assignment_datetime TEXT, 
	first_activation_datetime TEXT, 
	incident_close_datetime TEXT, 
	valid_dispatch_rspns_time_indc TEXT, 
	valid_incident_rspns_time_indc TEXT, 
	incident_response_seconds_qy FLOAT(53), 
	incident_travel_tm_seconds_qy FLOAT(53), 
	engines_assigned_quantity BIGINT, 
	ladders_assigned_quantity BIGINT, 
	other_units_assigned_quantity BIGINT, 
	first_on_scene_datetime TEXT
)
[2025-03-09T17:19:36.883+0000] {logging_mixin.py:190} INFO - Batch Number 1 Loaded to Postgres.....
[2025-03-09T17:19:36.908+0000] {logging_mixin.py:190} INFO - Batch Number 2 Loaded to Postgres.....
[2025-03-09T17:19:36.933+0000] {logging_mixin.py:190} INFO - Batch Number 3 Loaded to Postgres.....
[2025-03-09T17:19:36.957+0000] {logging_mixin.py:190} INFO - Batch Number 4 Loaded to Postgres.....
[2025-03-09T17:19:36.982+0000] {logging_mixin.py:190} INFO - Batch Number 5 Loaded to Postgres.....
[2025-03-09T17:19:37.007+0000] {logging_mixin.py:190} INFO - Batch Number 6 Loaded to Postgres.....
[2025-03-09T17:19:37.031+0000] {logging_mixin.py:190} INFO - Batch Number 7 Loaded to Postgres.....
[2025-03-09T17:19:37.056+0000] {logging_mixin.py:190} INFO - Batch Number 8 Loaded to Postgres.....
[2025-03-09T17:19:37.085+0000] {logging_mixin.py:190} INFO - Batch Number 9 Loaded to Postgres.....
[2025-03-09T17:19:37.114+0000] {logging_mixin.py:190} INFO - Batch Number 10 Loaded to Postgres.....
[2025-03-09T17:19:37.139+0000] {logging_mixin.py:190} INFO - Batch Number 11 Loaded to Postgres.....
[2025-03-09T17:19:37.170+0000] {logging_mixin.py:190} INFO - Batch Number 12 Loaded to Postgres.....
[2025-03-09T17:19:37.199+0000] {logging_mixin.py:190} INFO - Batch Number 13 Loaded to Postgres.....
[2025-03-09T17:19:37.224+0000] {logging_mixin.py:190} INFO - Batch Number 14 Loaded to Postgres.....
[2025-03-09T17:19:37.249+0000] {logging_mixin.py:190} INFO - Batch Number 15 Loaded to Postgres.....
[2025-03-09T17:19:37.273+0000] {logging_mixin.py:190} INFO - Batch Number 16 Loaded to Postgres.....
[2025-03-09T17:19:37.298+0000] {logging_mixin.py:190} INFO - Batch Number 17 Loaded to Postgres.....
[2025-03-09T17:19:37.323+0000] {logging_mixin.py:190} INFO - Batch Number 18 Loaded to Postgres.....
[2025-03-09T17:19:37.347+0000] {logging_mixin.py:190} INFO - Batch Number 19 Loaded to Postgres.....
[2025-03-09T17:19:37.372+0000] {logging_mixin.py:190} INFO - Batch Number 20 Loaded to Postgres.....
[2025-03-09T17:19:37.397+0000] {logging_mixin.py:190} INFO - Batch Number 21 Loaded to Postgres.....
[2025-03-09T17:19:37.422+0000] {logging_mixin.py:190} INFO - Batch Number 22 Loaded to Postgres.....
[2025-03-09T17:19:37.448+0000] {logging_mixin.py:190} INFO - Batch Number 23 Loaded to Postgres.....
[2025-03-09T17:19:37.475+0000] {logging_mixin.py:190} INFO - Batch Number 24 Loaded to Postgres.....
[2025-03-09T17:19:37.500+0000] {logging_mixin.py:190} INFO - Batch Number 25 Loaded to Postgres.....
[2025-03-09T17:19:37.527+0000] {logging_mixin.py:190} INFO - Batch Number 26 Loaded to Postgres.....
[2025-03-09T17:19:37.552+0000] {logging_mixin.py:190} INFO - Batch Number 27 Loaded to Postgres.....
[2025-03-09T17:19:37.577+0000] {logging_mixin.py:190} INFO - Batch Number 28 Loaded to Postgres.....
[2025-03-09T17:19:37.602+0000] {logging_mixin.py:190} INFO - Batch Number 29 Loaded to Postgres.....
[2025-03-09T17:19:37.631+0000] {logging_mixin.py:190} INFO - Batch Number 30 Loaded to Postgres.....
[2025-03-09T17:19:37.656+0000] {logging_mixin.py:190} INFO - Batch Number 31 Loaded to Postgres.....
[2025-03-09T17:19:37.682+0000] {logging_mixin.py:190} INFO - Batch Number 32 Loaded to Postgres.....
[2025-03-09T17:19:37.708+0000] {logging_mixin.py:190} INFO - Batch Number 33 Loaded to Postgres.....
[2025-03-09T17:19:37.734+0000] {logging_mixin.py:190} INFO - Batch Number 34 Loaded to Postgres.....
[2025-03-09T17:19:37.759+0000] {logging_mixin.py:190} INFO - Batch Number 35 Loaded to Postgres.....
[2025-03-09T17:19:37.786+0000] {logging_mixin.py:190} INFO - Batch Number 36 Loaded to Postgres.....
[2025-03-09T17:19:37.810+0000] {logging_mixin.py:190} INFO - Batch Number 37 Loaded to Postgres.....
[2025-03-09T17:19:37.835+0000] {logging_mixin.py:190} INFO - Batch Number 38 Loaded to Postgres.....
[2025-03-09T17:19:37.862+0000] {logging_mixin.py:190} INFO - Batch Number 39 Loaded to Postgres.....
[2025-03-09T17:19:37.891+0000] {logging_mixin.py:190} INFO - Batch Number 40 Loaded to Postgres.....
[2025-03-09T17:19:37.916+0000] {logging_mixin.py:190} INFO - Batch Number 41 Loaded to Postgres.....
[2025-03-09T17:19:37.941+0000] {logging_mixin.py:190} INFO - Batch Number 42 Loaded to Postgres.....
[2025-03-09T17:19:37.968+0000] {logging_mixin.py:190} INFO - Batch Number 43 Loaded to Postgres.....
[2025-03-09T17:19:37.994+0000] {logging_mixin.py:190} INFO - Batch Number 44 Loaded to Postgres.....
[2025-03-09T17:19:38.019+0000] {logging_mixin.py:190} INFO - Batch Number 45 Loaded to Postgres.....
[2025-03-09T17:19:38.045+0000] {logging_mixin.py:190} INFO - Batch Number 46 Loaded to Postgres.....
[2025-03-09T17:19:38.071+0000] {logging_mixin.py:190} INFO - Batch Number 47 Loaded to Postgres.....
[2025-03-09T17:19:38.096+0000] {logging_mixin.py:190} INFO - Batch Number 48 Loaded to Postgres.....
[2025-03-09T17:19:38.124+0000] {logging_mixin.py:190} INFO - Batch Number 49 Loaded to Postgres.....
[2025-03-09T17:19:38.149+0000] {logging_mixin.py:190} INFO - Batch Number 50 Loaded to Postgres.....
[2025-03-09T17:19:38.174+0000] {logging_mixin.py:190} INFO - Batch Number 51 Loaded to Postgres.....
[2025-03-09T17:19:38.201+0000] {logging_mixin.py:190} INFO - Batch Number 52 Loaded to Postgres.....
[2025-03-09T17:19:38.227+0000] {logging_mixin.py:190} INFO - Batch Number 53 Loaded to Postgres.....
[2025-03-09T17:19:38.254+0000] {logging_mixin.py:190} INFO - Batch Number 54 Loaded to Postgres.....
[2025-03-09T17:19:38.280+0000] {logging_mixin.py:190} INFO - Batch Number 55 Loaded to Postgres.....
[2025-03-09T17:19:38.306+0000] {logging_mixin.py:190} INFO - Batch Number 56 Loaded to Postgres.....
[2025-03-09T17:19:38.332+0000] {logging_mixin.py:190} INFO - Batch Number 57 Loaded to Postgres.....
[2025-03-09T17:19:38.357+0000] {logging_mixin.py:190} INFO - Batch Number 58 Loaded to Postgres.....
[2025-03-09T17:19:38.383+0000] {logging_mixin.py:190} INFO - Batch Number 59 Loaded to Postgres.....
[2025-03-09T17:19:38.409+0000] {logging_mixin.py:190} INFO - Batch Number 60 Loaded to Postgres.....
[2025-03-09T17:19:38.435+0000] {logging_mixin.py:190} INFO - Batch Number 61 Loaded to Postgres.....
[2025-03-09T17:19:38.460+0000] {logging_mixin.py:190} INFO - Batch Number 62 Loaded to Postgres.....
[2025-03-09T17:19:38.485+0000] {logging_mixin.py:190} INFO - Batch Number 63 Loaded to Postgres.....
[2025-03-09T17:19:38.511+0000] {logging_mixin.py:190} INFO - Batch Number 64 Loaded to Postgres.....
[2025-03-09T17:19:38.538+0000] {logging_mixin.py:190} INFO - Batch Number 65 Loaded to Postgres.....
[2025-03-09T17:19:38.563+0000] {logging_mixin.py:190} INFO - Batch Number 66 Loaded to Postgres.....
[2025-03-09T17:19:38.588+0000] {logging_mixin.py:190} INFO - Batch Number 67 Loaded to Postgres.....
[2025-03-09T17:19:38.614+0000] {logging_mixin.py:190} INFO - Batch Number 68 Loaded to Postgres.....
[2025-03-09T17:19:38.638+0000] {logging_mixin.py:190} INFO - Batch Number 69 Loaded to Postgres.....
[2025-03-09T17:19:38.663+0000] {logging_mixin.py:190} INFO - Batch Number 70 Loaded to Postgres.....
[2025-03-09T17:19:38.688+0000] {logging_mixin.py:190} INFO - Batch Number 71 Loaded to Postgres.....
[2025-03-09T17:19:38.715+0000] {logging_mixin.py:190} INFO - Batch Number 72 Loaded to Postgres.....
[2025-03-09T17:19:38.742+0000] {logging_mixin.py:190} INFO - Batch Number 73 Loaded to Postgres.....
[2025-03-09T17:19:38.767+0000] {logging_mixin.py:190} INFO - Batch Number 74 Loaded to Postgres.....
[2025-03-09T17:19:38.791+0000] {logging_mixin.py:190} INFO - Batch Number 75 Loaded to Postgres.....
[2025-03-09T17:19:38.816+0000] {logging_mixin.py:190} INFO - Batch Number 76 Loaded to Postgres.....
[2025-03-09T17:19:38.841+0000] {logging_mixin.py:190} INFO - Batch Number 77 Loaded to Postgres.....
[2025-03-09T17:19:38.866+0000] {logging_mixin.py:190} INFO - Batch Number 78 Loaded to Postgres.....
[2025-03-09T17:19:38.890+0000] {logging_mixin.py:190} INFO - Batch Number 79 Loaded to Postgres.....
[2025-03-09T17:19:38.915+0000] {logging_mixin.py:190} INFO - Batch Number 80 Loaded to Postgres.....
[2025-03-09T17:19:38.943+0000] {logging_mixin.py:190} INFO - Batch Number 81 Loaded to Postgres.....
[2025-03-09T17:19:38.970+0000] {logging_mixin.py:190} INFO - Batch Number 82 Loaded to Postgres.....
[2025-03-09T17:19:38.995+0000] {logging_mixin.py:190} INFO - Batch Number 83 Loaded to Postgres.....
[2025-03-09T17:19:39.022+0000] {logging_mixin.py:190} INFO - Batch Number 84 Loaded to Postgres.....
[2025-03-09T17:19:39.046+0000] {logging_mixin.py:190} INFO - Batch Number 85 Loaded to Postgres.....
[2025-03-09T17:19:39.071+0000] {logging_mixin.py:190} INFO - Batch Number 86 Loaded to Postgres.....
[2025-03-09T17:19:39.095+0000] {logging_mixin.py:190} INFO - Batch Number 87 Loaded to Postgres.....
[2025-03-09T17:19:39.119+0000] {logging_mixin.py:190} INFO - Batch Number 88 Loaded to Postgres.....
[2025-03-09T17:19:39.144+0000] {logging_mixin.py:190} INFO - Batch Number 89 Loaded to Postgres.....
[2025-03-09T17:19:39.169+0000] {logging_mixin.py:190} INFO - Batch Number 90 Loaded to Postgres.....
[2025-03-09T17:19:39.194+0000] {logging_mixin.py:190} INFO - Batch Number 91 Loaded to Postgres.....
[2025-03-09T17:19:39.219+0000] {logging_mixin.py:190} INFO - Batch Number 92 Loaded to Postgres.....
[2025-03-09T17:19:39.243+0000] {logging_mixin.py:190} INFO - Batch Number 93 Loaded to Postgres.....
[2025-03-09T17:19:39.269+0000] {logging_mixin.py:190} INFO - Batch Number 94 Loaded to Postgres.....
[2025-03-09T17:19:39.294+0000] {logging_mixin.py:190} INFO - Batch Number 95 Loaded to Postgres.....
[2025-03-09T17:19:39.319+0000] {logging_mixin.py:190} INFO - Batch Number 96 Loaded to Postgres.....
[2025-03-09T17:19:39.344+0000] {logging_mixin.py:190} INFO - Batch Number 97 Loaded to Postgres.....
[2025-03-09T17:19:39.373+0000] {logging_mixin.py:190} INFO - Batch Number 98 Loaded to Postgres.....
[2025-03-09T17:19:39.399+0000] {logging_mixin.py:190} INFO - Batch Number 99 Loaded to Postgres.....
[2025-03-09T17:19:39.425+0000] {logging_mixin.py:190} INFO - Batch Number 100 Loaded to Postgres.....
[2025-03-09T17:19:39.437+0000] {logging_mixin.py:190} INFO - Batch Number 101 Loaded to Postgres.....
[2025-03-09T17:19:39.438+0000] {logging_mixin.py:190} INFO - Load is Complete
[2025-03-09T17:19:39.441+0000] {python.py:240} INFO - Done. Returned value was: None
[2025-03-09T17:19:39.452+0000] {taskinstance.py:341} INFO - ::group::Post task execution logs
[2025-03-09T17:19:39.453+0000] {taskinstance.py:353} INFO - Marking task as SUCCESS. dag_id=etl_fire_incidents_dag, task_id=load_data, run_id=manual__2025-03-09T17:19:20.960959+00:00, execution_date=20250309T171920, start_date=20250309T171936, end_date=20250309T171939
[2025-03-09T17:19:39.477+0000] {logging_mixin.py:190} INFO - Task instance in success state
[2025-03-09T17:19:39.478+0000] {logging_mixin.py:190} INFO -  Previous state of the Task instance: running
[2025-03-09T17:19:39.478+0000] {logging_mixin.py:190} INFO - Dag name:etl_fire_incidents_dag queued_at:2025-03-09 17:19:20.979547+00:00
[2025-03-09T17:19:39.478+0000] {logging_mixin.py:190} INFO - Task hostname:fad361e322ea operator:PythonOperator
[2025-03-09T17:19:39.530+0000] {local_task_job_runner.py:266} INFO - Task exited with return code 0
[2025-03-09T17:19:39.548+0000] {taskinstance.py:3901} INFO - 0 downstream tasks scheduled from follow-on schedule check
[2025-03-09T17:19:39.550+0000] {local_task_job_runner.py:245} INFO - ::endgroup::
