[2025-03-10T21:04:45.438+0000] {processor.py:186} INFO - Started process (PID=49) to work on /opt/airflow/dags/fire_incidents_dag.py
[2025-03-10T21:04:45.439+0000] {processor.py:914} INFO - Processing file /opt/airflow/dags/fire_incidents_dag.py for tasks to queue
[2025-03-10T21:04:45.441+0000] {logging_mixin.py:190} INFO - [2025-03-10T21:04:45.441+0000] {dagbag.py:588} INFO - Filling up the DagBag from /opt/airflow/dags/fire_incidents_dag.py
[2025-03-10T21:04:45.474+0000] {processor.py:925} INFO - DAG(s) 'etl_nyc_fire_incidents_dag' retrieved from /opt/airflow/dags/fire_incidents_dag.py
[2025-03-10T21:04:45.503+0000] {logging_mixin.py:190} INFO - [2025-03-10T21:04:45.503+0000] {dag.py:3239} INFO - Sync 1 DAGs
[2025-03-10T21:04:45.531+0000] {logging_mixin.py:190} INFO - [2025-03-10T21:04:45.531+0000] {dag.py:4180} INFO - Setting next_dagrun for etl_nyc_fire_incidents_dag to 2025-03-10 20:55:00+00:00, run_after=2025-03-10 21:00:00+00:00
[2025-03-10T21:04:45.553+0000] {processor.py:208} INFO - Processing /opt/airflow/dags/fire_incidents_dag.py took 0.121 seconds
[2025-03-10T21:05:15.851+0000] {processor.py:186} INFO - Started process (PID=113) to work on /opt/airflow/dags/fire_incidents_dag.py
[2025-03-10T21:05:15.851+0000] {processor.py:914} INFO - Processing file /opt/airflow/dags/fire_incidents_dag.py for tasks to queue
[2025-03-10T21:05:15.853+0000] {logging_mixin.py:190} INFO - [2025-03-10T21:05:15.853+0000] {dagbag.py:588} INFO - Filling up the DagBag from /opt/airflow/dags/fire_incidents_dag.py
[2025-03-10T21:05:15.865+0000] {processor.py:925} INFO - DAG(s) 'etl_nyc_fire_incidents_dag' retrieved from /opt/airflow/dags/fire_incidents_dag.py
[2025-03-10T21:05:15.882+0000] {logging_mixin.py:190} INFO - [2025-03-10T21:05:15.882+0000] {dag.py:3239} INFO - Sync 1 DAGs
[2025-03-10T21:05:15.907+0000] {logging_mixin.py:190} INFO - [2025-03-10T21:05:15.907+0000] {dag.py:4180} INFO - Setting next_dagrun for etl_nyc_fire_incidents_dag to 2025-03-10 21:00:00+00:00, run_after=2025-03-10 21:05:00+00:00
[2025-03-10T21:05:15.923+0000] {processor.py:208} INFO - Processing /opt/airflow/dags/fire_incidents_dag.py took 0.080 seconds
[2025-03-10T21:05:46.053+0000] {processor.py:186} INFO - Started process (PID=177) to work on /opt/airflow/dags/fire_incidents_dag.py
[2025-03-10T21:05:46.054+0000] {processor.py:914} INFO - Processing file /opt/airflow/dags/fire_incidents_dag.py for tasks to queue
[2025-03-10T21:05:46.056+0000] {logging_mixin.py:190} INFO - [2025-03-10T21:05:46.056+0000] {dagbag.py:588} INFO - Filling up the DagBag from /opt/airflow/dags/fire_incidents_dag.py
[2025-03-10T21:05:46.067+0000] {processor.py:925} INFO - DAG(s) 'etl_nyc_fire_incidents_dag' retrieved from /opt/airflow/dags/fire_incidents_dag.py
[2025-03-10T21:05:46.083+0000] {logging_mixin.py:190} INFO - [2025-03-10T21:05:46.083+0000] {dag.py:3239} INFO - Sync 1 DAGs
[2025-03-10T21:05:46.105+0000] {logging_mixin.py:190} INFO - [2025-03-10T21:05:46.105+0000] {dag.py:4180} INFO - Setting next_dagrun for etl_nyc_fire_incidents_dag to 2025-03-10 21:00:00+00:00, run_after=2025-03-10 21:05:00+00:00
[2025-03-10T21:05:46.119+0000] {processor.py:208} INFO - Processing /opt/airflow/dags/fire_incidents_dag.py took 0.071 seconds
[2025-03-10T21:06:16.783+0000] {processor.py:186} INFO - Started process (PID=241) to work on /opt/airflow/dags/fire_incidents_dag.py
[2025-03-10T21:06:16.784+0000] {processor.py:914} INFO - Processing file /opt/airflow/dags/fire_incidents_dag.py for tasks to queue
[2025-03-10T21:06:16.812+0000] {logging_mixin.py:190} INFO - [2025-03-10T21:06:16.811+0000] {dagbag.py:588} INFO - Filling up the DagBag from /opt/airflow/dags/fire_incidents_dag.py
[2025-03-10T21:06:17.043+0000] {processor.py:925} INFO - DAG(s) 'etl_nyc_fire_incidents_dag' retrieved from /opt/airflow/dags/fire_incidents_dag.py
[2025-03-10T21:06:17.093+0000] {logging_mixin.py:190} INFO - [2025-03-10T21:06:17.064+0000] {dag.py:3239} INFO - Sync 1 DAGs
[2025-03-10T21:06:17.152+0000] {logging_mixin.py:190} INFO - [2025-03-10T21:06:17.152+0000] {dag.py:4180} INFO - Setting next_dagrun for etl_nyc_fire_incidents_dag to 2025-03-10 21:00:00+00:00, run_after=2025-03-10 21:05:00+00:00
[2025-03-10T21:06:17.169+0000] {processor.py:208} INFO - Processing /opt/airflow/dags/fire_incidents_dag.py took 0.783 seconds
[2025-03-10T21:06:48.130+0000] {processor.py:186} INFO - Started process (PID=305) to work on /opt/airflow/dags/fire_incidents_dag.py
[2025-03-10T21:06:48.131+0000] {processor.py:914} INFO - Processing file /opt/airflow/dags/fire_incidents_dag.py for tasks to queue
[2025-03-10T21:06:48.133+0000] {logging_mixin.py:190} INFO - [2025-03-10T21:06:48.133+0000] {dagbag.py:588} INFO - Filling up the DagBag from /opt/airflow/dags/fire_incidents_dag.py
[2025-03-10T21:06:48.143+0000] {processor.py:925} INFO - DAG(s) 'etl_nyc_fire_incidents_dag' retrieved from /opt/airflow/dags/fire_incidents_dag.py
[2025-03-10T21:06:48.159+0000] {logging_mixin.py:190} INFO - [2025-03-10T21:06:48.159+0000] {dag.py:3239} INFO - Sync 1 DAGs
[2025-03-10T21:06:48.180+0000] {logging_mixin.py:190} INFO - [2025-03-10T21:06:48.179+0000] {dag.py:4180} INFO - Setting next_dagrun for etl_nyc_fire_incidents_dag to 2025-03-10 21:00:00+00:00, run_after=2025-03-10 21:05:00+00:00
[2025-03-10T21:06:48.193+0000] {processor.py:208} INFO - Processing /opt/airflow/dags/fire_incidents_dag.py took 0.068 seconds
[2025-03-10T21:07:18.827+0000] {processor.py:186} INFO - Started process (PID=369) to work on /opt/airflow/dags/fire_incidents_dag.py
[2025-03-10T21:07:18.828+0000] {processor.py:914} INFO - Processing file /opt/airflow/dags/fire_incidents_dag.py for tasks to queue
[2025-03-10T21:07:18.830+0000] {logging_mixin.py:190} INFO - [2025-03-10T21:07:18.830+0000] {dagbag.py:588} INFO - Filling up the DagBag from /opt/airflow/dags/fire_incidents_dag.py
[2025-03-10T21:07:18.839+0000] {processor.py:925} INFO - DAG(s) 'etl_nyc_fire_incidents_dag' retrieved from /opt/airflow/dags/fire_incidents_dag.py
[2025-03-10T21:07:18.854+0000] {logging_mixin.py:190} INFO - [2025-03-10T21:07:18.854+0000] {dag.py:3239} INFO - Sync 1 DAGs
[2025-03-10T21:07:18.873+0000] {logging_mixin.py:190} INFO - [2025-03-10T21:07:18.873+0000] {dag.py:4180} INFO - Setting next_dagrun for etl_nyc_fire_incidents_dag to 2025-03-10 21:00:00+00:00, run_after=2025-03-10 21:05:00+00:00
[2025-03-10T21:07:18.887+0000] {processor.py:208} INFO - Processing /opt/airflow/dags/fire_incidents_dag.py took 0.064 seconds
[2025-03-10T21:07:49.597+0000] {processor.py:186} INFO - Started process (PID=439) to work on /opt/airflow/dags/fire_incidents_dag.py
[2025-03-10T21:07:49.599+0000] {processor.py:914} INFO - Processing file /opt/airflow/dags/fire_incidents_dag.py for tasks to queue
[2025-03-10T21:07:49.602+0000] {logging_mixin.py:190} INFO - [2025-03-10T21:07:49.602+0000] {dagbag.py:588} INFO - Filling up the DagBag from /opt/airflow/dags/fire_incidents_dag.py
[2025-03-10T21:07:49.618+0000] {processor.py:925} INFO - DAG(s) 'etl_nyc_fire_incidents_dag' retrieved from /opt/airflow/dags/fire_incidents_dag.py
[2025-03-10T21:07:49.640+0000] {logging_mixin.py:190} INFO - [2025-03-10T21:07:49.640+0000] {dag.py:3239} INFO - Sync 1 DAGs
[2025-03-10T21:07:49.672+0000] {logging_mixin.py:190} INFO - [2025-03-10T21:07:49.671+0000] {dag.py:4180} INFO - Setting next_dagrun for etl_nyc_fire_incidents_dag to 2025-03-10 21:00:00+00:00, run_after=2025-03-10 21:05:00+00:00
[2025-03-10T21:07:49.688+0000] {processor.py:208} INFO - Processing /opt/airflow/dags/fire_incidents_dag.py took 0.103 seconds
[2025-03-10T21:08:20.529+0000] {processor.py:186} INFO - Started process (PID=503) to work on /opt/airflow/dags/fire_incidents_dag.py
[2025-03-10T21:08:20.530+0000] {processor.py:914} INFO - Processing file /opt/airflow/dags/fire_incidents_dag.py for tasks to queue
[2025-03-10T21:08:20.534+0000] {logging_mixin.py:190} INFO - [2025-03-10T21:08:20.534+0000] {dagbag.py:588} INFO - Filling up the DagBag from /opt/airflow/dags/fire_incidents_dag.py
[2025-03-10T21:08:20.553+0000] {processor.py:925} INFO - DAG(s) 'etl_nyc_fire_incidents_dag' retrieved from /opt/airflow/dags/fire_incidents_dag.py
[2025-03-10T21:08:20.568+0000] {logging_mixin.py:190} INFO - [2025-03-10T21:08:20.567+0000] {dag.py:3239} INFO - Sync 1 DAGs
[2025-03-10T21:08:20.587+0000] {logging_mixin.py:190} INFO - [2025-03-10T21:08:20.587+0000] {dag.py:4180} INFO - Setting next_dagrun for etl_nyc_fire_incidents_dag to 2025-03-10 21:00:00+00:00, run_after=2025-03-10 21:05:00+00:00
[2025-03-10T21:08:20.600+0000] {processor.py:208} INFO - Processing /opt/airflow/dags/fire_incidents_dag.py took 0.084 seconds
[2025-03-10T21:08:51.629+0000] {processor.py:186} INFO - Started process (PID=567) to work on /opt/airflow/dags/fire_incidents_dag.py
[2025-03-10T21:08:51.631+0000] {processor.py:914} INFO - Processing file /opt/airflow/dags/fire_incidents_dag.py for tasks to queue
[2025-03-10T21:08:51.637+0000] {logging_mixin.py:190} INFO - [2025-03-10T21:08:51.636+0000] {dagbag.py:588} INFO - Filling up the DagBag from /opt/airflow/dags/fire_incidents_dag.py
[2025-03-10T21:08:51.649+0000] {processor.py:925} INFO - DAG(s) 'etl_nyc_fire_incidents_dag' retrieved from /opt/airflow/dags/fire_incidents_dag.py
[2025-03-10T21:08:51.665+0000] {logging_mixin.py:190} INFO - [2025-03-10T21:08:51.665+0000] {dag.py:3239} INFO - Sync 1 DAGs
[2025-03-10T21:08:51.685+0000] {logging_mixin.py:190} INFO - [2025-03-10T21:08:51.685+0000] {dag.py:4180} INFO - Setting next_dagrun for etl_nyc_fire_incidents_dag to 2025-03-10 21:00:00+00:00, run_after=2025-03-10 21:05:00+00:00
[2025-03-10T21:08:51.700+0000] {processor.py:208} INFO - Processing /opt/airflow/dags/fire_incidents_dag.py took 0.087 seconds
[2025-03-10T21:09:21.807+0000] {processor.py:186} INFO - Started process (PID=631) to work on /opt/airflow/dags/fire_incidents_dag.py
[2025-03-10T21:09:21.808+0000] {processor.py:914} INFO - Processing file /opt/airflow/dags/fire_incidents_dag.py for tasks to queue
[2025-03-10T21:09:21.811+0000] {logging_mixin.py:190} INFO - [2025-03-10T21:09:21.810+0000] {dagbag.py:588} INFO - Filling up the DagBag from /opt/airflow/dags/fire_incidents_dag.py
[2025-03-10T21:09:21.820+0000] {processor.py:925} INFO - DAG(s) 'etl_nyc_fire_incidents_dag' retrieved from /opt/airflow/dags/fire_incidents_dag.py
[2025-03-10T21:09:21.837+0000] {logging_mixin.py:190} INFO - [2025-03-10T21:09:21.837+0000] {dag.py:3239} INFO - Sync 1 DAGs
[2025-03-10T21:09:21.870+0000] {processor.py:208} INFO - Processing /opt/airflow/dags/fire_incidents_dag.py took 0.068 seconds
[2025-03-10T21:09:52.849+0000] {processor.py:186} INFO - Started process (PID=695) to work on /opt/airflow/dags/fire_incidents_dag.py
[2025-03-10T21:09:52.849+0000] {processor.py:914} INFO - Processing file /opt/airflow/dags/fire_incidents_dag.py for tasks to queue
[2025-03-10T21:09:52.853+0000] {logging_mixin.py:190} INFO - [2025-03-10T21:09:52.852+0000] {dagbag.py:588} INFO - Filling up the DagBag from /opt/airflow/dags/fire_incidents_dag.py
[2025-03-10T21:09:52.865+0000] {processor.py:925} INFO - DAG(s) 'etl_nyc_fire_incidents_dag' retrieved from /opt/airflow/dags/fire_incidents_dag.py
[2025-03-10T21:09:52.880+0000] {logging_mixin.py:190} INFO - [2025-03-10T21:09:52.880+0000] {dag.py:3239} INFO - Sync 1 DAGs
[2025-03-10T21:09:52.900+0000] {logging_mixin.py:190} INFO - [2025-03-10T21:09:52.899+0000] {dag.py:4180} INFO - Setting next_dagrun for etl_nyc_fire_incidents_dag to 2025-03-10 21:05:00+00:00, run_after=2025-03-10 21:10:00+00:00
[2025-03-10T21:09:52.915+0000] {processor.py:208} INFO - Processing /opt/airflow/dags/fire_incidents_dag.py took 0.073 seconds
[2025-03-10T21:10:23.859+0000] {processor.py:186} INFO - Started process (PID=759) to work on /opt/airflow/dags/fire_incidents_dag.py
[2025-03-10T21:10:23.861+0000] {processor.py:914} INFO - Processing file /opt/airflow/dags/fire_incidents_dag.py for tasks to queue
[2025-03-10T21:10:23.863+0000] {logging_mixin.py:190} INFO - [2025-03-10T21:10:23.862+0000] {dagbag.py:588} INFO - Filling up the DagBag from /opt/airflow/dags/fire_incidents_dag.py
[2025-03-10T21:10:23.875+0000] {processor.py:925} INFO - DAG(s) 'etl_nyc_fire_incidents_dag' retrieved from /opt/airflow/dags/fire_incidents_dag.py
[2025-03-10T21:10:23.893+0000] {logging_mixin.py:190} INFO - [2025-03-10T21:10:23.893+0000] {dag.py:3239} INFO - Sync 1 DAGs
[2025-03-10T21:10:23.919+0000] {logging_mixin.py:190} INFO - [2025-03-10T21:10:23.919+0000] {dag.py:4180} INFO - Setting next_dagrun for etl_nyc_fire_incidents_dag to 2025-03-10 21:10:00+00:00, run_after=2025-03-10 21:15:00+00:00
[2025-03-10T21:10:23.936+0000] {processor.py:208} INFO - Processing /opt/airflow/dags/fire_incidents_dag.py took 0.082 seconds
[2025-03-10T21:10:37.591+0000] {processor.py:186} INFO - Started process (PID=817) to work on /opt/airflow/dags/fire_incidents_dag.py
[2025-03-10T21:10:37.592+0000] {processor.py:914} INFO - Processing file /opt/airflow/dags/fire_incidents_dag.py for tasks to queue
[2025-03-10T21:10:37.594+0000] {logging_mixin.py:190} INFO - [2025-03-10T21:10:37.593+0000] {dagbag.py:588} INFO - Filling up the DagBag from /opt/airflow/dags/fire_incidents_dag.py
[2025-03-10T21:10:37.604+0000] {processor.py:925} INFO - DAG(s) 'etl_nyc_fire_incidents_dag' retrieved from /opt/airflow/dags/fire_incidents_dag.py
[2025-03-10T21:10:37.689+0000] {logging_mixin.py:190} INFO - [2025-03-10T21:10:37.689+0000] {dag.py:3239} INFO - Sync 1 DAGs
[2025-03-10T21:10:39.985+0000] {logging_mixin.py:190} INFO - [2025-03-10T21:10:39.985+0000] {dag.py:4180} INFO - Setting next_dagrun for etl_nyc_fire_incidents_dag to 2025-03-10 21:10:00+00:00, run_after=2025-03-10 21:11:00+00:00
[2025-03-10T21:10:40.018+0000] {processor.py:208} INFO - Processing /opt/airflow/dags/fire_incidents_dag.py took 2.432 seconds
[2025-03-10T21:10:40.079+0000] {processor.py:186} INFO - Started process (PID=818) to work on /opt/airflow/dags/fire_incidents_dag.py
[2025-03-10T21:10:40.080+0000] {processor.py:914} INFO - Processing file /opt/airflow/dags/fire_incidents_dag.py for tasks to queue
[2025-03-10T21:10:40.084+0000] {logging_mixin.py:190} INFO - [2025-03-10T21:10:40.083+0000] {dagbag.py:588} INFO - Filling up the DagBag from /opt/airflow/dags/fire_incidents_dag.py
[2025-03-10T21:10:40.098+0000] {processor.py:925} INFO - DAG(s) 'etl_nyc_fire_incidents_dag' retrieved from /opt/airflow/dags/fire_incidents_dag.py
[2025-03-10T21:10:40.111+0000] {logging_mixin.py:190} INFO - [2025-03-10T21:10:40.110+0000] {dag.py:3239} INFO - Sync 1 DAGs
[2025-03-10T21:10:40.140+0000] {logging_mixin.py:190} INFO - [2025-03-10T21:10:40.139+0000] {dag.py:4180} INFO - Setting next_dagrun for etl_nyc_fire_incidents_dag to 2025-03-10 21:10:00+00:00, run_after=2025-03-10 21:11:00+00:00
[2025-03-10T21:10:40.160+0000] {processor.py:208} INFO - Processing /opt/airflow/dags/fire_incidents_dag.py took 0.096 seconds
[2025-03-10T21:11:10.881+0000] {processor.py:186} INFO - Started process (PID=881) to work on /opt/airflow/dags/fire_incidents_dag.py
[2025-03-10T21:11:10.883+0000] {processor.py:914} INFO - Processing file /opt/airflow/dags/fire_incidents_dag.py for tasks to queue
[2025-03-10T21:11:10.885+0000] {logging_mixin.py:190} INFO - [2025-03-10T21:11:10.885+0000] {dagbag.py:588} INFO - Filling up the DagBag from /opt/airflow/dags/fire_incidents_dag.py
[2025-03-10T21:11:10.900+0000] {processor.py:925} INFO - DAG(s) 'etl_nyc_fire_incidents_dag' retrieved from /opt/airflow/dags/fire_incidents_dag.py
[2025-03-10T21:11:10.915+0000] {logging_mixin.py:190} INFO - [2025-03-10T21:11:10.914+0000] {dag.py:3239} INFO - Sync 1 DAGs
[2025-03-10T21:11:10.945+0000] {processor.py:208} INFO - Processing /opt/airflow/dags/fire_incidents_dag.py took 0.071 seconds
[2025-03-10T21:11:41.602+0000] {processor.py:186} INFO - Started process (PID=945) to work on /opt/airflow/dags/fire_incidents_dag.py
[2025-03-10T21:11:41.604+0000] {processor.py:914} INFO - Processing file /opt/airflow/dags/fire_incidents_dag.py for tasks to queue
[2025-03-10T21:11:41.609+0000] {logging_mixin.py:190} INFO - [2025-03-10T21:11:41.608+0000] {dagbag.py:588} INFO - Filling up the DagBag from /opt/airflow/dags/fire_incidents_dag.py
[2025-03-10T21:11:41.620+0000] {processor.py:925} INFO - DAG(s) 'etl_nyc_fire_incidents_dag' retrieved from /opt/airflow/dags/fire_incidents_dag.py
[2025-03-10T21:11:41.634+0000] {logging_mixin.py:190} INFO - [2025-03-10T21:11:41.633+0000] {dag.py:3239} INFO - Sync 1 DAGs
[2025-03-10T21:11:41.653+0000] {logging_mixin.py:190} INFO - [2025-03-10T21:11:41.653+0000] {dag.py:4180} INFO - Setting next_dagrun for etl_nyc_fire_incidents_dag to 2025-03-10 21:11:00+00:00, run_after=2025-03-10 21:12:00+00:00
[2025-03-10T21:11:41.666+0000] {processor.py:208} INFO - Processing /opt/airflow/dags/fire_incidents_dag.py took 0.075 seconds
[2025-03-10T21:12:12.292+0000] {processor.py:186} INFO - Started process (PID=1009) to work on /opt/airflow/dags/fire_incidents_dag.py
[2025-03-10T21:12:12.294+0000] {processor.py:914} INFO - Processing file /opt/airflow/dags/fire_incidents_dag.py for tasks to queue
[2025-03-10T21:12:12.299+0000] {logging_mixin.py:190} INFO - [2025-03-10T21:12:12.298+0000] {dagbag.py:588} INFO - Filling up the DagBag from /opt/airflow/dags/fire_incidents_dag.py
[2025-03-10T21:12:12.310+0000] {processor.py:925} INFO - DAG(s) 'etl_nyc_fire_incidents_dag' retrieved from /opt/airflow/dags/fire_incidents_dag.py
[2025-03-10T21:12:12.324+0000] {logging_mixin.py:190} INFO - [2025-03-10T21:12:12.324+0000] {dag.py:3239} INFO - Sync 1 DAGs
[2025-03-10T21:12:12.343+0000] {logging_mixin.py:190} INFO - [2025-03-10T21:12:12.343+0000] {dag.py:4180} INFO - Setting next_dagrun for etl_nyc_fire_incidents_dag to 2025-03-10 21:12:00+00:00, run_after=2025-03-10 21:13:00+00:00
[2025-03-10T21:12:12.357+0000] {processor.py:208} INFO - Processing /opt/airflow/dags/fire_incidents_dag.py took 0.076 seconds
[2025-03-10T21:12:43.200+0000] {processor.py:186} INFO - Started process (PID=1073) to work on /opt/airflow/dags/fire_incidents_dag.py
[2025-03-10T21:12:43.202+0000] {processor.py:914} INFO - Processing file /opt/airflow/dags/fire_incidents_dag.py for tasks to queue
[2025-03-10T21:12:43.205+0000] {logging_mixin.py:190} INFO - [2025-03-10T21:12:43.204+0000] {dagbag.py:588} INFO - Filling up the DagBag from /opt/airflow/dags/fire_incidents_dag.py
[2025-03-10T21:12:43.216+0000] {processor.py:925} INFO - DAG(s) 'etl_nyc_fire_incidents_dag' retrieved from /opt/airflow/dags/fire_incidents_dag.py
[2025-03-10T21:12:43.231+0000] {logging_mixin.py:190} INFO - [2025-03-10T21:12:43.231+0000] {dag.py:3239} INFO - Sync 1 DAGs
[2025-03-10T21:12:43.250+0000] {logging_mixin.py:190} INFO - [2025-03-10T21:12:43.250+0000] {dag.py:4180} INFO - Setting next_dagrun for etl_nyc_fire_incidents_dag to 2025-03-10 21:12:00+00:00, run_after=2025-03-10 21:13:00+00:00
[2025-03-10T21:12:43.264+0000] {processor.py:208} INFO - Processing /opt/airflow/dags/fire_incidents_dag.py took 0.076 seconds
[2025-03-10T21:13:13.984+0000] {processor.py:186} INFO - Started process (PID=1137) to work on /opt/airflow/dags/fire_incidents_dag.py
[2025-03-10T21:13:13.985+0000] {processor.py:914} INFO - Processing file /opt/airflow/dags/fire_incidents_dag.py for tasks to queue
[2025-03-10T21:13:13.987+0000] {logging_mixin.py:190} INFO - [2025-03-10T21:13:13.987+0000] {dagbag.py:588} INFO - Filling up the DagBag from /opt/airflow/dags/fire_incidents_dag.py
[2025-03-10T21:13:13.996+0000] {processor.py:925} INFO - DAG(s) 'etl_nyc_fire_incidents_dag' retrieved from /opt/airflow/dags/fire_incidents_dag.py
[2025-03-10T21:13:14.010+0000] {logging_mixin.py:190} INFO - [2025-03-10T21:13:14.010+0000] {dag.py:3239} INFO - Sync 1 DAGs
[2025-03-10T21:13:14.039+0000] {processor.py:208} INFO - Processing /opt/airflow/dags/fire_incidents_dag.py took 0.060 seconds
[2025-03-10T21:13:44.784+0000] {processor.py:186} INFO - Started process (PID=1202) to work on /opt/airflow/dags/fire_incidents_dag.py
[2025-03-10T21:13:44.786+0000] {processor.py:914} INFO - Processing file /opt/airflow/dags/fire_incidents_dag.py for tasks to queue
[2025-03-10T21:13:44.792+0000] {logging_mixin.py:190} INFO - [2025-03-10T21:13:44.791+0000] {dagbag.py:588} INFO - Filling up the DagBag from /opt/airflow/dags/fire_incidents_dag.py
[2025-03-10T21:13:44.804+0000] {processor.py:925} INFO - DAG(s) 'etl_nyc_fire_incidents_dag' retrieved from /opt/airflow/dags/fire_incidents_dag.py
[2025-03-10T21:13:44.820+0000] {logging_mixin.py:190} INFO - [2025-03-10T21:13:44.820+0000] {dag.py:3239} INFO - Sync 1 DAGs
[2025-03-10T21:13:44.840+0000] {logging_mixin.py:190} INFO - [2025-03-10T21:13:44.839+0000] {dag.py:4180} INFO - Setting next_dagrun for etl_nyc_fire_incidents_dag to 2025-03-10 21:13:00+00:00, run_after=2025-03-10 21:14:00+00:00
[2025-03-10T21:13:44.853+0000] {processor.py:208} INFO - Processing /opt/airflow/dags/fire_incidents_dag.py took 0.084 seconds
[2025-03-10T21:14:15.652+0000] {processor.py:186} INFO - Started process (PID=1266) to work on /opt/airflow/dags/fire_incidents_dag.py
[2025-03-10T21:14:15.654+0000] {processor.py:914} INFO - Processing file /opt/airflow/dags/fire_incidents_dag.py for tasks to queue
[2025-03-10T21:14:15.659+0000] {logging_mixin.py:190} INFO - [2025-03-10T21:14:15.657+0000] {dagbag.py:588} INFO - Filling up the DagBag from /opt/airflow/dags/fire_incidents_dag.py
[2025-03-10T21:14:15.670+0000] {processor.py:925} INFO - DAG(s) 'etl_nyc_fire_incidents_dag' retrieved from /opt/airflow/dags/fire_incidents_dag.py
[2025-03-10T21:14:15.684+0000] {logging_mixin.py:190} INFO - [2025-03-10T21:14:15.683+0000] {dag.py:3239} INFO - Sync 1 DAGs
[2025-03-10T21:14:15.703+0000] {logging_mixin.py:190} INFO - [2025-03-10T21:14:15.703+0000] {dag.py:4180} INFO - Setting next_dagrun for etl_nyc_fire_incidents_dag to 2025-03-10 21:14:00+00:00, run_after=2025-03-10 21:15:00+00:00
[2025-03-10T21:14:15.719+0000] {processor.py:208} INFO - Processing /opt/airflow/dags/fire_incidents_dag.py took 0.077 seconds
[2025-03-10T21:14:46.571+0000] {processor.py:186} INFO - Started process (PID=1330) to work on /opt/airflow/dags/fire_incidents_dag.py
[2025-03-10T21:14:46.572+0000] {processor.py:914} INFO - Processing file /opt/airflow/dags/fire_incidents_dag.py for tasks to queue
[2025-03-10T21:14:46.573+0000] {logging_mixin.py:190} INFO - [2025-03-10T21:14:46.573+0000] {dagbag.py:588} INFO - Filling up the DagBag from /opt/airflow/dags/fire_incidents_dag.py
[2025-03-10T21:14:46.582+0000] {processor.py:925} INFO - DAG(s) 'etl_nyc_fire_incidents_dag' retrieved from /opt/airflow/dags/fire_incidents_dag.py
[2025-03-10T21:14:46.599+0000] {logging_mixin.py:190} INFO - [2025-03-10T21:14:46.598+0000] {dag.py:3239} INFO - Sync 1 DAGs
[2025-03-10T21:14:46.619+0000] {logging_mixin.py:190} INFO - [2025-03-10T21:14:46.618+0000] {dag.py:4180} INFO - Setting next_dagrun for etl_nyc_fire_incidents_dag to 2025-03-10 21:14:00+00:00, run_after=2025-03-10 21:15:00+00:00
[2025-03-10T21:14:46.632+0000] {processor.py:208} INFO - Processing /opt/airflow/dags/fire_incidents_dag.py took 0.066 seconds
[2025-03-10T21:15:17.384+0000] {processor.py:186} INFO - Started process (PID=1394) to work on /opt/airflow/dags/fire_incidents_dag.py
[2025-03-10T21:15:17.386+0000] {processor.py:914} INFO - Processing file /opt/airflow/dags/fire_incidents_dag.py for tasks to queue
[2025-03-10T21:15:17.389+0000] {logging_mixin.py:190} INFO - [2025-03-10T21:15:17.389+0000] {dagbag.py:588} INFO - Filling up the DagBag from /opt/airflow/dags/fire_incidents_dag.py
[2025-03-10T21:15:17.408+0000] {processor.py:925} INFO - DAG(s) 'etl_nyc_fire_incidents_dag' retrieved from /opt/airflow/dags/fire_incidents_dag.py
[2025-03-10T21:15:17.425+0000] {logging_mixin.py:190} INFO - [2025-03-10T21:15:17.425+0000] {dag.py:3239} INFO - Sync 1 DAGs
[2025-03-10T21:15:17.445+0000] {logging_mixin.py:190} INFO - [2025-03-10T21:15:17.444+0000] {dag.py:4180} INFO - Setting next_dagrun for etl_nyc_fire_incidents_dag to 2025-03-10 21:15:00+00:00, run_after=2025-03-10 21:16:00+00:00
[2025-03-10T21:15:17.457+0000] {processor.py:208} INFO - Processing /opt/airflow/dags/fire_incidents_dag.py took 0.086 seconds
[2025-03-10T21:15:48.208+0000] {processor.py:186} INFO - Started process (PID=1458) to work on /opt/airflow/dags/fire_incidents_dag.py
[2025-03-10T21:15:48.209+0000] {processor.py:914} INFO - Processing file /opt/airflow/dags/fire_incidents_dag.py for tasks to queue
[2025-03-10T21:15:48.213+0000] {logging_mixin.py:190} INFO - [2025-03-10T21:15:48.212+0000] {dagbag.py:588} INFO - Filling up the DagBag from /opt/airflow/dags/fire_incidents_dag.py
[2025-03-10T21:15:48.222+0000] {processor.py:925} INFO - DAG(s) 'etl_nyc_fire_incidents_dag' retrieved from /opt/airflow/dags/fire_incidents_dag.py
[2025-03-10T21:15:48.236+0000] {logging_mixin.py:190} INFO - [2025-03-10T21:15:48.236+0000] {dag.py:3239} INFO - Sync 1 DAGs
[2025-03-10T21:15:48.255+0000] {logging_mixin.py:190} INFO - [2025-03-10T21:15:48.254+0000] {dag.py:4180} INFO - Setting next_dagrun for etl_nyc_fire_incidents_dag to 2025-03-10 21:15:00+00:00, run_after=2025-03-10 21:16:00+00:00
[2025-03-10T21:15:48.269+0000] {processor.py:208} INFO - Processing /opt/airflow/dags/fire_incidents_dag.py took 0.072 seconds
[2025-03-10T21:16:18.970+0000] {processor.py:186} INFO - Started process (PID=1522) to work on /opt/airflow/dags/fire_incidents_dag.py
[2025-03-10T21:16:18.972+0000] {processor.py:914} INFO - Processing file /opt/airflow/dags/fire_incidents_dag.py for tasks to queue
[2025-03-10T21:16:18.974+0000] {logging_mixin.py:190} INFO - [2025-03-10T21:16:18.973+0000] {dagbag.py:588} INFO - Filling up the DagBag from /opt/airflow/dags/fire_incidents_dag.py
[2025-03-10T21:16:18.983+0000] {processor.py:925} INFO - DAG(s) 'etl_nyc_fire_incidents_dag' retrieved from /opt/airflow/dags/fire_incidents_dag.py
[2025-03-10T21:16:18.999+0000] {logging_mixin.py:190} INFO - [2025-03-10T21:16:18.999+0000] {dag.py:3239} INFO - Sync 1 DAGs
[2025-03-10T21:16:19.019+0000] {logging_mixin.py:190} INFO - [2025-03-10T21:16:19.019+0000] {dag.py:4180} INFO - Setting next_dagrun for etl_nyc_fire_incidents_dag to 2025-03-10 21:16:00+00:00, run_after=2025-03-10 21:17:00+00:00
[2025-03-10T21:16:19.034+0000] {processor.py:208} INFO - Processing /opt/airflow/dags/fire_incidents_dag.py took 0.068 seconds
[2025-03-10T21:16:49.527+0000] {processor.py:186} INFO - Started process (PID=1586) to work on /opt/airflow/dags/fire_incidents_dag.py
[2025-03-10T21:16:49.529+0000] {processor.py:914} INFO - Processing file /opt/airflow/dags/fire_incidents_dag.py for tasks to queue
[2025-03-10T21:16:49.531+0000] {logging_mixin.py:190} INFO - [2025-03-10T21:16:49.531+0000] {dagbag.py:588} INFO - Filling up the DagBag from /opt/airflow/dags/fire_incidents_dag.py
[2025-03-10T21:16:49.542+0000] {processor.py:925} INFO - DAG(s) 'etl_nyc_fire_incidents_dag' retrieved from /opt/airflow/dags/fire_incidents_dag.py
[2025-03-10T21:16:49.559+0000] {logging_mixin.py:190} INFO - [2025-03-10T21:16:49.559+0000] {dag.py:3239} INFO - Sync 1 DAGs
[2025-03-10T21:16:49.579+0000] {logging_mixin.py:190} INFO - [2025-03-10T21:16:49.579+0000] {dag.py:4180} INFO - Setting next_dagrun for etl_nyc_fire_incidents_dag to 2025-03-10 21:16:00+00:00, run_after=2025-03-10 21:17:00+00:00
[2025-03-10T21:16:49.594+0000] {processor.py:208} INFO - Processing /opt/airflow/dags/fire_incidents_dag.py took 0.074 seconds
[2025-03-10T21:17:20.272+0000] {processor.py:186} INFO - Started process (PID=1656) to work on /opt/airflow/dags/fire_incidents_dag.py
[2025-03-10T21:17:20.275+0000] {processor.py:914} INFO - Processing file /opt/airflow/dags/fire_incidents_dag.py for tasks to queue
[2025-03-10T21:17:20.278+0000] {logging_mixin.py:190} INFO - [2025-03-10T21:17:20.278+0000] {dagbag.py:588} INFO - Filling up the DagBag from /opt/airflow/dags/fire_incidents_dag.py
[2025-03-10T21:17:20.290+0000] {processor.py:925} INFO - DAG(s) 'etl_nyc_fire_incidents_dag' retrieved from /opt/airflow/dags/fire_incidents_dag.py
[2025-03-10T21:17:20.304+0000] {logging_mixin.py:190} INFO - [2025-03-10T21:17:20.304+0000] {dag.py:3239} INFO - Sync 1 DAGs
[2025-03-10T21:17:20.324+0000] {logging_mixin.py:190} INFO - [2025-03-10T21:17:20.324+0000] {dag.py:4180} INFO - Setting next_dagrun for etl_nyc_fire_incidents_dag to 2025-03-10 21:17:00+00:00, run_after=2025-03-10 21:18:00+00:00
[2025-03-10T21:17:20.336+0000] {processor.py:208} INFO - Processing /opt/airflow/dags/fire_incidents_dag.py took 0.074 seconds
[2025-03-10T21:17:50.956+0000] {processor.py:186} INFO - Started process (PID=1720) to work on /opt/airflow/dags/fire_incidents_dag.py
[2025-03-10T21:17:50.957+0000] {processor.py:914} INFO - Processing file /opt/airflow/dags/fire_incidents_dag.py for tasks to queue
[2025-03-10T21:17:50.960+0000] {logging_mixin.py:190} INFO - [2025-03-10T21:17:50.960+0000] {dagbag.py:588} INFO - Filling up the DagBag from /opt/airflow/dags/fire_incidents_dag.py
[2025-03-10T21:17:50.973+0000] {processor.py:925} INFO - DAG(s) 'etl_nyc_fire_incidents_dag' retrieved from /opt/airflow/dags/fire_incidents_dag.py
[2025-03-10T21:17:50.991+0000] {logging_mixin.py:190} INFO - [2025-03-10T21:17:50.991+0000] {dag.py:3239} INFO - Sync 1 DAGs
[2025-03-10T21:17:51.012+0000] {logging_mixin.py:190} INFO - [2025-03-10T21:17:51.012+0000] {dag.py:4180} INFO - Setting next_dagrun for etl_nyc_fire_incidents_dag to 2025-03-10 21:17:00+00:00, run_after=2025-03-10 21:18:00+00:00
[2025-03-10T21:17:51.025+0000] {processor.py:208} INFO - Processing /opt/airflow/dags/fire_incidents_dag.py took 0.075 seconds
[2025-03-10T21:18:21.485+0000] {processor.py:186} INFO - Started process (PID=1784) to work on /opt/airflow/dags/fire_incidents_dag.py
[2025-03-10T21:18:21.486+0000] {processor.py:914} INFO - Processing file /opt/airflow/dags/fire_incidents_dag.py for tasks to queue
[2025-03-10T21:18:21.489+0000] {logging_mixin.py:190} INFO - [2025-03-10T21:18:21.488+0000] {dagbag.py:588} INFO - Filling up the DagBag from /opt/airflow/dags/fire_incidents_dag.py
[2025-03-10T21:18:21.502+0000] {processor.py:925} INFO - DAG(s) 'etl_nyc_fire_incidents_dag' retrieved from /opt/airflow/dags/fire_incidents_dag.py
[2025-03-10T21:18:21.518+0000] {logging_mixin.py:190} INFO - [2025-03-10T21:18:21.518+0000] {dag.py:3239} INFO - Sync 1 DAGs
[2025-03-10T21:18:21.538+0000] {logging_mixin.py:190} INFO - [2025-03-10T21:18:21.538+0000] {dag.py:4180} INFO - Setting next_dagrun for etl_nyc_fire_incidents_dag to 2025-03-10 21:17:00+00:00, run_after=2025-03-10 21:18:00+00:00
[2025-03-10T21:18:21.553+0000] {processor.py:208} INFO - Processing /opt/airflow/dags/fire_incidents_dag.py took 0.076 seconds
[2025-03-10T21:18:51.662+0000] {processor.py:186} INFO - Started process (PID=1848) to work on /opt/airflow/dags/fire_incidents_dag.py
[2025-03-10T21:18:51.664+0000] {processor.py:914} INFO - Processing file /opt/airflow/dags/fire_incidents_dag.py for tasks to queue
[2025-03-10T21:18:51.669+0000] {logging_mixin.py:190} INFO - [2025-03-10T21:18:51.668+0000] {dagbag.py:588} INFO - Filling up the DagBag from /opt/airflow/dags/fire_incidents_dag.py
[2025-03-10T21:18:51.683+0000] {processor.py:925} INFO - DAG(s) 'etl_nyc_fire_incidents_dag' retrieved from /opt/airflow/dags/fire_incidents_dag.py
[2025-03-10T21:18:51.698+0000] {logging_mixin.py:190} INFO - [2025-03-10T21:18:51.698+0000] {dag.py:3239} INFO - Sync 1 DAGs
[2025-03-10T21:18:51.724+0000] {logging_mixin.py:190} INFO - [2025-03-10T21:18:51.724+0000] {dag.py:4180} INFO - Setting next_dagrun for etl_nyc_fire_incidents_dag to 2025-03-10 21:17:00+00:00, run_after=2025-03-10 21:18:00+00:00
[2025-03-10T21:18:51.742+0000] {processor.py:208} INFO - Processing /opt/airflow/dags/fire_incidents_dag.py took 0.092 seconds
[2025-03-10T21:19:22.393+0000] {processor.py:186} INFO - Started process (PID=1913) to work on /opt/airflow/dags/fire_incidents_dag.py
[2025-03-10T21:19:22.394+0000] {processor.py:914} INFO - Processing file /opt/airflow/dags/fire_incidents_dag.py for tasks to queue
[2025-03-10T21:19:22.396+0000] {logging_mixin.py:190} INFO - [2025-03-10T21:19:22.396+0000] {dagbag.py:588} INFO - Filling up the DagBag from /opt/airflow/dags/fire_incidents_dag.py
[2025-03-10T21:19:22.406+0000] {processor.py:925} INFO - DAG(s) 'etl_nyc_fire_incidents_dag' retrieved from /opt/airflow/dags/fire_incidents_dag.py
[2025-03-10T21:19:22.422+0000] {logging_mixin.py:190} INFO - [2025-03-10T21:19:22.422+0000] {dag.py:3239} INFO - Sync 1 DAGs
[2025-03-10T21:19:22.443+0000] {logging_mixin.py:190} INFO - [2025-03-10T21:19:22.443+0000] {dag.py:4180} INFO - Setting next_dagrun for etl_nyc_fire_incidents_dag to 2025-03-10 21:18:00+00:00, run_after=2025-03-10 21:19:00+00:00
[2025-03-10T21:19:22.458+0000] {processor.py:208} INFO - Processing /opt/airflow/dags/fire_incidents_dag.py took 0.071 seconds
[2025-03-10T21:19:53.003+0000] {processor.py:186} INFO - Started process (PID=1977) to work on /opt/airflow/dags/fire_incidents_dag.py
[2025-03-10T21:19:53.004+0000] {processor.py:914} INFO - Processing file /opt/airflow/dags/fire_incidents_dag.py for tasks to queue
[2025-03-10T21:19:53.006+0000] {logging_mixin.py:190} INFO - [2025-03-10T21:19:53.006+0000] {dagbag.py:588} INFO - Filling up the DagBag from /opt/airflow/dags/fire_incidents_dag.py
[2025-03-10T21:19:53.015+0000] {processor.py:925} INFO - DAG(s) 'etl_nyc_fire_incidents_dag' retrieved from /opt/airflow/dags/fire_incidents_dag.py
[2025-03-10T21:19:53.030+0000] {logging_mixin.py:190} INFO - [2025-03-10T21:19:53.029+0000] {dag.py:3239} INFO - Sync 1 DAGs
[2025-03-10T21:19:53.049+0000] {logging_mixin.py:190} INFO - [2025-03-10T21:19:53.049+0000] {dag.py:4180} INFO - Setting next_dagrun for etl_nyc_fire_incidents_dag to 2025-03-10 21:18:00+00:00, run_after=2025-03-10 21:19:00+00:00
[2025-03-10T21:19:53.062+0000] {processor.py:208} INFO - Processing /opt/airflow/dags/fire_incidents_dag.py took 0.064 seconds
[2025-03-10T21:20:24.006+0000] {processor.py:186} INFO - Started process (PID=2041) to work on /opt/airflow/dags/fire_incidents_dag.py
[2025-03-10T21:20:24.009+0000] {processor.py:914} INFO - Processing file /opt/airflow/dags/fire_incidents_dag.py for tasks to queue
[2025-03-10T21:20:24.014+0000] {logging_mixin.py:190} INFO - [2025-03-10T21:20:24.013+0000] {dagbag.py:588} INFO - Filling up the DagBag from /opt/airflow/dags/fire_incidents_dag.py
[2025-03-10T21:20:24.027+0000] {processor.py:925} INFO - DAG(s) 'etl_nyc_fire_incidents_dag' retrieved from /opt/airflow/dags/fire_incidents_dag.py
[2025-03-10T21:20:24.042+0000] {logging_mixin.py:190} INFO - [2025-03-10T21:20:24.041+0000] {dag.py:3239} INFO - Sync 1 DAGs
[2025-03-10T21:20:24.060+0000] {logging_mixin.py:190} INFO - [2025-03-10T21:20:24.060+0000] {dag.py:4180} INFO - Setting next_dagrun for etl_nyc_fire_incidents_dag to 2025-03-10 21:19:00+00:00, run_after=2025-03-10 21:20:00+00:00
[2025-03-10T21:20:24.073+0000] {processor.py:208} INFO - Processing /opt/airflow/dags/fire_incidents_dag.py took 0.078 seconds
[2025-03-10T21:20:54.976+0000] {processor.py:186} INFO - Started process (PID=2105) to work on /opt/airflow/dags/fire_incidents_dag.py
[2025-03-10T21:20:54.977+0000] {processor.py:914} INFO - Processing file /opt/airflow/dags/fire_incidents_dag.py for tasks to queue
[2025-03-10T21:20:54.980+0000] {logging_mixin.py:190} INFO - [2025-03-10T21:20:54.979+0000] {dagbag.py:588} INFO - Filling up the DagBag from /opt/airflow/dags/fire_incidents_dag.py
[2025-03-10T21:20:54.990+0000] {processor.py:925} INFO - DAG(s) 'etl_nyc_fire_incidents_dag' retrieved from /opt/airflow/dags/fire_incidents_dag.py
[2025-03-10T21:20:55.007+0000] {logging_mixin.py:190} INFO - [2025-03-10T21:20:55.006+0000] {dag.py:3239} INFO - Sync 1 DAGs
[2025-03-10T21:20:55.030+0000] {logging_mixin.py:190} INFO - [2025-03-10T21:20:55.030+0000] {dag.py:4180} INFO - Setting next_dagrun for etl_nyc_fire_incidents_dag to 2025-03-10 21:19:00+00:00, run_after=2025-03-10 21:20:00+00:00
[2025-03-10T21:20:55.051+0000] {processor.py:208} INFO - Processing /opt/airflow/dags/fire_incidents_dag.py took 0.081 seconds
[2025-03-10T21:21:25.506+0000] {processor.py:186} INFO - Started process (PID=2169) to work on /opt/airflow/dags/fire_incidents_dag.py
[2025-03-10T21:21:25.507+0000] {processor.py:914} INFO - Processing file /opt/airflow/dags/fire_incidents_dag.py for tasks to queue
[2025-03-10T21:21:25.510+0000] {logging_mixin.py:190} INFO - [2025-03-10T21:21:25.509+0000] {dagbag.py:588} INFO - Filling up the DagBag from /opt/airflow/dags/fire_incidents_dag.py
[2025-03-10T21:21:25.520+0000] {processor.py:925} INFO - DAG(s) 'etl_nyc_fire_incidents_dag' retrieved from /opt/airflow/dags/fire_incidents_dag.py
[2025-03-10T21:21:25.537+0000] {logging_mixin.py:190} INFO - [2025-03-10T21:21:25.537+0000] {dag.py:3239} INFO - Sync 1 DAGs
[2025-03-10T21:21:25.560+0000] {logging_mixin.py:190} INFO - [2025-03-10T21:21:25.560+0000] {dag.py:4180} INFO - Setting next_dagrun for etl_nyc_fire_incidents_dag to 2025-03-10 21:20:00+00:00, run_after=2025-03-10 21:21:00+00:00
[2025-03-10T21:21:25.575+0000] {processor.py:208} INFO - Processing /opt/airflow/dags/fire_incidents_dag.py took 0.075 seconds
[2025-03-10T21:21:56.047+0000] {processor.py:186} INFO - Started process (PID=2233) to work on /opt/airflow/dags/fire_incidents_dag.py
[2025-03-10T21:21:56.048+0000] {processor.py:914} INFO - Processing file /opt/airflow/dags/fire_incidents_dag.py for tasks to queue
[2025-03-10T21:21:56.051+0000] {logging_mixin.py:190} INFO - [2025-03-10T21:21:56.051+0000] {dagbag.py:588} INFO - Filling up the DagBag from /opt/airflow/dags/fire_incidents_dag.py
[2025-03-10T21:21:56.069+0000] {processor.py:925} INFO - DAG(s) 'etl_nyc_fire_incidents_dag' retrieved from /opt/airflow/dags/fire_incidents_dag.py
[2025-03-10T21:21:56.091+0000] {logging_mixin.py:190} INFO - [2025-03-10T21:21:56.090+0000] {dag.py:3239} INFO - Sync 1 DAGs
[2025-03-10T21:21:56.119+0000] {logging_mixin.py:190} INFO - [2025-03-10T21:21:56.119+0000] {dag.py:4180} INFO - Setting next_dagrun for etl_nyc_fire_incidents_dag to 2025-03-10 21:20:00+00:00, run_after=2025-03-10 21:21:00+00:00
[2025-03-10T21:21:56.923+0000] {processor.py:208} INFO - Processing /opt/airflow/dags/fire_incidents_dag.py took 0.883 seconds
[2025-03-10T21:22:27.044+0000] {processor.py:186} INFO - Started process (PID=2297) to work on /opt/airflow/dags/fire_incidents_dag.py
[2025-03-10T21:22:27.045+0000] {processor.py:914} INFO - Processing file /opt/airflow/dags/fire_incidents_dag.py for tasks to queue
[2025-03-10T21:22:27.047+0000] {logging_mixin.py:190} INFO - [2025-03-10T21:22:27.047+0000] {dagbag.py:588} INFO - Filling up the DagBag from /opt/airflow/dags/fire_incidents_dag.py
[2025-03-10T21:22:27.058+0000] {processor.py:925} INFO - DAG(s) 'etl_nyc_fire_incidents_dag' retrieved from /opt/airflow/dags/fire_incidents_dag.py
[2025-03-10T21:22:27.073+0000] {logging_mixin.py:190} INFO - [2025-03-10T21:22:27.073+0000] {dag.py:3239} INFO - Sync 1 DAGs
[2025-03-10T21:22:27.094+0000] {logging_mixin.py:190} INFO - [2025-03-10T21:22:27.093+0000] {dag.py:4180} INFO - Setting next_dagrun for etl_nyc_fire_incidents_dag to 2025-03-10 21:21:00+00:00, run_after=2025-03-10 21:22:00+00:00
[2025-03-10T21:22:27.108+0000] {processor.py:208} INFO - Processing /opt/airflow/dags/fire_incidents_dag.py took 0.069 seconds
[2025-03-10T21:22:57.670+0000] {processor.py:186} INFO - Started process (PID=2361) to work on /opt/airflow/dags/fire_incidents_dag.py
[2025-03-10T21:22:57.671+0000] {processor.py:914} INFO - Processing file /opt/airflow/dags/fire_incidents_dag.py for tasks to queue
[2025-03-10T21:22:57.673+0000] {logging_mixin.py:190} INFO - [2025-03-10T21:22:57.673+0000] {dagbag.py:588} INFO - Filling up the DagBag from /opt/airflow/dags/fire_incidents_dag.py
[2025-03-10T21:22:57.682+0000] {processor.py:925} INFO - DAG(s) 'etl_nyc_fire_incidents_dag' retrieved from /opt/airflow/dags/fire_incidents_dag.py
[2025-03-10T21:22:57.697+0000] {logging_mixin.py:190} INFO - [2025-03-10T21:22:57.697+0000] {dag.py:3239} INFO - Sync 1 DAGs
[2025-03-10T21:22:57.718+0000] {logging_mixin.py:190} INFO - [2025-03-10T21:22:57.718+0000] {dag.py:4180} INFO - Setting next_dagrun for etl_nyc_fire_incidents_dag to 2025-03-10 21:21:00+00:00, run_after=2025-03-10 21:22:00+00:00
[2025-03-10T21:22:57.732+0000] {processor.py:208} INFO - Processing /opt/airflow/dags/fire_incidents_dag.py took 0.067 seconds
[2025-03-10T21:23:27.992+0000] {processor.py:186} INFO - Started process (PID=2425) to work on /opt/airflow/dags/fire_incidents_dag.py
[2025-03-10T21:23:27.993+0000] {processor.py:914} INFO - Processing file /opt/airflow/dags/fire_incidents_dag.py for tasks to queue
[2025-03-10T21:23:27.995+0000] {logging_mixin.py:190} INFO - [2025-03-10T21:23:27.995+0000] {dagbag.py:588} INFO - Filling up the DagBag from /opt/airflow/dags/fire_incidents_dag.py
[2025-03-10T21:23:28.005+0000] {processor.py:925} INFO - DAG(s) 'etl_nyc_fire_incidents_dag' retrieved from /opt/airflow/dags/fire_incidents_dag.py
[2025-03-10T21:23:28.019+0000] {logging_mixin.py:190} INFO - [2025-03-10T21:23:28.019+0000] {dag.py:3239} INFO - Sync 1 DAGs
[2025-03-10T21:23:28.039+0000] {logging_mixin.py:190} INFO - [2025-03-10T21:23:28.039+0000] {dag.py:4180} INFO - Setting next_dagrun for etl_nyc_fire_incidents_dag to 2025-03-10 21:22:00+00:00, run_after=2025-03-10 21:23:00+00:00
[2025-03-10T21:23:28.053+0000] {processor.py:208} INFO - Processing /opt/airflow/dags/fire_incidents_dag.py took 0.066 seconds
[2025-03-10T21:23:58.837+0000] {processor.py:186} INFO - Started process (PID=2489) to work on /opt/airflow/dags/fire_incidents_dag.py
[2025-03-10T21:23:58.838+0000] {processor.py:914} INFO - Processing file /opt/airflow/dags/fire_incidents_dag.py for tasks to queue
[2025-03-10T21:23:58.840+0000] {logging_mixin.py:190} INFO - [2025-03-10T21:23:58.840+0000] {dagbag.py:588} INFO - Filling up the DagBag from /opt/airflow/dags/fire_incidents_dag.py
[2025-03-10T21:23:58.849+0000] {processor.py:925} INFO - DAG(s) 'etl_nyc_fire_incidents_dag' retrieved from /opt/airflow/dags/fire_incidents_dag.py
[2025-03-10T21:23:58.864+0000] {logging_mixin.py:190} INFO - [2025-03-10T21:23:58.864+0000] {dag.py:3239} INFO - Sync 1 DAGs
[2025-03-10T21:23:58.884+0000] {logging_mixin.py:190} INFO - [2025-03-10T21:23:58.884+0000] {dag.py:4180} INFO - Setting next_dagrun for etl_nyc_fire_incidents_dag to 2025-03-10 21:22:00+00:00, run_after=2025-03-10 21:23:00+00:00
[2025-03-10T21:23:58.898+0000] {processor.py:208} INFO - Processing /opt/airflow/dags/fire_incidents_dag.py took 0.065 seconds
[2025-03-10T21:24:29.188+0000] {processor.py:186} INFO - Started process (PID=2553) to work on /opt/airflow/dags/fire_incidents_dag.py
[2025-03-10T21:24:29.190+0000] {processor.py:914} INFO - Processing file /opt/airflow/dags/fire_incidents_dag.py for tasks to queue
[2025-03-10T21:24:29.194+0000] {logging_mixin.py:190} INFO - [2025-03-10T21:24:29.193+0000] {dagbag.py:588} INFO - Filling up the DagBag from /opt/airflow/dags/fire_incidents_dag.py
[2025-03-10T21:24:29.217+0000] {processor.py:925} INFO - DAG(s) 'etl_nyc_fire_incidents_dag' retrieved from /opt/airflow/dags/fire_incidents_dag.py
[2025-03-10T21:24:29.256+0000] {logging_mixin.py:190} INFO - [2025-03-10T21:24:29.256+0000] {dag.py:3239} INFO - Sync 1 DAGs
[2025-03-10T21:24:29.295+0000] {logging_mixin.py:190} INFO - [2025-03-10T21:24:29.294+0000] {dag.py:4180} INFO - Setting next_dagrun for etl_nyc_fire_incidents_dag to 2025-03-10 21:23:00+00:00, run_after=2025-03-10 21:24:00+00:00
[2025-03-10T21:24:29.325+0000] {processor.py:208} INFO - Processing /opt/airflow/dags/fire_incidents_dag.py took 0.145 seconds
[2025-03-10T21:24:59.482+0000] {processor.py:186} INFO - Started process (PID=2604) to work on /opt/airflow/dags/fire_incidents_dag.py
[2025-03-10T21:24:59.483+0000] {processor.py:914} INFO - Processing file /opt/airflow/dags/fire_incidents_dag.py for tasks to queue
[2025-03-10T21:24:59.485+0000] {logging_mixin.py:190} INFO - [2025-03-10T21:24:59.485+0000] {dagbag.py:588} INFO - Filling up the DagBag from /opt/airflow/dags/fire_incidents_dag.py
[2025-03-10T21:24:59.498+0000] {processor.py:925} INFO - DAG(s) 'etl_nyc_fire_incidents_dag' retrieved from /opt/airflow/dags/fire_incidents_dag.py
[2025-03-10T21:24:59.517+0000] {logging_mixin.py:190} INFO - [2025-03-10T21:24:59.516+0000] {dag.py:3239} INFO - Sync 1 DAGs
[2025-03-10T21:24:59.544+0000] {logging_mixin.py:190} INFO - [2025-03-10T21:24:59.544+0000] {dag.py:4180} INFO - Setting next_dagrun for etl_nyc_fire_incidents_dag to 2025-03-10 21:23:00+00:00, run_after=2025-03-10 21:24:00+00:00
[2025-03-10T21:24:59.565+0000] {processor.py:208} INFO - Processing /opt/airflow/dags/fire_incidents_dag.py took 0.090 seconds
[2025-03-10T21:25:30.463+0000] {processor.py:186} INFO - Started process (PID=2667) to work on /opt/airflow/dags/fire_incidents_dag.py
[2025-03-10T21:25:30.464+0000] {processor.py:914} INFO - Processing file /opt/airflow/dags/fire_incidents_dag.py for tasks to queue
[2025-03-10T21:25:30.466+0000] {logging_mixin.py:190} INFO - [2025-03-10T21:25:30.466+0000] {dagbag.py:588} INFO - Filling up the DagBag from /opt/airflow/dags/fire_incidents_dag.py
[2025-03-10T21:25:30.475+0000] {processor.py:925} INFO - DAG(s) 'etl_nyc_fire_incidents_dag' retrieved from /opt/airflow/dags/fire_incidents_dag.py
[2025-03-10T21:25:30.492+0000] {logging_mixin.py:190} INFO - [2025-03-10T21:25:30.492+0000] {dag.py:3239} INFO - Sync 1 DAGs
[2025-03-10T21:25:30.515+0000] {logging_mixin.py:190} INFO - [2025-03-10T21:25:30.514+0000] {dag.py:4180} INFO - Setting next_dagrun for etl_nyc_fire_incidents_dag to 2025-03-10 21:24:00+00:00, run_after=2025-03-10 21:25:00+00:00
[2025-03-10T21:25:30.531+0000] {processor.py:208} INFO - Processing /opt/airflow/dags/fire_incidents_dag.py took 0.073 seconds
[2025-03-10T21:26:00.677+0000] {processor.py:186} INFO - Started process (PID=2725) to work on /opt/airflow/dags/fire_incidents_dag.py
[2025-03-10T21:26:00.678+0000] {processor.py:914} INFO - Processing file /opt/airflow/dags/fire_incidents_dag.py for tasks to queue
[2025-03-10T21:26:00.680+0000] {logging_mixin.py:190} INFO - [2025-03-10T21:26:00.680+0000] {dagbag.py:588} INFO - Filling up the DagBag from /opt/airflow/dags/fire_incidents_dag.py
[2025-03-10T21:26:00.691+0000] {processor.py:925} INFO - DAG(s) 'etl_nyc_fire_incidents_dag' retrieved from /opt/airflow/dags/fire_incidents_dag.py
[2025-03-10T21:26:00.712+0000] {logging_mixin.py:190} INFO - [2025-03-10T21:26:00.712+0000] {dag.py:3239} INFO - Sync 1 DAGs
[2025-03-10T21:26:00.736+0000] {logging_mixin.py:190} INFO - [2025-03-10T21:26:00.736+0000] {dag.py:4180} INFO - Setting next_dagrun for etl_nyc_fire_incidents_dag to 2025-03-10 21:25:00+00:00, run_after=2025-03-10 21:26:00+00:00
[2025-03-10T21:26:00.754+0000] {processor.py:208} INFO - Processing /opt/airflow/dags/fire_incidents_dag.py took 0.083 seconds
[2025-03-10T21:26:14.210+0000] {processor.py:186} INFO - Started process (PID=2747) to work on /opt/airflow/dags/fire_incidents_dag.py
[2025-03-10T21:26:14.211+0000] {processor.py:914} INFO - Processing file /opt/airflow/dags/fire_incidents_dag.py for tasks to queue
[2025-03-10T21:26:14.213+0000] {logging_mixin.py:190} INFO - [2025-03-10T21:26:14.212+0000] {dagbag.py:588} INFO - Filling up the DagBag from /opt/airflow/dags/fire_incidents_dag.py
[2025-03-10T21:26:14.223+0000] {processor.py:925} INFO - DAG(s) 'etl_nyc_fire_incidents_dag' retrieved from /opt/airflow/dags/fire_incidents_dag.py
[2025-03-10T21:26:14.237+0000] {logging_mixin.py:190} INFO - [2025-03-10T21:26:14.237+0000] {dag.py:3239} INFO - Sync 1 DAGs
[2025-03-10T21:26:14.257+0000] {logging_mixin.py:190} INFO - [2025-03-10T21:26:14.257+0000] {dag.py:4180} INFO - Setting next_dagrun for etl_nyc_fire_incidents_dag to 2025-03-10 21:25:00+00:00, run_after=2025-03-10 21:26:00+00:00
[2025-03-10T21:26:14.271+0000] {processor.py:208} INFO - Processing /opt/airflow/dags/fire_incidents_dag.py took 0.066 seconds
[2025-03-10T21:26:17.408+0000] {processor.py:186} INFO - Started process (PID=2771) to work on /opt/airflow/dags/fire_incidents_dag.py
[2025-03-10T21:26:17.409+0000] {processor.py:914} INFO - Processing file /opt/airflow/dags/fire_incidents_dag.py for tasks to queue
[2025-03-10T21:26:17.410+0000] {logging_mixin.py:190} INFO - [2025-03-10T21:26:17.410+0000] {dagbag.py:588} INFO - Filling up the DagBag from /opt/airflow/dags/fire_incidents_dag.py
[2025-03-10T21:26:17.421+0000] {processor.py:925} INFO - DAG(s) 'etl_nyc_fire_incidents_dag' retrieved from /opt/airflow/dags/fire_incidents_dag.py
[2025-03-10T21:26:17.437+0000] {logging_mixin.py:190} INFO - [2025-03-10T21:26:17.437+0000] {dag.py:3239} INFO - Sync 1 DAGs
[2025-03-10T21:26:17.457+0000] {logging_mixin.py:190} INFO - [2025-03-10T21:26:17.457+0000] {dag.py:4180} INFO - Setting next_dagrun for etl_nyc_fire_incidents_dag to 2025-03-10 21:25:00+00:00, run_after=2025-03-10 21:26:00+00:00
[2025-03-10T21:26:17.473+0000] {processor.py:208} INFO - Processing /opt/airflow/dags/fire_incidents_dag.py took 0.071 seconds
[2025-03-10T21:26:47.784+0000] {processor.py:186} INFO - Started process (PID=2825) to work on /opt/airflow/dags/fire_incidents_dag.py
[2025-03-10T21:26:47.786+0000] {processor.py:914} INFO - Processing file /opt/airflow/dags/fire_incidents_dag.py for tasks to queue
[2025-03-10T21:26:47.789+0000] {logging_mixin.py:190} INFO - [2025-03-10T21:26:47.789+0000] {dagbag.py:588} INFO - Filling up the DagBag from /opt/airflow/dags/fire_incidents_dag.py
[2025-03-10T21:26:47.802+0000] {processor.py:925} INFO - DAG(s) 'etl_nyc_fire_incidents_dag' retrieved from /opt/airflow/dags/fire_incidents_dag.py
[2025-03-10T21:26:47.818+0000] {logging_mixin.py:190} INFO - [2025-03-10T21:26:47.817+0000] {dag.py:3239} INFO - Sync 1 DAGs
[2025-03-10T21:26:47.837+0000] {logging_mixin.py:190} INFO - [2025-03-10T21:26:47.837+0000] {dag.py:4180} INFO - Setting next_dagrun for etl_nyc_fire_incidents_dag to 2025-03-10 21:25:00+00:00, run_after=2025-03-10 21:26:00+00:00
[2025-03-10T21:26:47.851+0000] {processor.py:208} INFO - Processing /opt/airflow/dags/fire_incidents_dag.py took 0.076 seconds
[2025-03-10T21:27:18.043+0000] {processor.py:186} INFO - Started process (PID=2889) to work on /opt/airflow/dags/fire_incidents_dag.py
[2025-03-10T21:27:18.045+0000] {processor.py:914} INFO - Processing file /opt/airflow/dags/fire_incidents_dag.py for tasks to queue
[2025-03-10T21:27:18.047+0000] {logging_mixin.py:190} INFO - [2025-03-10T21:27:18.047+0000] {dagbag.py:588} INFO - Filling up the DagBag from /opt/airflow/dags/fire_incidents_dag.py
[2025-03-10T21:27:18.057+0000] {processor.py:925} INFO - DAG(s) 'etl_nyc_fire_incidents_dag' retrieved from /opt/airflow/dags/fire_incidents_dag.py
[2025-03-10T21:27:18.072+0000] {logging_mixin.py:190} INFO - [2025-03-10T21:27:18.072+0000] {dag.py:3239} INFO - Sync 1 DAGs
[2025-03-10T21:27:18.092+0000] {logging_mixin.py:190} INFO - [2025-03-10T21:27:18.092+0000] {dag.py:4180} INFO - Setting next_dagrun for etl_nyc_fire_incidents_dag to 2025-03-10 21:26:00+00:00, run_after=2025-03-10 21:27:00+00:00
[2025-03-10T21:27:18.107+0000] {processor.py:208} INFO - Processing /opt/airflow/dags/fire_incidents_dag.py took 0.069 seconds
[2025-03-10T21:28:03.082+0000] {processor.py:186} INFO - Started process (PID=2952) to work on /opt/airflow/dags/fire_incidents_dag.py
[2025-03-10T21:28:03.083+0000] {processor.py:914} INFO - Processing file /opt/airflow/dags/fire_incidents_dag.py for tasks to queue
[2025-03-10T21:28:03.085+0000] {logging_mixin.py:190} INFO - [2025-03-10T21:28:03.085+0000] {dagbag.py:588} INFO - Filling up the DagBag from /opt/airflow/dags/fire_incidents_dag.py
[2025-03-10T21:28:03.096+0000] {processor.py:925} INFO - DAG(s) 'etl_nyc_fire_incidents_dag' retrieved from /opt/airflow/dags/fire_incidents_dag.py
[2025-03-10T21:28:03.114+0000] {logging_mixin.py:190} INFO - [2025-03-10T21:28:03.114+0000] {dag.py:3239} INFO - Sync 1 DAGs
[2025-03-10T21:28:03.137+0000] {logging_mixin.py:190} INFO - [2025-03-10T21:28:03.137+0000] {dag.py:4180} INFO - Setting next_dagrun for etl_nyc_fire_incidents_dag to 2025-03-10 21:27:00+00:00, run_after=2025-03-10 21:28:00+00:00
[2025-03-10T21:28:03.387+0000] {processor.py:208} INFO - Processing /opt/airflow/dags/fire_incidents_dag.py took 0.311 seconds
[2025-03-10T21:28:34.090+0000] {processor.py:186} INFO - Started process (PID=2989) to work on /opt/airflow/dags/fire_incidents_dag.py
[2025-03-10T21:28:34.094+0000] {processor.py:914} INFO - Processing file /opt/airflow/dags/fire_incidents_dag.py for tasks to queue
[2025-03-10T21:28:34.098+0000] {logging_mixin.py:190} INFO - [2025-03-10T21:28:34.097+0000] {dagbag.py:588} INFO - Filling up the DagBag from /opt/airflow/dags/fire_incidents_dag.py
[2025-03-10T21:28:34.112+0000] {processor.py:925} INFO - DAG(s) 'etl_nyc_fire_incidents_dag' retrieved from /opt/airflow/dags/fire_incidents_dag.py
[2025-03-10T21:28:34.137+0000] {logging_mixin.py:190} INFO - [2025-03-10T21:28:34.137+0000] {dag.py:3239} INFO - Sync 1 DAGs
[2025-03-10T21:28:34.176+0000] {logging_mixin.py:190} INFO - [2025-03-10T21:28:34.176+0000] {dag.py:4180} INFO - Setting next_dagrun for etl_nyc_fire_incidents_dag to 2025-03-10 21:27:00+00:00, run_after=2025-03-10 21:28:00+00:00
[2025-03-10T21:28:34.202+0000] {processor.py:208} INFO - Processing /opt/airflow/dags/fire_incidents_dag.py took 0.122 seconds
[2025-03-10T21:29:04.377+0000] {processor.py:186} INFO - Started process (PID=3052) to work on /opt/airflow/dags/fire_incidents_dag.py
[2025-03-10T21:29:04.378+0000] {processor.py:914} INFO - Processing file /opt/airflow/dags/fire_incidents_dag.py for tasks to queue
[2025-03-10T21:29:04.381+0000] {logging_mixin.py:190} INFO - [2025-03-10T21:29:04.380+0000] {dagbag.py:588} INFO - Filling up the DagBag from /opt/airflow/dags/fire_incidents_dag.py
[2025-03-10T21:29:04.391+0000] {processor.py:925} INFO - DAG(s) 'etl_nyc_fire_incidents_dag' retrieved from /opt/airflow/dags/fire_incidents_dag.py
[2025-03-10T21:29:04.408+0000] {logging_mixin.py:190} INFO - [2025-03-10T21:29:04.408+0000] {dag.py:3239} INFO - Sync 1 DAGs
[2025-03-10T21:29:04.430+0000] {logging_mixin.py:190} INFO - [2025-03-10T21:29:04.430+0000] {dag.py:4180} INFO - Setting next_dagrun for etl_nyc_fire_incidents_dag to 2025-03-10 21:28:00+00:00, run_after=2025-03-10 21:29:00+00:00
[2025-03-10T21:29:04.447+0000] {processor.py:208} INFO - Processing /opt/airflow/dags/fire_incidents_dag.py took 0.075 seconds
[2025-03-10T21:29:35.007+0000] {processor.py:186} INFO - Started process (PID=3116) to work on /opt/airflow/dags/fire_incidents_dag.py
[2025-03-10T21:29:35.008+0000] {processor.py:914} INFO - Processing file /opt/airflow/dags/fire_incidents_dag.py for tasks to queue
[2025-03-10T21:29:35.010+0000] {logging_mixin.py:190} INFO - [2025-03-10T21:29:35.009+0000] {dagbag.py:588} INFO - Filling up the DagBag from /opt/airflow/dags/fire_incidents_dag.py
[2025-03-10T21:29:35.021+0000] {processor.py:925} INFO - DAG(s) 'etl_nyc_fire_incidents_dag' retrieved from /opt/airflow/dags/fire_incidents_dag.py
[2025-03-10T21:29:35.041+0000] {logging_mixin.py:190} INFO - [2025-03-10T21:29:35.040+0000] {dag.py:3239} INFO - Sync 1 DAGs
[2025-03-10T21:29:35.073+0000] {logging_mixin.py:190} INFO - [2025-03-10T21:29:35.073+0000] {dag.py:4180} INFO - Setting next_dagrun for etl_nyc_fire_incidents_dag to 2025-03-10 21:28:00+00:00, run_after=2025-03-10 21:29:00+00:00
[2025-03-10T21:29:35.091+0000] {processor.py:208} INFO - Processing /opt/airflow/dags/fire_incidents_dag.py took 0.089 seconds
[2025-03-10T21:30:05.394+0000] {processor.py:186} INFO - Started process (PID=3180) to work on /opt/airflow/dags/fire_incidents_dag.py
[2025-03-10T21:30:05.396+0000] {processor.py:914} INFO - Processing file /opt/airflow/dags/fire_incidents_dag.py for tasks to queue
[2025-03-10T21:30:05.400+0000] {logging_mixin.py:190} INFO - [2025-03-10T21:30:05.399+0000] {dagbag.py:588} INFO - Filling up the DagBag from /opt/airflow/dags/fire_incidents_dag.py
[2025-03-10T21:30:05.415+0000] {processor.py:925} INFO - DAG(s) 'etl_nyc_fire_incidents_dag' retrieved from /opt/airflow/dags/fire_incidents_dag.py
[2025-03-10T21:30:05.445+0000] {logging_mixin.py:190} INFO - [2025-03-10T21:30:05.445+0000] {dag.py:3239} INFO - Sync 1 DAGs
[2025-03-10T21:30:05.477+0000] {logging_mixin.py:190} INFO - [2025-03-10T21:30:05.476+0000] {dag.py:4180} INFO - Setting next_dagrun for etl_nyc_fire_incidents_dag to 2025-03-10 21:29:00+00:00, run_after=2025-03-10 21:30:00+00:00
[2025-03-10T21:30:05.508+0000] {processor.py:208} INFO - Processing /opt/airflow/dags/fire_incidents_dag.py took 0.123 seconds
[2025-03-10T21:30:35.592+0000] {processor.py:186} INFO - Started process (PID=3238) to work on /opt/airflow/dags/fire_incidents_dag.py
[2025-03-10T21:30:35.594+0000] {processor.py:914} INFO - Processing file /opt/airflow/dags/fire_incidents_dag.py for tasks to queue
[2025-03-10T21:30:35.598+0000] {logging_mixin.py:190} INFO - [2025-03-10T21:30:35.597+0000] {dagbag.py:588} INFO - Filling up the DagBag from /opt/airflow/dags/fire_incidents_dag.py
[2025-03-10T21:30:35.616+0000] {processor.py:925} INFO - DAG(s) 'etl_nyc_fire_incidents_dag' retrieved from /opt/airflow/dags/fire_incidents_dag.py
[2025-03-10T21:30:35.643+0000] {logging_mixin.py:190} INFO - [2025-03-10T21:30:35.643+0000] {dag.py:3239} INFO - Sync 1 DAGs
[2025-03-10T21:30:35.673+0000] {logging_mixin.py:190} INFO - [2025-03-10T21:30:35.673+0000] {dag.py:4180} INFO - Setting next_dagrun for etl_nyc_fire_incidents_dag to 2025-03-10 21:29:00+00:00, run_after=2025-03-10 21:30:00+00:00
[2025-03-10T21:30:35.702+0000] {processor.py:208} INFO - Processing /opt/airflow/dags/fire_incidents_dag.py took 0.121 seconds
[2025-03-10T21:31:05.899+0000] {processor.py:186} INFO - Started process (PID=3296) to work on /opt/airflow/dags/fire_incidents_dag.py
[2025-03-10T21:31:05.901+0000] {processor.py:914} INFO - Processing file /opt/airflow/dags/fire_incidents_dag.py for tasks to queue
[2025-03-10T21:31:05.903+0000] {logging_mixin.py:190} INFO - [2025-03-10T21:31:05.903+0000] {dagbag.py:588} INFO - Filling up the DagBag from /opt/airflow/dags/fire_incidents_dag.py
[2025-03-10T21:31:05.916+0000] {processor.py:925} INFO - DAG(s) 'etl_nyc_fire_incidents_dag' retrieved from /opt/airflow/dags/fire_incidents_dag.py
[2025-03-10T21:31:05.942+0000] {logging_mixin.py:190} INFO - [2025-03-10T21:31:05.942+0000] {dag.py:3239} INFO - Sync 1 DAGs
[2025-03-10T21:31:05.971+0000] {logging_mixin.py:190} INFO - [2025-03-10T21:31:05.971+0000] {dag.py:4180} INFO - Setting next_dagrun for etl_nyc_fire_incidents_dag to 2025-03-10 21:30:00+00:00, run_after=2025-03-10 21:31:00+00:00
[2025-03-10T21:31:05.991+0000] {processor.py:208} INFO - Processing /opt/airflow/dags/fire_incidents_dag.py took 0.098 seconds
[2025-03-10T21:31:47.397+0000] {processor.py:186} INFO - Started process (PID=3334) to work on /opt/airflow/dags/fire_incidents_dag.py
[2025-03-10T21:31:47.398+0000] {processor.py:914} INFO - Processing file /opt/airflow/dags/fire_incidents_dag.py for tasks to queue
[2025-03-10T21:31:47.400+0000] {logging_mixin.py:190} INFO - [2025-03-10T21:31:47.400+0000] {dagbag.py:588} INFO - Filling up the DagBag from /opt/airflow/dags/fire_incidents_dag.py
[2025-03-10T21:31:47.449+0000] {processor.py:925} INFO - DAG(s) 'etl_nyc_fire_incidents_dag' retrieved from /opt/airflow/dags/fire_incidents_dag.py
[2025-03-10T21:31:47.492+0000] {logging_mixin.py:190} INFO - [2025-03-10T21:31:47.492+0000] {dag.py:3239} INFO - Sync 1 DAGs
[2025-03-10T21:31:47.602+0000] {logging_mixin.py:190} INFO - [2025-03-10T21:31:47.602+0000] {dag.py:4180} INFO - Setting next_dagrun for etl_nyc_fire_incidents_dag to 2025-03-10 21:30:00+00:00, run_after=2025-03-10 21:31:00+00:00
[2025-03-10T21:31:47.661+0000] {processor.py:208} INFO - Processing /opt/airflow/dags/fire_incidents_dag.py took 0.270 seconds
[2025-03-10T21:32:19.899+0000] {processor.py:186} INFO - Started process (PID=3397) to work on /opt/airflow/dags/fire_incidents_dag.py
[2025-03-10T21:32:19.901+0000] {processor.py:914} INFO - Processing file /opt/airflow/dags/fire_incidents_dag.py for tasks to queue
[2025-03-10T21:32:19.904+0000] {logging_mixin.py:190} INFO - [2025-03-10T21:32:19.903+0000] {dagbag.py:588} INFO - Filling up the DagBag from /opt/airflow/dags/fire_incidents_dag.py
[2025-03-10T21:32:19.916+0000] {processor.py:925} INFO - DAG(s) 'etl_nyc_fire_incidents_dag' retrieved from /opt/airflow/dags/fire_incidents_dag.py
[2025-03-10T21:32:19.939+0000] {logging_mixin.py:190} INFO - [2025-03-10T21:32:19.938+0000] {dag.py:3239} INFO - Sync 1 DAGs
[2025-03-10T21:32:19.967+0000] {logging_mixin.py:190} INFO - [2025-03-10T21:32:19.966+0000] {dag.py:4180} INFO - Setting next_dagrun for etl_nyc_fire_incidents_dag to 2025-03-10 21:31:00+00:00, run_after=2025-03-10 21:32:00+00:00
[2025-03-10T21:32:19.987+0000] {processor.py:208} INFO - Processing /opt/airflow/dags/fire_incidents_dag.py took 0.094 seconds
[2025-03-10T21:32:50.698+0000] {processor.py:186} INFO - Started process (PID=3458) to work on /opt/airflow/dags/fire_incidents_dag.py
[2025-03-10T21:32:50.699+0000] {processor.py:914} INFO - Processing file /opt/airflow/dags/fire_incidents_dag.py for tasks to queue
[2025-03-10T21:32:50.705+0000] {logging_mixin.py:190} INFO - [2025-03-10T21:32:50.704+0000] {dagbag.py:588} INFO - Filling up the DagBag from /opt/airflow/dags/fire_incidents_dag.py
[2025-03-10T21:32:50.724+0000] {processor.py:925} INFO - DAG(s) 'etl_nyc_fire_incidents_dag' retrieved from /opt/airflow/dags/fire_incidents_dag.py
[2025-03-10T21:32:50.753+0000] {logging_mixin.py:190} INFO - [2025-03-10T21:32:50.753+0000] {dag.py:3239} INFO - Sync 1 DAGs
[2025-03-10T21:32:52.012+0000] {logging_mixin.py:190} INFO - [2025-03-10T21:32:52.011+0000] {dag.py:4180} INFO - Setting next_dagrun for etl_nyc_fire_incidents_dag to 2025-03-10 21:31:00+00:00, run_after=2025-03-10 21:32:00+00:00
[2025-03-10T21:32:52.048+0000] {processor.py:208} INFO - Processing /opt/airflow/dags/fire_incidents_dag.py took 1.355 seconds
[2025-03-10T21:36:05.068+0000] {processor.py:186} INFO - Started process (PID=68) to work on /opt/airflow/dags/fire_incidents_dag.py
[2025-03-10T21:36:05.071+0000] {processor.py:914} INFO - Processing file /opt/airflow/dags/fire_incidents_dag.py for tasks to queue
[2025-03-10T21:36:05.075+0000] {logging_mixin.py:190} INFO - [2025-03-10T21:36:05.074+0000] {dagbag.py:588} INFO - Filling up the DagBag from /opt/airflow/dags/fire_incidents_dag.py
[2025-03-10T21:36:25.301+0000] {processor.py:186} INFO - Started process (PID=56) to work on /opt/airflow/dags/fire_incidents_dag.py
[2025-03-10T21:36:25.302+0000] {processor.py:914} INFO - Processing file /opt/airflow/dags/fire_incidents_dag.py for tasks to queue
[2025-03-10T21:36:25.304+0000] {logging_mixin.py:190} INFO - [2025-03-10T21:36:25.304+0000] {dagbag.py:588} INFO - Filling up the DagBag from /opt/airflow/dags/fire_incidents_dag.py
[2025-03-10T21:36:25.324+0000] {processor.py:925} INFO - DAG(s) 'etl_nyc_fire_incidents_dag' retrieved from /opt/airflow/dags/fire_incidents_dag.py
[2025-03-10T21:36:25.381+0000] {logging_mixin.py:190} INFO - [2025-03-10T21:36:25.381+0000] {dag.py:3239} INFO - Sync 1 DAGs
[2025-03-10T21:36:25.418+0000] {logging_mixin.py:190} INFO - [2025-03-10T21:36:25.418+0000] {dag.py:4180} INFO - Setting next_dagrun for etl_nyc_fire_incidents_dag to 2025-03-10 21:35:00+00:00, run_after=2025-03-10 21:36:00+00:00
[2025-03-10T21:36:25.461+0000] {processor.py:208} INFO - Processing /opt/airflow/dags/fire_incidents_dag.py took 0.166 seconds
