[2025-03-09T18:25:02.284+0000] {local_task_job_runner.py:123} INFO - ::group::Pre task execution logs
[2025-03-09T18:25:02.298+0000] {taskinstance.py:2614} INFO - Dependencies all met for dep_context=non-requeueable deps ti=<TaskInstance: etl_nyc_fire_incidents_dag.extract_data_task scheduled__2025-03-09T18:20:00+00:00 [queued]>
[2025-03-09T18:25:02.304+0000] {taskinstance.py:2614} INFO - Dependencies all met for dep_context=requeueable deps ti=<TaskInstance: etl_nyc_fire_incidents_dag.extract_data_task scheduled__2025-03-09T18:20:00+00:00 [queued]>
[2025-03-09T18:25:02.304+0000] {taskinstance.py:2867} INFO - Starting attempt 1 of 2
[2025-03-09T18:25:02.321+0000] {taskinstance.py:2890} INFO - Executing <Task(PythonOperator): extract_data_task> on 2025-03-09 18:20:00+00:00
[2025-03-09T18:25:02.327+0000] {warnings.py:112} WARNING - /home/***/.local/lib/python3.12/site-packages/***/task/task_runner/standard_task_runner.py:70: DeprecationWarning: This process (pid=701) is multi-threaded, use of fork() may lead to deadlocks in the child.
  pid = os.fork()

[2025-03-09T18:25:02.328+0000] {standard_task_runner.py:72} INFO - Started process 703 to run task
[2025-03-09T18:25:02.329+0000] {standard_task_runner.py:104} INFO - Running: ['***', 'tasks', 'run', 'etl_nyc_fire_incidents_dag', 'extract_data_task', 'scheduled__2025-03-09T18:20:00+00:00', '--job-id', '612', '--raw', '--subdir', 'DAGS_FOLDER/fire_incidents_dag.py', '--cfg-path', '/tmp/tmppgozvw9t']
[2025-03-09T18:25:02.330+0000] {standard_task_runner.py:105} INFO - Job 612: Subtask extract_data_task
[2025-03-09T18:25:02.378+0000] {task_command.py:467} INFO - Running <TaskInstance: etl_nyc_fire_incidents_dag.extract_data_task scheduled__2025-03-09T18:20:00+00:00 [running]> on host 544a43034a42
[2025-03-09T18:25:02.455+0000] {taskinstance.py:3134} INFO - Exporting env vars: AIRFLOW_CTX_DAG_EMAIL='***@***.com' AIRFLOW_CTX_DAG_OWNER='***' AIRFLOW_CTX_DAG_ID='etl_nyc_fire_incidents_dag' AIRFLOW_CTX_TASK_ID='extract_data_task' AIRFLOW_CTX_EXECUTION_DATE='2025-03-09T18:20:00+00:00' AIRFLOW_CTX_TRY_NUMBER='1' AIRFLOW_CTX_DAG_RUN_ID='scheduled__2025-03-09T18:20:00+00:00'
[2025-03-09T18:25:02.456+0000] {logging_mixin.py:190} INFO - Task instance is in running state
[2025-03-09T18:25:02.456+0000] {logging_mixin.py:190} INFO -  Previous state of the Task instance: queued
[2025-03-09T18:25:02.456+0000] {logging_mixin.py:190} INFO - Current task name:extract_data_task state:running start_date:2025-03-09 18:25:02.298937+00:00
[2025-03-09T18:25:02.456+0000] {logging_mixin.py:190} INFO - Dag name:etl_nyc_fire_incidents_dag and current dag run status:running
[2025-03-09T18:25:02.457+0000] {taskinstance.py:732} INFO - ::endgroup::
[2025-03-09T18:25:02.457+0000] {logging_mixin.py:190} INFO - Extracting NYC Fire Incidents Data via API....
[2025-03-09T18:25:05.540+0000] {logging_mixin.py:190} INFO - Connected to API...
[2025-03-09T18:25:05.563+0000] {logging_mixin.py:190} INFO - Extracting is Complete
[2025-03-09T18:25:05.873+0000] {python.py:240} INFO - Done. Returned value was: None
[2025-03-09T18:25:05.883+0000] {taskinstance.py:341} INFO - ::group::Post task execution logs
[2025-03-09T18:25:05.884+0000] {taskinstance.py:353} INFO - Marking task as SUCCESS. dag_id=etl_nyc_fire_incidents_dag, task_id=extract_data_task, run_id=scheduled__2025-03-09T18:20:00+00:00, execution_date=20250309T182000, start_date=20250309T182502, end_date=20250309T182505
[2025-03-09T18:25:05.933+0000] {logging_mixin.py:190} INFO - Task instance in success state
[2025-03-09T18:25:05.933+0000] {logging_mixin.py:190} INFO -  Previous state of the Task instance: running
[2025-03-09T18:25:05.934+0000] {logging_mixin.py:190} INFO - Dag name:etl_nyc_fire_incidents_dag queued_at:2025-03-09 18:25:00.823580+00:00
[2025-03-09T18:25:05.934+0000] {logging_mixin.py:190} INFO - Task hostname:544a43034a42 operator:PythonOperator
[2025-03-09T18:25:05.954+0000] {local_task_job_runner.py:266} INFO - Task exited with return code 0
[2025-03-09T18:25:05.980+0000] {taskinstance.py:3901} INFO - 1 downstream tasks scheduled from follow-on schedule check
[2025-03-09T18:25:05.988+0000] {local_task_job_runner.py:245} INFO - ::endgroup::
