[2025-03-09T17:23:55.268+0000] {local_task_job_runner.py:123} INFO - ::group::Pre task execution logs
[2025-03-09T17:23:55.286+0000] {taskinstance.py:2614} INFO - Dependencies all met for dep_context=non-requeueable deps ti=<TaskInstance: etl_fire_incidents_dag.load_data manual__2025-03-09T17:23:45.603748+00:00 [queued]>
[2025-03-09T17:23:55.293+0000] {taskinstance.py:2614} INFO - Dependencies all met for dep_context=requeueable deps ti=<TaskInstance: etl_fire_incidents_dag.load_data manual__2025-03-09T17:23:45.603748+00:00 [queued]>
[2025-03-09T17:23:55.293+0000] {taskinstance.py:2867} INFO - Starting attempt 1 of 2
[2025-03-09T17:23:55.305+0000] {taskinstance.py:2890} INFO - Executing <Task(PythonOperator): load_data> on 2025-03-09 17:23:45.603748+00:00
[2025-03-09T17:23:55.312+0000] {warnings.py:112} WARNING - /home/***/.local/lib/python3.12/site-packages/***/task/task_runner/standard_task_runner.py:70: DeprecationWarning: This process (pid=19203) is multi-threaded, use of fork() may lead to deadlocks in the child.
  pid = os.fork()

[2025-03-09T17:23:55.313+0000] {standard_task_runner.py:72} INFO - Started process 19205 to run task
[2025-03-09T17:23:55.315+0000] {standard_task_runner.py:104} INFO - Running: ['***', 'tasks', 'run', 'etl_fire_incidents_dag', 'load_data', 'manual__2025-03-09T17:23:45.603748+00:00', '--job-id', '562', '--raw', '--subdir', 'DAGS_FOLDER/fire_incidents_dag.py', '--cfg-path', '/tmp/tmpyj5dm1qs']
[2025-03-09T17:23:55.315+0000] {standard_task_runner.py:105} INFO - Job 562: Subtask load_data
[2025-03-09T17:23:55.358+0000] {task_command.py:467} INFO - Running <TaskInstance: etl_fire_incidents_dag.load_data manual__2025-03-09T17:23:45.603748+00:00 [running]> on host fad361e322ea
[2025-03-09T17:23:55.432+0000] {taskinstance.py:3134} INFO - Exporting env vars: AIRFLOW_CTX_DAG_EMAIL='***@***.com' AIRFLOW_CTX_DAG_OWNER='***' AIRFLOW_CTX_DAG_ID='etl_fire_incidents_dag' AIRFLOW_CTX_TASK_ID='load_data' AIRFLOW_CTX_EXECUTION_DATE='2025-03-09T17:23:45.603748+00:00' AIRFLOW_CTX_TRY_NUMBER='1' AIRFLOW_CTX_DAG_RUN_ID='manual__2025-03-09T17:23:45.603748+00:00'
[2025-03-09T17:23:55.434+0000] {logging_mixin.py:190} INFO - Task instance is in running state
[2025-03-09T17:23:55.434+0000] {logging_mixin.py:190} INFO -  Previous state of the Task instance: queued
[2025-03-09T17:23:55.434+0000] {logging_mixin.py:190} INFO - Current task name:load_data state:running start_date:2025-03-09 17:23:55.286957+00:00
[2025-03-09T17:23:55.434+0000] {logging_mixin.py:190} INFO - Dag name:etl_fire_incidents_dag and current dag run status:running
[2025-03-09T17:23:55.435+0000] {taskinstance.py:732} INFO - ::endgroup::
[2025-03-09T17:23:55.522+0000] {logging_mixin.py:190} INFO - Loading NYC Fire Incidents Data to Postgres DB....
[2025-03-09T17:23:55.534+0000] {warnings.py:112} WARNING - /opt/***/dags/pull_fire_incidents.py:84: FutureWarning: Passing literal json to 'read_json' is deprecated and will be removed in a future version. To read from a literal string, wrap it in a 'StringIO' object.
  df = pd.read_json(load_data)

[2025-03-09T17:23:55.724+0000] {logging_mixin.py:190} INFO - 
CREATE TABLE fire_incidents_schema (
	starfire_incident_id TEXT, 
	incident_datetime TEXT, 
	alarm_box_borough TEXT, 
	alarm_box_number BIGINT, 
	alarm_box_location TEXT, 
	incident_borough TEXT, 
	zipcode FLOAT(53), 
	policeprecinct FLOAT(53), 
	citycouncildistrict FLOAT(53), 
	communitydistrict FLOAT(53), 
	communityschooldistrict FLOAT(53), 
	congressionaldistrict FLOAT(53), 
	alarm_source_description_tx TEXT, 
	alarm_level_index_description TEXT, 
	highest_alarm_level TEXT, 
	incident_classification TEXT, 
	incident_classification_group TEXT, 
	dispatch_response_seconds_qy BIGINT, 
	first_assignment_datetime TEXT, 
	first_activation_datetime TEXT, 
	incident_close_datetime TEXT, 
	valid_dispatch_rspns_time_indc TEXT, 
	valid_incident_rspns_time_indc TEXT, 
	incident_response_seconds_qy FLOAT(53), 
	incident_travel_tm_seconds_qy FLOAT(53), 
	engines_assigned_quantity BIGINT, 
	ladders_assigned_quantity BIGINT, 
	other_units_assigned_quantity BIGINT, 
	first_on_scene_datetime TEXT
)
[2025-03-09T17:23:55.812+0000] {logging_mixin.py:190} INFO - Batch Number 1 Loaded to Postgres.....
[2025-03-09T17:23:55.837+0000] {logging_mixin.py:190} INFO - Batch Number 2 Loaded to Postgres.....
[2025-03-09T17:23:55.861+0000] {logging_mixin.py:190} INFO - Batch Number 3 Loaded to Postgres.....
[2025-03-09T17:23:55.886+0000] {logging_mixin.py:190} INFO - Batch Number 4 Loaded to Postgres.....
[2025-03-09T17:23:55.911+0000] {logging_mixin.py:190} INFO - Batch Number 5 Loaded to Postgres.....
[2025-03-09T17:23:55.936+0000] {logging_mixin.py:190} INFO - Batch Number 6 Loaded to Postgres.....
[2025-03-09T17:23:55.960+0000] {logging_mixin.py:190} INFO - Batch Number 7 Loaded to Postgres.....
[2025-03-09T17:23:55.985+0000] {logging_mixin.py:190} INFO - Batch Number 8 Loaded to Postgres.....
[2025-03-09T17:23:56.009+0000] {logging_mixin.py:190} INFO - Batch Number 9 Loaded to Postgres.....
[2025-03-09T17:23:56.037+0000] {logging_mixin.py:190} INFO - Batch Number 10 Loaded to Postgres.....
[2025-03-09T17:23:56.062+0000] {logging_mixin.py:190} INFO - Batch Number 11 Loaded to Postgres.....
[2025-03-09T17:23:56.088+0000] {logging_mixin.py:190} INFO - Batch Number 12 Loaded to Postgres.....
[2025-03-09T17:23:56.115+0000] {logging_mixin.py:190} INFO - Batch Number 13 Loaded to Postgres.....
[2025-03-09T17:23:56.144+0000] {logging_mixin.py:190} INFO - Batch Number 14 Loaded to Postgres.....
[2025-03-09T17:23:56.171+0000] {logging_mixin.py:190} INFO - Batch Number 15 Loaded to Postgres.....
[2025-03-09T17:23:56.196+0000] {logging_mixin.py:190} INFO - Batch Number 16 Loaded to Postgres.....
[2025-03-09T17:23:56.221+0000] {logging_mixin.py:190} INFO - Batch Number 17 Loaded to Postgres.....
[2025-03-09T17:23:56.247+0000] {logging_mixin.py:190} INFO - Batch Number 18 Loaded to Postgres.....
[2025-03-09T17:23:56.272+0000] {logging_mixin.py:190} INFO - Batch Number 19 Loaded to Postgres.....
[2025-03-09T17:23:56.302+0000] {logging_mixin.py:190} INFO - Batch Number 20 Loaded to Postgres.....
[2025-03-09T17:23:56.328+0000] {logging_mixin.py:190} INFO - Batch Number 21 Loaded to Postgres.....
[2025-03-09T17:23:56.354+0000] {logging_mixin.py:190} INFO - Batch Number 22 Loaded to Postgres.....
[2025-03-09T17:23:56.380+0000] {logging_mixin.py:190} INFO - Batch Number 23 Loaded to Postgres.....
[2025-03-09T17:23:56.407+0000] {logging_mixin.py:190} INFO - Batch Number 24 Loaded to Postgres.....
[2025-03-09T17:23:56.434+0000] {logging_mixin.py:190} INFO - Batch Number 25 Loaded to Postgres.....
[2025-03-09T17:23:56.460+0000] {logging_mixin.py:190} INFO - Batch Number 26 Loaded to Postgres.....
[2025-03-09T17:23:56.484+0000] {logging_mixin.py:190} INFO - Batch Number 27 Loaded to Postgres.....
[2025-03-09T17:23:56.508+0000] {logging_mixin.py:190} INFO - Batch Number 28 Loaded to Postgres.....
[2025-03-09T17:23:56.537+0000] {logging_mixin.py:190} INFO - Batch Number 29 Loaded to Postgres.....
[2025-03-09T17:23:56.562+0000] {logging_mixin.py:190} INFO - Batch Number 30 Loaded to Postgres.....
[2025-03-09T17:23:56.589+0000] {logging_mixin.py:190} INFO - Batch Number 31 Loaded to Postgres.....
[2025-03-09T17:23:56.613+0000] {logging_mixin.py:190} INFO - Batch Number 32 Loaded to Postgres.....
[2025-03-09T17:23:56.637+0000] {logging_mixin.py:190} INFO - Batch Number 33 Loaded to Postgres.....
[2025-03-09T17:23:56.661+0000] {logging_mixin.py:190} INFO - Batch Number 34 Loaded to Postgres.....
[2025-03-09T17:23:56.686+0000] {logging_mixin.py:190} INFO - Batch Number 35 Loaded to Postgres.....
[2025-03-09T17:23:56.710+0000] {logging_mixin.py:190} INFO - Batch Number 36 Loaded to Postgres.....
[2025-03-09T17:23:56.736+0000] {logging_mixin.py:190} INFO - Batch Number 37 Loaded to Postgres.....
[2025-03-09T17:23:56.761+0000] {logging_mixin.py:190} INFO - Batch Number 38 Loaded to Postgres.....
[2025-03-09T17:23:56.786+0000] {logging_mixin.py:190} INFO - Batch Number 39 Loaded to Postgres.....
[2025-03-09T17:23:56.811+0000] {logging_mixin.py:190} INFO - Batch Number 40 Loaded to Postgres.....
[2025-03-09T17:23:56.837+0000] {logging_mixin.py:190} INFO - Batch Number 41 Loaded to Postgres.....
[2025-03-09T17:23:56.861+0000] {logging_mixin.py:190} INFO - Batch Number 42 Loaded to Postgres.....
[2025-03-09T17:23:56.889+0000] {logging_mixin.py:190} INFO - Batch Number 43 Loaded to Postgres.....
[2025-03-09T17:23:56.914+0000] {logging_mixin.py:190} INFO - Batch Number 44 Loaded to Postgres.....
[2025-03-09T17:23:56.940+0000] {logging_mixin.py:190} INFO - Batch Number 45 Loaded to Postgres.....
[2025-03-09T17:23:56.967+0000] {logging_mixin.py:190} INFO - Batch Number 46 Loaded to Postgres.....
[2025-03-09T17:23:56.992+0000] {logging_mixin.py:190} INFO - Batch Number 47 Loaded to Postgres.....
[2025-03-09T17:23:57.018+0000] {logging_mixin.py:190} INFO - Batch Number 48 Loaded to Postgres.....
[2025-03-09T17:23:57.044+0000] {logging_mixin.py:190} INFO - Batch Number 49 Loaded to Postgres.....
[2025-03-09T17:23:57.069+0000] {logging_mixin.py:190} INFO - Batch Number 50 Loaded to Postgres.....
[2025-03-09T17:23:57.093+0000] {logging_mixin.py:190} INFO - Batch Number 51 Loaded to Postgres.....
[2025-03-09T17:23:57.123+0000] {logging_mixin.py:190} INFO - Batch Number 52 Loaded to Postgres.....
[2025-03-09T17:23:57.155+0000] {logging_mixin.py:190} INFO - Batch Number 53 Loaded to Postgres.....
[2025-03-09T17:23:57.179+0000] {logging_mixin.py:190} INFO - Batch Number 54 Loaded to Postgres.....
[2025-03-09T17:23:57.208+0000] {logging_mixin.py:190} INFO - Batch Number 55 Loaded to Postgres.....
[2025-03-09T17:23:57.233+0000] {logging_mixin.py:190} INFO - Batch Number 56 Loaded to Postgres.....
[2025-03-09T17:23:57.257+0000] {logging_mixin.py:190} INFO - Batch Number 57 Loaded to Postgres.....
[2025-03-09T17:23:57.282+0000] {logging_mixin.py:190} INFO - Batch Number 58 Loaded to Postgres.....
[2025-03-09T17:23:57.306+0000] {logging_mixin.py:190} INFO - Batch Number 59 Loaded to Postgres.....
[2025-03-09T17:23:57.331+0000] {logging_mixin.py:190} INFO - Batch Number 60 Loaded to Postgres.....
[2025-03-09T17:23:57.356+0000] {logging_mixin.py:190} INFO - Batch Number 61 Loaded to Postgres.....
[2025-03-09T17:23:57.381+0000] {logging_mixin.py:190} INFO - Batch Number 62 Loaded to Postgres.....
[2025-03-09T17:23:57.406+0000] {logging_mixin.py:190} INFO - Batch Number 63 Loaded to Postgres.....
[2025-03-09T17:23:57.430+0000] {logging_mixin.py:190} INFO - Batch Number 64 Loaded to Postgres.....
[2025-03-09T17:23:57.455+0000] {logging_mixin.py:190} INFO - Batch Number 65 Loaded to Postgres.....
[2025-03-09T17:23:57.480+0000] {logging_mixin.py:190} INFO - Batch Number 66 Loaded to Postgres.....
[2025-03-09T17:23:57.523+0000] {logging_mixin.py:190} INFO - Batch Number 67 Loaded to Postgres.....
[2025-03-09T17:23:57.549+0000] {logging_mixin.py:190} INFO - Batch Number 68 Loaded to Postgres.....
[2025-03-09T17:23:57.574+0000] {logging_mixin.py:190} INFO - Batch Number 69 Loaded to Postgres.....
[2025-03-09T17:23:57.599+0000] {logging_mixin.py:190} INFO - Batch Number 70 Loaded to Postgres.....
[2025-03-09T17:23:57.623+0000] {logging_mixin.py:190} INFO - Batch Number 71 Loaded to Postgres.....
[2025-03-09T17:23:57.649+0000] {logging_mixin.py:190} INFO - Batch Number 72 Loaded to Postgres.....
[2025-03-09T17:23:57.674+0000] {logging_mixin.py:190} INFO - Batch Number 73 Loaded to Postgres.....
[2025-03-09T17:23:57.704+0000] {logging_mixin.py:190} INFO - Batch Number 74 Loaded to Postgres.....
[2025-03-09T17:23:57.728+0000] {logging_mixin.py:190} INFO - Batch Number 75 Loaded to Postgres.....
[2025-03-09T17:23:57.758+0000] {logging_mixin.py:190} INFO - Batch Number 76 Loaded to Postgres.....
[2025-03-09T17:23:57.782+0000] {logging_mixin.py:190} INFO - Batch Number 77 Loaded to Postgres.....
[2025-03-09T17:23:57.807+0000] {logging_mixin.py:190} INFO - Batch Number 78 Loaded to Postgres.....
[2025-03-09T17:23:57.832+0000] {logging_mixin.py:190} INFO - Batch Number 79 Loaded to Postgres.....
[2025-03-09T17:23:57.857+0000] {logging_mixin.py:190} INFO - Batch Number 80 Loaded to Postgres.....
[2025-03-09T17:23:57.880+0000] {logging_mixin.py:190} INFO - Batch Number 81 Loaded to Postgres.....
[2025-03-09T17:23:57.905+0000] {logging_mixin.py:190} INFO - Batch Number 82 Loaded to Postgres.....
[2025-03-09T17:23:57.933+0000] {logging_mixin.py:190} INFO - Batch Number 83 Loaded to Postgres.....
[2025-03-09T17:23:57.958+0000] {logging_mixin.py:190} INFO - Batch Number 84 Loaded to Postgres.....
[2025-03-09T17:23:57.988+0000] {logging_mixin.py:190} INFO - Batch Number 85 Loaded to Postgres.....
[2025-03-09T17:23:58.012+0000] {logging_mixin.py:190} INFO - Batch Number 86 Loaded to Postgres.....
[2025-03-09T17:23:58.039+0000] {logging_mixin.py:190} INFO - Batch Number 87 Loaded to Postgres.....
[2025-03-09T17:23:58.065+0000] {logging_mixin.py:190} INFO - Batch Number 88 Loaded to Postgres.....
[2025-03-09T17:23:58.091+0000] {logging_mixin.py:190} INFO - Batch Number 89 Loaded to Postgres.....
[2025-03-09T17:23:58.115+0000] {logging_mixin.py:190} INFO - Batch Number 90 Loaded to Postgres.....
[2025-03-09T17:23:58.140+0000] {logging_mixin.py:190} INFO - Batch Number 91 Loaded to Postgres.....
[2025-03-09T17:23:58.169+0000] {logging_mixin.py:190} INFO - Batch Number 92 Loaded to Postgres.....
[2025-03-09T17:23:58.193+0000] {logging_mixin.py:190} INFO - Batch Number 93 Loaded to Postgres.....
[2025-03-09T17:23:58.217+0000] {logging_mixin.py:190} INFO - Batch Number 94 Loaded to Postgres.....
[2025-03-09T17:23:58.241+0000] {logging_mixin.py:190} INFO - Batch Number 95 Loaded to Postgres.....
[2025-03-09T17:23:58.267+0000] {logging_mixin.py:190} INFO - Batch Number 96 Loaded to Postgres.....
[2025-03-09T17:23:58.291+0000] {logging_mixin.py:190} INFO - Batch Number 97 Loaded to Postgres.....
[2025-03-09T17:23:58.316+0000] {logging_mixin.py:190} INFO - Batch Number 98 Loaded to Postgres.....
[2025-03-09T17:23:58.340+0000] {logging_mixin.py:190} INFO - Batch Number 99 Loaded to Postgres.....
[2025-03-09T17:23:58.364+0000] {logging_mixin.py:190} INFO - Batch Number 100 Loaded to Postgres.....
[2025-03-09T17:23:58.375+0000] {logging_mixin.py:190} INFO - Batch Number 101 Loaded to Postgres.....
[2025-03-09T17:23:58.376+0000] {logging_mixin.py:190} INFO - Load is Complete
[2025-03-09T17:23:58.378+0000] {python.py:240} INFO - Done. Returned value was: None
[2025-03-09T17:23:58.388+0000] {taskinstance.py:341} INFO - ::group::Post task execution logs
[2025-03-09T17:23:58.388+0000] {taskinstance.py:353} INFO - Marking task as SUCCESS. dag_id=etl_fire_incidents_dag, task_id=load_data, run_id=manual__2025-03-09T17:23:45.603748+00:00, execution_date=20250309T172345, start_date=20250309T172355, end_date=20250309T172358
[2025-03-09T17:23:58.408+0000] {logging_mixin.py:190} INFO - Task instance in success state
[2025-03-09T17:23:58.408+0000] {logging_mixin.py:190} INFO -  Previous state of the Task instance: running
[2025-03-09T17:23:58.408+0000] {logging_mixin.py:190} INFO - Dag name:etl_fire_incidents_dag queued_at:2025-03-09 17:23:45.619216+00:00
[2025-03-09T17:23:58.408+0000] {logging_mixin.py:190} INFO - Task hostname:fad361e322ea operator:PythonOperator
[2025-03-09T17:23:58.456+0000] {local_task_job_runner.py:266} INFO - Task exited with return code 0
[2025-03-09T17:23:58.469+0000] {taskinstance.py:3901} INFO - 0 downstream tasks scheduled from follow-on schedule check
[2025-03-09T17:23:58.471+0000] {local_task_job_runner.py:245} INFO - ::endgroup::
