[2025-02-25T22:57:07.616+0000] {processor.py:186} INFO - Started process (PID=73) to work on /home/airflow/.local/lib/python3.12/site-packages/airflow/example_dags/example_external_task_marker_dag.py
[2025-02-25T22:57:07.617+0000] {processor.py:914} INFO - Processing file /home/airflow/.local/lib/python3.12/site-packages/airflow/example_dags/example_external_task_marker_dag.py for tasks to queue
[2025-02-25T22:57:07.618+0000] {logging_mixin.py:190} INFO - [2025-02-25T22:57:07.618+0000] {dagbag.py:588} INFO - Filling up the DagBag from /home/airflow/.local/lib/python3.12/site-packages/airflow/example_dags/example_external_task_marker_dag.py
[2025-02-25T22:57:07.685+0000] {processor.py:925} INFO - DAG(s) 'example_external_task_marker_parent', 'example_external_task_marker_child' retrieved from /home/airflow/.local/lib/python3.12/site-packages/airflow/example_dags/example_external_task_marker_dag.py
[2025-02-25T22:57:08.401+0000] {logging_mixin.py:190} INFO - [2025-02-25T22:57:08.399+0000] {override.py:1912} INFO - Created Permission View: can read on DAG:example_external_task_marker_parent
[2025-02-25T22:57:08.439+0000] {logging_mixin.py:190} INFO - [2025-02-25T22:57:08.439+0000] {override.py:1912} INFO - Created Permission View: can delete on DAG:example_external_task_marker_parent
[2025-02-25T22:57:08.446+0000] {logging_mixin.py:190} INFO - [2025-02-25T22:57:08.446+0000] {override.py:1912} INFO - Created Permission View: can edit on DAG:example_external_task_marker_parent
[2025-02-25T22:57:08.463+0000] {logging_mixin.py:190} INFO - [2025-02-25T22:57:08.463+0000] {override.py:1912} INFO - Created Permission View: can read on DAG Run:example_external_task_marker_parent
[2025-02-25T22:57:08.497+0000] {logging_mixin.py:190} INFO - [2025-02-25T22:57:08.497+0000] {override.py:1912} INFO - Created Permission View: can create on DAG Run:example_external_task_marker_parent
[2025-02-25T22:57:08.522+0000] {logging_mixin.py:190} INFO - [2025-02-25T22:57:08.522+0000] {override.py:1912} INFO - Created Permission View: can delete on DAG Run:example_external_task_marker_parent
[2025-02-25T22:57:08.530+0000] {logging_mixin.py:190} INFO - [2025-02-25T22:57:08.530+0000] {override.py:1912} INFO - Created Permission View: menu access on DAG Run:example_external_task_marker_parent
[2025-02-25T22:57:08.543+0000] {logging_mixin.py:190} INFO - [2025-02-25T22:57:08.542+0000] {override.py:1912} INFO - Created Permission View: can read on DAG:example_external_task_marker_child
[2025-02-25T22:57:08.551+0000] {logging_mixin.py:190} INFO - [2025-02-25T22:57:08.551+0000] {override.py:1912} INFO - Created Permission View: can delete on DAG:example_external_task_marker_child
[2025-02-25T22:57:08.557+0000] {logging_mixin.py:190} INFO - [2025-02-25T22:57:08.557+0000] {override.py:1912} INFO - Created Permission View: can edit on DAG:example_external_task_marker_child
[2025-02-25T22:57:08.569+0000] {logging_mixin.py:190} INFO - [2025-02-25T22:57:08.568+0000] {override.py:1912} INFO - Created Permission View: can read on DAG Run:example_external_task_marker_child
[2025-02-25T22:57:08.574+0000] {logging_mixin.py:190} INFO - [2025-02-25T22:57:08.574+0000] {override.py:1912} INFO - Created Permission View: can create on DAG Run:example_external_task_marker_child
[2025-02-25T22:57:08.581+0000] {logging_mixin.py:190} INFO - [2025-02-25T22:57:08.581+0000] {override.py:1912} INFO - Created Permission View: can delete on DAG Run:example_external_task_marker_child
[2025-02-25T22:57:08.586+0000] {logging_mixin.py:190} INFO - [2025-02-25T22:57:08.586+0000] {override.py:1912} INFO - Created Permission View: menu access on DAG Run:example_external_task_marker_child
[2025-02-25T22:57:08.587+0000] {logging_mixin.py:190} INFO - [2025-02-25T22:57:08.587+0000] {dag.py:3239} INFO - Sync 2 DAGs
[2025-02-25T22:57:08.697+0000] {logging_mixin.py:190} INFO - [2025-02-25T22:57:08.697+0000] {dag.py:3262} INFO - Creating ORM DAG for example_external_task_marker_child
[2025-02-25T22:57:08.697+0000] {logging_mixin.py:190} INFO - [2025-02-25T22:57:08.697+0000] {dag.py:3262} INFO - Creating ORM DAG for example_external_task_marker_parent
[2025-02-25T22:57:08.698+0000] {logging_mixin.py:190} INFO - [2025-02-25T22:57:08.698+0000] {dag.py:4180} INFO - Setting next_dagrun for example_external_task_marker_child to None, run_after=None
[2025-02-25T22:57:08.699+0000] {logging_mixin.py:190} INFO - [2025-02-25T22:57:08.699+0000] {dag.py:4180} INFO - Setting next_dagrun for example_external_task_marker_parent to None, run_after=None
[2025-02-25T22:57:08.716+0000] {processor.py:208} INFO - Processing /home/airflow/.local/lib/python3.12/site-packages/airflow/example_dags/example_external_task_marker_dag.py took 1.105 seconds
[2025-02-25T22:57:38.901+0000] {processor.py:186} INFO - Started process (PID=137) to work on /home/airflow/.local/lib/python3.12/site-packages/airflow/example_dags/example_external_task_marker_dag.py
[2025-02-25T22:57:38.902+0000] {processor.py:914} INFO - Processing file /home/airflow/.local/lib/python3.12/site-packages/airflow/example_dags/example_external_task_marker_dag.py for tasks to queue
[2025-02-25T22:57:38.905+0000] {logging_mixin.py:190} INFO - [2025-02-25T22:57:38.904+0000] {dagbag.py:588} INFO - Filling up the DagBag from /home/airflow/.local/lib/python3.12/site-packages/airflow/example_dags/example_external_task_marker_dag.py
[2025-02-25T22:57:38.923+0000] {processor.py:925} INFO - DAG(s) 'example_external_task_marker_child', 'example_external_task_marker_parent' retrieved from /home/airflow/.local/lib/python3.12/site-packages/airflow/example_dags/example_external_task_marker_dag.py
[2025-02-25T22:57:38.955+0000] {logging_mixin.py:190} INFO - [2025-02-25T22:57:38.955+0000] {dag.py:3239} INFO - Sync 2 DAGs
[2025-02-25T22:57:38.969+0000] {logging_mixin.py:190} INFO - [2025-02-25T22:57:38.969+0000] {dag.py:4180} INFO - Setting next_dagrun for example_external_task_marker_child to None, run_after=None
[2025-02-25T22:57:38.973+0000] {logging_mixin.py:190} INFO - [2025-02-25T22:57:38.973+0000] {dag.py:4180} INFO - Setting next_dagrun for example_external_task_marker_parent to None, run_after=None
[2025-02-25T22:57:39.028+0000] {processor.py:208} INFO - Processing /home/airflow/.local/lib/python3.12/site-packages/airflow/example_dags/example_external_task_marker_dag.py took 0.134 seconds
[2025-02-25T22:58:09.333+0000] {processor.py:186} INFO - Started process (PID=201) to work on /home/airflow/.local/lib/python3.12/site-packages/airflow/example_dags/example_external_task_marker_dag.py
[2025-02-25T22:58:09.334+0000] {processor.py:914} INFO - Processing file /home/airflow/.local/lib/python3.12/site-packages/airflow/example_dags/example_external_task_marker_dag.py for tasks to queue
[2025-02-25T22:58:09.336+0000] {logging_mixin.py:190} INFO - [2025-02-25T22:58:09.336+0000] {dagbag.py:588} INFO - Filling up the DagBag from /home/airflow/.local/lib/python3.12/site-packages/airflow/example_dags/example_external_task_marker_dag.py
[2025-02-25T22:58:09.342+0000] {processor.py:925} INFO - DAG(s) 'example_external_task_marker_parent', 'example_external_task_marker_child' retrieved from /home/airflow/.local/lib/python3.12/site-packages/airflow/example_dags/example_external_task_marker_dag.py
[2025-02-25T22:58:09.367+0000] {logging_mixin.py:190} INFO - [2025-02-25T22:58:09.367+0000] {dag.py:3239} INFO - Sync 2 DAGs
[2025-02-25T22:58:09.381+0000] {logging_mixin.py:190} INFO - [2025-02-25T22:58:09.380+0000] {dag.py:4180} INFO - Setting next_dagrun for example_external_task_marker_child to None, run_after=None
[2025-02-25T22:58:09.388+0000] {logging_mixin.py:190} INFO - [2025-02-25T22:58:09.387+0000] {dag.py:4180} INFO - Setting next_dagrun for example_external_task_marker_parent to None, run_after=None
[2025-02-25T22:58:09.408+0000] {processor.py:208} INFO - Processing /home/airflow/.local/lib/python3.12/site-packages/airflow/example_dags/example_external_task_marker_dag.py took 0.082 seconds
[2025-02-25T22:58:39.959+0000] {processor.py:186} INFO - Started process (PID=265) to work on /home/airflow/.local/lib/python3.12/site-packages/airflow/example_dags/example_external_task_marker_dag.py
[2025-02-25T22:58:39.961+0000] {processor.py:914} INFO - Processing file /home/airflow/.local/lib/python3.12/site-packages/airflow/example_dags/example_external_task_marker_dag.py for tasks to queue
[2025-02-25T22:58:39.965+0000] {logging_mixin.py:190} INFO - [2025-02-25T22:58:39.964+0000] {dagbag.py:588} INFO - Filling up the DagBag from /home/airflow/.local/lib/python3.12/site-packages/airflow/example_dags/example_external_task_marker_dag.py
[2025-02-25T22:58:39.976+0000] {processor.py:925} INFO - DAG(s) 'example_external_task_marker_parent', 'example_external_task_marker_child' retrieved from /home/airflow/.local/lib/python3.12/site-packages/airflow/example_dags/example_external_task_marker_dag.py
[2025-02-25T22:58:39.997+0000] {logging_mixin.py:190} INFO - [2025-02-25T22:58:39.996+0000] {dag.py:3239} INFO - Sync 2 DAGs
[2025-02-25T22:58:40.008+0000] {logging_mixin.py:190} INFO - [2025-02-25T22:58:40.007+0000] {dag.py:4180} INFO - Setting next_dagrun for example_external_task_marker_child to None, run_after=None
[2025-02-25T22:58:40.010+0000] {logging_mixin.py:190} INFO - [2025-02-25T22:58:40.010+0000] {dag.py:4180} INFO - Setting next_dagrun for example_external_task_marker_parent to None, run_after=None
[2025-02-25T22:58:40.022+0000] {processor.py:208} INFO - Processing /home/airflow/.local/lib/python3.12/site-packages/airflow/example_dags/example_external_task_marker_dag.py took 0.072 seconds
[2025-02-25T22:59:10.414+0000] {processor.py:186} INFO - Started process (PID=329) to work on /home/airflow/.local/lib/python3.12/site-packages/airflow/example_dags/example_external_task_marker_dag.py
[2025-02-25T22:59:10.419+0000] {processor.py:914} INFO - Processing file /home/airflow/.local/lib/python3.12/site-packages/airflow/example_dags/example_external_task_marker_dag.py for tasks to queue
[2025-02-25T22:59:10.421+0000] {logging_mixin.py:190} INFO - [2025-02-25T22:59:10.420+0000] {dagbag.py:588} INFO - Filling up the DagBag from /home/airflow/.local/lib/python3.12/site-packages/airflow/example_dags/example_external_task_marker_dag.py
[2025-02-25T22:59:10.426+0000] {processor.py:925} INFO - DAG(s) 'example_external_task_marker_child', 'example_external_task_marker_parent' retrieved from /home/airflow/.local/lib/python3.12/site-packages/airflow/example_dags/example_external_task_marker_dag.py
[2025-02-25T22:59:10.445+0000] {logging_mixin.py:190} INFO - [2025-02-25T22:59:10.445+0000] {dag.py:3239} INFO - Sync 2 DAGs
[2025-02-25T22:59:10.457+0000] {logging_mixin.py:190} INFO - [2025-02-25T22:59:10.456+0000] {dag.py:4180} INFO - Setting next_dagrun for example_external_task_marker_child to None, run_after=None
[2025-02-25T22:59:10.459+0000] {logging_mixin.py:190} INFO - [2025-02-25T22:59:10.459+0000] {dag.py:4180} INFO - Setting next_dagrun for example_external_task_marker_parent to None, run_after=None
[2025-02-25T22:59:10.475+0000] {processor.py:208} INFO - Processing /home/airflow/.local/lib/python3.12/site-packages/airflow/example_dags/example_external_task_marker_dag.py took 0.065 seconds
[2025-02-25T22:59:40.617+0000] {processor.py:186} INFO - Started process (PID=393) to work on /home/airflow/.local/lib/python3.12/site-packages/airflow/example_dags/example_external_task_marker_dag.py
[2025-02-25T22:59:40.618+0000] {processor.py:914} INFO - Processing file /home/airflow/.local/lib/python3.12/site-packages/airflow/example_dags/example_external_task_marker_dag.py for tasks to queue
[2025-02-25T22:59:40.620+0000] {logging_mixin.py:190} INFO - [2025-02-25T22:59:40.620+0000] {dagbag.py:588} INFO - Filling up the DagBag from /home/airflow/.local/lib/python3.12/site-packages/airflow/example_dags/example_external_task_marker_dag.py
[2025-02-25T22:59:40.626+0000] {processor.py:925} INFO - DAG(s) 'example_external_task_marker_child', 'example_external_task_marker_parent' retrieved from /home/airflow/.local/lib/python3.12/site-packages/airflow/example_dags/example_external_task_marker_dag.py
[2025-02-25T22:59:40.640+0000] {logging_mixin.py:190} INFO - [2025-02-25T22:59:40.640+0000] {dag.py:3239} INFO - Sync 2 DAGs
[2025-02-25T22:59:40.651+0000] {logging_mixin.py:190} INFO - [2025-02-25T22:59:40.651+0000] {dag.py:4180} INFO - Setting next_dagrun for example_external_task_marker_child to None, run_after=None
[2025-02-25T22:59:40.653+0000] {logging_mixin.py:190} INFO - [2025-02-25T22:59:40.653+0000] {dag.py:4180} INFO - Setting next_dagrun for example_external_task_marker_parent to None, run_after=None
[2025-02-25T22:59:40.668+0000] {processor.py:208} INFO - Processing /home/airflow/.local/lib/python3.12/site-packages/airflow/example_dags/example_external_task_marker_dag.py took 0.055 seconds
[2025-02-25T23:00:10.878+0000] {processor.py:186} INFO - Started process (PID=457) to work on /home/airflow/.local/lib/python3.12/site-packages/airflow/example_dags/example_external_task_marker_dag.py
[2025-02-25T23:00:10.879+0000] {processor.py:914} INFO - Processing file /home/airflow/.local/lib/python3.12/site-packages/airflow/example_dags/example_external_task_marker_dag.py for tasks to queue
[2025-02-25T23:00:10.881+0000] {logging_mixin.py:190} INFO - [2025-02-25T23:00:10.881+0000] {dagbag.py:588} INFO - Filling up the DagBag from /home/airflow/.local/lib/python3.12/site-packages/airflow/example_dags/example_external_task_marker_dag.py
[2025-02-25T23:00:10.888+0000] {processor.py:925} INFO - DAG(s) 'example_external_task_marker_parent', 'example_external_task_marker_child' retrieved from /home/airflow/.local/lib/python3.12/site-packages/airflow/example_dags/example_external_task_marker_dag.py
[2025-02-25T23:00:10.906+0000] {logging_mixin.py:190} INFO - [2025-02-25T23:00:10.906+0000] {dag.py:3239} INFO - Sync 2 DAGs
[2025-02-25T23:00:10.919+0000] {logging_mixin.py:190} INFO - [2025-02-25T23:00:10.918+0000] {dag.py:4180} INFO - Setting next_dagrun for example_external_task_marker_child to None, run_after=None
[2025-02-25T23:00:10.922+0000] {logging_mixin.py:190} INFO - [2025-02-25T23:00:10.922+0000] {dag.py:4180} INFO - Setting next_dagrun for example_external_task_marker_parent to None, run_after=None
[2025-02-25T23:00:10.941+0000] {processor.py:208} INFO - Processing /home/airflow/.local/lib/python3.12/site-packages/airflow/example_dags/example_external_task_marker_dag.py took 0.066 seconds
[2025-02-25T23:00:41.282+0000] {processor.py:186} INFO - Started process (PID=521) to work on /home/airflow/.local/lib/python3.12/site-packages/airflow/example_dags/example_external_task_marker_dag.py
[2025-02-25T23:00:41.283+0000] {processor.py:914} INFO - Processing file /home/airflow/.local/lib/python3.12/site-packages/airflow/example_dags/example_external_task_marker_dag.py for tasks to queue
[2025-02-25T23:00:41.285+0000] {logging_mixin.py:190} INFO - [2025-02-25T23:00:41.284+0000] {dagbag.py:588} INFO - Filling up the DagBag from /home/airflow/.local/lib/python3.12/site-packages/airflow/example_dags/example_external_task_marker_dag.py
[2025-02-25T23:00:41.293+0000] {processor.py:925} INFO - DAG(s) 'example_external_task_marker_parent', 'example_external_task_marker_child' retrieved from /home/airflow/.local/lib/python3.12/site-packages/airflow/example_dags/example_external_task_marker_dag.py
[2025-02-25T23:00:41.314+0000] {logging_mixin.py:190} INFO - [2025-02-25T23:00:41.313+0000] {dag.py:3239} INFO - Sync 2 DAGs
[2025-02-25T23:00:41.326+0000] {logging_mixin.py:190} INFO - [2025-02-25T23:00:41.326+0000] {dag.py:4180} INFO - Setting next_dagrun for example_external_task_marker_child to None, run_after=None
[2025-02-25T23:00:41.329+0000] {logging_mixin.py:190} INFO - [2025-02-25T23:00:41.328+0000] {dag.py:4180} INFO - Setting next_dagrun for example_external_task_marker_parent to None, run_after=None
[2025-02-25T23:00:41.351+0000] {processor.py:208} INFO - Processing /home/airflow/.local/lib/python3.12/site-packages/airflow/example_dags/example_external_task_marker_dag.py took 0.075 seconds
[2025-02-25T23:01:11.837+0000] {processor.py:186} INFO - Started process (PID=585) to work on /home/airflow/.local/lib/python3.12/site-packages/airflow/example_dags/example_external_task_marker_dag.py
[2025-02-25T23:01:11.844+0000] {processor.py:914} INFO - Processing file /home/airflow/.local/lib/python3.12/site-packages/airflow/example_dags/example_external_task_marker_dag.py for tasks to queue
[2025-02-25T23:01:11.845+0000] {logging_mixin.py:190} INFO - [2025-02-25T23:01:11.845+0000] {dagbag.py:588} INFO - Filling up the DagBag from /home/airflow/.local/lib/python3.12/site-packages/airflow/example_dags/example_external_task_marker_dag.py
[2025-02-25T23:01:11.851+0000] {processor.py:925} INFO - DAG(s) 'example_external_task_marker_child', 'example_external_task_marker_parent' retrieved from /home/airflow/.local/lib/python3.12/site-packages/airflow/example_dags/example_external_task_marker_dag.py
[2025-02-25T23:01:11.867+0000] {logging_mixin.py:190} INFO - [2025-02-25T23:01:11.866+0000] {dag.py:3239} INFO - Sync 2 DAGs
[2025-02-25T23:01:11.879+0000] {logging_mixin.py:190} INFO - [2025-02-25T23:01:11.878+0000] {dag.py:4180} INFO - Setting next_dagrun for example_external_task_marker_child to None, run_after=None
[2025-02-25T23:01:11.881+0000] {logging_mixin.py:190} INFO - [2025-02-25T23:01:11.881+0000] {dag.py:4180} INFO - Setting next_dagrun for example_external_task_marker_parent to None, run_after=None
[2025-02-25T23:01:11.901+0000] {processor.py:208} INFO - Processing /home/airflow/.local/lib/python3.12/site-packages/airflow/example_dags/example_external_task_marker_dag.py took 0.068 seconds
[2025-02-25T23:01:42.080+0000] {processor.py:186} INFO - Started process (PID=649) to work on /home/airflow/.local/lib/python3.12/site-packages/airflow/example_dags/example_external_task_marker_dag.py
[2025-02-25T23:01:42.081+0000] {processor.py:914} INFO - Processing file /home/airflow/.local/lib/python3.12/site-packages/airflow/example_dags/example_external_task_marker_dag.py for tasks to queue
[2025-02-25T23:01:42.085+0000] {logging_mixin.py:190} INFO - [2025-02-25T23:01:42.085+0000] {dagbag.py:588} INFO - Filling up the DagBag from /home/airflow/.local/lib/python3.12/site-packages/airflow/example_dags/example_external_task_marker_dag.py
[2025-02-25T23:01:42.093+0000] {processor.py:925} INFO - DAG(s) 'example_external_task_marker_child', 'example_external_task_marker_parent' retrieved from /home/airflow/.local/lib/python3.12/site-packages/airflow/example_dags/example_external_task_marker_dag.py
[2025-02-25T23:01:42.124+0000] {logging_mixin.py:190} INFO - [2025-02-25T23:01:42.123+0000] {dag.py:3239} INFO - Sync 2 DAGs
[2025-02-25T23:01:42.141+0000] {logging_mixin.py:190} INFO - [2025-02-25T23:01:42.140+0000] {dag.py:4180} INFO - Setting next_dagrun for example_external_task_marker_child to None, run_after=None
[2025-02-25T23:01:42.144+0000] {logging_mixin.py:190} INFO - [2025-02-25T23:01:42.144+0000] {dag.py:4180} INFO - Setting next_dagrun for example_external_task_marker_parent to None, run_after=None
[2025-02-25T23:01:42.162+0000] {processor.py:208} INFO - Processing /home/airflow/.local/lib/python3.12/site-packages/airflow/example_dags/example_external_task_marker_dag.py took 0.091 seconds
[2025-02-25T23:02:12.322+0000] {processor.py:186} INFO - Started process (PID=712) to work on /home/airflow/.local/lib/python3.12/site-packages/airflow/example_dags/example_external_task_marker_dag.py
[2025-02-25T23:02:12.324+0000] {processor.py:914} INFO - Processing file /home/airflow/.local/lib/python3.12/site-packages/airflow/example_dags/example_external_task_marker_dag.py for tasks to queue
[2025-02-25T23:02:12.326+0000] {logging_mixin.py:190} INFO - [2025-02-25T23:02:12.326+0000] {dagbag.py:588} INFO - Filling up the DagBag from /home/airflow/.local/lib/python3.12/site-packages/airflow/example_dags/example_external_task_marker_dag.py
[2025-02-25T23:02:12.333+0000] {processor.py:925} INFO - DAG(s) 'example_external_task_marker_parent', 'example_external_task_marker_child' retrieved from /home/airflow/.local/lib/python3.12/site-packages/airflow/example_dags/example_external_task_marker_dag.py
[2025-02-25T23:02:12.350+0000] {logging_mixin.py:190} INFO - [2025-02-25T23:02:12.350+0000] {dag.py:3239} INFO - Sync 2 DAGs
[2025-02-25T23:02:12.361+0000] {logging_mixin.py:190} INFO - [2025-02-25T23:02:12.361+0000] {dag.py:4180} INFO - Setting next_dagrun for example_external_task_marker_child to None, run_after=None
[2025-02-25T23:02:12.364+0000] {logging_mixin.py:190} INFO - [2025-02-25T23:02:12.364+0000] {dag.py:4180} INFO - Setting next_dagrun for example_external_task_marker_parent to None, run_after=None
[2025-02-25T23:02:12.375+0000] {processor.py:208} INFO - Processing /home/airflow/.local/lib/python3.12/site-packages/airflow/example_dags/example_external_task_marker_dag.py took 0.063 seconds
[2025-02-25T23:02:42.539+0000] {processor.py:186} INFO - Started process (PID=776) to work on /home/airflow/.local/lib/python3.12/site-packages/airflow/example_dags/example_external_task_marker_dag.py
[2025-02-25T23:02:42.540+0000] {processor.py:914} INFO - Processing file /home/airflow/.local/lib/python3.12/site-packages/airflow/example_dags/example_external_task_marker_dag.py for tasks to queue
[2025-02-25T23:02:42.543+0000] {logging_mixin.py:190} INFO - [2025-02-25T23:02:42.543+0000] {dagbag.py:588} INFO - Filling up the DagBag from /home/airflow/.local/lib/python3.12/site-packages/airflow/example_dags/example_external_task_marker_dag.py
[2025-02-25T23:02:42.556+0000] {processor.py:925} INFO - DAG(s) 'example_external_task_marker_child', 'example_external_task_marker_parent' retrieved from /home/airflow/.local/lib/python3.12/site-packages/airflow/example_dags/example_external_task_marker_dag.py
[2025-02-25T23:02:42.575+0000] {logging_mixin.py:190} INFO - [2025-02-25T23:02:42.574+0000] {dag.py:3239} INFO - Sync 2 DAGs
[2025-02-25T23:02:42.586+0000] {logging_mixin.py:190} INFO - [2025-02-25T23:02:42.586+0000] {dag.py:4180} INFO - Setting next_dagrun for example_external_task_marker_child to None, run_after=None
[2025-02-25T23:02:42.590+0000] {logging_mixin.py:190} INFO - [2025-02-25T23:02:42.589+0000] {dag.py:4180} INFO - Setting next_dagrun for example_external_task_marker_parent to None, run_after=None
[2025-02-25T23:02:42.601+0000] {processor.py:208} INFO - Processing /home/airflow/.local/lib/python3.12/site-packages/airflow/example_dags/example_external_task_marker_dag.py took 0.073 seconds
[2025-02-25T23:03:12.647+0000] {processor.py:186} INFO - Started process (PID=840) to work on /home/airflow/.local/lib/python3.12/site-packages/airflow/example_dags/example_external_task_marker_dag.py
[2025-02-25T23:03:12.650+0000] {processor.py:914} INFO - Processing file /home/airflow/.local/lib/python3.12/site-packages/airflow/example_dags/example_external_task_marker_dag.py for tasks to queue
[2025-02-25T23:03:12.652+0000] {logging_mixin.py:190} INFO - [2025-02-25T23:03:12.652+0000] {dagbag.py:588} INFO - Filling up the DagBag from /home/airflow/.local/lib/python3.12/site-packages/airflow/example_dags/example_external_task_marker_dag.py
[2025-02-25T23:03:12.662+0000] {processor.py:925} INFO - DAG(s) 'example_external_task_marker_child', 'example_external_task_marker_parent' retrieved from /home/airflow/.local/lib/python3.12/site-packages/airflow/example_dags/example_external_task_marker_dag.py
[2025-02-25T23:03:12.688+0000] {logging_mixin.py:190} INFO - [2025-02-25T23:03:12.688+0000] {dag.py:3239} INFO - Sync 2 DAGs
[2025-02-25T23:03:12.709+0000] {logging_mixin.py:190} INFO - [2025-02-25T23:03:12.709+0000] {dag.py:4180} INFO - Setting next_dagrun for example_external_task_marker_child to None, run_after=None
[2025-02-25T23:03:12.715+0000] {logging_mixin.py:190} INFO - [2025-02-25T23:03:12.714+0000] {dag.py:4180} INFO - Setting next_dagrun for example_external_task_marker_parent to None, run_after=None
[2025-02-25T23:03:12.728+0000] {processor.py:208} INFO - Processing /home/airflow/.local/lib/python3.12/site-packages/airflow/example_dags/example_external_task_marker_dag.py took 0.094 seconds
[2025-02-25T23:03:43.336+0000] {processor.py:186} INFO - Started process (PID=904) to work on /home/airflow/.local/lib/python3.12/site-packages/airflow/example_dags/example_external_task_marker_dag.py
[2025-02-25T23:03:43.337+0000] {processor.py:914} INFO - Processing file /home/airflow/.local/lib/python3.12/site-packages/airflow/example_dags/example_external_task_marker_dag.py for tasks to queue
[2025-02-25T23:03:43.340+0000] {logging_mixin.py:190} INFO - [2025-02-25T23:03:43.340+0000] {dagbag.py:588} INFO - Filling up the DagBag from /home/airflow/.local/lib/python3.12/site-packages/airflow/example_dags/example_external_task_marker_dag.py
[2025-02-25T23:03:43.349+0000] {processor.py:925} INFO - DAG(s) 'example_external_task_marker_child', 'example_external_task_marker_parent' retrieved from /home/airflow/.local/lib/python3.12/site-packages/airflow/example_dags/example_external_task_marker_dag.py
[2025-02-25T23:03:43.371+0000] {logging_mixin.py:190} INFO - [2025-02-25T23:03:43.371+0000] {dag.py:3239} INFO - Sync 2 DAGs
[2025-02-25T23:03:43.383+0000] {logging_mixin.py:190} INFO - [2025-02-25T23:03:43.383+0000] {dag.py:4180} INFO - Setting next_dagrun for example_external_task_marker_child to None, run_after=None
[2025-02-25T23:03:43.386+0000] {logging_mixin.py:190} INFO - [2025-02-25T23:03:43.386+0000] {dag.py:4180} INFO - Setting next_dagrun for example_external_task_marker_parent to None, run_after=None
[2025-02-25T23:03:43.398+0000] {processor.py:208} INFO - Processing /home/airflow/.local/lib/python3.12/site-packages/airflow/example_dags/example_external_task_marker_dag.py took 0.074 seconds
[2025-02-25T23:04:13.732+0000] {processor.py:186} INFO - Started process (PID=969) to work on /home/airflow/.local/lib/python3.12/site-packages/airflow/example_dags/example_external_task_marker_dag.py
[2025-02-25T23:04:13.734+0000] {processor.py:914} INFO - Processing file /home/airflow/.local/lib/python3.12/site-packages/airflow/example_dags/example_external_task_marker_dag.py for tasks to queue
[2025-02-25T23:04:13.736+0000] {logging_mixin.py:190} INFO - [2025-02-25T23:04:13.736+0000] {dagbag.py:588} INFO - Filling up the DagBag from /home/airflow/.local/lib/python3.12/site-packages/airflow/example_dags/example_external_task_marker_dag.py
[2025-02-25T23:04:13.745+0000] {processor.py:925} INFO - DAG(s) 'example_external_task_marker_parent', 'example_external_task_marker_child' retrieved from /home/airflow/.local/lib/python3.12/site-packages/airflow/example_dags/example_external_task_marker_dag.py
[2025-02-25T23:04:13.763+0000] {logging_mixin.py:190} INFO - [2025-02-25T23:04:13.763+0000] {dag.py:3239} INFO - Sync 2 DAGs
[2025-02-25T23:04:13.774+0000] {logging_mixin.py:190} INFO - [2025-02-25T23:04:13.774+0000] {dag.py:4180} INFO - Setting next_dagrun for example_external_task_marker_child to None, run_after=None
[2025-02-25T23:04:13.777+0000] {logging_mixin.py:190} INFO - [2025-02-25T23:04:13.777+0000] {dag.py:4180} INFO - Setting next_dagrun for example_external_task_marker_parent to None, run_after=None
[2025-02-25T23:04:13.789+0000] {processor.py:208} INFO - Processing /home/airflow/.local/lib/python3.12/site-packages/airflow/example_dags/example_external_task_marker_dag.py took 0.064 seconds
[2025-02-25T23:04:44.599+0000] {processor.py:186} INFO - Started process (PID=1033) to work on /home/airflow/.local/lib/python3.12/site-packages/airflow/example_dags/example_external_task_marker_dag.py
[2025-02-25T23:04:44.600+0000] {processor.py:914} INFO - Processing file /home/airflow/.local/lib/python3.12/site-packages/airflow/example_dags/example_external_task_marker_dag.py for tasks to queue
[2025-02-25T23:04:44.601+0000] {logging_mixin.py:190} INFO - [2025-02-25T23:04:44.601+0000] {dagbag.py:588} INFO - Filling up the DagBag from /home/airflow/.local/lib/python3.12/site-packages/airflow/example_dags/example_external_task_marker_dag.py
[2025-02-25T23:04:44.612+0000] {processor.py:925} INFO - DAG(s) 'example_external_task_marker_child', 'example_external_task_marker_parent' retrieved from /home/airflow/.local/lib/python3.12/site-packages/airflow/example_dags/example_external_task_marker_dag.py
[2025-02-25T23:04:44.631+0000] {logging_mixin.py:190} INFO - [2025-02-25T23:04:44.631+0000] {dag.py:3239} INFO - Sync 2 DAGs
[2025-02-25T23:04:44.643+0000] {logging_mixin.py:190} INFO - [2025-02-25T23:04:44.642+0000] {dag.py:4180} INFO - Setting next_dagrun for example_external_task_marker_child to None, run_after=None
[2025-02-25T23:04:44.646+0000] {logging_mixin.py:190} INFO - [2025-02-25T23:04:44.646+0000] {dag.py:4180} INFO - Setting next_dagrun for example_external_task_marker_parent to None, run_after=None
[2025-02-25T23:04:44.659+0000] {processor.py:208} INFO - Processing /home/airflow/.local/lib/python3.12/site-packages/airflow/example_dags/example_external_task_marker_dag.py took 0.064 seconds
[2025-02-25T23:05:14.934+0000] {processor.py:186} INFO - Started process (PID=1097) to work on /home/airflow/.local/lib/python3.12/site-packages/airflow/example_dags/example_external_task_marker_dag.py
[2025-02-25T23:05:14.935+0000] {processor.py:914} INFO - Processing file /home/airflow/.local/lib/python3.12/site-packages/airflow/example_dags/example_external_task_marker_dag.py for tasks to queue
[2025-02-25T23:05:14.937+0000] {logging_mixin.py:190} INFO - [2025-02-25T23:05:14.937+0000] {dagbag.py:588} INFO - Filling up the DagBag from /home/airflow/.local/lib/python3.12/site-packages/airflow/example_dags/example_external_task_marker_dag.py
[2025-02-25T23:05:14.944+0000] {processor.py:925} INFO - DAG(s) 'example_external_task_marker_child', 'example_external_task_marker_parent' retrieved from /home/airflow/.local/lib/python3.12/site-packages/airflow/example_dags/example_external_task_marker_dag.py
[2025-02-25T23:05:14.960+0000] {logging_mixin.py:190} INFO - [2025-02-25T23:05:14.960+0000] {dag.py:3239} INFO - Sync 2 DAGs
[2025-02-25T23:05:14.972+0000] {logging_mixin.py:190} INFO - [2025-02-25T23:05:14.972+0000] {dag.py:4180} INFO - Setting next_dagrun for example_external_task_marker_child to None, run_after=None
[2025-02-25T23:05:14.975+0000] {logging_mixin.py:190} INFO - [2025-02-25T23:05:14.975+0000] {dag.py:4180} INFO - Setting next_dagrun for example_external_task_marker_parent to None, run_after=None
[2025-02-25T23:05:14.990+0000] {processor.py:208} INFO - Processing /home/airflow/.local/lib/python3.12/site-packages/airflow/example_dags/example_external_task_marker_dag.py took 0.061 seconds
[2025-02-25T23:05:45.212+0000] {processor.py:186} INFO - Started process (PID=1162) to work on /home/airflow/.local/lib/python3.12/site-packages/airflow/example_dags/example_external_task_marker_dag.py
[2025-02-25T23:05:45.213+0000] {processor.py:914} INFO - Processing file /home/airflow/.local/lib/python3.12/site-packages/airflow/example_dags/example_external_task_marker_dag.py for tasks to queue
[2025-02-25T23:05:45.214+0000] {logging_mixin.py:190} INFO - [2025-02-25T23:05:45.214+0000] {dagbag.py:588} INFO - Filling up the DagBag from /home/airflow/.local/lib/python3.12/site-packages/airflow/example_dags/example_external_task_marker_dag.py
[2025-02-25T23:05:45.221+0000] {processor.py:925} INFO - DAG(s) 'example_external_task_marker_child', 'example_external_task_marker_parent' retrieved from /home/airflow/.local/lib/python3.12/site-packages/airflow/example_dags/example_external_task_marker_dag.py
[2025-02-25T23:05:45.242+0000] {logging_mixin.py:190} INFO - [2025-02-25T23:05:45.241+0000] {dag.py:3239} INFO - Sync 2 DAGs
[2025-02-25T23:05:45.254+0000] {logging_mixin.py:190} INFO - [2025-02-25T23:05:45.254+0000] {dag.py:4180} INFO - Setting next_dagrun for example_external_task_marker_child to None, run_after=None
[2025-02-25T23:05:45.258+0000] {logging_mixin.py:190} INFO - [2025-02-25T23:05:45.258+0000] {dag.py:4180} INFO - Setting next_dagrun for example_external_task_marker_parent to None, run_after=None
[2025-02-25T23:05:45.274+0000] {processor.py:208} INFO - Processing /home/airflow/.local/lib/python3.12/site-packages/airflow/example_dags/example_external_task_marker_dag.py took 0.066 seconds
[2025-02-25T23:06:15.399+0000] {processor.py:186} INFO - Started process (PID=1227) to work on /home/airflow/.local/lib/python3.12/site-packages/airflow/example_dags/example_external_task_marker_dag.py
[2025-02-25T23:06:15.400+0000] {processor.py:914} INFO - Processing file /home/airflow/.local/lib/python3.12/site-packages/airflow/example_dags/example_external_task_marker_dag.py for tasks to queue
[2025-02-25T23:06:15.402+0000] {logging_mixin.py:190} INFO - [2025-02-25T23:06:15.402+0000] {dagbag.py:588} INFO - Filling up the DagBag from /home/airflow/.local/lib/python3.12/site-packages/airflow/example_dags/example_external_task_marker_dag.py
[2025-02-25T23:06:15.408+0000] {processor.py:925} INFO - DAG(s) 'example_external_task_marker_child', 'example_external_task_marker_parent' retrieved from /home/airflow/.local/lib/python3.12/site-packages/airflow/example_dags/example_external_task_marker_dag.py
[2025-02-25T23:06:15.425+0000] {logging_mixin.py:190} INFO - [2025-02-25T23:06:15.424+0000] {dag.py:3239} INFO - Sync 2 DAGs
[2025-02-25T23:06:15.436+0000] {logging_mixin.py:190} INFO - [2025-02-25T23:06:15.436+0000] {dag.py:4180} INFO - Setting next_dagrun for example_external_task_marker_child to None, run_after=None
[2025-02-25T23:06:15.439+0000] {logging_mixin.py:190} INFO - [2025-02-25T23:06:15.439+0000] {dag.py:4180} INFO - Setting next_dagrun for example_external_task_marker_parent to None, run_after=None
[2025-02-25T23:06:15.451+0000] {processor.py:208} INFO - Processing /home/airflow/.local/lib/python3.12/site-packages/airflow/example_dags/example_external_task_marker_dag.py took 0.056 seconds
[2025-02-25T23:06:45.918+0000] {processor.py:186} INFO - Started process (PID=1291) to work on /home/airflow/.local/lib/python3.12/site-packages/airflow/example_dags/example_external_task_marker_dag.py
[2025-02-25T23:06:45.919+0000] {processor.py:914} INFO - Processing file /home/airflow/.local/lib/python3.12/site-packages/airflow/example_dags/example_external_task_marker_dag.py for tasks to queue
[2025-02-25T23:06:45.921+0000] {logging_mixin.py:190} INFO - [2025-02-25T23:06:45.920+0000] {dagbag.py:588} INFO - Filling up the DagBag from /home/airflow/.local/lib/python3.12/site-packages/airflow/example_dags/example_external_task_marker_dag.py
[2025-02-25T23:06:45.928+0000] {processor.py:925} INFO - DAG(s) 'example_external_task_marker_parent', 'example_external_task_marker_child' retrieved from /home/airflow/.local/lib/python3.12/site-packages/airflow/example_dags/example_external_task_marker_dag.py
[2025-02-25T23:06:45.948+0000] {logging_mixin.py:190} INFO - [2025-02-25T23:06:45.948+0000] {dag.py:3239} INFO - Sync 2 DAGs
[2025-02-25T23:06:45.962+0000] {logging_mixin.py:190} INFO - [2025-02-25T23:06:45.962+0000] {dag.py:4180} INFO - Setting next_dagrun for example_external_task_marker_child to None, run_after=None
[2025-02-25T23:06:45.966+0000] {logging_mixin.py:190} INFO - [2025-02-25T23:06:45.966+0000] {dag.py:4180} INFO - Setting next_dagrun for example_external_task_marker_parent to None, run_after=None
[2025-02-25T23:06:45.980+0000] {processor.py:208} INFO - Processing /home/airflow/.local/lib/python3.12/site-packages/airflow/example_dags/example_external_task_marker_dag.py took 0.067 seconds
[2025-02-25T23:07:16.277+0000] {processor.py:186} INFO - Started process (PID=1355) to work on /home/airflow/.local/lib/python3.12/site-packages/airflow/example_dags/example_external_task_marker_dag.py
[2025-02-25T23:07:16.277+0000] {processor.py:914} INFO - Processing file /home/airflow/.local/lib/python3.12/site-packages/airflow/example_dags/example_external_task_marker_dag.py for tasks to queue
[2025-02-25T23:07:16.279+0000] {logging_mixin.py:190} INFO - [2025-02-25T23:07:16.279+0000] {dagbag.py:588} INFO - Filling up the DagBag from /home/airflow/.local/lib/python3.12/site-packages/airflow/example_dags/example_external_task_marker_dag.py
[2025-02-25T23:07:16.285+0000] {processor.py:925} INFO - DAG(s) 'example_external_task_marker_child', 'example_external_task_marker_parent' retrieved from /home/airflow/.local/lib/python3.12/site-packages/airflow/example_dags/example_external_task_marker_dag.py
[2025-02-25T23:07:16.301+0000] {logging_mixin.py:190} INFO - [2025-02-25T23:07:16.301+0000] {dag.py:3239} INFO - Sync 2 DAGs
[2025-02-25T23:07:16.313+0000] {logging_mixin.py:190} INFO - [2025-02-25T23:07:16.313+0000] {dag.py:4180} INFO - Setting next_dagrun for example_external_task_marker_child to None, run_after=None
[2025-02-25T23:07:16.316+0000] {logging_mixin.py:190} INFO - [2025-02-25T23:07:16.316+0000] {dag.py:4180} INFO - Setting next_dagrun for example_external_task_marker_parent to None, run_after=None
[2025-02-25T23:07:16.328+0000] {processor.py:208} INFO - Processing /home/airflow/.local/lib/python3.12/site-packages/airflow/example_dags/example_external_task_marker_dag.py took 0.056 seconds
[2025-02-25T23:07:46.530+0000] {processor.py:186} INFO - Started process (PID=1418) to work on /home/airflow/.local/lib/python3.12/site-packages/airflow/example_dags/example_external_task_marker_dag.py
[2025-02-25T23:07:46.531+0000] {processor.py:914} INFO - Processing file /home/airflow/.local/lib/python3.12/site-packages/airflow/example_dags/example_external_task_marker_dag.py for tasks to queue
[2025-02-25T23:07:46.534+0000] {logging_mixin.py:190} INFO - [2025-02-25T23:07:46.533+0000] {dagbag.py:588} INFO - Filling up the DagBag from /home/airflow/.local/lib/python3.12/site-packages/airflow/example_dags/example_external_task_marker_dag.py
[2025-02-25T23:07:46.540+0000] {processor.py:925} INFO - DAG(s) 'example_external_task_marker_child', 'example_external_task_marker_parent' retrieved from /home/airflow/.local/lib/python3.12/site-packages/airflow/example_dags/example_external_task_marker_dag.py
[2025-02-25T23:07:46.558+0000] {logging_mixin.py:190} INFO - [2025-02-25T23:07:46.558+0000] {dag.py:3239} INFO - Sync 2 DAGs
[2025-02-25T23:07:46.570+0000] {logging_mixin.py:190} INFO - [2025-02-25T23:07:46.570+0000] {dag.py:4180} INFO - Setting next_dagrun for example_external_task_marker_child to None, run_after=None
[2025-02-25T23:07:46.573+0000] {logging_mixin.py:190} INFO - [2025-02-25T23:07:46.573+0000] {dag.py:4180} INFO - Setting next_dagrun for example_external_task_marker_parent to None, run_after=None
[2025-02-25T23:07:46.585+0000] {processor.py:208} INFO - Processing /home/airflow/.local/lib/python3.12/site-packages/airflow/example_dags/example_external_task_marker_dag.py took 0.060 seconds
[2025-02-25T23:08:16.873+0000] {processor.py:186} INFO - Started process (PID=1482) to work on /home/airflow/.local/lib/python3.12/site-packages/airflow/example_dags/example_external_task_marker_dag.py
[2025-02-25T23:08:16.873+0000] {processor.py:914} INFO - Processing file /home/airflow/.local/lib/python3.12/site-packages/airflow/example_dags/example_external_task_marker_dag.py for tasks to queue
[2025-02-25T23:08:16.875+0000] {logging_mixin.py:190} INFO - [2025-02-25T23:08:16.875+0000] {dagbag.py:588} INFO - Filling up the DagBag from /home/airflow/.local/lib/python3.12/site-packages/airflow/example_dags/example_external_task_marker_dag.py
[2025-02-25T23:08:16.880+0000] {processor.py:925} INFO - DAG(s) 'example_external_task_marker_parent', 'example_external_task_marker_child' retrieved from /home/airflow/.local/lib/python3.12/site-packages/airflow/example_dags/example_external_task_marker_dag.py
[2025-02-25T23:08:16.898+0000] {logging_mixin.py:190} INFO - [2025-02-25T23:08:16.898+0000] {dag.py:3239} INFO - Sync 2 DAGs
[2025-02-25T23:08:16.909+0000] {logging_mixin.py:190} INFO - [2025-02-25T23:08:16.909+0000] {dag.py:4180} INFO - Setting next_dagrun for example_external_task_marker_child to None, run_after=None
[2025-02-25T23:08:16.911+0000] {logging_mixin.py:190} INFO - [2025-02-25T23:08:16.911+0000] {dag.py:4180} INFO - Setting next_dagrun for example_external_task_marker_parent to None, run_after=None
[2025-02-25T23:08:16.922+0000] {processor.py:208} INFO - Processing /home/airflow/.local/lib/python3.12/site-packages/airflow/example_dags/example_external_task_marker_dag.py took 0.055 seconds
[2025-02-25T23:08:47.670+0000] {processor.py:186} INFO - Started process (PID=1547) to work on /home/airflow/.local/lib/python3.12/site-packages/airflow/example_dags/example_external_task_marker_dag.py
[2025-02-25T23:08:47.671+0000] {processor.py:914} INFO - Processing file /home/airflow/.local/lib/python3.12/site-packages/airflow/example_dags/example_external_task_marker_dag.py for tasks to queue
[2025-02-25T23:08:47.673+0000] {logging_mixin.py:190} INFO - [2025-02-25T23:08:47.673+0000] {dagbag.py:588} INFO - Filling up the DagBag from /home/airflow/.local/lib/python3.12/site-packages/airflow/example_dags/example_external_task_marker_dag.py
[2025-02-25T23:08:47.681+0000] {processor.py:925} INFO - DAG(s) 'example_external_task_marker_child', 'example_external_task_marker_parent' retrieved from /home/airflow/.local/lib/python3.12/site-packages/airflow/example_dags/example_external_task_marker_dag.py
[2025-02-25T23:08:47.702+0000] {logging_mixin.py:190} INFO - [2025-02-25T23:08:47.702+0000] {dag.py:3239} INFO - Sync 2 DAGs
[2025-02-25T23:08:47.715+0000] {logging_mixin.py:190} INFO - [2025-02-25T23:08:47.715+0000] {dag.py:4180} INFO - Setting next_dagrun for example_external_task_marker_child to None, run_after=None
[2025-02-25T23:08:47.718+0000] {logging_mixin.py:190} INFO - [2025-02-25T23:08:47.718+0000] {dag.py:4180} INFO - Setting next_dagrun for example_external_task_marker_parent to None, run_after=None
[2025-02-25T23:08:47.735+0000] {processor.py:208} INFO - Processing /home/airflow/.local/lib/python3.12/site-packages/airflow/example_dags/example_external_task_marker_dag.py took 0.069 seconds
[2025-02-25T23:09:17.759+0000] {processor.py:186} INFO - Started process (PID=1611) to work on /home/airflow/.local/lib/python3.12/site-packages/airflow/example_dags/example_external_task_marker_dag.py
[2025-02-25T23:09:17.760+0000] {processor.py:914} INFO - Processing file /home/airflow/.local/lib/python3.12/site-packages/airflow/example_dags/example_external_task_marker_dag.py for tasks to queue
[2025-02-25T23:09:17.761+0000] {logging_mixin.py:190} INFO - [2025-02-25T23:09:17.761+0000] {dagbag.py:588} INFO - Filling up the DagBag from /home/airflow/.local/lib/python3.12/site-packages/airflow/example_dags/example_external_task_marker_dag.py
[2025-02-25T23:09:17.768+0000] {processor.py:925} INFO - DAG(s) 'example_external_task_marker_parent', 'example_external_task_marker_child' retrieved from /home/airflow/.local/lib/python3.12/site-packages/airflow/example_dags/example_external_task_marker_dag.py
[2025-02-25T23:09:17.782+0000] {logging_mixin.py:190} INFO - [2025-02-25T23:09:17.782+0000] {dag.py:3239} INFO - Sync 2 DAGs
[2025-02-25T23:09:17.793+0000] {logging_mixin.py:190} INFO - [2025-02-25T23:09:17.793+0000] {dag.py:4180} INFO - Setting next_dagrun for example_external_task_marker_child to None, run_after=None
[2025-02-25T23:09:17.795+0000] {logging_mixin.py:190} INFO - [2025-02-25T23:09:17.795+0000] {dag.py:4180} INFO - Setting next_dagrun for example_external_task_marker_parent to None, run_after=None
[2025-02-25T23:09:17.806+0000] {processor.py:208} INFO - Processing /home/airflow/.local/lib/python3.12/site-packages/airflow/example_dags/example_external_task_marker_dag.py took 0.051 seconds
[2025-02-25T23:09:48.050+0000] {processor.py:186} INFO - Started process (PID=1674) to work on /home/airflow/.local/lib/python3.12/site-packages/airflow/example_dags/example_external_task_marker_dag.py
[2025-02-25T23:09:48.051+0000] {processor.py:914} INFO - Processing file /home/airflow/.local/lib/python3.12/site-packages/airflow/example_dags/example_external_task_marker_dag.py for tasks to queue
[2025-02-25T23:09:48.052+0000] {logging_mixin.py:190} INFO - [2025-02-25T23:09:48.051+0000] {dagbag.py:588} INFO - Filling up the DagBag from /home/airflow/.local/lib/python3.12/site-packages/airflow/example_dags/example_external_task_marker_dag.py
[2025-02-25T23:09:48.058+0000] {processor.py:925} INFO - DAG(s) 'example_external_task_marker_child', 'example_external_task_marker_parent' retrieved from /home/airflow/.local/lib/python3.12/site-packages/airflow/example_dags/example_external_task_marker_dag.py
[2025-02-25T23:09:48.072+0000] {logging_mixin.py:190} INFO - [2025-02-25T23:09:48.072+0000] {dag.py:3239} INFO - Sync 2 DAGs
[2025-02-25T23:09:48.083+0000] {logging_mixin.py:190} INFO - [2025-02-25T23:09:48.083+0000] {dag.py:4180} INFO - Setting next_dagrun for example_external_task_marker_child to None, run_after=None
[2025-02-25T23:09:48.085+0000] {logging_mixin.py:190} INFO - [2025-02-25T23:09:48.085+0000] {dag.py:4180} INFO - Setting next_dagrun for example_external_task_marker_parent to None, run_after=None
[2025-02-25T23:09:48.096+0000] {processor.py:208} INFO - Processing /home/airflow/.local/lib/python3.12/site-packages/airflow/example_dags/example_external_task_marker_dag.py took 0.050 seconds
[2025-02-25T23:10:18.924+0000] {processor.py:186} INFO - Started process (PID=1737) to work on /home/airflow/.local/lib/python3.12/site-packages/airflow/example_dags/example_external_task_marker_dag.py
[2025-02-25T23:10:18.926+0000] {processor.py:914} INFO - Processing file /home/airflow/.local/lib/python3.12/site-packages/airflow/example_dags/example_external_task_marker_dag.py for tasks to queue
[2025-02-25T23:10:18.927+0000] {logging_mixin.py:190} INFO - [2025-02-25T23:10:18.927+0000] {dagbag.py:588} INFO - Filling up the DagBag from /home/airflow/.local/lib/python3.12/site-packages/airflow/example_dags/example_external_task_marker_dag.py
[2025-02-25T23:10:18.935+0000] {processor.py:925} INFO - DAG(s) 'example_external_task_marker_parent', 'example_external_task_marker_child' retrieved from /home/airflow/.local/lib/python3.12/site-packages/airflow/example_dags/example_external_task_marker_dag.py
[2025-02-25T23:10:18.958+0000] {logging_mixin.py:190} INFO - [2025-02-25T23:10:18.958+0000] {dag.py:3239} INFO - Sync 2 DAGs
[2025-02-25T23:10:18.973+0000] {logging_mixin.py:190} INFO - [2025-02-25T23:10:18.973+0000] {dag.py:4180} INFO - Setting next_dagrun for example_external_task_marker_child to None, run_after=None
[2025-02-25T23:10:18.977+0000] {logging_mixin.py:190} INFO - [2025-02-25T23:10:18.976+0000] {dag.py:4180} INFO - Setting next_dagrun for example_external_task_marker_parent to None, run_after=None
[2025-02-25T23:10:18.999+0000] {processor.py:208} INFO - Processing /home/airflow/.local/lib/python3.12/site-packages/airflow/example_dags/example_external_task_marker_dag.py took 0.082 seconds
[2025-02-25T23:10:49.384+0000] {processor.py:186} INFO - Started process (PID=1800) to work on /home/airflow/.local/lib/python3.12/site-packages/airflow/example_dags/example_external_task_marker_dag.py
[2025-02-25T23:10:49.384+0000] {processor.py:914} INFO - Processing file /home/airflow/.local/lib/python3.12/site-packages/airflow/example_dags/example_external_task_marker_dag.py for tasks to queue
[2025-02-25T23:10:49.385+0000] {logging_mixin.py:190} INFO - [2025-02-25T23:10:49.385+0000] {dagbag.py:588} INFO - Filling up the DagBag from /home/airflow/.local/lib/python3.12/site-packages/airflow/example_dags/example_external_task_marker_dag.py
[2025-02-25T23:10:49.391+0000] {processor.py:925} INFO - DAG(s) 'example_external_task_marker_child', 'example_external_task_marker_parent' retrieved from /home/airflow/.local/lib/python3.12/site-packages/airflow/example_dags/example_external_task_marker_dag.py
[2025-02-25T23:10:49.405+0000] {logging_mixin.py:190} INFO - [2025-02-25T23:10:49.405+0000] {dag.py:3239} INFO - Sync 2 DAGs
[2025-02-25T23:10:49.418+0000] {logging_mixin.py:190} INFO - [2025-02-25T23:10:49.417+0000] {dag.py:4180} INFO - Setting next_dagrun for example_external_task_marker_child to None, run_after=None
[2025-02-25T23:10:49.420+0000] {logging_mixin.py:190} INFO - [2025-02-25T23:10:49.420+0000] {dag.py:4180} INFO - Setting next_dagrun for example_external_task_marker_parent to None, run_after=None
[2025-02-25T23:10:49.438+0000] {processor.py:208} INFO - Processing /home/airflow/.local/lib/python3.12/site-packages/airflow/example_dags/example_external_task_marker_dag.py took 0.058 seconds
[2025-02-25T23:11:49.761+0000] {processor.py:186} INFO - Started process (PID=66) to work on /home/airflow/.local/lib/python3.12/site-packages/airflow/example_dags/example_external_task_marker_dag.py
[2025-02-25T23:11:49.762+0000] {processor.py:914} INFO - Processing file /home/airflow/.local/lib/python3.12/site-packages/airflow/example_dags/example_external_task_marker_dag.py for tasks to queue
[2025-02-25T23:11:49.764+0000] {logging_mixin.py:190} INFO - [2025-02-25T23:11:49.764+0000] {dagbag.py:588} INFO - Filling up the DagBag from /home/airflow/.local/lib/python3.12/site-packages/airflow/example_dags/example_external_task_marker_dag.py
[2025-02-25T23:11:49.770+0000] {processor.py:925} INFO - DAG(s) 'example_external_task_marker_child', 'example_external_task_marker_parent' retrieved from /home/airflow/.local/lib/python3.12/site-packages/airflow/example_dags/example_external_task_marker_dag.py
[2025-02-25T23:11:49.787+0000] {logging_mixin.py:190} INFO - [2025-02-25T23:11:49.786+0000] {dag.py:3239} INFO - Sync 2 DAGs
[2025-02-25T23:11:49.800+0000] {logging_mixin.py:190} INFO - [2025-02-25T23:11:49.800+0000] {dag.py:4180} INFO - Setting next_dagrun for example_external_task_marker_child to None, run_after=None
[2025-02-25T23:11:49.803+0000] {logging_mixin.py:190} INFO - [2025-02-25T23:11:49.803+0000] {dag.py:4180} INFO - Setting next_dagrun for example_external_task_marker_parent to None, run_after=None
[2025-02-25T23:11:49.814+0000] {processor.py:208} INFO - Processing /home/airflow/.local/lib/python3.12/site-packages/airflow/example_dags/example_external_task_marker_dag.py took 0.058 seconds
[2025-02-25T23:12:20.648+0000] {processor.py:186} INFO - Started process (PID=130) to work on /home/airflow/.local/lib/python3.12/site-packages/airflow/example_dags/example_external_task_marker_dag.py
[2025-02-25T23:12:20.649+0000] {processor.py:914} INFO - Processing file /home/airflow/.local/lib/python3.12/site-packages/airflow/example_dags/example_external_task_marker_dag.py for tasks to queue
[2025-02-25T23:12:20.650+0000] {logging_mixin.py:190} INFO - [2025-02-25T23:12:20.650+0000] {dagbag.py:588} INFO - Filling up the DagBag from /home/airflow/.local/lib/python3.12/site-packages/airflow/example_dags/example_external_task_marker_dag.py
[2025-02-25T23:12:20.656+0000] {processor.py:925} INFO - DAG(s) 'example_external_task_marker_parent', 'example_external_task_marker_child' retrieved from /home/airflow/.local/lib/python3.12/site-packages/airflow/example_dags/example_external_task_marker_dag.py
[2025-02-25T23:12:20.673+0000] {logging_mixin.py:190} INFO - [2025-02-25T23:12:20.672+0000] {dag.py:3239} INFO - Sync 2 DAGs
[2025-02-25T23:12:20.686+0000] {logging_mixin.py:190} INFO - [2025-02-25T23:12:20.685+0000] {dag.py:4180} INFO - Setting next_dagrun for example_external_task_marker_child to None, run_after=None
[2025-02-25T23:12:20.688+0000] {logging_mixin.py:190} INFO - [2025-02-25T23:12:20.688+0000] {dag.py:4180} INFO - Setting next_dagrun for example_external_task_marker_parent to None, run_after=None
[2025-02-25T23:12:20.699+0000] {processor.py:208} INFO - Processing /home/airflow/.local/lib/python3.12/site-packages/airflow/example_dags/example_external_task_marker_dag.py took 0.055 seconds
[2025-02-25T23:12:51.001+0000] {processor.py:186} INFO - Started process (PID=194) to work on /home/airflow/.local/lib/python3.12/site-packages/airflow/example_dags/example_external_task_marker_dag.py
[2025-02-25T23:12:51.002+0000] {processor.py:914} INFO - Processing file /home/airflow/.local/lib/python3.12/site-packages/airflow/example_dags/example_external_task_marker_dag.py for tasks to queue
[2025-02-25T23:12:51.004+0000] {logging_mixin.py:190} INFO - [2025-02-25T23:12:51.003+0000] {dagbag.py:588} INFO - Filling up the DagBag from /home/airflow/.local/lib/python3.12/site-packages/airflow/example_dags/example_external_task_marker_dag.py
[2025-02-25T23:12:51.009+0000] {processor.py:925} INFO - DAG(s) 'example_external_task_marker_parent', 'example_external_task_marker_child' retrieved from /home/airflow/.local/lib/python3.12/site-packages/airflow/example_dags/example_external_task_marker_dag.py
[2025-02-25T23:12:51.025+0000] {logging_mixin.py:190} INFO - [2025-02-25T23:12:51.024+0000] {dag.py:3239} INFO - Sync 2 DAGs
[2025-02-25T23:12:51.036+0000] {logging_mixin.py:190} INFO - [2025-02-25T23:12:51.035+0000] {dag.py:4180} INFO - Setting next_dagrun for example_external_task_marker_child to None, run_after=None
[2025-02-25T23:12:51.039+0000] {logging_mixin.py:190} INFO - [2025-02-25T23:12:51.039+0000] {dag.py:4180} INFO - Setting next_dagrun for example_external_task_marker_parent to None, run_after=None
[2025-02-25T23:12:51.050+0000] {processor.py:208} INFO - Processing /home/airflow/.local/lib/python3.12/site-packages/airflow/example_dags/example_external_task_marker_dag.py took 0.052 seconds
[2025-02-25T23:13:21.340+0000] {processor.py:186} INFO - Started process (PID=258) to work on /home/airflow/.local/lib/python3.12/site-packages/airflow/example_dags/example_external_task_marker_dag.py
[2025-02-25T23:13:21.341+0000] {processor.py:914} INFO - Processing file /home/airflow/.local/lib/python3.12/site-packages/airflow/example_dags/example_external_task_marker_dag.py for tasks to queue
[2025-02-25T23:13:21.342+0000] {logging_mixin.py:190} INFO - [2025-02-25T23:13:21.342+0000] {dagbag.py:588} INFO - Filling up the DagBag from /home/airflow/.local/lib/python3.12/site-packages/airflow/example_dags/example_external_task_marker_dag.py
[2025-02-25T23:13:21.348+0000] {processor.py:925} INFO - DAG(s) 'example_external_task_marker_parent', 'example_external_task_marker_child' retrieved from /home/airflow/.local/lib/python3.12/site-packages/airflow/example_dags/example_external_task_marker_dag.py
[2025-02-25T23:13:21.364+0000] {logging_mixin.py:190} INFO - [2025-02-25T23:13:21.364+0000] {dag.py:3239} INFO - Sync 2 DAGs
[2025-02-25T23:13:21.376+0000] {logging_mixin.py:190} INFO - [2025-02-25T23:13:21.376+0000] {dag.py:4180} INFO - Setting next_dagrun for example_external_task_marker_child to None, run_after=None
[2025-02-25T23:13:21.380+0000] {logging_mixin.py:190} INFO - [2025-02-25T23:13:21.380+0000] {dag.py:4180} INFO - Setting next_dagrun for example_external_task_marker_parent to None, run_after=None
[2025-02-25T23:13:21.394+0000] {processor.py:208} INFO - Processing /home/airflow/.local/lib/python3.12/site-packages/airflow/example_dags/example_external_task_marker_dag.py took 0.058 seconds
[2025-02-25T23:13:51.804+0000] {processor.py:186} INFO - Started process (PID=322) to work on /home/airflow/.local/lib/python3.12/site-packages/airflow/example_dags/example_external_task_marker_dag.py
[2025-02-25T23:13:51.805+0000] {processor.py:914} INFO - Processing file /home/airflow/.local/lib/python3.12/site-packages/airflow/example_dags/example_external_task_marker_dag.py for tasks to queue
[2025-02-25T23:13:51.806+0000] {logging_mixin.py:190} INFO - [2025-02-25T23:13:51.806+0000] {dagbag.py:588} INFO - Filling up the DagBag from /home/airflow/.local/lib/python3.12/site-packages/airflow/example_dags/example_external_task_marker_dag.py
[2025-02-25T23:13:51.811+0000] {processor.py:925} INFO - DAG(s) 'example_external_task_marker_child', 'example_external_task_marker_parent' retrieved from /home/airflow/.local/lib/python3.12/site-packages/airflow/example_dags/example_external_task_marker_dag.py
[2025-02-25T23:13:51.826+0000] {logging_mixin.py:190} INFO - [2025-02-25T23:13:51.825+0000] {dag.py:3239} INFO - Sync 2 DAGs
[2025-02-25T23:13:51.836+0000] {logging_mixin.py:190} INFO - [2025-02-25T23:13:51.836+0000] {dag.py:4180} INFO - Setting next_dagrun for example_external_task_marker_child to None, run_after=None
[2025-02-25T23:13:51.839+0000] {logging_mixin.py:190} INFO - [2025-02-25T23:13:51.839+0000] {dag.py:4180} INFO - Setting next_dagrun for example_external_task_marker_parent to None, run_after=None
[2025-02-25T23:13:51.849+0000] {processor.py:208} INFO - Processing /home/airflow/.local/lib/python3.12/site-packages/airflow/example_dags/example_external_task_marker_dag.py took 0.049 seconds
[2025-02-25T23:14:22.242+0000] {processor.py:186} INFO - Started process (PID=386) to work on /home/airflow/.local/lib/python3.12/site-packages/airflow/example_dags/example_external_task_marker_dag.py
[2025-02-25T23:14:22.243+0000] {processor.py:914} INFO - Processing file /home/airflow/.local/lib/python3.12/site-packages/airflow/example_dags/example_external_task_marker_dag.py for tasks to queue
[2025-02-25T23:14:22.244+0000] {logging_mixin.py:190} INFO - [2025-02-25T23:14:22.244+0000] {dagbag.py:588} INFO - Filling up the DagBag from /home/airflow/.local/lib/python3.12/site-packages/airflow/example_dags/example_external_task_marker_dag.py
[2025-02-25T23:14:22.250+0000] {processor.py:925} INFO - DAG(s) 'example_external_task_marker_child', 'example_external_task_marker_parent' retrieved from /home/airflow/.local/lib/python3.12/site-packages/airflow/example_dags/example_external_task_marker_dag.py
[2025-02-25T23:14:22.265+0000] {logging_mixin.py:190} INFO - [2025-02-25T23:14:22.264+0000] {dag.py:3239} INFO - Sync 2 DAGs
[2025-02-25T23:14:22.275+0000] {logging_mixin.py:190} INFO - [2025-02-25T23:14:22.275+0000] {dag.py:4180} INFO - Setting next_dagrun for example_external_task_marker_child to None, run_after=None
[2025-02-25T23:14:22.278+0000] {logging_mixin.py:190} INFO - [2025-02-25T23:14:22.278+0000] {dag.py:4180} INFO - Setting next_dagrun for example_external_task_marker_parent to None, run_after=None
[2025-02-25T23:14:22.290+0000] {processor.py:208} INFO - Processing /home/airflow/.local/lib/python3.12/site-packages/airflow/example_dags/example_external_task_marker_dag.py took 0.052 seconds
[2025-02-25T23:14:52.576+0000] {processor.py:186} INFO - Started process (PID=449) to work on /home/airflow/.local/lib/python3.12/site-packages/airflow/example_dags/example_external_task_marker_dag.py
[2025-02-25T23:14:52.576+0000] {processor.py:914} INFO - Processing file /home/airflow/.local/lib/python3.12/site-packages/airflow/example_dags/example_external_task_marker_dag.py for tasks to queue
[2025-02-25T23:14:52.578+0000] {logging_mixin.py:190} INFO - [2025-02-25T23:14:52.578+0000] {dagbag.py:588} INFO - Filling up the DagBag from /home/airflow/.local/lib/python3.12/site-packages/airflow/example_dags/example_external_task_marker_dag.py
[2025-02-25T23:14:52.583+0000] {processor.py:925} INFO - DAG(s) 'example_external_task_marker_parent', 'example_external_task_marker_child' retrieved from /home/airflow/.local/lib/python3.12/site-packages/airflow/example_dags/example_external_task_marker_dag.py
[2025-02-25T23:14:52.598+0000] {logging_mixin.py:190} INFO - [2025-02-25T23:14:52.598+0000] {dag.py:3239} INFO - Sync 2 DAGs
[2025-02-25T23:14:52.610+0000] {logging_mixin.py:190} INFO - [2025-02-25T23:14:52.609+0000] {dag.py:4180} INFO - Setting next_dagrun for example_external_task_marker_child to None, run_after=None
[2025-02-25T23:14:52.612+0000] {logging_mixin.py:190} INFO - [2025-02-25T23:14:52.612+0000] {dag.py:4180} INFO - Setting next_dagrun for example_external_task_marker_parent to None, run_after=None
[2025-02-25T23:14:52.624+0000] {processor.py:208} INFO - Processing /home/airflow/.local/lib/python3.12/site-packages/airflow/example_dags/example_external_task_marker_dag.py took 0.053 seconds
[2025-02-25T23:15:23.043+0000] {processor.py:186} INFO - Started process (PID=513) to work on /home/airflow/.local/lib/python3.12/site-packages/airflow/example_dags/example_external_task_marker_dag.py
[2025-02-25T23:15:23.044+0000] {processor.py:914} INFO - Processing file /home/airflow/.local/lib/python3.12/site-packages/airflow/example_dags/example_external_task_marker_dag.py for tasks to queue
[2025-02-25T23:15:23.045+0000] {logging_mixin.py:190} INFO - [2025-02-25T23:15:23.045+0000] {dagbag.py:588} INFO - Filling up the DagBag from /home/airflow/.local/lib/python3.12/site-packages/airflow/example_dags/example_external_task_marker_dag.py
[2025-02-25T23:15:23.052+0000] {processor.py:925} INFO - DAG(s) 'example_external_task_marker_parent', 'example_external_task_marker_child' retrieved from /home/airflow/.local/lib/python3.12/site-packages/airflow/example_dags/example_external_task_marker_dag.py
[2025-02-25T23:15:23.070+0000] {logging_mixin.py:190} INFO - [2025-02-25T23:15:23.070+0000] {dag.py:3239} INFO - Sync 2 DAGs
[2025-02-25T23:15:23.083+0000] {logging_mixin.py:190} INFO - [2025-02-25T23:15:23.082+0000] {dag.py:4180} INFO - Setting next_dagrun for example_external_task_marker_child to None, run_after=None
[2025-02-25T23:15:23.087+0000] {logging_mixin.py:190} INFO - [2025-02-25T23:15:23.087+0000] {dag.py:4180} INFO - Setting next_dagrun for example_external_task_marker_parent to None, run_after=None
[2025-02-25T23:15:23.099+0000] {processor.py:208} INFO - Processing /home/airflow/.local/lib/python3.12/site-packages/airflow/example_dags/example_external_task_marker_dag.py took 0.060 seconds
[2025-02-25T23:15:53.417+0000] {processor.py:186} INFO - Started process (PID=577) to work on /home/airflow/.local/lib/python3.12/site-packages/airflow/example_dags/example_external_task_marker_dag.py
[2025-02-25T23:15:53.417+0000] {processor.py:914} INFO - Processing file /home/airflow/.local/lib/python3.12/site-packages/airflow/example_dags/example_external_task_marker_dag.py for tasks to queue
[2025-02-25T23:15:53.419+0000] {logging_mixin.py:190} INFO - [2025-02-25T23:15:53.419+0000] {dagbag.py:588} INFO - Filling up the DagBag from /home/airflow/.local/lib/python3.12/site-packages/airflow/example_dags/example_external_task_marker_dag.py
[2025-02-25T23:15:53.424+0000] {processor.py:925} INFO - DAG(s) 'example_external_task_marker_parent', 'example_external_task_marker_child' retrieved from /home/airflow/.local/lib/python3.12/site-packages/airflow/example_dags/example_external_task_marker_dag.py
[2025-02-25T23:15:53.439+0000] {logging_mixin.py:190} INFO - [2025-02-25T23:15:53.439+0000] {dag.py:3239} INFO - Sync 2 DAGs
[2025-02-25T23:15:53.450+0000] {logging_mixin.py:190} INFO - [2025-02-25T23:15:53.450+0000] {dag.py:4180} INFO - Setting next_dagrun for example_external_task_marker_child to None, run_after=None
[2025-02-25T23:15:53.453+0000] {logging_mixin.py:190} INFO - [2025-02-25T23:15:53.453+0000] {dag.py:4180} INFO - Setting next_dagrun for example_external_task_marker_parent to None, run_after=None
[2025-02-25T23:15:53.464+0000] {processor.py:208} INFO - Processing /home/airflow/.local/lib/python3.12/site-packages/airflow/example_dags/example_external_task_marker_dag.py took 0.051 seconds
[2025-02-25T23:16:23.958+0000] {processor.py:186} INFO - Started process (PID=641) to work on /home/airflow/.local/lib/python3.12/site-packages/airflow/example_dags/example_external_task_marker_dag.py
[2025-02-25T23:16:23.959+0000] {processor.py:914} INFO - Processing file /home/airflow/.local/lib/python3.12/site-packages/airflow/example_dags/example_external_task_marker_dag.py for tasks to queue
[2025-02-25T23:16:23.965+0000] {logging_mixin.py:190} INFO - [2025-02-25T23:16:23.964+0000] {dagbag.py:588} INFO - Filling up the DagBag from /home/airflow/.local/lib/python3.12/site-packages/airflow/example_dags/example_external_task_marker_dag.py
[2025-02-25T23:16:23.973+0000] {processor.py:925} INFO - DAG(s) 'example_external_task_marker_parent', 'example_external_task_marker_child' retrieved from /home/airflow/.local/lib/python3.12/site-packages/airflow/example_dags/example_external_task_marker_dag.py
[2025-02-25T23:16:24.003+0000] {logging_mixin.py:190} INFO - [2025-02-25T23:16:24.002+0000] {dag.py:3239} INFO - Sync 2 DAGs
[2025-02-25T23:16:24.022+0000] {logging_mixin.py:190} INFO - [2025-02-25T23:16:24.021+0000] {dag.py:4180} INFO - Setting next_dagrun for example_external_task_marker_child to None, run_after=None
[2025-02-25T23:16:24.025+0000] {logging_mixin.py:190} INFO - [2025-02-25T23:16:24.025+0000] {dag.py:4180} INFO - Setting next_dagrun for example_external_task_marker_parent to None, run_after=None
[2025-02-25T23:16:24.042+0000] {processor.py:208} INFO - Processing /home/airflow/.local/lib/python3.12/site-packages/airflow/example_dags/example_external_task_marker_dag.py took 0.090 seconds
[2025-02-25T23:16:54.080+0000] {processor.py:186} INFO - Started process (PID=704) to work on /home/airflow/.local/lib/python3.12/site-packages/airflow/example_dags/example_external_task_marker_dag.py
[2025-02-25T23:16:54.080+0000] {processor.py:914} INFO - Processing file /home/airflow/.local/lib/python3.12/site-packages/airflow/example_dags/example_external_task_marker_dag.py for tasks to queue
[2025-02-25T23:16:54.082+0000] {logging_mixin.py:190} INFO - [2025-02-25T23:16:54.082+0000] {dagbag.py:588} INFO - Filling up the DagBag from /home/airflow/.local/lib/python3.12/site-packages/airflow/example_dags/example_external_task_marker_dag.py
[2025-02-25T23:16:54.087+0000] {processor.py:925} INFO - DAG(s) 'example_external_task_marker_parent', 'example_external_task_marker_child' retrieved from /home/airflow/.local/lib/python3.12/site-packages/airflow/example_dags/example_external_task_marker_dag.py
[2025-02-25T23:16:54.102+0000] {logging_mixin.py:190} INFO - [2025-02-25T23:16:54.102+0000] {dag.py:3239} INFO - Sync 2 DAGs
[2025-02-25T23:16:54.112+0000] {logging_mixin.py:190} INFO - [2025-02-25T23:16:54.112+0000] {dag.py:4180} INFO - Setting next_dagrun for example_external_task_marker_child to None, run_after=None
[2025-02-25T23:16:54.115+0000] {logging_mixin.py:190} INFO - [2025-02-25T23:16:54.115+0000] {dag.py:4180} INFO - Setting next_dagrun for example_external_task_marker_parent to None, run_after=None
[2025-02-25T23:16:54.127+0000] {processor.py:208} INFO - Processing /home/airflow/.local/lib/python3.12/site-packages/airflow/example_dags/example_external_task_marker_dag.py took 0.051 seconds
[2025-02-25T23:17:24.536+0000] {processor.py:186} INFO - Started process (PID=768) to work on /home/airflow/.local/lib/python3.12/site-packages/airflow/example_dags/example_external_task_marker_dag.py
[2025-02-25T23:17:24.537+0000] {processor.py:914} INFO - Processing file /home/airflow/.local/lib/python3.12/site-packages/airflow/example_dags/example_external_task_marker_dag.py for tasks to queue
[2025-02-25T23:17:24.539+0000] {logging_mixin.py:190} INFO - [2025-02-25T23:17:24.538+0000] {dagbag.py:588} INFO - Filling up the DagBag from /home/airflow/.local/lib/python3.12/site-packages/airflow/example_dags/example_external_task_marker_dag.py
[2025-02-25T23:17:24.544+0000] {processor.py:925} INFO - DAG(s) 'example_external_task_marker_parent', 'example_external_task_marker_child' retrieved from /home/airflow/.local/lib/python3.12/site-packages/airflow/example_dags/example_external_task_marker_dag.py
[2025-02-25T23:17:24.560+0000] {logging_mixin.py:190} INFO - [2025-02-25T23:17:24.559+0000] {dag.py:3239} INFO - Sync 2 DAGs
[2025-02-25T23:17:24.570+0000] {logging_mixin.py:190} INFO - [2025-02-25T23:17:24.570+0000] {dag.py:4180} INFO - Setting next_dagrun for example_external_task_marker_child to None, run_after=None
[2025-02-25T23:17:24.573+0000] {logging_mixin.py:190} INFO - [2025-02-25T23:17:24.572+0000] {dag.py:4180} INFO - Setting next_dagrun for example_external_task_marker_parent to None, run_after=None
[2025-02-25T23:17:24.584+0000] {processor.py:208} INFO - Processing /home/airflow/.local/lib/python3.12/site-packages/airflow/example_dags/example_external_task_marker_dag.py took 0.051 seconds
[2025-02-25T23:17:55.165+0000] {processor.py:186} INFO - Started process (PID=832) to work on /home/airflow/.local/lib/python3.12/site-packages/airflow/example_dags/example_external_task_marker_dag.py
[2025-02-25T23:17:55.166+0000] {processor.py:914} INFO - Processing file /home/airflow/.local/lib/python3.12/site-packages/airflow/example_dags/example_external_task_marker_dag.py for tasks to queue
[2025-02-25T23:17:55.168+0000] {logging_mixin.py:190} INFO - [2025-02-25T23:17:55.168+0000] {dagbag.py:588} INFO - Filling up the DagBag from /home/airflow/.local/lib/python3.12/site-packages/airflow/example_dags/example_external_task_marker_dag.py
[2025-02-25T23:17:55.174+0000] {processor.py:925} INFO - DAG(s) 'example_external_task_marker_parent', 'example_external_task_marker_child' retrieved from /home/airflow/.local/lib/python3.12/site-packages/airflow/example_dags/example_external_task_marker_dag.py
[2025-02-25T23:17:55.188+0000] {logging_mixin.py:190} INFO - [2025-02-25T23:17:55.188+0000] {dag.py:3239} INFO - Sync 2 DAGs
[2025-02-25T23:17:55.199+0000] {logging_mixin.py:190} INFO - [2025-02-25T23:17:55.199+0000] {dag.py:4180} INFO - Setting next_dagrun for example_external_task_marker_child to None, run_after=None
[2025-02-25T23:17:55.203+0000] {logging_mixin.py:190} INFO - [2025-02-25T23:17:55.202+0000] {dag.py:4180} INFO - Setting next_dagrun for example_external_task_marker_parent to None, run_after=None
[2025-02-25T23:17:55.214+0000] {processor.py:208} INFO - Processing /home/airflow/.local/lib/python3.12/site-packages/airflow/example_dags/example_external_task_marker_dag.py took 0.053 seconds
[2025-02-25T23:18:25.900+0000] {processor.py:186} INFO - Started process (PID=896) to work on /home/airflow/.local/lib/python3.12/site-packages/airflow/example_dags/example_external_task_marker_dag.py
[2025-02-25T23:18:25.901+0000] {processor.py:914} INFO - Processing file /home/airflow/.local/lib/python3.12/site-packages/airflow/example_dags/example_external_task_marker_dag.py for tasks to queue
[2025-02-25T23:18:25.902+0000] {logging_mixin.py:190} INFO - [2025-02-25T23:18:25.902+0000] {dagbag.py:588} INFO - Filling up the DagBag from /home/airflow/.local/lib/python3.12/site-packages/airflow/example_dags/example_external_task_marker_dag.py
[2025-02-25T23:18:25.909+0000] {processor.py:925} INFO - DAG(s) 'example_external_task_marker_parent', 'example_external_task_marker_child' retrieved from /home/airflow/.local/lib/python3.12/site-packages/airflow/example_dags/example_external_task_marker_dag.py
[2025-02-25T23:18:25.925+0000] {logging_mixin.py:190} INFO - [2025-02-25T23:18:25.925+0000] {dag.py:3239} INFO - Sync 2 DAGs
[2025-02-25T23:18:25.937+0000] {logging_mixin.py:190} INFO - [2025-02-25T23:18:25.936+0000] {dag.py:4180} INFO - Setting next_dagrun for example_external_task_marker_child to None, run_after=None
[2025-02-25T23:18:25.939+0000] {logging_mixin.py:190} INFO - [2025-02-25T23:18:25.939+0000] {dag.py:4180} INFO - Setting next_dagrun for example_external_task_marker_parent to None, run_after=None
[2025-02-25T23:18:25.952+0000] {processor.py:208} INFO - Processing /home/airflow/.local/lib/python3.12/site-packages/airflow/example_dags/example_external_task_marker_dag.py took 0.057 seconds
[2025-02-25T23:18:56.771+0000] {processor.py:186} INFO - Started process (PID=960) to work on /home/airflow/.local/lib/python3.12/site-packages/airflow/example_dags/example_external_task_marker_dag.py
[2025-02-25T23:18:56.771+0000] {processor.py:914} INFO - Processing file /home/airflow/.local/lib/python3.12/site-packages/airflow/example_dags/example_external_task_marker_dag.py for tasks to queue
[2025-02-25T23:18:56.774+0000] {logging_mixin.py:190} INFO - [2025-02-25T23:18:56.773+0000] {dagbag.py:588} INFO - Filling up the DagBag from /home/airflow/.local/lib/python3.12/site-packages/airflow/example_dags/example_external_task_marker_dag.py
[2025-02-25T23:18:56.783+0000] {processor.py:925} INFO - DAG(s) 'example_external_task_marker_child', 'example_external_task_marker_parent' retrieved from /home/airflow/.local/lib/python3.12/site-packages/airflow/example_dags/example_external_task_marker_dag.py
[2025-02-25T23:18:56.801+0000] {logging_mixin.py:190} INFO - [2025-02-25T23:18:56.801+0000] {dag.py:3239} INFO - Sync 2 DAGs
[2025-02-25T23:18:56.815+0000] {logging_mixin.py:190} INFO - [2025-02-25T23:18:56.814+0000] {dag.py:4180} INFO - Setting next_dagrun for example_external_task_marker_child to None, run_after=None
[2025-02-25T23:18:56.818+0000] {logging_mixin.py:190} INFO - [2025-02-25T23:18:56.817+0000] {dag.py:4180} INFO - Setting next_dagrun for example_external_task_marker_parent to None, run_after=None
[2025-02-25T23:18:56.835+0000] {processor.py:208} INFO - Processing /home/airflow/.local/lib/python3.12/site-packages/airflow/example_dags/example_external_task_marker_dag.py took 0.070 seconds
[2025-02-25T23:19:26.923+0000] {processor.py:186} INFO - Started process (PID=1024) to work on /home/airflow/.local/lib/python3.12/site-packages/airflow/example_dags/example_external_task_marker_dag.py
[2025-02-25T23:19:26.924+0000] {processor.py:914} INFO - Processing file /home/airflow/.local/lib/python3.12/site-packages/airflow/example_dags/example_external_task_marker_dag.py for tasks to queue
[2025-02-25T23:19:26.925+0000] {logging_mixin.py:190} INFO - [2025-02-25T23:19:26.925+0000] {dagbag.py:588} INFO - Filling up the DagBag from /home/airflow/.local/lib/python3.12/site-packages/airflow/example_dags/example_external_task_marker_dag.py
[2025-02-25T23:19:26.931+0000] {processor.py:925} INFO - DAG(s) 'example_external_task_marker_child', 'example_external_task_marker_parent' retrieved from /home/airflow/.local/lib/python3.12/site-packages/airflow/example_dags/example_external_task_marker_dag.py
[2025-02-25T23:19:26.945+0000] {logging_mixin.py:190} INFO - [2025-02-25T23:19:26.945+0000] {dag.py:3239} INFO - Sync 2 DAGs
[2025-02-25T23:19:26.955+0000] {logging_mixin.py:190} INFO - [2025-02-25T23:19:26.955+0000] {dag.py:4180} INFO - Setting next_dagrun for example_external_task_marker_child to None, run_after=None
[2025-02-25T23:19:26.957+0000] {logging_mixin.py:190} INFO - [2025-02-25T23:19:26.957+0000] {dag.py:4180} INFO - Setting next_dagrun for example_external_task_marker_parent to None, run_after=None
[2025-02-25T23:19:26.968+0000] {processor.py:208} INFO - Processing /home/airflow/.local/lib/python3.12/site-packages/airflow/example_dags/example_external_task_marker_dag.py took 0.049 seconds
[2025-02-25T23:19:57.128+0000] {processor.py:186} INFO - Started process (PID=1088) to work on /home/airflow/.local/lib/python3.12/site-packages/airflow/example_dags/example_external_task_marker_dag.py
[2025-02-25T23:19:57.129+0000] {processor.py:914} INFO - Processing file /home/airflow/.local/lib/python3.12/site-packages/airflow/example_dags/example_external_task_marker_dag.py for tasks to queue
[2025-02-25T23:19:57.131+0000] {logging_mixin.py:190} INFO - [2025-02-25T23:19:57.131+0000] {dagbag.py:588} INFO - Filling up the DagBag from /home/airflow/.local/lib/python3.12/site-packages/airflow/example_dags/example_external_task_marker_dag.py
[2025-02-25T23:19:57.140+0000] {processor.py:925} INFO - DAG(s) 'example_external_task_marker_parent', 'example_external_task_marker_child' retrieved from /home/airflow/.local/lib/python3.12/site-packages/airflow/example_dags/example_external_task_marker_dag.py
[2025-02-25T23:19:57.161+0000] {logging_mixin.py:190} INFO - [2025-02-25T23:19:57.161+0000] {dag.py:3239} INFO - Sync 2 DAGs
[2025-02-25T23:19:57.174+0000] {logging_mixin.py:190} INFO - [2025-02-25T23:19:57.174+0000] {dag.py:4180} INFO - Setting next_dagrun for example_external_task_marker_child to None, run_after=None
[2025-02-25T23:19:57.177+0000] {logging_mixin.py:190} INFO - [2025-02-25T23:19:57.177+0000] {dag.py:4180} INFO - Setting next_dagrun for example_external_task_marker_parent to None, run_after=None
[2025-02-25T23:19:57.189+0000] {processor.py:208} INFO - Processing /home/airflow/.local/lib/python3.12/site-packages/airflow/example_dags/example_external_task_marker_dag.py took 0.067 seconds
[2025-02-25T23:20:28.143+0000] {processor.py:186} INFO - Started process (PID=1152) to work on /home/airflow/.local/lib/python3.12/site-packages/airflow/example_dags/example_external_task_marker_dag.py
[2025-02-25T23:20:28.144+0000] {processor.py:914} INFO - Processing file /home/airflow/.local/lib/python3.12/site-packages/airflow/example_dags/example_external_task_marker_dag.py for tasks to queue
[2025-02-25T23:20:28.145+0000] {logging_mixin.py:190} INFO - [2025-02-25T23:20:28.145+0000] {dagbag.py:588} INFO - Filling up the DagBag from /home/airflow/.local/lib/python3.12/site-packages/airflow/example_dags/example_external_task_marker_dag.py
[2025-02-25T23:20:28.150+0000] {processor.py:925} INFO - DAG(s) 'example_external_task_marker_child', 'example_external_task_marker_parent' retrieved from /home/airflow/.local/lib/python3.12/site-packages/airflow/example_dags/example_external_task_marker_dag.py
[2025-02-25T23:20:28.165+0000] {logging_mixin.py:190} INFO - [2025-02-25T23:20:28.165+0000] {dag.py:3239} INFO - Sync 2 DAGs
[2025-02-25T23:20:28.176+0000] {logging_mixin.py:190} INFO - [2025-02-25T23:20:28.176+0000] {dag.py:4180} INFO - Setting next_dagrun for example_external_task_marker_child to None, run_after=None
[2025-02-25T23:20:28.179+0000] {logging_mixin.py:190} INFO - [2025-02-25T23:20:28.179+0000] {dag.py:4180} INFO - Setting next_dagrun for example_external_task_marker_parent to None, run_after=None
[2025-02-25T23:20:28.190+0000] {processor.py:208} INFO - Processing /home/airflow/.local/lib/python3.12/site-packages/airflow/example_dags/example_external_task_marker_dag.py took 0.051 seconds
[2025-02-25T23:20:58.504+0000] {processor.py:186} INFO - Started process (PID=1216) to work on /home/airflow/.local/lib/python3.12/site-packages/airflow/example_dags/example_external_task_marker_dag.py
[2025-02-25T23:20:58.505+0000] {processor.py:914} INFO - Processing file /home/airflow/.local/lib/python3.12/site-packages/airflow/example_dags/example_external_task_marker_dag.py for tasks to queue
[2025-02-25T23:20:58.506+0000] {logging_mixin.py:190} INFO - [2025-02-25T23:20:58.506+0000] {dagbag.py:588} INFO - Filling up the DagBag from /home/airflow/.local/lib/python3.12/site-packages/airflow/example_dags/example_external_task_marker_dag.py
[2025-02-25T23:20:58.512+0000] {processor.py:925} INFO - DAG(s) 'example_external_task_marker_child', 'example_external_task_marker_parent' retrieved from /home/airflow/.local/lib/python3.12/site-packages/airflow/example_dags/example_external_task_marker_dag.py
[2025-02-25T23:20:58.526+0000] {logging_mixin.py:190} INFO - [2025-02-25T23:20:58.526+0000] {dag.py:3239} INFO - Sync 2 DAGs
[2025-02-25T23:20:58.537+0000] {logging_mixin.py:190} INFO - [2025-02-25T23:20:58.537+0000] {dag.py:4180} INFO - Setting next_dagrun for example_external_task_marker_child to None, run_after=None
[2025-02-25T23:20:58.540+0000] {logging_mixin.py:190} INFO - [2025-02-25T23:20:58.540+0000] {dag.py:4180} INFO - Setting next_dagrun for example_external_task_marker_parent to None, run_after=None
[2025-02-25T23:20:58.551+0000] {processor.py:208} INFO - Processing /home/airflow/.local/lib/python3.12/site-packages/airflow/example_dags/example_external_task_marker_dag.py took 0.050 seconds
[2025-02-25T23:21:29.280+0000] {processor.py:186} INFO - Started process (PID=1280) to work on /home/airflow/.local/lib/python3.12/site-packages/airflow/example_dags/example_external_task_marker_dag.py
[2025-02-25T23:21:29.281+0000] {processor.py:914} INFO - Processing file /home/airflow/.local/lib/python3.12/site-packages/airflow/example_dags/example_external_task_marker_dag.py for tasks to queue
[2025-02-25T23:21:29.282+0000] {logging_mixin.py:190} INFO - [2025-02-25T23:21:29.282+0000] {dagbag.py:588} INFO - Filling up the DagBag from /home/airflow/.local/lib/python3.12/site-packages/airflow/example_dags/example_external_task_marker_dag.py
[2025-02-25T23:21:29.288+0000] {processor.py:925} INFO - DAG(s) 'example_external_task_marker_child', 'example_external_task_marker_parent' retrieved from /home/airflow/.local/lib/python3.12/site-packages/airflow/example_dags/example_external_task_marker_dag.py
[2025-02-25T23:21:29.303+0000] {logging_mixin.py:190} INFO - [2025-02-25T23:21:29.303+0000] {dag.py:3239} INFO - Sync 2 DAGs
[2025-02-25T23:21:29.313+0000] {logging_mixin.py:190} INFO - [2025-02-25T23:21:29.313+0000] {dag.py:4180} INFO - Setting next_dagrun for example_external_task_marker_child to None, run_after=None
[2025-02-25T23:21:29.316+0000] {logging_mixin.py:190} INFO - [2025-02-25T23:21:29.316+0000] {dag.py:4180} INFO - Setting next_dagrun for example_external_task_marker_parent to None, run_after=None
[2025-02-25T23:21:29.336+0000] {processor.py:208} INFO - Processing /home/airflow/.local/lib/python3.12/site-packages/airflow/example_dags/example_external_task_marker_dag.py took 0.060 seconds
[2025-02-25T23:21:59.801+0000] {processor.py:186} INFO - Started process (PID=1344) to work on /home/airflow/.local/lib/python3.12/site-packages/airflow/example_dags/example_external_task_marker_dag.py
[2025-02-25T23:21:59.801+0000] {processor.py:914} INFO - Processing file /home/airflow/.local/lib/python3.12/site-packages/airflow/example_dags/example_external_task_marker_dag.py for tasks to queue
[2025-02-25T23:21:59.802+0000] {logging_mixin.py:190} INFO - [2025-02-25T23:21:59.802+0000] {dagbag.py:588} INFO - Filling up the DagBag from /home/airflow/.local/lib/python3.12/site-packages/airflow/example_dags/example_external_task_marker_dag.py
[2025-02-25T23:21:59.808+0000] {processor.py:925} INFO - DAG(s) 'example_external_task_marker_parent', 'example_external_task_marker_child' retrieved from /home/airflow/.local/lib/python3.12/site-packages/airflow/example_dags/example_external_task_marker_dag.py
[2025-02-25T23:21:59.823+0000] {logging_mixin.py:190} INFO - [2025-02-25T23:21:59.823+0000] {dag.py:3239} INFO - Sync 2 DAGs
[2025-02-25T23:21:59.834+0000] {logging_mixin.py:190} INFO - [2025-02-25T23:21:59.834+0000] {dag.py:4180} INFO - Setting next_dagrun for example_external_task_marker_child to None, run_after=None
[2025-02-25T23:21:59.836+0000] {logging_mixin.py:190} INFO - [2025-02-25T23:21:59.836+0000] {dag.py:4180} INFO - Setting next_dagrun for example_external_task_marker_parent to None, run_after=None
[2025-02-25T23:21:59.851+0000] {processor.py:208} INFO - Processing /home/airflow/.local/lib/python3.12/site-packages/airflow/example_dags/example_external_task_marker_dag.py took 0.054 seconds
[2025-02-25T23:22:30.308+0000] {processor.py:186} INFO - Started process (PID=1408) to work on /home/airflow/.local/lib/python3.12/site-packages/airflow/example_dags/example_external_task_marker_dag.py
[2025-02-25T23:22:30.308+0000] {processor.py:914} INFO - Processing file /home/airflow/.local/lib/python3.12/site-packages/airflow/example_dags/example_external_task_marker_dag.py for tasks to queue
[2025-02-25T23:22:30.310+0000] {logging_mixin.py:190} INFO - [2025-02-25T23:22:30.310+0000] {dagbag.py:588} INFO - Filling up the DagBag from /home/airflow/.local/lib/python3.12/site-packages/airflow/example_dags/example_external_task_marker_dag.py
[2025-02-25T23:22:30.315+0000] {processor.py:925} INFO - DAG(s) 'example_external_task_marker_parent', 'example_external_task_marker_child' retrieved from /home/airflow/.local/lib/python3.12/site-packages/airflow/example_dags/example_external_task_marker_dag.py
[2025-02-25T23:22:30.330+0000] {logging_mixin.py:190} INFO - [2025-02-25T23:22:30.330+0000] {dag.py:3239} INFO - Sync 2 DAGs
[2025-02-25T23:22:30.342+0000] {logging_mixin.py:190} INFO - [2025-02-25T23:22:30.342+0000] {dag.py:4180} INFO - Setting next_dagrun for example_external_task_marker_child to None, run_after=None
[2025-02-25T23:22:30.345+0000] {logging_mixin.py:190} INFO - [2025-02-25T23:22:30.345+0000] {dag.py:4180} INFO - Setting next_dagrun for example_external_task_marker_parent to None, run_after=None
[2025-02-25T23:22:30.357+0000] {processor.py:208} INFO - Processing /home/airflow/.local/lib/python3.12/site-packages/airflow/example_dags/example_external_task_marker_dag.py took 0.053 seconds
[2025-02-25T23:23:00.736+0000] {processor.py:186} INFO - Started process (PID=1472) to work on /home/airflow/.local/lib/python3.12/site-packages/airflow/example_dags/example_external_task_marker_dag.py
[2025-02-25T23:23:00.737+0000] {processor.py:914} INFO - Processing file /home/airflow/.local/lib/python3.12/site-packages/airflow/example_dags/example_external_task_marker_dag.py for tasks to queue
[2025-02-25T23:23:00.738+0000] {logging_mixin.py:190} INFO - [2025-02-25T23:23:00.738+0000] {dagbag.py:588} INFO - Filling up the DagBag from /home/airflow/.local/lib/python3.12/site-packages/airflow/example_dags/example_external_task_marker_dag.py
[2025-02-25T23:23:00.747+0000] {processor.py:925} INFO - DAG(s) 'example_external_task_marker_parent', 'example_external_task_marker_child' retrieved from /home/airflow/.local/lib/python3.12/site-packages/airflow/example_dags/example_external_task_marker_dag.py
[2025-02-25T23:23:00.765+0000] {logging_mixin.py:190} INFO - [2025-02-25T23:23:00.765+0000] {dag.py:3239} INFO - Sync 2 DAGs
[2025-02-25T23:23:00.777+0000] {logging_mixin.py:190} INFO - [2025-02-25T23:23:00.776+0000] {dag.py:4180} INFO - Setting next_dagrun for example_external_task_marker_child to None, run_after=None
[2025-02-25T23:23:00.779+0000] {logging_mixin.py:190} INFO - [2025-02-25T23:23:00.779+0000] {dag.py:4180} INFO - Setting next_dagrun for example_external_task_marker_parent to None, run_after=None
[2025-02-25T23:23:00.791+0000] {processor.py:208} INFO - Processing /home/airflow/.local/lib/python3.12/site-packages/airflow/example_dags/example_external_task_marker_dag.py took 0.059 seconds
[2025-02-25T23:23:31.099+0000] {processor.py:186} INFO - Started process (PID=1536) to work on /home/airflow/.local/lib/python3.12/site-packages/airflow/example_dags/example_external_task_marker_dag.py
[2025-02-25T23:23:31.100+0000] {processor.py:914} INFO - Processing file /home/airflow/.local/lib/python3.12/site-packages/airflow/example_dags/example_external_task_marker_dag.py for tasks to queue
[2025-02-25T23:23:31.101+0000] {logging_mixin.py:190} INFO - [2025-02-25T23:23:31.101+0000] {dagbag.py:588} INFO - Filling up the DagBag from /home/airflow/.local/lib/python3.12/site-packages/airflow/example_dags/example_external_task_marker_dag.py
[2025-02-25T23:23:31.107+0000] {processor.py:925} INFO - DAG(s) 'example_external_task_marker_parent', 'example_external_task_marker_child' retrieved from /home/airflow/.local/lib/python3.12/site-packages/airflow/example_dags/example_external_task_marker_dag.py
[2025-02-25T23:23:31.123+0000] {logging_mixin.py:190} INFO - [2025-02-25T23:23:31.123+0000] {dag.py:3239} INFO - Sync 2 DAGs
[2025-02-25T23:23:31.134+0000] {logging_mixin.py:190} INFO - [2025-02-25T23:23:31.134+0000] {dag.py:4180} INFO - Setting next_dagrun for example_external_task_marker_child to None, run_after=None
[2025-02-25T23:23:31.137+0000] {logging_mixin.py:190} INFO - [2025-02-25T23:23:31.137+0000] {dag.py:4180} INFO - Setting next_dagrun for example_external_task_marker_parent to None, run_after=None
[2025-02-25T23:23:31.148+0000] {processor.py:208} INFO - Processing /home/airflow/.local/lib/python3.12/site-packages/airflow/example_dags/example_external_task_marker_dag.py took 0.053 seconds
[2025-02-25T23:24:01.610+0000] {processor.py:186} INFO - Started process (PID=1600) to work on /home/airflow/.local/lib/python3.12/site-packages/airflow/example_dags/example_external_task_marker_dag.py
[2025-02-25T23:24:01.611+0000] {processor.py:914} INFO - Processing file /home/airflow/.local/lib/python3.12/site-packages/airflow/example_dags/example_external_task_marker_dag.py for tasks to queue
[2025-02-25T23:24:01.612+0000] {logging_mixin.py:190} INFO - [2025-02-25T23:24:01.612+0000] {dagbag.py:588} INFO - Filling up the DagBag from /home/airflow/.local/lib/python3.12/site-packages/airflow/example_dags/example_external_task_marker_dag.py
[2025-02-25T23:24:01.618+0000] {processor.py:925} INFO - DAG(s) 'example_external_task_marker_child', 'example_external_task_marker_parent' retrieved from /home/airflow/.local/lib/python3.12/site-packages/airflow/example_dags/example_external_task_marker_dag.py
[2025-02-25T23:24:01.633+0000] {logging_mixin.py:190} INFO - [2025-02-25T23:24:01.633+0000] {dag.py:3239} INFO - Sync 2 DAGs
[2025-02-25T23:24:01.643+0000] {logging_mixin.py:190} INFO - [2025-02-25T23:24:01.643+0000] {dag.py:4180} INFO - Setting next_dagrun for example_external_task_marker_child to None, run_after=None
[2025-02-25T23:24:01.646+0000] {logging_mixin.py:190} INFO - [2025-02-25T23:24:01.646+0000] {dag.py:4180} INFO - Setting next_dagrun for example_external_task_marker_parent to None, run_after=None
[2025-02-25T23:24:01.657+0000] {processor.py:208} INFO - Processing /home/airflow/.local/lib/python3.12/site-packages/airflow/example_dags/example_external_task_marker_dag.py took 0.050 seconds
[2025-02-25T23:24:32.258+0000] {processor.py:186} INFO - Started process (PID=1664) to work on /home/airflow/.local/lib/python3.12/site-packages/airflow/example_dags/example_external_task_marker_dag.py
[2025-02-25T23:24:32.258+0000] {processor.py:914} INFO - Processing file /home/airflow/.local/lib/python3.12/site-packages/airflow/example_dags/example_external_task_marker_dag.py for tasks to queue
[2025-02-25T23:24:32.260+0000] {logging_mixin.py:190} INFO - [2025-02-25T23:24:32.259+0000] {dagbag.py:588} INFO - Filling up the DagBag from /home/airflow/.local/lib/python3.12/site-packages/airflow/example_dags/example_external_task_marker_dag.py
[2025-02-25T23:24:32.265+0000] {processor.py:925} INFO - DAG(s) 'example_external_task_marker_parent', 'example_external_task_marker_child' retrieved from /home/airflow/.local/lib/python3.12/site-packages/airflow/example_dags/example_external_task_marker_dag.py
[2025-02-25T23:24:32.282+0000] {logging_mixin.py:190} INFO - [2025-02-25T23:24:32.282+0000] {dag.py:3239} INFO - Sync 2 DAGs
[2025-02-25T23:24:32.293+0000] {logging_mixin.py:190} INFO - [2025-02-25T23:24:32.293+0000] {dag.py:4180} INFO - Setting next_dagrun for example_external_task_marker_child to None, run_after=None
[2025-02-25T23:24:32.296+0000] {logging_mixin.py:190} INFO - [2025-02-25T23:24:32.296+0000] {dag.py:4180} INFO - Setting next_dagrun for example_external_task_marker_parent to None, run_after=None
[2025-02-25T23:24:32.308+0000] {processor.py:208} INFO - Processing /home/airflow/.local/lib/python3.12/site-packages/airflow/example_dags/example_external_task_marker_dag.py took 0.055 seconds
[2025-02-25T23:25:02.805+0000] {processor.py:186} INFO - Started process (PID=1728) to work on /home/airflow/.local/lib/python3.12/site-packages/airflow/example_dags/example_external_task_marker_dag.py
[2025-02-25T23:25:02.806+0000] {processor.py:914} INFO - Processing file /home/airflow/.local/lib/python3.12/site-packages/airflow/example_dags/example_external_task_marker_dag.py for tasks to queue
[2025-02-25T23:25:02.807+0000] {logging_mixin.py:190} INFO - [2025-02-25T23:25:02.807+0000] {dagbag.py:588} INFO - Filling up the DagBag from /home/airflow/.local/lib/python3.12/site-packages/airflow/example_dags/example_external_task_marker_dag.py
[2025-02-25T23:25:02.813+0000] {processor.py:925} INFO - DAG(s) 'example_external_task_marker_child', 'example_external_task_marker_parent' retrieved from /home/airflow/.local/lib/python3.12/site-packages/airflow/example_dags/example_external_task_marker_dag.py
[2025-02-25T23:25:02.828+0000] {logging_mixin.py:190} INFO - [2025-02-25T23:25:02.828+0000] {dag.py:3239} INFO - Sync 2 DAGs
[2025-02-25T23:25:02.842+0000] {logging_mixin.py:190} INFO - [2025-02-25T23:25:02.841+0000] {dag.py:4180} INFO - Setting next_dagrun for example_external_task_marker_child to None, run_after=None
[2025-02-25T23:25:02.845+0000] {logging_mixin.py:190} INFO - [2025-02-25T23:25:02.845+0000] {dag.py:4180} INFO - Setting next_dagrun for example_external_task_marker_parent to None, run_after=None
[2025-02-25T23:25:02.859+0000] {processor.py:208} INFO - Processing /home/airflow/.local/lib/python3.12/site-packages/airflow/example_dags/example_external_task_marker_dag.py took 0.059 seconds
