[2025-02-25T22:57:13.611+0000] {processor.py:186} INFO - Started process (PID=98) to work on /home/airflow/.local/lib/python3.12/site-packages/airflow/example_dags/example_latest_only_with_trigger.py
[2025-02-25T22:57:13.612+0000] {processor.py:914} INFO - Processing file /home/airflow/.local/lib/python3.12/site-packages/airflow/example_dags/example_latest_only_with_trigger.py for tasks to queue
[2025-02-25T22:57:13.613+0000] {logging_mixin.py:190} INFO - [2025-02-25T22:57:13.613+0000] {dagbag.py:588} INFO - Filling up the DagBag from /home/airflow/.local/lib/python3.12/site-packages/airflow/example_dags/example_latest_only_with_trigger.py
[2025-02-25T22:57:13.620+0000] {processor.py:925} INFO - DAG(s) 'latest_only_with_trigger' retrieved from /home/airflow/.local/lib/python3.12/site-packages/airflow/example_dags/example_latest_only_with_trigger.py
[2025-02-25T22:57:13.857+0000] {logging_mixin.py:190} INFO - [2025-02-25T22:57:13.857+0000] {override.py:1912} INFO - Created Permission View: can read on DAG:latest_only_with_trigger
[2025-02-25T22:57:13.872+0000] {logging_mixin.py:190} INFO - [2025-02-25T22:57:13.871+0000] {override.py:1912} INFO - Created Permission View: can delete on DAG:latest_only_with_trigger
[2025-02-25T22:57:13.883+0000] {logging_mixin.py:190} INFO - [2025-02-25T22:57:13.882+0000] {override.py:1912} INFO - Created Permission View: can edit on DAG:latest_only_with_trigger
[2025-02-25T22:57:13.895+0000] {logging_mixin.py:190} INFO - [2025-02-25T22:57:13.894+0000] {override.py:1912} INFO - Created Permission View: can read on DAG Run:latest_only_with_trigger
[2025-02-25T22:57:13.902+0000] {logging_mixin.py:190} INFO - [2025-02-25T22:57:13.902+0000] {override.py:1912} INFO - Created Permission View: can create on DAG Run:latest_only_with_trigger
[2025-02-25T22:57:13.909+0000] {logging_mixin.py:190} INFO - [2025-02-25T22:57:13.909+0000] {override.py:1912} INFO - Created Permission View: can delete on DAG Run:latest_only_with_trigger
[2025-02-25T22:57:13.919+0000] {logging_mixin.py:190} INFO - [2025-02-25T22:57:13.918+0000] {override.py:1912} INFO - Created Permission View: menu access on DAG Run:latest_only_with_trigger
[2025-02-25T22:57:13.920+0000] {logging_mixin.py:190} INFO - [2025-02-25T22:57:13.920+0000] {dag.py:3239} INFO - Sync 1 DAGs
[2025-02-25T22:57:13.933+0000] {logging_mixin.py:190} INFO - [2025-02-25T22:57:13.932+0000] {dag.py:3262} INFO - Creating ORM DAG for latest_only_with_trigger
[2025-02-25T22:57:13.941+0000] {logging_mixin.py:190} INFO - [2025-02-25T22:57:13.941+0000] {dag.py:4180} INFO - Setting next_dagrun for latest_only_with_trigger to 2025-02-25 16:00:00+00:00, run_after=2025-02-25 20:00:00+00:00
[2025-02-25T22:57:13.958+0000] {processor.py:208} INFO - Processing /home/airflow/.local/lib/python3.12/site-packages/airflow/example_dags/example_latest_only_with_trigger.py took 0.351 seconds
[2025-02-25T22:57:44.168+0000] {processor.py:186} INFO - Started process (PID=162) to work on /home/airflow/.local/lib/python3.12/site-packages/airflow/example_dags/example_latest_only_with_trigger.py
[2025-02-25T22:57:44.169+0000] {processor.py:914} INFO - Processing file /home/airflow/.local/lib/python3.12/site-packages/airflow/example_dags/example_latest_only_with_trigger.py for tasks to queue
[2025-02-25T22:57:44.172+0000] {logging_mixin.py:190} INFO - [2025-02-25T22:57:44.171+0000] {dagbag.py:588} INFO - Filling up the DagBag from /home/airflow/.local/lib/python3.12/site-packages/airflow/example_dags/example_latest_only_with_trigger.py
[2025-02-25T22:57:44.184+0000] {processor.py:925} INFO - DAG(s) 'latest_only_with_trigger' retrieved from /home/airflow/.local/lib/python3.12/site-packages/airflow/example_dags/example_latest_only_with_trigger.py
[2025-02-25T22:57:44.210+0000] {logging_mixin.py:190} INFO - [2025-02-25T22:57:44.209+0000] {dag.py:3239} INFO - Sync 1 DAGs
[2025-02-25T22:57:44.243+0000] {logging_mixin.py:190} INFO - [2025-02-25T22:57:44.243+0000] {dag.py:4180} INFO - Setting next_dagrun for latest_only_with_trigger to 2025-02-25 16:00:00+00:00, run_after=2025-02-25 20:00:00+00:00
[2025-02-25T22:57:44.323+0000] {processor.py:208} INFO - Processing /home/airflow/.local/lib/python3.12/site-packages/airflow/example_dags/example_latest_only_with_trigger.py took 0.161 seconds
[2025-02-25T22:58:14.455+0000] {processor.py:186} INFO - Started process (PID=225) to work on /home/airflow/.local/lib/python3.12/site-packages/airflow/example_dags/example_latest_only_with_trigger.py
[2025-02-25T22:58:14.458+0000] {processor.py:914} INFO - Processing file /home/airflow/.local/lib/python3.12/site-packages/airflow/example_dags/example_latest_only_with_trigger.py for tasks to queue
[2025-02-25T22:58:14.460+0000] {logging_mixin.py:190} INFO - [2025-02-25T22:58:14.460+0000] {dagbag.py:588} INFO - Filling up the DagBag from /home/airflow/.local/lib/python3.12/site-packages/airflow/example_dags/example_latest_only_with_trigger.py
[2025-02-25T22:58:14.466+0000] {processor.py:925} INFO - DAG(s) 'latest_only_with_trigger' retrieved from /home/airflow/.local/lib/python3.12/site-packages/airflow/example_dags/example_latest_only_with_trigger.py
[2025-02-25T22:58:14.480+0000] {logging_mixin.py:190} INFO - [2025-02-25T22:58:14.480+0000] {dag.py:3239} INFO - Sync 1 DAGs
[2025-02-25T22:58:14.498+0000] {logging_mixin.py:190} INFO - [2025-02-25T22:58:14.498+0000] {dag.py:4180} INFO - Setting next_dagrun for latest_only_with_trigger to 2025-02-25 16:00:00+00:00, run_after=2025-02-25 20:00:00+00:00
[2025-02-25T22:58:14.514+0000] {processor.py:208} INFO - Processing /home/airflow/.local/lib/python3.12/site-packages/airflow/example_dags/example_latest_only_with_trigger.py took 0.063 seconds
[2025-02-25T22:58:45.238+0000] {processor.py:186} INFO - Started process (PID=289) to work on /home/airflow/.local/lib/python3.12/site-packages/airflow/example_dags/example_latest_only_with_trigger.py
[2025-02-25T22:58:45.239+0000] {processor.py:914} INFO - Processing file /home/airflow/.local/lib/python3.12/site-packages/airflow/example_dags/example_latest_only_with_trigger.py for tasks to queue
[2025-02-25T22:58:45.242+0000] {logging_mixin.py:190} INFO - [2025-02-25T22:58:45.242+0000] {dagbag.py:588} INFO - Filling up the DagBag from /home/airflow/.local/lib/python3.12/site-packages/airflow/example_dags/example_latest_only_with_trigger.py
[2025-02-25T22:58:45.248+0000] {processor.py:925} INFO - DAG(s) 'latest_only_with_trigger' retrieved from /home/airflow/.local/lib/python3.12/site-packages/airflow/example_dags/example_latest_only_with_trigger.py
[2025-02-25T22:58:45.263+0000] {logging_mixin.py:190} INFO - [2025-02-25T22:58:45.263+0000] {dag.py:3239} INFO - Sync 1 DAGs
[2025-02-25T22:58:45.282+0000] {logging_mixin.py:190} INFO - [2025-02-25T22:58:45.282+0000] {dag.py:4180} INFO - Setting next_dagrun for latest_only_with_trigger to 2025-02-25 16:00:00+00:00, run_after=2025-02-25 20:00:00+00:00
[2025-02-25T22:58:45.298+0000] {processor.py:208} INFO - Processing /home/airflow/.local/lib/python3.12/site-packages/airflow/example_dags/example_latest_only_with_trigger.py took 0.066 seconds
[2025-02-25T22:59:15.696+0000] {processor.py:186} INFO - Started process (PID=353) to work on /home/airflow/.local/lib/python3.12/site-packages/airflow/example_dags/example_latest_only_with_trigger.py
[2025-02-25T22:59:15.697+0000] {processor.py:914} INFO - Processing file /home/airflow/.local/lib/python3.12/site-packages/airflow/example_dags/example_latest_only_with_trigger.py for tasks to queue
[2025-02-25T22:59:15.698+0000] {logging_mixin.py:190} INFO - [2025-02-25T22:59:15.698+0000] {dagbag.py:588} INFO - Filling up the DagBag from /home/airflow/.local/lib/python3.12/site-packages/airflow/example_dags/example_latest_only_with_trigger.py
[2025-02-25T22:59:15.705+0000] {processor.py:925} INFO - DAG(s) 'latest_only_with_trigger' retrieved from /home/airflow/.local/lib/python3.12/site-packages/airflow/example_dags/example_latest_only_with_trigger.py
[2025-02-25T22:59:15.722+0000] {logging_mixin.py:190} INFO - [2025-02-25T22:59:15.722+0000] {dag.py:3239} INFO - Sync 1 DAGs
[2025-02-25T22:59:15.745+0000] {logging_mixin.py:190} INFO - [2025-02-25T22:59:15.745+0000] {dag.py:4180} INFO - Setting next_dagrun for latest_only_with_trigger to 2025-02-25 16:00:00+00:00, run_after=2025-02-25 20:00:00+00:00
[2025-02-25T22:59:15.760+0000] {processor.py:208} INFO - Processing /home/airflow/.local/lib/python3.12/site-packages/airflow/example_dags/example_latest_only_with_trigger.py took 0.070 seconds
[2025-02-25T22:59:46.325+0000] {processor.py:186} INFO - Started process (PID=417) to work on /home/airflow/.local/lib/python3.12/site-packages/airflow/example_dags/example_latest_only_with_trigger.py
[2025-02-25T22:59:46.326+0000] {processor.py:914} INFO - Processing file /home/airflow/.local/lib/python3.12/site-packages/airflow/example_dags/example_latest_only_with_trigger.py for tasks to queue
[2025-02-25T22:59:46.327+0000] {logging_mixin.py:190} INFO - [2025-02-25T22:59:46.327+0000] {dagbag.py:588} INFO - Filling up the DagBag from /home/airflow/.local/lib/python3.12/site-packages/airflow/example_dags/example_latest_only_with_trigger.py
[2025-02-25T22:59:46.333+0000] {processor.py:925} INFO - DAG(s) 'latest_only_with_trigger' retrieved from /home/airflow/.local/lib/python3.12/site-packages/airflow/example_dags/example_latest_only_with_trigger.py
[2025-02-25T22:59:46.351+0000] {logging_mixin.py:190} INFO - [2025-02-25T22:59:46.351+0000] {dag.py:3239} INFO - Sync 1 DAGs
[2025-02-25T22:59:46.374+0000] {logging_mixin.py:190} INFO - [2025-02-25T22:59:46.374+0000] {dag.py:4180} INFO - Setting next_dagrun for latest_only_with_trigger to 2025-02-25 16:00:00+00:00, run_after=2025-02-25 20:00:00+00:00
[2025-02-25T22:59:46.392+0000] {processor.py:208} INFO - Processing /home/airflow/.local/lib/python3.12/site-packages/airflow/example_dags/example_latest_only_with_trigger.py took 0.073 seconds
[2025-02-25T23:00:17.038+0000] {processor.py:186} INFO - Started process (PID=481) to work on /home/airflow/.local/lib/python3.12/site-packages/airflow/example_dags/example_latest_only_with_trigger.py
[2025-02-25T23:00:17.039+0000] {processor.py:914} INFO - Processing file /home/airflow/.local/lib/python3.12/site-packages/airflow/example_dags/example_latest_only_with_trigger.py for tasks to queue
[2025-02-25T23:00:17.041+0000] {logging_mixin.py:190} INFO - [2025-02-25T23:00:17.040+0000] {dagbag.py:588} INFO - Filling up the DagBag from /home/airflow/.local/lib/python3.12/site-packages/airflow/example_dags/example_latest_only_with_trigger.py
[2025-02-25T23:00:17.046+0000] {processor.py:925} INFO - DAG(s) 'latest_only_with_trigger' retrieved from /home/airflow/.local/lib/python3.12/site-packages/airflow/example_dags/example_latest_only_with_trigger.py
[2025-02-25T23:00:17.062+0000] {logging_mixin.py:190} INFO - [2025-02-25T23:00:17.061+0000] {dag.py:3239} INFO - Sync 1 DAGs
[2025-02-25T23:00:17.081+0000] {logging_mixin.py:190} INFO - [2025-02-25T23:00:17.080+0000] {dag.py:4180} INFO - Setting next_dagrun for latest_only_with_trigger to 2025-02-25 16:00:00+00:00, run_after=2025-02-25 20:00:00+00:00
[2025-02-25T23:00:17.106+0000] {processor.py:208} INFO - Processing /home/airflow/.local/lib/python3.12/site-packages/airflow/example_dags/example_latest_only_with_trigger.py took 0.073 seconds
[2025-02-25T23:00:47.486+0000] {processor.py:186} INFO - Started process (PID=544) to work on /home/airflow/.local/lib/python3.12/site-packages/airflow/example_dags/example_latest_only_with_trigger.py
[2025-02-25T23:00:47.487+0000] {processor.py:914} INFO - Processing file /home/airflow/.local/lib/python3.12/site-packages/airflow/example_dags/example_latest_only_with_trigger.py for tasks to queue
[2025-02-25T23:00:47.488+0000] {logging_mixin.py:190} INFO - [2025-02-25T23:00:47.488+0000] {dagbag.py:588} INFO - Filling up the DagBag from /home/airflow/.local/lib/python3.12/site-packages/airflow/example_dags/example_latest_only_with_trigger.py
[2025-02-25T23:00:47.493+0000] {processor.py:925} INFO - DAG(s) 'latest_only_with_trigger' retrieved from /home/airflow/.local/lib/python3.12/site-packages/airflow/example_dags/example_latest_only_with_trigger.py
[2025-02-25T23:00:47.508+0000] {logging_mixin.py:190} INFO - [2025-02-25T23:00:47.507+0000] {dag.py:3239} INFO - Sync 1 DAGs
[2025-02-25T23:00:47.528+0000] {logging_mixin.py:190} INFO - [2025-02-25T23:00:47.528+0000] {dag.py:4180} INFO - Setting next_dagrun for latest_only_with_trigger to 2025-02-25 16:00:00+00:00, run_after=2025-02-25 20:00:00+00:00
[2025-02-25T23:00:47.550+0000] {processor.py:208} INFO - Processing /home/airflow/.local/lib/python3.12/site-packages/airflow/example_dags/example_latest_only_with_trigger.py took 0.069 seconds
[2025-02-25T23:01:17.770+0000] {processor.py:186} INFO - Started process (PID=608) to work on /home/airflow/.local/lib/python3.12/site-packages/airflow/example_dags/example_latest_only_with_trigger.py
[2025-02-25T23:01:17.770+0000] {processor.py:914} INFO - Processing file /home/airflow/.local/lib/python3.12/site-packages/airflow/example_dags/example_latest_only_with_trigger.py for tasks to queue
[2025-02-25T23:01:17.772+0000] {logging_mixin.py:190} INFO - [2025-02-25T23:01:17.771+0000] {dagbag.py:588} INFO - Filling up the DagBag from /home/airflow/.local/lib/python3.12/site-packages/airflow/example_dags/example_latest_only_with_trigger.py
[2025-02-25T23:01:17.777+0000] {processor.py:925} INFO - DAG(s) 'latest_only_with_trigger' retrieved from /home/airflow/.local/lib/python3.12/site-packages/airflow/example_dags/example_latest_only_with_trigger.py
[2025-02-25T23:01:17.790+0000] {logging_mixin.py:190} INFO - [2025-02-25T23:01:17.790+0000] {dag.py:3239} INFO - Sync 1 DAGs
[2025-02-25T23:01:17.809+0000] {logging_mixin.py:190} INFO - [2025-02-25T23:01:17.809+0000] {dag.py:4180} INFO - Setting next_dagrun for latest_only_with_trigger to 2025-02-25 16:00:00+00:00, run_after=2025-02-25 20:00:00+00:00
[2025-02-25T23:01:17.832+0000] {processor.py:208} INFO - Processing /home/airflow/.local/lib/python3.12/site-packages/airflow/example_dags/example_latest_only_with_trigger.py took 0.067 seconds
[2025-02-25T23:01:48.286+0000] {processor.py:186} INFO - Started process (PID=672) to work on /home/airflow/.local/lib/python3.12/site-packages/airflow/example_dags/example_latest_only_with_trigger.py
[2025-02-25T23:01:48.287+0000] {processor.py:914} INFO - Processing file /home/airflow/.local/lib/python3.12/site-packages/airflow/example_dags/example_latest_only_with_trigger.py for tasks to queue
[2025-02-25T23:01:48.289+0000] {logging_mixin.py:190} INFO - [2025-02-25T23:01:48.289+0000] {dagbag.py:588} INFO - Filling up the DagBag from /home/airflow/.local/lib/python3.12/site-packages/airflow/example_dags/example_latest_only_with_trigger.py
[2025-02-25T23:01:48.294+0000] {processor.py:925} INFO - DAG(s) 'latest_only_with_trigger' retrieved from /home/airflow/.local/lib/python3.12/site-packages/airflow/example_dags/example_latest_only_with_trigger.py
[2025-02-25T23:01:48.310+0000] {logging_mixin.py:190} INFO - [2025-02-25T23:01:48.309+0000] {dag.py:3239} INFO - Sync 1 DAGs
[2025-02-25T23:01:48.327+0000] {logging_mixin.py:190} INFO - [2025-02-25T23:01:48.327+0000] {dag.py:4180} INFO - Setting next_dagrun for latest_only_with_trigger to 2025-02-25 16:00:00+00:00, run_after=2025-02-25 20:00:00+00:00
[2025-02-25T23:01:48.340+0000] {processor.py:208} INFO - Processing /home/airflow/.local/lib/python3.12/site-packages/airflow/example_dags/example_latest_only_with_trigger.py took 0.057 seconds
[2025-02-25T23:02:18.608+0000] {processor.py:186} INFO - Started process (PID=736) to work on /home/airflow/.local/lib/python3.12/site-packages/airflow/example_dags/example_latest_only_with_trigger.py
[2025-02-25T23:02:18.608+0000] {processor.py:914} INFO - Processing file /home/airflow/.local/lib/python3.12/site-packages/airflow/example_dags/example_latest_only_with_trigger.py for tasks to queue
[2025-02-25T23:02:18.610+0000] {logging_mixin.py:190} INFO - [2025-02-25T23:02:18.610+0000] {dagbag.py:588} INFO - Filling up the DagBag from /home/airflow/.local/lib/python3.12/site-packages/airflow/example_dags/example_latest_only_with_trigger.py
[2025-02-25T23:02:18.615+0000] {processor.py:925} INFO - DAG(s) 'latest_only_with_trigger' retrieved from /home/airflow/.local/lib/python3.12/site-packages/airflow/example_dags/example_latest_only_with_trigger.py
[2025-02-25T23:02:18.629+0000] {logging_mixin.py:190} INFO - [2025-02-25T23:02:18.629+0000] {dag.py:3239} INFO - Sync 1 DAGs
[2025-02-25T23:02:18.646+0000] {logging_mixin.py:190} INFO - [2025-02-25T23:02:18.646+0000] {dag.py:4180} INFO - Setting next_dagrun for latest_only_with_trigger to 2025-02-25 16:00:00+00:00, run_after=2025-02-25 20:00:00+00:00
[2025-02-25T23:02:18.669+0000] {processor.py:208} INFO - Processing /home/airflow/.local/lib/python3.12/site-packages/airflow/example_dags/example_latest_only_with_trigger.py took 0.066 seconds
[2025-02-25T23:02:48.995+0000] {processor.py:186} INFO - Started process (PID=800) to work on /home/airflow/.local/lib/python3.12/site-packages/airflow/example_dags/example_latest_only_with_trigger.py
[2025-02-25T23:02:48.996+0000] {processor.py:914} INFO - Processing file /home/airflow/.local/lib/python3.12/site-packages/airflow/example_dags/example_latest_only_with_trigger.py for tasks to queue
[2025-02-25T23:02:48.997+0000] {logging_mixin.py:190} INFO - [2025-02-25T23:02:48.997+0000] {dagbag.py:588} INFO - Filling up the DagBag from /home/airflow/.local/lib/python3.12/site-packages/airflow/example_dags/example_latest_only_with_trigger.py
[2025-02-25T23:02:49.003+0000] {processor.py:925} INFO - DAG(s) 'latest_only_with_trigger' retrieved from /home/airflow/.local/lib/python3.12/site-packages/airflow/example_dags/example_latest_only_with_trigger.py
[2025-02-25T23:02:49.017+0000] {logging_mixin.py:190} INFO - [2025-02-25T23:02:49.017+0000] {dag.py:3239} INFO - Sync 1 DAGs
[2025-02-25T23:02:49.035+0000] {logging_mixin.py:190} INFO - [2025-02-25T23:02:49.035+0000] {dag.py:4180} INFO - Setting next_dagrun for latest_only_with_trigger to 2025-02-25 16:00:00+00:00, run_after=2025-02-25 20:00:00+00:00
[2025-02-25T23:02:49.048+0000] {processor.py:208} INFO - Processing /home/airflow/.local/lib/python3.12/site-packages/airflow/example_dags/example_latest_only_with_trigger.py took 0.057 seconds
[2025-02-25T23:03:19.703+0000] {processor.py:186} INFO - Started process (PID=864) to work on /home/airflow/.local/lib/python3.12/site-packages/airflow/example_dags/example_latest_only_with_trigger.py
[2025-02-25T23:03:19.703+0000] {processor.py:914} INFO - Processing file /home/airflow/.local/lib/python3.12/site-packages/airflow/example_dags/example_latest_only_with_trigger.py for tasks to queue
[2025-02-25T23:03:19.705+0000] {logging_mixin.py:190} INFO - [2025-02-25T23:03:19.704+0000] {dagbag.py:588} INFO - Filling up the DagBag from /home/airflow/.local/lib/python3.12/site-packages/airflow/example_dags/example_latest_only_with_trigger.py
[2025-02-25T23:03:19.710+0000] {processor.py:925} INFO - DAG(s) 'latest_only_with_trigger' retrieved from /home/airflow/.local/lib/python3.12/site-packages/airflow/example_dags/example_latest_only_with_trigger.py
[2025-02-25T23:03:19.724+0000] {logging_mixin.py:190} INFO - [2025-02-25T23:03:19.724+0000] {dag.py:3239} INFO - Sync 1 DAGs
[2025-02-25T23:03:19.741+0000] {logging_mixin.py:190} INFO - [2025-02-25T23:03:19.741+0000] {dag.py:4180} INFO - Setting next_dagrun for latest_only_with_trigger to 2025-02-25 16:00:00+00:00, run_after=2025-02-25 20:00:00+00:00
[2025-02-25T23:03:19.753+0000] {processor.py:208} INFO - Processing /home/airflow/.local/lib/python3.12/site-packages/airflow/example_dags/example_latest_only_with_trigger.py took 0.055 seconds
[2025-02-25T23:03:50.433+0000] {processor.py:186} INFO - Started process (PID=928) to work on /home/airflow/.local/lib/python3.12/site-packages/airflow/example_dags/example_latest_only_with_trigger.py
[2025-02-25T23:03:50.434+0000] {processor.py:914} INFO - Processing file /home/airflow/.local/lib/python3.12/site-packages/airflow/example_dags/example_latest_only_with_trigger.py for tasks to queue
[2025-02-25T23:03:50.435+0000] {logging_mixin.py:190} INFO - [2025-02-25T23:03:50.435+0000] {dagbag.py:588} INFO - Filling up the DagBag from /home/airflow/.local/lib/python3.12/site-packages/airflow/example_dags/example_latest_only_with_trigger.py
[2025-02-25T23:03:50.440+0000] {processor.py:925} INFO - DAG(s) 'latest_only_with_trigger' retrieved from /home/airflow/.local/lib/python3.12/site-packages/airflow/example_dags/example_latest_only_with_trigger.py
[2025-02-25T23:03:50.454+0000] {logging_mixin.py:190} INFO - [2025-02-25T23:03:50.453+0000] {dag.py:3239} INFO - Sync 1 DAGs
[2025-02-25T23:03:50.470+0000] {logging_mixin.py:190} INFO - [2025-02-25T23:03:50.469+0000] {dag.py:4180} INFO - Setting next_dagrun for latest_only_with_trigger to 2025-02-25 16:00:00+00:00, run_after=2025-02-25 20:00:00+00:00
[2025-02-25T23:03:50.481+0000] {processor.py:208} INFO - Processing /home/airflow/.local/lib/python3.12/site-packages/airflow/example_dags/example_latest_only_with_trigger.py took 0.052 seconds
[2025-02-25T23:04:20.728+0000] {processor.py:186} INFO - Started process (PID=993) to work on /home/airflow/.local/lib/python3.12/site-packages/airflow/example_dags/example_latest_only_with_trigger.py
[2025-02-25T23:04:20.728+0000] {processor.py:914} INFO - Processing file /home/airflow/.local/lib/python3.12/site-packages/airflow/example_dags/example_latest_only_with_trigger.py for tasks to queue
[2025-02-25T23:04:20.730+0000] {logging_mixin.py:190} INFO - [2025-02-25T23:04:20.729+0000] {dagbag.py:588} INFO - Filling up the DagBag from /home/airflow/.local/lib/python3.12/site-packages/airflow/example_dags/example_latest_only_with_trigger.py
[2025-02-25T23:04:20.735+0000] {processor.py:925} INFO - DAG(s) 'latest_only_with_trigger' retrieved from /home/airflow/.local/lib/python3.12/site-packages/airflow/example_dags/example_latest_only_with_trigger.py
[2025-02-25T23:04:20.750+0000] {logging_mixin.py:190} INFO - [2025-02-25T23:04:20.750+0000] {dag.py:3239} INFO - Sync 1 DAGs
[2025-02-25T23:04:20.767+0000] {logging_mixin.py:190} INFO - [2025-02-25T23:04:20.767+0000] {dag.py:4180} INFO - Setting next_dagrun for latest_only_with_trigger to 2025-02-25 16:00:00+00:00, run_after=2025-02-25 20:00:00+00:00
[2025-02-25T23:04:20.780+0000] {processor.py:208} INFO - Processing /home/airflow/.local/lib/python3.12/site-packages/airflow/example_dags/example_latest_only_with_trigger.py took 0.057 seconds
[2025-02-25T23:04:50.947+0000] {processor.py:186} INFO - Started process (PID=1057) to work on /home/airflow/.local/lib/python3.12/site-packages/airflow/example_dags/example_latest_only_with_trigger.py
[2025-02-25T23:04:50.948+0000] {processor.py:914} INFO - Processing file /home/airflow/.local/lib/python3.12/site-packages/airflow/example_dags/example_latest_only_with_trigger.py for tasks to queue
[2025-02-25T23:04:50.950+0000] {logging_mixin.py:190} INFO - [2025-02-25T23:04:50.949+0000] {dagbag.py:588} INFO - Filling up the DagBag from /home/airflow/.local/lib/python3.12/site-packages/airflow/example_dags/example_latest_only_with_trigger.py
[2025-02-25T23:04:50.955+0000] {processor.py:925} INFO - DAG(s) 'latest_only_with_trigger' retrieved from /home/airflow/.local/lib/python3.12/site-packages/airflow/example_dags/example_latest_only_with_trigger.py
[2025-02-25T23:04:50.968+0000] {logging_mixin.py:190} INFO - [2025-02-25T23:04:50.968+0000] {dag.py:3239} INFO - Sync 1 DAGs
[2025-02-25T23:04:50.985+0000] {logging_mixin.py:190} INFO - [2025-02-25T23:04:50.985+0000] {dag.py:4180} INFO - Setting next_dagrun for latest_only_with_trigger to 2025-02-25 16:00:00+00:00, run_after=2025-02-25 20:00:00+00:00
[2025-02-25T23:04:50.997+0000] {processor.py:208} INFO - Processing /home/airflow/.local/lib/python3.12/site-packages/airflow/example_dags/example_latest_only_with_trigger.py took 0.054 seconds
[2025-02-25T23:05:21.966+0000] {processor.py:186} INFO - Started process (PID=1122) to work on /home/airflow/.local/lib/python3.12/site-packages/airflow/example_dags/example_latest_only_with_trigger.py
[2025-02-25T23:05:21.967+0000] {processor.py:914} INFO - Processing file /home/airflow/.local/lib/python3.12/site-packages/airflow/example_dags/example_latest_only_with_trigger.py for tasks to queue
[2025-02-25T23:05:21.970+0000] {logging_mixin.py:190} INFO - [2025-02-25T23:05:21.970+0000] {dagbag.py:588} INFO - Filling up the DagBag from /home/airflow/.local/lib/python3.12/site-packages/airflow/example_dags/example_latest_only_with_trigger.py
[2025-02-25T23:05:21.977+0000] {processor.py:925} INFO - DAG(s) 'latest_only_with_trigger' retrieved from /home/airflow/.local/lib/python3.12/site-packages/airflow/example_dags/example_latest_only_with_trigger.py
[2025-02-25T23:05:21.994+0000] {logging_mixin.py:190} INFO - [2025-02-25T23:05:21.994+0000] {dag.py:3239} INFO - Sync 1 DAGs
[2025-02-25T23:05:22.022+0000] {logging_mixin.py:190} INFO - [2025-02-25T23:05:22.021+0000] {dag.py:4180} INFO - Setting next_dagrun for latest_only_with_trigger to 2025-02-25 16:00:00+00:00, run_after=2025-02-25 20:00:00+00:00
[2025-02-25T23:05:22.056+0000] {processor.py:208} INFO - Processing /home/airflow/.local/lib/python3.12/site-packages/airflow/example_dags/example_latest_only_with_trigger.py took 0.094 seconds
[2025-02-25T23:05:52.545+0000] {processor.py:186} INFO - Started process (PID=1186) to work on /home/airflow/.local/lib/python3.12/site-packages/airflow/example_dags/example_latest_only_with_trigger.py
[2025-02-25T23:05:52.546+0000] {processor.py:914} INFO - Processing file /home/airflow/.local/lib/python3.12/site-packages/airflow/example_dags/example_latest_only_with_trigger.py for tasks to queue
[2025-02-25T23:05:52.548+0000] {logging_mixin.py:190} INFO - [2025-02-25T23:05:52.547+0000] {dagbag.py:588} INFO - Filling up the DagBag from /home/airflow/.local/lib/python3.12/site-packages/airflow/example_dags/example_latest_only_with_trigger.py
[2025-02-25T23:05:52.553+0000] {processor.py:925} INFO - DAG(s) 'latest_only_with_trigger' retrieved from /home/airflow/.local/lib/python3.12/site-packages/airflow/example_dags/example_latest_only_with_trigger.py
[2025-02-25T23:05:52.567+0000] {logging_mixin.py:190} INFO - [2025-02-25T23:05:52.566+0000] {dag.py:3239} INFO - Sync 1 DAGs
[2025-02-25T23:05:52.585+0000] {logging_mixin.py:190} INFO - [2025-02-25T23:05:52.585+0000] {dag.py:4180} INFO - Setting next_dagrun for latest_only_with_trigger to 2025-02-25 16:00:00+00:00, run_after=2025-02-25 20:00:00+00:00
[2025-02-25T23:05:52.598+0000] {processor.py:208} INFO - Processing /home/airflow/.local/lib/python3.12/site-packages/airflow/example_dags/example_latest_only_with_trigger.py took 0.057 seconds
[2025-02-25T23:06:23.425+0000] {processor.py:186} INFO - Started process (PID=1252) to work on /home/airflow/.local/lib/python3.12/site-packages/airflow/example_dags/example_latest_only_with_trigger.py
[2025-02-25T23:06:23.425+0000] {processor.py:914} INFO - Processing file /home/airflow/.local/lib/python3.12/site-packages/airflow/example_dags/example_latest_only_with_trigger.py for tasks to queue
[2025-02-25T23:06:23.427+0000] {logging_mixin.py:190} INFO - [2025-02-25T23:06:23.427+0000] {dagbag.py:588} INFO - Filling up the DagBag from /home/airflow/.local/lib/python3.12/site-packages/airflow/example_dags/example_latest_only_with_trigger.py
[2025-02-25T23:06:23.433+0000] {processor.py:925} INFO - DAG(s) 'latest_only_with_trigger' retrieved from /home/airflow/.local/lib/python3.12/site-packages/airflow/example_dags/example_latest_only_with_trigger.py
[2025-02-25T23:06:23.452+0000] {logging_mixin.py:190} INFO - [2025-02-25T23:06:23.452+0000] {dag.py:3239} INFO - Sync 1 DAGs
[2025-02-25T23:06:23.477+0000] {logging_mixin.py:190} INFO - [2025-02-25T23:06:23.476+0000] {dag.py:4180} INFO - Setting next_dagrun for latest_only_with_trigger to 2025-02-25 16:00:00+00:00, run_after=2025-02-25 20:00:00+00:00
[2025-02-25T23:06:23.497+0000] {processor.py:208} INFO - Processing /home/airflow/.local/lib/python3.12/site-packages/airflow/example_dags/example_latest_only_with_trigger.py took 0.080 seconds
[2025-02-25T23:06:54.040+0000] {processor.py:186} INFO - Started process (PID=1316) to work on /home/airflow/.local/lib/python3.12/site-packages/airflow/example_dags/example_latest_only_with_trigger.py
[2025-02-25T23:06:54.041+0000] {processor.py:914} INFO - Processing file /home/airflow/.local/lib/python3.12/site-packages/airflow/example_dags/example_latest_only_with_trigger.py for tasks to queue
[2025-02-25T23:06:54.043+0000] {logging_mixin.py:190} INFO - [2025-02-25T23:06:54.042+0000] {dagbag.py:588} INFO - Filling up the DagBag from /home/airflow/.local/lib/python3.12/site-packages/airflow/example_dags/example_latest_only_with_trigger.py
[2025-02-25T23:06:54.048+0000] {processor.py:925} INFO - DAG(s) 'latest_only_with_trigger' retrieved from /home/airflow/.local/lib/python3.12/site-packages/airflow/example_dags/example_latest_only_with_trigger.py
[2025-02-25T23:06:54.063+0000] {logging_mixin.py:190} INFO - [2025-02-25T23:06:54.063+0000] {dag.py:3239} INFO - Sync 1 DAGs
[2025-02-25T23:06:54.081+0000] {logging_mixin.py:190} INFO - [2025-02-25T23:06:54.081+0000] {dag.py:4180} INFO - Setting next_dagrun for latest_only_with_trigger to 2025-02-25 16:00:00+00:00, run_after=2025-02-25 20:00:00+00:00
[2025-02-25T23:06:54.095+0000] {processor.py:208} INFO - Processing /home/airflow/.local/lib/python3.12/site-packages/airflow/example_dags/example_latest_only_with_trigger.py took 0.059 seconds
[2025-02-25T23:07:24.325+0000] {processor.py:186} INFO - Started process (PID=1380) to work on /home/airflow/.local/lib/python3.12/site-packages/airflow/example_dags/example_latest_only_with_trigger.py
[2025-02-25T23:07:24.326+0000] {processor.py:914} INFO - Processing file /home/airflow/.local/lib/python3.12/site-packages/airflow/example_dags/example_latest_only_with_trigger.py for tasks to queue
[2025-02-25T23:07:24.327+0000] {logging_mixin.py:190} INFO - [2025-02-25T23:07:24.327+0000] {dagbag.py:588} INFO - Filling up the DagBag from /home/airflow/.local/lib/python3.12/site-packages/airflow/example_dags/example_latest_only_with_trigger.py
[2025-02-25T23:07:24.333+0000] {processor.py:925} INFO - DAG(s) 'latest_only_with_trigger' retrieved from /home/airflow/.local/lib/python3.12/site-packages/airflow/example_dags/example_latest_only_with_trigger.py
[2025-02-25T23:07:24.347+0000] {logging_mixin.py:190} INFO - [2025-02-25T23:07:24.347+0000] {dag.py:3239} INFO - Sync 1 DAGs
[2025-02-25T23:07:24.365+0000] {logging_mixin.py:190} INFO - [2025-02-25T23:07:24.365+0000] {dag.py:4180} INFO - Setting next_dagrun for latest_only_with_trigger to 2025-02-25 16:00:00+00:00, run_after=2025-02-25 20:00:00+00:00
[2025-02-25T23:07:24.380+0000] {processor.py:208} INFO - Processing /home/airflow/.local/lib/python3.12/site-packages/airflow/example_dags/example_latest_only_with_trigger.py took 0.060 seconds
[2025-02-25T23:07:54.605+0000] {processor.py:186} INFO - Started process (PID=1444) to work on /home/airflow/.local/lib/python3.12/site-packages/airflow/example_dags/example_latest_only_with_trigger.py
[2025-02-25T23:07:54.606+0000] {processor.py:914} INFO - Processing file /home/airflow/.local/lib/python3.12/site-packages/airflow/example_dags/example_latest_only_with_trigger.py for tasks to queue
[2025-02-25T23:07:54.608+0000] {logging_mixin.py:190} INFO - [2025-02-25T23:07:54.608+0000] {dagbag.py:588} INFO - Filling up the DagBag from /home/airflow/.local/lib/python3.12/site-packages/airflow/example_dags/example_latest_only_with_trigger.py
[2025-02-25T23:07:54.613+0000] {processor.py:925} INFO - DAG(s) 'latest_only_with_trigger' retrieved from /home/airflow/.local/lib/python3.12/site-packages/airflow/example_dags/example_latest_only_with_trigger.py
[2025-02-25T23:07:54.629+0000] {logging_mixin.py:190} INFO - [2025-02-25T23:07:54.629+0000] {dag.py:3239} INFO - Sync 1 DAGs
[2025-02-25T23:07:54.647+0000] {logging_mixin.py:190} INFO - [2025-02-25T23:07:54.647+0000] {dag.py:4180} INFO - Setting next_dagrun for latest_only_with_trigger to 2025-02-25 16:00:00+00:00, run_after=2025-02-25 20:00:00+00:00
[2025-02-25T23:07:54.662+0000] {processor.py:208} INFO - Processing /home/airflow/.local/lib/python3.12/site-packages/airflow/example_dags/example_latest_only_with_trigger.py took 0.062 seconds
[2025-02-25T23:08:25.081+0000] {processor.py:186} INFO - Started process (PID=1507) to work on /home/airflow/.local/lib/python3.12/site-packages/airflow/example_dags/example_latest_only_with_trigger.py
[2025-02-25T23:08:25.082+0000] {processor.py:914} INFO - Processing file /home/airflow/.local/lib/python3.12/site-packages/airflow/example_dags/example_latest_only_with_trigger.py for tasks to queue
[2025-02-25T23:08:25.084+0000] {logging_mixin.py:190} INFO - [2025-02-25T23:08:25.084+0000] {dagbag.py:588} INFO - Filling up the DagBag from /home/airflow/.local/lib/python3.12/site-packages/airflow/example_dags/example_latest_only_with_trigger.py
[2025-02-25T23:08:25.090+0000] {processor.py:925} INFO - DAG(s) 'latest_only_with_trigger' retrieved from /home/airflow/.local/lib/python3.12/site-packages/airflow/example_dags/example_latest_only_with_trigger.py
[2025-02-25T23:08:25.105+0000] {logging_mixin.py:190} INFO - [2025-02-25T23:08:25.105+0000] {dag.py:3239} INFO - Sync 1 DAGs
[2025-02-25T23:08:25.124+0000] {logging_mixin.py:190} INFO - [2025-02-25T23:08:25.124+0000] {dag.py:4180} INFO - Setting next_dagrun for latest_only_with_trigger to 2025-02-25 16:00:00+00:00, run_after=2025-02-25 20:00:00+00:00
[2025-02-25T23:08:25.138+0000] {processor.py:208} INFO - Processing /home/airflow/.local/lib/python3.12/site-packages/airflow/example_dags/example_latest_only_with_trigger.py took 0.062 seconds
[2025-02-25T23:08:55.863+0000] {processor.py:186} INFO - Started process (PID=1572) to work on /home/airflow/.local/lib/python3.12/site-packages/airflow/example_dags/example_latest_only_with_trigger.py
[2025-02-25T23:08:55.864+0000] {processor.py:914} INFO - Processing file /home/airflow/.local/lib/python3.12/site-packages/airflow/example_dags/example_latest_only_with_trigger.py for tasks to queue
[2025-02-25T23:08:55.865+0000] {logging_mixin.py:190} INFO - [2025-02-25T23:08:55.865+0000] {dagbag.py:588} INFO - Filling up the DagBag from /home/airflow/.local/lib/python3.12/site-packages/airflow/example_dags/example_latest_only_with_trigger.py
[2025-02-25T23:08:55.871+0000] {processor.py:925} INFO - DAG(s) 'latest_only_with_trigger' retrieved from /home/airflow/.local/lib/python3.12/site-packages/airflow/example_dags/example_latest_only_with_trigger.py
[2025-02-25T23:08:55.885+0000] {logging_mixin.py:190} INFO - [2025-02-25T23:08:55.885+0000] {dag.py:3239} INFO - Sync 1 DAGs
[2025-02-25T23:08:55.904+0000] {logging_mixin.py:190} INFO - [2025-02-25T23:08:55.904+0000] {dag.py:4180} INFO - Setting next_dagrun for latest_only_with_trigger to 2025-02-25 16:00:00+00:00, run_after=2025-02-25 20:00:00+00:00
[2025-02-25T23:08:55.918+0000] {processor.py:208} INFO - Processing /home/airflow/.local/lib/python3.12/site-packages/airflow/example_dags/example_latest_only_with_trigger.py took 0.059 seconds
[2025-02-25T23:09:26.028+0000] {processor.py:186} INFO - Started process (PID=1635) to work on /home/airflow/.local/lib/python3.12/site-packages/airflow/example_dags/example_latest_only_with_trigger.py
[2025-02-25T23:09:26.028+0000] {processor.py:914} INFO - Processing file /home/airflow/.local/lib/python3.12/site-packages/airflow/example_dags/example_latest_only_with_trigger.py for tasks to queue
[2025-02-25T23:09:26.030+0000] {logging_mixin.py:190} INFO - [2025-02-25T23:09:26.030+0000] {dagbag.py:588} INFO - Filling up the DagBag from /home/airflow/.local/lib/python3.12/site-packages/airflow/example_dags/example_latest_only_with_trigger.py
[2025-02-25T23:09:26.036+0000] {processor.py:925} INFO - DAG(s) 'latest_only_with_trigger' retrieved from /home/airflow/.local/lib/python3.12/site-packages/airflow/example_dags/example_latest_only_with_trigger.py
[2025-02-25T23:09:26.051+0000] {logging_mixin.py:190} INFO - [2025-02-25T23:09:26.051+0000] {dag.py:3239} INFO - Sync 1 DAGs
[2025-02-25T23:09:26.070+0000] {logging_mixin.py:190} INFO - [2025-02-25T23:09:26.070+0000] {dag.py:4180} INFO - Setting next_dagrun for latest_only_with_trigger to 2025-02-25 16:00:00+00:00, run_after=2025-02-25 20:00:00+00:00
[2025-02-25T23:09:26.087+0000] {processor.py:208} INFO - Processing /home/airflow/.local/lib/python3.12/site-packages/airflow/example_dags/example_latest_only_with_trigger.py took 0.065 seconds
[2025-02-25T23:09:56.255+0000] {processor.py:186} INFO - Started process (PID=1698) to work on /home/airflow/.local/lib/python3.12/site-packages/airflow/example_dags/example_latest_only_with_trigger.py
[2025-02-25T23:09:56.257+0000] {processor.py:914} INFO - Processing file /home/airflow/.local/lib/python3.12/site-packages/airflow/example_dags/example_latest_only_with_trigger.py for tasks to queue
[2025-02-25T23:09:56.258+0000] {logging_mixin.py:190} INFO - [2025-02-25T23:09:56.257+0000] {dagbag.py:588} INFO - Filling up the DagBag from /home/airflow/.local/lib/python3.12/site-packages/airflow/example_dags/example_latest_only_with_trigger.py
[2025-02-25T23:09:56.264+0000] {processor.py:925} INFO - DAG(s) 'latest_only_with_trigger' retrieved from /home/airflow/.local/lib/python3.12/site-packages/airflow/example_dags/example_latest_only_with_trigger.py
[2025-02-25T23:09:56.279+0000] {logging_mixin.py:190} INFO - [2025-02-25T23:09:56.279+0000] {dag.py:3239} INFO - Sync 1 DAGs
[2025-02-25T23:09:56.297+0000] {logging_mixin.py:190} INFO - [2025-02-25T23:09:56.297+0000] {dag.py:4180} INFO - Setting next_dagrun for latest_only_with_trigger to 2025-02-25 16:00:00+00:00, run_after=2025-02-25 20:00:00+00:00
[2025-02-25T23:09:56.319+0000] {processor.py:208} INFO - Processing /home/airflow/.local/lib/python3.12/site-packages/airflow/example_dags/example_latest_only_with_trigger.py took 0.068 seconds
[2025-02-25T23:10:26.622+0000] {processor.py:186} INFO - Started process (PID=1761) to work on /home/airflow/.local/lib/python3.12/site-packages/airflow/example_dags/example_latest_only_with_trigger.py
[2025-02-25T23:10:26.622+0000] {processor.py:914} INFO - Processing file /home/airflow/.local/lib/python3.12/site-packages/airflow/example_dags/example_latest_only_with_trigger.py for tasks to queue
[2025-02-25T23:10:26.623+0000] {logging_mixin.py:190} INFO - [2025-02-25T23:10:26.623+0000] {dagbag.py:588} INFO - Filling up the DagBag from /home/airflow/.local/lib/python3.12/site-packages/airflow/example_dags/example_latest_only_with_trigger.py
[2025-02-25T23:10:26.630+0000] {processor.py:925} INFO - DAG(s) 'latest_only_with_trigger' retrieved from /home/airflow/.local/lib/python3.12/site-packages/airflow/example_dags/example_latest_only_with_trigger.py
[2025-02-25T23:10:26.646+0000] {logging_mixin.py:190} INFO - [2025-02-25T23:10:26.646+0000] {dag.py:3239} INFO - Sync 1 DAGs
[2025-02-25T23:10:26.664+0000] {logging_mixin.py:190} INFO - [2025-02-25T23:10:26.663+0000] {dag.py:4180} INFO - Setting next_dagrun for latest_only_with_trigger to 2025-02-25 16:00:00+00:00, run_after=2025-02-25 20:00:00+00:00
[2025-02-25T23:10:26.678+0000] {processor.py:208} INFO - Processing /home/airflow/.local/lib/python3.12/site-packages/airflow/example_dags/example_latest_only_with_trigger.py took 0.062 seconds
[2025-02-25T23:10:56.908+0000] {processor.py:186} INFO - Started process (PID=1824) to work on /home/airflow/.local/lib/python3.12/site-packages/airflow/example_dags/example_latest_only_with_trigger.py
[2025-02-25T23:10:56.908+0000] {processor.py:914} INFO - Processing file /home/airflow/.local/lib/python3.12/site-packages/airflow/example_dags/example_latest_only_with_trigger.py for tasks to queue
[2025-02-25T23:10:56.909+0000] {logging_mixin.py:190} INFO - [2025-02-25T23:10:56.909+0000] {dagbag.py:588} INFO - Filling up the DagBag from /home/airflow/.local/lib/python3.12/site-packages/airflow/example_dags/example_latest_only_with_trigger.py
[2025-02-25T23:10:56.915+0000] {processor.py:925} INFO - DAG(s) 'latest_only_with_trigger' retrieved from /home/airflow/.local/lib/python3.12/site-packages/airflow/example_dags/example_latest_only_with_trigger.py
[2025-02-25T23:10:56.932+0000] {logging_mixin.py:190} INFO - [2025-02-25T23:10:56.932+0000] {dag.py:3239} INFO - Sync 1 DAGs
[2025-02-25T23:10:56.960+0000] {logging_mixin.py:190} INFO - [2025-02-25T23:10:56.959+0000] {dag.py:4180} INFO - Setting next_dagrun for latest_only_with_trigger to 2025-02-25 16:00:00+00:00, run_after=2025-02-25 20:00:00+00:00
[2025-02-25T23:10:56.978+0000] {processor.py:208} INFO - Processing /home/airflow/.local/lib/python3.12/site-packages/airflow/example_dags/example_latest_only_with_trigger.py took 0.075 seconds
[2025-02-25T23:11:51.671+0000] {processor.py:186} INFO - Started process (PID=91) to work on /home/airflow/.local/lib/python3.12/site-packages/airflow/example_dags/example_latest_only_with_trigger.py
[2025-02-25T23:11:51.672+0000] {processor.py:914} INFO - Processing file /home/airflow/.local/lib/python3.12/site-packages/airflow/example_dags/example_latest_only_with_trigger.py for tasks to queue
[2025-02-25T23:11:51.673+0000] {logging_mixin.py:190} INFO - [2025-02-25T23:11:51.673+0000] {dagbag.py:588} INFO - Filling up the DagBag from /home/airflow/.local/lib/python3.12/site-packages/airflow/example_dags/example_latest_only_with_trigger.py
[2025-02-25T23:11:51.678+0000] {processor.py:925} INFO - DAG(s) 'latest_only_with_trigger' retrieved from /home/airflow/.local/lib/python3.12/site-packages/airflow/example_dags/example_latest_only_with_trigger.py
[2025-02-25T23:11:51.691+0000] {logging_mixin.py:190} INFO - [2025-02-25T23:11:51.691+0000] {dag.py:3239} INFO - Sync 1 DAGs
[2025-02-25T23:11:51.708+0000] {logging_mixin.py:190} INFO - [2025-02-25T23:11:51.708+0000] {dag.py:4180} INFO - Setting next_dagrun for latest_only_with_trigger to 2025-02-25 16:00:00+00:00, run_after=2025-02-25 20:00:00+00:00
[2025-02-25T23:11:51.721+0000] {processor.py:208} INFO - Processing /home/airflow/.local/lib/python3.12/site-packages/airflow/example_dags/example_latest_only_with_trigger.py took 0.053 seconds
[2025-02-25T23:12:22.202+0000] {processor.py:186} INFO - Started process (PID=155) to work on /home/airflow/.local/lib/python3.12/site-packages/airflow/example_dags/example_latest_only_with_trigger.py
[2025-02-25T23:12:22.203+0000] {processor.py:914} INFO - Processing file /home/airflow/.local/lib/python3.12/site-packages/airflow/example_dags/example_latest_only_with_trigger.py for tasks to queue
[2025-02-25T23:12:22.204+0000] {logging_mixin.py:190} INFO - [2025-02-25T23:12:22.204+0000] {dagbag.py:588} INFO - Filling up the DagBag from /home/airflow/.local/lib/python3.12/site-packages/airflow/example_dags/example_latest_only_with_trigger.py
[2025-02-25T23:12:22.209+0000] {processor.py:925} INFO - DAG(s) 'latest_only_with_trigger' retrieved from /home/airflow/.local/lib/python3.12/site-packages/airflow/example_dags/example_latest_only_with_trigger.py
[2025-02-25T23:12:22.224+0000] {logging_mixin.py:190} INFO - [2025-02-25T23:12:22.224+0000] {dag.py:3239} INFO - Sync 1 DAGs
[2025-02-25T23:12:22.240+0000] {logging_mixin.py:190} INFO - [2025-02-25T23:12:22.240+0000] {dag.py:4180} INFO - Setting next_dagrun for latest_only_with_trigger to 2025-02-25 16:00:00+00:00, run_after=2025-02-25 20:00:00+00:00
[2025-02-25T23:12:22.253+0000] {processor.py:208} INFO - Processing /home/airflow/.local/lib/python3.12/site-packages/airflow/example_dags/example_latest_only_with_trigger.py took 0.054 seconds
[2025-02-25T23:12:53.234+0000] {processor.py:186} INFO - Started process (PID=219) to work on /home/airflow/.local/lib/python3.12/site-packages/airflow/example_dags/example_latest_only_with_trigger.py
[2025-02-25T23:12:53.234+0000] {processor.py:914} INFO - Processing file /home/airflow/.local/lib/python3.12/site-packages/airflow/example_dags/example_latest_only_with_trigger.py for tasks to queue
[2025-02-25T23:12:53.236+0000] {logging_mixin.py:190} INFO - [2025-02-25T23:12:53.235+0000] {dagbag.py:588} INFO - Filling up the DagBag from /home/airflow/.local/lib/python3.12/site-packages/airflow/example_dags/example_latest_only_with_trigger.py
[2025-02-25T23:12:53.240+0000] {processor.py:925} INFO - DAG(s) 'latest_only_with_trigger' retrieved from /home/airflow/.local/lib/python3.12/site-packages/airflow/example_dags/example_latest_only_with_trigger.py
[2025-02-25T23:12:53.254+0000] {logging_mixin.py:190} INFO - [2025-02-25T23:12:53.253+0000] {dag.py:3239} INFO - Sync 1 DAGs
[2025-02-25T23:12:53.270+0000] {logging_mixin.py:190} INFO - [2025-02-25T23:12:53.270+0000] {dag.py:4180} INFO - Setting next_dagrun for latest_only_with_trigger to 2025-02-25 16:00:00+00:00, run_after=2025-02-25 20:00:00+00:00
[2025-02-25T23:12:53.282+0000] {processor.py:208} INFO - Processing /home/airflow/.local/lib/python3.12/site-packages/airflow/example_dags/example_latest_only_with_trigger.py took 0.052 seconds
[2025-02-25T23:13:23.849+0000] {processor.py:186} INFO - Started process (PID=283) to work on /home/airflow/.local/lib/python3.12/site-packages/airflow/example_dags/example_latest_only_with_trigger.py
[2025-02-25T23:13:23.849+0000] {processor.py:914} INFO - Processing file /home/airflow/.local/lib/python3.12/site-packages/airflow/example_dags/example_latest_only_with_trigger.py for tasks to queue
[2025-02-25T23:13:23.851+0000] {logging_mixin.py:190} INFO - [2025-02-25T23:13:23.851+0000] {dagbag.py:588} INFO - Filling up the DagBag from /home/airflow/.local/lib/python3.12/site-packages/airflow/example_dags/example_latest_only_with_trigger.py
[2025-02-25T23:13:23.857+0000] {processor.py:925} INFO - DAG(s) 'latest_only_with_trigger' retrieved from /home/airflow/.local/lib/python3.12/site-packages/airflow/example_dags/example_latest_only_with_trigger.py
[2025-02-25T23:13:23.878+0000] {logging_mixin.py:190} INFO - [2025-02-25T23:13:23.877+0000] {dag.py:3239} INFO - Sync 1 DAGs
[2025-02-25T23:13:23.899+0000] {logging_mixin.py:190} INFO - [2025-02-25T23:13:23.898+0000] {dag.py:4180} INFO - Setting next_dagrun for latest_only_with_trigger to 2025-02-25 16:00:00+00:00, run_after=2025-02-25 20:00:00+00:00
[2025-02-25T23:13:23.915+0000] {processor.py:208} INFO - Processing /home/airflow/.local/lib/python3.12/site-packages/airflow/example_dags/example_latest_only_with_trigger.py took 0.070 seconds
[2025-02-25T23:13:54.200+0000] {processor.py:186} INFO - Started process (PID=346) to work on /home/airflow/.local/lib/python3.12/site-packages/airflow/example_dags/example_latest_only_with_trigger.py
[2025-02-25T23:13:54.201+0000] {processor.py:914} INFO - Processing file /home/airflow/.local/lib/python3.12/site-packages/airflow/example_dags/example_latest_only_with_trigger.py for tasks to queue
[2025-02-25T23:13:54.202+0000] {logging_mixin.py:190} INFO - [2025-02-25T23:13:54.202+0000] {dagbag.py:588} INFO - Filling up the DagBag from /home/airflow/.local/lib/python3.12/site-packages/airflow/example_dags/example_latest_only_with_trigger.py
[2025-02-25T23:13:54.207+0000] {processor.py:925} INFO - DAG(s) 'latest_only_with_trigger' retrieved from /home/airflow/.local/lib/python3.12/site-packages/airflow/example_dags/example_latest_only_with_trigger.py
[2025-02-25T23:13:54.221+0000] {logging_mixin.py:190} INFO - [2025-02-25T23:13:54.220+0000] {dag.py:3239} INFO - Sync 1 DAGs
[2025-02-25T23:13:54.237+0000] {logging_mixin.py:190} INFO - [2025-02-25T23:13:54.237+0000] {dag.py:4180} INFO - Setting next_dagrun for latest_only_with_trigger to 2025-02-25 16:00:00+00:00, run_after=2025-02-25 20:00:00+00:00
[2025-02-25T23:13:54.249+0000] {processor.py:208} INFO - Processing /home/airflow/.local/lib/python3.12/site-packages/airflow/example_dags/example_latest_only_with_trigger.py took 0.053 seconds
[2025-02-25T23:14:24.574+0000] {processor.py:186} INFO - Started process (PID=410) to work on /home/airflow/.local/lib/python3.12/site-packages/airflow/example_dags/example_latest_only_with_trigger.py
[2025-02-25T23:14:24.575+0000] {processor.py:914} INFO - Processing file /home/airflow/.local/lib/python3.12/site-packages/airflow/example_dags/example_latest_only_with_trigger.py for tasks to queue
[2025-02-25T23:14:24.576+0000] {logging_mixin.py:190} INFO - [2025-02-25T23:14:24.576+0000] {dagbag.py:588} INFO - Filling up the DagBag from /home/airflow/.local/lib/python3.12/site-packages/airflow/example_dags/example_latest_only_with_trigger.py
[2025-02-25T23:14:24.581+0000] {processor.py:925} INFO - DAG(s) 'latest_only_with_trigger' retrieved from /home/airflow/.local/lib/python3.12/site-packages/airflow/example_dags/example_latest_only_with_trigger.py
[2025-02-25T23:14:24.595+0000] {logging_mixin.py:190} INFO - [2025-02-25T23:14:24.595+0000] {dag.py:3239} INFO - Sync 1 DAGs
[2025-02-25T23:14:24.613+0000] {logging_mixin.py:190} INFO - [2025-02-25T23:14:24.613+0000] {dag.py:4180} INFO - Setting next_dagrun for latest_only_with_trigger to 2025-02-25 16:00:00+00:00, run_after=2025-02-25 20:00:00+00:00
[2025-02-25T23:14:24.627+0000] {processor.py:208} INFO - Processing /home/airflow/.local/lib/python3.12/site-packages/airflow/example_dags/example_latest_only_with_trigger.py took 0.057 seconds
[2025-02-25T23:14:54.720+0000] {processor.py:186} INFO - Started process (PID=473) to work on /home/airflow/.local/lib/python3.12/site-packages/airflow/example_dags/example_latest_only_with_trigger.py
[2025-02-25T23:14:54.720+0000] {processor.py:914} INFO - Processing file /home/airflow/.local/lib/python3.12/site-packages/airflow/example_dags/example_latest_only_with_trigger.py for tasks to queue
[2025-02-25T23:14:54.722+0000] {logging_mixin.py:190} INFO - [2025-02-25T23:14:54.722+0000] {dagbag.py:588} INFO - Filling up the DagBag from /home/airflow/.local/lib/python3.12/site-packages/airflow/example_dags/example_latest_only_with_trigger.py
[2025-02-25T23:14:54.727+0000] {processor.py:925} INFO - DAG(s) 'latest_only_with_trigger' retrieved from /home/airflow/.local/lib/python3.12/site-packages/airflow/example_dags/example_latest_only_with_trigger.py
[2025-02-25T23:14:54.741+0000] {logging_mixin.py:190} INFO - [2025-02-25T23:14:54.741+0000] {dag.py:3239} INFO - Sync 1 DAGs
[2025-02-25T23:14:54.757+0000] {logging_mixin.py:190} INFO - [2025-02-25T23:14:54.757+0000] {dag.py:4180} INFO - Setting next_dagrun for latest_only_with_trigger to 2025-02-25 16:00:00+00:00, run_after=2025-02-25 20:00:00+00:00
[2025-02-25T23:14:54.769+0000] {processor.py:208} INFO - Processing /home/airflow/.local/lib/python3.12/site-packages/airflow/example_dags/example_latest_only_with_trigger.py took 0.054 seconds
[2025-02-25T23:15:25.122+0000] {processor.py:186} INFO - Started process (PID=537) to work on /home/airflow/.local/lib/python3.12/site-packages/airflow/example_dags/example_latest_only_with_trigger.py
[2025-02-25T23:15:25.123+0000] {processor.py:914} INFO - Processing file /home/airflow/.local/lib/python3.12/site-packages/airflow/example_dags/example_latest_only_with_trigger.py for tasks to queue
[2025-02-25T23:15:25.124+0000] {logging_mixin.py:190} INFO - [2025-02-25T23:15:25.124+0000] {dagbag.py:588} INFO - Filling up the DagBag from /home/airflow/.local/lib/python3.12/site-packages/airflow/example_dags/example_latest_only_with_trigger.py
[2025-02-25T23:15:25.130+0000] {processor.py:925} INFO - DAG(s) 'latest_only_with_trigger' retrieved from /home/airflow/.local/lib/python3.12/site-packages/airflow/example_dags/example_latest_only_with_trigger.py
[2025-02-25T23:15:25.144+0000] {logging_mixin.py:190} INFO - [2025-02-25T23:15:25.144+0000] {dag.py:3239} INFO - Sync 1 DAGs
[2025-02-25T23:15:25.160+0000] {logging_mixin.py:190} INFO - [2025-02-25T23:15:25.160+0000] {dag.py:4180} INFO - Setting next_dagrun for latest_only_with_trigger to 2025-02-25 16:00:00+00:00, run_after=2025-02-25 20:00:00+00:00
[2025-02-25T23:15:25.172+0000] {processor.py:208} INFO - Processing /home/airflow/.local/lib/python3.12/site-packages/airflow/example_dags/example_latest_only_with_trigger.py took 0.055 seconds
[2025-02-25T23:15:55.511+0000] {processor.py:186} INFO - Started process (PID=601) to work on /home/airflow/.local/lib/python3.12/site-packages/airflow/example_dags/example_latest_only_with_trigger.py
[2025-02-25T23:15:55.511+0000] {processor.py:914} INFO - Processing file /home/airflow/.local/lib/python3.12/site-packages/airflow/example_dags/example_latest_only_with_trigger.py for tasks to queue
[2025-02-25T23:15:55.513+0000] {logging_mixin.py:190} INFO - [2025-02-25T23:15:55.513+0000] {dagbag.py:588} INFO - Filling up the DagBag from /home/airflow/.local/lib/python3.12/site-packages/airflow/example_dags/example_latest_only_with_trigger.py
[2025-02-25T23:15:55.518+0000] {processor.py:925} INFO - DAG(s) 'latest_only_with_trigger' retrieved from /home/airflow/.local/lib/python3.12/site-packages/airflow/example_dags/example_latest_only_with_trigger.py
[2025-02-25T23:15:55.532+0000] {logging_mixin.py:190} INFO - [2025-02-25T23:15:55.532+0000] {dag.py:3239} INFO - Sync 1 DAGs
[2025-02-25T23:15:55.548+0000] {logging_mixin.py:190} INFO - [2025-02-25T23:15:55.548+0000] {dag.py:4180} INFO - Setting next_dagrun for latest_only_with_trigger to 2025-02-25 16:00:00+00:00, run_after=2025-02-25 20:00:00+00:00
[2025-02-25T23:15:55.560+0000] {processor.py:208} INFO - Processing /home/airflow/.local/lib/python3.12/site-packages/airflow/example_dags/example_latest_only_with_trigger.py took 0.054 seconds
[2025-02-25T23:16:25.659+0000] {processor.py:186} INFO - Started process (PID=665) to work on /home/airflow/.local/lib/python3.12/site-packages/airflow/example_dags/example_latest_only_with_trigger.py
[2025-02-25T23:16:25.660+0000] {processor.py:914} INFO - Processing file /home/airflow/.local/lib/python3.12/site-packages/airflow/example_dags/example_latest_only_with_trigger.py for tasks to queue
[2025-02-25T23:16:25.662+0000] {logging_mixin.py:190} INFO - [2025-02-25T23:16:25.662+0000] {dagbag.py:588} INFO - Filling up the DagBag from /home/airflow/.local/lib/python3.12/site-packages/airflow/example_dags/example_latest_only_with_trigger.py
[2025-02-25T23:16:25.668+0000] {processor.py:925} INFO - DAG(s) 'latest_only_with_trigger' retrieved from /home/airflow/.local/lib/python3.12/site-packages/airflow/example_dags/example_latest_only_with_trigger.py
[2025-02-25T23:16:25.684+0000] {logging_mixin.py:190} INFO - [2025-02-25T23:16:25.683+0000] {dag.py:3239} INFO - Sync 1 DAGs
[2025-02-25T23:16:25.708+0000] {logging_mixin.py:190} INFO - [2025-02-25T23:16:25.707+0000] {dag.py:4180} INFO - Setting next_dagrun for latest_only_with_trigger to 2025-02-25 16:00:00+00:00, run_after=2025-02-25 20:00:00+00:00
[2025-02-25T23:16:25.729+0000] {processor.py:208} INFO - Processing /home/airflow/.local/lib/python3.12/site-packages/airflow/example_dags/example_latest_only_with_trigger.py took 0.075 seconds
[2025-02-25T23:16:56.533+0000] {processor.py:186} INFO - Started process (PID=729) to work on /home/airflow/.local/lib/python3.12/site-packages/airflow/example_dags/example_latest_only_with_trigger.py
[2025-02-25T23:16:56.534+0000] {processor.py:914} INFO - Processing file /home/airflow/.local/lib/python3.12/site-packages/airflow/example_dags/example_latest_only_with_trigger.py for tasks to queue
[2025-02-25T23:16:56.535+0000] {logging_mixin.py:190} INFO - [2025-02-25T23:16:56.535+0000] {dagbag.py:588} INFO - Filling up the DagBag from /home/airflow/.local/lib/python3.12/site-packages/airflow/example_dags/example_latest_only_with_trigger.py
[2025-02-25T23:16:56.541+0000] {processor.py:925} INFO - DAG(s) 'latest_only_with_trigger' retrieved from /home/airflow/.local/lib/python3.12/site-packages/airflow/example_dags/example_latest_only_with_trigger.py
[2025-02-25T23:16:56.555+0000] {logging_mixin.py:190} INFO - [2025-02-25T23:16:56.555+0000] {dag.py:3239} INFO - Sync 1 DAGs
[2025-02-25T23:16:56.572+0000] {logging_mixin.py:190} INFO - [2025-02-25T23:16:56.572+0000] {dag.py:4180} INFO - Setting next_dagrun for latest_only_with_trigger to 2025-02-25 16:00:00+00:00, run_after=2025-02-25 20:00:00+00:00
[2025-02-25T23:16:56.587+0000] {processor.py:208} INFO - Processing /home/airflow/.local/lib/python3.12/site-packages/airflow/example_dags/example_latest_only_with_trigger.py took 0.058 seconds
[2025-02-25T23:17:26.910+0000] {processor.py:186} INFO - Started process (PID=793) to work on /home/airflow/.local/lib/python3.12/site-packages/airflow/example_dags/example_latest_only_with_trigger.py
[2025-02-25T23:17:26.911+0000] {processor.py:914} INFO - Processing file /home/airflow/.local/lib/python3.12/site-packages/airflow/example_dags/example_latest_only_with_trigger.py for tasks to queue
[2025-02-25T23:17:26.913+0000] {logging_mixin.py:190} INFO - [2025-02-25T23:17:26.913+0000] {dagbag.py:588} INFO - Filling up the DagBag from /home/airflow/.local/lib/python3.12/site-packages/airflow/example_dags/example_latest_only_with_trigger.py
[2025-02-25T23:17:26.918+0000] {processor.py:925} INFO - DAG(s) 'latest_only_with_trigger' retrieved from /home/airflow/.local/lib/python3.12/site-packages/airflow/example_dags/example_latest_only_with_trigger.py
[2025-02-25T23:17:26.933+0000] {logging_mixin.py:190} INFO - [2025-02-25T23:17:26.933+0000] {dag.py:3239} INFO - Sync 1 DAGs
[2025-02-25T23:17:26.951+0000] {logging_mixin.py:190} INFO - [2025-02-25T23:17:26.951+0000] {dag.py:4180} INFO - Setting next_dagrun for latest_only_with_trigger to 2025-02-25 16:00:00+00:00, run_after=2025-02-25 20:00:00+00:00
[2025-02-25T23:17:26.964+0000] {processor.py:208} INFO - Processing /home/airflow/.local/lib/python3.12/site-packages/airflow/example_dags/example_latest_only_with_trigger.py took 0.060 seconds
[2025-02-25T23:17:57.319+0000] {processor.py:186} INFO - Started process (PID=856) to work on /home/airflow/.local/lib/python3.12/site-packages/airflow/example_dags/example_latest_only_with_trigger.py
[2025-02-25T23:17:57.320+0000] {processor.py:914} INFO - Processing file /home/airflow/.local/lib/python3.12/site-packages/airflow/example_dags/example_latest_only_with_trigger.py for tasks to queue
[2025-02-25T23:17:57.322+0000] {logging_mixin.py:190} INFO - [2025-02-25T23:17:57.321+0000] {dagbag.py:588} INFO - Filling up the DagBag from /home/airflow/.local/lib/python3.12/site-packages/airflow/example_dags/example_latest_only_with_trigger.py
[2025-02-25T23:17:57.327+0000] {processor.py:925} INFO - DAG(s) 'latest_only_with_trigger' retrieved from /home/airflow/.local/lib/python3.12/site-packages/airflow/example_dags/example_latest_only_with_trigger.py
[2025-02-25T23:17:57.340+0000] {logging_mixin.py:190} INFO - [2025-02-25T23:17:57.340+0000] {dag.py:3239} INFO - Sync 1 DAGs
[2025-02-25T23:17:57.359+0000] {logging_mixin.py:190} INFO - [2025-02-25T23:17:57.359+0000] {dag.py:4180} INFO - Setting next_dagrun for latest_only_with_trigger to 2025-02-25 16:00:00+00:00, run_after=2025-02-25 20:00:00+00:00
[2025-02-25T23:17:57.375+0000] {processor.py:208} INFO - Processing /home/airflow/.local/lib/python3.12/site-packages/airflow/example_dags/example_latest_only_with_trigger.py took 0.059 seconds
[2025-02-25T23:18:28.011+0000] {processor.py:186} INFO - Started process (PID=920) to work on /home/airflow/.local/lib/python3.12/site-packages/airflow/example_dags/example_latest_only_with_trigger.py
[2025-02-25T23:18:28.011+0000] {processor.py:914} INFO - Processing file /home/airflow/.local/lib/python3.12/site-packages/airflow/example_dags/example_latest_only_with_trigger.py for tasks to queue
[2025-02-25T23:18:28.013+0000] {logging_mixin.py:190} INFO - [2025-02-25T23:18:28.013+0000] {dagbag.py:588} INFO - Filling up the DagBag from /home/airflow/.local/lib/python3.12/site-packages/airflow/example_dags/example_latest_only_with_trigger.py
[2025-02-25T23:18:28.019+0000] {processor.py:925} INFO - DAG(s) 'latest_only_with_trigger' retrieved from /home/airflow/.local/lib/python3.12/site-packages/airflow/example_dags/example_latest_only_with_trigger.py
[2025-02-25T23:18:28.035+0000] {logging_mixin.py:190} INFO - [2025-02-25T23:18:28.035+0000] {dag.py:3239} INFO - Sync 1 DAGs
[2025-02-25T23:18:28.060+0000] {logging_mixin.py:190} INFO - [2025-02-25T23:18:28.059+0000] {dag.py:4180} INFO - Setting next_dagrun for latest_only_with_trigger to 2025-02-25 16:00:00+00:00, run_after=2025-02-25 20:00:00+00:00
[2025-02-25T23:18:28.078+0000] {processor.py:208} INFO - Processing /home/airflow/.local/lib/python3.12/site-packages/airflow/example_dags/example_latest_only_with_trigger.py took 0.071 seconds
[2025-02-25T23:18:59.538+0000] {processor.py:186} INFO - Started process (PID=985) to work on /home/airflow/.local/lib/python3.12/site-packages/airflow/example_dags/example_latest_only_with_trigger.py
[2025-02-25T23:18:59.539+0000] {processor.py:914} INFO - Processing file /home/airflow/.local/lib/python3.12/site-packages/airflow/example_dags/example_latest_only_with_trigger.py for tasks to queue
[2025-02-25T23:18:59.541+0000] {logging_mixin.py:190} INFO - [2025-02-25T23:18:59.540+0000] {dagbag.py:588} INFO - Filling up the DagBag from /home/airflow/.local/lib/python3.12/site-packages/airflow/example_dags/example_latest_only_with_trigger.py
[2025-02-25T23:18:59.547+0000] {processor.py:925} INFO - DAG(s) 'latest_only_with_trigger' retrieved from /home/airflow/.local/lib/python3.12/site-packages/airflow/example_dags/example_latest_only_with_trigger.py
[2025-02-25T23:18:59.564+0000] {logging_mixin.py:190} INFO - [2025-02-25T23:18:59.563+0000] {dag.py:3239} INFO - Sync 1 DAGs
[2025-02-25T23:18:59.582+0000] {logging_mixin.py:190} INFO - [2025-02-25T23:18:59.581+0000] {dag.py:4180} INFO - Setting next_dagrun for latest_only_with_trigger to 2025-02-25 16:00:00+00:00, run_after=2025-02-25 20:00:00+00:00
[2025-02-25T23:18:59.596+0000] {processor.py:208} INFO - Processing /home/airflow/.local/lib/python3.12/site-packages/airflow/example_dags/example_latest_only_with_trigger.py took 0.062 seconds
[2025-02-25T23:19:30.627+0000] {processor.py:186} INFO - Started process (PID=1049) to work on /home/airflow/.local/lib/python3.12/site-packages/airflow/example_dags/example_latest_only_with_trigger.py
[2025-02-25T23:19:30.627+0000] {processor.py:914} INFO - Processing file /home/airflow/.local/lib/python3.12/site-packages/airflow/example_dags/example_latest_only_with_trigger.py for tasks to queue
[2025-02-25T23:19:30.629+0000] {logging_mixin.py:190} INFO - [2025-02-25T23:19:30.629+0000] {dagbag.py:588} INFO - Filling up the DagBag from /home/airflow/.local/lib/python3.12/site-packages/airflow/example_dags/example_latest_only_with_trigger.py
[2025-02-25T23:19:30.634+0000] {processor.py:925} INFO - DAG(s) 'latest_only_with_trigger' retrieved from /home/airflow/.local/lib/python3.12/site-packages/airflow/example_dags/example_latest_only_with_trigger.py
[2025-02-25T23:19:30.648+0000] {logging_mixin.py:190} INFO - [2025-02-25T23:19:30.648+0000] {dag.py:3239} INFO - Sync 1 DAGs
[2025-02-25T23:19:30.665+0000] {logging_mixin.py:190} INFO - [2025-02-25T23:19:30.665+0000] {dag.py:4180} INFO - Setting next_dagrun for latest_only_with_trigger to 2025-02-25 16:00:00+00:00, run_after=2025-02-25 20:00:00+00:00
[2025-02-25T23:19:30.679+0000] {processor.py:208} INFO - Processing /home/airflow/.local/lib/python3.12/site-packages/airflow/example_dags/example_latest_only_with_trigger.py took 0.057 seconds
[2025-02-25T23:20:01.779+0000] {processor.py:186} INFO - Started process (PID=1113) to work on /home/airflow/.local/lib/python3.12/site-packages/airflow/example_dags/example_latest_only_with_trigger.py
[2025-02-25T23:20:01.780+0000] {processor.py:914} INFO - Processing file /home/airflow/.local/lib/python3.12/site-packages/airflow/example_dags/example_latest_only_with_trigger.py for tasks to queue
[2025-02-25T23:20:01.781+0000] {logging_mixin.py:190} INFO - [2025-02-25T23:20:01.781+0000] {dagbag.py:588} INFO - Filling up the DagBag from /home/airflow/.local/lib/python3.12/site-packages/airflow/example_dags/example_latest_only_with_trigger.py
[2025-02-25T23:20:01.786+0000] {processor.py:925} INFO - DAG(s) 'latest_only_with_trigger' retrieved from /home/airflow/.local/lib/python3.12/site-packages/airflow/example_dags/example_latest_only_with_trigger.py
[2025-02-25T23:20:01.799+0000] {logging_mixin.py:190} INFO - [2025-02-25T23:20:01.799+0000] {dag.py:3239} INFO - Sync 1 DAGs
[2025-02-25T23:20:01.814+0000] {logging_mixin.py:190} INFO - [2025-02-25T23:20:01.814+0000] {dag.py:4180} INFO - Setting next_dagrun for latest_only_with_trigger to 2025-02-25 16:00:00+00:00, run_after=2025-02-25 20:00:00+00:00
[2025-02-25T23:20:01.826+0000] {processor.py:208} INFO - Processing /home/airflow/.local/lib/python3.12/site-packages/airflow/example_dags/example_latest_only_with_trigger.py took 0.051 seconds
[2025-02-25T23:20:32.720+0000] {processor.py:186} INFO - Started process (PID=1177) to work on /home/airflow/.local/lib/python3.12/site-packages/airflow/example_dags/example_latest_only_with_trigger.py
[2025-02-25T23:20:32.721+0000] {processor.py:914} INFO - Processing file /home/airflow/.local/lib/python3.12/site-packages/airflow/example_dags/example_latest_only_with_trigger.py for tasks to queue
[2025-02-25T23:20:32.723+0000] {logging_mixin.py:190} INFO - [2025-02-25T23:20:32.722+0000] {dagbag.py:588} INFO - Filling up the DagBag from /home/airflow/.local/lib/python3.12/site-packages/airflow/example_dags/example_latest_only_with_trigger.py
[2025-02-25T23:20:32.728+0000] {processor.py:925} INFO - DAG(s) 'latest_only_with_trigger' retrieved from /home/airflow/.local/lib/python3.12/site-packages/airflow/example_dags/example_latest_only_with_trigger.py
[2025-02-25T23:20:32.741+0000] {logging_mixin.py:190} INFO - [2025-02-25T23:20:32.741+0000] {dag.py:3239} INFO - Sync 1 DAGs
[2025-02-25T23:20:32.757+0000] {logging_mixin.py:190} INFO - [2025-02-25T23:20:32.757+0000] {dag.py:4180} INFO - Setting next_dagrun for latest_only_with_trigger to 2025-02-25 16:00:00+00:00, run_after=2025-02-25 20:00:00+00:00
[2025-02-25T23:20:32.770+0000] {processor.py:208} INFO - Processing /home/airflow/.local/lib/python3.12/site-packages/airflow/example_dags/example_latest_only_with_trigger.py took 0.054 seconds
[2025-02-25T23:21:03.998+0000] {processor.py:186} INFO - Started process (PID=1241) to work on /home/airflow/.local/lib/python3.12/site-packages/airflow/example_dags/example_latest_only_with_trigger.py
[2025-02-25T23:21:03.998+0000] {processor.py:914} INFO - Processing file /home/airflow/.local/lib/python3.12/site-packages/airflow/example_dags/example_latest_only_with_trigger.py for tasks to queue
[2025-02-25T23:21:04.000+0000] {logging_mixin.py:190} INFO - [2025-02-25T23:21:04.000+0000] {dagbag.py:588} INFO - Filling up the DagBag from /home/airflow/.local/lib/python3.12/site-packages/airflow/example_dags/example_latest_only_with_trigger.py
[2025-02-25T23:21:04.005+0000] {processor.py:925} INFO - DAG(s) 'latest_only_with_trigger' retrieved from /home/airflow/.local/lib/python3.12/site-packages/airflow/example_dags/example_latest_only_with_trigger.py
[2025-02-25T23:21:04.018+0000] {logging_mixin.py:190} INFO - [2025-02-25T23:21:04.018+0000] {dag.py:3239} INFO - Sync 1 DAGs
[2025-02-25T23:21:04.035+0000] {logging_mixin.py:190} INFO - [2025-02-25T23:21:04.035+0000] {dag.py:4180} INFO - Setting next_dagrun for latest_only_with_trigger to 2025-02-25 16:00:00+00:00, run_after=2025-02-25 20:00:00+00:00
[2025-02-25T23:21:04.049+0000] {processor.py:208} INFO - Processing /home/airflow/.local/lib/python3.12/site-packages/airflow/example_dags/example_latest_only_with_trigger.py took 0.055 seconds
[2025-02-25T23:21:34.909+0000] {processor.py:186} INFO - Started process (PID=1311) to work on /home/airflow/.local/lib/python3.12/site-packages/airflow/example_dags/example_latest_only_with_trigger.py
[2025-02-25T23:21:34.910+0000] {processor.py:914} INFO - Processing file /home/airflow/.local/lib/python3.12/site-packages/airflow/example_dags/example_latest_only_with_trigger.py for tasks to queue
[2025-02-25T23:21:34.911+0000] {logging_mixin.py:190} INFO - [2025-02-25T23:21:34.911+0000] {dagbag.py:588} INFO - Filling up the DagBag from /home/airflow/.local/lib/python3.12/site-packages/airflow/example_dags/example_latest_only_with_trigger.py
[2025-02-25T23:21:34.916+0000] {processor.py:925} INFO - DAG(s) 'latest_only_with_trigger' retrieved from /home/airflow/.local/lib/python3.12/site-packages/airflow/example_dags/example_latest_only_with_trigger.py
[2025-02-25T23:21:34.930+0000] {logging_mixin.py:190} INFO - [2025-02-25T23:21:34.929+0000] {dag.py:3239} INFO - Sync 1 DAGs
[2025-02-25T23:21:34.946+0000] {logging_mixin.py:190} INFO - [2025-02-25T23:21:34.946+0000] {dag.py:4180} INFO - Setting next_dagrun for latest_only_with_trigger to 2025-02-25 16:00:00+00:00, run_after=2025-02-25 20:00:00+00:00
[2025-02-25T23:21:34.960+0000] {processor.py:208} INFO - Processing /home/airflow/.local/lib/python3.12/site-packages/airflow/example_dags/example_latest_only_with_trigger.py took 0.055 seconds
[2025-02-25T23:22:06.301+0000] {processor.py:186} INFO - Started process (PID=1375) to work on /home/airflow/.local/lib/python3.12/site-packages/airflow/example_dags/example_latest_only_with_trigger.py
[2025-02-25T23:22:06.301+0000] {processor.py:914} INFO - Processing file /home/airflow/.local/lib/python3.12/site-packages/airflow/example_dags/example_latest_only_with_trigger.py for tasks to queue
[2025-02-25T23:22:06.303+0000] {logging_mixin.py:190} INFO - [2025-02-25T23:22:06.303+0000] {dagbag.py:588} INFO - Filling up the DagBag from /home/airflow/.local/lib/python3.12/site-packages/airflow/example_dags/example_latest_only_with_trigger.py
[2025-02-25T23:22:06.310+0000] {processor.py:925} INFO - DAG(s) 'latest_only_with_trigger' retrieved from /home/airflow/.local/lib/python3.12/site-packages/airflow/example_dags/example_latest_only_with_trigger.py
[2025-02-25T23:22:06.323+0000] {logging_mixin.py:190} INFO - [2025-02-25T23:22:06.323+0000] {dag.py:3239} INFO - Sync 1 DAGs
[2025-02-25T23:22:06.339+0000] {logging_mixin.py:190} INFO - [2025-02-25T23:22:06.339+0000] {dag.py:4180} INFO - Setting next_dagrun for latest_only_with_trigger to 2025-02-25 16:00:00+00:00, run_after=2025-02-25 20:00:00+00:00
[2025-02-25T23:22:06.353+0000] {processor.py:208} INFO - Processing /home/airflow/.local/lib/python3.12/site-packages/airflow/example_dags/example_latest_only_with_trigger.py took 0.056 seconds
[2025-02-25T23:22:36.793+0000] {processor.py:186} INFO - Started process (PID=1439) to work on /home/airflow/.local/lib/python3.12/site-packages/airflow/example_dags/example_latest_only_with_trigger.py
[2025-02-25T23:22:36.794+0000] {processor.py:914} INFO - Processing file /home/airflow/.local/lib/python3.12/site-packages/airflow/example_dags/example_latest_only_with_trigger.py for tasks to queue
[2025-02-25T23:22:36.795+0000] {logging_mixin.py:190} INFO - [2025-02-25T23:22:36.795+0000] {dagbag.py:588} INFO - Filling up the DagBag from /home/airflow/.local/lib/python3.12/site-packages/airflow/example_dags/example_latest_only_with_trigger.py
[2025-02-25T23:22:36.800+0000] {processor.py:925} INFO - DAG(s) 'latest_only_with_trigger' retrieved from /home/airflow/.local/lib/python3.12/site-packages/airflow/example_dags/example_latest_only_with_trigger.py
[2025-02-25T23:22:36.812+0000] {logging_mixin.py:190} INFO - [2025-02-25T23:22:36.812+0000] {dag.py:3239} INFO - Sync 1 DAGs
[2025-02-25T23:22:36.828+0000] {logging_mixin.py:190} INFO - [2025-02-25T23:22:36.828+0000] {dag.py:4180} INFO - Setting next_dagrun for latest_only_with_trigger to 2025-02-25 16:00:00+00:00, run_after=2025-02-25 20:00:00+00:00
[2025-02-25T23:22:36.840+0000] {processor.py:208} INFO - Processing /home/airflow/.local/lib/python3.12/site-packages/airflow/example_dags/example_latest_only_with_trigger.py took 0.052 seconds
[2025-02-25T23:23:08.150+0000] {processor.py:186} INFO - Started process (PID=1503) to work on /home/airflow/.local/lib/python3.12/site-packages/airflow/example_dags/example_latest_only_with_trigger.py
[2025-02-25T23:23:08.151+0000] {processor.py:914} INFO - Processing file /home/airflow/.local/lib/python3.12/site-packages/airflow/example_dags/example_latest_only_with_trigger.py for tasks to queue
[2025-02-25T23:23:08.152+0000] {logging_mixin.py:190} INFO - [2025-02-25T23:23:08.152+0000] {dagbag.py:588} INFO - Filling up the DagBag from /home/airflow/.local/lib/python3.12/site-packages/airflow/example_dags/example_latest_only_with_trigger.py
[2025-02-25T23:23:08.157+0000] {processor.py:925} INFO - DAG(s) 'latest_only_with_trigger' retrieved from /home/airflow/.local/lib/python3.12/site-packages/airflow/example_dags/example_latest_only_with_trigger.py
[2025-02-25T23:23:08.170+0000] {logging_mixin.py:190} INFO - [2025-02-25T23:23:08.170+0000] {dag.py:3239} INFO - Sync 1 DAGs
[2025-02-25T23:23:08.185+0000] {logging_mixin.py:190} INFO - [2025-02-25T23:23:08.185+0000] {dag.py:4180} INFO - Setting next_dagrun for latest_only_with_trigger to 2025-02-25 16:00:00+00:00, run_after=2025-02-25 20:00:00+00:00
[2025-02-25T23:23:08.197+0000] {processor.py:208} INFO - Processing /home/airflow/.local/lib/python3.12/site-packages/airflow/example_dags/example_latest_only_with_trigger.py took 0.051 seconds
[2025-02-25T23:23:39.651+0000] {processor.py:186} INFO - Started process (PID=1567) to work on /home/airflow/.local/lib/python3.12/site-packages/airflow/example_dags/example_latest_only_with_trigger.py
[2025-02-25T23:23:39.652+0000] {processor.py:914} INFO - Processing file /home/airflow/.local/lib/python3.12/site-packages/airflow/example_dags/example_latest_only_with_trigger.py for tasks to queue
[2025-02-25T23:23:39.654+0000] {logging_mixin.py:190} INFO - [2025-02-25T23:23:39.654+0000] {dagbag.py:588} INFO - Filling up the DagBag from /home/airflow/.local/lib/python3.12/site-packages/airflow/example_dags/example_latest_only_with_trigger.py
[2025-02-25T23:23:39.660+0000] {processor.py:925} INFO - DAG(s) 'latest_only_with_trigger' retrieved from /home/airflow/.local/lib/python3.12/site-packages/airflow/example_dags/example_latest_only_with_trigger.py
[2025-02-25T23:23:39.676+0000] {logging_mixin.py:190} INFO - [2025-02-25T23:23:39.676+0000] {dag.py:3239} INFO - Sync 1 DAGs
[2025-02-25T23:23:39.695+0000] {logging_mixin.py:190} INFO - [2025-02-25T23:23:39.694+0000] {dag.py:4180} INFO - Setting next_dagrun for latest_only_with_trigger to 2025-02-25 16:00:00+00:00, run_after=2025-02-25 20:00:00+00:00
[2025-02-25T23:23:39.711+0000] {processor.py:208} INFO - Processing /home/airflow/.local/lib/python3.12/site-packages/airflow/example_dags/example_latest_only_with_trigger.py took 0.064 seconds
[2025-02-25T23:24:10.191+0000] {processor.py:186} INFO - Started process (PID=1631) to work on /home/airflow/.local/lib/python3.12/site-packages/airflow/example_dags/example_latest_only_with_trigger.py
[2025-02-25T23:24:10.192+0000] {processor.py:914} INFO - Processing file /home/airflow/.local/lib/python3.12/site-packages/airflow/example_dags/example_latest_only_with_trigger.py for tasks to queue
[2025-02-25T23:24:10.193+0000] {logging_mixin.py:190} INFO - [2025-02-25T23:24:10.193+0000] {dagbag.py:588} INFO - Filling up the DagBag from /home/airflow/.local/lib/python3.12/site-packages/airflow/example_dags/example_latest_only_with_trigger.py
[2025-02-25T23:24:10.198+0000] {processor.py:925} INFO - DAG(s) 'latest_only_with_trigger' retrieved from /home/airflow/.local/lib/python3.12/site-packages/airflow/example_dags/example_latest_only_with_trigger.py
[2025-02-25T23:24:10.211+0000] {logging_mixin.py:190} INFO - [2025-02-25T23:24:10.211+0000] {dag.py:3239} INFO - Sync 1 DAGs
[2025-02-25T23:24:10.228+0000] {logging_mixin.py:190} INFO - [2025-02-25T23:24:10.227+0000] {dag.py:4180} INFO - Setting next_dagrun for latest_only_with_trigger to 2025-02-25 16:00:00+00:00, run_after=2025-02-25 20:00:00+00:00
[2025-02-25T23:24:10.241+0000] {processor.py:208} INFO - Processing /home/airflow/.local/lib/python3.12/site-packages/airflow/example_dags/example_latest_only_with_trigger.py took 0.054 seconds
[2025-02-25T23:24:40.873+0000] {processor.py:186} INFO - Started process (PID=1695) to work on /home/airflow/.local/lib/python3.12/site-packages/airflow/example_dags/example_latest_only_with_trigger.py
[2025-02-25T23:24:40.874+0000] {processor.py:914} INFO - Processing file /home/airflow/.local/lib/python3.12/site-packages/airflow/example_dags/example_latest_only_with_trigger.py for tasks to queue
[2025-02-25T23:24:40.876+0000] {logging_mixin.py:190} INFO - [2025-02-25T23:24:40.876+0000] {dagbag.py:588} INFO - Filling up the DagBag from /home/airflow/.local/lib/python3.12/site-packages/airflow/example_dags/example_latest_only_with_trigger.py
[2025-02-25T23:24:40.881+0000] {processor.py:925} INFO - DAG(s) 'latest_only_with_trigger' retrieved from /home/airflow/.local/lib/python3.12/site-packages/airflow/example_dags/example_latest_only_with_trigger.py
[2025-02-25T23:24:40.897+0000] {logging_mixin.py:190} INFO - [2025-02-25T23:24:40.897+0000] {dag.py:3239} INFO - Sync 1 DAGs
[2025-02-25T23:24:40.914+0000] {logging_mixin.py:190} INFO - [2025-02-25T23:24:40.914+0000] {dag.py:4180} INFO - Setting next_dagrun for latest_only_with_trigger to 2025-02-25 16:00:00+00:00, run_after=2025-02-25 20:00:00+00:00
[2025-02-25T23:24:40.927+0000] {processor.py:208} INFO - Processing /home/airflow/.local/lib/python3.12/site-packages/airflow/example_dags/example_latest_only_with_trigger.py took 0.059 seconds
[2025-02-25T23:25:12.340+0000] {processor.py:186} INFO - Started process (PID=1759) to work on /home/airflow/.local/lib/python3.12/site-packages/airflow/example_dags/example_latest_only_with_trigger.py
[2025-02-25T23:25:12.340+0000] {processor.py:914} INFO - Processing file /home/airflow/.local/lib/python3.12/site-packages/airflow/example_dags/example_latest_only_with_trigger.py for tasks to queue
[2025-02-25T23:25:12.342+0000] {logging_mixin.py:190} INFO - [2025-02-25T23:25:12.342+0000] {dagbag.py:588} INFO - Filling up the DagBag from /home/airflow/.local/lib/python3.12/site-packages/airflow/example_dags/example_latest_only_with_trigger.py
[2025-02-25T23:25:12.347+0000] {processor.py:925} INFO - DAG(s) 'latest_only_with_trigger' retrieved from /home/airflow/.local/lib/python3.12/site-packages/airflow/example_dags/example_latest_only_with_trigger.py
[2025-02-25T23:25:12.364+0000] {logging_mixin.py:190} INFO - [2025-02-25T23:25:12.364+0000] {dag.py:3239} INFO - Sync 1 DAGs
[2025-02-25T23:25:12.383+0000] {logging_mixin.py:190} INFO - [2025-02-25T23:25:12.383+0000] {dag.py:4180} INFO - Setting next_dagrun for latest_only_with_trigger to 2025-02-25 16:00:00+00:00, run_after=2025-02-25 20:00:00+00:00
[2025-02-25T23:25:12.397+0000] {processor.py:208} INFO - Processing /home/airflow/.local/lib/python3.12/site-packages/airflow/example_dags/example_latest_only_with_trigger.py took 0.062 seconds
