[2025-02-25T22:56:53.834+0000] {processor.py:186} INFO - Started process (PID=53) to work on /home/airflow/.local/lib/python3.12/site-packages/airflow/example_dags/example_python_operator.py
[2025-02-25T22:56:53.835+0000] {processor.py:914} INFO - Processing file /home/airflow/.local/lib/python3.12/site-packages/airflow/example_dags/example_python_operator.py for tasks to queue
[2025-02-25T22:56:53.838+0000] {logging_mixin.py:190} INFO - [2025-02-25T22:56:53.837+0000] {dagbag.py:588} INFO - Filling up the DagBag from /home/airflow/.local/lib/python3.12/site-packages/airflow/example_dags/example_python_operator.py
[2025-02-25T22:56:53.855+0000] {processor.py:925} INFO - DAG(s) 'example_python_operator' retrieved from /home/airflow/.local/lib/python3.12/site-packages/airflow/example_dags/example_python_operator.py
[2025-02-25T22:56:53.975+0000] {logging_mixin.py:190} INFO - [2025-02-25T22:56:53.975+0000] {override.py:1912} INFO - Created Permission View: can read on DAG:example_python_operator
[2025-02-25T22:56:53.988+0000] {logging_mixin.py:190} INFO - [2025-02-25T22:56:53.987+0000] {override.py:1912} INFO - Created Permission View: can delete on DAG:example_python_operator
[2025-02-25T22:56:53.996+0000] {logging_mixin.py:190} INFO - [2025-02-25T22:56:53.996+0000] {override.py:1912} INFO - Created Permission View: can edit on DAG:example_python_operator
[2025-02-25T22:56:54.007+0000] {logging_mixin.py:190} INFO - [2025-02-25T22:56:54.006+0000] {override.py:1912} INFO - Created Permission View: can read on DAG Run:example_python_operator
[2025-02-25T22:56:54.014+0000] {logging_mixin.py:190} INFO - [2025-02-25T22:56:54.014+0000] {override.py:1912} INFO - Created Permission View: can create on DAG Run:example_python_operator
[2025-02-25T22:56:54.020+0000] {logging_mixin.py:190} INFO - [2025-02-25T22:56:54.020+0000] {override.py:1912} INFO - Created Permission View: can delete on DAG Run:example_python_operator
[2025-02-25T22:56:54.029+0000] {logging_mixin.py:190} INFO - [2025-02-25T22:56:54.029+0000] {override.py:1912} INFO - Created Permission View: menu access on DAG Run:example_python_operator
[2025-02-25T22:56:54.029+0000] {logging_mixin.py:190} INFO - [2025-02-25T22:56:54.029+0000] {dag.py:3239} INFO - Sync 1 DAGs
[2025-02-25T22:56:54.047+0000] {logging_mixin.py:190} INFO - [2025-02-25T22:56:54.047+0000] {dag.py:3262} INFO - Creating ORM DAG for example_python_operator
[2025-02-25T22:56:54.048+0000] {logging_mixin.py:190} INFO - [2025-02-25T22:56:54.048+0000] {dag.py:4180} INFO - Setting next_dagrun for example_python_operator to None, run_after=None
[2025-02-25T22:56:54.293+0000] {processor.py:208} INFO - Processing /home/airflow/.local/lib/python3.12/site-packages/airflow/example_dags/example_python_operator.py took 0.466 seconds
[2025-02-25T22:57:24.561+0000] {processor.py:186} INFO - Started process (PID=117) to work on /home/airflow/.local/lib/python3.12/site-packages/airflow/example_dags/example_python_operator.py
[2025-02-25T22:57:24.561+0000] {processor.py:914} INFO - Processing file /home/airflow/.local/lib/python3.12/site-packages/airflow/example_dags/example_python_operator.py for tasks to queue
[2025-02-25T22:57:24.563+0000] {logging_mixin.py:190} INFO - [2025-02-25T22:57:24.562+0000] {dagbag.py:588} INFO - Filling up the DagBag from /home/airflow/.local/lib/python3.12/site-packages/airflow/example_dags/example_python_operator.py
[2025-02-25T22:57:24.572+0000] {processor.py:925} INFO - DAG(s) 'example_python_operator' retrieved from /home/airflow/.local/lib/python3.12/site-packages/airflow/example_dags/example_python_operator.py
[2025-02-25T22:57:24.589+0000] {logging_mixin.py:190} INFO - [2025-02-25T22:57:24.589+0000] {dag.py:3239} INFO - Sync 1 DAGs
[2025-02-25T22:57:24.600+0000] {logging_mixin.py:190} INFO - [2025-02-25T22:57:24.600+0000] {dag.py:4180} INFO - Setting next_dagrun for example_python_operator to None, run_after=None
[2025-02-25T22:57:24.613+0000] {processor.py:208} INFO - Processing /home/airflow/.local/lib/python3.12/site-packages/airflow/example_dags/example_python_operator.py took 0.057 seconds
[2025-02-25T22:57:54.979+0000] {processor.py:186} INFO - Started process (PID=180) to work on /home/airflow/.local/lib/python3.12/site-packages/airflow/example_dags/example_python_operator.py
[2025-02-25T22:57:54.981+0000] {processor.py:914} INFO - Processing file /home/airflow/.local/lib/python3.12/site-packages/airflow/example_dags/example_python_operator.py for tasks to queue
[2025-02-25T22:57:54.983+0000] {logging_mixin.py:190} INFO - [2025-02-25T22:57:54.982+0000] {dagbag.py:588} INFO - Filling up the DagBag from /home/airflow/.local/lib/python3.12/site-packages/airflow/example_dags/example_python_operator.py
[2025-02-25T22:57:54.994+0000] {processor.py:925} INFO - DAG(s) 'example_python_operator' retrieved from /home/airflow/.local/lib/python3.12/site-packages/airflow/example_dags/example_python_operator.py
[2025-02-25T22:57:55.009+0000] {logging_mixin.py:190} INFO - [2025-02-25T22:57:55.009+0000] {dag.py:3239} INFO - Sync 1 DAGs
[2025-02-25T22:57:55.019+0000] {logging_mixin.py:190} INFO - [2025-02-25T22:57:55.019+0000] {dag.py:4180} INFO - Setting next_dagrun for example_python_operator to None, run_after=None
[2025-02-25T22:57:55.032+0000] {processor.py:208} INFO - Processing /home/airflow/.local/lib/python3.12/site-packages/airflow/example_dags/example_python_operator.py took 0.067 seconds
[2025-02-25T22:58:25.082+0000] {processor.py:186} INFO - Started process (PID=244) to work on /home/airflow/.local/lib/python3.12/site-packages/airflow/example_dags/example_python_operator.py
[2025-02-25T22:58:25.084+0000] {processor.py:914} INFO - Processing file /home/airflow/.local/lib/python3.12/site-packages/airflow/example_dags/example_python_operator.py for tasks to queue
[2025-02-25T22:58:25.086+0000] {logging_mixin.py:190} INFO - [2025-02-25T22:58:25.086+0000] {dagbag.py:588} INFO - Filling up the DagBag from /home/airflow/.local/lib/python3.12/site-packages/airflow/example_dags/example_python_operator.py
[2025-02-25T22:58:25.095+0000] {processor.py:925} INFO - DAG(s) 'example_python_operator' retrieved from /home/airflow/.local/lib/python3.12/site-packages/airflow/example_dags/example_python_operator.py
[2025-02-25T22:58:25.112+0000] {logging_mixin.py:190} INFO - [2025-02-25T22:58:25.112+0000] {dag.py:3239} INFO - Sync 1 DAGs
[2025-02-25T22:58:25.125+0000] {logging_mixin.py:190} INFO - [2025-02-25T22:58:25.124+0000] {dag.py:4180} INFO - Setting next_dagrun for example_python_operator to None, run_after=None
[2025-02-25T22:58:25.139+0000] {processor.py:208} INFO - Processing /home/airflow/.local/lib/python3.12/site-packages/airflow/example_dags/example_python_operator.py took 0.063 seconds
[2025-02-25T22:58:55.429+0000] {processor.py:186} INFO - Started process (PID=308) to work on /home/airflow/.local/lib/python3.12/site-packages/airflow/example_dags/example_python_operator.py
[2025-02-25T22:58:55.430+0000] {processor.py:914} INFO - Processing file /home/airflow/.local/lib/python3.12/site-packages/airflow/example_dags/example_python_operator.py for tasks to queue
[2025-02-25T22:58:55.432+0000] {logging_mixin.py:190} INFO - [2025-02-25T22:58:55.431+0000] {dagbag.py:588} INFO - Filling up the DagBag from /home/airflow/.local/lib/python3.12/site-packages/airflow/example_dags/example_python_operator.py
[2025-02-25T22:58:55.442+0000] {processor.py:925} INFO - DAG(s) 'example_python_operator' retrieved from /home/airflow/.local/lib/python3.12/site-packages/airflow/example_dags/example_python_operator.py
[2025-02-25T22:58:55.459+0000] {logging_mixin.py:190} INFO - [2025-02-25T22:58:55.458+0000] {dag.py:3239} INFO - Sync 1 DAGs
[2025-02-25T22:58:55.474+0000] {logging_mixin.py:190} INFO - [2025-02-25T22:58:55.473+0000] {dag.py:4180} INFO - Setting next_dagrun for example_python_operator to None, run_after=None
[2025-02-25T22:58:55.489+0000] {processor.py:208} INFO - Processing /home/airflow/.local/lib/python3.12/site-packages/airflow/example_dags/example_python_operator.py took 0.064 seconds
[2025-02-25T22:59:25.949+0000] {processor.py:186} INFO - Started process (PID=372) to work on /home/airflow/.local/lib/python3.12/site-packages/airflow/example_dags/example_python_operator.py
[2025-02-25T22:59:25.950+0000] {processor.py:914} INFO - Processing file /home/airflow/.local/lib/python3.12/site-packages/airflow/example_dags/example_python_operator.py for tasks to queue
[2025-02-25T22:59:25.952+0000] {logging_mixin.py:190} INFO - [2025-02-25T22:59:25.951+0000] {dagbag.py:588} INFO - Filling up the DagBag from /home/airflow/.local/lib/python3.12/site-packages/airflow/example_dags/example_python_operator.py
[2025-02-25T22:59:25.960+0000] {processor.py:925} INFO - DAG(s) 'example_python_operator' retrieved from /home/airflow/.local/lib/python3.12/site-packages/airflow/example_dags/example_python_operator.py
[2025-02-25T22:59:25.978+0000] {logging_mixin.py:190} INFO - [2025-02-25T22:59:25.978+0000] {dag.py:3239} INFO - Sync 1 DAGs
[2025-02-25T22:59:25.990+0000] {logging_mixin.py:190} INFO - [2025-02-25T22:59:25.989+0000] {dag.py:4180} INFO - Setting next_dagrun for example_python_operator to None, run_after=None
[2025-02-25T22:59:26.010+0000] {processor.py:208} INFO - Processing /home/airflow/.local/lib/python3.12/site-packages/airflow/example_dags/example_python_operator.py took 0.065 seconds
[2025-02-25T22:59:56.464+0000] {processor.py:186} INFO - Started process (PID=436) to work on /home/airflow/.local/lib/python3.12/site-packages/airflow/example_dags/example_python_operator.py
[2025-02-25T22:59:56.465+0000] {processor.py:914} INFO - Processing file /home/airflow/.local/lib/python3.12/site-packages/airflow/example_dags/example_python_operator.py for tasks to queue
[2025-02-25T22:59:56.466+0000] {logging_mixin.py:190} INFO - [2025-02-25T22:59:56.466+0000] {dagbag.py:588} INFO - Filling up the DagBag from /home/airflow/.local/lib/python3.12/site-packages/airflow/example_dags/example_python_operator.py
[2025-02-25T22:59:56.477+0000] {processor.py:925} INFO - DAG(s) 'example_python_operator' retrieved from /home/airflow/.local/lib/python3.12/site-packages/airflow/example_dags/example_python_operator.py
[2025-02-25T22:59:56.493+0000] {logging_mixin.py:190} INFO - [2025-02-25T22:59:56.493+0000] {dag.py:3239} INFO - Sync 1 DAGs
[2025-02-25T22:59:56.507+0000] {logging_mixin.py:190} INFO - [2025-02-25T22:59:56.506+0000] {dag.py:4180} INFO - Setting next_dagrun for example_python_operator to None, run_after=None
[2025-02-25T22:59:56.526+0000] {processor.py:208} INFO - Processing /home/airflow/.local/lib/python3.12/site-packages/airflow/example_dags/example_python_operator.py took 0.067 seconds
[2025-02-25T23:00:27.045+0000] {processor.py:186} INFO - Started process (PID=500) to work on /home/airflow/.local/lib/python3.12/site-packages/airflow/example_dags/example_python_operator.py
[2025-02-25T23:00:27.045+0000] {processor.py:914} INFO - Processing file /home/airflow/.local/lib/python3.12/site-packages/airflow/example_dags/example_python_operator.py for tasks to queue
[2025-02-25T23:00:27.048+0000] {logging_mixin.py:190} INFO - [2025-02-25T23:00:27.047+0000] {dagbag.py:588} INFO - Filling up the DagBag from /home/airflow/.local/lib/python3.12/site-packages/airflow/example_dags/example_python_operator.py
[2025-02-25T23:00:27.061+0000] {processor.py:925} INFO - DAG(s) 'example_python_operator' retrieved from /home/airflow/.local/lib/python3.12/site-packages/airflow/example_dags/example_python_operator.py
[2025-02-25T23:00:27.077+0000] {logging_mixin.py:190} INFO - [2025-02-25T23:00:27.077+0000] {dag.py:3239} INFO - Sync 1 DAGs
[2025-02-25T23:00:27.088+0000] {logging_mixin.py:190} INFO - [2025-02-25T23:00:27.088+0000] {dag.py:4180} INFO - Setting next_dagrun for example_python_operator to None, run_after=None
[2025-02-25T23:00:27.110+0000] {processor.py:208} INFO - Processing /home/airflow/.local/lib/python3.12/site-packages/airflow/example_dags/example_python_operator.py took 0.071 seconds
[2025-02-25T23:00:57.221+0000] {processor.py:186} INFO - Started process (PID=564) to work on /home/airflow/.local/lib/python3.12/site-packages/airflow/example_dags/example_python_operator.py
[2025-02-25T23:00:57.223+0000] {processor.py:914} INFO - Processing file /home/airflow/.local/lib/python3.12/site-packages/airflow/example_dags/example_python_operator.py for tasks to queue
[2025-02-25T23:00:57.225+0000] {logging_mixin.py:190} INFO - [2025-02-25T23:00:57.224+0000] {dagbag.py:588} INFO - Filling up the DagBag from /home/airflow/.local/lib/python3.12/site-packages/airflow/example_dags/example_python_operator.py
[2025-02-25T23:00:57.235+0000] {processor.py:925} INFO - DAG(s) 'example_python_operator' retrieved from /home/airflow/.local/lib/python3.12/site-packages/airflow/example_dags/example_python_operator.py
[2025-02-25T23:00:57.254+0000] {logging_mixin.py:190} INFO - [2025-02-25T23:00:57.254+0000] {dag.py:3239} INFO - Sync 1 DAGs
[2025-02-25T23:00:57.267+0000] {logging_mixin.py:190} INFO - [2025-02-25T23:00:57.267+0000] {dag.py:4180} INFO - Setting next_dagrun for example_python_operator to None, run_after=None
[2025-02-25T23:00:57.290+0000] {processor.py:208} INFO - Processing /home/airflow/.local/lib/python3.12/site-packages/airflow/example_dags/example_python_operator.py took 0.074 seconds
[2025-02-25T23:01:27.457+0000] {processor.py:186} INFO - Started process (PID=628) to work on /home/airflow/.local/lib/python3.12/site-packages/airflow/example_dags/example_python_operator.py
[2025-02-25T23:01:27.457+0000] {processor.py:914} INFO - Processing file /home/airflow/.local/lib/python3.12/site-packages/airflow/example_dags/example_python_operator.py for tasks to queue
[2025-02-25T23:01:27.459+0000] {logging_mixin.py:190} INFO - [2025-02-25T23:01:27.459+0000] {dagbag.py:588} INFO - Filling up the DagBag from /home/airflow/.local/lib/python3.12/site-packages/airflow/example_dags/example_python_operator.py
[2025-02-25T23:01:27.469+0000] {processor.py:925} INFO - DAG(s) 'example_python_operator' retrieved from /home/airflow/.local/lib/python3.12/site-packages/airflow/example_dags/example_python_operator.py
[2025-02-25T23:01:27.485+0000] {logging_mixin.py:190} INFO - [2025-02-25T23:01:27.485+0000] {dag.py:3239} INFO - Sync 1 DAGs
[2025-02-25T23:01:27.498+0000] {logging_mixin.py:190} INFO - [2025-02-25T23:01:27.498+0000] {dag.py:4180} INFO - Setting next_dagrun for example_python_operator to None, run_after=None
[2025-02-25T23:01:27.522+0000] {processor.py:208} INFO - Processing /home/airflow/.local/lib/python3.12/site-packages/airflow/example_dags/example_python_operator.py took 0.069 seconds
[2025-02-25T23:01:57.676+0000] {processor.py:186} INFO - Started process (PID=692) to work on /home/airflow/.local/lib/python3.12/site-packages/airflow/example_dags/example_python_operator.py
[2025-02-25T23:01:57.677+0000] {processor.py:914} INFO - Processing file /home/airflow/.local/lib/python3.12/site-packages/airflow/example_dags/example_python_operator.py for tasks to queue
[2025-02-25T23:01:57.682+0000] {logging_mixin.py:190} INFO - [2025-02-25T23:01:57.681+0000] {dagbag.py:588} INFO - Filling up the DagBag from /home/airflow/.local/lib/python3.12/site-packages/airflow/example_dags/example_python_operator.py
[2025-02-25T23:01:57.693+0000] {processor.py:925} INFO - DAG(s) 'example_python_operator' retrieved from /home/airflow/.local/lib/python3.12/site-packages/airflow/example_dags/example_python_operator.py
[2025-02-25T23:01:57.710+0000] {logging_mixin.py:190} INFO - [2025-02-25T23:01:57.709+0000] {dag.py:3239} INFO - Sync 1 DAGs
[2025-02-25T23:01:57.724+0000] {logging_mixin.py:190} INFO - [2025-02-25T23:01:57.723+0000] {dag.py:4180} INFO - Setting next_dagrun for example_python_operator to None, run_after=None
[2025-02-25T23:01:57.740+0000] {processor.py:208} INFO - Processing /home/airflow/.local/lib/python3.12/site-packages/airflow/example_dags/example_python_operator.py took 0.074 seconds
[2025-02-25T23:02:28.271+0000] {processor.py:186} INFO - Started process (PID=756) to work on /home/airflow/.local/lib/python3.12/site-packages/airflow/example_dags/example_python_operator.py
[2025-02-25T23:02:28.271+0000] {processor.py:914} INFO - Processing file /home/airflow/.local/lib/python3.12/site-packages/airflow/example_dags/example_python_operator.py for tasks to queue
[2025-02-25T23:02:28.273+0000] {logging_mixin.py:190} INFO - [2025-02-25T23:02:28.272+0000] {dagbag.py:588} INFO - Filling up the DagBag from /home/airflow/.local/lib/python3.12/site-packages/airflow/example_dags/example_python_operator.py
[2025-02-25T23:02:28.282+0000] {processor.py:925} INFO - DAG(s) 'example_python_operator' retrieved from /home/airflow/.local/lib/python3.12/site-packages/airflow/example_dags/example_python_operator.py
[2025-02-25T23:02:28.296+0000] {logging_mixin.py:190} INFO - [2025-02-25T23:02:28.296+0000] {dag.py:3239} INFO - Sync 1 DAGs
[2025-02-25T23:02:28.307+0000] {logging_mixin.py:190} INFO - [2025-02-25T23:02:28.307+0000] {dag.py:4180} INFO - Setting next_dagrun for example_python_operator to None, run_after=None
[2025-02-25T23:02:28.320+0000] {processor.py:208} INFO - Processing /home/airflow/.local/lib/python3.12/site-packages/airflow/example_dags/example_python_operator.py took 0.054 seconds
[2025-02-25T23:02:58.560+0000] {processor.py:186} INFO - Started process (PID=820) to work on /home/airflow/.local/lib/python3.12/site-packages/airflow/example_dags/example_python_operator.py
[2025-02-25T23:02:58.561+0000] {processor.py:914} INFO - Processing file /home/airflow/.local/lib/python3.12/site-packages/airflow/example_dags/example_python_operator.py for tasks to queue
[2025-02-25T23:02:58.562+0000] {logging_mixin.py:190} INFO - [2025-02-25T23:02:58.562+0000] {dagbag.py:588} INFO - Filling up the DagBag from /home/airflow/.local/lib/python3.12/site-packages/airflow/example_dags/example_python_operator.py
[2025-02-25T23:02:58.573+0000] {processor.py:925} INFO - DAG(s) 'example_python_operator' retrieved from /home/airflow/.local/lib/python3.12/site-packages/airflow/example_dags/example_python_operator.py
[2025-02-25T23:02:58.590+0000] {logging_mixin.py:190} INFO - [2025-02-25T23:02:58.590+0000] {dag.py:3239} INFO - Sync 1 DAGs
[2025-02-25T23:02:58.602+0000] {logging_mixin.py:190} INFO - [2025-02-25T23:02:58.602+0000] {dag.py:4180} INFO - Setting next_dagrun for example_python_operator to None, run_after=None
[2025-02-25T23:02:58.616+0000] {processor.py:208} INFO - Processing /home/airflow/.local/lib/python3.12/site-packages/airflow/example_dags/example_python_operator.py took 0.061 seconds
[2025-02-25T23:03:28.800+0000] {processor.py:186} INFO - Started process (PID=882) to work on /home/airflow/.local/lib/python3.12/site-packages/airflow/example_dags/example_python_operator.py
[2025-02-25T23:03:28.800+0000] {processor.py:914} INFO - Processing file /home/airflow/.local/lib/python3.12/site-packages/airflow/example_dags/example_python_operator.py for tasks to queue
[2025-02-25T23:03:28.802+0000] {logging_mixin.py:190} INFO - [2025-02-25T23:03:28.801+0000] {dagbag.py:588} INFO - Filling up the DagBag from /home/airflow/.local/lib/python3.12/site-packages/airflow/example_dags/example_python_operator.py
[2025-02-25T23:03:28.811+0000] {processor.py:925} INFO - DAG(s) 'example_python_operator' retrieved from /home/airflow/.local/lib/python3.12/site-packages/airflow/example_dags/example_python_operator.py
[2025-02-25T23:03:28.827+0000] {logging_mixin.py:190} INFO - [2025-02-25T23:03:28.826+0000] {dag.py:3239} INFO - Sync 1 DAGs
[2025-02-25T23:03:28.838+0000] {logging_mixin.py:190} INFO - [2025-02-25T23:03:28.838+0000] {dag.py:4180} INFO - Setting next_dagrun for example_python_operator to None, run_after=None
[2025-02-25T23:03:28.852+0000] {processor.py:208} INFO - Processing /home/airflow/.local/lib/python3.12/site-packages/airflow/example_dags/example_python_operator.py took 0.057 seconds
[2025-02-25T23:03:58.982+0000] {processor.py:186} INFO - Started process (PID=946) to work on /home/airflow/.local/lib/python3.12/site-packages/airflow/example_dags/example_python_operator.py
[2025-02-25T23:03:58.983+0000] {processor.py:914} INFO - Processing file /home/airflow/.local/lib/python3.12/site-packages/airflow/example_dags/example_python_operator.py for tasks to queue
[2025-02-25T23:03:58.986+0000] {logging_mixin.py:190} INFO - [2025-02-25T23:03:58.986+0000] {dagbag.py:588} INFO - Filling up the DagBag from /home/airflow/.local/lib/python3.12/site-packages/airflow/example_dags/example_python_operator.py
[2025-02-25T23:03:59.002+0000] {processor.py:925} INFO - DAG(s) 'example_python_operator' retrieved from /home/airflow/.local/lib/python3.12/site-packages/airflow/example_dags/example_python_operator.py
[2025-02-25T23:03:59.018+0000] {logging_mixin.py:190} INFO - [2025-02-25T23:03:59.018+0000] {dag.py:3239} INFO - Sync 1 DAGs
[2025-02-25T23:03:59.031+0000] {logging_mixin.py:190} INFO - [2025-02-25T23:03:59.031+0000] {dag.py:4180} INFO - Setting next_dagrun for example_python_operator to None, run_after=None
[2025-02-25T23:03:59.046+0000] {processor.py:208} INFO - Processing /home/airflow/.local/lib/python3.12/site-packages/airflow/example_dags/example_python_operator.py took 0.073 seconds
[2025-02-25T23:04:29.192+0000] {processor.py:186} INFO - Started process (PID=1011) to work on /home/airflow/.local/lib/python3.12/site-packages/airflow/example_dags/example_python_operator.py
[2025-02-25T23:04:29.192+0000] {processor.py:914} INFO - Processing file /home/airflow/.local/lib/python3.12/site-packages/airflow/example_dags/example_python_operator.py for tasks to queue
[2025-02-25T23:04:29.194+0000] {logging_mixin.py:190} INFO - [2025-02-25T23:04:29.193+0000] {dagbag.py:588} INFO - Filling up the DagBag from /home/airflow/.local/lib/python3.12/site-packages/airflow/example_dags/example_python_operator.py
[2025-02-25T23:04:29.202+0000] {processor.py:925} INFO - DAG(s) 'example_python_operator' retrieved from /home/airflow/.local/lib/python3.12/site-packages/airflow/example_dags/example_python_operator.py
[2025-02-25T23:04:29.217+0000] {logging_mixin.py:190} INFO - [2025-02-25T23:04:29.217+0000] {dag.py:3239} INFO - Sync 1 DAGs
[2025-02-25T23:04:29.228+0000] {logging_mixin.py:190} INFO - [2025-02-25T23:04:29.228+0000] {dag.py:4180} INFO - Setting next_dagrun for example_python_operator to None, run_after=None
[2025-02-25T23:04:29.242+0000] {processor.py:208} INFO - Processing /home/airflow/.local/lib/python3.12/site-packages/airflow/example_dags/example_python_operator.py took 0.055 seconds
[2025-02-25T23:04:59.505+0000] {processor.py:186} INFO - Started process (PID=1075) to work on /home/airflow/.local/lib/python3.12/site-packages/airflow/example_dags/example_python_operator.py
[2025-02-25T23:04:59.506+0000] {processor.py:914} INFO - Processing file /home/airflow/.local/lib/python3.12/site-packages/airflow/example_dags/example_python_operator.py for tasks to queue
[2025-02-25T23:04:59.507+0000] {logging_mixin.py:190} INFO - [2025-02-25T23:04:59.507+0000] {dagbag.py:588} INFO - Filling up the DagBag from /home/airflow/.local/lib/python3.12/site-packages/airflow/example_dags/example_python_operator.py
[2025-02-25T23:04:59.516+0000] {processor.py:925} INFO - DAG(s) 'example_python_operator' retrieved from /home/airflow/.local/lib/python3.12/site-packages/airflow/example_dags/example_python_operator.py
[2025-02-25T23:04:59.531+0000] {logging_mixin.py:190} INFO - [2025-02-25T23:04:59.531+0000] {dag.py:3239} INFO - Sync 1 DAGs
[2025-02-25T23:04:59.547+0000] {logging_mixin.py:190} INFO - [2025-02-25T23:04:59.546+0000] {dag.py:4180} INFO - Setting next_dagrun for example_python_operator to None, run_after=None
[2025-02-25T23:04:59.566+0000] {processor.py:208} INFO - Processing /home/airflow/.local/lib/python3.12/site-packages/airflow/example_dags/example_python_operator.py took 0.066 seconds
[2025-02-25T23:05:30.330+0000] {processor.py:186} INFO - Started process (PID=1146) to work on /home/airflow/.local/lib/python3.12/site-packages/airflow/example_dags/example_python_operator.py
[2025-02-25T23:05:30.330+0000] {processor.py:914} INFO - Processing file /home/airflow/.local/lib/python3.12/site-packages/airflow/example_dags/example_python_operator.py for tasks to queue
[2025-02-25T23:05:30.332+0000] {logging_mixin.py:190} INFO - [2025-02-25T23:05:30.332+0000] {dagbag.py:588} INFO - Filling up the DagBag from /home/airflow/.local/lib/python3.12/site-packages/airflow/example_dags/example_python_operator.py
[2025-02-25T23:05:30.342+0000] {processor.py:925} INFO - DAG(s) 'example_python_operator' retrieved from /home/airflow/.local/lib/python3.12/site-packages/airflow/example_dags/example_python_operator.py
[2025-02-25T23:05:30.360+0000] {logging_mixin.py:190} INFO - [2025-02-25T23:05:30.360+0000] {dag.py:3239} INFO - Sync 1 DAGs
[2025-02-25T23:05:30.375+0000] {logging_mixin.py:190} INFO - [2025-02-25T23:05:30.374+0000] {dag.py:4180} INFO - Setting next_dagrun for example_python_operator to None, run_after=None
[2025-02-25T23:05:30.390+0000] {processor.py:208} INFO - Processing /home/airflow/.local/lib/python3.12/site-packages/airflow/example_dags/example_python_operator.py took 0.065 seconds
[2025-02-25T23:06:00.497+0000] {processor.py:186} INFO - Started process (PID=1210) to work on /home/airflow/.local/lib/python3.12/site-packages/airflow/example_dags/example_python_operator.py
[2025-02-25T23:06:00.498+0000] {processor.py:914} INFO - Processing file /home/airflow/.local/lib/python3.12/site-packages/airflow/example_dags/example_python_operator.py for tasks to queue
[2025-02-25T23:06:00.502+0000] {logging_mixin.py:190} INFO - [2025-02-25T23:06:00.501+0000] {dagbag.py:588} INFO - Filling up the DagBag from /home/airflow/.local/lib/python3.12/site-packages/airflow/example_dags/example_python_operator.py
[2025-02-25T23:06:00.513+0000] {processor.py:925} INFO - DAG(s) 'example_python_operator' retrieved from /home/airflow/.local/lib/python3.12/site-packages/airflow/example_dags/example_python_operator.py
[2025-02-25T23:06:00.528+0000] {logging_mixin.py:190} INFO - [2025-02-25T23:06:00.528+0000] {dag.py:3239} INFO - Sync 1 DAGs
[2025-02-25T23:06:00.539+0000] {logging_mixin.py:190} INFO - [2025-02-25T23:06:00.539+0000] {dag.py:4180} INFO - Setting next_dagrun for example_python_operator to None, run_after=None
[2025-02-25T23:06:00.551+0000] {processor.py:208} INFO - Processing /home/airflow/.local/lib/python3.12/site-packages/airflow/example_dags/example_python_operator.py took 0.065 seconds
[2025-02-25T23:06:30.586+0000] {processor.py:186} INFO - Started process (PID=1275) to work on /home/airflow/.local/lib/python3.12/site-packages/airflow/example_dags/example_python_operator.py
[2025-02-25T23:06:30.586+0000] {processor.py:914} INFO - Processing file /home/airflow/.local/lib/python3.12/site-packages/airflow/example_dags/example_python_operator.py for tasks to queue
[2025-02-25T23:06:30.588+0000] {logging_mixin.py:190} INFO - [2025-02-25T23:06:30.588+0000] {dagbag.py:588} INFO - Filling up the DagBag from /home/airflow/.local/lib/python3.12/site-packages/airflow/example_dags/example_python_operator.py
[2025-02-25T23:06:30.597+0000] {processor.py:925} INFO - DAG(s) 'example_python_operator' retrieved from /home/airflow/.local/lib/python3.12/site-packages/airflow/example_dags/example_python_operator.py
[2025-02-25T23:06:30.615+0000] {logging_mixin.py:190} INFO - [2025-02-25T23:06:30.615+0000] {dag.py:3239} INFO - Sync 1 DAGs
[2025-02-25T23:06:30.628+0000] {logging_mixin.py:190} INFO - [2025-02-25T23:06:30.628+0000] {dag.py:4180} INFO - Setting next_dagrun for example_python_operator to None, run_after=None
[2025-02-25T23:06:30.649+0000] {processor.py:208} INFO - Processing /home/airflow/.local/lib/python3.12/site-packages/airflow/example_dags/example_python_operator.py took 0.069 seconds
[2025-02-25T23:07:01.051+0000] {processor.py:186} INFO - Started process (PID=1339) to work on /home/airflow/.local/lib/python3.12/site-packages/airflow/example_dags/example_python_operator.py
[2025-02-25T23:07:01.052+0000] {processor.py:914} INFO - Processing file /home/airflow/.local/lib/python3.12/site-packages/airflow/example_dags/example_python_operator.py for tasks to queue
[2025-02-25T23:07:01.054+0000] {logging_mixin.py:190} INFO - [2025-02-25T23:07:01.054+0000] {dagbag.py:588} INFO - Filling up the DagBag from /home/airflow/.local/lib/python3.12/site-packages/airflow/example_dags/example_python_operator.py
[2025-02-25T23:07:01.064+0000] {processor.py:925} INFO - DAG(s) 'example_python_operator' retrieved from /home/airflow/.local/lib/python3.12/site-packages/airflow/example_dags/example_python_operator.py
[2025-02-25T23:07:01.081+0000] {logging_mixin.py:190} INFO - [2025-02-25T23:07:01.081+0000] {dag.py:3239} INFO - Sync 1 DAGs
[2025-02-25T23:07:01.093+0000] {logging_mixin.py:190} INFO - [2025-02-25T23:07:01.093+0000] {dag.py:4180} INFO - Setting next_dagrun for example_python_operator to None, run_after=None
[2025-02-25T23:07:01.109+0000] {processor.py:208} INFO - Processing /home/airflow/.local/lib/python3.12/site-packages/airflow/example_dags/example_python_operator.py took 0.062 seconds
[2025-02-25T23:07:31.872+0000] {processor.py:186} INFO - Started process (PID=1402) to work on /home/airflow/.local/lib/python3.12/site-packages/airflow/example_dags/example_python_operator.py
[2025-02-25T23:07:31.874+0000] {processor.py:914} INFO - Processing file /home/airflow/.local/lib/python3.12/site-packages/airflow/example_dags/example_python_operator.py for tasks to queue
[2025-02-25T23:07:31.876+0000] {logging_mixin.py:190} INFO - [2025-02-25T23:07:31.875+0000] {dagbag.py:588} INFO - Filling up the DagBag from /home/airflow/.local/lib/python3.12/site-packages/airflow/example_dags/example_python_operator.py
[2025-02-25T23:07:31.887+0000] {processor.py:925} INFO - DAG(s) 'example_python_operator' retrieved from /home/airflow/.local/lib/python3.12/site-packages/airflow/example_dags/example_python_operator.py
[2025-02-25T23:07:31.902+0000] {logging_mixin.py:190} INFO - [2025-02-25T23:07:31.902+0000] {dag.py:3239} INFO - Sync 1 DAGs
[2025-02-25T23:07:31.914+0000] {logging_mixin.py:190} INFO - [2025-02-25T23:07:31.914+0000] {dag.py:4180} INFO - Setting next_dagrun for example_python_operator to None, run_after=None
[2025-02-25T23:07:31.927+0000] {processor.py:208} INFO - Processing /home/airflow/.local/lib/python3.12/site-packages/airflow/example_dags/example_python_operator.py took 0.068 seconds
[2025-02-25T23:08:02.279+0000] {processor.py:186} INFO - Started process (PID=1466) to work on /home/airflow/.local/lib/python3.12/site-packages/airflow/example_dags/example_python_operator.py
[2025-02-25T23:08:02.279+0000] {processor.py:914} INFO - Processing file /home/airflow/.local/lib/python3.12/site-packages/airflow/example_dags/example_python_operator.py for tasks to queue
[2025-02-25T23:08:02.281+0000] {logging_mixin.py:190} INFO - [2025-02-25T23:08:02.281+0000] {dagbag.py:588} INFO - Filling up the DagBag from /home/airflow/.local/lib/python3.12/site-packages/airflow/example_dags/example_python_operator.py
[2025-02-25T23:08:02.291+0000] {processor.py:925} INFO - DAG(s) 'example_python_operator' retrieved from /home/airflow/.local/lib/python3.12/site-packages/airflow/example_dags/example_python_operator.py
[2025-02-25T23:08:02.308+0000] {logging_mixin.py:190} INFO - [2025-02-25T23:08:02.308+0000] {dag.py:3239} INFO - Sync 1 DAGs
[2025-02-25T23:08:02.320+0000] {logging_mixin.py:190} INFO - [2025-02-25T23:08:02.320+0000] {dag.py:4180} INFO - Setting next_dagrun for example_python_operator to None, run_after=None
[2025-02-25T23:08:02.337+0000] {processor.py:208} INFO - Processing /home/airflow/.local/lib/python3.12/site-packages/airflow/example_dags/example_python_operator.py took 0.063 seconds
[2025-02-25T23:08:32.635+0000] {processor.py:186} INFO - Started process (PID=1530) to work on /home/airflow/.local/lib/python3.12/site-packages/airflow/example_dags/example_python_operator.py
[2025-02-25T23:08:32.635+0000] {processor.py:914} INFO - Processing file /home/airflow/.local/lib/python3.12/site-packages/airflow/example_dags/example_python_operator.py for tasks to queue
[2025-02-25T23:08:32.637+0000] {logging_mixin.py:190} INFO - [2025-02-25T23:08:32.637+0000] {dagbag.py:588} INFO - Filling up the DagBag from /home/airflow/.local/lib/python3.12/site-packages/airflow/example_dags/example_python_operator.py
[2025-02-25T23:08:32.647+0000] {processor.py:925} INFO - DAG(s) 'example_python_operator' retrieved from /home/airflow/.local/lib/python3.12/site-packages/airflow/example_dags/example_python_operator.py
[2025-02-25T23:08:32.673+0000] {logging_mixin.py:190} INFO - [2025-02-25T23:08:32.673+0000] {dag.py:3239} INFO - Sync 1 DAGs
[2025-02-25T23:08:32.696+0000] {logging_mixin.py:190} INFO - [2025-02-25T23:08:32.696+0000] {dag.py:4180} INFO - Setting next_dagrun for example_python_operator to None, run_after=None
[2025-02-25T23:08:32.711+0000] {processor.py:208} INFO - Processing /home/airflow/.local/lib/python3.12/site-packages/airflow/example_dags/example_python_operator.py took 0.081 seconds
[2025-02-25T23:09:03.460+0000] {processor.py:186} INFO - Started process (PID=1594) to work on /home/airflow/.local/lib/python3.12/site-packages/airflow/example_dags/example_python_operator.py
[2025-02-25T23:09:03.460+0000] {processor.py:914} INFO - Processing file /home/airflow/.local/lib/python3.12/site-packages/airflow/example_dags/example_python_operator.py for tasks to queue
[2025-02-25T23:09:03.462+0000] {logging_mixin.py:190} INFO - [2025-02-25T23:09:03.462+0000] {dagbag.py:588} INFO - Filling up the DagBag from /home/airflow/.local/lib/python3.12/site-packages/airflow/example_dags/example_python_operator.py
[2025-02-25T23:09:03.472+0000] {processor.py:925} INFO - DAG(s) 'example_python_operator' retrieved from /home/airflow/.local/lib/python3.12/site-packages/airflow/example_dags/example_python_operator.py
[2025-02-25T23:09:03.489+0000] {logging_mixin.py:190} INFO - [2025-02-25T23:09:03.489+0000] {dag.py:3239} INFO - Sync 1 DAGs
[2025-02-25T23:09:03.501+0000] {logging_mixin.py:190} INFO - [2025-02-25T23:09:03.501+0000] {dag.py:4180} INFO - Setting next_dagrun for example_python_operator to None, run_after=None
[2025-02-25T23:09:03.517+0000] {processor.py:208} INFO - Processing /home/airflow/.local/lib/python3.12/site-packages/airflow/example_dags/example_python_operator.py took 0.063 seconds
[2025-02-25T23:09:33.706+0000] {processor.py:186} INFO - Started process (PID=1658) to work on /home/airflow/.local/lib/python3.12/site-packages/airflow/example_dags/example_python_operator.py
[2025-02-25T23:09:33.707+0000] {processor.py:914} INFO - Processing file /home/airflow/.local/lib/python3.12/site-packages/airflow/example_dags/example_python_operator.py for tasks to queue
[2025-02-25T23:09:33.709+0000] {logging_mixin.py:190} INFO - [2025-02-25T23:09:33.708+0000] {dagbag.py:588} INFO - Filling up the DagBag from /home/airflow/.local/lib/python3.12/site-packages/airflow/example_dags/example_python_operator.py
[2025-02-25T23:09:33.724+0000] {processor.py:925} INFO - DAG(s) 'example_python_operator' retrieved from /home/airflow/.local/lib/python3.12/site-packages/airflow/example_dags/example_python_operator.py
[2025-02-25T23:09:33.755+0000] {logging_mixin.py:190} INFO - [2025-02-25T23:09:33.755+0000] {dag.py:3239} INFO - Sync 1 DAGs
[2025-02-25T23:09:33.777+0000] {logging_mixin.py:190} INFO - [2025-02-25T23:09:33.777+0000] {dag.py:4180} INFO - Setting next_dagrun for example_python_operator to None, run_after=None
[2025-02-25T23:09:33.811+0000] {processor.py:208} INFO - Processing /home/airflow/.local/lib/python3.12/site-packages/airflow/example_dags/example_python_operator.py took 0.114 seconds
[2025-02-25T23:10:04.274+0000] {processor.py:186} INFO - Started process (PID=1721) to work on /home/airflow/.local/lib/python3.12/site-packages/airflow/example_dags/example_python_operator.py
[2025-02-25T23:10:04.275+0000] {processor.py:914} INFO - Processing file /home/airflow/.local/lib/python3.12/site-packages/airflow/example_dags/example_python_operator.py for tasks to queue
[2025-02-25T23:10:04.276+0000] {logging_mixin.py:190} INFO - [2025-02-25T23:10:04.276+0000] {dagbag.py:588} INFO - Filling up the DagBag from /home/airflow/.local/lib/python3.12/site-packages/airflow/example_dags/example_python_operator.py
[2025-02-25T23:10:04.284+0000] {processor.py:925} INFO - DAG(s) 'example_python_operator' retrieved from /home/airflow/.local/lib/python3.12/site-packages/airflow/example_dags/example_python_operator.py
[2025-02-25T23:10:04.300+0000] {logging_mixin.py:190} INFO - [2025-02-25T23:10:04.300+0000] {dag.py:3239} INFO - Sync 1 DAGs
[2025-02-25T23:10:04.311+0000] {logging_mixin.py:190} INFO - [2025-02-25T23:10:04.311+0000] {dag.py:4180} INFO - Setting next_dagrun for example_python_operator to None, run_after=None
[2025-02-25T23:10:04.333+0000] {processor.py:208} INFO - Processing /home/airflow/.local/lib/python3.12/site-packages/airflow/example_dags/example_python_operator.py took 0.062 seconds
[2025-02-25T23:10:34.678+0000] {processor.py:186} INFO - Started process (PID=1784) to work on /home/airflow/.local/lib/python3.12/site-packages/airflow/example_dags/example_python_operator.py
[2025-02-25T23:10:34.678+0000] {processor.py:914} INFO - Processing file /home/airflow/.local/lib/python3.12/site-packages/airflow/example_dags/example_python_operator.py for tasks to queue
[2025-02-25T23:10:34.679+0000] {logging_mixin.py:190} INFO - [2025-02-25T23:10:34.679+0000] {dagbag.py:588} INFO - Filling up the DagBag from /home/airflow/.local/lib/python3.12/site-packages/airflow/example_dags/example_python_operator.py
[2025-02-25T23:10:34.688+0000] {processor.py:925} INFO - DAG(s) 'example_python_operator' retrieved from /home/airflow/.local/lib/python3.12/site-packages/airflow/example_dags/example_python_operator.py
[2025-02-25T23:10:34.703+0000] {logging_mixin.py:190} INFO - [2025-02-25T23:10:34.703+0000] {dag.py:3239} INFO - Sync 1 DAGs
[2025-02-25T23:10:34.715+0000] {logging_mixin.py:190} INFO - [2025-02-25T23:10:34.715+0000] {dag.py:4180} INFO - Setting next_dagrun for example_python_operator to None, run_after=None
[2025-02-25T23:10:34.734+0000] {processor.py:208} INFO - Processing /home/airflow/.local/lib/python3.12/site-packages/airflow/example_dags/example_python_operator.py took 0.060 seconds
[2025-02-25T23:11:47.321+0000] {processor.py:186} INFO - Started process (PID=52) to work on /home/airflow/.local/lib/python3.12/site-packages/airflow/example_dags/example_python_operator.py
[2025-02-25T23:11:47.322+0000] {processor.py:914} INFO - Processing file /home/airflow/.local/lib/python3.12/site-packages/airflow/example_dags/example_python_operator.py for tasks to queue
[2025-02-25T23:11:47.323+0000] {logging_mixin.py:190} INFO - [2025-02-25T23:11:47.323+0000] {dagbag.py:588} INFO - Filling up the DagBag from /home/airflow/.local/lib/python3.12/site-packages/airflow/example_dags/example_python_operator.py
[2025-02-25T23:11:47.333+0000] {processor.py:925} INFO - DAG(s) 'example_python_operator' retrieved from /home/airflow/.local/lib/python3.12/site-packages/airflow/example_dags/example_python_operator.py
[2025-02-25T23:11:47.539+0000] {logging_mixin.py:190} INFO - [2025-02-25T23:11:47.539+0000] {dag.py:3239} INFO - Sync 1 DAGs
[2025-02-25T23:11:47.566+0000] {logging_mixin.py:190} INFO - [2025-02-25T23:11:47.566+0000] {dag.py:4180} INFO - Setting next_dagrun for example_python_operator to None, run_after=None
[2025-02-25T23:11:47.591+0000] {processor.py:208} INFO - Processing /home/airflow/.local/lib/python3.12/site-packages/airflow/example_dags/example_python_operator.py took 0.276 seconds
[2025-02-25T23:12:17.834+0000] {processor.py:186} INFO - Started process (PID=116) to work on /home/airflow/.local/lib/python3.12/site-packages/airflow/example_dags/example_python_operator.py
[2025-02-25T23:12:17.834+0000] {processor.py:914} INFO - Processing file /home/airflow/.local/lib/python3.12/site-packages/airflow/example_dags/example_python_operator.py for tasks to queue
[2025-02-25T23:12:17.836+0000] {logging_mixin.py:190} INFO - [2025-02-25T23:12:17.835+0000] {dagbag.py:588} INFO - Filling up the DagBag from /home/airflow/.local/lib/python3.12/site-packages/airflow/example_dags/example_python_operator.py
[2025-02-25T23:12:17.846+0000] {processor.py:925} INFO - DAG(s) 'example_python_operator' retrieved from /home/airflow/.local/lib/python3.12/site-packages/airflow/example_dags/example_python_operator.py
[2025-02-25T23:12:17.862+0000] {logging_mixin.py:190} INFO - [2025-02-25T23:12:17.862+0000] {dag.py:3239} INFO - Sync 1 DAGs
[2025-02-25T23:12:17.875+0000] {logging_mixin.py:190} INFO - [2025-02-25T23:12:17.875+0000] {dag.py:4180} INFO - Setting next_dagrun for example_python_operator to None, run_after=None
[2025-02-25T23:12:17.889+0000] {processor.py:208} INFO - Processing /home/airflow/.local/lib/python3.12/site-packages/airflow/example_dags/example_python_operator.py took 0.060 seconds
[2025-02-25T23:12:47.969+0000] {processor.py:186} INFO - Started process (PID=180) to work on /home/airflow/.local/lib/python3.12/site-packages/airflow/example_dags/example_python_operator.py
[2025-02-25T23:12:47.970+0000] {processor.py:914} INFO - Processing file /home/airflow/.local/lib/python3.12/site-packages/airflow/example_dags/example_python_operator.py for tasks to queue
[2025-02-25T23:12:47.972+0000] {logging_mixin.py:190} INFO - [2025-02-25T23:12:47.972+0000] {dagbag.py:588} INFO - Filling up the DagBag from /home/airflow/.local/lib/python3.12/site-packages/airflow/example_dags/example_python_operator.py
[2025-02-25T23:12:47.981+0000] {processor.py:925} INFO - DAG(s) 'example_python_operator' retrieved from /home/airflow/.local/lib/python3.12/site-packages/airflow/example_dags/example_python_operator.py
[2025-02-25T23:12:47.998+0000] {logging_mixin.py:190} INFO - [2025-02-25T23:12:47.998+0000] {dag.py:3239} INFO - Sync 1 DAGs
[2025-02-25T23:12:48.010+0000] {logging_mixin.py:190} INFO - [2025-02-25T23:12:48.010+0000] {dag.py:4180} INFO - Setting next_dagrun for example_python_operator to None, run_after=None
[2025-02-25T23:12:48.031+0000] {processor.py:208} INFO - Processing /home/airflow/.local/lib/python3.12/site-packages/airflow/example_dags/example_python_operator.py took 0.066 seconds
[2025-02-25T23:13:18.400+0000] {processor.py:186} INFO - Started process (PID=243) to work on /home/airflow/.local/lib/python3.12/site-packages/airflow/example_dags/example_python_operator.py
[2025-02-25T23:13:18.400+0000] {processor.py:914} INFO - Processing file /home/airflow/.local/lib/python3.12/site-packages/airflow/example_dags/example_python_operator.py for tasks to queue
[2025-02-25T23:13:18.402+0000] {logging_mixin.py:190} INFO - [2025-02-25T23:13:18.402+0000] {dagbag.py:588} INFO - Filling up the DagBag from /home/airflow/.local/lib/python3.12/site-packages/airflow/example_dags/example_python_operator.py
[2025-02-25T23:13:18.412+0000] {processor.py:925} INFO - DAG(s) 'example_python_operator' retrieved from /home/airflow/.local/lib/python3.12/site-packages/airflow/example_dags/example_python_operator.py
[2025-02-25T23:13:18.428+0000] {logging_mixin.py:190} INFO - [2025-02-25T23:13:18.428+0000] {dag.py:3239} INFO - Sync 1 DAGs
[2025-02-25T23:13:18.440+0000] {logging_mixin.py:190} INFO - [2025-02-25T23:13:18.439+0000] {dag.py:4180} INFO - Setting next_dagrun for example_python_operator to None, run_after=None
[2025-02-25T23:13:18.454+0000] {processor.py:208} INFO - Processing /home/airflow/.local/lib/python3.12/site-packages/airflow/example_dags/example_python_operator.py took 0.059 seconds
[2025-02-25T23:13:48.983+0000] {processor.py:186} INFO - Started process (PID=307) to work on /home/airflow/.local/lib/python3.12/site-packages/airflow/example_dags/example_python_operator.py
[2025-02-25T23:13:48.984+0000] {processor.py:914} INFO - Processing file /home/airflow/.local/lib/python3.12/site-packages/airflow/example_dags/example_python_operator.py for tasks to queue
[2025-02-25T23:13:48.985+0000] {logging_mixin.py:190} INFO - [2025-02-25T23:13:48.985+0000] {dagbag.py:588} INFO - Filling up the DagBag from /home/airflow/.local/lib/python3.12/site-packages/airflow/example_dags/example_python_operator.py
[2025-02-25T23:13:48.994+0000] {processor.py:925} INFO - DAG(s) 'example_python_operator' retrieved from /home/airflow/.local/lib/python3.12/site-packages/airflow/example_dags/example_python_operator.py
[2025-02-25T23:13:49.008+0000] {logging_mixin.py:190} INFO - [2025-02-25T23:13:49.008+0000] {dag.py:3239} INFO - Sync 1 DAGs
[2025-02-25T23:13:49.018+0000] {logging_mixin.py:190} INFO - [2025-02-25T23:13:49.018+0000] {dag.py:4180} INFO - Setting next_dagrun for example_python_operator to None, run_after=None
[2025-02-25T23:13:49.030+0000] {processor.py:208} INFO - Processing /home/airflow/.local/lib/python3.12/site-packages/airflow/example_dags/example_python_operator.py took 0.051 seconds
[2025-02-25T23:14:19.543+0000] {processor.py:186} INFO - Started process (PID=371) to work on /home/airflow/.local/lib/python3.12/site-packages/airflow/example_dags/example_python_operator.py
[2025-02-25T23:14:19.543+0000] {processor.py:914} INFO - Processing file /home/airflow/.local/lib/python3.12/site-packages/airflow/example_dags/example_python_operator.py for tasks to queue
[2025-02-25T23:14:19.545+0000] {logging_mixin.py:190} INFO - [2025-02-25T23:14:19.544+0000] {dagbag.py:588} INFO - Filling up the DagBag from /home/airflow/.local/lib/python3.12/site-packages/airflow/example_dags/example_python_operator.py
[2025-02-25T23:14:19.553+0000] {processor.py:925} INFO - DAG(s) 'example_python_operator' retrieved from /home/airflow/.local/lib/python3.12/site-packages/airflow/example_dags/example_python_operator.py
[2025-02-25T23:14:19.568+0000] {logging_mixin.py:190} INFO - [2025-02-25T23:14:19.567+0000] {dag.py:3239} INFO - Sync 1 DAGs
[2025-02-25T23:14:19.578+0000] {logging_mixin.py:190} INFO - [2025-02-25T23:14:19.577+0000] {dag.py:4180} INFO - Setting next_dagrun for example_python_operator to None, run_after=None
[2025-02-25T23:14:19.590+0000] {processor.py:208} INFO - Processing /home/airflow/.local/lib/python3.12/site-packages/airflow/example_dags/example_python_operator.py took 0.051 seconds
[2025-02-25T23:14:49.917+0000] {processor.py:186} INFO - Started process (PID=435) to work on /home/airflow/.local/lib/python3.12/site-packages/airflow/example_dags/example_python_operator.py
[2025-02-25T23:14:49.918+0000] {processor.py:914} INFO - Processing file /home/airflow/.local/lib/python3.12/site-packages/airflow/example_dags/example_python_operator.py for tasks to queue
[2025-02-25T23:14:49.919+0000] {logging_mixin.py:190} INFO - [2025-02-25T23:14:49.919+0000] {dagbag.py:588} INFO - Filling up the DagBag from /home/airflow/.local/lib/python3.12/site-packages/airflow/example_dags/example_python_operator.py
[2025-02-25T23:14:49.927+0000] {processor.py:925} INFO - DAG(s) 'example_python_operator' retrieved from /home/airflow/.local/lib/python3.12/site-packages/airflow/example_dags/example_python_operator.py
[2025-02-25T23:14:49.943+0000] {logging_mixin.py:190} INFO - [2025-02-25T23:14:49.943+0000] {dag.py:3239} INFO - Sync 1 DAGs
[2025-02-25T23:14:49.954+0000] {logging_mixin.py:190} INFO - [2025-02-25T23:14:49.954+0000] {dag.py:4180} INFO - Setting next_dagrun for example_python_operator to None, run_after=None
[2025-02-25T23:14:49.970+0000] {processor.py:208} INFO - Processing /home/airflow/.local/lib/python3.12/site-packages/airflow/example_dags/example_python_operator.py took 0.057 seconds
[2025-02-25T23:15:20.934+0000] {processor.py:186} INFO - Started process (PID=499) to work on /home/airflow/.local/lib/python3.12/site-packages/airflow/example_dags/example_python_operator.py
[2025-02-25T23:15:20.934+0000] {processor.py:914} INFO - Processing file /home/airflow/.local/lib/python3.12/site-packages/airflow/example_dags/example_python_operator.py for tasks to queue
[2025-02-25T23:15:20.936+0000] {logging_mixin.py:190} INFO - [2025-02-25T23:15:20.936+0000] {dagbag.py:588} INFO - Filling up the DagBag from /home/airflow/.local/lib/python3.12/site-packages/airflow/example_dags/example_python_operator.py
[2025-02-25T23:15:20.944+0000] {processor.py:925} INFO - DAG(s) 'example_python_operator' retrieved from /home/airflow/.local/lib/python3.12/site-packages/airflow/example_dags/example_python_operator.py
[2025-02-25T23:15:20.958+0000] {logging_mixin.py:190} INFO - [2025-02-25T23:15:20.958+0000] {dag.py:3239} INFO - Sync 1 DAGs
[2025-02-25T23:15:20.968+0000] {logging_mixin.py:190} INFO - [2025-02-25T23:15:20.968+0000] {dag.py:4180} INFO - Setting next_dagrun for example_python_operator to None, run_after=None
[2025-02-25T23:15:20.980+0000] {processor.py:208} INFO - Processing /home/airflow/.local/lib/python3.12/site-packages/airflow/example_dags/example_python_operator.py took 0.050 seconds
[2025-02-25T23:15:51.608+0000] {processor.py:186} INFO - Started process (PID=563) to work on /home/airflow/.local/lib/python3.12/site-packages/airflow/example_dags/example_python_operator.py
[2025-02-25T23:15:51.609+0000] {processor.py:914} INFO - Processing file /home/airflow/.local/lib/python3.12/site-packages/airflow/example_dags/example_python_operator.py for tasks to queue
[2025-02-25T23:15:51.610+0000] {logging_mixin.py:190} INFO - [2025-02-25T23:15:51.610+0000] {dagbag.py:588} INFO - Filling up the DagBag from /home/airflow/.local/lib/python3.12/site-packages/airflow/example_dags/example_python_operator.py
[2025-02-25T23:15:51.624+0000] {processor.py:925} INFO - DAG(s) 'example_python_operator' retrieved from /home/airflow/.local/lib/python3.12/site-packages/airflow/example_dags/example_python_operator.py
[2025-02-25T23:15:51.642+0000] {logging_mixin.py:190} INFO - [2025-02-25T23:15:51.642+0000] {dag.py:3239} INFO - Sync 1 DAGs
[2025-02-25T23:15:51.654+0000] {logging_mixin.py:190} INFO - [2025-02-25T23:15:51.654+0000] {dag.py:4180} INFO - Setting next_dagrun for example_python_operator to None, run_after=None
[2025-02-25T23:15:51.669+0000] {processor.py:208} INFO - Processing /home/airflow/.local/lib/python3.12/site-packages/airflow/example_dags/example_python_operator.py took 0.066 seconds
[2025-02-25T23:16:22.022+0000] {processor.py:186} INFO - Started process (PID=627) to work on /home/airflow/.local/lib/python3.12/site-packages/airflow/example_dags/example_python_operator.py
[2025-02-25T23:16:22.023+0000] {processor.py:914} INFO - Processing file /home/airflow/.local/lib/python3.12/site-packages/airflow/example_dags/example_python_operator.py for tasks to queue
[2025-02-25T23:16:22.025+0000] {logging_mixin.py:190} INFO - [2025-02-25T23:16:22.025+0000] {dagbag.py:588} INFO - Filling up the DagBag from /home/airflow/.local/lib/python3.12/site-packages/airflow/example_dags/example_python_operator.py
[2025-02-25T23:16:22.037+0000] {processor.py:925} INFO - DAG(s) 'example_python_operator' retrieved from /home/airflow/.local/lib/python3.12/site-packages/airflow/example_dags/example_python_operator.py
[2025-02-25T23:16:22.056+0000] {logging_mixin.py:190} INFO - [2025-02-25T23:16:22.056+0000] {dag.py:3239} INFO - Sync 1 DAGs
[2025-02-25T23:16:22.070+0000] {logging_mixin.py:190} INFO - [2025-02-25T23:16:22.070+0000] {dag.py:4180} INFO - Setting next_dagrun for example_python_operator to None, run_after=None
[2025-02-25T23:16:22.087+0000] {processor.py:208} INFO - Processing /home/airflow/.local/lib/python3.12/site-packages/airflow/example_dags/example_python_operator.py took 0.070 seconds
[2025-02-25T23:16:52.433+0000] {processor.py:186} INFO - Started process (PID=691) to work on /home/airflow/.local/lib/python3.12/site-packages/airflow/example_dags/example_python_operator.py
[2025-02-25T23:16:52.434+0000] {processor.py:914} INFO - Processing file /home/airflow/.local/lib/python3.12/site-packages/airflow/example_dags/example_python_operator.py for tasks to queue
[2025-02-25T23:16:52.435+0000] {logging_mixin.py:190} INFO - [2025-02-25T23:16:52.435+0000] {dagbag.py:588} INFO - Filling up the DagBag from /home/airflow/.local/lib/python3.12/site-packages/airflow/example_dags/example_python_operator.py
[2025-02-25T23:16:52.443+0000] {processor.py:925} INFO - DAG(s) 'example_python_operator' retrieved from /home/airflow/.local/lib/python3.12/site-packages/airflow/example_dags/example_python_operator.py
[2025-02-25T23:16:52.459+0000] {logging_mixin.py:190} INFO - [2025-02-25T23:16:52.459+0000] {dag.py:3239} INFO - Sync 1 DAGs
[2025-02-25T23:16:52.469+0000] {logging_mixin.py:190} INFO - [2025-02-25T23:16:52.469+0000] {dag.py:4180} INFO - Setting next_dagrun for example_python_operator to None, run_after=None
[2025-02-25T23:16:52.482+0000] {processor.py:208} INFO - Processing /home/airflow/.local/lib/python3.12/site-packages/airflow/example_dags/example_python_operator.py took 0.053 seconds
[2025-02-25T23:17:22.968+0000] {processor.py:186} INFO - Started process (PID=755) to work on /home/airflow/.local/lib/python3.12/site-packages/airflow/example_dags/example_python_operator.py
[2025-02-25T23:17:22.969+0000] {processor.py:914} INFO - Processing file /home/airflow/.local/lib/python3.12/site-packages/airflow/example_dags/example_python_operator.py for tasks to queue
[2025-02-25T23:17:22.970+0000] {logging_mixin.py:190} INFO - [2025-02-25T23:17:22.970+0000] {dagbag.py:588} INFO - Filling up the DagBag from /home/airflow/.local/lib/python3.12/site-packages/airflow/example_dags/example_python_operator.py
[2025-02-25T23:17:22.978+0000] {processor.py:925} INFO - DAG(s) 'example_python_operator' retrieved from /home/airflow/.local/lib/python3.12/site-packages/airflow/example_dags/example_python_operator.py
[2025-02-25T23:17:22.993+0000] {logging_mixin.py:190} INFO - [2025-02-25T23:17:22.993+0000] {dag.py:3239} INFO - Sync 1 DAGs
[2025-02-25T23:17:23.002+0000] {logging_mixin.py:190} INFO - [2025-02-25T23:17:23.002+0000] {dag.py:4180} INFO - Setting next_dagrun for example_python_operator to None, run_after=None
[2025-02-25T23:17:23.016+0000] {processor.py:208} INFO - Processing /home/airflow/.local/lib/python3.12/site-packages/airflow/example_dags/example_python_operator.py took 0.052 seconds
[2025-02-25T23:17:53.565+0000] {processor.py:186} INFO - Started process (PID=819) to work on /home/airflow/.local/lib/python3.12/site-packages/airflow/example_dags/example_python_operator.py
[2025-02-25T23:17:53.566+0000] {processor.py:914} INFO - Processing file /home/airflow/.local/lib/python3.12/site-packages/airflow/example_dags/example_python_operator.py for tasks to queue
[2025-02-25T23:17:53.567+0000] {logging_mixin.py:190} INFO - [2025-02-25T23:17:53.567+0000] {dagbag.py:588} INFO - Filling up the DagBag from /home/airflow/.local/lib/python3.12/site-packages/airflow/example_dags/example_python_operator.py
[2025-02-25T23:17:53.577+0000] {processor.py:925} INFO - DAG(s) 'example_python_operator' retrieved from /home/airflow/.local/lib/python3.12/site-packages/airflow/example_dags/example_python_operator.py
[2025-02-25T23:17:53.593+0000] {logging_mixin.py:190} INFO - [2025-02-25T23:17:53.592+0000] {dag.py:3239} INFO - Sync 1 DAGs
[2025-02-25T23:17:53.604+0000] {logging_mixin.py:190} INFO - [2025-02-25T23:17:53.604+0000] {dag.py:4180} INFO - Setting next_dagrun for example_python_operator to None, run_after=None
[2025-02-25T23:17:53.617+0000] {processor.py:208} INFO - Processing /home/airflow/.local/lib/python3.12/site-packages/airflow/example_dags/example_python_operator.py took 0.057 seconds
[2025-02-25T23:18:24.253+0000] {processor.py:186} INFO - Started process (PID=883) to work on /home/airflow/.local/lib/python3.12/site-packages/airflow/example_dags/example_python_operator.py
[2025-02-25T23:18:24.254+0000] {processor.py:914} INFO - Processing file /home/airflow/.local/lib/python3.12/site-packages/airflow/example_dags/example_python_operator.py for tasks to queue
[2025-02-25T23:18:24.256+0000] {logging_mixin.py:190} INFO - [2025-02-25T23:18:24.255+0000] {dagbag.py:588} INFO - Filling up the DagBag from /home/airflow/.local/lib/python3.12/site-packages/airflow/example_dags/example_python_operator.py
[2025-02-25T23:18:24.266+0000] {processor.py:925} INFO - DAG(s) 'example_python_operator' retrieved from /home/airflow/.local/lib/python3.12/site-packages/airflow/example_dags/example_python_operator.py
[2025-02-25T23:18:24.284+0000] {logging_mixin.py:190} INFO - [2025-02-25T23:18:24.284+0000] {dag.py:3239} INFO - Sync 1 DAGs
[2025-02-25T23:18:24.295+0000] {logging_mixin.py:190} INFO - [2025-02-25T23:18:24.295+0000] {dag.py:4180} INFO - Setting next_dagrun for example_python_operator to None, run_after=None
[2025-02-25T23:18:24.311+0000] {processor.py:208} INFO - Processing /home/airflow/.local/lib/python3.12/site-packages/airflow/example_dags/example_python_operator.py took 0.062 seconds
[2025-02-25T23:18:54.999+0000] {processor.py:186} INFO - Started process (PID=947) to work on /home/airflow/.local/lib/python3.12/site-packages/airflow/example_dags/example_python_operator.py
[2025-02-25T23:18:55.000+0000] {processor.py:914} INFO - Processing file /home/airflow/.local/lib/python3.12/site-packages/airflow/example_dags/example_python_operator.py for tasks to queue
[2025-02-25T23:18:55.001+0000] {logging_mixin.py:190} INFO - [2025-02-25T23:18:55.001+0000] {dagbag.py:588} INFO - Filling up the DagBag from /home/airflow/.local/lib/python3.12/site-packages/airflow/example_dags/example_python_operator.py
[2025-02-25T23:18:55.010+0000] {processor.py:925} INFO - DAG(s) 'example_python_operator' retrieved from /home/airflow/.local/lib/python3.12/site-packages/airflow/example_dags/example_python_operator.py
[2025-02-25T23:18:55.026+0000] {logging_mixin.py:190} INFO - [2025-02-25T23:18:55.026+0000] {dag.py:3239} INFO - Sync 1 DAGs
[2025-02-25T23:18:55.037+0000] {logging_mixin.py:190} INFO - [2025-02-25T23:18:55.037+0000] {dag.py:4180} INFO - Setting next_dagrun for example_python_operator to None, run_after=None
[2025-02-25T23:18:55.055+0000] {processor.py:208} INFO - Processing /home/airflow/.local/lib/python3.12/site-packages/airflow/example_dags/example_python_operator.py took 0.061 seconds
[2025-02-25T23:19:25.306+0000] {processor.py:186} INFO - Started process (PID=1011) to work on /home/airflow/.local/lib/python3.12/site-packages/airflow/example_dags/example_python_operator.py
[2025-02-25T23:19:25.307+0000] {processor.py:914} INFO - Processing file /home/airflow/.local/lib/python3.12/site-packages/airflow/example_dags/example_python_operator.py for tasks to queue
[2025-02-25T23:19:25.308+0000] {logging_mixin.py:190} INFO - [2025-02-25T23:19:25.308+0000] {dagbag.py:588} INFO - Filling up the DagBag from /home/airflow/.local/lib/python3.12/site-packages/airflow/example_dags/example_python_operator.py
[2025-02-25T23:19:25.317+0000] {processor.py:925} INFO - DAG(s) 'example_python_operator' retrieved from /home/airflow/.local/lib/python3.12/site-packages/airflow/example_dags/example_python_operator.py
[2025-02-25T23:19:25.332+0000] {logging_mixin.py:190} INFO - [2025-02-25T23:19:25.332+0000] {dag.py:3239} INFO - Sync 1 DAGs
[2025-02-25T23:19:25.344+0000] {logging_mixin.py:190} INFO - [2025-02-25T23:19:25.343+0000] {dag.py:4180} INFO - Setting next_dagrun for example_python_operator to None, run_after=None
[2025-02-25T23:19:25.360+0000] {processor.py:208} INFO - Processing /home/airflow/.local/lib/python3.12/site-packages/airflow/example_dags/example_python_operator.py took 0.058 seconds
[2025-02-25T23:19:55.471+0000] {processor.py:186} INFO - Started process (PID=1075) to work on /home/airflow/.local/lib/python3.12/site-packages/airflow/example_dags/example_python_operator.py
[2025-02-25T23:19:55.472+0000] {processor.py:914} INFO - Processing file /home/airflow/.local/lib/python3.12/site-packages/airflow/example_dags/example_python_operator.py for tasks to queue
[2025-02-25T23:19:55.477+0000] {logging_mixin.py:190} INFO - [2025-02-25T23:19:55.476+0000] {dagbag.py:588} INFO - Filling up the DagBag from /home/airflow/.local/lib/python3.12/site-packages/airflow/example_dags/example_python_operator.py
[2025-02-25T23:19:55.490+0000] {processor.py:925} INFO - DAG(s) 'example_python_operator' retrieved from /home/airflow/.local/lib/python3.12/site-packages/airflow/example_dags/example_python_operator.py
[2025-02-25T23:19:55.505+0000] {logging_mixin.py:190} INFO - [2025-02-25T23:19:55.505+0000] {dag.py:3239} INFO - Sync 1 DAGs
[2025-02-25T23:19:55.516+0000] {logging_mixin.py:190} INFO - [2025-02-25T23:19:55.515+0000] {dag.py:4180} INFO - Setting next_dagrun for example_python_operator to None, run_after=None
[2025-02-25T23:19:55.530+0000] {processor.py:208} INFO - Processing /home/airflow/.local/lib/python3.12/site-packages/airflow/example_dags/example_python_operator.py took 0.072 seconds
[2025-02-25T23:20:25.556+0000] {processor.py:186} INFO - Started process (PID=1139) to work on /home/airflow/.local/lib/python3.12/site-packages/airflow/example_dags/example_python_operator.py
[2025-02-25T23:20:25.557+0000] {processor.py:914} INFO - Processing file /home/airflow/.local/lib/python3.12/site-packages/airflow/example_dags/example_python_operator.py for tasks to queue
[2025-02-25T23:20:25.558+0000] {logging_mixin.py:190} INFO - [2025-02-25T23:20:25.558+0000] {dagbag.py:588} INFO - Filling up the DagBag from /home/airflow/.local/lib/python3.12/site-packages/airflow/example_dags/example_python_operator.py
[2025-02-25T23:20:25.566+0000] {processor.py:925} INFO - DAG(s) 'example_python_operator' retrieved from /home/airflow/.local/lib/python3.12/site-packages/airflow/example_dags/example_python_operator.py
[2025-02-25T23:20:25.581+0000] {logging_mixin.py:190} INFO - [2025-02-25T23:20:25.581+0000] {dag.py:3239} INFO - Sync 1 DAGs
[2025-02-25T23:20:25.592+0000] {logging_mixin.py:190} INFO - [2025-02-25T23:20:25.592+0000] {dag.py:4180} INFO - Setting next_dagrun for example_python_operator to None, run_after=None
[2025-02-25T23:20:25.605+0000] {processor.py:208} INFO - Processing /home/airflow/.local/lib/python3.12/site-packages/airflow/example_dags/example_python_operator.py took 0.053 seconds
[2025-02-25T23:20:55.919+0000] {processor.py:186} INFO - Started process (PID=1203) to work on /home/airflow/.local/lib/python3.12/site-packages/airflow/example_dags/example_python_operator.py
[2025-02-25T23:20:55.920+0000] {processor.py:914} INFO - Processing file /home/airflow/.local/lib/python3.12/site-packages/airflow/example_dags/example_python_operator.py for tasks to queue
[2025-02-25T23:20:55.921+0000] {logging_mixin.py:190} INFO - [2025-02-25T23:20:55.921+0000] {dagbag.py:588} INFO - Filling up the DagBag from /home/airflow/.local/lib/python3.12/site-packages/airflow/example_dags/example_python_operator.py
[2025-02-25T23:20:55.930+0000] {processor.py:925} INFO - DAG(s) 'example_python_operator' retrieved from /home/airflow/.local/lib/python3.12/site-packages/airflow/example_dags/example_python_operator.py
[2025-02-25T23:20:55.945+0000] {logging_mixin.py:190} INFO - [2025-02-25T23:20:55.945+0000] {dag.py:3239} INFO - Sync 1 DAGs
[2025-02-25T23:20:55.955+0000] {logging_mixin.py:190} INFO - [2025-02-25T23:20:55.955+0000] {dag.py:4180} INFO - Setting next_dagrun for example_python_operator to None, run_after=None
[2025-02-25T23:20:55.973+0000] {processor.py:208} INFO - Processing /home/airflow/.local/lib/python3.12/site-packages/airflow/example_dags/example_python_operator.py took 0.058 seconds
[2025-02-25T23:21:26.722+0000] {processor.py:186} INFO - Started process (PID=1267) to work on /home/airflow/.local/lib/python3.12/site-packages/airflow/example_dags/example_python_operator.py
[2025-02-25T23:21:26.723+0000] {processor.py:914} INFO - Processing file /home/airflow/.local/lib/python3.12/site-packages/airflow/example_dags/example_python_operator.py for tasks to queue
[2025-02-25T23:21:26.724+0000] {logging_mixin.py:190} INFO - [2025-02-25T23:21:26.724+0000] {dagbag.py:588} INFO - Filling up the DagBag from /home/airflow/.local/lib/python3.12/site-packages/airflow/example_dags/example_python_operator.py
[2025-02-25T23:21:26.733+0000] {processor.py:925} INFO - DAG(s) 'example_python_operator' retrieved from /home/airflow/.local/lib/python3.12/site-packages/airflow/example_dags/example_python_operator.py
[2025-02-25T23:21:26.748+0000] {logging_mixin.py:190} INFO - [2025-02-25T23:21:26.748+0000] {dag.py:3239} INFO - Sync 1 DAGs
[2025-02-25T23:21:26.758+0000] {logging_mixin.py:190} INFO - [2025-02-25T23:21:26.758+0000] {dag.py:4180} INFO - Setting next_dagrun for example_python_operator to None, run_after=None
[2025-02-25T23:21:26.772+0000] {processor.py:208} INFO - Processing /home/airflow/.local/lib/python3.12/site-packages/airflow/example_dags/example_python_operator.py took 0.054 seconds
[2025-02-25T23:21:57.303+0000] {processor.py:186} INFO - Started process (PID=1331) to work on /home/airflow/.local/lib/python3.12/site-packages/airflow/example_dags/example_python_operator.py
[2025-02-25T23:21:57.303+0000] {processor.py:914} INFO - Processing file /home/airflow/.local/lib/python3.12/site-packages/airflow/example_dags/example_python_operator.py for tasks to queue
[2025-02-25T23:21:57.305+0000] {logging_mixin.py:190} INFO - [2025-02-25T23:21:57.305+0000] {dagbag.py:588} INFO - Filling up the DagBag from /home/airflow/.local/lib/python3.12/site-packages/airflow/example_dags/example_python_operator.py
[2025-02-25T23:21:57.314+0000] {processor.py:925} INFO - DAG(s) 'example_python_operator' retrieved from /home/airflow/.local/lib/python3.12/site-packages/airflow/example_dags/example_python_operator.py
[2025-02-25T23:21:57.329+0000] {logging_mixin.py:190} INFO - [2025-02-25T23:21:57.328+0000] {dag.py:3239} INFO - Sync 1 DAGs
[2025-02-25T23:21:57.339+0000] {logging_mixin.py:190} INFO - [2025-02-25T23:21:57.339+0000] {dag.py:4180} INFO - Setting next_dagrun for example_python_operator to None, run_after=None
[2025-02-25T23:21:57.351+0000] {processor.py:208} INFO - Processing /home/airflow/.local/lib/python3.12/site-packages/airflow/example_dags/example_python_operator.py took 0.052 seconds
[2025-02-25T23:22:27.671+0000] {processor.py:186} INFO - Started process (PID=1395) to work on /home/airflow/.local/lib/python3.12/site-packages/airflow/example_dags/example_python_operator.py
[2025-02-25T23:22:27.672+0000] {processor.py:914} INFO - Processing file /home/airflow/.local/lib/python3.12/site-packages/airflow/example_dags/example_python_operator.py for tasks to queue
[2025-02-25T23:22:27.673+0000] {logging_mixin.py:190} INFO - [2025-02-25T23:22:27.673+0000] {dagbag.py:588} INFO - Filling up the DagBag from /home/airflow/.local/lib/python3.12/site-packages/airflow/example_dags/example_python_operator.py
[2025-02-25T23:22:27.682+0000] {processor.py:925} INFO - DAG(s) 'example_python_operator' retrieved from /home/airflow/.local/lib/python3.12/site-packages/airflow/example_dags/example_python_operator.py
[2025-02-25T23:22:27.698+0000] {logging_mixin.py:190} INFO - [2025-02-25T23:22:27.698+0000] {dag.py:3239} INFO - Sync 1 DAGs
[2025-02-25T23:22:27.710+0000] {logging_mixin.py:190} INFO - [2025-02-25T23:22:27.709+0000] {dag.py:4180} INFO - Setting next_dagrun for example_python_operator to None, run_after=None
[2025-02-25T23:22:27.725+0000] {processor.py:208} INFO - Processing /home/airflow/.local/lib/python3.12/site-packages/airflow/example_dags/example_python_operator.py took 0.058 seconds
[2025-02-25T23:22:58.142+0000] {processor.py:186} INFO - Started process (PID=1459) to work on /home/airflow/.local/lib/python3.12/site-packages/airflow/example_dags/example_python_operator.py
[2025-02-25T23:22:58.143+0000] {processor.py:914} INFO - Processing file /home/airflow/.local/lib/python3.12/site-packages/airflow/example_dags/example_python_operator.py for tasks to queue
[2025-02-25T23:22:58.144+0000] {logging_mixin.py:190} INFO - [2025-02-25T23:22:58.144+0000] {dagbag.py:588} INFO - Filling up the DagBag from /home/airflow/.local/lib/python3.12/site-packages/airflow/example_dags/example_python_operator.py
[2025-02-25T23:22:58.153+0000] {processor.py:925} INFO - DAG(s) 'example_python_operator' retrieved from /home/airflow/.local/lib/python3.12/site-packages/airflow/example_dags/example_python_operator.py
[2025-02-25T23:22:58.168+0000] {logging_mixin.py:190} INFO - [2025-02-25T23:22:58.168+0000] {dag.py:3239} INFO - Sync 1 DAGs
[2025-02-25T23:22:58.178+0000] {logging_mixin.py:190} INFO - [2025-02-25T23:22:58.178+0000] {dag.py:4180} INFO - Setting next_dagrun for example_python_operator to None, run_after=None
[2025-02-25T23:22:58.192+0000] {processor.py:208} INFO - Processing /home/airflow/.local/lib/python3.12/site-packages/airflow/example_dags/example_python_operator.py took 0.053 seconds
[2025-02-25T23:23:28.479+0000] {processor.py:186} INFO - Started process (PID=1523) to work on /home/airflow/.local/lib/python3.12/site-packages/airflow/example_dags/example_python_operator.py
[2025-02-25T23:23:28.480+0000] {processor.py:914} INFO - Processing file /home/airflow/.local/lib/python3.12/site-packages/airflow/example_dags/example_python_operator.py for tasks to queue
[2025-02-25T23:23:28.481+0000] {logging_mixin.py:190} INFO - [2025-02-25T23:23:28.481+0000] {dagbag.py:588} INFO - Filling up the DagBag from /home/airflow/.local/lib/python3.12/site-packages/airflow/example_dags/example_python_operator.py
[2025-02-25T23:23:28.490+0000] {processor.py:925} INFO - DAG(s) 'example_python_operator' retrieved from /home/airflow/.local/lib/python3.12/site-packages/airflow/example_dags/example_python_operator.py
[2025-02-25T23:23:28.504+0000] {logging_mixin.py:190} INFO - [2025-02-25T23:23:28.504+0000] {dag.py:3239} INFO - Sync 1 DAGs
[2025-02-25T23:23:28.514+0000] {logging_mixin.py:190} INFO - [2025-02-25T23:23:28.514+0000] {dag.py:4180} INFO - Setting next_dagrun for example_python_operator to None, run_after=None
[2025-02-25T23:23:28.526+0000] {processor.py:208} INFO - Processing /home/airflow/.local/lib/python3.12/site-packages/airflow/example_dags/example_python_operator.py took 0.051 seconds
[2025-02-25T23:23:59.019+0000] {processor.py:186} INFO - Started process (PID=1587) to work on /home/airflow/.local/lib/python3.12/site-packages/airflow/example_dags/example_python_operator.py
[2025-02-25T23:23:59.019+0000] {processor.py:914} INFO - Processing file /home/airflow/.local/lib/python3.12/site-packages/airflow/example_dags/example_python_operator.py for tasks to queue
[2025-02-25T23:23:59.021+0000] {logging_mixin.py:190} INFO - [2025-02-25T23:23:59.021+0000] {dagbag.py:588} INFO - Filling up the DagBag from /home/airflow/.local/lib/python3.12/site-packages/airflow/example_dags/example_python_operator.py
[2025-02-25T23:23:59.030+0000] {processor.py:925} INFO - DAG(s) 'example_python_operator' retrieved from /home/airflow/.local/lib/python3.12/site-packages/airflow/example_dags/example_python_operator.py
[2025-02-25T23:23:59.046+0000] {logging_mixin.py:190} INFO - [2025-02-25T23:23:59.046+0000] {dag.py:3239} INFO - Sync 1 DAGs
[2025-02-25T23:23:59.059+0000] {logging_mixin.py:190} INFO - [2025-02-25T23:23:59.058+0000] {dag.py:4180} INFO - Setting next_dagrun for example_python_operator to None, run_after=None
[2025-02-25T23:23:59.076+0000] {processor.py:208} INFO - Processing /home/airflow/.local/lib/python3.12/site-packages/airflow/example_dags/example_python_operator.py took 0.062 seconds
[2025-02-25T23:24:29.680+0000] {processor.py:186} INFO - Started process (PID=1651) to work on /home/airflow/.local/lib/python3.12/site-packages/airflow/example_dags/example_python_operator.py
[2025-02-25T23:24:29.680+0000] {processor.py:914} INFO - Processing file /home/airflow/.local/lib/python3.12/site-packages/airflow/example_dags/example_python_operator.py for tasks to queue
[2025-02-25T23:24:29.682+0000] {logging_mixin.py:190} INFO - [2025-02-25T23:24:29.682+0000] {dagbag.py:588} INFO - Filling up the DagBag from /home/airflow/.local/lib/python3.12/site-packages/airflow/example_dags/example_python_operator.py
[2025-02-25T23:24:29.692+0000] {processor.py:925} INFO - DAG(s) 'example_python_operator' retrieved from /home/airflow/.local/lib/python3.12/site-packages/airflow/example_dags/example_python_operator.py
[2025-02-25T23:24:29.708+0000] {logging_mixin.py:190} INFO - [2025-02-25T23:24:29.708+0000] {dag.py:3239} INFO - Sync 1 DAGs
[2025-02-25T23:24:29.720+0000] {logging_mixin.py:190} INFO - [2025-02-25T23:24:29.719+0000] {dag.py:4180} INFO - Setting next_dagrun for example_python_operator to None, run_after=None
[2025-02-25T23:24:29.734+0000] {processor.py:208} INFO - Processing /home/airflow/.local/lib/python3.12/site-packages/airflow/example_dags/example_python_operator.py took 0.059 seconds
[2025-02-25T23:25:00.252+0000] {processor.py:186} INFO - Started process (PID=1715) to work on /home/airflow/.local/lib/python3.12/site-packages/airflow/example_dags/example_python_operator.py
[2025-02-25T23:25:00.252+0000] {processor.py:914} INFO - Processing file /home/airflow/.local/lib/python3.12/site-packages/airflow/example_dags/example_python_operator.py for tasks to queue
[2025-02-25T23:25:00.255+0000] {logging_mixin.py:190} INFO - [2025-02-25T23:25:00.254+0000] {dagbag.py:588} INFO - Filling up the DagBag from /home/airflow/.local/lib/python3.12/site-packages/airflow/example_dags/example_python_operator.py
[2025-02-25T23:25:00.264+0000] {processor.py:925} INFO - DAG(s) 'example_python_operator' retrieved from /home/airflow/.local/lib/python3.12/site-packages/airflow/example_dags/example_python_operator.py
[2025-02-25T23:25:00.281+0000] {logging_mixin.py:190} INFO - [2025-02-25T23:25:00.280+0000] {dag.py:3239} INFO - Sync 1 DAGs
[2025-02-25T23:25:00.292+0000] {logging_mixin.py:190} INFO - [2025-02-25T23:25:00.291+0000] {dag.py:4180} INFO - Setting next_dagrun for example_python_operator to None, run_after=None
[2025-02-25T23:25:00.305+0000] {processor.py:208} INFO - Processing /home/airflow/.local/lib/python3.12/site-packages/airflow/example_dags/example_python_operator.py took 0.057 seconds
[2025-02-25T23:25:30.611+0000] {processor.py:186} INFO - Started process (PID=1779) to work on /home/airflow/.local/lib/python3.12/site-packages/airflow/example_dags/example_python_operator.py
[2025-02-25T23:25:30.612+0000] {processor.py:914} INFO - Processing file /home/airflow/.local/lib/python3.12/site-packages/airflow/example_dags/example_python_operator.py for tasks to queue
[2025-02-25T23:25:30.613+0000] {logging_mixin.py:190} INFO - [2025-02-25T23:25:30.613+0000] {dagbag.py:588} INFO - Filling up the DagBag from /home/airflow/.local/lib/python3.12/site-packages/airflow/example_dags/example_python_operator.py
[2025-02-25T23:25:30.622+0000] {processor.py:925} INFO - DAG(s) 'example_python_operator' retrieved from /home/airflow/.local/lib/python3.12/site-packages/airflow/example_dags/example_python_operator.py
[2025-02-25T23:25:30.638+0000] {logging_mixin.py:190} INFO - [2025-02-25T23:25:30.638+0000] {dag.py:3239} INFO - Sync 1 DAGs
[2025-02-25T23:25:30.651+0000] {logging_mixin.py:190} INFO - [2025-02-25T23:25:30.651+0000] {dag.py:4180} INFO - Setting next_dagrun for example_python_operator to None, run_after=None
[2025-02-25T23:25:30.669+0000] {processor.py:208} INFO - Processing /home/airflow/.local/lib/python3.12/site-packages/airflow/example_dags/example_python_operator.py took 0.062 seconds
