[2025-02-25T22:56:46.796+0000] {processor.py:186} INFO - Started process (PID=48) to work on /home/airflow/.local/lib/python3.12/site-packages/airflow/example_dags/example_short_circuit_decorator.py
[2025-02-25T22:56:46.798+0000] {processor.py:914} INFO - Processing file /home/airflow/.local/lib/python3.12/site-packages/airflow/example_dags/example_short_circuit_decorator.py for tasks to queue
[2025-02-25T22:56:46.802+0000] {logging_mixin.py:190} INFO - [2025-02-25T22:56:46.801+0000] {dagbag.py:588} INFO - Filling up the DagBag from /home/airflow/.local/lib/python3.12/site-packages/airflow/example_dags/example_short_circuit_decorator.py
[2025-02-25T22:56:46.817+0000] {processor.py:925} INFO - DAG(s) 'example_short_circuit_decorator' retrieved from /home/airflow/.local/lib/python3.12/site-packages/airflow/example_dags/example_short_circuit_decorator.py
[2025-02-25T22:56:46.954+0000] {logging_mixin.py:190} INFO - [2025-02-25T22:56:46.953+0000] {override.py:1912} INFO - Created Permission View: can read on DAG:example_short_circuit_decorator
[2025-02-25T22:56:46.966+0000] {logging_mixin.py:190} INFO - [2025-02-25T22:56:46.966+0000] {override.py:1912} INFO - Created Permission View: can delete on DAG:example_short_circuit_decorator
[2025-02-25T22:56:46.976+0000] {logging_mixin.py:190} INFO - [2025-02-25T22:56:46.976+0000] {override.py:1912} INFO - Created Permission View: can edit on DAG:example_short_circuit_decorator
[2025-02-25T22:56:46.983+0000] {logging_mixin.py:190} INFO - [2025-02-25T22:56:46.983+0000] {override.py:1912} INFO - Created Permission View: can read on DAG Run:example_short_circuit_decorator
[2025-02-25T22:56:46.990+0000] {logging_mixin.py:190} INFO - [2025-02-25T22:56:46.990+0000] {override.py:1912} INFO - Created Permission View: can create on DAG Run:example_short_circuit_decorator
[2025-02-25T22:56:46.996+0000] {logging_mixin.py:190} INFO - [2025-02-25T22:56:46.995+0000] {override.py:1912} INFO - Created Permission View: can delete on DAG Run:example_short_circuit_decorator
[2025-02-25T22:56:47.003+0000] {logging_mixin.py:190} INFO - [2025-02-25T22:56:47.003+0000] {override.py:1912} INFO - Created Permission View: menu access on DAG Run:example_short_circuit_decorator
[2025-02-25T22:56:47.003+0000] {logging_mixin.py:190} INFO - [2025-02-25T22:56:47.003+0000] {dag.py:3239} INFO - Sync 1 DAGs
[2025-02-25T22:56:47.019+0000] {logging_mixin.py:190} INFO - [2025-02-25T22:56:47.019+0000] {dag.py:3262} INFO - Creating ORM DAG for example_short_circuit_decorator
[2025-02-25T22:56:47.020+0000] {logging_mixin.py:190} INFO - [2025-02-25T22:56:47.019+0000] {dag.py:4180} INFO - Setting next_dagrun for example_short_circuit_decorator to None, run_after=None
[2025-02-25T22:56:47.044+0000] {processor.py:208} INFO - Processing /home/airflow/.local/lib/python3.12/site-packages/airflow/example_dags/example_short_circuit_decorator.py took 0.253 seconds
[2025-02-25T22:57:18.284+0000] {processor.py:186} INFO - Started process (PID=111) to work on /home/airflow/.local/lib/python3.12/site-packages/airflow/example_dags/example_short_circuit_decorator.py
[2025-02-25T22:57:18.285+0000] {processor.py:914} INFO - Processing file /home/airflow/.local/lib/python3.12/site-packages/airflow/example_dags/example_short_circuit_decorator.py for tasks to queue
[2025-02-25T22:57:18.287+0000] {logging_mixin.py:190} INFO - [2025-02-25T22:57:18.287+0000] {dagbag.py:588} INFO - Filling up the DagBag from /home/airflow/.local/lib/python3.12/site-packages/airflow/example_dags/example_short_circuit_decorator.py
[2025-02-25T22:57:18.298+0000] {processor.py:925} INFO - DAG(s) 'example_short_circuit_decorator' retrieved from /home/airflow/.local/lib/python3.12/site-packages/airflow/example_dags/example_short_circuit_decorator.py
[2025-02-25T22:57:18.316+0000] {logging_mixin.py:190} INFO - [2025-02-25T22:57:18.316+0000] {dag.py:3239} INFO - Sync 1 DAGs
[2025-02-25T22:57:18.327+0000] {logging_mixin.py:190} INFO - [2025-02-25T22:57:18.327+0000] {dag.py:4180} INFO - Setting next_dagrun for example_short_circuit_decorator to None, run_after=None
[2025-02-25T22:57:18.342+0000] {processor.py:208} INFO - Processing /home/airflow/.local/lib/python3.12/site-packages/airflow/example_dags/example_short_circuit_decorator.py took 0.190 seconds
[2025-02-25T22:57:48.816+0000] {processor.py:186} INFO - Started process (PID=175) to work on /home/airflow/.local/lib/python3.12/site-packages/airflow/example_dags/example_short_circuit_decorator.py
[2025-02-25T22:57:48.817+0000] {processor.py:914} INFO - Processing file /home/airflow/.local/lib/python3.12/site-packages/airflow/example_dags/example_short_circuit_decorator.py for tasks to queue
[2025-02-25T22:57:48.820+0000] {logging_mixin.py:190} INFO - [2025-02-25T22:57:48.820+0000] {dagbag.py:588} INFO - Filling up the DagBag from /home/airflow/.local/lib/python3.12/site-packages/airflow/example_dags/example_short_circuit_decorator.py
[2025-02-25T22:57:48.832+0000] {processor.py:925} INFO - DAG(s) 'example_short_circuit_decorator' retrieved from /home/airflow/.local/lib/python3.12/site-packages/airflow/example_dags/example_short_circuit_decorator.py
[2025-02-25T22:57:48.855+0000] {logging_mixin.py:190} INFO - [2025-02-25T22:57:48.855+0000] {dag.py:3239} INFO - Sync 1 DAGs
[2025-02-25T22:57:48.867+0000] {logging_mixin.py:190} INFO - [2025-02-25T22:57:48.867+0000] {dag.py:4180} INFO - Setting next_dagrun for example_short_circuit_decorator to None, run_after=None
[2025-02-25T22:57:48.888+0000] {processor.py:208} INFO - Processing /home/airflow/.local/lib/python3.12/site-packages/airflow/example_dags/example_short_circuit_decorator.py took 0.079 seconds
[2025-02-25T22:58:18.949+0000] {processor.py:186} INFO - Started process (PID=238) to work on /home/airflow/.local/lib/python3.12/site-packages/airflow/example_dags/example_short_circuit_decorator.py
[2025-02-25T22:58:18.951+0000] {processor.py:914} INFO - Processing file /home/airflow/.local/lib/python3.12/site-packages/airflow/example_dags/example_short_circuit_decorator.py for tasks to queue
[2025-02-25T22:58:18.953+0000] {logging_mixin.py:190} INFO - [2025-02-25T22:58:18.953+0000] {dagbag.py:588} INFO - Filling up the DagBag from /home/airflow/.local/lib/python3.12/site-packages/airflow/example_dags/example_short_circuit_decorator.py
[2025-02-25T22:58:18.963+0000] {processor.py:925} INFO - DAG(s) 'example_short_circuit_decorator' retrieved from /home/airflow/.local/lib/python3.12/site-packages/airflow/example_dags/example_short_circuit_decorator.py
[2025-02-25T22:58:18.982+0000] {logging_mixin.py:190} INFO - [2025-02-25T22:58:18.982+0000] {dag.py:3239} INFO - Sync 1 DAGs
[2025-02-25T22:58:18.994+0000] {logging_mixin.py:190} INFO - [2025-02-25T22:58:18.994+0000] {dag.py:4180} INFO - Setting next_dagrun for example_short_circuit_decorator to None, run_after=None
[2025-02-25T22:58:19.011+0000] {processor.py:208} INFO - Processing /home/airflow/.local/lib/python3.12/site-packages/airflow/example_dags/example_short_circuit_decorator.py took 0.082 seconds
[2025-02-25T22:58:49.224+0000] {processor.py:186} INFO - Started process (PID=302) to work on /home/airflow/.local/lib/python3.12/site-packages/airflow/example_dags/example_short_circuit_decorator.py
[2025-02-25T22:58:49.226+0000] {processor.py:914} INFO - Processing file /home/airflow/.local/lib/python3.12/site-packages/airflow/example_dags/example_short_circuit_decorator.py for tasks to queue
[2025-02-25T22:58:49.228+0000] {logging_mixin.py:190} INFO - [2025-02-25T22:58:49.227+0000] {dagbag.py:588} INFO - Filling up the DagBag from /home/airflow/.local/lib/python3.12/site-packages/airflow/example_dags/example_short_circuit_decorator.py
[2025-02-25T22:58:49.239+0000] {processor.py:925} INFO - DAG(s) 'example_short_circuit_decorator' retrieved from /home/airflow/.local/lib/python3.12/site-packages/airflow/example_dags/example_short_circuit_decorator.py
[2025-02-25T22:58:49.262+0000] {logging_mixin.py:190} INFO - [2025-02-25T22:58:49.261+0000] {dag.py:3239} INFO - Sync 1 DAGs
[2025-02-25T22:58:49.274+0000] {logging_mixin.py:190} INFO - [2025-02-25T22:58:49.274+0000] {dag.py:4180} INFO - Setting next_dagrun for example_short_circuit_decorator to None, run_after=None
[2025-02-25T22:58:49.286+0000] {processor.py:208} INFO - Processing /home/airflow/.local/lib/python3.12/site-packages/airflow/example_dags/example_short_circuit_decorator.py took 0.069 seconds
[2025-02-25T22:59:20.220+0000] {processor.py:186} INFO - Started process (PID=366) to work on /home/airflow/.local/lib/python3.12/site-packages/airflow/example_dags/example_short_circuit_decorator.py
[2025-02-25T22:59:20.221+0000] {processor.py:914} INFO - Processing file /home/airflow/.local/lib/python3.12/site-packages/airflow/example_dags/example_short_circuit_decorator.py for tasks to queue
[2025-02-25T22:59:20.222+0000] {logging_mixin.py:190} INFO - [2025-02-25T22:59:20.222+0000] {dagbag.py:588} INFO - Filling up the DagBag from /home/airflow/.local/lib/python3.12/site-packages/airflow/example_dags/example_short_circuit_decorator.py
[2025-02-25T22:59:20.229+0000] {processor.py:925} INFO - DAG(s) 'example_short_circuit_decorator' retrieved from /home/airflow/.local/lib/python3.12/site-packages/airflow/example_dags/example_short_circuit_decorator.py
[2025-02-25T22:59:20.247+0000] {logging_mixin.py:190} INFO - [2025-02-25T22:59:20.246+0000] {dag.py:3239} INFO - Sync 1 DAGs
[2025-02-25T22:59:20.259+0000] {logging_mixin.py:190} INFO - [2025-02-25T22:59:20.259+0000] {dag.py:4180} INFO - Setting next_dagrun for example_short_circuit_decorator to None, run_after=None
[2025-02-25T22:59:20.282+0000] {processor.py:208} INFO - Processing /home/airflow/.local/lib/python3.12/site-packages/airflow/example_dags/example_short_circuit_decorator.py took 0.066 seconds
[2025-02-25T22:59:50.764+0000] {processor.py:186} INFO - Started process (PID=430) to work on /home/airflow/.local/lib/python3.12/site-packages/airflow/example_dags/example_short_circuit_decorator.py
[2025-02-25T22:59:50.765+0000] {processor.py:914} INFO - Processing file /home/airflow/.local/lib/python3.12/site-packages/airflow/example_dags/example_short_circuit_decorator.py for tasks to queue
[2025-02-25T22:59:50.766+0000] {logging_mixin.py:190} INFO - [2025-02-25T22:59:50.766+0000] {dagbag.py:588} INFO - Filling up the DagBag from /home/airflow/.local/lib/python3.12/site-packages/airflow/example_dags/example_short_circuit_decorator.py
[2025-02-25T22:59:50.774+0000] {processor.py:925} INFO - DAG(s) 'example_short_circuit_decorator' retrieved from /home/airflow/.local/lib/python3.12/site-packages/airflow/example_dags/example_short_circuit_decorator.py
[2025-02-25T22:59:50.792+0000] {logging_mixin.py:190} INFO - [2025-02-25T22:59:50.792+0000] {dag.py:3239} INFO - Sync 1 DAGs
[2025-02-25T22:59:50.804+0000] {logging_mixin.py:190} INFO - [2025-02-25T22:59:50.804+0000] {dag.py:4180} INFO - Setting next_dagrun for example_short_circuit_decorator to None, run_after=None
[2025-02-25T22:59:50.820+0000] {processor.py:208} INFO - Processing /home/airflow/.local/lib/python3.12/site-packages/airflow/example_dags/example_short_circuit_decorator.py took 0.061 seconds
[2025-02-25T23:00:20.838+0000] {processor.py:186} INFO - Started process (PID=494) to work on /home/airflow/.local/lib/python3.12/site-packages/airflow/example_dags/example_short_circuit_decorator.py
[2025-02-25T23:00:20.839+0000] {processor.py:914} INFO - Processing file /home/airflow/.local/lib/python3.12/site-packages/airflow/example_dags/example_short_circuit_decorator.py for tasks to queue
[2025-02-25T23:00:20.840+0000] {logging_mixin.py:190} INFO - [2025-02-25T23:00:20.840+0000] {dagbag.py:588} INFO - Filling up the DagBag from /home/airflow/.local/lib/python3.12/site-packages/airflow/example_dags/example_short_circuit_decorator.py
[2025-02-25T23:00:20.847+0000] {processor.py:925} INFO - DAG(s) 'example_short_circuit_decorator' retrieved from /home/airflow/.local/lib/python3.12/site-packages/airflow/example_dags/example_short_circuit_decorator.py
[2025-02-25T23:00:20.864+0000] {logging_mixin.py:190} INFO - [2025-02-25T23:00:20.863+0000] {dag.py:3239} INFO - Sync 1 DAGs
[2025-02-25T23:00:20.877+0000] {logging_mixin.py:190} INFO - [2025-02-25T23:00:20.877+0000] {dag.py:4180} INFO - Setting next_dagrun for example_short_circuit_decorator to None, run_after=None
[2025-02-25T23:00:20.898+0000] {processor.py:208} INFO - Processing /home/airflow/.local/lib/python3.12/site-packages/airflow/example_dags/example_short_circuit_decorator.py took 0.064 seconds
[2025-02-25T23:00:50.984+0000] {processor.py:186} INFO - Started process (PID=557) to work on /home/airflow/.local/lib/python3.12/site-packages/airflow/example_dags/example_short_circuit_decorator.py
[2025-02-25T23:00:50.985+0000] {processor.py:914} INFO - Processing file /home/airflow/.local/lib/python3.12/site-packages/airflow/example_dags/example_short_circuit_decorator.py for tasks to queue
[2025-02-25T23:00:50.987+0000] {logging_mixin.py:190} INFO - [2025-02-25T23:00:50.987+0000] {dagbag.py:588} INFO - Filling up the DagBag from /home/airflow/.local/lib/python3.12/site-packages/airflow/example_dags/example_short_circuit_decorator.py
[2025-02-25T23:00:50.998+0000] {processor.py:925} INFO - DAG(s) 'example_short_circuit_decorator' retrieved from /home/airflow/.local/lib/python3.12/site-packages/airflow/example_dags/example_short_circuit_decorator.py
[2025-02-25T23:00:51.021+0000] {logging_mixin.py:190} INFO - [2025-02-25T23:00:51.021+0000] {dag.py:3239} INFO - Sync 1 DAGs
[2025-02-25T23:00:51.032+0000] {logging_mixin.py:190} INFO - [2025-02-25T23:00:51.032+0000] {dag.py:4180} INFO - Setting next_dagrun for example_short_circuit_decorator to None, run_after=None
[2025-02-25T23:00:51.056+0000] {processor.py:208} INFO - Processing /home/airflow/.local/lib/python3.12/site-packages/airflow/example_dags/example_short_circuit_decorator.py took 0.079 seconds
[2025-02-25T23:01:21.230+0000] {processor.py:186} INFO - Started process (PID=621) to work on /home/airflow/.local/lib/python3.12/site-packages/airflow/example_dags/example_short_circuit_decorator.py
[2025-02-25T23:01:21.231+0000] {processor.py:914} INFO - Processing file /home/airflow/.local/lib/python3.12/site-packages/airflow/example_dags/example_short_circuit_decorator.py for tasks to queue
[2025-02-25T23:01:21.234+0000] {logging_mixin.py:190} INFO - [2025-02-25T23:01:21.233+0000] {dagbag.py:588} INFO - Filling up the DagBag from /home/airflow/.local/lib/python3.12/site-packages/airflow/example_dags/example_short_circuit_decorator.py
[2025-02-25T23:01:21.245+0000] {processor.py:925} INFO - DAG(s) 'example_short_circuit_decorator' retrieved from /home/airflow/.local/lib/python3.12/site-packages/airflow/example_dags/example_short_circuit_decorator.py
[2025-02-25T23:01:21.266+0000] {logging_mixin.py:190} INFO - [2025-02-25T23:01:21.266+0000] {dag.py:3239} INFO - Sync 1 DAGs
[2025-02-25T23:01:21.277+0000] {logging_mixin.py:190} INFO - [2025-02-25T23:01:21.276+0000] {dag.py:4180} INFO - Setting next_dagrun for example_short_circuit_decorator to None, run_after=None
[2025-02-25T23:01:21.292+0000] {processor.py:208} INFO - Processing /home/airflow/.local/lib/python3.12/site-packages/airflow/example_dags/example_short_circuit_decorator.py took 0.071 seconds
[2025-02-25T23:01:51.688+0000] {processor.py:186} INFO - Started process (PID=685) to work on /home/airflow/.local/lib/python3.12/site-packages/airflow/example_dags/example_short_circuit_decorator.py
[2025-02-25T23:01:51.689+0000] {processor.py:914} INFO - Processing file /home/airflow/.local/lib/python3.12/site-packages/airflow/example_dags/example_short_circuit_decorator.py for tasks to queue
[2025-02-25T23:01:51.690+0000] {logging_mixin.py:190} INFO - [2025-02-25T23:01:51.690+0000] {dagbag.py:588} INFO - Filling up the DagBag from /home/airflow/.local/lib/python3.12/site-packages/airflow/example_dags/example_short_circuit_decorator.py
[2025-02-25T23:01:51.698+0000] {processor.py:925} INFO - DAG(s) 'example_short_circuit_decorator' retrieved from /home/airflow/.local/lib/python3.12/site-packages/airflow/example_dags/example_short_circuit_decorator.py
[2025-02-25T23:01:51.714+0000] {logging_mixin.py:190} INFO - [2025-02-25T23:01:51.713+0000] {dag.py:3239} INFO - Sync 1 DAGs
[2025-02-25T23:01:51.725+0000] {logging_mixin.py:190} INFO - [2025-02-25T23:01:51.725+0000] {dag.py:4180} INFO - Setting next_dagrun for example_short_circuit_decorator to None, run_after=None
[2025-02-25T23:01:51.742+0000] {processor.py:208} INFO - Processing /home/airflow/.local/lib/python3.12/site-packages/airflow/example_dags/example_short_circuit_decorator.py took 0.059 seconds
[2025-02-25T23:02:22.088+0000] {processor.py:186} INFO - Started process (PID=749) to work on /home/airflow/.local/lib/python3.12/site-packages/airflow/example_dags/example_short_circuit_decorator.py
[2025-02-25T23:02:22.091+0000] {processor.py:914} INFO - Processing file /home/airflow/.local/lib/python3.12/site-packages/airflow/example_dags/example_short_circuit_decorator.py for tasks to queue
[2025-02-25T23:02:22.098+0000] {logging_mixin.py:190} INFO - [2025-02-25T23:02:22.097+0000] {dagbag.py:588} INFO - Filling up the DagBag from /home/airflow/.local/lib/python3.12/site-packages/airflow/example_dags/example_short_circuit_decorator.py
[2025-02-25T23:02:22.114+0000] {processor.py:925} INFO - DAG(s) 'example_short_circuit_decorator' retrieved from /home/airflow/.local/lib/python3.12/site-packages/airflow/example_dags/example_short_circuit_decorator.py
[2025-02-25T23:02:22.142+0000] {logging_mixin.py:190} INFO - [2025-02-25T23:02:22.141+0000] {dag.py:3239} INFO - Sync 1 DAGs
[2025-02-25T23:02:22.153+0000] {logging_mixin.py:190} INFO - [2025-02-25T23:02:22.153+0000] {dag.py:4180} INFO - Setting next_dagrun for example_short_circuit_decorator to None, run_after=None
[2025-02-25T23:02:22.165+0000] {processor.py:208} INFO - Processing /home/airflow/.local/lib/python3.12/site-packages/airflow/example_dags/example_short_circuit_decorator.py took 0.097 seconds
[2025-02-25T23:02:52.409+0000] {processor.py:186} INFO - Started process (PID=813) to work on /home/airflow/.local/lib/python3.12/site-packages/airflow/example_dags/example_short_circuit_decorator.py
[2025-02-25T23:02:52.409+0000] {processor.py:914} INFO - Processing file /home/airflow/.local/lib/python3.12/site-packages/airflow/example_dags/example_short_circuit_decorator.py for tasks to queue
[2025-02-25T23:02:52.411+0000] {logging_mixin.py:190} INFO - [2025-02-25T23:02:52.411+0000] {dagbag.py:588} INFO - Filling up the DagBag from /home/airflow/.local/lib/python3.12/site-packages/airflow/example_dags/example_short_circuit_decorator.py
[2025-02-25T23:02:52.418+0000] {processor.py:925} INFO - DAG(s) 'example_short_circuit_decorator' retrieved from /home/airflow/.local/lib/python3.12/site-packages/airflow/example_dags/example_short_circuit_decorator.py
[2025-02-25T23:02:52.435+0000] {logging_mixin.py:190} INFO - [2025-02-25T23:02:52.435+0000] {dag.py:3239} INFO - Sync 1 DAGs
[2025-02-25T23:02:52.448+0000] {logging_mixin.py:190} INFO - [2025-02-25T23:02:52.448+0000] {dag.py:4180} INFO - Setting next_dagrun for example_short_circuit_decorator to None, run_after=None
[2025-02-25T23:02:52.461+0000] {processor.py:208} INFO - Processing /home/airflow/.local/lib/python3.12/site-packages/airflow/example_dags/example_short_circuit_decorator.py took 0.057 seconds
[2025-02-25T23:03:22.549+0000] {processor.py:186} INFO - Started process (PID=877) to work on /home/airflow/.local/lib/python3.12/site-packages/airflow/example_dags/example_short_circuit_decorator.py
[2025-02-25T23:03:22.550+0000] {processor.py:914} INFO - Processing file /home/airflow/.local/lib/python3.12/site-packages/airflow/example_dags/example_short_circuit_decorator.py for tasks to queue
[2025-02-25T23:03:22.551+0000] {logging_mixin.py:190} INFO - [2025-02-25T23:03:22.551+0000] {dagbag.py:588} INFO - Filling up the DagBag from /home/airflow/.local/lib/python3.12/site-packages/airflow/example_dags/example_short_circuit_decorator.py
[2025-02-25T23:03:22.559+0000] {processor.py:925} INFO - DAG(s) 'example_short_circuit_decorator' retrieved from /home/airflow/.local/lib/python3.12/site-packages/airflow/example_dags/example_short_circuit_decorator.py
[2025-02-25T23:03:22.576+0000] {logging_mixin.py:190} INFO - [2025-02-25T23:03:22.576+0000] {dag.py:3239} INFO - Sync 1 DAGs
[2025-02-25T23:03:22.588+0000] {logging_mixin.py:190} INFO - [2025-02-25T23:03:22.587+0000] {dag.py:4180} INFO - Setting next_dagrun for example_short_circuit_decorator to None, run_after=None
[2025-02-25T23:03:22.601+0000] {processor.py:208} INFO - Processing /home/airflow/.local/lib/python3.12/site-packages/airflow/example_dags/example_short_circuit_decorator.py took 0.056 seconds
[2025-02-25T23:03:52.722+0000] {processor.py:186} INFO - Started process (PID=940) to work on /home/airflow/.local/lib/python3.12/site-packages/airflow/example_dags/example_short_circuit_decorator.py
[2025-02-25T23:03:52.723+0000] {processor.py:914} INFO - Processing file /home/airflow/.local/lib/python3.12/site-packages/airflow/example_dags/example_short_circuit_decorator.py for tasks to queue
[2025-02-25T23:03:52.725+0000] {logging_mixin.py:190} INFO - [2025-02-25T23:03:52.725+0000] {dagbag.py:588} INFO - Filling up the DagBag from /home/airflow/.local/lib/python3.12/site-packages/airflow/example_dags/example_short_circuit_decorator.py
[2025-02-25T23:03:52.733+0000] {processor.py:925} INFO - DAG(s) 'example_short_circuit_decorator' retrieved from /home/airflow/.local/lib/python3.12/site-packages/airflow/example_dags/example_short_circuit_decorator.py
[2025-02-25T23:03:52.750+0000] {logging_mixin.py:190} INFO - [2025-02-25T23:03:52.750+0000] {dag.py:3239} INFO - Sync 1 DAGs
[2025-02-25T23:03:52.762+0000] {logging_mixin.py:190} INFO - [2025-02-25T23:03:52.762+0000] {dag.py:4180} INFO - Setting next_dagrun for example_short_circuit_decorator to None, run_after=None
[2025-02-25T23:03:52.778+0000] {processor.py:208} INFO - Processing /home/airflow/.local/lib/python3.12/site-packages/airflow/example_dags/example_short_circuit_decorator.py took 0.061 seconds
[2025-02-25T23:04:22.914+0000] {processor.py:186} INFO - Started process (PID=999) to work on /home/airflow/.local/lib/python3.12/site-packages/airflow/example_dags/example_short_circuit_decorator.py
[2025-02-25T23:04:22.914+0000] {processor.py:914} INFO - Processing file /home/airflow/.local/lib/python3.12/site-packages/airflow/example_dags/example_short_circuit_decorator.py for tasks to queue
[2025-02-25T23:04:22.916+0000] {logging_mixin.py:190} INFO - [2025-02-25T23:04:22.916+0000] {dagbag.py:588} INFO - Filling up the DagBag from /home/airflow/.local/lib/python3.12/site-packages/airflow/example_dags/example_short_circuit_decorator.py
[2025-02-25T23:04:22.923+0000] {processor.py:925} INFO - DAG(s) 'example_short_circuit_decorator' retrieved from /home/airflow/.local/lib/python3.12/site-packages/airflow/example_dags/example_short_circuit_decorator.py
[2025-02-25T23:04:22.939+0000] {logging_mixin.py:190} INFO - [2025-02-25T23:04:22.939+0000] {dag.py:3239} INFO - Sync 1 DAGs
[2025-02-25T23:04:22.949+0000] {logging_mixin.py:190} INFO - [2025-02-25T23:04:22.949+0000] {dag.py:4180} INFO - Setting next_dagrun for example_short_circuit_decorator to None, run_after=None
[2025-02-25T23:04:22.961+0000] {processor.py:208} INFO - Processing /home/airflow/.local/lib/python3.12/site-packages/airflow/example_dags/example_short_circuit_decorator.py took 0.052 seconds
[2025-02-25T23:04:53.152+0000] {processor.py:186} INFO - Started process (PID=1063) to work on /home/airflow/.local/lib/python3.12/site-packages/airflow/example_dags/example_short_circuit_decorator.py
[2025-02-25T23:04:53.153+0000] {processor.py:914} INFO - Processing file /home/airflow/.local/lib/python3.12/site-packages/airflow/example_dags/example_short_circuit_decorator.py for tasks to queue
[2025-02-25T23:04:53.155+0000] {logging_mixin.py:190} INFO - [2025-02-25T23:04:53.154+0000] {dagbag.py:588} INFO - Filling up the DagBag from /home/airflow/.local/lib/python3.12/site-packages/airflow/example_dags/example_short_circuit_decorator.py
[2025-02-25T23:04:53.162+0000] {processor.py:925} INFO - DAG(s) 'example_short_circuit_decorator' retrieved from /home/airflow/.local/lib/python3.12/site-packages/airflow/example_dags/example_short_circuit_decorator.py
[2025-02-25T23:04:53.178+0000] {logging_mixin.py:190} INFO - [2025-02-25T23:04:53.178+0000] {dag.py:3239} INFO - Sync 1 DAGs
[2025-02-25T23:04:53.189+0000] {logging_mixin.py:190} INFO - [2025-02-25T23:04:53.189+0000] {dag.py:4180} INFO - Setting next_dagrun for example_short_circuit_decorator to None, run_after=None
[2025-02-25T23:04:53.203+0000] {processor.py:208} INFO - Processing /home/airflow/.local/lib/python3.12/site-packages/airflow/example_dags/example_short_circuit_decorator.py took 0.055 seconds
[2025-02-25T23:05:23.279+0000] {processor.py:186} INFO - Started process (PID=1127) to work on /home/airflow/.local/lib/python3.12/site-packages/airflow/example_dags/example_short_circuit_decorator.py
[2025-02-25T23:05:23.279+0000] {processor.py:914} INFO - Processing file /home/airflow/.local/lib/python3.12/site-packages/airflow/example_dags/example_short_circuit_decorator.py for tasks to queue
[2025-02-25T23:05:23.281+0000] {logging_mixin.py:190} INFO - [2025-02-25T23:05:23.280+0000] {dagbag.py:588} INFO - Filling up the DagBag from /home/airflow/.local/lib/python3.12/site-packages/airflow/example_dags/example_short_circuit_decorator.py
[2025-02-25T23:05:23.289+0000] {processor.py:925} INFO - DAG(s) 'example_short_circuit_decorator' retrieved from /home/airflow/.local/lib/python3.12/site-packages/airflow/example_dags/example_short_circuit_decorator.py
[2025-02-25T23:05:23.308+0000] {logging_mixin.py:190} INFO - [2025-02-25T23:05:23.308+0000] {dag.py:3239} INFO - Sync 1 DAGs
[2025-02-25T23:05:23.320+0000] {logging_mixin.py:190} INFO - [2025-02-25T23:05:23.320+0000] {dag.py:4180} INFO - Setting next_dagrun for example_short_circuit_decorator to None, run_after=None
[2025-02-25T23:05:23.342+0000] {processor.py:208} INFO - Processing /home/airflow/.local/lib/python3.12/site-packages/airflow/example_dags/example_short_circuit_decorator.py took 0.068 seconds
[2025-02-25T23:05:53.726+0000] {processor.py:186} INFO - Started process (PID=1191) to work on /home/airflow/.local/lib/python3.12/site-packages/airflow/example_dags/example_short_circuit_decorator.py
[2025-02-25T23:05:53.727+0000] {processor.py:914} INFO - Processing file /home/airflow/.local/lib/python3.12/site-packages/airflow/example_dags/example_short_circuit_decorator.py for tasks to queue
[2025-02-25T23:05:53.729+0000] {logging_mixin.py:190} INFO - [2025-02-25T23:05:53.728+0000] {dagbag.py:588} INFO - Filling up the DagBag from /home/airflow/.local/lib/python3.12/site-packages/airflow/example_dags/example_short_circuit_decorator.py
[2025-02-25T23:05:53.736+0000] {processor.py:925} INFO - DAG(s) 'example_short_circuit_decorator' retrieved from /home/airflow/.local/lib/python3.12/site-packages/airflow/example_dags/example_short_circuit_decorator.py
[2025-02-25T23:05:53.753+0000] {logging_mixin.py:190} INFO - [2025-02-25T23:05:53.753+0000] {dag.py:3239} INFO - Sync 1 DAGs
[2025-02-25T23:05:53.765+0000] {logging_mixin.py:190} INFO - [2025-02-25T23:05:53.764+0000] {dag.py:4180} INFO - Setting next_dagrun for example_short_circuit_decorator to None, run_after=None
[2025-02-25T23:05:53.780+0000] {processor.py:208} INFO - Processing /home/airflow/.local/lib/python3.12/site-packages/airflow/example_dags/example_short_circuit_decorator.py took 0.058 seconds
[2025-02-25T23:06:24.649+0000] {processor.py:186} INFO - Started process (PID=1257) to work on /home/airflow/.local/lib/python3.12/site-packages/airflow/example_dags/example_short_circuit_decorator.py
[2025-02-25T23:06:24.650+0000] {processor.py:914} INFO - Processing file /home/airflow/.local/lib/python3.12/site-packages/airflow/example_dags/example_short_circuit_decorator.py for tasks to queue
[2025-02-25T23:06:24.651+0000] {logging_mixin.py:190} INFO - [2025-02-25T23:06:24.651+0000] {dagbag.py:588} INFO - Filling up the DagBag from /home/airflow/.local/lib/python3.12/site-packages/airflow/example_dags/example_short_circuit_decorator.py
[2025-02-25T23:06:24.659+0000] {processor.py:925} INFO - DAG(s) 'example_short_circuit_decorator' retrieved from /home/airflow/.local/lib/python3.12/site-packages/airflow/example_dags/example_short_circuit_decorator.py
[2025-02-25T23:06:24.684+0000] {logging_mixin.py:190} INFO - [2025-02-25T23:06:24.684+0000] {dag.py:3239} INFO - Sync 1 DAGs
[2025-02-25T23:06:24.698+0000] {logging_mixin.py:190} INFO - [2025-02-25T23:06:24.697+0000] {dag.py:4180} INFO - Setting next_dagrun for example_short_circuit_decorator to None, run_after=None
[2025-02-25T23:06:24.721+0000] {processor.py:208} INFO - Processing /home/airflow/.local/lib/python3.12/site-packages/airflow/example_dags/example_short_circuit_decorator.py took 0.077 seconds
[2025-02-25T23:06:55.223+0000] {processor.py:186} INFO - Started process (PID=1321) to work on /home/airflow/.local/lib/python3.12/site-packages/airflow/example_dags/example_short_circuit_decorator.py
[2025-02-25T23:06:55.225+0000] {processor.py:914} INFO - Processing file /home/airflow/.local/lib/python3.12/site-packages/airflow/example_dags/example_short_circuit_decorator.py for tasks to queue
[2025-02-25T23:06:55.227+0000] {logging_mixin.py:190} INFO - [2025-02-25T23:06:55.227+0000] {dagbag.py:588} INFO - Filling up the DagBag from /home/airflow/.local/lib/python3.12/site-packages/airflow/example_dags/example_short_circuit_decorator.py
[2025-02-25T23:06:55.237+0000] {processor.py:925} INFO - DAG(s) 'example_short_circuit_decorator' retrieved from /home/airflow/.local/lib/python3.12/site-packages/airflow/example_dags/example_short_circuit_decorator.py
[2025-02-25T23:06:55.260+0000] {logging_mixin.py:190} INFO - [2025-02-25T23:06:55.259+0000] {dag.py:3239} INFO - Sync 1 DAGs
[2025-02-25T23:06:55.274+0000] {logging_mixin.py:190} INFO - [2025-02-25T23:06:55.274+0000] {dag.py:4180} INFO - Setting next_dagrun for example_short_circuit_decorator to None, run_after=None
[2025-02-25T23:06:55.293+0000] {processor.py:208} INFO - Processing /home/airflow/.local/lib/python3.12/site-packages/airflow/example_dags/example_short_circuit_decorator.py took 0.077 seconds
[2025-02-25T23:07:25.528+0000] {processor.py:186} INFO - Started process (PID=1385) to work on /home/airflow/.local/lib/python3.12/site-packages/airflow/example_dags/example_short_circuit_decorator.py
[2025-02-25T23:07:25.529+0000] {processor.py:914} INFO - Processing file /home/airflow/.local/lib/python3.12/site-packages/airflow/example_dags/example_short_circuit_decorator.py for tasks to queue
[2025-02-25T23:07:25.531+0000] {logging_mixin.py:190} INFO - [2025-02-25T23:07:25.531+0000] {dagbag.py:588} INFO - Filling up the DagBag from /home/airflow/.local/lib/python3.12/site-packages/airflow/example_dags/example_short_circuit_decorator.py
[2025-02-25T23:07:25.538+0000] {processor.py:925} INFO - DAG(s) 'example_short_circuit_decorator' retrieved from /home/airflow/.local/lib/python3.12/site-packages/airflow/example_dags/example_short_circuit_decorator.py
[2025-02-25T23:07:25.555+0000] {logging_mixin.py:190} INFO - [2025-02-25T23:07:25.555+0000] {dag.py:3239} INFO - Sync 1 DAGs
[2025-02-25T23:07:25.567+0000] {logging_mixin.py:190} INFO - [2025-02-25T23:07:25.567+0000] {dag.py:4180} INFO - Setting next_dagrun for example_short_circuit_decorator to None, run_after=None
[2025-02-25T23:07:25.582+0000] {processor.py:208} INFO - Processing /home/airflow/.local/lib/python3.12/site-packages/airflow/example_dags/example_short_circuit_decorator.py took 0.058 seconds
[2025-02-25T23:07:55.922+0000] {processor.py:186} INFO - Started process (PID=1449) to work on /home/airflow/.local/lib/python3.12/site-packages/airflow/example_dags/example_short_circuit_decorator.py
[2025-02-25T23:07:55.923+0000] {processor.py:914} INFO - Processing file /home/airflow/.local/lib/python3.12/site-packages/airflow/example_dags/example_short_circuit_decorator.py for tasks to queue
[2025-02-25T23:07:55.924+0000] {logging_mixin.py:190} INFO - [2025-02-25T23:07:55.924+0000] {dagbag.py:588} INFO - Filling up the DagBag from /home/airflow/.local/lib/python3.12/site-packages/airflow/example_dags/example_short_circuit_decorator.py
[2025-02-25T23:07:55.931+0000] {processor.py:925} INFO - DAG(s) 'example_short_circuit_decorator' retrieved from /home/airflow/.local/lib/python3.12/site-packages/airflow/example_dags/example_short_circuit_decorator.py
[2025-02-25T23:07:55.947+0000] {logging_mixin.py:190} INFO - [2025-02-25T23:07:55.947+0000] {dag.py:3239} INFO - Sync 1 DAGs
[2025-02-25T23:07:55.959+0000] {logging_mixin.py:190} INFO - [2025-02-25T23:07:55.959+0000] {dag.py:4180} INFO - Setting next_dagrun for example_short_circuit_decorator to None, run_after=None
[2025-02-25T23:07:55.974+0000] {processor.py:208} INFO - Processing /home/airflow/.local/lib/python3.12/site-packages/airflow/example_dags/example_short_circuit_decorator.py took 0.056 seconds
[2025-02-25T23:08:26.325+0000] {processor.py:186} INFO - Started process (PID=1513) to work on /home/airflow/.local/lib/python3.12/site-packages/airflow/example_dags/example_short_circuit_decorator.py
[2025-02-25T23:08:26.326+0000] {processor.py:914} INFO - Processing file /home/airflow/.local/lib/python3.12/site-packages/airflow/example_dags/example_short_circuit_decorator.py for tasks to queue
[2025-02-25T23:08:26.327+0000] {logging_mixin.py:190} INFO - [2025-02-25T23:08:26.327+0000] {dagbag.py:588} INFO - Filling up the DagBag from /home/airflow/.local/lib/python3.12/site-packages/airflow/example_dags/example_short_circuit_decorator.py
[2025-02-25T23:08:26.336+0000] {processor.py:925} INFO - DAG(s) 'example_short_circuit_decorator' retrieved from /home/airflow/.local/lib/python3.12/site-packages/airflow/example_dags/example_short_circuit_decorator.py
[2025-02-25T23:08:26.352+0000] {logging_mixin.py:190} INFO - [2025-02-25T23:08:26.352+0000] {dag.py:3239} INFO - Sync 1 DAGs
[2025-02-25T23:08:26.364+0000] {logging_mixin.py:190} INFO - [2025-02-25T23:08:26.363+0000] {dag.py:4180} INFO - Setting next_dagrun for example_short_circuit_decorator to None, run_after=None
[2025-02-25T23:08:26.378+0000] {processor.py:208} INFO - Processing /home/airflow/.local/lib/python3.12/site-packages/airflow/example_dags/example_short_circuit_decorator.py took 0.057 seconds
[2025-02-25T23:08:57.153+0000] {processor.py:186} INFO - Started process (PID=1577) to work on /home/airflow/.local/lib/python3.12/site-packages/airflow/example_dags/example_short_circuit_decorator.py
[2025-02-25T23:08:57.154+0000] {processor.py:914} INFO - Processing file /home/airflow/.local/lib/python3.12/site-packages/airflow/example_dags/example_short_circuit_decorator.py for tasks to queue
[2025-02-25T23:08:57.155+0000] {logging_mixin.py:190} INFO - [2025-02-25T23:08:57.155+0000] {dagbag.py:588} INFO - Filling up the DagBag from /home/airflow/.local/lib/python3.12/site-packages/airflow/example_dags/example_short_circuit_decorator.py
[2025-02-25T23:08:57.162+0000] {processor.py:925} INFO - DAG(s) 'example_short_circuit_decorator' retrieved from /home/airflow/.local/lib/python3.12/site-packages/airflow/example_dags/example_short_circuit_decorator.py
[2025-02-25T23:08:57.178+0000] {logging_mixin.py:190} INFO - [2025-02-25T23:08:57.178+0000] {dag.py:3239} INFO - Sync 1 DAGs
[2025-02-25T23:08:57.189+0000] {logging_mixin.py:190} INFO - [2025-02-25T23:08:57.189+0000] {dag.py:4180} INFO - Setting next_dagrun for example_short_circuit_decorator to None, run_after=None
[2025-02-25T23:08:57.202+0000] {processor.py:208} INFO - Processing /home/airflow/.local/lib/python3.12/site-packages/airflow/example_dags/example_short_circuit_decorator.py took 0.055 seconds
[2025-02-25T23:09:27.281+0000] {processor.py:186} INFO - Started process (PID=1641) to work on /home/airflow/.local/lib/python3.12/site-packages/airflow/example_dags/example_short_circuit_decorator.py
[2025-02-25T23:09:27.282+0000] {processor.py:914} INFO - Processing file /home/airflow/.local/lib/python3.12/site-packages/airflow/example_dags/example_short_circuit_decorator.py for tasks to queue
[2025-02-25T23:09:27.283+0000] {logging_mixin.py:190} INFO - [2025-02-25T23:09:27.283+0000] {dagbag.py:588} INFO - Filling up the DagBag from /home/airflow/.local/lib/python3.12/site-packages/airflow/example_dags/example_short_circuit_decorator.py
[2025-02-25T23:09:27.290+0000] {processor.py:925} INFO - DAG(s) 'example_short_circuit_decorator' retrieved from /home/airflow/.local/lib/python3.12/site-packages/airflow/example_dags/example_short_circuit_decorator.py
[2025-02-25T23:09:27.307+0000] {logging_mixin.py:190} INFO - [2025-02-25T23:09:27.307+0000] {dag.py:3239} INFO - Sync 1 DAGs
[2025-02-25T23:09:27.318+0000] {logging_mixin.py:190} INFO - [2025-02-25T23:09:27.318+0000] {dag.py:4180} INFO - Setting next_dagrun for example_short_circuit_decorator to None, run_after=None
[2025-02-25T23:09:27.334+0000] {processor.py:208} INFO - Processing /home/airflow/.local/lib/python3.12/site-packages/airflow/example_dags/example_short_circuit_decorator.py took 0.057 seconds
[2025-02-25T23:09:57.453+0000] {processor.py:186} INFO - Started process (PID=1703) to work on /home/airflow/.local/lib/python3.12/site-packages/airflow/example_dags/example_short_circuit_decorator.py
[2025-02-25T23:09:57.454+0000] {processor.py:914} INFO - Processing file /home/airflow/.local/lib/python3.12/site-packages/airflow/example_dags/example_short_circuit_decorator.py for tasks to queue
[2025-02-25T23:09:57.455+0000] {logging_mixin.py:190} INFO - [2025-02-25T23:09:57.455+0000] {dagbag.py:588} INFO - Filling up the DagBag from /home/airflow/.local/lib/python3.12/site-packages/airflow/example_dags/example_short_circuit_decorator.py
[2025-02-25T23:09:57.463+0000] {processor.py:925} INFO - DAG(s) 'example_short_circuit_decorator' retrieved from /home/airflow/.local/lib/python3.12/site-packages/airflow/example_dags/example_short_circuit_decorator.py
[2025-02-25T23:09:57.482+0000] {logging_mixin.py:190} INFO - [2025-02-25T23:09:57.482+0000] {dag.py:3239} INFO - Sync 1 DAGs
[2025-02-25T23:09:57.494+0000] {logging_mixin.py:190} INFO - [2025-02-25T23:09:57.494+0000] {dag.py:4180} INFO - Setting next_dagrun for example_short_circuit_decorator to None, run_after=None
[2025-02-25T23:09:57.509+0000] {processor.py:208} INFO - Processing /home/airflow/.local/lib/python3.12/site-packages/airflow/example_dags/example_short_circuit_decorator.py took 0.060 seconds
[2025-02-25T23:10:27.790+0000] {processor.py:186} INFO - Started process (PID=1766) to work on /home/airflow/.local/lib/python3.12/site-packages/airflow/example_dags/example_short_circuit_decorator.py
[2025-02-25T23:10:27.790+0000] {processor.py:914} INFO - Processing file /home/airflow/.local/lib/python3.12/site-packages/airflow/example_dags/example_short_circuit_decorator.py for tasks to queue
[2025-02-25T23:10:27.791+0000] {logging_mixin.py:190} INFO - [2025-02-25T23:10:27.791+0000] {dagbag.py:588} INFO - Filling up the DagBag from /home/airflow/.local/lib/python3.12/site-packages/airflow/example_dags/example_short_circuit_decorator.py
[2025-02-25T23:10:27.799+0000] {processor.py:925} INFO - DAG(s) 'example_short_circuit_decorator' retrieved from /home/airflow/.local/lib/python3.12/site-packages/airflow/example_dags/example_short_circuit_decorator.py
[2025-02-25T23:10:27.816+0000] {logging_mixin.py:190} INFO - [2025-02-25T23:10:27.816+0000] {dag.py:3239} INFO - Sync 1 DAGs
[2025-02-25T23:10:27.828+0000] {logging_mixin.py:190} INFO - [2025-02-25T23:10:27.828+0000] {dag.py:4180} INFO - Setting next_dagrun for example_short_circuit_decorator to None, run_after=None
[2025-02-25T23:10:27.849+0000] {processor.py:208} INFO - Processing /home/airflow/.local/lib/python3.12/site-packages/airflow/example_dags/example_short_circuit_decorator.py took 0.063 seconds
[2025-02-25T23:11:46.635+0000] {processor.py:186} INFO - Started process (PID=47) to work on /home/airflow/.local/lib/python3.12/site-packages/airflow/example_dags/example_short_circuit_decorator.py
[2025-02-25T23:11:46.636+0000] {processor.py:914} INFO - Processing file /home/airflow/.local/lib/python3.12/site-packages/airflow/example_dags/example_short_circuit_decorator.py for tasks to queue
[2025-02-25T23:11:46.638+0000] {logging_mixin.py:190} INFO - [2025-02-25T23:11:46.637+0000] {dagbag.py:588} INFO - Filling up the DagBag from /home/airflow/.local/lib/python3.12/site-packages/airflow/example_dags/example_short_circuit_decorator.py
[2025-02-25T23:11:46.647+0000] {processor.py:925} INFO - DAG(s) 'example_short_circuit_decorator' retrieved from /home/airflow/.local/lib/python3.12/site-packages/airflow/example_dags/example_short_circuit_decorator.py
[2025-02-25T23:11:46.743+0000] {logging_mixin.py:190} INFO - [2025-02-25T23:11:46.743+0000] {dag.py:3239} INFO - Sync 1 DAGs
[2025-02-25T23:11:46.794+0000] {logging_mixin.py:190} INFO - [2025-02-25T23:11:46.794+0000] {dag.py:4180} INFO - Setting next_dagrun for example_short_circuit_decorator to None, run_after=None
[2025-02-25T23:11:46.824+0000] {processor.py:208} INFO - Processing /home/airflow/.local/lib/python3.12/site-packages/airflow/example_dags/example_short_circuit_decorator.py took 0.194 seconds
[2025-02-25T23:12:17.475+0000] {processor.py:186} INFO - Started process (PID=111) to work on /home/airflow/.local/lib/python3.12/site-packages/airflow/example_dags/example_short_circuit_decorator.py
[2025-02-25T23:12:17.475+0000] {processor.py:914} INFO - Processing file /home/airflow/.local/lib/python3.12/site-packages/airflow/example_dags/example_short_circuit_decorator.py for tasks to queue
[2025-02-25T23:12:17.477+0000] {logging_mixin.py:190} INFO - [2025-02-25T23:12:17.477+0000] {dagbag.py:588} INFO - Filling up the DagBag from /home/airflow/.local/lib/python3.12/site-packages/airflow/example_dags/example_short_circuit_decorator.py
[2025-02-25T23:12:17.484+0000] {processor.py:925} INFO - DAG(s) 'example_short_circuit_decorator' retrieved from /home/airflow/.local/lib/python3.12/site-packages/airflow/example_dags/example_short_circuit_decorator.py
[2025-02-25T23:12:17.503+0000] {logging_mixin.py:190} INFO - [2025-02-25T23:12:17.502+0000] {dag.py:3239} INFO - Sync 1 DAGs
[2025-02-25T23:12:17.514+0000] {logging_mixin.py:190} INFO - [2025-02-25T23:12:17.514+0000] {dag.py:4180} INFO - Setting next_dagrun for example_short_circuit_decorator to None, run_after=None
[2025-02-25T23:12:17.527+0000] {processor.py:208} INFO - Processing /home/airflow/.local/lib/python3.12/site-packages/airflow/example_dags/example_short_circuit_decorator.py took 0.057 seconds
[2025-02-25T23:12:47.699+0000] {processor.py:186} INFO - Started process (PID=174) to work on /home/airflow/.local/lib/python3.12/site-packages/airflow/example_dags/example_short_circuit_decorator.py
[2025-02-25T23:12:47.699+0000] {processor.py:914} INFO - Processing file /home/airflow/.local/lib/python3.12/site-packages/airflow/example_dags/example_short_circuit_decorator.py for tasks to queue
[2025-02-25T23:12:47.701+0000] {logging_mixin.py:190} INFO - [2025-02-25T23:12:47.701+0000] {dagbag.py:588} INFO - Filling up the DagBag from /home/airflow/.local/lib/python3.12/site-packages/airflow/example_dags/example_short_circuit_decorator.py
[2025-02-25T23:12:47.709+0000] {processor.py:925} INFO - DAG(s) 'example_short_circuit_decorator' retrieved from /home/airflow/.local/lib/python3.12/site-packages/airflow/example_dags/example_short_circuit_decorator.py
[2025-02-25T23:12:47.727+0000] {logging_mixin.py:190} INFO - [2025-02-25T23:12:47.726+0000] {dag.py:3239} INFO - Sync 1 DAGs
[2025-02-25T23:12:47.737+0000] {logging_mixin.py:190} INFO - [2025-02-25T23:12:47.737+0000] {dag.py:4180} INFO - Setting next_dagrun for example_short_circuit_decorator to None, run_after=None
[2025-02-25T23:12:47.752+0000] {processor.py:208} INFO - Processing /home/airflow/.local/lib/python3.12/site-packages/airflow/example_dags/example_short_circuit_decorator.py took 0.058 seconds
[2025-02-25T23:13:18.148+0000] {processor.py:186} INFO - Started process (PID=238) to work on /home/airflow/.local/lib/python3.12/site-packages/airflow/example_dags/example_short_circuit_decorator.py
[2025-02-25T23:13:18.148+0000] {processor.py:914} INFO - Processing file /home/airflow/.local/lib/python3.12/site-packages/airflow/example_dags/example_short_circuit_decorator.py for tasks to queue
[2025-02-25T23:13:18.150+0000] {logging_mixin.py:190} INFO - [2025-02-25T23:13:18.150+0000] {dagbag.py:588} INFO - Filling up the DagBag from /home/airflow/.local/lib/python3.12/site-packages/airflow/example_dags/example_short_circuit_decorator.py
[2025-02-25T23:13:18.159+0000] {processor.py:925} INFO - DAG(s) 'example_short_circuit_decorator' retrieved from /home/airflow/.local/lib/python3.12/site-packages/airflow/example_dags/example_short_circuit_decorator.py
[2025-02-25T23:13:18.177+0000] {logging_mixin.py:190} INFO - [2025-02-25T23:13:18.177+0000] {dag.py:3239} INFO - Sync 1 DAGs
[2025-02-25T23:13:18.190+0000] {logging_mixin.py:190} INFO - [2025-02-25T23:13:18.190+0000] {dag.py:4180} INFO - Setting next_dagrun for example_short_circuit_decorator to None, run_after=None
[2025-02-25T23:13:18.208+0000] {processor.py:208} INFO - Processing /home/airflow/.local/lib/python3.12/site-packages/airflow/example_dags/example_short_circuit_decorator.py took 0.066 seconds
[2025-02-25T23:13:48.845+0000] {processor.py:186} INFO - Started process (PID=302) to work on /home/airflow/.local/lib/python3.12/site-packages/airflow/example_dags/example_short_circuit_decorator.py
[2025-02-25T23:13:48.845+0000] {processor.py:914} INFO - Processing file /home/airflow/.local/lib/python3.12/site-packages/airflow/example_dags/example_short_circuit_decorator.py for tasks to queue
[2025-02-25T23:13:48.847+0000] {logging_mixin.py:190} INFO - [2025-02-25T23:13:48.846+0000] {dagbag.py:588} INFO - Filling up the DagBag from /home/airflow/.local/lib/python3.12/site-packages/airflow/example_dags/example_short_circuit_decorator.py
[2025-02-25T23:13:48.854+0000] {processor.py:925} INFO - DAG(s) 'example_short_circuit_decorator' retrieved from /home/airflow/.local/lib/python3.12/site-packages/airflow/example_dags/example_short_circuit_decorator.py
[2025-02-25T23:13:48.869+0000] {logging_mixin.py:190} INFO - [2025-02-25T23:13:48.869+0000] {dag.py:3239} INFO - Sync 1 DAGs
[2025-02-25T23:13:48.879+0000] {logging_mixin.py:190} INFO - [2025-02-25T23:13:48.879+0000] {dag.py:4180} INFO - Setting next_dagrun for example_short_circuit_decorator to None, run_after=None
[2025-02-25T23:13:48.891+0000] {processor.py:208} INFO - Processing /home/airflow/.local/lib/python3.12/site-packages/airflow/example_dags/example_short_circuit_decorator.py took 0.050 seconds
[2025-02-25T23:14:19.399+0000] {processor.py:186} INFO - Started process (PID=366) to work on /home/airflow/.local/lib/python3.12/site-packages/airflow/example_dags/example_short_circuit_decorator.py
[2025-02-25T23:14:19.400+0000] {processor.py:914} INFO - Processing file /home/airflow/.local/lib/python3.12/site-packages/airflow/example_dags/example_short_circuit_decorator.py for tasks to queue
[2025-02-25T23:14:19.402+0000] {logging_mixin.py:190} INFO - [2025-02-25T23:14:19.401+0000] {dagbag.py:588} INFO - Filling up the DagBag from /home/airflow/.local/lib/python3.12/site-packages/airflow/example_dags/example_short_circuit_decorator.py
[2025-02-25T23:14:19.409+0000] {processor.py:925} INFO - DAG(s) 'example_short_circuit_decorator' retrieved from /home/airflow/.local/lib/python3.12/site-packages/airflow/example_dags/example_short_circuit_decorator.py
[2025-02-25T23:14:19.425+0000] {logging_mixin.py:190} INFO - [2025-02-25T23:14:19.424+0000] {dag.py:3239} INFO - Sync 1 DAGs
[2025-02-25T23:14:19.435+0000] {logging_mixin.py:190} INFO - [2025-02-25T23:14:19.435+0000] {dag.py:4180} INFO - Setting next_dagrun for example_short_circuit_decorator to None, run_after=None
[2025-02-25T23:14:19.447+0000] {processor.py:208} INFO - Processing /home/airflow/.local/lib/python3.12/site-packages/airflow/example_dags/example_short_circuit_decorator.py took 0.053 seconds
[2025-02-25T23:14:49.729+0000] {processor.py:186} INFO - Started process (PID=430) to work on /home/airflow/.local/lib/python3.12/site-packages/airflow/example_dags/example_short_circuit_decorator.py
[2025-02-25T23:14:49.730+0000] {processor.py:914} INFO - Processing file /home/airflow/.local/lib/python3.12/site-packages/airflow/example_dags/example_short_circuit_decorator.py for tasks to queue
[2025-02-25T23:14:49.731+0000] {logging_mixin.py:190} INFO - [2025-02-25T23:14:49.731+0000] {dagbag.py:588} INFO - Filling up the DagBag from /home/airflow/.local/lib/python3.12/site-packages/airflow/example_dags/example_short_circuit_decorator.py
[2025-02-25T23:14:49.739+0000] {processor.py:925} INFO - DAG(s) 'example_short_circuit_decorator' retrieved from /home/airflow/.local/lib/python3.12/site-packages/airflow/example_dags/example_short_circuit_decorator.py
[2025-02-25T23:14:49.754+0000] {logging_mixin.py:190} INFO - [2025-02-25T23:14:49.754+0000] {dag.py:3239} INFO - Sync 1 DAGs
[2025-02-25T23:14:49.766+0000] {logging_mixin.py:190} INFO - [2025-02-25T23:14:49.765+0000] {dag.py:4180} INFO - Setting next_dagrun for example_short_circuit_decorator to None, run_after=None
[2025-02-25T23:14:49.778+0000] {processor.py:208} INFO - Processing /home/airflow/.local/lib/python3.12/site-packages/airflow/example_dags/example_short_circuit_decorator.py took 0.053 seconds
[2025-02-25T23:15:20.724+0000] {processor.py:186} INFO - Started process (PID=494) to work on /home/airflow/.local/lib/python3.12/site-packages/airflow/example_dags/example_short_circuit_decorator.py
[2025-02-25T23:15:20.724+0000] {processor.py:914} INFO - Processing file /home/airflow/.local/lib/python3.12/site-packages/airflow/example_dags/example_short_circuit_decorator.py for tasks to queue
[2025-02-25T23:15:20.726+0000] {logging_mixin.py:190} INFO - [2025-02-25T23:15:20.726+0000] {dagbag.py:588} INFO - Filling up the DagBag from /home/airflow/.local/lib/python3.12/site-packages/airflow/example_dags/example_short_circuit_decorator.py
[2025-02-25T23:15:20.735+0000] {processor.py:925} INFO - DAG(s) 'example_short_circuit_decorator' retrieved from /home/airflow/.local/lib/python3.12/site-packages/airflow/example_dags/example_short_circuit_decorator.py
[2025-02-25T23:15:20.751+0000] {logging_mixin.py:190} INFO - [2025-02-25T23:15:20.751+0000] {dag.py:3239} INFO - Sync 1 DAGs
[2025-02-25T23:15:20.761+0000] {logging_mixin.py:190} INFO - [2025-02-25T23:15:20.761+0000] {dag.py:4180} INFO - Setting next_dagrun for example_short_circuit_decorator to None, run_after=None
[2025-02-25T23:15:20.774+0000] {processor.py:208} INFO - Processing /home/airflow/.local/lib/python3.12/site-packages/airflow/example_dags/example_short_circuit_decorator.py took 0.055 seconds
[2025-02-25T23:15:51.368+0000] {processor.py:186} INFO - Started process (PID=558) to work on /home/airflow/.local/lib/python3.12/site-packages/airflow/example_dags/example_short_circuit_decorator.py
[2025-02-25T23:15:51.368+0000] {processor.py:914} INFO - Processing file /home/airflow/.local/lib/python3.12/site-packages/airflow/example_dags/example_short_circuit_decorator.py for tasks to queue
[2025-02-25T23:15:51.370+0000] {logging_mixin.py:190} INFO - [2025-02-25T23:15:51.369+0000] {dagbag.py:588} INFO - Filling up the DagBag from /home/airflow/.local/lib/python3.12/site-packages/airflow/example_dags/example_short_circuit_decorator.py
[2025-02-25T23:15:51.377+0000] {processor.py:925} INFO - DAG(s) 'example_short_circuit_decorator' retrieved from /home/airflow/.local/lib/python3.12/site-packages/airflow/example_dags/example_short_circuit_decorator.py
[2025-02-25T23:15:51.392+0000] {logging_mixin.py:190} INFO - [2025-02-25T23:15:51.392+0000] {dag.py:3239} INFO - Sync 1 DAGs
[2025-02-25T23:15:51.403+0000] {logging_mixin.py:190} INFO - [2025-02-25T23:15:51.403+0000] {dag.py:4180} INFO - Setting next_dagrun for example_short_circuit_decorator to None, run_after=None
[2025-02-25T23:15:51.417+0000] {processor.py:208} INFO - Processing /home/airflow/.local/lib/python3.12/site-packages/airflow/example_dags/example_short_circuit_decorator.py took 0.053 seconds
[2025-02-25T23:16:21.711+0000] {processor.py:186} INFO - Started process (PID=622) to work on /home/airflow/.local/lib/python3.12/site-packages/airflow/example_dags/example_short_circuit_decorator.py
[2025-02-25T23:16:21.712+0000] {processor.py:914} INFO - Processing file /home/airflow/.local/lib/python3.12/site-packages/airflow/example_dags/example_short_circuit_decorator.py for tasks to queue
[2025-02-25T23:16:21.713+0000] {logging_mixin.py:190} INFO - [2025-02-25T23:16:21.713+0000] {dagbag.py:588} INFO - Filling up the DagBag from /home/airflow/.local/lib/python3.12/site-packages/airflow/example_dags/example_short_circuit_decorator.py
[2025-02-25T23:16:21.722+0000] {processor.py:925} INFO - DAG(s) 'example_short_circuit_decorator' retrieved from /home/airflow/.local/lib/python3.12/site-packages/airflow/example_dags/example_short_circuit_decorator.py
[2025-02-25T23:16:21.742+0000] {logging_mixin.py:190} INFO - [2025-02-25T23:16:21.742+0000] {dag.py:3239} INFO - Sync 1 DAGs
[2025-02-25T23:16:21.754+0000] {logging_mixin.py:190} INFO - [2025-02-25T23:16:21.754+0000] {dag.py:4180} INFO - Setting next_dagrun for example_short_circuit_decorator to None, run_after=None
[2025-02-25T23:16:21.771+0000] {processor.py:208} INFO - Processing /home/airflow/.local/lib/python3.12/site-packages/airflow/example_dags/example_short_circuit_decorator.py took 0.065 seconds
[2025-02-25T23:16:52.213+0000] {processor.py:186} INFO - Started process (PID=686) to work on /home/airflow/.local/lib/python3.12/site-packages/airflow/example_dags/example_short_circuit_decorator.py
[2025-02-25T23:16:52.214+0000] {processor.py:914} INFO - Processing file /home/airflow/.local/lib/python3.12/site-packages/airflow/example_dags/example_short_circuit_decorator.py for tasks to queue
[2025-02-25T23:16:52.215+0000] {logging_mixin.py:190} INFO - [2025-02-25T23:16:52.215+0000] {dagbag.py:588} INFO - Filling up the DagBag from /home/airflow/.local/lib/python3.12/site-packages/airflow/example_dags/example_short_circuit_decorator.py
[2025-02-25T23:16:52.222+0000] {processor.py:925} INFO - DAG(s) 'example_short_circuit_decorator' retrieved from /home/airflow/.local/lib/python3.12/site-packages/airflow/example_dags/example_short_circuit_decorator.py
[2025-02-25T23:16:52.237+0000] {logging_mixin.py:190} INFO - [2025-02-25T23:16:52.237+0000] {dag.py:3239} INFO - Sync 1 DAGs
[2025-02-25T23:16:52.247+0000] {logging_mixin.py:190} INFO - [2025-02-25T23:16:52.247+0000] {dag.py:4180} INFO - Setting next_dagrun for example_short_circuit_decorator to None, run_after=None
[2025-02-25T23:16:52.261+0000] {processor.py:208} INFO - Processing /home/airflow/.local/lib/python3.12/site-packages/airflow/example_dags/example_short_circuit_decorator.py took 0.052 seconds
[2025-02-25T23:17:22.769+0000] {processor.py:186} INFO - Started process (PID=750) to work on /home/airflow/.local/lib/python3.12/site-packages/airflow/example_dags/example_short_circuit_decorator.py
[2025-02-25T23:17:22.770+0000] {processor.py:914} INFO - Processing file /home/airflow/.local/lib/python3.12/site-packages/airflow/example_dags/example_short_circuit_decorator.py for tasks to queue
[2025-02-25T23:17:22.771+0000] {logging_mixin.py:190} INFO - [2025-02-25T23:17:22.771+0000] {dagbag.py:588} INFO - Filling up the DagBag from /home/airflow/.local/lib/python3.12/site-packages/airflow/example_dags/example_short_circuit_decorator.py
[2025-02-25T23:17:22.778+0000] {processor.py:925} INFO - DAG(s) 'example_short_circuit_decorator' retrieved from /home/airflow/.local/lib/python3.12/site-packages/airflow/example_dags/example_short_circuit_decorator.py
[2025-02-25T23:17:22.793+0000] {logging_mixin.py:190} INFO - [2025-02-25T23:17:22.793+0000] {dag.py:3239} INFO - Sync 1 DAGs
[2025-02-25T23:17:22.803+0000] {logging_mixin.py:190} INFO - [2025-02-25T23:17:22.803+0000] {dag.py:4180} INFO - Setting next_dagrun for example_short_circuit_decorator to None, run_after=None
[2025-02-25T23:17:22.815+0000] {processor.py:208} INFO - Processing /home/airflow/.local/lib/python3.12/site-packages/airflow/example_dags/example_short_circuit_decorator.py took 0.050 seconds
[2025-02-25T23:17:53.353+0000] {processor.py:186} INFO - Started process (PID=814) to work on /home/airflow/.local/lib/python3.12/site-packages/airflow/example_dags/example_short_circuit_decorator.py
[2025-02-25T23:17:53.354+0000] {processor.py:914} INFO - Processing file /home/airflow/.local/lib/python3.12/site-packages/airflow/example_dags/example_short_circuit_decorator.py for tasks to queue
[2025-02-25T23:17:53.356+0000] {logging_mixin.py:190} INFO - [2025-02-25T23:17:53.355+0000] {dagbag.py:588} INFO - Filling up the DagBag from /home/airflow/.local/lib/python3.12/site-packages/airflow/example_dags/example_short_circuit_decorator.py
[2025-02-25T23:17:53.363+0000] {processor.py:925} INFO - DAG(s) 'example_short_circuit_decorator' retrieved from /home/airflow/.local/lib/python3.12/site-packages/airflow/example_dags/example_short_circuit_decorator.py
[2025-02-25T23:17:53.382+0000] {logging_mixin.py:190} INFO - [2025-02-25T23:17:53.382+0000] {dag.py:3239} INFO - Sync 1 DAGs
[2025-02-25T23:17:53.394+0000] {logging_mixin.py:190} INFO - [2025-02-25T23:17:53.394+0000] {dag.py:4180} INFO - Setting next_dagrun for example_short_circuit_decorator to None, run_after=None
[2025-02-25T23:17:53.408+0000] {processor.py:208} INFO - Processing /home/airflow/.local/lib/python3.12/site-packages/airflow/example_dags/example_short_circuit_decorator.py took 0.059 seconds
[2025-02-25T23:18:24.052+0000] {processor.py:186} INFO - Started process (PID=878) to work on /home/airflow/.local/lib/python3.12/site-packages/airflow/example_dags/example_short_circuit_decorator.py
[2025-02-25T23:18:24.052+0000] {processor.py:914} INFO - Processing file /home/airflow/.local/lib/python3.12/site-packages/airflow/example_dags/example_short_circuit_decorator.py for tasks to queue
[2025-02-25T23:18:24.054+0000] {logging_mixin.py:190} INFO - [2025-02-25T23:18:24.054+0000] {dagbag.py:588} INFO - Filling up the DagBag from /home/airflow/.local/lib/python3.12/site-packages/airflow/example_dags/example_short_circuit_decorator.py
[2025-02-25T23:18:24.061+0000] {processor.py:925} INFO - DAG(s) 'example_short_circuit_decorator' retrieved from /home/airflow/.local/lib/python3.12/site-packages/airflow/example_dags/example_short_circuit_decorator.py
[2025-02-25T23:18:24.076+0000] {logging_mixin.py:190} INFO - [2025-02-25T23:18:24.076+0000] {dag.py:3239} INFO - Sync 1 DAGs
[2025-02-25T23:18:24.087+0000] {logging_mixin.py:190} INFO - [2025-02-25T23:18:24.086+0000] {dag.py:4180} INFO - Setting next_dagrun for example_short_circuit_decorator to None, run_after=None
[2025-02-25T23:18:24.100+0000] {processor.py:208} INFO - Processing /home/airflow/.local/lib/python3.12/site-packages/airflow/example_dags/example_short_circuit_decorator.py took 0.053 seconds
[2025-02-25T23:18:54.799+0000] {processor.py:186} INFO - Started process (PID=942) to work on /home/airflow/.local/lib/python3.12/site-packages/airflow/example_dags/example_short_circuit_decorator.py
[2025-02-25T23:18:54.800+0000] {processor.py:914} INFO - Processing file /home/airflow/.local/lib/python3.12/site-packages/airflow/example_dags/example_short_circuit_decorator.py for tasks to queue
[2025-02-25T23:18:54.802+0000] {logging_mixin.py:190} INFO - [2025-02-25T23:18:54.801+0000] {dagbag.py:588} INFO - Filling up the DagBag from /home/airflow/.local/lib/python3.12/site-packages/airflow/example_dags/example_short_circuit_decorator.py
[2025-02-25T23:18:54.812+0000] {processor.py:925} INFO - DAG(s) 'example_short_circuit_decorator' retrieved from /home/airflow/.local/lib/python3.12/site-packages/airflow/example_dags/example_short_circuit_decorator.py
[2025-02-25T23:18:54.831+0000] {logging_mixin.py:190} INFO - [2025-02-25T23:18:54.830+0000] {dag.py:3239} INFO - Sync 1 DAGs
[2025-02-25T23:18:54.845+0000] {logging_mixin.py:190} INFO - [2025-02-25T23:18:54.845+0000] {dag.py:4180} INFO - Setting next_dagrun for example_short_circuit_decorator to None, run_after=None
[2025-02-25T23:18:54.862+0000] {processor.py:208} INFO - Processing /home/airflow/.local/lib/python3.12/site-packages/airflow/example_dags/example_short_circuit_decorator.py took 0.067 seconds
[2025-02-25T23:19:25.016+0000] {processor.py:186} INFO - Started process (PID=1006) to work on /home/airflow/.local/lib/python3.12/site-packages/airflow/example_dags/example_short_circuit_decorator.py
[2025-02-25T23:19:25.017+0000] {processor.py:914} INFO - Processing file /home/airflow/.local/lib/python3.12/site-packages/airflow/example_dags/example_short_circuit_decorator.py for tasks to queue
[2025-02-25T23:19:25.018+0000] {logging_mixin.py:190} INFO - [2025-02-25T23:19:25.018+0000] {dagbag.py:588} INFO - Filling up the DagBag from /home/airflow/.local/lib/python3.12/site-packages/airflow/example_dags/example_short_circuit_decorator.py
[2025-02-25T23:19:25.026+0000] {processor.py:925} INFO - DAG(s) 'example_short_circuit_decorator' retrieved from /home/airflow/.local/lib/python3.12/site-packages/airflow/example_dags/example_short_circuit_decorator.py
[2025-02-25T23:19:25.046+0000] {logging_mixin.py:190} INFO - [2025-02-25T23:19:25.045+0000] {dag.py:3239} INFO - Sync 1 DAGs
[2025-02-25T23:19:25.057+0000] {logging_mixin.py:190} INFO - [2025-02-25T23:19:25.057+0000] {dag.py:4180} INFO - Setting next_dagrun for example_short_circuit_decorator to None, run_after=None
[2025-02-25T23:19:25.072+0000] {processor.py:208} INFO - Processing /home/airflow/.local/lib/python3.12/site-packages/airflow/example_dags/example_short_circuit_decorator.py took 0.061 seconds
[2025-02-25T23:19:55.150+0000] {processor.py:186} INFO - Started process (PID=1070) to work on /home/airflow/.local/lib/python3.12/site-packages/airflow/example_dags/example_short_circuit_decorator.py
[2025-02-25T23:19:55.151+0000] {processor.py:914} INFO - Processing file /home/airflow/.local/lib/python3.12/site-packages/airflow/example_dags/example_short_circuit_decorator.py for tasks to queue
[2025-02-25T23:19:55.154+0000] {logging_mixin.py:190} INFO - [2025-02-25T23:19:55.154+0000] {dagbag.py:588} INFO - Filling up the DagBag from /home/airflow/.local/lib/python3.12/site-packages/airflow/example_dags/example_short_circuit_decorator.py
[2025-02-25T23:19:55.164+0000] {processor.py:925} INFO - DAG(s) 'example_short_circuit_decorator' retrieved from /home/airflow/.local/lib/python3.12/site-packages/airflow/example_dags/example_short_circuit_decorator.py
[2025-02-25T23:19:55.180+0000] {logging_mixin.py:190} INFO - [2025-02-25T23:19:55.180+0000] {dag.py:3239} INFO - Sync 1 DAGs
[2025-02-25T23:19:55.191+0000] {logging_mixin.py:190} INFO - [2025-02-25T23:19:55.191+0000] {dag.py:4180} INFO - Setting next_dagrun for example_short_circuit_decorator to None, run_after=None
[2025-02-25T23:19:55.206+0000] {processor.py:208} INFO - Processing /home/airflow/.local/lib/python3.12/site-packages/airflow/example_dags/example_short_circuit_decorator.py took 0.061 seconds
[2025-02-25T23:20:25.284+0000] {processor.py:186} INFO - Started process (PID=1134) to work on /home/airflow/.local/lib/python3.12/site-packages/airflow/example_dags/example_short_circuit_decorator.py
[2025-02-25T23:20:25.285+0000] {processor.py:914} INFO - Processing file /home/airflow/.local/lib/python3.12/site-packages/airflow/example_dags/example_short_circuit_decorator.py for tasks to queue
[2025-02-25T23:20:25.288+0000] {logging_mixin.py:190} INFO - [2025-02-25T23:20:25.287+0000] {dagbag.py:588} INFO - Filling up the DagBag from /home/airflow/.local/lib/python3.12/site-packages/airflow/example_dags/example_short_circuit_decorator.py
[2025-02-25T23:20:25.296+0000] {processor.py:925} INFO - DAG(s) 'example_short_circuit_decorator' retrieved from /home/airflow/.local/lib/python3.12/site-packages/airflow/example_dags/example_short_circuit_decorator.py
[2025-02-25T23:20:25.314+0000] {logging_mixin.py:190} INFO - [2025-02-25T23:20:25.313+0000] {dag.py:3239} INFO - Sync 1 DAGs
[2025-02-25T23:20:25.324+0000] {logging_mixin.py:190} INFO - [2025-02-25T23:20:25.324+0000] {dag.py:4180} INFO - Setting next_dagrun for example_short_circuit_decorator to None, run_after=None
[2025-02-25T23:20:25.338+0000] {processor.py:208} INFO - Processing /home/airflow/.local/lib/python3.12/site-packages/airflow/example_dags/example_short_circuit_decorator.py took 0.058 seconds
[2025-02-25T23:20:55.703+0000] {processor.py:186} INFO - Started process (PID=1198) to work on /home/airflow/.local/lib/python3.12/site-packages/airflow/example_dags/example_short_circuit_decorator.py
[2025-02-25T23:20:55.703+0000] {processor.py:914} INFO - Processing file /home/airflow/.local/lib/python3.12/site-packages/airflow/example_dags/example_short_circuit_decorator.py for tasks to queue
[2025-02-25T23:20:55.705+0000] {logging_mixin.py:190} INFO - [2025-02-25T23:20:55.704+0000] {dagbag.py:588} INFO - Filling up the DagBag from /home/airflow/.local/lib/python3.12/site-packages/airflow/example_dags/example_short_circuit_decorator.py
[2025-02-25T23:20:55.712+0000] {processor.py:925} INFO - DAG(s) 'example_short_circuit_decorator' retrieved from /home/airflow/.local/lib/python3.12/site-packages/airflow/example_dags/example_short_circuit_decorator.py
[2025-02-25T23:20:55.727+0000] {logging_mixin.py:190} INFO - [2025-02-25T23:20:55.727+0000] {dag.py:3239} INFO - Sync 1 DAGs
[2025-02-25T23:20:55.737+0000] {logging_mixin.py:190} INFO - [2025-02-25T23:20:55.737+0000] {dag.py:4180} INFO - Setting next_dagrun for example_short_circuit_decorator to None, run_after=None
[2025-02-25T23:20:55.753+0000] {processor.py:208} INFO - Processing /home/airflow/.local/lib/python3.12/site-packages/airflow/example_dags/example_short_circuit_decorator.py took 0.055 seconds
[2025-02-25T23:21:26.506+0000] {processor.py:186} INFO - Started process (PID=1262) to work on /home/airflow/.local/lib/python3.12/site-packages/airflow/example_dags/example_short_circuit_decorator.py
[2025-02-25T23:21:26.507+0000] {processor.py:914} INFO - Processing file /home/airflow/.local/lib/python3.12/site-packages/airflow/example_dags/example_short_circuit_decorator.py for tasks to queue
[2025-02-25T23:21:26.508+0000] {logging_mixin.py:190} INFO - [2025-02-25T23:21:26.508+0000] {dagbag.py:588} INFO - Filling up the DagBag from /home/airflow/.local/lib/python3.12/site-packages/airflow/example_dags/example_short_circuit_decorator.py
[2025-02-25T23:21:26.515+0000] {processor.py:925} INFO - DAG(s) 'example_short_circuit_decorator' retrieved from /home/airflow/.local/lib/python3.12/site-packages/airflow/example_dags/example_short_circuit_decorator.py
[2025-02-25T23:21:26.531+0000] {logging_mixin.py:190} INFO - [2025-02-25T23:21:26.531+0000] {dag.py:3239} INFO - Sync 1 DAGs
[2025-02-25T23:21:26.542+0000] {logging_mixin.py:190} INFO - [2025-02-25T23:21:26.542+0000] {dag.py:4180} INFO - Setting next_dagrun for example_short_circuit_decorator to None, run_after=None
[2025-02-25T23:21:26.561+0000] {processor.py:208} INFO - Processing /home/airflow/.local/lib/python3.12/site-packages/airflow/example_dags/example_short_circuit_decorator.py took 0.059 seconds
[2025-02-25T23:21:57.099+0000] {processor.py:186} INFO - Started process (PID=1326) to work on /home/airflow/.local/lib/python3.12/site-packages/airflow/example_dags/example_short_circuit_decorator.py
[2025-02-25T23:21:57.100+0000] {processor.py:914} INFO - Processing file /home/airflow/.local/lib/python3.12/site-packages/airflow/example_dags/example_short_circuit_decorator.py for tasks to queue
[2025-02-25T23:21:57.101+0000] {logging_mixin.py:190} INFO - [2025-02-25T23:21:57.101+0000] {dagbag.py:588} INFO - Filling up the DagBag from /home/airflow/.local/lib/python3.12/site-packages/airflow/example_dags/example_short_circuit_decorator.py
[2025-02-25T23:21:57.108+0000] {processor.py:925} INFO - DAG(s) 'example_short_circuit_decorator' retrieved from /home/airflow/.local/lib/python3.12/site-packages/airflow/example_dags/example_short_circuit_decorator.py
[2025-02-25T23:21:57.123+0000] {logging_mixin.py:190} INFO - [2025-02-25T23:21:57.123+0000] {dag.py:3239} INFO - Sync 1 DAGs
[2025-02-25T23:21:57.134+0000] {logging_mixin.py:190} INFO - [2025-02-25T23:21:57.133+0000] {dag.py:4180} INFO - Setting next_dagrun for example_short_circuit_decorator to None, run_after=None
[2025-02-25T23:21:57.156+0000] {processor.py:208} INFO - Processing /home/airflow/.local/lib/python3.12/site-packages/airflow/example_dags/example_short_circuit_decorator.py took 0.061 seconds
[2025-02-25T23:22:27.462+0000] {processor.py:186} INFO - Started process (PID=1390) to work on /home/airflow/.local/lib/python3.12/site-packages/airflow/example_dags/example_short_circuit_decorator.py
[2025-02-25T23:22:27.463+0000] {processor.py:914} INFO - Processing file /home/airflow/.local/lib/python3.12/site-packages/airflow/example_dags/example_short_circuit_decorator.py for tasks to queue
[2025-02-25T23:22:27.464+0000] {logging_mixin.py:190} INFO - [2025-02-25T23:22:27.464+0000] {dagbag.py:588} INFO - Filling up the DagBag from /home/airflow/.local/lib/python3.12/site-packages/airflow/example_dags/example_short_circuit_decorator.py
[2025-02-25T23:22:27.472+0000] {processor.py:925} INFO - DAG(s) 'example_short_circuit_decorator' retrieved from /home/airflow/.local/lib/python3.12/site-packages/airflow/example_dags/example_short_circuit_decorator.py
[2025-02-25T23:22:27.488+0000] {logging_mixin.py:190} INFO - [2025-02-25T23:22:27.488+0000] {dag.py:3239} INFO - Sync 1 DAGs
[2025-02-25T23:22:27.498+0000] {logging_mixin.py:190} INFO - [2025-02-25T23:22:27.498+0000] {dag.py:4180} INFO - Setting next_dagrun for example_short_circuit_decorator to None, run_after=None
[2025-02-25T23:22:27.511+0000] {processor.py:208} INFO - Processing /home/airflow/.local/lib/python3.12/site-packages/airflow/example_dags/example_short_circuit_decorator.py took 0.054 seconds
[2025-02-25T23:22:57.931+0000] {processor.py:186} INFO - Started process (PID=1454) to work on /home/airflow/.local/lib/python3.12/site-packages/airflow/example_dags/example_short_circuit_decorator.py
[2025-02-25T23:22:57.932+0000] {processor.py:914} INFO - Processing file /home/airflow/.local/lib/python3.12/site-packages/airflow/example_dags/example_short_circuit_decorator.py for tasks to queue
[2025-02-25T23:22:57.933+0000] {logging_mixin.py:190} INFO - [2025-02-25T23:22:57.933+0000] {dagbag.py:588} INFO - Filling up the DagBag from /home/airflow/.local/lib/python3.12/site-packages/airflow/example_dags/example_short_circuit_decorator.py
[2025-02-25T23:22:57.941+0000] {processor.py:925} INFO - DAG(s) 'example_short_circuit_decorator' retrieved from /home/airflow/.local/lib/python3.12/site-packages/airflow/example_dags/example_short_circuit_decorator.py
[2025-02-25T23:22:57.956+0000] {logging_mixin.py:190} INFO - [2025-02-25T23:22:57.956+0000] {dag.py:3239} INFO - Sync 1 DAGs
[2025-02-25T23:22:57.967+0000] {logging_mixin.py:190} INFO - [2025-02-25T23:22:57.966+0000] {dag.py:4180} INFO - Setting next_dagrun for example_short_circuit_decorator to None, run_after=None
[2025-02-25T23:22:57.980+0000] {processor.py:208} INFO - Processing /home/airflow/.local/lib/python3.12/site-packages/airflow/example_dags/example_short_circuit_decorator.py took 0.052 seconds
[2025-02-25T23:23:28.269+0000] {processor.py:186} INFO - Started process (PID=1518) to work on /home/airflow/.local/lib/python3.12/site-packages/airflow/example_dags/example_short_circuit_decorator.py
[2025-02-25T23:23:28.270+0000] {processor.py:914} INFO - Processing file /home/airflow/.local/lib/python3.12/site-packages/airflow/example_dags/example_short_circuit_decorator.py for tasks to queue
[2025-02-25T23:23:28.271+0000] {logging_mixin.py:190} INFO - [2025-02-25T23:23:28.271+0000] {dagbag.py:588} INFO - Filling up the DagBag from /home/airflow/.local/lib/python3.12/site-packages/airflow/example_dags/example_short_circuit_decorator.py
[2025-02-25T23:23:28.278+0000] {processor.py:925} INFO - DAG(s) 'example_short_circuit_decorator' retrieved from /home/airflow/.local/lib/python3.12/site-packages/airflow/example_dags/example_short_circuit_decorator.py
[2025-02-25T23:23:28.294+0000] {logging_mixin.py:190} INFO - [2025-02-25T23:23:28.294+0000] {dag.py:3239} INFO - Sync 1 DAGs
[2025-02-25T23:23:28.305+0000] {logging_mixin.py:190} INFO - [2025-02-25T23:23:28.305+0000] {dag.py:4180} INFO - Setting next_dagrun for example_short_circuit_decorator to None, run_after=None
[2025-02-25T23:23:28.319+0000] {processor.py:208} INFO - Processing /home/airflow/.local/lib/python3.12/site-packages/airflow/example_dags/example_short_circuit_decorator.py took 0.055 seconds
[2025-02-25T23:23:58.798+0000] {processor.py:186} INFO - Started process (PID=1582) to work on /home/airflow/.local/lib/python3.12/site-packages/airflow/example_dags/example_short_circuit_decorator.py
[2025-02-25T23:23:58.798+0000] {processor.py:914} INFO - Processing file /home/airflow/.local/lib/python3.12/site-packages/airflow/example_dags/example_short_circuit_decorator.py for tasks to queue
[2025-02-25T23:23:58.800+0000] {logging_mixin.py:190} INFO - [2025-02-25T23:23:58.799+0000] {dagbag.py:588} INFO - Filling up the DagBag from /home/airflow/.local/lib/python3.12/site-packages/airflow/example_dags/example_short_circuit_decorator.py
[2025-02-25T23:23:58.810+0000] {processor.py:925} INFO - DAG(s) 'example_short_circuit_decorator' retrieved from /home/airflow/.local/lib/python3.12/site-packages/airflow/example_dags/example_short_circuit_decorator.py
[2025-02-25T23:23:58.826+0000] {logging_mixin.py:190} INFO - [2025-02-25T23:23:58.826+0000] {dag.py:3239} INFO - Sync 1 DAGs
[2025-02-25T23:23:58.836+0000] {logging_mixin.py:190} INFO - [2025-02-25T23:23:58.836+0000] {dag.py:4180} INFO - Setting next_dagrun for example_short_circuit_decorator to None, run_after=None
[2025-02-25T23:23:58.853+0000] {processor.py:208} INFO - Processing /home/airflow/.local/lib/python3.12/site-packages/airflow/example_dags/example_short_circuit_decorator.py took 0.059 seconds
[2025-02-25T23:24:29.399+0000] {processor.py:186} INFO - Started process (PID=1646) to work on /home/airflow/.local/lib/python3.12/site-packages/airflow/example_dags/example_short_circuit_decorator.py
[2025-02-25T23:24:29.399+0000] {processor.py:914} INFO - Processing file /home/airflow/.local/lib/python3.12/site-packages/airflow/example_dags/example_short_circuit_decorator.py for tasks to queue
[2025-02-25T23:24:29.401+0000] {logging_mixin.py:190} INFO - [2025-02-25T23:24:29.401+0000] {dagbag.py:588} INFO - Filling up the DagBag from /home/airflow/.local/lib/python3.12/site-packages/airflow/example_dags/example_short_circuit_decorator.py
[2025-02-25T23:24:29.410+0000] {processor.py:925} INFO - DAG(s) 'example_short_circuit_decorator' retrieved from /home/airflow/.local/lib/python3.12/site-packages/airflow/example_dags/example_short_circuit_decorator.py
[2025-02-25T23:24:29.427+0000] {logging_mixin.py:190} INFO - [2025-02-25T23:24:29.427+0000] {dag.py:3239} INFO - Sync 1 DAGs
[2025-02-25T23:24:29.440+0000] {logging_mixin.py:190} INFO - [2025-02-25T23:24:29.440+0000] {dag.py:4180} INFO - Setting next_dagrun for example_short_circuit_decorator to None, run_after=None
[2025-02-25T23:24:29.461+0000] {processor.py:208} INFO - Processing /home/airflow/.local/lib/python3.12/site-packages/airflow/example_dags/example_short_circuit_decorator.py took 0.066 seconds
[2025-02-25T23:25:00.064+0000] {processor.py:186} INFO - Started process (PID=1710) to work on /home/airflow/.local/lib/python3.12/site-packages/airflow/example_dags/example_short_circuit_decorator.py
[2025-02-25T23:25:00.065+0000] {processor.py:914} INFO - Processing file /home/airflow/.local/lib/python3.12/site-packages/airflow/example_dags/example_short_circuit_decorator.py for tasks to queue
[2025-02-25T23:25:00.067+0000] {logging_mixin.py:190} INFO - [2025-02-25T23:25:00.067+0000] {dagbag.py:588} INFO - Filling up the DagBag from /home/airflow/.local/lib/python3.12/site-packages/airflow/example_dags/example_short_circuit_decorator.py
[2025-02-25T23:25:00.078+0000] {processor.py:925} INFO - DAG(s) 'example_short_circuit_decorator' retrieved from /home/airflow/.local/lib/python3.12/site-packages/airflow/example_dags/example_short_circuit_decorator.py
[2025-02-25T23:25:00.097+0000] {logging_mixin.py:190} INFO - [2025-02-25T23:25:00.097+0000] {dag.py:3239} INFO - Sync 1 DAGs
[2025-02-25T23:25:00.111+0000] {logging_mixin.py:190} INFO - [2025-02-25T23:25:00.111+0000] {dag.py:4180} INFO - Setting next_dagrun for example_short_circuit_decorator to None, run_after=None
[2025-02-25T23:25:00.128+0000] {processor.py:208} INFO - Processing /home/airflow/.local/lib/python3.12/site-packages/airflow/example_dags/example_short_circuit_decorator.py took 0.070 seconds
[2025-02-25T23:25:30.399+0000] {processor.py:186} INFO - Started process (PID=1774) to work on /home/airflow/.local/lib/python3.12/site-packages/airflow/example_dags/example_short_circuit_decorator.py
[2025-02-25T23:25:30.400+0000] {processor.py:914} INFO - Processing file /home/airflow/.local/lib/python3.12/site-packages/airflow/example_dags/example_short_circuit_decorator.py for tasks to queue
[2025-02-25T23:25:30.401+0000] {logging_mixin.py:190} INFO - [2025-02-25T23:25:30.401+0000] {dagbag.py:588} INFO - Filling up the DagBag from /home/airflow/.local/lib/python3.12/site-packages/airflow/example_dags/example_short_circuit_decorator.py
[2025-02-25T23:25:30.409+0000] {processor.py:925} INFO - DAG(s) 'example_short_circuit_decorator' retrieved from /home/airflow/.local/lib/python3.12/site-packages/airflow/example_dags/example_short_circuit_decorator.py
[2025-02-25T23:25:30.425+0000] {logging_mixin.py:190} INFO - [2025-02-25T23:25:30.425+0000] {dag.py:3239} INFO - Sync 1 DAGs
[2025-02-25T23:25:30.436+0000] {logging_mixin.py:190} INFO - [2025-02-25T23:25:30.436+0000] {dag.py:4180} INFO - Setting next_dagrun for example_short_circuit_decorator to None, run_after=None
[2025-02-25T23:25:30.450+0000] {processor.py:208} INFO - Processing /home/airflow/.local/lib/python3.12/site-packages/airflow/example_dags/example_short_circuit_decorator.py took 0.057 seconds
