[2025-02-25T22:57:13.300+0000] {processor.py:186} INFO - Started process (PID=97) to work on /home/airflow/.local/lib/python3.12/site-packages/airflow/example_dags/tutorial_dag.py
[2025-02-25T22:57:13.300+0000] {processor.py:914} INFO - Processing file /home/airflow/.local/lib/python3.12/site-packages/airflow/example_dags/tutorial_dag.py for tasks to queue
[2025-02-25T22:57:13.302+0000] {logging_mixin.py:190} INFO - [2025-02-25T22:57:13.302+0000] {dagbag.py:588} INFO - Filling up the DagBag from /home/airflow/.local/lib/python3.12/site-packages/airflow/example_dags/tutorial_dag.py
[2025-02-25T22:57:13.308+0000] {processor.py:925} INFO - DAG(s) 'tutorial_dag' retrieved from /home/airflow/.local/lib/python3.12/site-packages/airflow/example_dags/tutorial_dag.py
[2025-02-25T22:57:13.396+0000] {logging_mixin.py:190} INFO - [2025-02-25T22:57:13.396+0000] {override.py:1912} INFO - Created Permission View: can read on DAG:tutorial_dag
[2025-02-25T22:57:13.513+0000] {logging_mixin.py:190} INFO - [2025-02-25T22:57:13.512+0000] {override.py:1912} INFO - Created Permission View: can delete on DAG:tutorial_dag
[2025-02-25T22:57:13.528+0000] {logging_mixin.py:190} INFO - [2025-02-25T22:57:13.528+0000] {override.py:1912} INFO - Created Permission View: can edit on DAG:tutorial_dag
[2025-02-25T22:57:13.545+0000] {logging_mixin.py:190} INFO - [2025-02-25T22:57:13.545+0000] {override.py:1912} INFO - Created Permission View: can read on DAG Run:tutorial_dag
[2025-02-25T22:57:13.551+0000] {logging_mixin.py:190} INFO - [2025-02-25T22:57:13.550+0000] {override.py:1912} INFO - Created Permission View: can create on DAG Run:tutorial_dag
[2025-02-25T22:57:13.558+0000] {logging_mixin.py:190} INFO - [2025-02-25T22:57:13.558+0000] {override.py:1912} INFO - Created Permission View: can delete on DAG Run:tutorial_dag
[2025-02-25T22:57:13.565+0000] {logging_mixin.py:190} INFO - [2025-02-25T22:57:13.565+0000] {override.py:1912} INFO - Created Permission View: menu access on DAG Run:tutorial_dag
[2025-02-25T22:57:13.565+0000] {logging_mixin.py:190} INFO - [2025-02-25T22:57:13.565+0000] {dag.py:3239} INFO - Sync 1 DAGs
[2025-02-25T22:57:13.575+0000] {logging_mixin.py:190} INFO - [2025-02-25T22:57:13.575+0000] {dag.py:3262} INFO - Creating ORM DAG for tutorial_dag
[2025-02-25T22:57:13.576+0000] {logging_mixin.py:190} INFO - [2025-02-25T22:57:13.576+0000] {dag.py:4180} INFO - Setting next_dagrun for tutorial_dag to None, run_after=None
[2025-02-25T22:57:13.590+0000] {processor.py:208} INFO - Processing /home/airflow/.local/lib/python3.12/site-packages/airflow/example_dags/tutorial_dag.py took 0.295 seconds
[2025-02-25T22:57:44.086+0000] {processor.py:186} INFO - Started process (PID=161) to work on /home/airflow/.local/lib/python3.12/site-packages/airflow/example_dags/tutorial_dag.py
[2025-02-25T22:57:44.087+0000] {processor.py:914} INFO - Processing file /home/airflow/.local/lib/python3.12/site-packages/airflow/example_dags/tutorial_dag.py for tasks to queue
[2025-02-25T22:57:44.089+0000] {logging_mixin.py:190} INFO - [2025-02-25T22:57:44.088+0000] {dagbag.py:588} INFO - Filling up the DagBag from /home/airflow/.local/lib/python3.12/site-packages/airflow/example_dags/tutorial_dag.py
[2025-02-25T22:57:44.097+0000] {processor.py:925} INFO - DAG(s) 'tutorial_dag' retrieved from /home/airflow/.local/lib/python3.12/site-packages/airflow/example_dags/tutorial_dag.py
[2025-02-25T22:57:44.116+0000] {logging_mixin.py:190} INFO - [2025-02-25T22:57:44.115+0000] {dag.py:3239} INFO - Sync 1 DAGs
[2025-02-25T22:57:44.130+0000] {logging_mixin.py:190} INFO - [2025-02-25T22:57:44.129+0000] {dag.py:4180} INFO - Setting next_dagrun for tutorial_dag to None, run_after=None
[2025-02-25T22:57:44.150+0000] {processor.py:208} INFO - Processing /home/airflow/.local/lib/python3.12/site-packages/airflow/example_dags/tutorial_dag.py took 0.070 seconds
[2025-02-25T22:58:14.386+0000] {processor.py:186} INFO - Started process (PID=224) to work on /home/airflow/.local/lib/python3.12/site-packages/airflow/example_dags/tutorial_dag.py
[2025-02-25T22:58:14.387+0000] {processor.py:914} INFO - Processing file /home/airflow/.local/lib/python3.12/site-packages/airflow/example_dags/tutorial_dag.py for tasks to queue
[2025-02-25T22:58:14.389+0000] {logging_mixin.py:190} INFO - [2025-02-25T22:58:14.389+0000] {dagbag.py:588} INFO - Filling up the DagBag from /home/airflow/.local/lib/python3.12/site-packages/airflow/example_dags/tutorial_dag.py
[2025-02-25T22:58:14.396+0000] {processor.py:925} INFO - DAG(s) 'tutorial_dag' retrieved from /home/airflow/.local/lib/python3.12/site-packages/airflow/example_dags/tutorial_dag.py
[2025-02-25T22:58:14.410+0000] {logging_mixin.py:190} INFO - [2025-02-25T22:58:14.410+0000] {dag.py:3239} INFO - Sync 1 DAGs
[2025-02-25T22:58:14.421+0000] {logging_mixin.py:190} INFO - [2025-02-25T22:58:14.420+0000] {dag.py:4180} INFO - Setting next_dagrun for tutorial_dag to None, run_after=None
[2025-02-25T22:58:14.436+0000] {processor.py:208} INFO - Processing /home/airflow/.local/lib/python3.12/site-packages/airflow/example_dags/tutorial_dag.py took 0.057 seconds
[2025-02-25T22:58:45.148+0000] {processor.py:186} INFO - Started process (PID=288) to work on /home/airflow/.local/lib/python3.12/site-packages/airflow/example_dags/tutorial_dag.py
[2025-02-25T22:58:45.149+0000] {processor.py:914} INFO - Processing file /home/airflow/.local/lib/python3.12/site-packages/airflow/example_dags/tutorial_dag.py for tasks to queue
[2025-02-25T22:58:45.151+0000] {logging_mixin.py:190} INFO - [2025-02-25T22:58:45.151+0000] {dagbag.py:588} INFO - Filling up the DagBag from /home/airflow/.local/lib/python3.12/site-packages/airflow/example_dags/tutorial_dag.py
[2025-02-25T22:58:45.164+0000] {processor.py:925} INFO - DAG(s) 'tutorial_dag' retrieved from /home/airflow/.local/lib/python3.12/site-packages/airflow/example_dags/tutorial_dag.py
[2025-02-25T22:58:45.182+0000] {logging_mixin.py:190} INFO - [2025-02-25T22:58:45.182+0000] {dag.py:3239} INFO - Sync 1 DAGs
[2025-02-25T22:58:45.196+0000] {logging_mixin.py:190} INFO - [2025-02-25T22:58:45.196+0000] {dag.py:4180} INFO - Setting next_dagrun for tutorial_dag to None, run_after=None
[2025-02-25T22:58:45.214+0000] {processor.py:208} INFO - Processing /home/airflow/.local/lib/python3.12/site-packages/airflow/example_dags/tutorial_dag.py took 0.072 seconds
[2025-02-25T22:59:15.599+0000] {processor.py:186} INFO - Started process (PID=352) to work on /home/airflow/.local/lib/python3.12/site-packages/airflow/example_dags/tutorial_dag.py
[2025-02-25T22:59:15.600+0000] {processor.py:914} INFO - Processing file /home/airflow/.local/lib/python3.12/site-packages/airflow/example_dags/tutorial_dag.py for tasks to queue
[2025-02-25T22:59:15.602+0000] {logging_mixin.py:190} INFO - [2025-02-25T22:59:15.602+0000] {dagbag.py:588} INFO - Filling up the DagBag from /home/airflow/.local/lib/python3.12/site-packages/airflow/example_dags/tutorial_dag.py
[2025-02-25T22:59:15.611+0000] {processor.py:925} INFO - DAG(s) 'tutorial_dag' retrieved from /home/airflow/.local/lib/python3.12/site-packages/airflow/example_dags/tutorial_dag.py
[2025-02-25T22:59:15.637+0000] {logging_mixin.py:190} INFO - [2025-02-25T22:59:15.636+0000] {dag.py:3239} INFO - Sync 1 DAGs
[2025-02-25T22:59:15.657+0000] {logging_mixin.py:190} INFO - [2025-02-25T22:59:15.656+0000] {dag.py:4180} INFO - Setting next_dagrun for tutorial_dag to None, run_after=None
[2025-02-25T22:59:15.676+0000] {processor.py:208} INFO - Processing /home/airflow/.local/lib/python3.12/site-packages/airflow/example_dags/tutorial_dag.py took 0.085 seconds
[2025-02-25T22:59:46.247+0000] {processor.py:186} INFO - Started process (PID=416) to work on /home/airflow/.local/lib/python3.12/site-packages/airflow/example_dags/tutorial_dag.py
[2025-02-25T22:59:46.248+0000] {processor.py:914} INFO - Processing file /home/airflow/.local/lib/python3.12/site-packages/airflow/example_dags/tutorial_dag.py for tasks to queue
[2025-02-25T22:59:46.250+0000] {logging_mixin.py:190} INFO - [2025-02-25T22:59:46.250+0000] {dagbag.py:588} INFO - Filling up the DagBag from /home/airflow/.local/lib/python3.12/site-packages/airflow/example_dags/tutorial_dag.py
[2025-02-25T22:59:46.257+0000] {processor.py:925} INFO - DAG(s) 'tutorial_dag' retrieved from /home/airflow/.local/lib/python3.12/site-packages/airflow/example_dags/tutorial_dag.py
[2025-02-25T22:59:46.271+0000] {logging_mixin.py:190} INFO - [2025-02-25T22:59:46.271+0000] {dag.py:3239} INFO - Sync 1 DAGs
[2025-02-25T22:59:46.282+0000] {logging_mixin.py:190} INFO - [2025-02-25T22:59:46.282+0000] {dag.py:4180} INFO - Setting next_dagrun for tutorial_dag to None, run_after=None
[2025-02-25T22:59:46.304+0000] {processor.py:208} INFO - Processing /home/airflow/.local/lib/python3.12/site-packages/airflow/example_dags/tutorial_dag.py took 0.061 seconds
[2025-02-25T23:00:16.963+0000] {processor.py:186} INFO - Started process (PID=480) to work on /home/airflow/.local/lib/python3.12/site-packages/airflow/example_dags/tutorial_dag.py
[2025-02-25T23:00:16.964+0000] {processor.py:914} INFO - Processing file /home/airflow/.local/lib/python3.12/site-packages/airflow/example_dags/tutorial_dag.py for tasks to queue
[2025-02-25T23:00:16.965+0000] {logging_mixin.py:190} INFO - [2025-02-25T23:00:16.965+0000] {dagbag.py:588} INFO - Filling up the DagBag from /home/airflow/.local/lib/python3.12/site-packages/airflow/example_dags/tutorial_dag.py
[2025-02-25T23:00:16.972+0000] {processor.py:925} INFO - DAG(s) 'tutorial_dag' retrieved from /home/airflow/.local/lib/python3.12/site-packages/airflow/example_dags/tutorial_dag.py
[2025-02-25T23:00:16.985+0000] {logging_mixin.py:190} INFO - [2025-02-25T23:00:16.985+0000] {dag.py:3239} INFO - Sync 1 DAGs
[2025-02-25T23:00:16.997+0000] {logging_mixin.py:190} INFO - [2025-02-25T23:00:16.996+0000] {dag.py:4180} INFO - Setting next_dagrun for tutorial_dag to None, run_after=None
[2025-02-25T23:00:17.020+0000] {processor.py:208} INFO - Processing /home/airflow/.local/lib/python3.12/site-packages/airflow/example_dags/tutorial_dag.py took 0.062 seconds
[2025-02-25T23:00:47.401+0000] {processor.py:186} INFO - Started process (PID=543) to work on /home/airflow/.local/lib/python3.12/site-packages/airflow/example_dags/tutorial_dag.py
[2025-02-25T23:00:47.402+0000] {processor.py:914} INFO - Processing file /home/airflow/.local/lib/python3.12/site-packages/airflow/example_dags/tutorial_dag.py for tasks to queue
[2025-02-25T23:00:47.404+0000] {logging_mixin.py:190} INFO - [2025-02-25T23:00:47.403+0000] {dagbag.py:588} INFO - Filling up the DagBag from /home/airflow/.local/lib/python3.12/site-packages/airflow/example_dags/tutorial_dag.py
[2025-02-25T23:00:47.411+0000] {processor.py:925} INFO - DAG(s) 'tutorial_dag' retrieved from /home/airflow/.local/lib/python3.12/site-packages/airflow/example_dags/tutorial_dag.py
[2025-02-25T23:00:47.427+0000] {logging_mixin.py:190} INFO - [2025-02-25T23:00:47.426+0000] {dag.py:3239} INFO - Sync 1 DAGs
[2025-02-25T23:00:47.438+0000] {logging_mixin.py:190} INFO - [2025-02-25T23:00:47.438+0000] {dag.py:4180} INFO - Setting next_dagrun for tutorial_dag to None, run_after=None
[2025-02-25T23:00:47.462+0000] {processor.py:208} INFO - Processing /home/airflow/.local/lib/python3.12/site-packages/airflow/example_dags/tutorial_dag.py took 0.066 seconds
[2025-02-25T23:01:17.698+0000] {processor.py:186} INFO - Started process (PID=607) to work on /home/airflow/.local/lib/python3.12/site-packages/airflow/example_dags/tutorial_dag.py
[2025-02-25T23:01:17.699+0000] {processor.py:914} INFO - Processing file /home/airflow/.local/lib/python3.12/site-packages/airflow/example_dags/tutorial_dag.py for tasks to queue
[2025-02-25T23:01:17.700+0000] {logging_mixin.py:190} INFO - [2025-02-25T23:01:17.700+0000] {dagbag.py:588} INFO - Filling up the DagBag from /home/airflow/.local/lib/python3.12/site-packages/airflow/example_dags/tutorial_dag.py
[2025-02-25T23:01:17.705+0000] {processor.py:925} INFO - DAG(s) 'tutorial_dag' retrieved from /home/airflow/.local/lib/python3.12/site-packages/airflow/example_dags/tutorial_dag.py
[2025-02-25T23:01:17.719+0000] {logging_mixin.py:190} INFO - [2025-02-25T23:01:17.719+0000] {dag.py:3239} INFO - Sync 1 DAGs
[2025-02-25T23:01:17.730+0000] {logging_mixin.py:190} INFO - [2025-02-25T23:01:17.730+0000] {dag.py:4180} INFO - Setting next_dagrun for tutorial_dag to None, run_after=None
[2025-02-25T23:01:17.754+0000] {processor.py:208} INFO - Processing /home/airflow/.local/lib/python3.12/site-packages/airflow/example_dags/tutorial_dag.py took 0.059 seconds
[2025-02-25T23:01:48.215+0000] {processor.py:186} INFO - Started process (PID=671) to work on /home/airflow/.local/lib/python3.12/site-packages/airflow/example_dags/tutorial_dag.py
[2025-02-25T23:01:48.216+0000] {processor.py:914} INFO - Processing file /home/airflow/.local/lib/python3.12/site-packages/airflow/example_dags/tutorial_dag.py for tasks to queue
[2025-02-25T23:01:48.219+0000] {logging_mixin.py:190} INFO - [2025-02-25T23:01:48.218+0000] {dagbag.py:588} INFO - Filling up the DagBag from /home/airflow/.local/lib/python3.12/site-packages/airflow/example_dags/tutorial_dag.py
[2025-02-25T23:01:48.226+0000] {processor.py:925} INFO - DAG(s) 'tutorial_dag' retrieved from /home/airflow/.local/lib/python3.12/site-packages/airflow/example_dags/tutorial_dag.py
[2025-02-25T23:01:48.245+0000] {logging_mixin.py:190} INFO - [2025-02-25T23:01:48.245+0000] {dag.py:3239} INFO - Sync 1 DAGs
[2025-02-25T23:01:48.256+0000] {logging_mixin.py:190} INFO - [2025-02-25T23:01:48.256+0000] {dag.py:4180} INFO - Setting next_dagrun for tutorial_dag to None, run_after=None
[2025-02-25T23:01:48.270+0000] {processor.py:208} INFO - Processing /home/airflow/.local/lib/python3.12/site-packages/airflow/example_dags/tutorial_dag.py took 0.061 seconds
[2025-02-25T23:02:18.527+0000] {processor.py:186} INFO - Started process (PID=735) to work on /home/airflow/.local/lib/python3.12/site-packages/airflow/example_dags/tutorial_dag.py
[2025-02-25T23:02:18.528+0000] {processor.py:914} INFO - Processing file /home/airflow/.local/lib/python3.12/site-packages/airflow/example_dags/tutorial_dag.py for tasks to queue
[2025-02-25T23:02:18.530+0000] {logging_mixin.py:190} INFO - [2025-02-25T23:02:18.530+0000] {dagbag.py:588} INFO - Filling up the DagBag from /home/airflow/.local/lib/python3.12/site-packages/airflow/example_dags/tutorial_dag.py
[2025-02-25T23:02:18.536+0000] {processor.py:925} INFO - DAG(s) 'tutorial_dag' retrieved from /home/airflow/.local/lib/python3.12/site-packages/airflow/example_dags/tutorial_dag.py
[2025-02-25T23:02:18.551+0000] {logging_mixin.py:190} INFO - [2025-02-25T23:02:18.551+0000] {dag.py:3239} INFO - Sync 1 DAGs
[2025-02-25T23:02:18.563+0000] {logging_mixin.py:190} INFO - [2025-02-25T23:02:18.563+0000] {dag.py:4180} INFO - Setting next_dagrun for tutorial_dag to None, run_after=None
[2025-02-25T23:02:18.579+0000] {processor.py:208} INFO - Processing /home/airflow/.local/lib/python3.12/site-packages/airflow/example_dags/tutorial_dag.py took 0.057 seconds
[2025-02-25T23:02:48.922+0000] {processor.py:186} INFO - Started process (PID=799) to work on /home/airflow/.local/lib/python3.12/site-packages/airflow/example_dags/tutorial_dag.py
[2025-02-25T23:02:48.923+0000] {processor.py:914} INFO - Processing file /home/airflow/.local/lib/python3.12/site-packages/airflow/example_dags/tutorial_dag.py for tasks to queue
[2025-02-25T23:02:48.925+0000] {logging_mixin.py:190} INFO - [2025-02-25T23:02:48.925+0000] {dagbag.py:588} INFO - Filling up the DagBag from /home/airflow/.local/lib/python3.12/site-packages/airflow/example_dags/tutorial_dag.py
[2025-02-25T23:02:48.933+0000] {processor.py:925} INFO - DAG(s) 'tutorial_dag' retrieved from /home/airflow/.local/lib/python3.12/site-packages/airflow/example_dags/tutorial_dag.py
[2025-02-25T23:02:48.953+0000] {logging_mixin.py:190} INFO - [2025-02-25T23:02:48.953+0000] {dag.py:3239} INFO - Sync 1 DAGs
[2025-02-25T23:02:48.966+0000] {logging_mixin.py:190} INFO - [2025-02-25T23:02:48.965+0000] {dag.py:4180} INFO - Setting next_dagrun for tutorial_dag to None, run_after=None
[2025-02-25T23:02:48.979+0000] {processor.py:208} INFO - Processing /home/airflow/.local/lib/python3.12/site-packages/airflow/example_dags/tutorial_dag.py took 0.064 seconds
[2025-02-25T23:03:19.642+0000] {processor.py:186} INFO - Started process (PID=863) to work on /home/airflow/.local/lib/python3.12/site-packages/airflow/example_dags/tutorial_dag.py
[2025-02-25T23:03:19.642+0000] {processor.py:914} INFO - Processing file /home/airflow/.local/lib/python3.12/site-packages/airflow/example_dags/tutorial_dag.py for tasks to queue
[2025-02-25T23:03:19.644+0000] {logging_mixin.py:190} INFO - [2025-02-25T23:03:19.644+0000] {dagbag.py:588} INFO - Filling up the DagBag from /home/airflow/.local/lib/python3.12/site-packages/airflow/example_dags/tutorial_dag.py
[2025-02-25T23:03:19.651+0000] {processor.py:925} INFO - DAG(s) 'tutorial_dag' retrieved from /home/airflow/.local/lib/python3.12/site-packages/airflow/example_dags/tutorial_dag.py
[2025-02-25T23:03:19.663+0000] {logging_mixin.py:190} INFO - [2025-02-25T23:03:19.663+0000] {dag.py:3239} INFO - Sync 1 DAGs
[2025-02-25T23:03:19.674+0000] {logging_mixin.py:190} INFO - [2025-02-25T23:03:19.674+0000] {dag.py:4180} INFO - Setting next_dagrun for tutorial_dag to None, run_after=None
[2025-02-25T23:03:19.688+0000] {processor.py:208} INFO - Processing /home/airflow/.local/lib/python3.12/site-packages/airflow/example_dags/tutorial_dag.py took 0.054 seconds
[2025-02-25T23:03:50.365+0000] {processor.py:186} INFO - Started process (PID=927) to work on /home/airflow/.local/lib/python3.12/site-packages/airflow/example_dags/tutorial_dag.py
[2025-02-25T23:03:50.366+0000] {processor.py:914} INFO - Processing file /home/airflow/.local/lib/python3.12/site-packages/airflow/example_dags/tutorial_dag.py for tasks to queue
[2025-02-25T23:03:50.368+0000] {logging_mixin.py:190} INFO - [2025-02-25T23:03:50.368+0000] {dagbag.py:588} INFO - Filling up the DagBag from /home/airflow/.local/lib/python3.12/site-packages/airflow/example_dags/tutorial_dag.py
[2025-02-25T23:03:50.376+0000] {processor.py:925} INFO - DAG(s) 'tutorial_dag' retrieved from /home/airflow/.local/lib/python3.12/site-packages/airflow/example_dags/tutorial_dag.py
[2025-02-25T23:03:50.394+0000] {logging_mixin.py:190} INFO - [2025-02-25T23:03:50.394+0000] {dag.py:3239} INFO - Sync 1 DAGs
[2025-02-25T23:03:50.406+0000] {logging_mixin.py:190} INFO - [2025-02-25T23:03:50.406+0000] {dag.py:4180} INFO - Setting next_dagrun for tutorial_dag to None, run_after=None
[2025-02-25T23:03:50.418+0000] {processor.py:208} INFO - Processing /home/airflow/.local/lib/python3.12/site-packages/airflow/example_dags/tutorial_dag.py took 0.062 seconds
[2025-02-25T23:04:20.662+0000] {processor.py:186} INFO - Started process (PID=992) to work on /home/airflow/.local/lib/python3.12/site-packages/airflow/example_dags/tutorial_dag.py
[2025-02-25T23:04:20.663+0000] {processor.py:914} INFO - Processing file /home/airflow/.local/lib/python3.12/site-packages/airflow/example_dags/tutorial_dag.py for tasks to queue
[2025-02-25T23:04:20.665+0000] {logging_mixin.py:190} INFO - [2025-02-25T23:04:20.664+0000] {dagbag.py:588} INFO - Filling up the DagBag from /home/airflow/.local/lib/python3.12/site-packages/airflow/example_dags/tutorial_dag.py
[2025-02-25T23:04:20.671+0000] {processor.py:925} INFO - DAG(s) 'tutorial_dag' retrieved from /home/airflow/.local/lib/python3.12/site-packages/airflow/example_dags/tutorial_dag.py
[2025-02-25T23:04:20.687+0000] {logging_mixin.py:190} INFO - [2025-02-25T23:04:20.687+0000] {dag.py:3239} INFO - Sync 1 DAGs
[2025-02-25T23:04:20.700+0000] {logging_mixin.py:190} INFO - [2025-02-25T23:04:20.699+0000] {dag.py:4180} INFO - Setting next_dagrun for tutorial_dag to None, run_after=None
[2025-02-25T23:04:20.713+0000] {processor.py:208} INFO - Processing /home/airflow/.local/lib/python3.12/site-packages/airflow/example_dags/tutorial_dag.py took 0.056 seconds
[2025-02-25T23:04:50.889+0000] {processor.py:186} INFO - Started process (PID=1056) to work on /home/airflow/.local/lib/python3.12/site-packages/airflow/example_dags/tutorial_dag.py
[2025-02-25T23:04:50.890+0000] {processor.py:914} INFO - Processing file /home/airflow/.local/lib/python3.12/site-packages/airflow/example_dags/tutorial_dag.py for tasks to queue
[2025-02-25T23:04:50.891+0000] {logging_mixin.py:190} INFO - [2025-02-25T23:04:50.891+0000] {dagbag.py:588} INFO - Filling up the DagBag from /home/airflow/.local/lib/python3.12/site-packages/airflow/example_dags/tutorial_dag.py
[2025-02-25T23:04:50.896+0000] {processor.py:925} INFO - DAG(s) 'tutorial_dag' retrieved from /home/airflow/.local/lib/python3.12/site-packages/airflow/example_dags/tutorial_dag.py
[2025-02-25T23:04:50.909+0000] {logging_mixin.py:190} INFO - [2025-02-25T23:04:50.908+0000] {dag.py:3239} INFO - Sync 1 DAGs
[2025-02-25T23:04:50.919+0000] {logging_mixin.py:190} INFO - [2025-02-25T23:04:50.919+0000] {dag.py:4180} INFO - Setting next_dagrun for tutorial_dag to None, run_after=None
[2025-02-25T23:04:50.932+0000] {processor.py:208} INFO - Processing /home/airflow/.local/lib/python3.12/site-packages/airflow/example_dags/tutorial_dag.py took 0.047 seconds
[2025-02-25T23:05:21.899+0000] {processor.py:186} INFO - Started process (PID=1121) to work on /home/airflow/.local/lib/python3.12/site-packages/airflow/example_dags/tutorial_dag.py
[2025-02-25T23:05:21.899+0000] {processor.py:914} INFO - Processing file /home/airflow/.local/lib/python3.12/site-packages/airflow/example_dags/tutorial_dag.py for tasks to queue
[2025-02-25T23:05:21.901+0000] {logging_mixin.py:190} INFO - [2025-02-25T23:05:21.901+0000] {dagbag.py:588} INFO - Filling up the DagBag from /home/airflow/.local/lib/python3.12/site-packages/airflow/example_dags/tutorial_dag.py
[2025-02-25T23:05:21.908+0000] {processor.py:925} INFO - DAG(s) 'tutorial_dag' retrieved from /home/airflow/.local/lib/python3.12/site-packages/airflow/example_dags/tutorial_dag.py
[2025-02-25T23:05:21.924+0000] {logging_mixin.py:190} INFO - [2025-02-25T23:05:21.923+0000] {dag.py:3239} INFO - Sync 1 DAGs
[2025-02-25T23:05:21.936+0000] {logging_mixin.py:190} INFO - [2025-02-25T23:05:21.935+0000] {dag.py:4180} INFO - Setting next_dagrun for tutorial_dag to None, run_after=None
[2025-02-25T23:05:21.951+0000] {processor.py:208} INFO - Processing /home/airflow/.local/lib/python3.12/site-packages/airflow/example_dags/tutorial_dag.py took 0.059 seconds
[2025-02-25T23:05:52.474+0000] {processor.py:186} INFO - Started process (PID=1185) to work on /home/airflow/.local/lib/python3.12/site-packages/airflow/example_dags/tutorial_dag.py
[2025-02-25T23:05:52.475+0000] {processor.py:914} INFO - Processing file /home/airflow/.local/lib/python3.12/site-packages/airflow/example_dags/tutorial_dag.py for tasks to queue
[2025-02-25T23:05:52.478+0000] {logging_mixin.py:190} INFO - [2025-02-25T23:05:52.478+0000] {dagbag.py:588} INFO - Filling up the DagBag from /home/airflow/.local/lib/python3.12/site-packages/airflow/example_dags/tutorial_dag.py
[2025-02-25T23:05:52.489+0000] {processor.py:925} INFO - DAG(s) 'tutorial_dag' retrieved from /home/airflow/.local/lib/python3.12/site-packages/airflow/example_dags/tutorial_dag.py
[2025-02-25T23:05:52.507+0000] {logging_mixin.py:190} INFO - [2025-02-25T23:05:52.506+0000] {dag.py:3239} INFO - Sync 1 DAGs
[2025-02-25T23:05:52.518+0000] {logging_mixin.py:190} INFO - [2025-02-25T23:05:52.518+0000] {dag.py:4180} INFO - Setting next_dagrun for tutorial_dag to None, run_after=None
[2025-02-25T23:05:52.530+0000] {processor.py:208} INFO - Processing /home/airflow/.local/lib/python3.12/site-packages/airflow/example_dags/tutorial_dag.py took 0.065 seconds
[2025-02-25T23:06:23.253+0000] {processor.py:186} INFO - Started process (PID=1251) to work on /home/airflow/.local/lib/python3.12/site-packages/airflow/example_dags/tutorial_dag.py
[2025-02-25T23:06:23.254+0000] {processor.py:914} INFO - Processing file /home/airflow/.local/lib/python3.12/site-packages/airflow/example_dags/tutorial_dag.py for tasks to queue
[2025-02-25T23:06:23.257+0000] {logging_mixin.py:190} INFO - [2025-02-25T23:06:23.257+0000] {dagbag.py:588} INFO - Filling up the DagBag from /home/airflow/.local/lib/python3.12/site-packages/airflow/example_dags/tutorial_dag.py
[2025-02-25T23:06:23.275+0000] {processor.py:925} INFO - DAG(s) 'tutorial_dag' retrieved from /home/airflow/.local/lib/python3.12/site-packages/airflow/example_dags/tutorial_dag.py
[2025-02-25T23:06:23.327+0000] {logging_mixin.py:190} INFO - [2025-02-25T23:06:23.327+0000] {dag.py:3239} INFO - Sync 1 DAGs
[2025-02-25T23:06:23.345+0000] {logging_mixin.py:190} INFO - [2025-02-25T23:06:23.345+0000] {dag.py:4180} INFO - Setting next_dagrun for tutorial_dag to None, run_after=None
[2025-02-25T23:06:23.397+0000] {processor.py:208} INFO - Processing /home/airflow/.local/lib/python3.12/site-packages/airflow/example_dags/tutorial_dag.py took 0.149 seconds
[2025-02-25T23:06:53.973+0000] {processor.py:186} INFO - Started process (PID=1315) to work on /home/airflow/.local/lib/python3.12/site-packages/airflow/example_dags/tutorial_dag.py
[2025-02-25T23:06:53.974+0000] {processor.py:914} INFO - Processing file /home/airflow/.local/lib/python3.12/site-packages/airflow/example_dags/tutorial_dag.py for tasks to queue
[2025-02-25T23:06:53.976+0000] {logging_mixin.py:190} INFO - [2025-02-25T23:06:53.976+0000] {dagbag.py:588} INFO - Filling up the DagBag from /home/airflow/.local/lib/python3.12/site-packages/airflow/example_dags/tutorial_dag.py
[2025-02-25T23:06:53.982+0000] {processor.py:925} INFO - DAG(s) 'tutorial_dag' retrieved from /home/airflow/.local/lib/python3.12/site-packages/airflow/example_dags/tutorial_dag.py
[2025-02-25T23:06:53.996+0000] {logging_mixin.py:190} INFO - [2025-02-25T23:06:53.996+0000] {dag.py:3239} INFO - Sync 1 DAGs
[2025-02-25T23:06:54.007+0000] {logging_mixin.py:190} INFO - [2025-02-25T23:06:54.007+0000] {dag.py:4180} INFO - Setting next_dagrun for tutorial_dag to None, run_after=None
[2025-02-25T23:06:54.023+0000] {processor.py:208} INFO - Processing /home/airflow/.local/lib/python3.12/site-packages/airflow/example_dags/tutorial_dag.py took 0.057 seconds
[2025-02-25T23:07:24.258+0000] {processor.py:186} INFO - Started process (PID=1379) to work on /home/airflow/.local/lib/python3.12/site-packages/airflow/example_dags/tutorial_dag.py
[2025-02-25T23:07:24.258+0000] {processor.py:914} INFO - Processing file /home/airflow/.local/lib/python3.12/site-packages/airflow/example_dags/tutorial_dag.py for tasks to queue
[2025-02-25T23:07:24.260+0000] {logging_mixin.py:190} INFO - [2025-02-25T23:07:24.260+0000] {dagbag.py:588} INFO - Filling up the DagBag from /home/airflow/.local/lib/python3.12/site-packages/airflow/example_dags/tutorial_dag.py
[2025-02-25T23:07:24.265+0000] {processor.py:925} INFO - DAG(s) 'tutorial_dag' retrieved from /home/airflow/.local/lib/python3.12/site-packages/airflow/example_dags/tutorial_dag.py
[2025-02-25T23:07:24.279+0000] {logging_mixin.py:190} INFO - [2025-02-25T23:07:24.279+0000] {dag.py:3239} INFO - Sync 1 DAGs
[2025-02-25T23:07:24.291+0000] {logging_mixin.py:190} INFO - [2025-02-25T23:07:24.291+0000] {dag.py:4180} INFO - Setting next_dagrun for tutorial_dag to None, run_after=None
[2025-02-25T23:07:24.304+0000] {processor.py:208} INFO - Processing /home/airflow/.local/lib/python3.12/site-packages/airflow/example_dags/tutorial_dag.py took 0.052 seconds
[2025-02-25T23:07:54.541+0000] {processor.py:186} INFO - Started process (PID=1443) to work on /home/airflow/.local/lib/python3.12/site-packages/airflow/example_dags/tutorial_dag.py
[2025-02-25T23:07:54.542+0000] {processor.py:914} INFO - Processing file /home/airflow/.local/lib/python3.12/site-packages/airflow/example_dags/tutorial_dag.py for tasks to queue
[2025-02-25T23:07:54.544+0000] {logging_mixin.py:190} INFO - [2025-02-25T23:07:54.543+0000] {dagbag.py:588} INFO - Filling up the DagBag from /home/airflow/.local/lib/python3.12/site-packages/airflow/example_dags/tutorial_dag.py
[2025-02-25T23:07:54.549+0000] {processor.py:925} INFO - DAG(s) 'tutorial_dag' retrieved from /home/airflow/.local/lib/python3.12/site-packages/airflow/example_dags/tutorial_dag.py
[2025-02-25T23:07:54.563+0000] {logging_mixin.py:190} INFO - [2025-02-25T23:07:54.563+0000] {dag.py:3239} INFO - Sync 1 DAGs
[2025-02-25T23:07:54.574+0000] {logging_mixin.py:190} INFO - [2025-02-25T23:07:54.574+0000] {dag.py:4180} INFO - Setting next_dagrun for tutorial_dag to None, run_after=None
[2025-02-25T23:07:54.587+0000] {processor.py:208} INFO - Processing /home/airflow/.local/lib/python3.12/site-packages/airflow/example_dags/tutorial_dag.py took 0.053 seconds
[2025-02-25T23:08:25.014+0000] {processor.py:186} INFO - Started process (PID=1506) to work on /home/airflow/.local/lib/python3.12/site-packages/airflow/example_dags/tutorial_dag.py
[2025-02-25T23:08:25.015+0000] {processor.py:914} INFO - Processing file /home/airflow/.local/lib/python3.12/site-packages/airflow/example_dags/tutorial_dag.py for tasks to queue
[2025-02-25T23:08:25.018+0000] {logging_mixin.py:190} INFO - [2025-02-25T23:08:25.018+0000] {dagbag.py:588} INFO - Filling up the DagBag from /home/airflow/.local/lib/python3.12/site-packages/airflow/example_dags/tutorial_dag.py
[2025-02-25T23:08:25.024+0000] {processor.py:925} INFO - DAG(s) 'tutorial_dag' retrieved from /home/airflow/.local/lib/python3.12/site-packages/airflow/example_dags/tutorial_dag.py
[2025-02-25T23:08:25.037+0000] {logging_mixin.py:190} INFO - [2025-02-25T23:08:25.037+0000] {dag.py:3239} INFO - Sync 1 DAGs
[2025-02-25T23:08:25.049+0000] {logging_mixin.py:190} INFO - [2025-02-25T23:08:25.049+0000] {dag.py:4180} INFO - Setting next_dagrun for tutorial_dag to None, run_after=None
[2025-02-25T23:08:25.063+0000] {processor.py:208} INFO - Processing /home/airflow/.local/lib/python3.12/site-packages/airflow/example_dags/tutorial_dag.py took 0.055 seconds
[2025-02-25T23:08:55.804+0000] {processor.py:186} INFO - Started process (PID=1571) to work on /home/airflow/.local/lib/python3.12/site-packages/airflow/example_dags/tutorial_dag.py
[2025-02-25T23:08:55.804+0000] {processor.py:914} INFO - Processing file /home/airflow/.local/lib/python3.12/site-packages/airflow/example_dags/tutorial_dag.py for tasks to queue
[2025-02-25T23:08:55.806+0000] {logging_mixin.py:190} INFO - [2025-02-25T23:08:55.806+0000] {dagbag.py:588} INFO - Filling up the DagBag from /home/airflow/.local/lib/python3.12/site-packages/airflow/example_dags/tutorial_dag.py
[2025-02-25T23:08:55.812+0000] {processor.py:925} INFO - DAG(s) 'tutorial_dag' retrieved from /home/airflow/.local/lib/python3.12/site-packages/airflow/example_dags/tutorial_dag.py
[2025-02-25T23:08:55.825+0000] {logging_mixin.py:190} INFO - [2025-02-25T23:08:55.825+0000] {dag.py:3239} INFO - Sync 1 DAGs
[2025-02-25T23:08:55.835+0000] {logging_mixin.py:190} INFO - [2025-02-25T23:08:55.835+0000] {dag.py:4180} INFO - Setting next_dagrun for tutorial_dag to None, run_after=None
[2025-02-25T23:08:55.848+0000] {processor.py:208} INFO - Processing /home/airflow/.local/lib/python3.12/site-packages/airflow/example_dags/tutorial_dag.py took 0.048 seconds
[2025-02-25T23:09:25.953+0000] {processor.py:186} INFO - Started process (PID=1634) to work on /home/airflow/.local/lib/python3.12/site-packages/airflow/example_dags/tutorial_dag.py
[2025-02-25T23:09:25.954+0000] {processor.py:914} INFO - Processing file /home/airflow/.local/lib/python3.12/site-packages/airflow/example_dags/tutorial_dag.py for tasks to queue
[2025-02-25T23:09:25.956+0000] {logging_mixin.py:190} INFO - [2025-02-25T23:09:25.956+0000] {dagbag.py:588} INFO - Filling up the DagBag from /home/airflow/.local/lib/python3.12/site-packages/airflow/example_dags/tutorial_dag.py
[2025-02-25T23:09:25.966+0000] {processor.py:925} INFO - DAG(s) 'tutorial_dag' retrieved from /home/airflow/.local/lib/python3.12/site-packages/airflow/example_dags/tutorial_dag.py
[2025-02-25T23:09:25.984+0000] {logging_mixin.py:190} INFO - [2025-02-25T23:09:25.984+0000] {dag.py:3239} INFO - Sync 1 DAGs
[2025-02-25T23:09:25.995+0000] {logging_mixin.py:190} INFO - [2025-02-25T23:09:25.995+0000] {dag.py:4180} INFO - Setting next_dagrun for tutorial_dag to None, run_after=None
[2025-02-25T23:09:26.010+0000] {processor.py:208} INFO - Processing /home/airflow/.local/lib/python3.12/site-packages/airflow/example_dags/tutorial_dag.py took 0.066 seconds
[2025-02-25T23:09:56.183+0000] {processor.py:186} INFO - Started process (PID=1697) to work on /home/airflow/.local/lib/python3.12/site-packages/airflow/example_dags/tutorial_dag.py
[2025-02-25T23:09:56.184+0000] {processor.py:914} INFO - Processing file /home/airflow/.local/lib/python3.12/site-packages/airflow/example_dags/tutorial_dag.py for tasks to queue
[2025-02-25T23:09:56.185+0000] {logging_mixin.py:190} INFO - [2025-02-25T23:09:56.185+0000] {dagbag.py:588} INFO - Filling up the DagBag from /home/airflow/.local/lib/python3.12/site-packages/airflow/example_dags/tutorial_dag.py
[2025-02-25T23:09:56.191+0000] {processor.py:925} INFO - DAG(s) 'tutorial_dag' retrieved from /home/airflow/.local/lib/python3.12/site-packages/airflow/example_dags/tutorial_dag.py
[2025-02-25T23:09:56.206+0000] {logging_mixin.py:190} INFO - [2025-02-25T23:09:56.205+0000] {dag.py:3239} INFO - Sync 1 DAGs
[2025-02-25T23:09:56.218+0000] {logging_mixin.py:190} INFO - [2025-02-25T23:09:56.218+0000] {dag.py:4180} INFO - Setting next_dagrun for tutorial_dag to None, run_after=None
[2025-02-25T23:09:56.237+0000] {processor.py:208} INFO - Processing /home/airflow/.local/lib/python3.12/site-packages/airflow/example_dags/tutorial_dag.py took 0.059 seconds
[2025-02-25T23:10:26.549+0000] {processor.py:186} INFO - Started process (PID=1760) to work on /home/airflow/.local/lib/python3.12/site-packages/airflow/example_dags/tutorial_dag.py
[2025-02-25T23:10:26.549+0000] {processor.py:914} INFO - Processing file /home/airflow/.local/lib/python3.12/site-packages/airflow/example_dags/tutorial_dag.py for tasks to queue
[2025-02-25T23:10:26.550+0000] {logging_mixin.py:190} INFO - [2025-02-25T23:10:26.550+0000] {dagbag.py:588} INFO - Filling up the DagBag from /home/airflow/.local/lib/python3.12/site-packages/airflow/example_dags/tutorial_dag.py
[2025-02-25T23:10:26.556+0000] {processor.py:925} INFO - DAG(s) 'tutorial_dag' retrieved from /home/airflow/.local/lib/python3.12/site-packages/airflow/example_dags/tutorial_dag.py
[2025-02-25T23:10:26.570+0000] {logging_mixin.py:190} INFO - [2025-02-25T23:10:26.569+0000] {dag.py:3239} INFO - Sync 1 DAGs
[2025-02-25T23:10:26.582+0000] {logging_mixin.py:190} INFO - [2025-02-25T23:10:26.582+0000] {dag.py:4180} INFO - Setting next_dagrun for tutorial_dag to None, run_after=None
[2025-02-25T23:10:26.603+0000] {processor.py:208} INFO - Processing /home/airflow/.local/lib/python3.12/site-packages/airflow/example_dags/tutorial_dag.py took 0.058 seconds
[2025-02-25T23:10:56.830+0000] {processor.py:186} INFO - Started process (PID=1823) to work on /home/airflow/.local/lib/python3.12/site-packages/airflow/example_dags/tutorial_dag.py
[2025-02-25T23:10:56.831+0000] {processor.py:914} INFO - Processing file /home/airflow/.local/lib/python3.12/site-packages/airflow/example_dags/tutorial_dag.py for tasks to queue
[2025-02-25T23:10:56.832+0000] {logging_mixin.py:190} INFO - [2025-02-25T23:10:56.832+0000] {dagbag.py:588} INFO - Filling up the DagBag from /home/airflow/.local/lib/python3.12/site-packages/airflow/example_dags/tutorial_dag.py
[2025-02-25T23:10:56.838+0000] {processor.py:925} INFO - DAG(s) 'tutorial_dag' retrieved from /home/airflow/.local/lib/python3.12/site-packages/airflow/example_dags/tutorial_dag.py
[2025-02-25T23:10:56.855+0000] {logging_mixin.py:190} INFO - [2025-02-25T23:10:56.855+0000] {dag.py:3239} INFO - Sync 1 DAGs
[2025-02-25T23:10:56.867+0000] {logging_mixin.py:190} INFO - [2025-02-25T23:10:56.867+0000] {dag.py:4180} INFO - Setting next_dagrun for tutorial_dag to None, run_after=None
[2025-02-25T23:10:56.884+0000] {processor.py:208} INFO - Processing /home/airflow/.local/lib/python3.12/site-packages/airflow/example_dags/tutorial_dag.py took 0.058 seconds
[2025-02-25T23:11:51.661+0000] {processor.py:186} INFO - Started process (PID=90) to work on /home/airflow/.local/lib/python3.12/site-packages/airflow/example_dags/tutorial_dag.py
[2025-02-25T23:11:51.662+0000] {processor.py:914} INFO - Processing file /home/airflow/.local/lib/python3.12/site-packages/airflow/example_dags/tutorial_dag.py for tasks to queue
[2025-02-25T23:11:51.663+0000] {logging_mixin.py:190} INFO - [2025-02-25T23:11:51.663+0000] {dagbag.py:588} INFO - Filling up the DagBag from /home/airflow/.local/lib/python3.12/site-packages/airflow/example_dags/tutorial_dag.py
[2025-02-25T23:11:51.668+0000] {processor.py:925} INFO - DAG(s) 'tutorial_dag' retrieved from /home/airflow/.local/lib/python3.12/site-packages/airflow/example_dags/tutorial_dag.py
[2025-02-25T23:11:51.681+0000] {logging_mixin.py:190} INFO - [2025-02-25T23:11:51.680+0000] {dag.py:3239} INFO - Sync 1 DAGs
[2025-02-25T23:11:51.691+0000] {logging_mixin.py:190} INFO - [2025-02-25T23:11:51.690+0000] {dag.py:4180} INFO - Setting next_dagrun for tutorial_dag to None, run_after=None
[2025-02-25T23:11:51.704+0000] {processor.py:208} INFO - Processing /home/airflow/.local/lib/python3.12/site-packages/airflow/example_dags/tutorial_dag.py took 0.048 seconds
[2025-02-25T23:12:22.192+0000] {processor.py:186} INFO - Started process (PID=154) to work on /home/airflow/.local/lib/python3.12/site-packages/airflow/example_dags/tutorial_dag.py
[2025-02-25T23:12:22.193+0000] {processor.py:914} INFO - Processing file /home/airflow/.local/lib/python3.12/site-packages/airflow/example_dags/tutorial_dag.py for tasks to queue
[2025-02-25T23:12:22.195+0000] {logging_mixin.py:190} INFO - [2025-02-25T23:12:22.194+0000] {dagbag.py:588} INFO - Filling up the DagBag from /home/airflow/.local/lib/python3.12/site-packages/airflow/example_dags/tutorial_dag.py
[2025-02-25T23:12:22.200+0000] {processor.py:925} INFO - DAG(s) 'tutorial_dag' retrieved from /home/airflow/.local/lib/python3.12/site-packages/airflow/example_dags/tutorial_dag.py
[2025-02-25T23:12:22.212+0000] {logging_mixin.py:190} INFO - [2025-02-25T23:12:22.212+0000] {dag.py:3239} INFO - Sync 1 DAGs
[2025-02-25T23:12:22.224+0000] {logging_mixin.py:190} INFO - [2025-02-25T23:12:22.224+0000] {dag.py:4180} INFO - Setting next_dagrun for tutorial_dag to None, run_after=None
[2025-02-25T23:12:22.238+0000] {processor.py:208} INFO - Processing /home/airflow/.local/lib/python3.12/site-packages/airflow/example_dags/tutorial_dag.py took 0.049 seconds
[2025-02-25T23:12:53.177+0000] {processor.py:186} INFO - Started process (PID=218) to work on /home/airflow/.local/lib/python3.12/site-packages/airflow/example_dags/tutorial_dag.py
[2025-02-25T23:12:53.178+0000] {processor.py:914} INFO - Processing file /home/airflow/.local/lib/python3.12/site-packages/airflow/example_dags/tutorial_dag.py for tasks to queue
[2025-02-25T23:12:53.179+0000] {logging_mixin.py:190} INFO - [2025-02-25T23:12:53.179+0000] {dagbag.py:588} INFO - Filling up the DagBag from /home/airflow/.local/lib/python3.12/site-packages/airflow/example_dags/tutorial_dag.py
[2025-02-25T23:12:53.184+0000] {processor.py:925} INFO - DAG(s) 'tutorial_dag' retrieved from /home/airflow/.local/lib/python3.12/site-packages/airflow/example_dags/tutorial_dag.py
[2025-02-25T23:12:53.197+0000] {logging_mixin.py:190} INFO - [2025-02-25T23:12:53.196+0000] {dag.py:3239} INFO - Sync 1 DAGs
[2025-02-25T23:12:53.207+0000] {logging_mixin.py:190} INFO - [2025-02-25T23:12:53.207+0000] {dag.py:4180} INFO - Setting next_dagrun for tutorial_dag to None, run_after=None
[2025-02-25T23:12:53.219+0000] {processor.py:208} INFO - Processing /home/airflow/.local/lib/python3.12/site-packages/airflow/example_dags/tutorial_dag.py took 0.046 seconds
[2025-02-25T23:13:23.771+0000] {processor.py:186} INFO - Started process (PID=282) to work on /home/airflow/.local/lib/python3.12/site-packages/airflow/example_dags/tutorial_dag.py
[2025-02-25T23:13:23.772+0000] {processor.py:914} INFO - Processing file /home/airflow/.local/lib/python3.12/site-packages/airflow/example_dags/tutorial_dag.py for tasks to queue
[2025-02-25T23:13:23.774+0000] {logging_mixin.py:190} INFO - [2025-02-25T23:13:23.773+0000] {dagbag.py:588} INFO - Filling up the DagBag from /home/airflow/.local/lib/python3.12/site-packages/airflow/example_dags/tutorial_dag.py
[2025-02-25T23:13:23.782+0000] {processor.py:925} INFO - DAG(s) 'tutorial_dag' retrieved from /home/airflow/.local/lib/python3.12/site-packages/airflow/example_dags/tutorial_dag.py
[2025-02-25T23:13:23.798+0000] {logging_mixin.py:190} INFO - [2025-02-25T23:13:23.797+0000] {dag.py:3239} INFO - Sync 1 DAGs
[2025-02-25T23:13:23.811+0000] {logging_mixin.py:190} INFO - [2025-02-25T23:13:23.811+0000] {dag.py:4180} INFO - Setting next_dagrun for tutorial_dag to None, run_after=None
[2025-02-25T23:13:23.828+0000] {processor.py:208} INFO - Processing /home/airflow/.local/lib/python3.12/site-packages/airflow/example_dags/tutorial_dag.py took 0.062 seconds
[2025-02-25T23:13:53.846+0000] {processor.py:186} INFO - Started process (PID=345) to work on /home/airflow/.local/lib/python3.12/site-packages/airflow/example_dags/tutorial_dag.py
[2025-02-25T23:13:53.846+0000] {processor.py:914} INFO - Processing file /home/airflow/.local/lib/python3.12/site-packages/airflow/example_dags/tutorial_dag.py for tasks to queue
[2025-02-25T23:13:53.848+0000] {logging_mixin.py:190} INFO - [2025-02-25T23:13:53.848+0000] {dagbag.py:588} INFO - Filling up the DagBag from /home/airflow/.local/lib/python3.12/site-packages/airflow/example_dags/tutorial_dag.py
[2025-02-25T23:13:53.853+0000] {processor.py:925} INFO - DAG(s) 'tutorial_dag' retrieved from /home/airflow/.local/lib/python3.12/site-packages/airflow/example_dags/tutorial_dag.py
[2025-02-25T23:13:53.865+0000] {logging_mixin.py:190} INFO - [2025-02-25T23:13:53.865+0000] {dag.py:3239} INFO - Sync 1 DAGs
[2025-02-25T23:13:53.876+0000] {logging_mixin.py:190} INFO - [2025-02-25T23:13:53.875+0000] {dag.py:4180} INFO - Setting next_dagrun for tutorial_dag to None, run_after=None
[2025-02-25T23:13:53.888+0000] {processor.py:208} INFO - Processing /home/airflow/.local/lib/python3.12/site-packages/airflow/example_dags/tutorial_dag.py took 0.046 seconds
[2025-02-25T23:14:24.510+0000] {processor.py:186} INFO - Started process (PID=409) to work on /home/airflow/.local/lib/python3.12/site-packages/airflow/example_dags/tutorial_dag.py
[2025-02-25T23:14:24.511+0000] {processor.py:914} INFO - Processing file /home/airflow/.local/lib/python3.12/site-packages/airflow/example_dags/tutorial_dag.py for tasks to queue
[2025-02-25T23:14:24.513+0000] {logging_mixin.py:190} INFO - [2025-02-25T23:14:24.512+0000] {dagbag.py:588} INFO - Filling up the DagBag from /home/airflow/.local/lib/python3.12/site-packages/airflow/example_dags/tutorial_dag.py
[2025-02-25T23:14:24.518+0000] {processor.py:925} INFO - DAG(s) 'tutorial_dag' retrieved from /home/airflow/.local/lib/python3.12/site-packages/airflow/example_dags/tutorial_dag.py
[2025-02-25T23:14:24.533+0000] {logging_mixin.py:190} INFO - [2025-02-25T23:14:24.533+0000] {dag.py:3239} INFO - Sync 1 DAGs
[2025-02-25T23:14:24.543+0000] {logging_mixin.py:190} INFO - [2025-02-25T23:14:24.543+0000] {dag.py:4180} INFO - Setting next_dagrun for tutorial_dag to None, run_after=None
[2025-02-25T23:14:24.557+0000] {processor.py:208} INFO - Processing /home/airflow/.local/lib/python3.12/site-packages/airflow/example_dags/tutorial_dag.py took 0.050 seconds
[2025-02-25T23:14:54.658+0000] {processor.py:186} INFO - Started process (PID=472) to work on /home/airflow/.local/lib/python3.12/site-packages/airflow/example_dags/tutorial_dag.py
[2025-02-25T23:14:54.659+0000] {processor.py:914} INFO - Processing file /home/airflow/.local/lib/python3.12/site-packages/airflow/example_dags/tutorial_dag.py for tasks to queue
[2025-02-25T23:14:54.660+0000] {logging_mixin.py:190} INFO - [2025-02-25T23:14:54.660+0000] {dagbag.py:588} INFO - Filling up the DagBag from /home/airflow/.local/lib/python3.12/site-packages/airflow/example_dags/tutorial_dag.py
[2025-02-25T23:14:54.665+0000] {processor.py:925} INFO - DAG(s) 'tutorial_dag' retrieved from /home/airflow/.local/lib/python3.12/site-packages/airflow/example_dags/tutorial_dag.py
[2025-02-25T23:14:54.678+0000] {logging_mixin.py:190} INFO - [2025-02-25T23:14:54.678+0000] {dag.py:3239} INFO - Sync 1 DAGs
[2025-02-25T23:14:54.689+0000] {logging_mixin.py:190} INFO - [2025-02-25T23:14:54.689+0000] {dag.py:4180} INFO - Setting next_dagrun for tutorial_dag to None, run_after=None
[2025-02-25T23:14:54.703+0000] {processor.py:208} INFO - Processing /home/airflow/.local/lib/python3.12/site-packages/airflow/example_dags/tutorial_dag.py took 0.049 seconds
[2025-02-25T23:15:25.110+0000] {processor.py:186} INFO - Started process (PID=536) to work on /home/airflow/.local/lib/python3.12/site-packages/airflow/example_dags/tutorial_dag.py
[2025-02-25T23:15:25.111+0000] {processor.py:914} INFO - Processing file /home/airflow/.local/lib/python3.12/site-packages/airflow/example_dags/tutorial_dag.py for tasks to queue
[2025-02-25T23:15:25.113+0000] {logging_mixin.py:190} INFO - [2025-02-25T23:15:25.113+0000] {dagbag.py:588} INFO - Filling up the DagBag from /home/airflow/.local/lib/python3.12/site-packages/airflow/example_dags/tutorial_dag.py
[2025-02-25T23:15:25.118+0000] {processor.py:925} INFO - DAG(s) 'tutorial_dag' retrieved from /home/airflow/.local/lib/python3.12/site-packages/airflow/example_dags/tutorial_dag.py
[2025-02-25T23:15:25.132+0000] {logging_mixin.py:190} INFO - [2025-02-25T23:15:25.131+0000] {dag.py:3239} INFO - Sync 1 DAGs
[2025-02-25T23:15:25.142+0000] {logging_mixin.py:190} INFO - [2025-02-25T23:15:25.142+0000] {dag.py:4180} INFO - Setting next_dagrun for tutorial_dag to None, run_after=None
[2025-02-25T23:15:25.156+0000] {processor.py:208} INFO - Processing /home/airflow/.local/lib/python3.12/site-packages/airflow/example_dags/tutorial_dag.py took 0.050 seconds
[2025-02-25T23:15:55.501+0000] {processor.py:186} INFO - Started process (PID=600) to work on /home/airflow/.local/lib/python3.12/site-packages/airflow/example_dags/tutorial_dag.py
[2025-02-25T23:15:55.502+0000] {processor.py:914} INFO - Processing file /home/airflow/.local/lib/python3.12/site-packages/airflow/example_dags/tutorial_dag.py for tasks to queue
[2025-02-25T23:15:55.503+0000] {logging_mixin.py:190} INFO - [2025-02-25T23:15:55.503+0000] {dagbag.py:588} INFO - Filling up the DagBag from /home/airflow/.local/lib/python3.12/site-packages/airflow/example_dags/tutorial_dag.py
[2025-02-25T23:15:55.509+0000] {processor.py:925} INFO - DAG(s) 'tutorial_dag' retrieved from /home/airflow/.local/lib/python3.12/site-packages/airflow/example_dags/tutorial_dag.py
[2025-02-25T23:15:55.522+0000] {logging_mixin.py:190} INFO - [2025-02-25T23:15:55.521+0000] {dag.py:3239} INFO - Sync 1 DAGs
[2025-02-25T23:15:55.532+0000] {logging_mixin.py:190} INFO - [2025-02-25T23:15:55.532+0000] {dag.py:4180} INFO - Setting next_dagrun for tutorial_dag to None, run_after=None
[2025-02-25T23:15:55.545+0000] {processor.py:208} INFO - Processing /home/airflow/.local/lib/python3.12/site-packages/airflow/example_dags/tutorial_dag.py took 0.049 seconds
[2025-02-25T23:16:25.647+0000] {processor.py:186} INFO - Started process (PID=664) to work on /home/airflow/.local/lib/python3.12/site-packages/airflow/example_dags/tutorial_dag.py
[2025-02-25T23:16:25.648+0000] {processor.py:914} INFO - Processing file /home/airflow/.local/lib/python3.12/site-packages/airflow/example_dags/tutorial_dag.py for tasks to queue
[2025-02-25T23:16:25.650+0000] {logging_mixin.py:190} INFO - [2025-02-25T23:16:25.649+0000] {dagbag.py:588} INFO - Filling up the DagBag from /home/airflow/.local/lib/python3.12/site-packages/airflow/example_dags/tutorial_dag.py
[2025-02-25T23:16:25.655+0000] {processor.py:925} INFO - DAG(s) 'tutorial_dag' retrieved from /home/airflow/.local/lib/python3.12/site-packages/airflow/example_dags/tutorial_dag.py
[2025-02-25T23:16:25.671+0000] {logging_mixin.py:190} INFO - [2025-02-25T23:16:25.671+0000] {dag.py:3239} INFO - Sync 1 DAGs
[2025-02-25T23:16:25.683+0000] {logging_mixin.py:190} INFO - [2025-02-25T23:16:25.683+0000] {dag.py:4180} INFO - Setting next_dagrun for tutorial_dag to None, run_after=None
[2025-02-25T23:16:25.702+0000] {processor.py:208} INFO - Processing /home/airflow/.local/lib/python3.12/site-packages/airflow/example_dags/tutorial_dag.py took 0.060 seconds
[2025-02-25T23:16:56.472+0000] {processor.py:186} INFO - Started process (PID=728) to work on /home/airflow/.local/lib/python3.12/site-packages/airflow/example_dags/tutorial_dag.py
[2025-02-25T23:16:56.473+0000] {processor.py:914} INFO - Processing file /home/airflow/.local/lib/python3.12/site-packages/airflow/example_dags/tutorial_dag.py for tasks to queue
[2025-02-25T23:16:56.474+0000] {logging_mixin.py:190} INFO - [2025-02-25T23:16:56.474+0000] {dagbag.py:588} INFO - Filling up the DagBag from /home/airflow/.local/lib/python3.12/site-packages/airflow/example_dags/tutorial_dag.py
[2025-02-25T23:16:56.479+0000] {processor.py:925} INFO - DAG(s) 'tutorial_dag' retrieved from /home/airflow/.local/lib/python3.12/site-packages/airflow/example_dags/tutorial_dag.py
[2025-02-25T23:16:56.492+0000] {logging_mixin.py:190} INFO - [2025-02-25T23:16:56.491+0000] {dag.py:3239} INFO - Sync 1 DAGs
[2025-02-25T23:16:56.503+0000] {logging_mixin.py:190} INFO - [2025-02-25T23:16:56.503+0000] {dag.py:4180} INFO - Setting next_dagrun for tutorial_dag to None, run_after=None
[2025-02-25T23:16:56.517+0000] {processor.py:208} INFO - Processing /home/airflow/.local/lib/python3.12/site-packages/airflow/example_dags/tutorial_dag.py took 0.049 seconds
[2025-02-25T23:17:26.843+0000] {processor.py:186} INFO - Started process (PID=792) to work on /home/airflow/.local/lib/python3.12/site-packages/airflow/example_dags/tutorial_dag.py
[2025-02-25T23:17:26.844+0000] {processor.py:914} INFO - Processing file /home/airflow/.local/lib/python3.12/site-packages/airflow/example_dags/tutorial_dag.py for tasks to queue
[2025-02-25T23:17:26.845+0000] {logging_mixin.py:190} INFO - [2025-02-25T23:17:26.845+0000] {dagbag.py:588} INFO - Filling up the DagBag from /home/airflow/.local/lib/python3.12/site-packages/airflow/example_dags/tutorial_dag.py
[2025-02-25T23:17:26.850+0000] {processor.py:925} INFO - DAG(s) 'tutorial_dag' retrieved from /home/airflow/.local/lib/python3.12/site-packages/airflow/example_dags/tutorial_dag.py
[2025-02-25T23:17:26.863+0000] {logging_mixin.py:190} INFO - [2025-02-25T23:17:26.863+0000] {dag.py:3239} INFO - Sync 1 DAGs
[2025-02-25T23:17:26.877+0000] {logging_mixin.py:190} INFO - [2025-02-25T23:17:26.877+0000] {dag.py:4180} INFO - Setting next_dagrun for tutorial_dag to None, run_after=None
[2025-02-25T23:17:26.892+0000] {processor.py:208} INFO - Processing /home/airflow/.local/lib/python3.12/site-packages/airflow/example_dags/tutorial_dag.py took 0.053 seconds
[2025-02-25T23:17:57.293+0000] {processor.py:186} INFO - Started process (PID=855) to work on /home/airflow/.local/lib/python3.12/site-packages/airflow/example_dags/tutorial_dag.py
[2025-02-25T23:17:57.294+0000] {processor.py:914} INFO - Processing file /home/airflow/.local/lib/python3.12/site-packages/airflow/example_dags/tutorial_dag.py for tasks to queue
[2025-02-25T23:17:57.295+0000] {logging_mixin.py:190} INFO - [2025-02-25T23:17:57.295+0000] {dagbag.py:588} INFO - Filling up the DagBag from /home/airflow/.local/lib/python3.12/site-packages/airflow/example_dags/tutorial_dag.py
[2025-02-25T23:17:57.300+0000] {processor.py:925} INFO - DAG(s) 'tutorial_dag' retrieved from /home/airflow/.local/lib/python3.12/site-packages/airflow/example_dags/tutorial_dag.py
[2025-02-25T23:17:57.313+0000] {logging_mixin.py:190} INFO - [2025-02-25T23:17:57.313+0000] {dag.py:3239} INFO - Sync 1 DAGs
[2025-02-25T23:17:57.324+0000] {logging_mixin.py:190} INFO - [2025-02-25T23:17:57.324+0000] {dag.py:4180} INFO - Setting next_dagrun for tutorial_dag to None, run_after=None
[2025-02-25T23:17:57.337+0000] {processor.py:208} INFO - Processing /home/airflow/.local/lib/python3.12/site-packages/airflow/example_dags/tutorial_dag.py took 0.048 seconds
[2025-02-25T23:18:27.980+0000] {processor.py:186} INFO - Started process (PID=919) to work on /home/airflow/.local/lib/python3.12/site-packages/airflow/example_dags/tutorial_dag.py
[2025-02-25T23:18:27.980+0000] {processor.py:914} INFO - Processing file /home/airflow/.local/lib/python3.12/site-packages/airflow/example_dags/tutorial_dag.py for tasks to queue
[2025-02-25T23:18:27.982+0000] {logging_mixin.py:190} INFO - [2025-02-25T23:18:27.981+0000] {dagbag.py:588} INFO - Filling up the DagBag from /home/airflow/.local/lib/python3.12/site-packages/airflow/example_dags/tutorial_dag.py
[2025-02-25T23:18:27.987+0000] {processor.py:925} INFO - DAG(s) 'tutorial_dag' retrieved from /home/airflow/.local/lib/python3.12/site-packages/airflow/example_dags/tutorial_dag.py
[2025-02-25T23:18:28.007+0000] {logging_mixin.py:190} INFO - [2025-02-25T23:18:28.007+0000] {dag.py:3239} INFO - Sync 1 DAGs
[2025-02-25T23:18:28.018+0000] {logging_mixin.py:190} INFO - [2025-02-25T23:18:28.018+0000] {dag.py:4180} INFO - Setting next_dagrun for tutorial_dag to None, run_after=None
[2025-02-25T23:18:28.035+0000] {processor.py:208} INFO - Processing /home/airflow/.local/lib/python3.12/site-packages/airflow/example_dags/tutorial_dag.py took 0.060 seconds
[2025-02-25T23:18:59.511+0000] {processor.py:186} INFO - Started process (PID=984) to work on /home/airflow/.local/lib/python3.12/site-packages/airflow/example_dags/tutorial_dag.py
[2025-02-25T23:18:59.512+0000] {processor.py:914} INFO - Processing file /home/airflow/.local/lib/python3.12/site-packages/airflow/example_dags/tutorial_dag.py for tasks to queue
[2025-02-25T23:18:59.514+0000] {logging_mixin.py:190} INFO - [2025-02-25T23:18:59.513+0000] {dagbag.py:588} INFO - Filling up the DagBag from /home/airflow/.local/lib/python3.12/site-packages/airflow/example_dags/tutorial_dag.py
[2025-02-25T23:18:59.519+0000] {processor.py:925} INFO - DAG(s) 'tutorial_dag' retrieved from /home/airflow/.local/lib/python3.12/site-packages/airflow/example_dags/tutorial_dag.py
[2025-02-25T23:18:59.533+0000] {logging_mixin.py:190} INFO - [2025-02-25T23:18:59.533+0000] {dag.py:3239} INFO - Sync 1 DAGs
[2025-02-25T23:18:59.544+0000] {logging_mixin.py:190} INFO - [2025-02-25T23:18:59.544+0000] {dag.py:4180} INFO - Setting next_dagrun for tutorial_dag to None, run_after=None
[2025-02-25T23:18:59.560+0000] {processor.py:208} INFO - Processing /home/airflow/.local/lib/python3.12/site-packages/airflow/example_dags/tutorial_dag.py took 0.053 seconds
[2025-02-25T23:19:30.623+0000] {processor.py:186} INFO - Started process (PID=1048) to work on /home/airflow/.local/lib/python3.12/site-packages/airflow/example_dags/tutorial_dag.py
[2025-02-25T23:19:30.623+0000] {processor.py:914} INFO - Processing file /home/airflow/.local/lib/python3.12/site-packages/airflow/example_dags/tutorial_dag.py for tasks to queue
[2025-02-25T23:19:30.625+0000] {logging_mixin.py:190} INFO - [2025-02-25T23:19:30.624+0000] {dagbag.py:588} INFO - Filling up the DagBag from /home/airflow/.local/lib/python3.12/site-packages/airflow/example_dags/tutorial_dag.py
[2025-02-25T23:19:30.630+0000] {processor.py:925} INFO - DAG(s) 'tutorial_dag' retrieved from /home/airflow/.local/lib/python3.12/site-packages/airflow/example_dags/tutorial_dag.py
[2025-02-25T23:19:30.644+0000] {logging_mixin.py:190} INFO - [2025-02-25T23:19:30.644+0000] {dag.py:3239} INFO - Sync 1 DAGs
[2025-02-25T23:19:30.655+0000] {logging_mixin.py:190} INFO - [2025-02-25T23:19:30.655+0000] {dag.py:4180} INFO - Setting next_dagrun for tutorial_dag to None, run_after=None
[2025-02-25T23:19:30.668+0000] {processor.py:208} INFO - Processing /home/airflow/.local/lib/python3.12/site-packages/airflow/example_dags/tutorial_dag.py took 0.050 seconds
[2025-02-25T23:20:01.776+0000] {processor.py:186} INFO - Started process (PID=1112) to work on /home/airflow/.local/lib/python3.12/site-packages/airflow/example_dags/tutorial_dag.py
[2025-02-25T23:20:01.777+0000] {processor.py:914} INFO - Processing file /home/airflow/.local/lib/python3.12/site-packages/airflow/example_dags/tutorial_dag.py for tasks to queue
[2025-02-25T23:20:01.778+0000] {logging_mixin.py:190} INFO - [2025-02-25T23:20:01.778+0000] {dagbag.py:588} INFO - Filling up the DagBag from /home/airflow/.local/lib/python3.12/site-packages/airflow/example_dags/tutorial_dag.py
[2025-02-25T23:20:01.783+0000] {processor.py:925} INFO - DAG(s) 'tutorial_dag' retrieved from /home/airflow/.local/lib/python3.12/site-packages/airflow/example_dags/tutorial_dag.py
[2025-02-25T23:20:01.796+0000] {logging_mixin.py:190} INFO - [2025-02-25T23:20:01.796+0000] {dag.py:3239} INFO - Sync 1 DAGs
[2025-02-25T23:20:01.806+0000] {logging_mixin.py:190} INFO - [2025-02-25T23:20:01.806+0000] {dag.py:4180} INFO - Setting next_dagrun for tutorial_dag to None, run_after=None
[2025-02-25T23:20:01.818+0000] {processor.py:208} INFO - Processing /home/airflow/.local/lib/python3.12/site-packages/airflow/example_dags/tutorial_dag.py took 0.046 seconds
[2025-02-25T23:20:32.716+0000] {processor.py:186} INFO - Started process (PID=1176) to work on /home/airflow/.local/lib/python3.12/site-packages/airflow/example_dags/tutorial_dag.py
[2025-02-25T23:20:32.717+0000] {processor.py:914} INFO - Processing file /home/airflow/.local/lib/python3.12/site-packages/airflow/example_dags/tutorial_dag.py for tasks to queue
[2025-02-25T23:20:32.719+0000] {logging_mixin.py:190} INFO - [2025-02-25T23:20:32.719+0000] {dagbag.py:588} INFO - Filling up the DagBag from /home/airflow/.local/lib/python3.12/site-packages/airflow/example_dags/tutorial_dag.py
[2025-02-25T23:20:32.724+0000] {processor.py:925} INFO - DAG(s) 'tutorial_dag' retrieved from /home/airflow/.local/lib/python3.12/site-packages/airflow/example_dags/tutorial_dag.py
[2025-02-25T23:20:32.737+0000] {logging_mixin.py:190} INFO - [2025-02-25T23:20:32.737+0000] {dag.py:3239} INFO - Sync 1 DAGs
[2025-02-25T23:20:32.748+0000] {logging_mixin.py:190} INFO - [2025-02-25T23:20:32.748+0000] {dag.py:4180} INFO - Setting next_dagrun for tutorial_dag to None, run_after=None
[2025-02-25T23:20:32.761+0000] {processor.py:208} INFO - Processing /home/airflow/.local/lib/python3.12/site-packages/airflow/example_dags/tutorial_dag.py took 0.048 seconds
[2025-02-25T23:21:03.934+0000] {processor.py:186} INFO - Started process (PID=1240) to work on /home/airflow/.local/lib/python3.12/site-packages/airflow/example_dags/tutorial_dag.py
[2025-02-25T23:21:03.934+0000] {processor.py:914} INFO - Processing file /home/airflow/.local/lib/python3.12/site-packages/airflow/example_dags/tutorial_dag.py for tasks to queue
[2025-02-25T23:21:03.936+0000] {logging_mixin.py:190} INFO - [2025-02-25T23:21:03.936+0000] {dagbag.py:588} INFO - Filling up the DagBag from /home/airflow/.local/lib/python3.12/site-packages/airflow/example_dags/tutorial_dag.py
[2025-02-25T23:21:03.942+0000] {processor.py:925} INFO - DAG(s) 'tutorial_dag' retrieved from /home/airflow/.local/lib/python3.12/site-packages/airflow/example_dags/tutorial_dag.py
[2025-02-25T23:21:03.956+0000] {logging_mixin.py:190} INFO - [2025-02-25T23:21:03.956+0000] {dag.py:3239} INFO - Sync 1 DAGs
[2025-02-25T23:21:03.967+0000] {logging_mixin.py:190} INFO - [2025-02-25T23:21:03.966+0000] {dag.py:4180} INFO - Setting next_dagrun for tutorial_dag to None, run_after=None
[2025-02-25T23:21:03.982+0000] {processor.py:208} INFO - Processing /home/airflow/.local/lib/python3.12/site-packages/airflow/example_dags/tutorial_dag.py took 0.053 seconds
[2025-02-25T23:21:34.844+0000] {processor.py:186} INFO - Started process (PID=1310) to work on /home/airflow/.local/lib/python3.12/site-packages/airflow/example_dags/tutorial_dag.py
[2025-02-25T23:21:34.845+0000] {processor.py:914} INFO - Processing file /home/airflow/.local/lib/python3.12/site-packages/airflow/example_dags/tutorial_dag.py for tasks to queue
[2025-02-25T23:21:34.846+0000] {logging_mixin.py:190} INFO - [2025-02-25T23:21:34.846+0000] {dagbag.py:588} INFO - Filling up the DagBag from /home/airflow/.local/lib/python3.12/site-packages/airflow/example_dags/tutorial_dag.py
[2025-02-25T23:21:34.851+0000] {processor.py:925} INFO - DAG(s) 'tutorial_dag' retrieved from /home/airflow/.local/lib/python3.12/site-packages/airflow/example_dags/tutorial_dag.py
[2025-02-25T23:21:34.863+0000] {logging_mixin.py:190} INFO - [2025-02-25T23:21:34.863+0000] {dag.py:3239} INFO - Sync 1 DAGs
[2025-02-25T23:21:34.873+0000] {logging_mixin.py:190} INFO - [2025-02-25T23:21:34.873+0000] {dag.py:4180} INFO - Setting next_dagrun for tutorial_dag to None, run_after=None
[2025-02-25T23:21:34.893+0000] {processor.py:208} INFO - Processing /home/airflow/.local/lib/python3.12/site-packages/airflow/example_dags/tutorial_dag.py took 0.053 seconds
[2025-02-25T23:22:06.297+0000] {processor.py:186} INFO - Started process (PID=1374) to work on /home/airflow/.local/lib/python3.12/site-packages/airflow/example_dags/tutorial_dag.py
[2025-02-25T23:22:06.297+0000] {processor.py:914} INFO - Processing file /home/airflow/.local/lib/python3.12/site-packages/airflow/example_dags/tutorial_dag.py for tasks to queue
[2025-02-25T23:22:06.299+0000] {logging_mixin.py:190} INFO - [2025-02-25T23:22:06.299+0000] {dagbag.py:588} INFO - Filling up the DagBag from /home/airflow/.local/lib/python3.12/site-packages/airflow/example_dags/tutorial_dag.py
[2025-02-25T23:22:06.304+0000] {processor.py:925} INFO - DAG(s) 'tutorial_dag' retrieved from /home/airflow/.local/lib/python3.12/site-packages/airflow/example_dags/tutorial_dag.py
[2025-02-25T23:22:06.319+0000] {logging_mixin.py:190} INFO - [2025-02-25T23:22:06.319+0000] {dag.py:3239} INFO - Sync 1 DAGs
[2025-02-25T23:22:06.330+0000] {logging_mixin.py:190} INFO - [2025-02-25T23:22:06.329+0000] {dag.py:4180} INFO - Setting next_dagrun for tutorial_dag to None, run_after=None
[2025-02-25T23:22:06.352+0000] {processor.py:208} INFO - Processing /home/airflow/.local/lib/python3.12/site-packages/airflow/example_dags/tutorial_dag.py took 0.059 seconds
[2025-02-25T23:22:36.734+0000] {processor.py:186} INFO - Started process (PID=1438) to work on /home/airflow/.local/lib/python3.12/site-packages/airflow/example_dags/tutorial_dag.py
[2025-02-25T23:22:36.735+0000] {processor.py:914} INFO - Processing file /home/airflow/.local/lib/python3.12/site-packages/airflow/example_dags/tutorial_dag.py for tasks to queue
[2025-02-25T23:22:36.736+0000] {logging_mixin.py:190} INFO - [2025-02-25T23:22:36.736+0000] {dagbag.py:588} INFO - Filling up the DagBag from /home/airflow/.local/lib/python3.12/site-packages/airflow/example_dags/tutorial_dag.py
[2025-02-25T23:22:36.742+0000] {processor.py:925} INFO - DAG(s) 'tutorial_dag' retrieved from /home/airflow/.local/lib/python3.12/site-packages/airflow/example_dags/tutorial_dag.py
[2025-02-25T23:22:36.754+0000] {logging_mixin.py:190} INFO - [2025-02-25T23:22:36.754+0000] {dag.py:3239} INFO - Sync 1 DAGs
[2025-02-25T23:22:36.764+0000] {logging_mixin.py:190} INFO - [2025-02-25T23:22:36.763+0000] {dag.py:4180} INFO - Setting next_dagrun for tutorial_dag to None, run_after=None
[2025-02-25T23:22:36.777+0000] {processor.py:208} INFO - Processing /home/airflow/.local/lib/python3.12/site-packages/airflow/example_dags/tutorial_dag.py took 0.047 seconds
[2025-02-25T23:23:08.093+0000] {processor.py:186} INFO - Started process (PID=1502) to work on /home/airflow/.local/lib/python3.12/site-packages/airflow/example_dags/tutorial_dag.py
[2025-02-25T23:23:08.093+0000] {processor.py:914} INFO - Processing file /home/airflow/.local/lib/python3.12/site-packages/airflow/example_dags/tutorial_dag.py for tasks to queue
[2025-02-25T23:23:08.095+0000] {logging_mixin.py:190} INFO - [2025-02-25T23:23:08.094+0000] {dagbag.py:588} INFO - Filling up the DagBag from /home/airflow/.local/lib/python3.12/site-packages/airflow/example_dags/tutorial_dag.py
[2025-02-25T23:23:08.099+0000] {processor.py:925} INFO - DAG(s) 'tutorial_dag' retrieved from /home/airflow/.local/lib/python3.12/site-packages/airflow/example_dags/tutorial_dag.py
[2025-02-25T23:23:08.111+0000] {logging_mixin.py:190} INFO - [2025-02-25T23:23:08.111+0000] {dag.py:3239} INFO - Sync 1 DAGs
[2025-02-25T23:23:08.122+0000] {logging_mixin.py:190} INFO - [2025-02-25T23:23:08.122+0000] {dag.py:4180} INFO - Setting next_dagrun for tutorial_dag to None, run_after=None
[2025-02-25T23:23:08.135+0000] {processor.py:208} INFO - Processing /home/airflow/.local/lib/python3.12/site-packages/airflow/example_dags/tutorial_dag.py took 0.046 seconds
[2025-02-25T23:23:39.647+0000] {processor.py:186} INFO - Started process (PID=1566) to work on /home/airflow/.local/lib/python3.12/site-packages/airflow/example_dags/tutorial_dag.py
[2025-02-25T23:23:39.648+0000] {processor.py:914} INFO - Processing file /home/airflow/.local/lib/python3.12/site-packages/airflow/example_dags/tutorial_dag.py for tasks to queue
[2025-02-25T23:23:39.649+0000] {logging_mixin.py:190} INFO - [2025-02-25T23:23:39.649+0000] {dagbag.py:588} INFO - Filling up the DagBag from /home/airflow/.local/lib/python3.12/site-packages/airflow/example_dags/tutorial_dag.py
[2025-02-25T23:23:39.655+0000] {processor.py:925} INFO - DAG(s) 'tutorial_dag' retrieved from /home/airflow/.local/lib/python3.12/site-packages/airflow/example_dags/tutorial_dag.py
[2025-02-25T23:23:39.671+0000] {logging_mixin.py:190} INFO - [2025-02-25T23:23:39.670+0000] {dag.py:3239} INFO - Sync 1 DAGs
[2025-02-25T23:23:39.682+0000] {logging_mixin.py:190} INFO - [2025-02-25T23:23:39.682+0000] {dag.py:4180} INFO - Setting next_dagrun for tutorial_dag to None, run_after=None
[2025-02-25T23:23:39.698+0000] {processor.py:208} INFO - Processing /home/airflow/.local/lib/python3.12/site-packages/airflow/example_dags/tutorial_dag.py took 0.056 seconds
[2025-02-25T23:24:10.188+0000] {processor.py:186} INFO - Started process (PID=1630) to work on /home/airflow/.local/lib/python3.12/site-packages/airflow/example_dags/tutorial_dag.py
[2025-02-25T23:24:10.188+0000] {processor.py:914} INFO - Processing file /home/airflow/.local/lib/python3.12/site-packages/airflow/example_dags/tutorial_dag.py for tasks to queue
[2025-02-25T23:24:10.190+0000] {logging_mixin.py:190} INFO - [2025-02-25T23:24:10.190+0000] {dagbag.py:588} INFO - Filling up the DagBag from /home/airflow/.local/lib/python3.12/site-packages/airflow/example_dags/tutorial_dag.py
[2025-02-25T23:24:10.195+0000] {processor.py:925} INFO - DAG(s) 'tutorial_dag' retrieved from /home/airflow/.local/lib/python3.12/site-packages/airflow/example_dags/tutorial_dag.py
[2025-02-25T23:24:10.208+0000] {logging_mixin.py:190} INFO - [2025-02-25T23:24:10.208+0000] {dag.py:3239} INFO - Sync 1 DAGs
[2025-02-25T23:24:10.218+0000] {logging_mixin.py:190} INFO - [2025-02-25T23:24:10.218+0000] {dag.py:4180} INFO - Setting next_dagrun for tutorial_dag to None, run_after=None
[2025-02-25T23:24:10.231+0000] {processor.py:208} INFO - Processing /home/airflow/.local/lib/python3.12/site-packages/airflow/example_dags/tutorial_dag.py took 0.048 seconds
[2025-02-25T23:24:40.869+0000] {processor.py:186} INFO - Started process (PID=1694) to work on /home/airflow/.local/lib/python3.12/site-packages/airflow/example_dags/tutorial_dag.py
[2025-02-25T23:24:40.869+0000] {processor.py:914} INFO - Processing file /home/airflow/.local/lib/python3.12/site-packages/airflow/example_dags/tutorial_dag.py for tasks to queue
[2025-02-25T23:24:40.872+0000] {logging_mixin.py:190} INFO - [2025-02-25T23:24:40.872+0000] {dagbag.py:588} INFO - Filling up the DagBag from /home/airflow/.local/lib/python3.12/site-packages/airflow/example_dags/tutorial_dag.py
[2025-02-25T23:24:40.878+0000] {processor.py:925} INFO - DAG(s) 'tutorial_dag' retrieved from /home/airflow/.local/lib/python3.12/site-packages/airflow/example_dags/tutorial_dag.py
[2025-02-25T23:24:40.892+0000] {logging_mixin.py:190} INFO - [2025-02-25T23:24:40.892+0000] {dag.py:3239} INFO - Sync 1 DAGs
[2025-02-25T23:24:40.903+0000] {logging_mixin.py:190} INFO - [2025-02-25T23:24:40.903+0000] {dag.py:4180} INFO - Setting next_dagrun for tutorial_dag to None, run_after=None
[2025-02-25T23:24:40.916+0000] {processor.py:208} INFO - Processing /home/airflow/.local/lib/python3.12/site-packages/airflow/example_dags/tutorial_dag.py took 0.052 seconds
[2025-02-25T23:25:12.269+0000] {processor.py:186} INFO - Started process (PID=1758) to work on /home/airflow/.local/lib/python3.12/site-packages/airflow/example_dags/tutorial_dag.py
[2025-02-25T23:25:12.270+0000] {processor.py:914} INFO - Processing file /home/airflow/.local/lib/python3.12/site-packages/airflow/example_dags/tutorial_dag.py for tasks to queue
[2025-02-25T23:25:12.271+0000] {logging_mixin.py:190} INFO - [2025-02-25T23:25:12.271+0000] {dagbag.py:588} INFO - Filling up the DagBag from /home/airflow/.local/lib/python3.12/site-packages/airflow/example_dags/tutorial_dag.py
[2025-02-25T23:25:12.277+0000] {processor.py:925} INFO - DAG(s) 'tutorial_dag' retrieved from /home/airflow/.local/lib/python3.12/site-packages/airflow/example_dags/tutorial_dag.py
[2025-02-25T23:25:12.292+0000] {logging_mixin.py:190} INFO - [2025-02-25T23:25:12.292+0000] {dag.py:3239} INFO - Sync 1 DAGs
[2025-02-25T23:25:12.306+0000] {logging_mixin.py:190} INFO - [2025-02-25T23:25:12.305+0000] {dag.py:4180} INFO - Setting next_dagrun for tutorial_dag to None, run_after=None
[2025-02-25T23:25:12.323+0000] {processor.py:208} INFO - Processing /home/airflow/.local/lib/python3.12/site-packages/airflow/example_dags/tutorial_dag.py took 0.058 seconds
