[2025-03-09T17:11:58.493+0000] {local_task_job_runner.py:123} INFO - ::group::Pre task execution logs
[2025-03-09T17:11:58.506+0000] {taskinstance.py:2614} INFO - Dependencies all met for dep_context=non-requeueable deps ti=<TaskInstance: etl_fire_incidents_dag.extract_data_task manual__2025-03-09T17:11:55.577762+00:00 [queued]>
[2025-03-09T17:11:58.512+0000] {taskinstance.py:2614} INFO - Dependencies all met for dep_context=requeueable deps ti=<TaskInstance: etl_fire_incidents_dag.extract_data_task manual__2025-03-09T17:11:55.577762+00:00 [queued]>
[2025-03-09T17:11:58.512+0000] {taskinstance.py:2867} INFO - Starting attempt 1 of 2
[2025-03-09T17:11:58.522+0000] {taskinstance.py:2890} INFO - Executing <Task(PythonOperator): extract_data_task> on 2025-03-09 17:11:55.577762+00:00
[2025-03-09T17:11:58.531+0000] {warnings.py:112} WARNING - /home/***/.local/lib/python3.12/site-packages/***/task/task_runner/standard_task_runner.py:70: DeprecationWarning: This process (pid=18979) is multi-threaded, use of fork() may lead to deadlocks in the child.
  pid = os.fork()

[2025-03-09T17:11:58.532+0000] {standard_task_runner.py:72} INFO - Started process 18981 to run task
[2025-03-09T17:11:58.533+0000] {standard_task_runner.py:104} INFO - Running: ['***', 'tasks', 'run', 'etl_fire_incidents_dag', 'extract_data_task', 'manual__2025-03-09T17:11:55.577762+00:00', '--job-id', '545', '--raw', '--subdir', 'DAGS_FOLDER/fire_incidents_dag.py', '--cfg-path', '/tmp/tmp5zyv3m6y']
[2025-03-09T17:11:58.534+0000] {standard_task_runner.py:105} INFO - Job 545: Subtask extract_data_task
[2025-03-09T17:11:58.571+0000] {task_command.py:467} INFO - Running <TaskInstance: etl_fire_incidents_dag.extract_data_task manual__2025-03-09T17:11:55.577762+00:00 [running]> on host fad361e322ea
[2025-03-09T17:11:58.648+0000] {taskinstance.py:3134} INFO - Exporting env vars: AIRFLOW_CTX_DAG_EMAIL='***@***.com' AIRFLOW_CTX_DAG_OWNER='***' AIRFLOW_CTX_DAG_ID='etl_fire_incidents_dag' AIRFLOW_CTX_TASK_ID='extract_data_task' AIRFLOW_CTX_EXECUTION_DATE='2025-03-09T17:11:55.577762+00:00' AIRFLOW_CTX_TRY_NUMBER='1' AIRFLOW_CTX_DAG_RUN_ID='manual__2025-03-09T17:11:55.577762+00:00'
[2025-03-09T17:11:58.649+0000] {logging_mixin.py:190} INFO - Task instance is in running state
[2025-03-09T17:11:58.649+0000] {logging_mixin.py:190} INFO -  Previous state of the Task instance: queued
[2025-03-09T17:11:58.650+0000] {logging_mixin.py:190} INFO - Current task name:extract_data_task state:running start_date:2025-03-09 17:11:58.506933+00:00
[2025-03-09T17:11:58.650+0000] {logging_mixin.py:190} INFO - Dag name:etl_fire_incidents_dag and current dag run status:running
[2025-03-09T17:11:58.650+0000] {taskinstance.py:732} INFO - ::endgroup::
[2025-03-09T17:11:58.651+0000] {logging_mixin.py:190} INFO - Extracting NYC Fire Incidents Data via API....
[2025-03-09T17:12:13.936+0000] {logging_mixin.py:190} INFO - Connected to API...
[2025-03-09T17:12:13.964+0000] {logging_mixin.py:190} INFO - Extracting is Complete
[2025-03-09T17:12:14.758+0000] {python.py:240} INFO - Done. Returned value was: None
[2025-03-09T17:12:14.768+0000] {taskinstance.py:341} INFO - ::group::Post task execution logs
[2025-03-09T17:12:14.768+0000] {taskinstance.py:353} INFO - Marking task as SUCCESS. dag_id=etl_fire_incidents_dag, task_id=extract_data_task, run_id=manual__2025-03-09T17:11:55.577762+00:00, execution_date=20250309T171155, start_date=20250309T171158, end_date=20250309T171214
[2025-03-09T17:12:14.793+0000] {logging_mixin.py:190} INFO - Task instance in success state
[2025-03-09T17:12:14.794+0000] {logging_mixin.py:190} INFO -  Previous state of the Task instance: running
[2025-03-09T17:12:14.794+0000] {logging_mixin.py:190} INFO - Dag name:etl_fire_incidents_dag queued_at:2025-03-09 17:11:55.589630+00:00
[2025-03-09T17:12:14.794+0000] {logging_mixin.py:190} INFO - Task hostname:fad361e322ea operator:PythonOperator
[2025-03-09T17:12:14.820+0000] {local_task_job_runner.py:266} INFO - Task exited with return code 0
[2025-03-09T17:12:14.845+0000] {taskinstance.py:3901} INFO - 1 downstream tasks scheduled from follow-on schedule check
[2025-03-09T17:12:14.847+0000] {local_task_job_runner.py:245} INFO - ::endgroup::
