[2025-03-08T03:00:02.320+0000] {local_task_job_runner.py:123} INFO - ::group::Pre task execution logs
[2025-03-08T03:00:02.330+0000] {taskinstance.py:2614} INFO - Dependencies all met for dep_context=non-requeueable deps ti=<TaskInstance: pull_fire_incidents_dag.task_etl_fire_incident_using_bash scheduled__2025-03-08T00:00:00+00:00 [queued]>
[2025-03-08T03:00:02.335+0000] {taskinstance.py:2614} INFO - Dependencies all met for dep_context=requeueable deps ti=<TaskInstance: pull_fire_incidents_dag.task_etl_fire_incident_using_bash scheduled__2025-03-08T00:00:00+00:00 [queued]>
[2025-03-08T03:00:02.336+0000] {taskinstance.py:2867} INFO - Starting attempt 1 of 2
[2025-03-08T03:00:02.345+0000] {taskinstance.py:2890} INFO - Executing <Task(BashOperator): task_etl_fire_incident_using_bash> on 2025-03-08 00:00:00+00:00
[2025-03-08T03:00:02.353+0000] {warnings.py:112} WARNING - /home/***/.local/lib/python3.12/site-packages/***/task/task_runner/standard_task_runner.py:70: DeprecationWarning: This process (pid=3271) is multi-threaded, use of fork() may lead to deadlocks in the child.
  pid = os.fork()

[2025-03-08T03:00:02.354+0000] {standard_task_runner.py:72} INFO - Started process 3273 to run task
[2025-03-08T03:00:02.355+0000] {standard_task_runner.py:104} INFO - Running: ['***', 'tasks', 'run', 'pull_fire_incidents_dag', 'task_etl_fire_incident_using_bash', 'scheduled__2025-03-08T00:00:00+00:00', '--job-id', '333', '--raw', '--subdir', 'DAGS_FOLDER/fire_incidents_dag.py', '--cfg-path', '/tmp/tmp2gvdbei9']
[2025-03-08T03:00:02.356+0000] {standard_task_runner.py:105} INFO - Job 333: Subtask task_etl_fire_incident_using_bash
[2025-03-08T03:00:02.387+0000] {task_command.py:467} INFO - Running <TaskInstance: pull_fire_incidents_dag.task_etl_fire_incident_using_bash scheduled__2025-03-08T00:00:00+00:00 [running]> on host 6f42599211d7
[2025-03-08T03:00:02.450+0000] {taskinstance.py:3134} INFO - Exporting env vars: AIRFLOW_CTX_DAG_EMAIL='***@***.com' AIRFLOW_CTX_DAG_OWNER='***' AIRFLOW_CTX_DAG_ID='pull_fire_incidents_dag' AIRFLOW_CTX_TASK_ID='task_etl_fire_incident_using_bash' AIRFLOW_CTX_EXECUTION_DATE='2025-03-08T00:00:00+00:00' AIRFLOW_CTX_TRY_NUMBER='1' AIRFLOW_CTX_DAG_RUN_ID='scheduled__2025-03-08T00:00:00+00:00'
[2025-03-08T03:00:02.451+0000] {logging_mixin.py:190} INFO - Task instance is in running state
[2025-03-08T03:00:02.451+0000] {logging_mixin.py:190} INFO -  Previous state of the Task instance: queued
[2025-03-08T03:00:02.452+0000] {logging_mixin.py:190} INFO - Current task name:task_etl_fire_incident_using_bash state:running start_date:2025-03-08 03:00:02.331018+00:00
[2025-03-08T03:00:02.452+0000] {logging_mixin.py:190} INFO - Dag name:pull_fire_incidents_dag and current dag run status:running
[2025-03-08T03:00:02.452+0000] {taskinstance.py:732} INFO - ::endgroup::
[2025-03-08T03:00:02.453+0000] {subprocess.py:78} INFO - Tmp dir root location: /tmp
[2025-03-08T03:00:02.453+0000] {subprocess.py:88} INFO - Running command: ['/usr/bin/bash', '-c', 'docker run --rm \\--network=pg-network-fire-incidents \\nyc_fire_incidents:v001 \\--api_url=data.cityofnewyork.us \\--token=xoIfIdDlHq6gGzxqLqbUeMpsG \\--dataset_id=8m42-w767 \\--limit_rows=10000 \\--username=root \\--password=root \\--host_name=fire_incidents_db_container \\--port=5432 \\--database=fire_incidents_db \\--tbl_name=fire_incidents_tbl']
[2025-03-08T03:00:02.461+0000] {subprocess.py:99} INFO - Output:
[2025-03-08T03:00:14.393+0000] {subprocess.py:106} INFO - Connected to API...
[2025-03-08T03:00:14.394+0000] {subprocess.py:106} INFO - 
[2025-03-08T03:00:14.394+0000] {subprocess.py:106} INFO - CREATE TABLE fire_incidents_schema (
[2025-03-08T03:00:14.394+0000] {subprocess.py:106} INFO - 	starfire_incident_id TEXT,
[2025-03-08T03:00:14.394+0000] {subprocess.py:106} INFO - 	incident_datetime TIMESTAMP WITHOUT TIME ZONE,
[2025-03-08T03:00:14.394+0000] {subprocess.py:106} INFO - 	alarm_box_borough TEXT,
[2025-03-08T03:00:14.395+0000] {subprocess.py:106} INFO - 	alarm_box_number TEXT,
[2025-03-08T03:00:14.395+0000] {subprocess.py:106} INFO - 	alarm_box_location TEXT,
[2025-03-08T03:00:14.395+0000] {subprocess.py:106} INFO - 	incident_borough TEXT,
[2025-03-08T03:00:14.395+0000] {subprocess.py:106} INFO - 	zipcode TEXT,
[2025-03-08T03:00:14.395+0000] {subprocess.py:106} INFO - 	policeprecinct TEXT,
[2025-03-08T03:00:14.396+0000] {subprocess.py:106} INFO - 	citycouncildistrict TEXT,
[2025-03-08T03:00:14.396+0000] {subprocess.py:106} INFO - 	communitydistrict TEXT,
[2025-03-08T03:00:14.396+0000] {subprocess.py:106} INFO - 	communityschooldistrict TEXT,
[2025-03-08T03:00:14.396+0000] {subprocess.py:106} INFO - 	congressionaldistrict TEXT,
[2025-03-08T03:00:14.396+0000] {subprocess.py:106} INFO - 	alarm_source_description_tx TEXT,
[2025-03-08T03:00:14.397+0000] {subprocess.py:106} INFO - 	alarm_level_index_description TEXT,
[2025-03-08T03:00:14.397+0000] {subprocess.py:106} INFO - 	highest_alarm_level TEXT,
[2025-03-08T03:00:14.397+0000] {subprocess.py:106} INFO - 	incident_classification TEXT,
[2025-03-08T03:00:14.397+0000] {subprocess.py:106} INFO - 	incident_classification_group TEXT,
[2025-03-08T03:00:14.397+0000] {subprocess.py:106} INFO - 	dispatch_response_seconds_qy FLOAT(53),
[2025-03-08T03:00:14.398+0000] {subprocess.py:106} INFO - 	first_assignment_datetime TIMESTAMP WITHOUT TIME ZONE,
[2025-03-08T03:00:14.398+0000] {subprocess.py:106} INFO - 	first_activation_datetime TIMESTAMP WITHOUT TIME ZONE,
[2025-03-08T03:00:14.398+0000] {subprocess.py:106} INFO - 	incident_close_datetime TIMESTAMP WITHOUT TIME ZONE,
[2025-03-08T03:00:14.398+0000] {subprocess.py:106} INFO - 	valid_dispatch_rspns_time_indc TEXT,
[2025-03-08T03:00:14.398+0000] {subprocess.py:106} INFO - 	valid_incident_rspns_time_indc TEXT,
[2025-03-08T03:00:14.399+0000] {subprocess.py:106} INFO - 	incident_response_seconds_qy FLOAT(53),
[2025-03-08T03:00:14.399+0000] {subprocess.py:106} INFO - 	incident_travel_tm_seconds_qy FLOAT(53),
[2025-03-08T03:00:14.399+0000] {subprocess.py:106} INFO - 	engines_assigned_quantity FLOAT(53),
[2025-03-08T03:00:14.399+0000] {subprocess.py:106} INFO - 	ladders_assigned_quantity FLOAT(53),
[2025-03-08T03:00:14.399+0000] {subprocess.py:106} INFO - 	other_units_assigned_quantity FLOAT(53),
[2025-03-08T03:00:14.400+0000] {subprocess.py:106} INFO - 	first_on_scene_datetime TEXT
[2025-03-08T03:00:14.400+0000] {subprocess.py:106} INFO - )
[2025-03-08T03:00:14.400+0000] {subprocess.py:106} INFO - 
[2025-03-08T03:00:14.400+0000] {subprocess.py:106} INFO - 
[2025-03-08T03:00:14.400+0000] {subprocess.py:106} INFO - Batch Number 1 Loaded to Postgres.....
[2025-03-08T03:00:14.401+0000] {subprocess.py:106} INFO - Batch Number 2 Loaded to Postgres.....
[2025-03-08T03:00:14.401+0000] {subprocess.py:106} INFO - Batch Number 3 Loaded to Postgres.....
[2025-03-08T03:00:14.401+0000] {subprocess.py:106} INFO - Batch Number 4 Loaded to Postgres.....
[2025-03-08T03:00:14.401+0000] {subprocess.py:106} INFO - Batch Number 5 Loaded to Postgres.....
[2025-03-08T03:00:14.401+0000] {subprocess.py:106} INFO - Batch Number 6 Loaded to Postgres.....
[2025-03-08T03:00:14.402+0000] {subprocess.py:106} INFO - Batch Number 7 Loaded to Postgres.....
[2025-03-08T03:00:14.402+0000] {subprocess.py:106} INFO - Batch Number 8 Loaded to Postgres.....
[2025-03-08T03:00:14.402+0000] {subprocess.py:106} INFO - Batch Number 9 Loaded to Postgres.....
[2025-03-08T03:00:14.402+0000] {subprocess.py:106} INFO - Batch Number 10 Loaded to Postgres.....
[2025-03-08T03:00:14.402+0000] {subprocess.py:106} INFO - Batch Number 11 Loaded to Postgres.....
[2025-03-08T03:00:14.402+0000] {subprocess.py:106} INFO - Batch Number 12 Loaded to Postgres.....
[2025-03-08T03:00:14.403+0000] {subprocess.py:106} INFO - Batch Number 13 Loaded to Postgres.....
[2025-03-08T03:00:14.403+0000] {subprocess.py:106} INFO - Batch Number 14 Loaded to Postgres.....
[2025-03-08T03:00:14.403+0000] {subprocess.py:106} INFO - Batch Number 15 Loaded to Postgres.....
[2025-03-08T03:00:14.403+0000] {subprocess.py:106} INFO - Batch Number 16 Loaded to Postgres.....
[2025-03-08T03:00:14.403+0000] {subprocess.py:106} INFO - Batch Number 17 Loaded to Postgres.....
[2025-03-08T03:00:14.404+0000] {subprocess.py:106} INFO - Batch Number 18 Loaded to Postgres.....
[2025-03-08T03:00:14.404+0000] {subprocess.py:106} INFO - Batch Number 19 Loaded to Postgres.....
[2025-03-08T03:00:14.404+0000] {subprocess.py:106} INFO - Batch Number 20 Loaded to Postgres.....
[2025-03-08T03:00:14.404+0000] {subprocess.py:106} INFO - Batch Number 21 Loaded to Postgres.....
[2025-03-08T03:00:14.404+0000] {subprocess.py:106} INFO - Batch Number 22 Loaded to Postgres.....
[2025-03-08T03:00:14.404+0000] {subprocess.py:106} INFO - Batch Number 23 Loaded to Postgres.....
[2025-03-08T03:00:14.405+0000] {subprocess.py:106} INFO - Batch Number 24 Loaded to Postgres.....
[2025-03-08T03:00:14.405+0000] {subprocess.py:106} INFO - Batch Number 25 Loaded to Postgres.....
[2025-03-08T03:00:14.405+0000] {subprocess.py:106} INFO - Batch Number 26 Loaded to Postgres.....
[2025-03-08T03:00:14.405+0000] {subprocess.py:106} INFO - Batch Number 27 Loaded to Postgres.....
[2025-03-08T03:00:14.405+0000] {subprocess.py:106} INFO - Batch Number 28 Loaded to Postgres.....
[2025-03-08T03:00:14.406+0000] {subprocess.py:106} INFO - Batch Number 29 Loaded to Postgres.....
[2025-03-08T03:00:14.406+0000] {subprocess.py:106} INFO - Batch Number 30 Loaded to Postgres.....
[2025-03-08T03:00:14.406+0000] {subprocess.py:106} INFO - Batch Number 31 Loaded to Postgres.....
[2025-03-08T03:00:14.406+0000] {subprocess.py:106} INFO - Batch Number 32 Loaded to Postgres.....
[2025-03-08T03:00:14.406+0000] {subprocess.py:106} INFO - Batch Number 33 Loaded to Postgres.....
[2025-03-08T03:00:14.406+0000] {subprocess.py:106} INFO - Batch Number 34 Loaded to Postgres.....
[2025-03-08T03:00:14.407+0000] {subprocess.py:106} INFO - Batch Number 35 Loaded to Postgres.....
[2025-03-08T03:00:14.407+0000] {subprocess.py:106} INFO - Batch Number 36 Loaded to Postgres.....
[2025-03-08T03:00:14.407+0000] {subprocess.py:106} INFO - Batch Number 37 Loaded to Postgres.....
[2025-03-08T03:00:14.407+0000] {subprocess.py:106} INFO - Batch Number 38 Loaded to Postgres.....
[2025-03-08T03:00:14.407+0000] {subprocess.py:106} INFO - Batch Number 39 Loaded to Postgres.....
[2025-03-08T03:00:14.408+0000] {subprocess.py:106} INFO - Batch Number 40 Loaded to Postgres.....
[2025-03-08T03:00:14.408+0000] {subprocess.py:106} INFO - Batch Number 41 Loaded to Postgres.....
[2025-03-08T03:00:14.408+0000] {subprocess.py:106} INFO - Batch Number 42 Loaded to Postgres.....
[2025-03-08T03:00:14.408+0000] {subprocess.py:106} INFO - Batch Number 43 Loaded to Postgres.....
[2025-03-08T03:00:14.408+0000] {subprocess.py:106} INFO - Batch Number 44 Loaded to Postgres.....
[2025-03-08T03:00:14.409+0000] {subprocess.py:106} INFO - Batch Number 45 Loaded to Postgres.....
[2025-03-08T03:00:14.409+0000] {subprocess.py:106} INFO - Batch Number 46 Loaded to Postgres.....
[2025-03-08T03:00:14.409+0000] {subprocess.py:106} INFO - Batch Number 47 Loaded to Postgres.....
[2025-03-08T03:00:14.409+0000] {subprocess.py:106} INFO - Batch Number 48 Loaded to Postgres.....
[2025-03-08T03:00:14.409+0000] {subprocess.py:106} INFO - Batch Number 49 Loaded to Postgres.....
[2025-03-08T03:00:14.409+0000] {subprocess.py:106} INFO - Batch Number 50 Loaded to Postgres.....
[2025-03-08T03:00:14.410+0000] {subprocess.py:106} INFO - Batch Number 51 Loaded to Postgres.....
[2025-03-08T03:00:14.410+0000] {subprocess.py:106} INFO - Batch Number 52 Loaded to Postgres.....
[2025-03-08T03:00:14.410+0000] {subprocess.py:106} INFO - Batch Number 53 Loaded to Postgres.....
[2025-03-08T03:00:14.410+0000] {subprocess.py:106} INFO - Batch Number 54 Loaded to Postgres.....
[2025-03-08T03:00:14.410+0000] {subprocess.py:106} INFO - Batch Number 55 Loaded to Postgres.....
[2025-03-08T03:00:14.411+0000] {subprocess.py:106} INFO - Batch Number 56 Loaded to Postgres.....
[2025-03-08T03:00:14.411+0000] {subprocess.py:106} INFO - Batch Number 57 Loaded to Postgres.....
[2025-03-08T03:00:14.411+0000] {subprocess.py:106} INFO - Batch Number 58 Loaded to Postgres.....
[2025-03-08T03:00:14.411+0000] {subprocess.py:106} INFO - Batch Number 59 Loaded to Postgres.....
[2025-03-08T03:00:14.411+0000] {subprocess.py:106} INFO - Batch Number 60 Loaded to Postgres.....
[2025-03-08T03:00:14.411+0000] {subprocess.py:106} INFO - Batch Number 61 Loaded to Postgres.....
[2025-03-08T03:00:14.412+0000] {subprocess.py:106} INFO - Batch Number 62 Loaded to Postgres.....
[2025-03-08T03:00:14.412+0000] {subprocess.py:106} INFO - Batch Number 63 Loaded to Postgres.....
[2025-03-08T03:00:14.412+0000] {subprocess.py:106} INFO - Batch Number 64 Loaded to Postgres.....
[2025-03-08T03:00:14.412+0000] {subprocess.py:106} INFO - Batch Number 65 Loaded to Postgres.....
[2025-03-08T03:00:14.412+0000] {subprocess.py:106} INFO - Batch Number 66 Loaded to Postgres.....
[2025-03-08T03:00:14.413+0000] {subprocess.py:106} INFO - Batch Number 67 Loaded to Postgres.....
[2025-03-08T03:00:14.413+0000] {subprocess.py:106} INFO - Batch Number 68 Loaded to Postgres.....
[2025-03-08T03:00:14.413+0000] {subprocess.py:106} INFO - Batch Number 69 Loaded to Postgres.....
[2025-03-08T03:00:14.413+0000] {subprocess.py:106} INFO - Batch Number 70 Loaded to Postgres.....
[2025-03-08T03:00:14.413+0000] {subprocess.py:106} INFO - Batch Number 71 Loaded to Postgres.....
[2025-03-08T03:00:14.413+0000] {subprocess.py:106} INFO - Batch Number 72 Loaded to Postgres.....
[2025-03-08T03:00:14.414+0000] {subprocess.py:106} INFO - Batch Number 73 Loaded to Postgres.....
[2025-03-08T03:00:14.414+0000] {subprocess.py:106} INFO - Batch Number 74 Loaded to Postgres.....
[2025-03-08T03:00:14.414+0000] {subprocess.py:106} INFO - Batch Number 75 Loaded to Postgres.....
[2025-03-08T03:00:14.414+0000] {subprocess.py:106} INFO - Batch Number 76 Loaded to Postgres.....
[2025-03-08T03:00:14.414+0000] {subprocess.py:106} INFO - Batch Number 77 Loaded to Postgres.....
[2025-03-08T03:00:14.415+0000] {subprocess.py:106} INFO - Batch Number 78 Loaded to Postgres.....
[2025-03-08T03:00:14.415+0000] {subprocess.py:106} INFO - Batch Number 79 Loaded to Postgres.....
[2025-03-08T03:00:14.415+0000] {subprocess.py:106} INFO - Batch Number 80 Loaded to Postgres.....
[2025-03-08T03:00:14.415+0000] {subprocess.py:106} INFO - Batch Number 81 Loaded to Postgres.....
[2025-03-08T03:00:14.415+0000] {subprocess.py:106} INFO - Batch Number 82 Loaded to Postgres.....
[2025-03-08T03:00:14.415+0000] {subprocess.py:106} INFO - Batch Number 83 Loaded to Postgres.....
[2025-03-08T03:00:14.416+0000] {subprocess.py:106} INFO - Batch Number 84 Loaded to Postgres.....
[2025-03-08T03:00:14.416+0000] {subprocess.py:106} INFO - Batch Number 85 Loaded to Postgres.....
[2025-03-08T03:00:14.416+0000] {subprocess.py:106} INFO - Batch Number 86 Loaded to Postgres.....
[2025-03-08T03:00:14.416+0000] {subprocess.py:106} INFO - Batch Number 87 Loaded to Postgres.....
[2025-03-08T03:00:14.416+0000] {subprocess.py:106} INFO - Batch Number 88 Loaded to Postgres.....
[2025-03-08T03:00:14.417+0000] {subprocess.py:106} INFO - Batch Number 89 Loaded to Postgres.....
[2025-03-08T03:00:14.417+0000] {subprocess.py:106} INFO - Batch Number 90 Loaded to Postgres.....
[2025-03-08T03:00:14.417+0000] {subprocess.py:106} INFO - Batch Number 91 Loaded to Postgres.....
[2025-03-08T03:00:14.417+0000] {subprocess.py:106} INFO - Batch Number 92 Loaded to Postgres.....
[2025-03-08T03:00:14.417+0000] {subprocess.py:106} INFO - Batch Number 93 Loaded to Postgres.....
[2025-03-08T03:00:14.417+0000] {subprocess.py:106} INFO - Batch Number 94 Loaded to Postgres.....
[2025-03-08T03:00:14.418+0000] {subprocess.py:106} INFO - Batch Number 95 Loaded to Postgres.....
[2025-03-08T03:00:14.418+0000] {subprocess.py:106} INFO - Batch Number 96 Loaded to Postgres.....
[2025-03-08T03:00:14.418+0000] {subprocess.py:106} INFO - Batch Number 97 Loaded to Postgres.....
[2025-03-08T03:00:14.418+0000] {subprocess.py:106} INFO - Batch Number 98 Loaded to Postgres.....
[2025-03-08T03:00:14.418+0000] {subprocess.py:106} INFO - Batch Number 99 Loaded to Postgres.....
[2025-03-08T03:00:14.419+0000] {subprocess.py:106} INFO - Batch Number 100 Loaded to Postgres.....
[2025-03-08T03:00:14.419+0000] {subprocess.py:106} INFO - Batch Number 101 Loaded to Postgres.....
[2025-03-08T03:00:14.949+0000] {subprocess.py:110} INFO - Command exited with return code 0
[2025-03-08T03:00:14.982+0000] {taskinstance.py:341} INFO - ::group::Post task execution logs
[2025-03-08T03:00:14.982+0000] {taskinstance.py:353} INFO - Marking task as SUCCESS. dag_id=pull_fire_incidents_dag, task_id=task_etl_fire_incident_using_bash, run_id=scheduled__2025-03-08T00:00:00+00:00, execution_date=20250308T000000, start_date=20250308T030002, end_date=20250308T030014
[2025-03-08T03:00:15.010+0000] {logging_mixin.py:190} INFO - Task instance in success state
[2025-03-08T03:00:15.011+0000] {logging_mixin.py:190} INFO -  Previous state of the Task instance: running
[2025-03-08T03:00:15.011+0000] {logging_mixin.py:190} INFO - Dag name:pull_fire_incidents_dag queued_at:2025-03-08 03:00:00.898060+00:00
[2025-03-08T03:00:15.011+0000] {logging_mixin.py:190} INFO - Task hostname:6f42599211d7 operator:BashOperator
[2025-03-08T03:00:15.036+0000] {local_task_job_runner.py:266} INFO - Task exited with return code 0
[2025-03-08T03:00:15.046+0000] {taskinstance.py:3901} INFO - 0 downstream tasks scheduled from follow-on schedule check
[2025-03-08T03:00:15.048+0000] {local_task_job_runner.py:245} INFO - ::endgroup::
