[2025-03-09T17:10:01.968+0000] {local_task_job_runner.py:123} INFO - ::group::Pre task execution logs
[2025-03-09T17:10:01.990+0000] {taskinstance.py:2614} INFO - Dependencies all met for dep_context=non-requeueable deps ti=<TaskInstance: etl_fire_incidents_dag.transform_data_task manual__2025-03-09T17:09:50.292043+00:00 [queued]>
[2025-03-09T17:10:02.002+0000] {taskinstance.py:2614} INFO - Dependencies all met for dep_context=requeueable deps ti=<TaskInstance: etl_fire_incidents_dag.transform_data_task manual__2025-03-09T17:09:50.292043+00:00 [queued]>
[2025-03-09T17:10:02.002+0000] {taskinstance.py:2867} INFO - Starting attempt 1 of 2
[2025-03-09T17:10:02.017+0000] {taskinstance.py:2890} INFO - Executing <Task(PythonOperator): transform_data_task> on 2025-03-09 17:09:50.292043+00:00
[2025-03-09T17:10:02.028+0000] {warnings.py:112} WARNING - /home/***/.local/lib/python3.12/site-packages/***/task/task_runner/standard_task_runner.py:70: DeprecationWarning: This process (pid=18950) is multi-threaded, use of fork() may lead to deadlocks in the child.
  pid = os.fork()

[2025-03-09T17:10:02.030+0000] {standard_task_runner.py:72} INFO - Started process 18952 to run task
[2025-03-09T17:10:02.032+0000] {standard_task_runner.py:104} INFO - Running: ['***', 'tasks', 'run', 'etl_fire_incidents_dag', 'transform_data_task', 'manual__2025-03-09T17:09:50.292043+00:00', '--job-id', '543', '--raw', '--subdir', 'DAGS_FOLDER/fire_incidents_dag.py', '--cfg-path', '/tmp/tmp157hv062']
[2025-03-09T17:10:02.033+0000] {standard_task_runner.py:105} INFO - Job 543: Subtask transform_data_task
[2025-03-09T17:10:02.075+0000] {task_command.py:467} INFO - Running <TaskInstance: etl_fire_incidents_dag.transform_data_task manual__2025-03-09T17:09:50.292043+00:00 [running]> on host fad361e322ea
[2025-03-09T17:10:02.147+0000] {taskinstance.py:3134} INFO - Exporting env vars: AIRFLOW_CTX_DAG_EMAIL='***@***.com' AIRFLOW_CTX_DAG_OWNER='***' AIRFLOW_CTX_DAG_ID='etl_fire_incidents_dag' AIRFLOW_CTX_TASK_ID='transform_data_task' AIRFLOW_CTX_EXECUTION_DATE='2025-03-09T17:09:50.292043+00:00' AIRFLOW_CTX_TRY_NUMBER='1' AIRFLOW_CTX_DAG_RUN_ID='manual__2025-03-09T17:09:50.292043+00:00'
[2025-03-09T17:10:02.149+0000] {logging_mixin.py:190} INFO - Task instance is in running state
[2025-03-09T17:10:02.149+0000] {logging_mixin.py:190} INFO -  Previous state of the Task instance: queued
[2025-03-09T17:10:02.149+0000] {logging_mixin.py:190} INFO - Current task name:transform_data_task state:running start_date:2025-03-09 17:10:01.991199+00:00
[2025-03-09T17:10:02.150+0000] {logging_mixin.py:190} INFO - Dag name:etl_fire_incidents_dag and current dag run status:running
[2025-03-09T17:10:02.150+0000] {taskinstance.py:732} INFO - ::endgroup::
[2025-03-09T17:10:02.151+0000] {logging_mixin.py:190} INFO - Pulling xcom!!!!!
[2025-03-09T17:10:02.159+0000] {logging_mixin.py:190} INFO - {"starfire_incident_id":{"0":"2100404460110002","1":"2100433250140001","2":"2100411280150003"},"incident_datetime":{"0":"2021-01-04T00:01:00.000","1":"2021-01-04T00:01:00.000","2":"2021-01-04T00:01:00.000"},"alarm_box_borough":{"0":"MANHATTAN","1":"BROOKLYN","2":"QUEENS"},"alarm_box_number":{"0":"446","1":"3325","2":"1128"},"alarm_box_location":{"0":"3 AVE & ST. MARKS PL","1":"AVENUE O & E 13 ST","2":"MOTT AVE & DICKENS ST"},"incident_borough":{"0":"MANHATTAN","1":"BROOKLYN","2":"QUEENS"},"zipcode":{"0":"10003","1":"11230","2":"11691"},"policeprecinct":{"0":"9","1":"70","2":"101"},"citycouncildistrict":{"0":"2","1":"48","2":"31"},"communitydistrict":{"0":"103","1":"314","2":"414"},"communityschooldistrict":{"0":"1","1":"21","2":"27"},"congressionaldistrict":{"0":"12","1":"9","2":"5"},"alarm_source_description_tx":{"0":"PD Link\/Medical","1":"EMS Link\/Medical","2":"EMS Link\/Medical"},"alarm_level_index_description":{"0":"Initial Alarm","1":"Initial Alarm","2":"Initial Alarm"},"highest_alarm_level":{"0":"First Alarm","1":"First Alarm","2":"First Alarm"},"incident_classification":{"0":"Medical - PD Link 10-91","1":"Medical - Breathing \/ Ill or Sick","2":"Medical - EMS Link 10-91"},"incident_classification_group":{"0":"Medical Emergencies","1":"Medical Emergencies","2":"Medical Emergencies"},"dispatch_response_seconds_qy":{"0":"13","1":"5","2":"4"},"first_assignment_datetime":{"0":"2021-01-04T00:01:00.000","1":"2021-01-04T00:01:00.000","2":"2021-01-04T00:01:00.000"},"first_activation_datetime":{"0":"2021-01-04T00:02:00.000","1":"2021-01-04T00:02:00.000","2":"2021-01-04T00:02:00.000"},"incident_close_datetime":{"0":"2021-01-04T00:07:00.000","1":"2021-01-04T00:32:00.000","2":"2021-01-04T00:05:00.000"},"valid_dispatch_rspns_time_indc":{"0":"N","1":"N","2":"N"},"valid_incident_rspns_time_indc":{"0":"N","1":"Y","2":"N"},"incident_response_seconds_qy":{"0":"0","1":"170","2":"0"},"incident_travel_tm_seconds_qy":{"0":"0","1":"165","2":"0"},"engines_assigned_quantity":{"0":"1","1":"1","2":"1"},"ladders_assigned_quantity":{"0":"0","1":"0","2":"0"},"other_units_assigned_quantity":{"0":"0","1":"0","2":"0"},"first_on_scene_datetime":{"0":null,"1":"2021-01-04T00:04:00.000","2":null}}
[2025-03-09T17:10:02.160+0000] {logging_mixin.py:190} INFO - PRINTING JSON INFORMATIONNNNNNNNNNNNNNNNNNNNNNNN
[2025-03-09T17:10:02.160+0000] {logging_mixin.py:190} INFO - {"starfire_incident_id":{"0":"2100404460110002","1":"2100433250140001","2":"2100411280150003"},"incident_datetime":{"0":"2021-01-04T00:01:00.000","1":"2021-01-04T00:01:00.000","2":"2021-01-04T00:01:00.000"},"alarm_box_borough":{"0":"MANHATTAN","1":"BROOKLYN","2":"QUEENS"},"alarm_box_number":{"0":"446","1":"3325","2":"1128"},"alarm_box_location":{"0":"3 AVE & ST. MARKS PL","1":"AVENUE O & E 13 ST","2":"MOTT AVE & DICKENS ST"},"incident_borough":{"0":"MANHATTAN","1":"BROOKLYN","2":"QUEENS"},"zipcode":{"0":"10003","1":"11230","2":"11691"},"policeprecinct":{"0":"9","1":"70","2":"101"},"citycouncildistrict":{"0":"2","1":"48","2":"31"},"communitydistrict":{"0":"103","1":"314","2":"414"},"communityschooldistrict":{"0":"1","1":"21","2":"27"},"congressionaldistrict":{"0":"12","1":"9","2":"5"},"alarm_source_description_tx":{"0":"PD Link\/Medical","1":"EMS Link\/Medical","2":"EMS Link\/Medical"},"alarm_level_index_description":{"0":"Initial Alarm","1":"Initial Alarm","2":"Initial Alarm"},"highest_alarm_level":{"0":"First Alarm","1":"First Alarm","2":"First Alarm"},"incident_classification":{"0":"Medical - PD Link 10-91","1":"Medical - Breathing \/ Ill or Sick","2":"Medical - EMS Link 10-91"},"incident_classification_group":{"0":"Medical Emergencies","1":"Medical Emergencies","2":"Medical Emergencies"},"dispatch_response_seconds_qy":{"0":"13","1":"5","2":"4"},"first_assignment_datetime":{"0":"2021-01-04T00:01:00.000","1":"2021-01-04T00:01:00.000","2":"2021-01-04T00:01:00.000"},"first_activation_datetime":{"0":"2021-01-04T00:02:00.000","1":"2021-01-04T00:02:00.000","2":"2021-01-04T00:02:00.000"},"incident_close_datetime":{"0":"2021-01-04T00:07:00.000","1":"2021-01-04T00:32:00.000","2":"2021-01-04T00:05:00.000"},"valid_dispatch_rspns_time_indc":{"0":"N","1":"N","2":"N"},"valid_incident_rspns_time_indc":{"0":"N","1":"Y","2":"N"},"incident_response_seconds_qy":{"0":"0","1":"170","2":"0"},"incident_travel_tm_seconds_qy":{"0":"0","1":"165","2":"0"},"engines_assigned_quantity":{"0":"1","1":"1","2":"1"},"ladders_assigned_quantity":{"0":"0","1":"0","2":"0"},"other_units_assigned_quantity":{"0":"0","1":"0","2":"0"},"first_on_scene_datetime":{"0":null,"1":"2021-01-04T00:04:00.000","2":null}}
[2025-03-09T17:10:02.162+0000] {warnings.py:112} WARNING - /opt/***/dags/pull_fire_incidents.py:145: FutureWarning: Passing literal json to 'read_json' is deprecated and will be removed in a future version. To read from a literal string, wrap it in a 'StringIO' object.
  df = pd.read_json(json_data)

[2025-03-09T17:10:02.188+0000] {logging_mixin.py:190} INFO - PRINTING Date
[2025-03-09T17:10:02.189+0000] {logging_mixin.py:190} INFO - 0    2021-01-04T00:01:00.000
1    2021-01-04T00:01:00.000
2    2021-01-04T00:01:00.000
Name: incident_datetime, dtype: object
[2025-03-09T17:10:02.189+0000] {logging_mixin.py:190} INFO - Transforming NYC Fire Incidents Data....
[2025-03-09T17:10:02.195+0000] {logging_mixin.py:190} INFO - AFter
[2025-03-09T17:10:02.197+0000] {logging_mixin.py:190} INFO - 0   2021-01-04 00:01:00
1   2021-01-04 00:01:00
2   2021-01-04 00:01:00
Name: incident_datetime, dtype: datetime64[ns]
[2025-03-09T17:10:02.203+0000] {logging_mixin.py:190} INFO - Transformations are Complete
[2025-03-09T17:10:02.223+0000] {python.py:240} INFO - Done. Returned value was: None
[2025-03-09T17:10:02.232+0000] {taskinstance.py:341} INFO - ::group::Post task execution logs
[2025-03-09T17:10:02.233+0000] {taskinstance.py:353} INFO - Marking task as SUCCESS. dag_id=etl_fire_incidents_dag, task_id=transform_data_task, run_id=manual__2025-03-09T17:09:50.292043+00:00, execution_date=20250309T170950, start_date=20250309T171001, end_date=20250309T171002
[2025-03-09T17:10:02.258+0000] {logging_mixin.py:190} INFO - Task instance in success state
[2025-03-09T17:10:02.258+0000] {logging_mixin.py:190} INFO -  Previous state of the Task instance: running
[2025-03-09T17:10:02.258+0000] {logging_mixin.py:190} INFO - Dag name:etl_fire_incidents_dag queued_at:2025-03-09 17:09:50.316371+00:00
[2025-03-09T17:10:02.258+0000] {logging_mixin.py:190} INFO - Task hostname:fad361e322ea operator:PythonOperator
[2025-03-09T17:10:02.285+0000] {local_task_job_runner.py:266} INFO - Task exited with return code 0
[2025-03-09T17:10:02.309+0000] {taskinstance.py:3901} INFO - 1 downstream tasks scheduled from follow-on schedule check
[2025-03-09T17:10:02.314+0000] {local_task_job_runner.py:245} INFO - ::endgroup::
