[2025-03-10T21:14:07.912+0000] {local_task_job_runner.py:123} INFO - ::group::Pre task execution logs
[2025-03-10T21:14:08.023+0000] {taskinstance.py:2614} INFO - Dependencies all met for dep_context=non-requeueable deps ti=<TaskInstance: etl_nyc_fire_incidents_dag.transform_data_task scheduled__2025-03-10T21:13:00+00:00 [queued]>
[2025-03-10T21:14:08.030+0000] {taskinstance.py:2614} INFO - Dependencies all met for dep_context=requeueable deps ti=<TaskInstance: etl_nyc_fire_incidents_dag.transform_data_task scheduled__2025-03-10T21:13:00+00:00 [queued]>
[2025-03-10T21:14:08.030+0000] {taskinstance.py:2867} INFO - Starting attempt 1 of 2
[2025-03-10T21:14:08.041+0000] {taskinstance.py:2890} INFO - Executing <Task(PythonOperator): transform_data_task> on 2025-03-10 21:13:00+00:00
[2025-03-10T21:14:08.046+0000] {warnings.py:112} WARNING - /home/***/.local/lib/python3.12/site-packages/***/task/task_runner/standard_task_runner.py:70: DeprecationWarning: This process (pid=272) is multi-threaded, use of fork() may lead to deadlocks in the child.
  pid = os.fork()

[2025-03-10T21:14:08.048+0000] {standard_task_runner.py:72} INFO - Started process 274 to run task
[2025-03-10T21:14:08.048+0000] {standard_task_runner.py:104} INFO - Running: ['***', 'tasks', 'run', 'etl_nyc_fire_incidents_dag', 'transform_data_task', 'scheduled__2025-03-10T21:13:00+00:00', '--job-id', '636', '--raw', '--subdir', 'DAGS_FOLDER/fire_incidents_dag.py', '--cfg-path', '/tmp/tmp747iw7n_']
[2025-03-10T21:14:08.049+0000] {standard_task_runner.py:105} INFO - Job 636: Subtask transform_data_task
[2025-03-10T21:14:08.083+0000] {task_command.py:467} INFO - Running <TaskInstance: etl_nyc_fire_incidents_dag.transform_data_task scheduled__2025-03-10T21:13:00+00:00 [running]> on host 544a43034a42
[2025-03-10T21:14:08.148+0000] {taskinstance.py:3134} INFO - Exporting env vars: AIRFLOW_CTX_DAG_EMAIL='***@***.com' AIRFLOW_CTX_DAG_OWNER='***' AIRFLOW_CTX_DAG_ID='etl_nyc_fire_incidents_dag' AIRFLOW_CTX_TASK_ID='transform_data_task' AIRFLOW_CTX_EXECUTION_DATE='2025-03-10T21:13:00+00:00' AIRFLOW_CTX_TRY_NUMBER='1' AIRFLOW_CTX_DAG_RUN_ID='scheduled__2025-03-10T21:13:00+00:00'
[2025-03-10T21:14:08.149+0000] {logging_mixin.py:190} INFO - Task instance is in running state
[2025-03-10T21:14:08.149+0000] {logging_mixin.py:190} INFO -  Previous state of the Task instance: queued
[2025-03-10T21:14:08.149+0000] {logging_mixin.py:190} INFO - Current task name:transform_data_task state:running start_date:2025-03-10 21:14:08.023725+00:00
[2025-03-10T21:14:08.149+0000] {logging_mixin.py:190} INFO - Dag name:etl_nyc_fire_incidents_dag and current dag run status:running
[2025-03-10T21:14:08.149+0000] {taskinstance.py:732} INFO - ::endgroup::
[2025-03-10T21:14:08.150+0000] {logging_mixin.py:190} INFO - Pulling xcom!!!!!
[2025-03-10T21:14:08.243+0000] {warnings.py:112} WARNING - /opt/***/dags/pull_fire_incidents.py:48: FutureWarning: Passing literal json to 'read_json' is deprecated and will be removed in a future version. To read from a literal string, wrap it in a 'StringIO' object.
  df = pd.read_json(transform_json_data)

[2025-03-10T21:14:08.368+0000] {logging_mixin.py:190} INFO - Transforming NYC Fire Incidents Data....
[2025-03-10T21:14:08.387+0000] {logging_mixin.py:190} INFO - Transformations are Complete
[2025-03-10T21:14:08.647+0000] {python.py:240} INFO - Done. Returned value was: None
[2025-03-10T21:14:08.656+0000] {taskinstance.py:341} INFO - ::group::Post task execution logs
[2025-03-10T21:14:08.657+0000] {taskinstance.py:353} INFO - Marking task as SUCCESS. dag_id=etl_nyc_fire_incidents_dag, task_id=transform_data_task, run_id=scheduled__2025-03-10T21:13:00+00:00, execution_date=20250310T211300, start_date=20250310T211408, end_date=20250310T211408
[2025-03-10T21:14:08.680+0000] {logging_mixin.py:190} INFO - Task instance in success state
[2025-03-10T21:14:08.680+0000] {logging_mixin.py:190} INFO -  Previous state of the Task instance: running
[2025-03-10T21:14:08.681+0000] {logging_mixin.py:190} INFO - Dag name:etl_nyc_fire_incidents_dag queued_at:2025-03-10 21:14:00.787315+00:00
[2025-03-10T21:14:08.681+0000] {logging_mixin.py:190} INFO - Task hostname:544a43034a42 operator:PythonOperator
[2025-03-10T21:14:08.703+0000] {local_task_job_runner.py:266} INFO - Task exited with return code 0
[2025-03-10T21:14:08.723+0000] {taskinstance.py:3901} INFO - 1 downstream tasks scheduled from follow-on schedule check
[2025-03-10T21:14:08.725+0000] {local_task_job_runner.py:245} INFO - ::endgroup::
