[2025-03-09T17:18:46.638+0000] {local_task_job_runner.py:123} INFO - ::group::Pre task execution logs
[2025-03-09T17:18:46.655+0000] {taskinstance.py:2614} INFO - Dependencies all met for dep_context=non-requeueable deps ti=<TaskInstance: etl_fire_incidents_dag.load_data manual__2025-03-09T17:18:37.495286+00:00 [queued]>
[2025-03-09T17:18:46.661+0000] {taskinstance.py:2614} INFO - Dependencies all met for dep_context=requeueable deps ti=<TaskInstance: etl_fire_incidents_dag.load_data manual__2025-03-09T17:18:37.495286+00:00 [queued]>
[2025-03-09T17:18:46.661+0000] {taskinstance.py:2867} INFO - Starting attempt 1 of 2
[2025-03-09T17:18:46.672+0000] {taskinstance.py:2890} INFO - Executing <Task(PythonOperator): load_data> on 2025-03-09 17:18:37.495286+00:00
[2025-03-09T17:18:46.679+0000] {warnings.py:112} WARNING - /home/***/.local/lib/python3.12/site-packages/***/task/task_runner/standard_task_runner.py:70: DeprecationWarning: This process (pid=19115) is multi-threaded, use of fork() may lead to deadlocks in the child.
  pid = os.fork()

[2025-03-09T17:18:46.680+0000] {standard_task_runner.py:72} INFO - Started process 19117 to run task
[2025-03-09T17:18:46.681+0000] {standard_task_runner.py:104} INFO - Running: ['***', 'tasks', 'run', 'etl_fire_incidents_dag', 'load_data', 'manual__2025-03-09T17:18:37.495286+00:00', '--job-id', '556', '--raw', '--subdir', 'DAGS_FOLDER/fire_incidents_dag.py', '--cfg-path', '/tmp/tmpkvm5yoy0']
[2025-03-09T17:18:46.682+0000] {standard_task_runner.py:105} INFO - Job 556: Subtask load_data
[2025-03-09T17:18:46.723+0000] {task_command.py:467} INFO - Running <TaskInstance: etl_fire_incidents_dag.load_data manual__2025-03-09T17:18:37.495286+00:00 [running]> on host fad361e322ea
[2025-03-09T17:18:46.793+0000] {taskinstance.py:3134} INFO - Exporting env vars: AIRFLOW_CTX_DAG_EMAIL='***@***.com' AIRFLOW_CTX_DAG_OWNER='***' AIRFLOW_CTX_DAG_ID='etl_fire_incidents_dag' AIRFLOW_CTX_TASK_ID='load_data' AIRFLOW_CTX_EXECUTION_DATE='2025-03-09T17:18:37.495286+00:00' AIRFLOW_CTX_TRY_NUMBER='1' AIRFLOW_CTX_DAG_RUN_ID='manual__2025-03-09T17:18:37.495286+00:00'
[2025-03-09T17:18:46.795+0000] {logging_mixin.py:190} INFO - Task instance is in running state
[2025-03-09T17:18:46.795+0000] {logging_mixin.py:190} INFO -  Previous state of the Task instance: queued
[2025-03-09T17:18:46.796+0000] {logging_mixin.py:190} INFO - Current task name:load_data state:running start_date:2025-03-09 17:18:46.655375+00:00
[2025-03-09T17:18:46.796+0000] {logging_mixin.py:190} INFO - Dag name:etl_fire_incidents_dag and current dag run status:running
[2025-03-09T17:18:46.796+0000] {taskinstance.py:732} INFO - ::endgroup::
[2025-03-09T17:18:46.877+0000] {logging_mixin.py:190} INFO - Loading NYC Fire Incidents Data to Postgres DB....
[2025-03-09T17:18:46.890+0000] {warnings.py:112} WARNING - /opt/***/dags/pull_fire_incidents.py:180: FutureWarning: Passing literal json to 'read_json' is deprecated and will be removed in a future version. To read from a literal string, wrap it in a 'StringIO' object.
  df = pd.read_json(load_data)

[2025-03-09T17:18:47.045+0000] {logging_mixin.py:190} INFO - 
CREATE TABLE fire_incidents_schema (
	starfire_incident_id TEXT, 
	incident_datetime TEXT, 
	alarm_box_borough TEXT, 
	alarm_box_number BIGINT, 
	alarm_box_location TEXT, 
	incident_borough TEXT, 
	zipcode FLOAT(53), 
	policeprecinct FLOAT(53), 
	citycouncildistrict FLOAT(53), 
	communitydistrict FLOAT(53), 
	communityschooldistrict FLOAT(53), 
	congressionaldistrict FLOAT(53), 
	alarm_source_description_tx TEXT, 
	alarm_level_index_description TEXT, 
	highest_alarm_level TEXT, 
	incident_classification TEXT, 
	incident_classification_group TEXT, 
	dispatch_response_seconds_qy BIGINT, 
	first_assignment_datetime TEXT, 
	first_activation_datetime TEXT, 
	incident_close_datetime TEXT, 
	valid_dispatch_rspns_time_indc TEXT, 
	valid_incident_rspns_time_indc TEXT, 
	incident_response_seconds_qy FLOAT(53), 
	incident_travel_tm_seconds_qy FLOAT(53), 
	engines_assigned_quantity BIGINT, 
	ladders_assigned_quantity BIGINT, 
	other_units_assigned_quantity BIGINT, 
	first_on_scene_datetime TEXT
)
[2025-03-09T17:18:47.154+0000] {logging_mixin.py:190} INFO - Batch Number 1 Loaded to Postgres.....
[2025-03-09T17:18:47.183+0000] {logging_mixin.py:190} INFO - Batch Number 2 Loaded to Postgres.....
[2025-03-09T17:18:47.207+0000] {logging_mixin.py:190} INFO - Batch Number 3 Loaded to Postgres.....
[2025-03-09T17:18:47.237+0000] {logging_mixin.py:190} INFO - Batch Number 4 Loaded to Postgres.....
[2025-03-09T17:18:47.261+0000] {logging_mixin.py:190} INFO - Batch Number 5 Loaded to Postgres.....
[2025-03-09T17:18:47.286+0000] {logging_mixin.py:190} INFO - Batch Number 6 Loaded to Postgres.....
[2025-03-09T17:18:47.310+0000] {logging_mixin.py:190} INFO - Batch Number 7 Loaded to Postgres.....
[2025-03-09T17:18:47.337+0000] {logging_mixin.py:190} INFO - Batch Number 8 Loaded to Postgres.....
[2025-03-09T17:18:47.362+0000] {logging_mixin.py:190} INFO - Batch Number 9 Loaded to Postgres.....
[2025-03-09T17:18:47.387+0000] {logging_mixin.py:190} INFO - Batch Number 10 Loaded to Postgres.....
[2025-03-09T17:18:47.411+0000] {logging_mixin.py:190} INFO - Batch Number 11 Loaded to Postgres.....
[2025-03-09T17:18:47.436+0000] {logging_mixin.py:190} INFO - Batch Number 12 Loaded to Postgres.....
[2025-03-09T17:18:47.461+0000] {logging_mixin.py:190} INFO - Batch Number 13 Loaded to Postgres.....
[2025-03-09T17:18:47.488+0000] {logging_mixin.py:190} INFO - Batch Number 14 Loaded to Postgres.....
[2025-03-09T17:18:47.512+0000] {logging_mixin.py:190} INFO - Batch Number 15 Loaded to Postgres.....
[2025-03-09T17:18:47.540+0000] {logging_mixin.py:190} INFO - Batch Number 16 Loaded to Postgres.....
[2025-03-09T17:18:47.570+0000] {logging_mixin.py:190} INFO - Batch Number 17 Loaded to Postgres.....
[2025-03-09T17:18:47.596+0000] {logging_mixin.py:190} INFO - Batch Number 18 Loaded to Postgres.....
[2025-03-09T17:18:47.622+0000] {logging_mixin.py:190} INFO - Batch Number 19 Loaded to Postgres.....
[2025-03-09T17:18:47.650+0000] {logging_mixin.py:190} INFO - Batch Number 20 Loaded to Postgres.....
[2025-03-09T17:18:47.679+0000] {logging_mixin.py:190} INFO - Batch Number 21 Loaded to Postgres.....
[2025-03-09T17:18:47.705+0000] {logging_mixin.py:190} INFO - Batch Number 22 Loaded to Postgres.....
[2025-03-09T17:18:47.729+0000] {logging_mixin.py:190} INFO - Batch Number 23 Loaded to Postgres.....
[2025-03-09T17:18:47.754+0000] {logging_mixin.py:190} INFO - Batch Number 24 Loaded to Postgres.....
[2025-03-09T17:18:47.783+0000] {logging_mixin.py:190} INFO - Batch Number 25 Loaded to Postgres.....
[2025-03-09T17:18:47.807+0000] {logging_mixin.py:190} INFO - Batch Number 26 Loaded to Postgres.....
[2025-03-09T17:18:47.833+0000] {logging_mixin.py:190} INFO - Batch Number 27 Loaded to Postgres.....
[2025-03-09T17:18:47.858+0000] {logging_mixin.py:190} INFO - Batch Number 28 Loaded to Postgres.....
[2025-03-09T17:18:47.883+0000] {logging_mixin.py:190} INFO - Batch Number 29 Loaded to Postgres.....
[2025-03-09T17:18:47.908+0000] {logging_mixin.py:190} INFO - Batch Number 30 Loaded to Postgres.....
[2025-03-09T17:18:47.938+0000] {logging_mixin.py:190} INFO - Batch Number 31 Loaded to Postgres.....
[2025-03-09T17:18:47.963+0000] {logging_mixin.py:190} INFO - Batch Number 32 Loaded to Postgres.....
[2025-03-09T17:18:47.988+0000] {logging_mixin.py:190} INFO - Batch Number 33 Loaded to Postgres.....
[2025-03-09T17:18:48.012+0000] {logging_mixin.py:190} INFO - Batch Number 34 Loaded to Postgres.....
[2025-03-09T17:18:48.038+0000] {logging_mixin.py:190} INFO - Batch Number 35 Loaded to Postgres.....
[2025-03-09T17:18:48.065+0000] {logging_mixin.py:190} INFO - Batch Number 36 Loaded to Postgres.....
[2025-03-09T17:18:48.091+0000] {logging_mixin.py:190} INFO - Batch Number 37 Loaded to Postgres.....
[2025-03-09T17:18:48.116+0000] {logging_mixin.py:190} INFO - Batch Number 38 Loaded to Postgres.....
[2025-03-09T17:18:48.141+0000] {logging_mixin.py:190} INFO - Batch Number 39 Loaded to Postgres.....
[2025-03-09T17:18:48.165+0000] {logging_mixin.py:190} INFO - Batch Number 40 Loaded to Postgres.....
[2025-03-09T17:18:48.189+0000] {logging_mixin.py:190} INFO - Batch Number 41 Loaded to Postgres.....
[2025-03-09T17:18:48.218+0000] {logging_mixin.py:190} INFO - Batch Number 42 Loaded to Postgres.....
[2025-03-09T17:18:48.242+0000] {logging_mixin.py:190} INFO - Batch Number 43 Loaded to Postgres.....
[2025-03-09T17:18:48.266+0000] {logging_mixin.py:190} INFO - Batch Number 44 Loaded to Postgres.....
[2025-03-09T17:18:48.291+0000] {logging_mixin.py:190} INFO - Batch Number 45 Loaded to Postgres.....
[2025-03-09T17:18:48.315+0000] {logging_mixin.py:190} INFO - Batch Number 46 Loaded to Postgres.....
[2025-03-09T17:18:48.339+0000] {logging_mixin.py:190} INFO - Batch Number 47 Loaded to Postgres.....
[2025-03-09T17:18:48.364+0000] {logging_mixin.py:190} INFO - Batch Number 48 Loaded to Postgres.....
[2025-03-09T17:18:48.389+0000] {logging_mixin.py:190} INFO - Batch Number 49 Loaded to Postgres.....
[2025-03-09T17:18:48.418+0000] {logging_mixin.py:190} INFO - Batch Number 50 Loaded to Postgres.....
[2025-03-09T17:18:48.441+0000] {logging_mixin.py:190} INFO - Batch Number 51 Loaded to Postgres.....
[2025-03-09T17:18:48.466+0000] {logging_mixin.py:190} INFO - Batch Number 52 Loaded to Postgres.....
[2025-03-09T17:18:48.492+0000] {logging_mixin.py:190} INFO - Batch Number 53 Loaded to Postgres.....
[2025-03-09T17:18:48.516+0000] {logging_mixin.py:190} INFO - Batch Number 54 Loaded to Postgres.....
[2025-03-09T17:18:48.541+0000] {logging_mixin.py:190} INFO - Batch Number 55 Loaded to Postgres.....
[2025-03-09T17:18:48.567+0000] {logging_mixin.py:190} INFO - Batch Number 56 Loaded to Postgres.....
[2025-03-09T17:18:48.592+0000] {logging_mixin.py:190} INFO - Batch Number 57 Loaded to Postgres.....
[2025-03-09T17:18:48.616+0000] {logging_mixin.py:190} INFO - Batch Number 58 Loaded to Postgres.....
[2025-03-09T17:18:48.640+0000] {logging_mixin.py:190} INFO - Batch Number 59 Loaded to Postgres.....
[2025-03-09T17:18:48.666+0000] {logging_mixin.py:190} INFO - Batch Number 60 Loaded to Postgres.....
[2025-03-09T17:18:48.690+0000] {logging_mixin.py:190} INFO - Batch Number 61 Loaded to Postgres.....
[2025-03-09T17:18:48.715+0000] {logging_mixin.py:190} INFO - Batch Number 62 Loaded to Postgres.....
[2025-03-09T17:18:48.740+0000] {logging_mixin.py:190} INFO - Batch Number 63 Loaded to Postgres.....
[2025-03-09T17:18:48.763+0000] {logging_mixin.py:190} INFO - Batch Number 64 Loaded to Postgres.....
[2025-03-09T17:18:48.790+0000] {logging_mixin.py:190} INFO - Batch Number 65 Loaded to Postgres.....
[2025-03-09T17:18:48.825+0000] {logging_mixin.py:190} INFO - Batch Number 66 Loaded to Postgres.....
[2025-03-09T17:18:48.851+0000] {logging_mixin.py:190} INFO - Batch Number 67 Loaded to Postgres.....
[2025-03-09T17:18:48.881+0000] {logging_mixin.py:190} INFO - Batch Number 68 Loaded to Postgres.....
[2025-03-09T17:18:48.906+0000] {logging_mixin.py:190} INFO - Batch Number 69 Loaded to Postgres.....
[2025-03-09T17:18:48.934+0000] {logging_mixin.py:190} INFO - Batch Number 70 Loaded to Postgres.....
[2025-03-09T17:18:48.964+0000] {logging_mixin.py:190} INFO - Batch Number 71 Loaded to Postgres.....
[2025-03-09T17:18:48.993+0000] {logging_mixin.py:190} INFO - Batch Number 72 Loaded to Postgres.....
[2025-03-09T17:18:49.023+0000] {logging_mixin.py:190} INFO - Batch Number 73 Loaded to Postgres.....
[2025-03-09T17:18:49.052+0000] {logging_mixin.py:190} INFO - Batch Number 74 Loaded to Postgres.....
[2025-03-09T17:18:49.079+0000] {logging_mixin.py:190} INFO - Batch Number 75 Loaded to Postgres.....
[2025-03-09T17:18:49.107+0000] {logging_mixin.py:190} INFO - Batch Number 76 Loaded to Postgres.....
[2025-03-09T17:18:49.131+0000] {logging_mixin.py:190} INFO - Batch Number 77 Loaded to Postgres.....
[2025-03-09T17:18:49.157+0000] {logging_mixin.py:190} INFO - Batch Number 78 Loaded to Postgres.....
[2025-03-09T17:18:49.182+0000] {logging_mixin.py:190} INFO - Batch Number 79 Loaded to Postgres.....
[2025-03-09T17:18:49.208+0000] {logging_mixin.py:190} INFO - Batch Number 80 Loaded to Postgres.....
[2025-03-09T17:18:49.234+0000] {logging_mixin.py:190} INFO - Batch Number 81 Loaded to Postgres.....
[2025-03-09T17:18:49.258+0000] {logging_mixin.py:190} INFO - Batch Number 82 Loaded to Postgres.....
[2025-03-09T17:18:49.285+0000] {logging_mixin.py:190} INFO - Batch Number 83 Loaded to Postgres.....
[2025-03-09T17:18:49.310+0000] {logging_mixin.py:190} INFO - Batch Number 84 Loaded to Postgres.....
[2025-03-09T17:18:49.337+0000] {logging_mixin.py:190} INFO - Batch Number 85 Loaded to Postgres.....
[2025-03-09T17:18:49.362+0000] {logging_mixin.py:190} INFO - Batch Number 86 Loaded to Postgres.....
[2025-03-09T17:18:49.387+0000] {logging_mixin.py:190} INFO - Batch Number 87 Loaded to Postgres.....
[2025-03-09T17:18:49.412+0000] {logging_mixin.py:190} INFO - Batch Number 88 Loaded to Postgres.....
[2025-03-09T17:18:49.437+0000] {logging_mixin.py:190} INFO - Batch Number 89 Loaded to Postgres.....
[2025-03-09T17:18:49.462+0000] {logging_mixin.py:190} INFO - Batch Number 90 Loaded to Postgres.....
[2025-03-09T17:18:49.488+0000] {logging_mixin.py:190} INFO - Batch Number 91 Loaded to Postgres.....
[2025-03-09T17:18:49.513+0000] {logging_mixin.py:190} INFO - Batch Number 92 Loaded to Postgres.....
[2025-03-09T17:18:49.539+0000] {logging_mixin.py:190} INFO - Batch Number 93 Loaded to Postgres.....
[2025-03-09T17:18:49.563+0000] {logging_mixin.py:190} INFO - Batch Number 94 Loaded to Postgres.....
[2025-03-09T17:18:49.588+0000] {logging_mixin.py:190} INFO - Batch Number 95 Loaded to Postgres.....
[2025-03-09T17:18:49.614+0000] {logging_mixin.py:190} INFO - Batch Number 96 Loaded to Postgres.....
[2025-03-09T17:18:49.641+0000] {logging_mixin.py:190} INFO - Batch Number 97 Loaded to Postgres.....
[2025-03-09T17:18:49.666+0000] {logging_mixin.py:190} INFO - Batch Number 98 Loaded to Postgres.....
[2025-03-09T17:18:49.691+0000] {logging_mixin.py:190} INFO - Batch Number 99 Loaded to Postgres.....
[2025-03-09T17:18:49.717+0000] {logging_mixin.py:190} INFO - Batch Number 100 Loaded to Postgres.....
[2025-03-09T17:18:49.728+0000] {logging_mixin.py:190} INFO - Batch Number 101 Loaded to Postgres.....
[2025-03-09T17:18:49.728+0000] {logging_mixin.py:190} INFO - Load is Complete
[2025-03-09T17:18:49.731+0000] {python.py:240} INFO - Done. Returned value was: None
[2025-03-09T17:18:49.741+0000] {taskinstance.py:341} INFO - ::group::Post task execution logs
[2025-03-09T17:18:49.742+0000] {taskinstance.py:353} INFO - Marking task as SUCCESS. dag_id=etl_fire_incidents_dag, task_id=load_data, run_id=manual__2025-03-09T17:18:37.495286+00:00, execution_date=20250309T171837, start_date=20250309T171846, end_date=20250309T171849
[2025-03-09T17:18:49.763+0000] {logging_mixin.py:190} INFO - Task instance in success state
[2025-03-09T17:18:49.763+0000] {logging_mixin.py:190} INFO -  Previous state of the Task instance: running
[2025-03-09T17:18:49.763+0000] {logging_mixin.py:190} INFO - Dag name:etl_fire_incidents_dag queued_at:2025-03-09 17:18:37.506787+00:00
[2025-03-09T17:18:49.764+0000] {logging_mixin.py:190} INFO - Task hostname:fad361e322ea operator:PythonOperator
[2025-03-09T17:18:49.783+0000] {local_task_job_runner.py:266} INFO - Task exited with return code 0
[2025-03-09T17:18:49.798+0000] {taskinstance.py:3901} INFO - 0 downstream tasks scheduled from follow-on schedule check
[2025-03-09T17:18:49.800+0000] {local_task_job_runner.py:245} INFO - ::endgroup::
