[2025-03-10T21:11:14.757+0000] {local_task_job_runner.py:123} INFO - ::group::Pre task execution logs
[2025-03-10T21:11:14.900+0000] {taskinstance.py:2614} INFO - Dependencies all met for dep_context=non-requeueable deps ti=<TaskInstance: etl_nyc_fire_incidents_dag.load_data scheduled__2025-03-10T21:10:00+00:00 [queued]>
[2025-03-10T21:11:14.909+0000] {taskinstance.py:2614} INFO - Dependencies all met for dep_context=requeueable deps ti=<TaskInstance: etl_nyc_fire_incidents_dag.load_data scheduled__2025-03-10T21:10:00+00:00 [queued]>
[2025-03-10T21:11:14.910+0000] {taskinstance.py:2867} INFO - Starting attempt 1 of 2
[2025-03-10T21:11:14.924+0000] {taskinstance.py:2890} INFO - Executing <Task(PythonOperator): load_data> on 2025-03-10 21:10:00+00:00
[2025-03-10T21:11:14.932+0000] {warnings.py:112} WARNING - /home/***/.local/lib/python3.12/site-packages/***/task/task_runner/standard_task_runner.py:70: DeprecationWarning: This process (pid=204) is multi-threaded, use of fork() may lead to deadlocks in the child.
  pid = os.fork()

[2025-03-10T21:11:14.934+0000] {standard_task_runner.py:72} INFO - Started process 206 to run task
[2025-03-10T21:11:14.934+0000] {standard_task_runner.py:104} INFO - Running: ['***', 'tasks', 'run', 'etl_nyc_fire_incidents_dag', 'load_data', 'scheduled__2025-03-10T21:10:00+00:00', '--job-id', '628', '--raw', '--subdir', 'DAGS_FOLDER/fire_incidents_dag.py', '--cfg-path', '/tmp/tmpzm1m1kil']
[2025-03-10T21:11:14.935+0000] {standard_task_runner.py:105} INFO - Job 628: Subtask load_data
[2025-03-10T21:11:14.973+0000] {task_command.py:467} INFO - Running <TaskInstance: etl_nyc_fire_incidents_dag.load_data scheduled__2025-03-10T21:10:00+00:00 [running]> on host 544a43034a42
[2025-03-10T21:11:15.039+0000] {taskinstance.py:3134} INFO - Exporting env vars: AIRFLOW_CTX_DAG_EMAIL='***@***.com' AIRFLOW_CTX_DAG_OWNER='***' AIRFLOW_CTX_DAG_ID='etl_nyc_fire_incidents_dag' AIRFLOW_CTX_TASK_ID='load_data' AIRFLOW_CTX_EXECUTION_DATE='2025-03-10T21:10:00+00:00' AIRFLOW_CTX_TRY_NUMBER='1' AIRFLOW_CTX_DAG_RUN_ID='scheduled__2025-03-10T21:10:00+00:00'
[2025-03-10T21:11:15.040+0000] {logging_mixin.py:190} INFO - Task instance is in running state
[2025-03-10T21:11:15.041+0000] {logging_mixin.py:190} INFO -  Previous state of the Task instance: queued
[2025-03-10T21:11:15.041+0000] {logging_mixin.py:190} INFO - Current task name:load_data state:running start_date:2025-03-10 21:11:14.900342+00:00
[2025-03-10T21:11:15.041+0000] {logging_mixin.py:190} INFO - Dag name:etl_nyc_fire_incidents_dag and current dag run status:running
[2025-03-10T21:11:15.041+0000] {taskinstance.py:732} INFO - ::endgroup::
[2025-03-10T21:11:15.127+0000] {logging_mixin.py:190} INFO - Loading NYC Fire Incidents Data to Postgres DB....
[2025-03-10T21:11:15.138+0000] {warnings.py:112} WARNING - /opt/***/dags/pull_fire_incidents.py:84: FutureWarning: Passing literal json to 'read_json' is deprecated and will be removed in a future version. To read from a literal string, wrap it in a 'StringIO' object.
  df = pd.read_json(load_json__data)

[2025-03-10T21:11:15.294+0000] {logging_mixin.py:190} INFO - 
CREATE TABLE fire_incidents_schema (
	starfire_incident_id TEXT, 
	incident_datetime TEXT, 
	alarm_box_borough TEXT, 
	alarm_box_number BIGINT, 
	alarm_box_location TEXT, 
	incident_borough TEXT, 
	zipcode FLOAT(53), 
	policeprecinct FLOAT(53), 
	citycouncildistrict FLOAT(53), 
	communitydistrict FLOAT(53), 
	communityschooldistrict FLOAT(53), 
	congressionaldistrict FLOAT(53), 
	alarm_source_description_tx TEXT, 
	alarm_level_index_description TEXT, 
	highest_alarm_level TEXT, 
	incident_classification TEXT, 
	incident_classification_group TEXT, 
	dispatch_response_seconds_qy BIGINT, 
	first_assignment_datetime TEXT, 
	first_activation_datetime TEXT, 
	incident_close_datetime TEXT, 
	valid_dispatch_rspns_time_indc TEXT, 
	valid_incident_rspns_time_indc TEXT, 
	incident_response_seconds_qy FLOAT(53), 
	incident_travel_tm_seconds_qy FLOAT(53), 
	engines_assigned_quantity BIGINT, 
	ladders_assigned_quantity BIGINT, 
	other_units_assigned_quantity BIGINT, 
	first_on_scene_datetime TEXT
)
[2025-03-10T21:11:15.371+0000] {logging_mixin.py:190} INFO - Batch Number 1 Loaded to Postgres.....
[2025-03-10T21:11:15.396+0000] {logging_mixin.py:190} INFO - Batch Number 2 Loaded to Postgres.....
[2025-03-10T21:11:15.421+0000] {logging_mixin.py:190} INFO - Batch Number 3 Loaded to Postgres.....
[2025-03-10T21:11:15.446+0000] {logging_mixin.py:190} INFO - Batch Number 4 Loaded to Postgres.....
[2025-03-10T21:11:15.470+0000] {logging_mixin.py:190} INFO - Batch Number 5 Loaded to Postgres.....
[2025-03-10T21:11:15.494+0000] {logging_mixin.py:190} INFO - Batch Number 6 Loaded to Postgres.....
[2025-03-10T21:11:15.518+0000] {logging_mixin.py:190} INFO - Batch Number 7 Loaded to Postgres.....
[2025-03-10T21:11:15.543+0000] {logging_mixin.py:190} INFO - Batch Number 8 Loaded to Postgres.....
[2025-03-10T21:11:15.567+0000] {logging_mixin.py:190} INFO - Batch Number 9 Loaded to Postgres.....
[2025-03-10T21:11:15.591+0000] {logging_mixin.py:190} INFO - Batch Number 10 Loaded to Postgres.....
[2025-03-10T21:11:15.614+0000] {logging_mixin.py:190} INFO - Batch Number 11 Loaded to Postgres.....
[2025-03-10T21:11:15.639+0000] {logging_mixin.py:190} INFO - Batch Number 12 Loaded to Postgres.....
[2025-03-10T21:11:15.662+0000] {logging_mixin.py:190} INFO - Batch Number 13 Loaded to Postgres.....
[2025-03-10T21:11:15.686+0000] {logging_mixin.py:190} INFO - Batch Number 14 Loaded to Postgres.....
[2025-03-10T21:11:15.710+0000] {logging_mixin.py:190} INFO - Batch Number 15 Loaded to Postgres.....
[2025-03-10T21:11:15.733+0000] {logging_mixin.py:190} INFO - Batch Number 16 Loaded to Postgres.....
[2025-03-10T21:11:15.757+0000] {logging_mixin.py:190} INFO - Batch Number 17 Loaded to Postgres.....
[2025-03-10T21:11:15.780+0000] {logging_mixin.py:190} INFO - Batch Number 18 Loaded to Postgres.....
[2025-03-10T21:11:15.805+0000] {logging_mixin.py:190} INFO - Batch Number 19 Loaded to Postgres.....
[2025-03-10T21:11:15.829+0000] {logging_mixin.py:190} INFO - Batch Number 20 Loaded to Postgres.....
[2025-03-10T21:11:15.852+0000] {logging_mixin.py:190} INFO - Batch Number 21 Loaded to Postgres.....
[2025-03-10T21:11:15.875+0000] {logging_mixin.py:190} INFO - Batch Number 22 Loaded to Postgres.....
[2025-03-10T21:11:15.899+0000] {logging_mixin.py:190} INFO - Batch Number 23 Loaded to Postgres.....
[2025-03-10T21:11:15.922+0000] {logging_mixin.py:190} INFO - Batch Number 24 Loaded to Postgres.....
[2025-03-10T21:11:15.947+0000] {logging_mixin.py:190} INFO - Batch Number 25 Loaded to Postgres.....
[2025-03-10T21:11:15.970+0000] {logging_mixin.py:190} INFO - Batch Number 26 Loaded to Postgres.....
[2025-03-10T21:11:15.994+0000] {logging_mixin.py:190} INFO - Batch Number 27 Loaded to Postgres.....
[2025-03-10T21:11:16.017+0000] {logging_mixin.py:190} INFO - Batch Number 28 Loaded to Postgres.....
[2025-03-10T21:11:16.040+0000] {logging_mixin.py:190} INFO - Batch Number 29 Loaded to Postgres.....
[2025-03-10T21:11:16.064+0000] {logging_mixin.py:190} INFO - Batch Number 30 Loaded to Postgres.....
[2025-03-10T21:11:16.087+0000] {logging_mixin.py:190} INFO - Batch Number 31 Loaded to Postgres.....
[2025-03-10T21:11:16.111+0000] {logging_mixin.py:190} INFO - Batch Number 32 Loaded to Postgres.....
[2025-03-10T21:11:16.134+0000] {logging_mixin.py:190} INFO - Batch Number 33 Loaded to Postgres.....
[2025-03-10T21:11:16.158+0000] {logging_mixin.py:190} INFO - Batch Number 34 Loaded to Postgres.....
[2025-03-10T21:11:16.181+0000] {logging_mixin.py:190} INFO - Batch Number 35 Loaded to Postgres.....
[2025-03-10T21:11:16.204+0000] {logging_mixin.py:190} INFO - Batch Number 36 Loaded to Postgres.....
[2025-03-10T21:11:16.228+0000] {logging_mixin.py:190} INFO - Batch Number 37 Loaded to Postgres.....
[2025-03-10T21:11:16.252+0000] {logging_mixin.py:190} INFO - Batch Number 38 Loaded to Postgres.....
[2025-03-10T21:11:16.279+0000] {logging_mixin.py:190} INFO - Batch Number 39 Loaded to Postgres.....
[2025-03-10T21:11:16.302+0000] {logging_mixin.py:190} INFO - Batch Number 40 Loaded to Postgres.....
[2025-03-10T21:11:16.326+0000] {logging_mixin.py:190} INFO - Batch Number 41 Loaded to Postgres.....
[2025-03-10T21:11:16.350+0000] {logging_mixin.py:190} INFO - Batch Number 42 Loaded to Postgres.....
[2025-03-10T21:11:16.373+0000] {logging_mixin.py:190} INFO - Batch Number 43 Loaded to Postgres.....
[2025-03-10T21:11:16.398+0000] {logging_mixin.py:190} INFO - Batch Number 44 Loaded to Postgres.....
[2025-03-10T21:11:16.421+0000] {logging_mixin.py:190} INFO - Batch Number 45 Loaded to Postgres.....
[2025-03-10T21:11:16.445+0000] {logging_mixin.py:190} INFO - Batch Number 46 Loaded to Postgres.....
[2025-03-10T21:11:16.469+0000] {logging_mixin.py:190} INFO - Batch Number 47 Loaded to Postgres.....
[2025-03-10T21:11:16.493+0000] {logging_mixin.py:190} INFO - Batch Number 48 Loaded to Postgres.....
[2025-03-10T21:11:16.516+0000] {logging_mixin.py:190} INFO - Batch Number 49 Loaded to Postgres.....
[2025-03-10T21:11:16.539+0000] {logging_mixin.py:190} INFO - Batch Number 50 Loaded to Postgres.....
[2025-03-10T21:11:16.563+0000] {logging_mixin.py:190} INFO - Batch Number 51 Loaded to Postgres.....
[2025-03-10T21:11:16.586+0000] {logging_mixin.py:190} INFO - Batch Number 52 Loaded to Postgres.....
[2025-03-10T21:11:16.610+0000] {logging_mixin.py:190} INFO - Batch Number 53 Loaded to Postgres.....
[2025-03-10T21:11:16.634+0000] {logging_mixin.py:190} INFO - Batch Number 54 Loaded to Postgres.....
[2025-03-10T21:11:16.657+0000] {logging_mixin.py:190} INFO - Batch Number 55 Loaded to Postgres.....
[2025-03-10T21:11:16.680+0000] {logging_mixin.py:190} INFO - Batch Number 56 Loaded to Postgres.....
[2025-03-10T21:11:16.703+0000] {logging_mixin.py:190} INFO - Batch Number 57 Loaded to Postgres.....
[2025-03-10T21:11:16.728+0000] {logging_mixin.py:190} INFO - Batch Number 58 Loaded to Postgres.....
[2025-03-10T21:11:16.752+0000] {logging_mixin.py:190} INFO - Batch Number 59 Loaded to Postgres.....
[2025-03-10T21:11:16.776+0000] {logging_mixin.py:190} INFO - Batch Number 60 Loaded to Postgres.....
[2025-03-10T21:11:16.800+0000] {logging_mixin.py:190} INFO - Batch Number 61 Loaded to Postgres.....
[2025-03-10T21:11:16.825+0000] {logging_mixin.py:190} INFO - Batch Number 62 Loaded to Postgres.....
[2025-03-10T21:11:16.849+0000] {logging_mixin.py:190} INFO - Batch Number 63 Loaded to Postgres.....
[2025-03-10T21:11:16.874+0000] {logging_mixin.py:190} INFO - Batch Number 64 Loaded to Postgres.....
[2025-03-10T21:11:16.899+0000] {logging_mixin.py:190} INFO - Batch Number 65 Loaded to Postgres.....
[2025-03-10T21:11:16.923+0000] {logging_mixin.py:190} INFO - Batch Number 66 Loaded to Postgres.....
[2025-03-10T21:11:16.948+0000] {logging_mixin.py:190} INFO - Batch Number 67 Loaded to Postgres.....
[2025-03-10T21:11:16.974+0000] {logging_mixin.py:190} INFO - Batch Number 68 Loaded to Postgres.....
[2025-03-10T21:11:16.997+0000] {logging_mixin.py:190} INFO - Batch Number 69 Loaded to Postgres.....
[2025-03-10T21:11:17.020+0000] {logging_mixin.py:190} INFO - Batch Number 70 Loaded to Postgres.....
[2025-03-10T21:11:17.047+0000] {logging_mixin.py:190} INFO - Batch Number 71 Loaded to Postgres.....
[2025-03-10T21:11:17.070+0000] {logging_mixin.py:190} INFO - Batch Number 72 Loaded to Postgres.....
[2025-03-10T21:11:17.093+0000] {logging_mixin.py:190} INFO - Batch Number 73 Loaded to Postgres.....
[2025-03-10T21:11:17.117+0000] {logging_mixin.py:190} INFO - Batch Number 74 Loaded to Postgres.....
[2025-03-10T21:11:17.141+0000] {logging_mixin.py:190} INFO - Batch Number 75 Loaded to Postgres.....
[2025-03-10T21:11:17.164+0000] {logging_mixin.py:190} INFO - Batch Number 76 Loaded to Postgres.....
[2025-03-10T21:11:17.190+0000] {logging_mixin.py:190} INFO - Batch Number 77 Loaded to Postgres.....
[2025-03-10T21:11:17.215+0000] {logging_mixin.py:190} INFO - Batch Number 78 Loaded to Postgres.....
[2025-03-10T21:11:17.239+0000] {logging_mixin.py:190} INFO - Batch Number 79 Loaded to Postgres.....
[2025-03-10T21:11:17.264+0000] {logging_mixin.py:190} INFO - Batch Number 80 Loaded to Postgres.....
[2025-03-10T21:11:17.290+0000] {logging_mixin.py:190} INFO - Batch Number 81 Loaded to Postgres.....
[2025-03-10T21:11:17.316+0000] {logging_mixin.py:190} INFO - Batch Number 82 Loaded to Postgres.....
[2025-03-10T21:11:17.340+0000] {logging_mixin.py:190} INFO - Batch Number 83 Loaded to Postgres.....
[2025-03-10T21:11:17.363+0000] {logging_mixin.py:190} INFO - Batch Number 84 Loaded to Postgres.....
[2025-03-10T21:11:17.386+0000] {logging_mixin.py:190} INFO - Batch Number 85 Loaded to Postgres.....
[2025-03-10T21:11:17.409+0000] {logging_mixin.py:190} INFO - Batch Number 86 Loaded to Postgres.....
[2025-03-10T21:11:17.433+0000] {logging_mixin.py:190} INFO - Batch Number 87 Loaded to Postgres.....
[2025-03-10T21:11:17.458+0000] {logging_mixin.py:190} INFO - Batch Number 88 Loaded to Postgres.....
[2025-03-10T21:11:17.482+0000] {logging_mixin.py:190} INFO - Batch Number 89 Loaded to Postgres.....
[2025-03-10T21:11:17.505+0000] {logging_mixin.py:190} INFO - Batch Number 90 Loaded to Postgres.....
[2025-03-10T21:11:17.528+0000] {logging_mixin.py:190} INFO - Batch Number 91 Loaded to Postgres.....
[2025-03-10T21:11:17.551+0000] {logging_mixin.py:190} INFO - Batch Number 92 Loaded to Postgres.....
[2025-03-10T21:11:17.574+0000] {logging_mixin.py:190} INFO - Batch Number 93 Loaded to Postgres.....
[2025-03-10T21:11:17.597+0000] {logging_mixin.py:190} INFO - Batch Number 94 Loaded to Postgres.....
[2025-03-10T21:11:17.621+0000] {logging_mixin.py:190} INFO - Batch Number 95 Loaded to Postgres.....
[2025-03-10T21:11:17.649+0000] {logging_mixin.py:190} INFO - Batch Number 96 Loaded to Postgres.....
[2025-03-10T21:11:17.672+0000] {logging_mixin.py:190} INFO - Batch Number 97 Loaded to Postgres.....
[2025-03-10T21:11:17.696+0000] {logging_mixin.py:190} INFO - Batch Number 98 Loaded to Postgres.....
[2025-03-10T21:11:17.725+0000] {logging_mixin.py:190} INFO - Batch Number 99 Loaded to Postgres.....
[2025-03-10T21:11:17.753+0000] {logging_mixin.py:190} INFO - Batch Number 100 Loaded to Postgres.....
[2025-03-10T21:11:17.763+0000] {logging_mixin.py:190} INFO - Batch Number 101 Loaded to Postgres.....
[2025-03-10T21:11:17.764+0000] {logging_mixin.py:190} INFO - Load is Complete
[2025-03-10T21:11:17.766+0000] {python.py:240} INFO - Done. Returned value was: None
[2025-03-10T21:11:17.774+0000] {taskinstance.py:341} INFO - ::group::Post task execution logs
[2025-03-10T21:11:17.774+0000] {taskinstance.py:353} INFO - Marking task as SUCCESS. dag_id=etl_nyc_fire_incidents_dag, task_id=load_data, run_id=scheduled__2025-03-10T21:10:00+00:00, execution_date=20250310T211000, start_date=20250310T211114, end_date=20250310T211117
[2025-03-10T21:11:17.790+0000] {logging_mixin.py:190} INFO - Task instance in success state
[2025-03-10T21:11:17.791+0000] {logging_mixin.py:190} INFO -  Previous state of the Task instance: running
[2025-03-10T21:11:17.791+0000] {logging_mixin.py:190} INFO - Dag name:etl_nyc_fire_incidents_dag queued_at:2025-03-10 21:11:00.190685+00:00
[2025-03-10T21:11:17.791+0000] {logging_mixin.py:190} INFO - Task hostname:544a43034a42 operator:PythonOperator
[2025-03-10T21:11:17.835+0000] {local_task_job_runner.py:266} INFO - Task exited with return code 0
[2025-03-10T21:11:17.852+0000] {taskinstance.py:3901} INFO - 0 downstream tasks scheduled from follow-on schedule check
[2025-03-10T21:11:17.854+0000] {local_task_job_runner.py:245} INFO - ::endgroup::
