[2025-03-09T17:17:59.638+0000] {local_task_job_runner.py:123} INFO - ::group::Pre task execution logs
[2025-03-09T17:17:59.658+0000] {taskinstance.py:2614} INFO - Dependencies all met for dep_context=non-requeueable deps ti=<TaskInstance: etl_fire_incidents_dag.load_data manual__2025-03-09T17:17:43.082444+00:00 [queued]>
[2025-03-09T17:17:59.667+0000] {taskinstance.py:2614} INFO - Dependencies all met for dep_context=requeueable deps ti=<TaskInstance: etl_fire_incidents_dag.load_data manual__2025-03-09T17:17:43.082444+00:00 [queued]>
[2025-03-09T17:17:59.667+0000] {taskinstance.py:2867} INFO - Starting attempt 1 of 2
[2025-03-09T17:17:59.682+0000] {taskinstance.py:2890} INFO - Executing <Task(PythonOperator): load_data> on 2025-03-09 17:17:43.082444+00:00
[2025-03-09T17:17:59.690+0000] {warnings.py:112} WARNING - /home/***/.local/lib/python3.12/site-packages/***/task/task_runner/standard_task_runner.py:70: DeprecationWarning: This process (pid=19089) is multi-threaded, use of fork() may lead to deadlocks in the child.
  pid = os.fork()

[2025-03-09T17:17:59.692+0000] {standard_task_runner.py:72} INFO - Started process 19098 to run task
[2025-03-09T17:17:59.692+0000] {standard_task_runner.py:104} INFO - Running: ['***', 'tasks', 'run', 'etl_fire_incidents_dag', 'load_data', 'manual__2025-03-09T17:17:43.082444+00:00', '--job-id', '553', '--raw', '--subdir', 'DAGS_FOLDER/fire_incidents_dag.py', '--cfg-path', '/tmp/tmpe60txdrt']
[2025-03-09T17:17:59.693+0000] {standard_task_runner.py:105} INFO - Job 553: Subtask load_data
[2025-03-09T17:17:59.738+0000] {task_command.py:467} INFO - Running <TaskInstance: etl_fire_incidents_dag.load_data manual__2025-03-09T17:17:43.082444+00:00 [running]> on host fad361e322ea
[2025-03-09T17:17:59.819+0000] {taskinstance.py:3134} INFO - Exporting env vars: AIRFLOW_CTX_DAG_EMAIL='***@***.com' AIRFLOW_CTX_DAG_OWNER='***' AIRFLOW_CTX_DAG_ID='etl_fire_incidents_dag' AIRFLOW_CTX_TASK_ID='load_data' AIRFLOW_CTX_EXECUTION_DATE='2025-03-09T17:17:43.082444+00:00' AIRFLOW_CTX_TRY_NUMBER='1' AIRFLOW_CTX_DAG_RUN_ID='manual__2025-03-09T17:17:43.082444+00:00'
[2025-03-09T17:17:59.821+0000] {logging_mixin.py:190} INFO - Task instance is in running state
[2025-03-09T17:17:59.821+0000] {logging_mixin.py:190} INFO -  Previous state of the Task instance: queued
[2025-03-09T17:17:59.821+0000] {logging_mixin.py:190} INFO - Current task name:load_data state:running start_date:2025-03-09 17:17:59.658403+00:00
[2025-03-09T17:17:59.821+0000] {logging_mixin.py:190} INFO - Dag name:etl_fire_incidents_dag and current dag run status:running
[2025-03-09T17:17:59.821+0000] {taskinstance.py:732} INFO - ::endgroup::
[2025-03-09T17:17:59.907+0000] {logging_mixin.py:190} INFO - Loading NYC Fire Incidents Data to Postgres DB....
[2025-03-09T17:17:59.919+0000] {warnings.py:112} WARNING - /opt/***/dags/pull_fire_incidents.py:180: FutureWarning: Passing literal json to 'read_json' is deprecated and will be removed in a future version. To read from a literal string, wrap it in a 'StringIO' object.
  df = pd.read_json(load_data)

[2025-03-09T17:18:00.112+0000] {logging_mixin.py:190} INFO - 
CREATE TABLE fire_incidents_schema (
	starfire_incident_id TEXT, 
	incident_datetime TEXT, 
	alarm_box_borough TEXT, 
	alarm_box_number BIGINT, 
	alarm_box_location TEXT, 
	incident_borough TEXT, 
	zipcode FLOAT(53), 
	policeprecinct FLOAT(53), 
	citycouncildistrict FLOAT(53), 
	communitydistrict FLOAT(53), 
	communityschooldistrict FLOAT(53), 
	congressionaldistrict FLOAT(53), 
	alarm_source_description_tx TEXT, 
	alarm_level_index_description TEXT, 
	highest_alarm_level TEXT, 
	incident_classification TEXT, 
	incident_classification_group TEXT, 
	dispatch_response_seconds_qy BIGINT, 
	first_assignment_datetime TEXT, 
	first_activation_datetime TEXT, 
	incident_close_datetime TEXT, 
	valid_dispatch_rspns_time_indc TEXT, 
	valid_incident_rspns_time_indc TEXT, 
	incident_response_seconds_qy FLOAT(53), 
	incident_travel_tm_seconds_qy FLOAT(53), 
	engines_assigned_quantity BIGINT, 
	ladders_assigned_quantity BIGINT, 
	other_units_assigned_quantity BIGINT, 
	first_on_scene_datetime TEXT
)
[2025-03-09T17:18:00.204+0000] {logging_mixin.py:190} INFO - Batch Number 1 Loaded to Postgres.....
[2025-03-09T17:18:00.236+0000] {logging_mixin.py:190} INFO - Batch Number 2 Loaded to Postgres.....
[2025-03-09T17:18:00.263+0000] {logging_mixin.py:190} INFO - Batch Number 3 Loaded to Postgres.....
[2025-03-09T17:18:00.289+0000] {logging_mixin.py:190} INFO - Batch Number 4 Loaded to Postgres.....
[2025-03-09T17:18:00.317+0000] {logging_mixin.py:190} INFO - Batch Number 5 Loaded to Postgres.....
[2025-03-09T17:18:00.345+0000] {logging_mixin.py:190} INFO - Batch Number 6 Loaded to Postgres.....
[2025-03-09T17:18:00.371+0000] {logging_mixin.py:190} INFO - Batch Number 7 Loaded to Postgres.....
[2025-03-09T17:18:00.398+0000] {logging_mixin.py:190} INFO - Batch Number 8 Loaded to Postgres.....
[2025-03-09T17:18:00.427+0000] {logging_mixin.py:190} INFO - Batch Number 9 Loaded to Postgres.....
[2025-03-09T17:18:00.454+0000] {logging_mixin.py:190} INFO - Batch Number 10 Loaded to Postgres.....
[2025-03-09T17:18:00.479+0000] {logging_mixin.py:190} INFO - Batch Number 11 Loaded to Postgres.....
[2025-03-09T17:18:00.505+0000] {logging_mixin.py:190} INFO - Batch Number 12 Loaded to Postgres.....
[2025-03-09T17:18:00.532+0000] {logging_mixin.py:190} INFO - Batch Number 13 Loaded to Postgres.....
[2025-03-09T17:18:00.557+0000] {logging_mixin.py:190} INFO - Batch Number 14 Loaded to Postgres.....
[2025-03-09T17:18:00.583+0000] {logging_mixin.py:190} INFO - Batch Number 15 Loaded to Postgres.....
[2025-03-09T17:18:00.613+0000] {logging_mixin.py:190} INFO - Batch Number 16 Loaded to Postgres.....
[2025-03-09T17:18:00.640+0000] {logging_mixin.py:190} INFO - Batch Number 17 Loaded to Postgres.....
[2025-03-09T17:18:00.672+0000] {logging_mixin.py:190} INFO - Batch Number 18 Loaded to Postgres.....
[2025-03-09T17:18:00.699+0000] {logging_mixin.py:190} INFO - Batch Number 19 Loaded to Postgres.....
[2025-03-09T17:18:00.724+0000] {logging_mixin.py:190} INFO - Batch Number 20 Loaded to Postgres.....
[2025-03-09T17:18:00.751+0000] {logging_mixin.py:190} INFO - Batch Number 21 Loaded to Postgres.....
[2025-03-09T17:18:00.776+0000] {logging_mixin.py:190} INFO - Batch Number 22 Loaded to Postgres.....
[2025-03-09T17:18:00.802+0000] {logging_mixin.py:190} INFO - Batch Number 23 Loaded to Postgres.....
[2025-03-09T17:18:00.831+0000] {logging_mixin.py:190} INFO - Batch Number 24 Loaded to Postgres.....
[2025-03-09T17:18:00.856+0000] {logging_mixin.py:190} INFO - Batch Number 25 Loaded to Postgres.....
[2025-03-09T17:18:00.883+0000] {logging_mixin.py:190} INFO - Batch Number 26 Loaded to Postgres.....
[2025-03-09T17:18:00.908+0000] {logging_mixin.py:190} INFO - Batch Number 27 Loaded to Postgres.....
[2025-03-09T17:18:00.935+0000] {logging_mixin.py:190} INFO - Batch Number 28 Loaded to Postgres.....
[2025-03-09T17:18:00.961+0000] {logging_mixin.py:190} INFO - Batch Number 29 Loaded to Postgres.....
[2025-03-09T17:18:00.986+0000] {logging_mixin.py:190} INFO - Batch Number 30 Loaded to Postgres.....
[2025-03-09T17:18:01.012+0000] {logging_mixin.py:190} INFO - Batch Number 31 Loaded to Postgres.....
[2025-03-09T17:18:01.036+0000] {logging_mixin.py:190} INFO - Batch Number 32 Loaded to Postgres.....
[2025-03-09T17:18:01.060+0000] {logging_mixin.py:190} INFO - Batch Number 33 Loaded to Postgres.....
[2025-03-09T17:18:01.086+0000] {logging_mixin.py:190} INFO - Batch Number 34 Loaded to Postgres.....
[2025-03-09T17:18:01.110+0000] {logging_mixin.py:190} INFO - Batch Number 35 Loaded to Postgres.....
[2025-03-09T17:18:01.135+0000] {logging_mixin.py:190} INFO - Batch Number 36 Loaded to Postgres.....
[2025-03-09T17:18:01.159+0000] {logging_mixin.py:190} INFO - Batch Number 37 Loaded to Postgres.....
[2025-03-09T17:18:01.184+0000] {logging_mixin.py:190} INFO - Batch Number 38 Loaded to Postgres.....
[2025-03-09T17:18:01.208+0000] {logging_mixin.py:190} INFO - Batch Number 39 Loaded to Postgres.....
[2025-03-09T17:18:01.234+0000] {logging_mixin.py:190} INFO - Batch Number 40 Loaded to Postgres.....
[2025-03-09T17:18:01.261+0000] {logging_mixin.py:190} INFO - Batch Number 41 Loaded to Postgres.....
[2025-03-09T17:18:01.286+0000] {logging_mixin.py:190} INFO - Batch Number 42 Loaded to Postgres.....
[2025-03-09T17:18:01.310+0000] {logging_mixin.py:190} INFO - Batch Number 43 Loaded to Postgres.....
[2025-03-09T17:18:01.334+0000] {logging_mixin.py:190} INFO - Batch Number 44 Loaded to Postgres.....
[2025-03-09T17:18:01.364+0000] {logging_mixin.py:190} INFO - Batch Number 45 Loaded to Postgres.....
[2025-03-09T17:18:01.388+0000] {logging_mixin.py:190} INFO - Batch Number 46 Loaded to Postgres.....
[2025-03-09T17:18:01.414+0000] {logging_mixin.py:190} INFO - Batch Number 47 Loaded to Postgres.....
[2025-03-09T17:18:01.441+0000] {logging_mixin.py:190} INFO - Batch Number 48 Loaded to Postgres.....
[2025-03-09T17:18:01.467+0000] {logging_mixin.py:190} INFO - Batch Number 49 Loaded to Postgres.....
[2025-03-09T17:18:01.492+0000] {logging_mixin.py:190} INFO - Batch Number 50 Loaded to Postgres.....
[2025-03-09T17:18:01.518+0000] {logging_mixin.py:190} INFO - Batch Number 51 Loaded to Postgres.....
[2025-03-09T17:18:01.542+0000] {logging_mixin.py:190} INFO - Batch Number 52 Loaded to Postgres.....
[2025-03-09T17:18:01.567+0000] {logging_mixin.py:190} INFO - Batch Number 53 Loaded to Postgres.....
[2025-03-09T17:18:01.592+0000] {logging_mixin.py:190} INFO - Batch Number 54 Loaded to Postgres.....
[2025-03-09T17:18:01.621+0000] {logging_mixin.py:190} INFO - Batch Number 55 Loaded to Postgres.....
[2025-03-09T17:18:01.649+0000] {logging_mixin.py:190} INFO - Batch Number 56 Loaded to Postgres.....
[2025-03-09T17:18:01.673+0000] {logging_mixin.py:190} INFO - Batch Number 57 Loaded to Postgres.....
[2025-03-09T17:18:01.701+0000] {logging_mixin.py:190} INFO - Batch Number 58 Loaded to Postgres.....
[2025-03-09T17:18:01.726+0000] {logging_mixin.py:190} INFO - Batch Number 59 Loaded to Postgres.....
[2025-03-09T17:18:01.752+0000] {logging_mixin.py:190} INFO - Batch Number 60 Loaded to Postgres.....
[2025-03-09T17:18:01.777+0000] {logging_mixin.py:190} INFO - Batch Number 61 Loaded to Postgres.....
[2025-03-09T17:18:01.802+0000] {logging_mixin.py:190} INFO - Batch Number 62 Loaded to Postgres.....
[2025-03-09T17:18:01.827+0000] {logging_mixin.py:190} INFO - Batch Number 63 Loaded to Postgres.....
[2025-03-09T17:18:01.851+0000] {logging_mixin.py:190} INFO - Batch Number 64 Loaded to Postgres.....
[2025-03-09T17:18:01.877+0000] {logging_mixin.py:190} INFO - Batch Number 65 Loaded to Postgres.....
[2025-03-09T17:18:01.904+0000] {logging_mixin.py:190} INFO - Batch Number 66 Loaded to Postgres.....
[2025-03-09T17:18:01.931+0000] {logging_mixin.py:190} INFO - Batch Number 67 Loaded to Postgres.....
[2025-03-09T17:18:01.959+0000] {logging_mixin.py:190} INFO - Batch Number 68 Loaded to Postgres.....
[2025-03-09T17:18:01.988+0000] {logging_mixin.py:190} INFO - Batch Number 69 Loaded to Postgres.....
[2025-03-09T17:18:02.021+0000] {logging_mixin.py:190} INFO - Batch Number 70 Loaded to Postgres.....
[2025-03-09T17:18:02.051+0000] {logging_mixin.py:190} INFO - Batch Number 71 Loaded to Postgres.....
[2025-03-09T17:18:02.087+0000] {logging_mixin.py:190} INFO - Batch Number 72 Loaded to Postgres.....
[2025-03-09T17:18:02.125+0000] {logging_mixin.py:190} INFO - Batch Number 73 Loaded to Postgres.....
[2025-03-09T17:18:02.157+0000] {logging_mixin.py:190} INFO - Batch Number 74 Loaded to Postgres.....
[2025-03-09T17:18:02.186+0000] {logging_mixin.py:190} INFO - Batch Number 75 Loaded to Postgres.....
[2025-03-09T17:18:02.213+0000] {logging_mixin.py:190} INFO - Batch Number 76 Loaded to Postgres.....
[2025-03-09T17:18:02.241+0000] {logging_mixin.py:190} INFO - Batch Number 77 Loaded to Postgres.....
[2025-03-09T17:18:02.274+0000] {logging_mixin.py:190} INFO - Batch Number 78 Loaded to Postgres.....
[2025-03-09T17:18:02.304+0000] {logging_mixin.py:190} INFO - Batch Number 79 Loaded to Postgres.....
[2025-03-09T17:18:02.333+0000] {logging_mixin.py:190} INFO - Batch Number 80 Loaded to Postgres.....
[2025-03-09T17:18:02.358+0000] {logging_mixin.py:190} INFO - Batch Number 81 Loaded to Postgres.....
[2025-03-09T17:18:02.385+0000] {logging_mixin.py:190} INFO - Batch Number 82 Loaded to Postgres.....
[2025-03-09T17:18:02.411+0000] {logging_mixin.py:190} INFO - Batch Number 83 Loaded to Postgres.....
[2025-03-09T17:18:02.440+0000] {logging_mixin.py:190} INFO - Batch Number 84 Loaded to Postgres.....
[2025-03-09T17:18:02.467+0000] {logging_mixin.py:190} INFO - Batch Number 85 Loaded to Postgres.....
[2025-03-09T17:18:02.497+0000] {logging_mixin.py:190} INFO - Batch Number 86 Loaded to Postgres.....
[2025-03-09T17:18:02.524+0000] {logging_mixin.py:190} INFO - Batch Number 87 Loaded to Postgres.....
[2025-03-09T17:18:02.552+0000] {logging_mixin.py:190} INFO - Batch Number 88 Loaded to Postgres.....
[2025-03-09T17:18:02.579+0000] {logging_mixin.py:190} INFO - Batch Number 89 Loaded to Postgres.....
[2025-03-09T17:18:02.611+0000] {logging_mixin.py:190} INFO - Batch Number 90 Loaded to Postgres.....
[2025-03-09T17:18:02.644+0000] {logging_mixin.py:190} INFO - Batch Number 91 Loaded to Postgres.....
[2025-03-09T17:18:02.670+0000] {logging_mixin.py:190} INFO - Batch Number 92 Loaded to Postgres.....
[2025-03-09T17:18:02.694+0000] {logging_mixin.py:190} INFO - Batch Number 93 Loaded to Postgres.....
[2025-03-09T17:18:02.720+0000] {logging_mixin.py:190} INFO - Batch Number 94 Loaded to Postgres.....
[2025-03-09T17:18:02.748+0000] {logging_mixin.py:190} INFO - Batch Number 95 Loaded to Postgres.....
[2025-03-09T17:18:02.774+0000] {logging_mixin.py:190} INFO - Batch Number 96 Loaded to Postgres.....
[2025-03-09T17:18:02.800+0000] {logging_mixin.py:190} INFO - Batch Number 97 Loaded to Postgres.....
[2025-03-09T17:18:02.828+0000] {logging_mixin.py:190} INFO - Batch Number 98 Loaded to Postgres.....
[2025-03-09T17:18:02.854+0000] {logging_mixin.py:190} INFO - Batch Number 99 Loaded to Postgres.....
[2025-03-09T17:18:02.878+0000] {logging_mixin.py:190} INFO - Batch Number 100 Loaded to Postgres.....
[2025-03-09T17:18:02.889+0000] {logging_mixin.py:190} INFO - Batch Number 101 Loaded to Postgres.....
[2025-03-09T17:18:02.889+0000] {logging_mixin.py:190} INFO - Load is Complete
[2025-03-09T17:18:02.893+0000] {python.py:240} INFO - Done. Returned value was: None
[2025-03-09T17:18:02.903+0000] {taskinstance.py:341} INFO - ::group::Post task execution logs
[2025-03-09T17:18:02.903+0000] {taskinstance.py:353} INFO - Marking task as SUCCESS. dag_id=etl_fire_incidents_dag, task_id=load_data, run_id=manual__2025-03-09T17:17:43.082444+00:00, execution_date=20250309T171743, start_date=20250309T171759, end_date=20250309T171802
[2025-03-09T17:18:02.927+0000] {logging_mixin.py:190} INFO - Task instance in success state
[2025-03-09T17:18:02.928+0000] {logging_mixin.py:190} INFO -  Previous state of the Task instance: running
[2025-03-09T17:18:02.928+0000] {logging_mixin.py:190} INFO - Dag name:etl_fire_incidents_dag queued_at:2025-03-09 17:17:43.094740+00:00
[2025-03-09T17:18:02.928+0000] {logging_mixin.py:190} INFO - Task hostname:fad361e322ea operator:PythonOperator
[2025-03-09T17:18:02.956+0000] {local_task_job_runner.py:266} INFO - Task exited with return code 0
[2025-03-09T17:18:02.977+0000] {taskinstance.py:3901} INFO - 0 downstream tasks scheduled from follow-on schedule check
[2025-03-09T17:18:02.982+0000] {local_task_job_runner.py:245} INFO - ::endgroup::
