[2025-02-28T14:03:18.340+0000] {processor.py:186} INFO - Started process (PID=106) to work on /home/airflow/.local/lib/python3.12/site-packages/airflow/example_dags/example_inlet_event_extra.py
[2025-02-28T14:03:18.341+0000] {processor.py:914} INFO - Processing file /home/airflow/.local/lib/python3.12/site-packages/airflow/example_dags/example_inlet_event_extra.py for tasks to queue
[2025-02-28T14:03:18.342+0000] {logging_mixin.py:190} INFO - [2025-02-28T14:03:18.342+0000] {dagbag.py:588} INFO - Filling up the DagBag from /home/airflow/.local/lib/python3.12/site-packages/airflow/example_dags/example_inlet_event_extra.py
[2025-02-28T14:03:18.766+0000] {processor.py:925} INFO - DAG(s) 'read_dataset_event', 'read_dataset_event_from_classic' retrieved from /home/airflow/.local/lib/python3.12/site-packages/airflow/example_dags/example_inlet_event_extra.py
[2025-02-28T14:03:19.010+0000] {logging_mixin.py:190} INFO - [2025-02-28T14:03:19.010+0000] {dag.py:3239} INFO - Sync 2 DAGs
[2025-02-28T14:03:19.032+0000] {logging_mixin.py:190} INFO - [2025-02-28T14:03:19.031+0000] {dag.py:4180} INFO - Setting next_dagrun for read_dataset_event to 2025-02-27 00:00:00+00:00, run_after=2025-02-28 00:00:00+00:00
[2025-02-28T14:03:19.038+0000] {logging_mixin.py:190} INFO - [2025-02-28T14:03:19.037+0000] {dag.py:4180} INFO - Setting next_dagrun for read_dataset_event_from_classic to 2025-02-27 00:00:00+00:00, run_after=2025-02-28 00:00:00+00:00
[2025-02-28T14:03:19.113+0000] {processor.py:208} INFO - Processing /home/airflow/.local/lib/python3.12/site-packages/airflow/example_dags/example_inlet_event_extra.py took 0.778 seconds
[2025-02-28T14:04:00.290+0000] {processor.py:186} INFO - Started process (PID=185) to work on /home/airflow/.local/lib/python3.12/site-packages/airflow/example_dags/example_inlet_event_extra.py
[2025-02-28T14:04:00.292+0000] {processor.py:914} INFO - Processing file /home/airflow/.local/lib/python3.12/site-packages/airflow/example_dags/example_inlet_event_extra.py for tasks to queue
[2025-02-28T14:04:00.293+0000] {logging_mixin.py:190} INFO - [2025-02-28T14:04:00.293+0000] {dagbag.py:588} INFO - Filling up the DagBag from /home/airflow/.local/lib/python3.12/site-packages/airflow/example_dags/example_inlet_event_extra.py
[2025-02-28T14:04:06.158+0000] {processor.py:925} INFO - DAG(s) 'read_dataset_event', 'read_dataset_event_from_classic' retrieved from /home/airflow/.local/lib/python3.12/site-packages/airflow/example_dags/example_inlet_event_extra.py
[2025-02-28T14:04:06.208+0000] {logging_mixin.py:190} INFO - [2025-02-28T14:04:06.208+0000] {dag.py:3239} INFO - Sync 2 DAGs
[2025-02-28T14:04:06.970+0000] {logging_mixin.py:190} INFO - [2025-02-28T14:04:06.970+0000] {dag.py:4180} INFO - Setting next_dagrun for read_dataset_event to 2025-02-27 00:00:00+00:00, run_after=2025-02-28 00:00:00+00:00
[2025-02-28T14:04:06.976+0000] {logging_mixin.py:190} INFO - [2025-02-28T14:04:06.976+0000] {dag.py:4180} INFO - Setting next_dagrun for read_dataset_event_from_classic to 2025-02-27 00:00:00+00:00, run_after=2025-02-28 00:00:00+00:00
[2025-02-28T14:04:07.194+0000] {processor.py:208} INFO - Processing /home/airflow/.local/lib/python3.12/site-packages/airflow/example_dags/example_inlet_event_extra.py took 6.909 seconds
[2025-02-28T14:04:37.387+0000] {processor.py:186} INFO - Started process (PID=255) to work on /home/airflow/.local/lib/python3.12/site-packages/airflow/example_dags/example_inlet_event_extra.py
[2025-02-28T14:04:37.388+0000] {processor.py:914} INFO - Processing file /home/airflow/.local/lib/python3.12/site-packages/airflow/example_dags/example_inlet_event_extra.py for tasks to queue
[2025-02-28T14:04:37.390+0000] {logging_mixin.py:190} INFO - [2025-02-28T14:04:37.390+0000] {dagbag.py:588} INFO - Filling up the DagBag from /home/airflow/.local/lib/python3.12/site-packages/airflow/example_dags/example_inlet_event_extra.py
[2025-02-28T14:04:38.107+0000] {processor.py:925} INFO - DAG(s) 'read_dataset_event_from_classic', 'read_dataset_event' retrieved from /home/airflow/.local/lib/python3.12/site-packages/airflow/example_dags/example_inlet_event_extra.py
[2025-02-28T14:04:38.121+0000] {logging_mixin.py:190} INFO - [2025-02-28T14:04:38.121+0000] {dag.py:3239} INFO - Sync 2 DAGs
[2025-02-28T14:04:38.140+0000] {logging_mixin.py:190} INFO - [2025-02-28T14:04:38.140+0000] {dag.py:4180} INFO - Setting next_dagrun for read_dataset_event to 2025-02-27 00:00:00+00:00, run_after=2025-02-28 00:00:00+00:00
[2025-02-28T14:04:38.144+0000] {logging_mixin.py:190} INFO - [2025-02-28T14:04:38.144+0000] {dag.py:4180} INFO - Setting next_dagrun for read_dataset_event_from_classic to 2025-02-27 00:00:00+00:00, run_after=2025-02-28 00:00:00+00:00
[2025-02-28T14:04:38.165+0000] {processor.py:208} INFO - Processing /home/airflow/.local/lib/python3.12/site-packages/airflow/example_dags/example_inlet_event_extra.py took 0.786 seconds
[2025-02-28T14:05:18.381+0000] {processor.py:186} INFO - Started process (PID=339) to work on /home/airflow/.local/lib/python3.12/site-packages/airflow/example_dags/example_inlet_event_extra.py
[2025-02-28T14:05:18.383+0000] {processor.py:914} INFO - Processing file /home/airflow/.local/lib/python3.12/site-packages/airflow/example_dags/example_inlet_event_extra.py for tasks to queue
[2025-02-28T14:05:18.385+0000] {logging_mixin.py:190} INFO - [2025-02-28T14:05:18.385+0000] {dagbag.py:588} INFO - Filling up the DagBag from /home/airflow/.local/lib/python3.12/site-packages/airflow/example_dags/example_inlet_event_extra.py
[2025-02-28T14:05:18.857+0000] {processor.py:925} INFO - DAG(s) 'read_dataset_event_from_classic', 'read_dataset_event' retrieved from /home/airflow/.local/lib/python3.12/site-packages/airflow/example_dags/example_inlet_event_extra.py
[2025-02-28T14:05:18.872+0000] {logging_mixin.py:190} INFO - [2025-02-28T14:05:18.872+0000] {dag.py:3239} INFO - Sync 2 DAGs
[2025-02-28T14:05:18.892+0000] {logging_mixin.py:190} INFO - [2025-02-28T14:05:18.892+0000] {dag.py:4180} INFO - Setting next_dagrun for read_dataset_event to 2025-02-27 00:00:00+00:00, run_after=2025-02-28 00:00:00+00:00
[2025-02-28T14:05:18.895+0000] {logging_mixin.py:190} INFO - [2025-02-28T14:05:18.895+0000] {dag.py:4180} INFO - Setting next_dagrun for read_dataset_event_from_classic to 2025-02-27 00:00:00+00:00, run_after=2025-02-28 00:00:00+00:00
[2025-02-28T14:05:18.907+0000] {processor.py:208} INFO - Processing /home/airflow/.local/lib/python3.12/site-packages/airflow/example_dags/example_inlet_event_extra.py took 0.532 seconds
[2025-02-28T14:05:49.370+0000] {processor.py:186} INFO - Started process (PID=405) to work on /home/airflow/.local/lib/python3.12/site-packages/airflow/example_dags/example_inlet_event_extra.py
[2025-02-28T14:05:49.371+0000] {processor.py:914} INFO - Processing file /home/airflow/.local/lib/python3.12/site-packages/airflow/example_dags/example_inlet_event_extra.py for tasks to queue
[2025-02-28T14:05:49.372+0000] {logging_mixin.py:190} INFO - [2025-02-28T14:05:49.372+0000] {dagbag.py:588} INFO - Filling up the DagBag from /home/airflow/.local/lib/python3.12/site-packages/airflow/example_dags/example_inlet_event_extra.py
[2025-02-28T14:05:49.778+0000] {processor.py:925} INFO - DAG(s) 'read_dataset_event', 'read_dataset_event_from_classic' retrieved from /home/airflow/.local/lib/python3.12/site-packages/airflow/example_dags/example_inlet_event_extra.py
[2025-02-28T14:05:49.792+0000] {logging_mixin.py:190} INFO - [2025-02-28T14:05:49.792+0000] {dag.py:3239} INFO - Sync 2 DAGs
[2025-02-28T14:05:49.810+0000] {logging_mixin.py:190} INFO - [2025-02-28T14:05:49.810+0000] {dag.py:4180} INFO - Setting next_dagrun for read_dataset_event to 2025-02-27 00:00:00+00:00, run_after=2025-02-28 00:00:00+00:00
[2025-02-28T14:05:49.814+0000] {logging_mixin.py:190} INFO - [2025-02-28T14:05:49.814+0000] {dag.py:4180} INFO - Setting next_dagrun for read_dataset_event_from_classic to 2025-02-27 00:00:00+00:00, run_after=2025-02-28 00:00:00+00:00
[2025-02-28T14:05:49.828+0000] {processor.py:208} INFO - Processing /home/airflow/.local/lib/python3.12/site-packages/airflow/example_dags/example_inlet_event_extra.py took 0.463 seconds
[2025-02-28T14:06:20.393+0000] {processor.py:186} INFO - Started process (PID=470) to work on /home/airflow/.local/lib/python3.12/site-packages/airflow/example_dags/example_inlet_event_extra.py
[2025-02-28T14:06:20.394+0000] {processor.py:914} INFO - Processing file /home/airflow/.local/lib/python3.12/site-packages/airflow/example_dags/example_inlet_event_extra.py for tasks to queue
[2025-02-28T14:06:20.396+0000] {logging_mixin.py:190} INFO - [2025-02-28T14:06:20.396+0000] {dagbag.py:588} INFO - Filling up the DagBag from /home/airflow/.local/lib/python3.12/site-packages/airflow/example_dags/example_inlet_event_extra.py
[2025-02-28T14:06:20.840+0000] {processor.py:925} INFO - DAG(s) 'read_dataset_event', 'read_dataset_event_from_classic' retrieved from /home/airflow/.local/lib/python3.12/site-packages/airflow/example_dags/example_inlet_event_extra.py
[2025-02-28T14:06:20.853+0000] {logging_mixin.py:190} INFO - [2025-02-28T14:06:20.853+0000] {dag.py:3239} INFO - Sync 2 DAGs
[2025-02-28T14:06:20.901+0000] {logging_mixin.py:190} INFO - [2025-02-28T14:06:20.900+0000] {dag.py:4180} INFO - Setting next_dagrun for read_dataset_event to 2025-02-27 00:00:00+00:00, run_after=2025-02-28 00:00:00+00:00
[2025-02-28T14:06:20.908+0000] {logging_mixin.py:190} INFO - [2025-02-28T14:06:20.907+0000] {dag.py:4180} INFO - Setting next_dagrun for read_dataset_event_from_classic to 2025-02-27 00:00:00+00:00, run_after=2025-02-28 00:00:00+00:00
[2025-02-28T14:06:20.927+0000] {processor.py:208} INFO - Processing /home/airflow/.local/lib/python3.12/site-packages/airflow/example_dags/example_inlet_event_extra.py took 0.538 seconds
[2025-02-28T14:06:51.864+0000] {processor.py:186} INFO - Started process (PID=534) to work on /home/airflow/.local/lib/python3.12/site-packages/airflow/example_dags/example_inlet_event_extra.py
[2025-02-28T14:06:51.865+0000] {processor.py:914} INFO - Processing file /home/airflow/.local/lib/python3.12/site-packages/airflow/example_dags/example_inlet_event_extra.py for tasks to queue
[2025-02-28T14:06:51.867+0000] {logging_mixin.py:190} INFO - [2025-02-28T14:06:51.866+0000] {dagbag.py:588} INFO - Filling up the DagBag from /home/airflow/.local/lib/python3.12/site-packages/airflow/example_dags/example_inlet_event_extra.py
[2025-02-28T14:06:52.341+0000] {processor.py:925} INFO - DAG(s) 'read_dataset_event_from_classic', 'read_dataset_event' retrieved from /home/airflow/.local/lib/python3.12/site-packages/airflow/example_dags/example_inlet_event_extra.py
[2025-02-28T14:06:52.355+0000] {logging_mixin.py:190} INFO - [2025-02-28T14:06:52.355+0000] {dag.py:3239} INFO - Sync 2 DAGs
[2025-02-28T14:06:52.373+0000] {logging_mixin.py:190} INFO - [2025-02-28T14:06:52.372+0000] {dag.py:4180} INFO - Setting next_dagrun for read_dataset_event to 2025-02-27 00:00:00+00:00, run_after=2025-02-28 00:00:00+00:00
[2025-02-28T14:06:52.376+0000] {logging_mixin.py:190} INFO - [2025-02-28T14:06:52.376+0000] {dag.py:4180} INFO - Setting next_dagrun for read_dataset_event_from_classic to 2025-02-27 00:00:00+00:00, run_after=2025-02-28 00:00:00+00:00
[2025-02-28T14:06:52.387+0000] {processor.py:208} INFO - Processing /home/airflow/.local/lib/python3.12/site-packages/airflow/example_dags/example_inlet_event_extra.py took 0.529 seconds
[2025-02-28T22:42:09.487+0000] {processor.py:186} INFO - Started process (PID=93) to work on /home/airflow/.local/lib/python3.12/site-packages/airflow/example_dags/example_inlet_event_extra.py
[2025-02-28T22:42:09.488+0000] {processor.py:914} INFO - Processing file /home/airflow/.local/lib/python3.12/site-packages/airflow/example_dags/example_inlet_event_extra.py for tasks to queue
[2025-02-28T22:42:09.493+0000] {logging_mixin.py:190} INFO - [2025-02-28T22:42:09.492+0000] {dagbag.py:588} INFO - Filling up the DagBag from /home/airflow/.local/lib/python3.12/site-packages/airflow/example_dags/example_inlet_event_extra.py
[2025-02-28T22:42:10.105+0000] {processor.py:925} INFO - DAG(s) 'read_dataset_event', 'read_dataset_event_from_classic' retrieved from /home/airflow/.local/lib/python3.12/site-packages/airflow/example_dags/example_inlet_event_extra.py
[2025-02-28T22:42:10.119+0000] {logging_mixin.py:190} INFO - [2025-02-28T22:42:10.119+0000] {dag.py:3239} INFO - Sync 2 DAGs
[2025-02-28T22:42:10.139+0000] {logging_mixin.py:190} INFO - [2025-02-28T22:42:10.139+0000] {dag.py:4180} INFO - Setting next_dagrun for read_dataset_event to 2025-02-27 00:00:00+00:00, run_after=2025-02-28 00:00:00+00:00
[2025-02-28T22:42:10.143+0000] {logging_mixin.py:190} INFO - [2025-02-28T22:42:10.143+0000] {dag.py:4180} INFO - Setting next_dagrun for read_dataset_event_from_classic to 2025-02-27 00:00:00+00:00, run_after=2025-02-28 00:00:00+00:00
[2025-02-28T22:42:10.157+0000] {processor.py:208} INFO - Processing /home/airflow/.local/lib/python3.12/site-packages/airflow/example_dags/example_inlet_event_extra.py took 0.677 seconds
[2025-02-28T22:47:18.996+0000] {processor.py:186} INFO - Started process (PID=93) to work on /home/airflow/.local/lib/python3.12/site-packages/airflow/example_dags/example_inlet_event_extra.py
[2025-02-28T22:47:18.997+0000] {processor.py:914} INFO - Processing file /home/airflow/.local/lib/python3.12/site-packages/airflow/example_dags/example_inlet_event_extra.py for tasks to queue
[2025-02-28T22:47:18.999+0000] {logging_mixin.py:190} INFO - [2025-02-28T22:47:18.998+0000] {dagbag.py:588} INFO - Filling up the DagBag from /home/airflow/.local/lib/python3.12/site-packages/airflow/example_dags/example_inlet_event_extra.py
[2025-02-28T22:47:19.516+0000] {processor.py:925} INFO - DAG(s) 'read_dataset_event_from_classic', 'read_dataset_event' retrieved from /home/airflow/.local/lib/python3.12/site-packages/airflow/example_dags/example_inlet_event_extra.py
[2025-02-28T22:47:19.531+0000] {logging_mixin.py:190} INFO - [2025-02-28T22:47:19.531+0000] {dag.py:3239} INFO - Sync 2 DAGs
[2025-02-28T22:47:19.551+0000] {logging_mixin.py:190} INFO - [2025-02-28T22:47:19.551+0000] {dag.py:4180} INFO - Setting next_dagrun for read_dataset_event to 2025-02-27 00:00:00+00:00, run_after=2025-02-28 00:00:00+00:00
[2025-02-28T22:47:19.555+0000] {logging_mixin.py:190} INFO - [2025-02-28T22:47:19.555+0000] {dag.py:4180} INFO - Setting next_dagrun for read_dataset_event_from_classic to 2025-02-27 00:00:00+00:00, run_after=2025-02-28 00:00:00+00:00
[2025-02-28T22:47:19.566+0000] {processor.py:208} INFO - Processing /home/airflow/.local/lib/python3.12/site-packages/airflow/example_dags/example_inlet_event_extra.py took 0.574 seconds
[2025-02-28T22:47:49.702+0000] {processor.py:186} INFO - Started process (PID=157) to work on /home/airflow/.local/lib/python3.12/site-packages/airflow/example_dags/example_inlet_event_extra.py
[2025-02-28T22:47:49.703+0000] {processor.py:914} INFO - Processing file /home/airflow/.local/lib/python3.12/site-packages/airflow/example_dags/example_inlet_event_extra.py for tasks to queue
[2025-02-28T22:47:49.704+0000] {logging_mixin.py:190} INFO - [2025-02-28T22:47:49.704+0000] {dagbag.py:588} INFO - Filling up the DagBag from /home/airflow/.local/lib/python3.12/site-packages/airflow/example_dags/example_inlet_event_extra.py
[2025-02-28T22:47:50.130+0000] {processor.py:925} INFO - DAG(s) 'read_dataset_event', 'read_dataset_event_from_classic' retrieved from /home/airflow/.local/lib/python3.12/site-packages/airflow/example_dags/example_inlet_event_extra.py
[2025-02-28T22:47:50.145+0000] {logging_mixin.py:190} INFO - [2025-02-28T22:47:50.145+0000] {dag.py:3239} INFO - Sync 2 DAGs
[2025-02-28T22:47:50.168+0000] {logging_mixin.py:190} INFO - [2025-02-28T22:47:50.168+0000] {dag.py:4180} INFO - Setting next_dagrun for read_dataset_event to 2025-02-27 00:00:00+00:00, run_after=2025-02-28 00:00:00+00:00
[2025-02-28T22:47:50.172+0000] {logging_mixin.py:190} INFO - [2025-02-28T22:47:50.172+0000] {dag.py:4180} INFO - Setting next_dagrun for read_dataset_event_from_classic to 2025-02-27 00:00:00+00:00, run_after=2025-02-28 00:00:00+00:00
[2025-02-28T22:47:50.185+0000] {processor.py:208} INFO - Processing /home/airflow/.local/lib/python3.12/site-packages/airflow/example_dags/example_inlet_event_extra.py took 0.487 seconds
[2025-02-28T22:48:20.483+0000] {processor.py:186} INFO - Started process (PID=221) to work on /home/airflow/.local/lib/python3.12/site-packages/airflow/example_dags/example_inlet_event_extra.py
[2025-02-28T22:48:20.484+0000] {processor.py:914} INFO - Processing file /home/airflow/.local/lib/python3.12/site-packages/airflow/example_dags/example_inlet_event_extra.py for tasks to queue
[2025-02-28T22:48:20.485+0000] {logging_mixin.py:190} INFO - [2025-02-28T22:48:20.485+0000] {dagbag.py:588} INFO - Filling up the DagBag from /home/airflow/.local/lib/python3.12/site-packages/airflow/example_dags/example_inlet_event_extra.py
[2025-02-28T22:48:20.919+0000] {processor.py:925} INFO - DAG(s) 'read_dataset_event', 'read_dataset_event_from_classic' retrieved from /home/airflow/.local/lib/python3.12/site-packages/airflow/example_dags/example_inlet_event_extra.py
[2025-02-28T22:48:20.933+0000] {logging_mixin.py:190} INFO - [2025-02-28T22:48:20.933+0000] {dag.py:3239} INFO - Sync 2 DAGs
[2025-02-28T22:48:20.953+0000] {logging_mixin.py:190} INFO - [2025-02-28T22:48:20.952+0000] {dag.py:4180} INFO - Setting next_dagrun for read_dataset_event to 2025-02-27 00:00:00+00:00, run_after=2025-02-28 00:00:00+00:00
[2025-02-28T22:48:20.957+0000] {logging_mixin.py:190} INFO - [2025-02-28T22:48:20.956+0000] {dag.py:4180} INFO - Setting next_dagrun for read_dataset_event_from_classic to 2025-02-27 00:00:00+00:00, run_after=2025-02-28 00:00:00+00:00
[2025-02-28T22:48:20.969+0000] {processor.py:208} INFO - Processing /home/airflow/.local/lib/python3.12/site-packages/airflow/example_dags/example_inlet_event_extra.py took 0.490 seconds
[2025-02-28T22:48:51.136+0000] {processor.py:186} INFO - Started process (PID=285) to work on /home/airflow/.local/lib/python3.12/site-packages/airflow/example_dags/example_inlet_event_extra.py
[2025-02-28T22:48:51.137+0000] {processor.py:914} INFO - Processing file /home/airflow/.local/lib/python3.12/site-packages/airflow/example_dags/example_inlet_event_extra.py for tasks to queue
[2025-02-28T22:48:51.139+0000] {logging_mixin.py:190} INFO - [2025-02-28T22:48:51.138+0000] {dagbag.py:588} INFO - Filling up the DagBag from /home/airflow/.local/lib/python3.12/site-packages/airflow/example_dags/example_inlet_event_extra.py
[2025-02-28T22:48:51.674+0000] {processor.py:925} INFO - DAG(s) 'read_dataset_event', 'read_dataset_event_from_classic' retrieved from /home/airflow/.local/lib/python3.12/site-packages/airflow/example_dags/example_inlet_event_extra.py
[2025-02-28T22:48:51.690+0000] {logging_mixin.py:190} INFO - [2025-02-28T22:48:51.690+0000] {dag.py:3239} INFO - Sync 2 DAGs
[2025-02-28T22:48:51.712+0000] {logging_mixin.py:190} INFO - [2025-02-28T22:48:51.712+0000] {dag.py:4180} INFO - Setting next_dagrun for read_dataset_event to 2025-02-27 00:00:00+00:00, run_after=2025-02-28 00:00:00+00:00
[2025-02-28T22:48:51.718+0000] {logging_mixin.py:190} INFO - [2025-02-28T22:48:51.717+0000] {dag.py:4180} INFO - Setting next_dagrun for read_dataset_event_from_classic to 2025-02-27 00:00:00+00:00, run_after=2025-02-28 00:00:00+00:00
[2025-02-28T22:48:51.736+0000] {processor.py:208} INFO - Processing /home/airflow/.local/lib/python3.12/site-packages/airflow/example_dags/example_inlet_event_extra.py took 0.605 seconds
[2025-02-28T22:49:22.642+0000] {processor.py:186} INFO - Started process (PID=349) to work on /home/airflow/.local/lib/python3.12/site-packages/airflow/example_dags/example_inlet_event_extra.py
[2025-02-28T22:49:22.642+0000] {processor.py:914} INFO - Processing file /home/airflow/.local/lib/python3.12/site-packages/airflow/example_dags/example_inlet_event_extra.py for tasks to queue
[2025-02-28T22:49:22.644+0000] {logging_mixin.py:190} INFO - [2025-02-28T22:49:22.644+0000] {dagbag.py:588} INFO - Filling up the DagBag from /home/airflow/.local/lib/python3.12/site-packages/airflow/example_dags/example_inlet_event_extra.py
[2025-02-28T22:49:23.165+0000] {processor.py:925} INFO - DAG(s) 'read_dataset_event', 'read_dataset_event_from_classic' retrieved from /home/airflow/.local/lib/python3.12/site-packages/airflow/example_dags/example_inlet_event_extra.py
[2025-02-28T22:49:23.178+0000] {logging_mixin.py:190} INFO - [2025-02-28T22:49:23.178+0000] {dag.py:3239} INFO - Sync 2 DAGs
[2025-02-28T22:49:23.195+0000] {logging_mixin.py:190} INFO - [2025-02-28T22:49:23.195+0000] {dag.py:4180} INFO - Setting next_dagrun for read_dataset_event to 2025-02-27 00:00:00+00:00, run_after=2025-02-28 00:00:00+00:00
[2025-02-28T22:49:23.200+0000] {logging_mixin.py:190} INFO - [2025-02-28T22:49:23.200+0000] {dag.py:4180} INFO - Setting next_dagrun for read_dataset_event_from_classic to 2025-02-27 00:00:00+00:00, run_after=2025-02-28 00:00:00+00:00
[2025-02-28T22:49:23.216+0000] {processor.py:208} INFO - Processing /home/airflow/.local/lib/python3.12/site-packages/airflow/example_dags/example_inlet_event_extra.py took 0.580 seconds
[2025-02-28T22:49:53.707+0000] {processor.py:186} INFO - Started process (PID=413) to work on /home/airflow/.local/lib/python3.12/site-packages/airflow/example_dags/example_inlet_event_extra.py
[2025-02-28T22:49:53.707+0000] {processor.py:914} INFO - Processing file /home/airflow/.local/lib/python3.12/site-packages/airflow/example_dags/example_inlet_event_extra.py for tasks to queue
[2025-02-28T22:49:53.709+0000] {logging_mixin.py:190} INFO - [2025-02-28T22:49:53.709+0000] {dagbag.py:588} INFO - Filling up the DagBag from /home/airflow/.local/lib/python3.12/site-packages/airflow/example_dags/example_inlet_event_extra.py
[2025-02-28T22:49:54.167+0000] {processor.py:925} INFO - DAG(s) 'read_dataset_event_from_classic', 'read_dataset_event' retrieved from /home/airflow/.local/lib/python3.12/site-packages/airflow/example_dags/example_inlet_event_extra.py
[2025-02-28T22:49:54.182+0000] {logging_mixin.py:190} INFO - [2025-02-28T22:49:54.182+0000] {dag.py:3239} INFO - Sync 2 DAGs
[2025-02-28T22:49:54.206+0000] {logging_mixin.py:190} INFO - [2025-02-28T22:49:54.206+0000] {dag.py:4180} INFO - Setting next_dagrun for read_dataset_event to 2025-02-27 00:00:00+00:00, run_after=2025-02-28 00:00:00+00:00
[2025-02-28T22:49:54.212+0000] {logging_mixin.py:190} INFO - [2025-02-28T22:49:54.211+0000] {dag.py:4180} INFO - Setting next_dagrun for read_dataset_event_from_classic to 2025-02-27 00:00:00+00:00, run_after=2025-02-28 00:00:00+00:00
[2025-02-28T22:49:54.281+0000] {processor.py:208} INFO - Processing /home/airflow/.local/lib/python3.12/site-packages/airflow/example_dags/example_inlet_event_extra.py took 0.579 seconds
[2025-02-28T22:50:25.195+0000] {processor.py:186} INFO - Started process (PID=477) to work on /home/airflow/.local/lib/python3.12/site-packages/airflow/example_dags/example_inlet_event_extra.py
[2025-02-28T22:50:25.196+0000] {processor.py:914} INFO - Processing file /home/airflow/.local/lib/python3.12/site-packages/airflow/example_dags/example_inlet_event_extra.py for tasks to queue
[2025-02-28T22:50:25.320+0000] {logging_mixin.py:190} INFO - [2025-02-28T22:50:25.320+0000] {dagbag.py:588} INFO - Filling up the DagBag from /home/airflow/.local/lib/python3.12/site-packages/airflow/example_dags/example_inlet_event_extra.py
[2025-02-28T22:50:25.795+0000] {processor.py:925} INFO - DAG(s) 'read_dataset_event_from_classic', 'read_dataset_event' retrieved from /home/airflow/.local/lib/python3.12/site-packages/airflow/example_dags/example_inlet_event_extra.py
[2025-02-28T22:50:25.809+0000] {logging_mixin.py:190} INFO - [2025-02-28T22:50:25.809+0000] {dag.py:3239} INFO - Sync 2 DAGs
[2025-02-28T22:50:25.827+0000] {logging_mixin.py:190} INFO - [2025-02-28T22:50:25.827+0000] {dag.py:4180} INFO - Setting next_dagrun for read_dataset_event to 2025-02-27 00:00:00+00:00, run_after=2025-02-28 00:00:00+00:00
[2025-02-28T22:50:25.831+0000] {logging_mixin.py:190} INFO - [2025-02-28T22:50:25.831+0000] {dag.py:4180} INFO - Setting next_dagrun for read_dataset_event_from_classic to 2025-02-27 00:00:00+00:00, run_after=2025-02-28 00:00:00+00:00
[2025-02-28T22:50:25.847+0000] {processor.py:208} INFO - Processing /home/airflow/.local/lib/python3.12/site-packages/airflow/example_dags/example_inlet_event_extra.py took 0.660 seconds
[2025-02-28T22:50:56.343+0000] {processor.py:186} INFO - Started process (PID=547) to work on /home/airflow/.local/lib/python3.12/site-packages/airflow/example_dags/example_inlet_event_extra.py
[2025-02-28T22:50:56.344+0000] {processor.py:914} INFO - Processing file /home/airflow/.local/lib/python3.12/site-packages/airflow/example_dags/example_inlet_event_extra.py for tasks to queue
[2025-02-28T22:50:56.345+0000] {logging_mixin.py:190} INFO - [2025-02-28T22:50:56.345+0000] {dagbag.py:588} INFO - Filling up the DagBag from /home/airflow/.local/lib/python3.12/site-packages/airflow/example_dags/example_inlet_event_extra.py
[2025-02-28T22:50:56.783+0000] {processor.py:925} INFO - DAG(s) 'read_dataset_event', 'read_dataset_event_from_classic' retrieved from /home/airflow/.local/lib/python3.12/site-packages/airflow/example_dags/example_inlet_event_extra.py
[2025-02-28T22:50:56.801+0000] {logging_mixin.py:190} INFO - [2025-02-28T22:50:56.801+0000] {dag.py:3239} INFO - Sync 2 DAGs
[2025-02-28T22:50:56.819+0000] {logging_mixin.py:190} INFO - [2025-02-28T22:50:56.819+0000] {dag.py:4180} INFO - Setting next_dagrun for read_dataset_event to 2025-02-27 00:00:00+00:00, run_after=2025-02-28 00:00:00+00:00
[2025-02-28T22:50:56.823+0000] {logging_mixin.py:190} INFO - [2025-02-28T22:50:56.823+0000] {dag.py:4180} INFO - Setting next_dagrun for read_dataset_event_from_classic to 2025-02-27 00:00:00+00:00, run_after=2025-02-28 00:00:00+00:00
[2025-02-28T22:50:56.836+0000] {processor.py:208} INFO - Processing /home/airflow/.local/lib/python3.12/site-packages/airflow/example_dags/example_inlet_event_extra.py took 0.498 seconds
[2025-02-28T22:52:25.117+0000] {processor.py:186} INFO - Started process (PID=93) to work on /home/airflow/.local/lib/python3.12/site-packages/airflow/example_dags/example_inlet_event_extra.py
[2025-02-28T22:52:25.192+0000] {processor.py:914} INFO - Processing file /home/airflow/.local/lib/python3.12/site-packages/airflow/example_dags/example_inlet_event_extra.py for tasks to queue
[2025-02-28T22:52:25.194+0000] {logging_mixin.py:190} INFO - [2025-02-28T22:52:25.194+0000] {dagbag.py:588} INFO - Filling up the DagBag from /home/airflow/.local/lib/python3.12/site-packages/airflow/example_dags/example_inlet_event_extra.py
[2025-02-28T22:52:25.664+0000] {processor.py:925} INFO - DAG(s) 'read_dataset_event_from_classic', 'read_dataset_event' retrieved from /home/airflow/.local/lib/python3.12/site-packages/airflow/example_dags/example_inlet_event_extra.py
[2025-02-28T22:52:25.677+0000] {logging_mixin.py:190} INFO - [2025-02-28T22:52:25.677+0000] {dag.py:3239} INFO - Sync 2 DAGs
[2025-02-28T22:52:25.695+0000] {logging_mixin.py:190} INFO - [2025-02-28T22:52:25.695+0000] {dag.py:4180} INFO - Setting next_dagrun for read_dataset_event to 2025-02-27 00:00:00+00:00, run_after=2025-02-28 00:00:00+00:00
[2025-02-28T22:52:25.699+0000] {logging_mixin.py:190} INFO - [2025-02-28T22:52:25.699+0000] {dag.py:4180} INFO - Setting next_dagrun for read_dataset_event_from_classic to 2025-02-27 00:00:00+00:00, run_after=2025-02-28 00:00:00+00:00
[2025-02-28T22:52:25.710+0000] {processor.py:208} INFO - Processing /home/airflow/.local/lib/python3.12/site-packages/airflow/example_dags/example_inlet_event_extra.py took 0.598 seconds
[2025-02-28T22:52:57.863+0000] {processor.py:186} INFO - Started process (PID=157) to work on /home/airflow/.local/lib/python3.12/site-packages/airflow/example_dags/example_inlet_event_extra.py
[2025-02-28T22:52:57.864+0000] {processor.py:914} INFO - Processing file /home/airflow/.local/lib/python3.12/site-packages/airflow/example_dags/example_inlet_event_extra.py for tasks to queue
[2025-02-28T22:52:57.866+0000] {logging_mixin.py:190} INFO - [2025-02-28T22:52:57.865+0000] {dagbag.py:588} INFO - Filling up the DagBag from /home/airflow/.local/lib/python3.12/site-packages/airflow/example_dags/example_inlet_event_extra.py
[2025-02-28T22:52:58.299+0000] {processor.py:925} INFO - DAG(s) 'read_dataset_event_from_classic', 'read_dataset_event' retrieved from /home/airflow/.local/lib/python3.12/site-packages/airflow/example_dags/example_inlet_event_extra.py
[2025-02-28T22:52:58.315+0000] {logging_mixin.py:190} INFO - [2025-02-28T22:52:58.314+0000] {dag.py:3239} INFO - Sync 2 DAGs
[2025-02-28T22:52:58.336+0000] {logging_mixin.py:190} INFO - [2025-02-28T22:52:58.336+0000] {dag.py:4180} INFO - Setting next_dagrun for read_dataset_event to 2025-02-27 00:00:00+00:00, run_after=2025-02-28 00:00:00+00:00
[2025-02-28T22:52:58.341+0000] {logging_mixin.py:190} INFO - [2025-02-28T22:52:58.341+0000] {dag.py:4180} INFO - Setting next_dagrun for read_dataset_event_from_classic to 2025-02-27 00:00:00+00:00, run_after=2025-02-28 00:00:00+00:00
[2025-02-28T22:52:58.360+0000] {processor.py:208} INFO - Processing /home/airflow/.local/lib/python3.12/site-packages/airflow/example_dags/example_inlet_event_extra.py took 0.501 seconds
[2025-02-28T22:58:56.005+0000] {processor.py:186} INFO - Started process (PID=93) to work on /home/airflow/.local/lib/python3.12/site-packages/airflow/example_dags/example_inlet_event_extra.py
[2025-02-28T22:58:56.006+0000] {processor.py:914} INFO - Processing file /home/airflow/.local/lib/python3.12/site-packages/airflow/example_dags/example_inlet_event_extra.py for tasks to queue
[2025-02-28T22:58:56.009+0000] {logging_mixin.py:190} INFO - [2025-02-28T22:58:56.009+0000] {dagbag.py:588} INFO - Filling up the DagBag from /home/airflow/.local/lib/python3.12/site-packages/airflow/example_dags/example_inlet_event_extra.py
[2025-02-28T22:58:56.485+0000] {processor.py:925} INFO - DAG(s) 'read_dataset_event_from_classic', 'read_dataset_event' retrieved from /home/airflow/.local/lib/python3.12/site-packages/airflow/example_dags/example_inlet_event_extra.py
[2025-02-28T22:58:56.499+0000] {logging_mixin.py:190} INFO - [2025-02-28T22:58:56.498+0000] {dag.py:3239} INFO - Sync 2 DAGs
[2025-02-28T22:58:56.519+0000] {logging_mixin.py:190} INFO - [2025-02-28T22:58:56.518+0000] {dag.py:4180} INFO - Setting next_dagrun for read_dataset_event to 2025-02-27 00:00:00+00:00, run_after=2025-02-28 00:00:00+00:00
[2025-02-28T22:58:56.523+0000] {logging_mixin.py:190} INFO - [2025-02-28T22:58:56.523+0000] {dag.py:4180} INFO - Setting next_dagrun for read_dataset_event_from_classic to 2025-02-27 00:00:00+00:00, run_after=2025-02-28 00:00:00+00:00
[2025-02-28T22:58:56.540+0000] {processor.py:208} INFO - Processing /home/airflow/.local/lib/python3.12/site-packages/airflow/example_dags/example_inlet_event_extra.py took 0.539 seconds
[2025-02-28T23:20:39.652+0000] {processor.py:186} INFO - Started process (PID=93) to work on /home/airflow/.local/lib/python3.12/site-packages/airflow/example_dags/example_inlet_event_extra.py
[2025-02-28T23:20:39.653+0000] {processor.py:914} INFO - Processing file /home/airflow/.local/lib/python3.12/site-packages/airflow/example_dags/example_inlet_event_extra.py for tasks to queue
[2025-02-28T23:20:39.654+0000] {logging_mixin.py:190} INFO - [2025-02-28T23:20:39.654+0000] {dagbag.py:588} INFO - Filling up the DagBag from /home/airflow/.local/lib/python3.12/site-packages/airflow/example_dags/example_inlet_event_extra.py
[2025-02-28T23:20:40.093+0000] {processor.py:925} INFO - DAG(s) 'read_dataset_event', 'read_dataset_event_from_classic' retrieved from /home/airflow/.local/lib/python3.12/site-packages/airflow/example_dags/example_inlet_event_extra.py
[2025-02-28T23:20:40.107+0000] {logging_mixin.py:190} INFO - [2025-02-28T23:20:40.107+0000] {dag.py:3239} INFO - Sync 2 DAGs
[2025-02-28T23:20:40.127+0000] {logging_mixin.py:190} INFO - [2025-02-28T23:20:40.127+0000] {dag.py:4180} INFO - Setting next_dagrun for read_dataset_event to 2025-02-27 00:00:00+00:00, run_after=2025-02-28 00:00:00+00:00
[2025-02-28T23:20:40.131+0000] {logging_mixin.py:190} INFO - [2025-02-28T23:20:40.131+0000] {dag.py:4180} INFO - Setting next_dagrun for read_dataset_event_from_classic to 2025-02-27 00:00:00+00:00, run_after=2025-02-28 00:00:00+00:00
[2025-02-28T23:20:40.147+0000] {processor.py:208} INFO - Processing /home/airflow/.local/lib/python3.12/site-packages/airflow/example_dags/example_inlet_event_extra.py took 0.499 seconds
[2025-02-28T23:21:10.310+0000] {processor.py:186} INFO - Started process (PID=163) to work on /home/airflow/.local/lib/python3.12/site-packages/airflow/example_dags/example_inlet_event_extra.py
[2025-02-28T23:21:10.311+0000] {processor.py:914} INFO - Processing file /home/airflow/.local/lib/python3.12/site-packages/airflow/example_dags/example_inlet_event_extra.py for tasks to queue
[2025-02-28T23:21:10.313+0000] {logging_mixin.py:190} INFO - [2025-02-28T23:21:10.312+0000] {dagbag.py:588} INFO - Filling up the DagBag from /home/airflow/.local/lib/python3.12/site-packages/airflow/example_dags/example_inlet_event_extra.py
[2025-02-28T23:21:10.731+0000] {processor.py:925} INFO - DAG(s) 'read_dataset_event_from_classic', 'read_dataset_event' retrieved from /home/airflow/.local/lib/python3.12/site-packages/airflow/example_dags/example_inlet_event_extra.py
[2025-02-28T23:21:10.747+0000] {logging_mixin.py:190} INFO - [2025-02-28T23:21:10.746+0000] {dag.py:3239} INFO - Sync 2 DAGs
[2025-02-28T23:21:10.767+0000] {logging_mixin.py:190} INFO - [2025-02-28T23:21:10.767+0000] {dag.py:4180} INFO - Setting next_dagrun for read_dataset_event to 2025-02-27 00:00:00+00:00, run_after=2025-02-28 00:00:00+00:00
[2025-02-28T23:21:10.771+0000] {logging_mixin.py:190} INFO - [2025-02-28T23:21:10.771+0000] {dag.py:4180} INFO - Setting next_dagrun for read_dataset_event_from_classic to 2025-02-27 00:00:00+00:00, run_after=2025-02-28 00:00:00+00:00
[2025-02-28T23:21:10.786+0000] {processor.py:208} INFO - Processing /home/airflow/.local/lib/python3.12/site-packages/airflow/example_dags/example_inlet_event_extra.py took 0.481 seconds
[2025-02-28T23:21:42.105+0000] {processor.py:186} INFO - Started process (PID=221) to work on /home/airflow/.local/lib/python3.12/site-packages/airflow/example_dags/example_inlet_event_extra.py
[2025-02-28T23:21:42.109+0000] {processor.py:914} INFO - Processing file /home/airflow/.local/lib/python3.12/site-packages/airflow/example_dags/example_inlet_event_extra.py for tasks to queue
[2025-02-28T23:21:42.111+0000] {logging_mixin.py:190} INFO - [2025-02-28T23:21:42.111+0000] {dagbag.py:588} INFO - Filling up the DagBag from /home/airflow/.local/lib/python3.12/site-packages/airflow/example_dags/example_inlet_event_extra.py
[2025-02-28T23:21:49.518+0000] {processor.py:925} INFO - DAG(s) 'read_dataset_event', 'read_dataset_event_from_classic' retrieved from /home/airflow/.local/lib/python3.12/site-packages/airflow/example_dags/example_inlet_event_extra.py
[2025-02-28T23:21:49.532+0000] {logging_mixin.py:190} INFO - [2025-02-28T23:21:49.531+0000] {dag.py:3239} INFO - Sync 2 DAGs
[2025-02-28T23:21:49.550+0000] {logging_mixin.py:190} INFO - [2025-02-28T23:21:49.549+0000] {dag.py:4180} INFO - Setting next_dagrun for read_dataset_event to 2025-02-27 00:00:00+00:00, run_after=2025-02-28 00:00:00+00:00
[2025-02-28T23:21:49.555+0000] {logging_mixin.py:190} INFO - [2025-02-28T23:21:49.555+0000] {dag.py:4180} INFO - Setting next_dagrun for read_dataset_event_from_classic to 2025-02-27 00:00:00+00:00, run_after=2025-02-28 00:00:00+00:00
[2025-02-28T23:21:49.567+0000] {processor.py:208} INFO - Processing /home/airflow/.local/lib/python3.12/site-packages/airflow/example_dags/example_inlet_event_extra.py took 7.469 seconds
[2025-02-28T23:22:25.777+0000] {processor.py:186} INFO - Started process (PID=291) to work on /home/airflow/.local/lib/python3.12/site-packages/airflow/example_dags/example_inlet_event_extra.py
[2025-02-28T23:22:25.778+0000] {processor.py:914} INFO - Processing file /home/airflow/.local/lib/python3.12/site-packages/airflow/example_dags/example_inlet_event_extra.py for tasks to queue
[2025-02-28T23:22:25.780+0000] {logging_mixin.py:190} INFO - [2025-02-28T23:22:25.779+0000] {dagbag.py:588} INFO - Filling up the DagBag from /home/airflow/.local/lib/python3.12/site-packages/airflow/example_dags/example_inlet_event_extra.py
[2025-02-28T23:22:26.268+0000] {processor.py:925} INFO - DAG(s) 'read_dataset_event_from_classic', 'read_dataset_event' retrieved from /home/airflow/.local/lib/python3.12/site-packages/airflow/example_dags/example_inlet_event_extra.py
[2025-02-28T23:22:26.284+0000] {logging_mixin.py:190} INFO - [2025-02-28T23:22:26.284+0000] {dag.py:3239} INFO - Sync 2 DAGs
[2025-02-28T23:22:26.305+0000] {logging_mixin.py:190} INFO - [2025-02-28T23:22:26.305+0000] {dag.py:4180} INFO - Setting next_dagrun for read_dataset_event to 2025-02-27 00:00:00+00:00, run_after=2025-02-28 00:00:00+00:00
[2025-02-28T23:22:26.312+0000] {logging_mixin.py:190} INFO - [2025-02-28T23:22:26.311+0000] {dag.py:4180} INFO - Setting next_dagrun for read_dataset_event_from_classic to 2025-02-27 00:00:00+00:00, run_after=2025-02-28 00:00:00+00:00
[2025-02-28T23:22:26.325+0000] {processor.py:208} INFO - Processing /home/airflow/.local/lib/python3.12/site-packages/airflow/example_dags/example_inlet_event_extra.py took 0.552 seconds
[2025-02-28T23:22:57.152+0000] {processor.py:186} INFO - Started process (PID=355) to work on /home/airflow/.local/lib/python3.12/site-packages/airflow/example_dags/example_inlet_event_extra.py
[2025-02-28T23:22:57.152+0000] {processor.py:914} INFO - Processing file /home/airflow/.local/lib/python3.12/site-packages/airflow/example_dags/example_inlet_event_extra.py for tasks to queue
[2025-02-28T23:22:57.154+0000] {logging_mixin.py:190} INFO - [2025-02-28T23:22:57.154+0000] {dagbag.py:588} INFO - Filling up the DagBag from /home/airflow/.local/lib/python3.12/site-packages/airflow/example_dags/example_inlet_event_extra.py
[2025-02-28T23:22:59.083+0000] {processor.py:925} INFO - DAG(s) 'read_dataset_event', 'read_dataset_event_from_classic' retrieved from /home/airflow/.local/lib/python3.12/site-packages/airflow/example_dags/example_inlet_event_extra.py
[2025-02-28T23:22:59.096+0000] {logging_mixin.py:190} INFO - [2025-02-28T23:22:59.096+0000] {dag.py:3239} INFO - Sync 2 DAGs
[2025-02-28T23:22:59.114+0000] {logging_mixin.py:190} INFO - [2025-02-28T23:22:59.114+0000] {dag.py:4180} INFO - Setting next_dagrun for read_dataset_event to 2025-02-27 00:00:00+00:00, run_after=2025-02-28 00:00:00+00:00
[2025-02-28T23:22:59.118+0000] {logging_mixin.py:190} INFO - [2025-02-28T23:22:59.118+0000] {dag.py:4180} INFO - Setting next_dagrun for read_dataset_event_from_classic to 2025-02-27 00:00:00+00:00, run_after=2025-02-28 00:00:00+00:00
[2025-02-28T23:22:59.129+0000] {processor.py:208} INFO - Processing /home/airflow/.local/lib/python3.12/site-packages/airflow/example_dags/example_inlet_event_extra.py took 1.982 seconds
[2025-02-28T23:23:29.185+0000] {processor.py:186} INFO - Started process (PID=421) to work on /home/airflow/.local/lib/python3.12/site-packages/airflow/example_dags/example_inlet_event_extra.py
[2025-02-28T23:23:29.185+0000] {processor.py:914} INFO - Processing file /home/airflow/.local/lib/python3.12/site-packages/airflow/example_dags/example_inlet_event_extra.py for tasks to queue
[2025-02-28T23:23:29.187+0000] {logging_mixin.py:190} INFO - [2025-02-28T23:23:29.187+0000] {dagbag.py:588} INFO - Filling up the DagBag from /home/airflow/.local/lib/python3.12/site-packages/airflow/example_dags/example_inlet_event_extra.py
[2025-02-28T23:23:29.627+0000] {processor.py:925} INFO - DAG(s) 'read_dataset_event', 'read_dataset_event_from_classic' retrieved from /home/airflow/.local/lib/python3.12/site-packages/airflow/example_dags/example_inlet_event_extra.py
[2025-02-28T23:23:29.641+0000] {logging_mixin.py:190} INFO - [2025-02-28T23:23:29.641+0000] {dag.py:3239} INFO - Sync 2 DAGs
[2025-02-28T23:23:29.659+0000] {logging_mixin.py:190} INFO - [2025-02-28T23:23:29.659+0000] {dag.py:4180} INFO - Setting next_dagrun for read_dataset_event to 2025-02-27 00:00:00+00:00, run_after=2025-02-28 00:00:00+00:00
[2025-02-28T23:23:29.663+0000] {logging_mixin.py:190} INFO - [2025-02-28T23:23:29.662+0000] {dag.py:4180} INFO - Setting next_dagrun for read_dataset_event_from_classic to 2025-02-27 00:00:00+00:00, run_after=2025-02-28 00:00:00+00:00
[2025-02-28T23:23:29.677+0000] {processor.py:208} INFO - Processing /home/airflow/.local/lib/python3.12/site-packages/airflow/example_dags/example_inlet_event_extra.py took 0.497 seconds
[2025-02-28T23:24:02.556+0000] {logging_mixin.py:190} INFO - [2025-02-28T23:24:02.555+0000] {process_utils.py:266} INFO - Waiting up to 5 seconds for processes to exit...
