[2025-02-28T14:03:16.655+0000] {processor.py:186} INFO - Started process (PID=97) to work on /home/airflow/.local/lib/python3.12/site-packages/airflow/example_dags/example_subdag_operator.py
[2025-02-28T14:03:16.655+0000] {processor.py:914} INFO - Processing file /home/airflow/.local/lib/python3.12/site-packages/airflow/example_dags/example_subdag_operator.py for tasks to queue
[2025-02-28T14:03:16.657+0000] {logging_mixin.py:190} INFO - [2025-02-28T14:03:16.657+0000] {dagbag.py:588} INFO - Filling up the DagBag from /home/airflow/.local/lib/python3.12/site-packages/airflow/example_dags/example_subdag_operator.py
[2025-02-28T14:03:16.681+0000] {processor.py:925} INFO - DAG(s) 'example_subdag_operator.section-1', 'example_subdag_operator.section-2', 'example_subdag_operator' retrieved from /home/airflow/.local/lib/python3.12/site-packages/airflow/example_dags/example_subdag_operator.py
[2025-02-28T14:03:16.695+0000] {logging_mixin.py:190} INFO - [2025-02-28T14:03:16.695+0000] {dag.py:3239} INFO - Sync 3 DAGs
[2025-02-28T14:03:16.715+0000] {logging_mixin.py:190} INFO - [2025-02-28T14:03:16.715+0000] {dag.py:4180} INFO - Setting next_dagrun for example_subdag_operator to 2022-01-01 00:00:00+00:00, run_after=2022-01-01 00:00:00+00:00
[2025-02-28T14:03:16.718+0000] {logging_mixin.py:190} INFO - [2025-02-28T14:03:16.718+0000] {dag.py:4180} INFO - Setting next_dagrun for example_subdag_operator.section-1 to None, run_after=None
[2025-02-28T14:03:16.719+0000] {logging_mixin.py:190} INFO - [2025-02-28T14:03:16.719+0000] {dag.py:4180} INFO - Setting next_dagrun for example_subdag_operator.section-2 to None, run_after=None
[2025-02-28T14:03:16.741+0000] {logging_mixin.py:190} INFO - [2025-02-28T14:03:16.741+0000] {dag.py:3239} INFO - Sync 2 DAGs
[2025-02-28T14:03:16.745+0000] {logging_mixin.py:190} INFO - [2025-02-28T14:03:16.745+0000] {dag.py:4180} INFO - Setting next_dagrun for example_subdag_operator.section-1 to None, run_after=None
[2025-02-28T14:03:16.745+0000] {logging_mixin.py:190} INFO - [2025-02-28T14:03:16.745+0000] {dag.py:4180} INFO - Setting next_dagrun for example_subdag_operator.section-2 to None, run_after=None
[2025-02-28T14:03:16.789+0000] {processor.py:208} INFO - Processing /home/airflow/.local/lib/python3.12/site-packages/airflow/example_dags/example_subdag_operator.py took 0.139 seconds
[2025-02-28T14:03:57.664+0000] {processor.py:186} INFO - Started process (PID=161) to work on /home/airflow/.local/lib/python3.12/site-packages/airflow/example_dags/example_subdag_operator.py
[2025-02-28T14:03:57.665+0000] {processor.py:914} INFO - Processing file /home/airflow/.local/lib/python3.12/site-packages/airflow/example_dags/example_subdag_operator.py for tasks to queue
[2025-02-28T14:03:57.667+0000] {logging_mixin.py:190} INFO - [2025-02-28T14:03:57.667+0000] {dagbag.py:588} INFO - Filling up the DagBag from /home/airflow/.local/lib/python3.12/site-packages/airflow/example_dags/example_subdag_operator.py
[2025-02-28T14:03:57.686+0000] {processor.py:925} INFO - DAG(s) 'example_subdag_operator.section-1', 'example_subdag_operator.section-2', 'example_subdag_operator' retrieved from /home/airflow/.local/lib/python3.12/site-packages/airflow/example_dags/example_subdag_operator.py
[2025-02-28T14:03:57.698+0000] {logging_mixin.py:190} INFO - [2025-02-28T14:03:57.698+0000] {dag.py:3239} INFO - Sync 3 DAGs
[2025-02-28T14:03:57.716+0000] {logging_mixin.py:190} INFO - [2025-02-28T14:03:57.716+0000] {dag.py:4180} INFO - Setting next_dagrun for example_subdag_operator to 2022-01-01 00:00:00+00:00, run_after=2022-01-01 00:00:00+00:00
[2025-02-28T14:03:57.719+0000] {logging_mixin.py:190} INFO - [2025-02-28T14:03:57.718+0000] {dag.py:4180} INFO - Setting next_dagrun for example_subdag_operator.section-1 to None, run_after=None
[2025-02-28T14:03:57.719+0000] {logging_mixin.py:190} INFO - [2025-02-28T14:03:57.719+0000] {dag.py:4180} INFO - Setting next_dagrun for example_subdag_operator.section-2 to None, run_after=None
[2025-02-28T14:03:57.724+0000] {logging_mixin.py:190} INFO - [2025-02-28T14:03:57.724+0000] {dag.py:3239} INFO - Sync 2 DAGs
[2025-02-28T14:03:57.728+0000] {logging_mixin.py:190} INFO - [2025-02-28T14:03:57.728+0000] {dag.py:4180} INFO - Setting next_dagrun for example_subdag_operator.section-1 to None, run_after=None
[2025-02-28T14:03:57.729+0000] {logging_mixin.py:190} INFO - [2025-02-28T14:03:57.728+0000] {dag.py:4180} INFO - Setting next_dagrun for example_subdag_operator.section-2 to None, run_after=None
[2025-02-28T14:03:57.790+0000] {processor.py:208} INFO - Processing /home/airflow/.local/lib/python3.12/site-packages/airflow/example_dags/example_subdag_operator.py took 0.132 seconds
[2025-02-28T14:04:27.887+0000] {processor.py:186} INFO - Started process (PID=225) to work on /home/airflow/.local/lib/python3.12/site-packages/airflow/example_dags/example_subdag_operator.py
[2025-02-28T14:04:27.888+0000] {processor.py:914} INFO - Processing file /home/airflow/.local/lib/python3.12/site-packages/airflow/example_dags/example_subdag_operator.py for tasks to queue
[2025-02-28T14:04:27.890+0000] {logging_mixin.py:190} INFO - [2025-02-28T14:04:27.889+0000] {dagbag.py:588} INFO - Filling up the DagBag from /home/airflow/.local/lib/python3.12/site-packages/airflow/example_dags/example_subdag_operator.py
[2025-02-28T14:04:27.908+0000] {processor.py:925} INFO - DAG(s) 'example_subdag_operator.section-1', 'example_subdag_operator.section-2', 'example_subdag_operator' retrieved from /home/airflow/.local/lib/python3.12/site-packages/airflow/example_dags/example_subdag_operator.py
[2025-02-28T14:04:27.920+0000] {logging_mixin.py:190} INFO - [2025-02-28T14:04:27.920+0000] {dag.py:3239} INFO - Sync 3 DAGs
[2025-02-28T14:04:27.938+0000] {logging_mixin.py:190} INFO - [2025-02-28T14:04:27.938+0000] {dag.py:4180} INFO - Setting next_dagrun for example_subdag_operator to 2022-01-01 00:00:00+00:00, run_after=2022-01-01 00:00:00+00:00
[2025-02-28T14:04:27.941+0000] {logging_mixin.py:190} INFO - [2025-02-28T14:04:27.941+0000] {dag.py:4180} INFO - Setting next_dagrun for example_subdag_operator.section-1 to None, run_after=None
[2025-02-28T14:04:27.941+0000] {logging_mixin.py:190} INFO - [2025-02-28T14:04:27.941+0000] {dag.py:4180} INFO - Setting next_dagrun for example_subdag_operator.section-2 to None, run_after=None
[2025-02-28T14:04:27.947+0000] {logging_mixin.py:190} INFO - [2025-02-28T14:04:27.947+0000] {dag.py:3239} INFO - Sync 2 DAGs
[2025-02-28T14:04:27.951+0000] {logging_mixin.py:190} INFO - [2025-02-28T14:04:27.951+0000] {dag.py:4180} INFO - Setting next_dagrun for example_subdag_operator.section-1 to None, run_after=None
[2025-02-28T14:04:27.951+0000] {logging_mixin.py:190} INFO - [2025-02-28T14:04:27.951+0000] {dag.py:4180} INFO - Setting next_dagrun for example_subdag_operator.section-2 to None, run_after=None
[2025-02-28T14:04:27.962+0000] {processor.py:208} INFO - Processing /home/airflow/.local/lib/python3.12/site-packages/airflow/example_dags/example_subdag_operator.py took 0.081 seconds
[2025-02-28T14:05:16.076+0000] {processor.py:186} INFO - Started process (PID=308) to work on /home/airflow/.local/lib/python3.12/site-packages/airflow/example_dags/example_subdag_operator.py
[2025-02-28T14:05:16.077+0000] {processor.py:914} INFO - Processing file /home/airflow/.local/lib/python3.12/site-packages/airflow/example_dags/example_subdag_operator.py for tasks to queue
[2025-02-28T14:05:16.079+0000] {logging_mixin.py:190} INFO - [2025-02-28T14:05:16.078+0000] {dagbag.py:588} INFO - Filling up the DagBag from /home/airflow/.local/lib/python3.12/site-packages/airflow/example_dags/example_subdag_operator.py
[2025-02-28T14:05:16.100+0000] {processor.py:925} INFO - DAG(s) 'example_subdag_operator.section-1', 'example_subdag_operator.section-2', 'example_subdag_operator' retrieved from /home/airflow/.local/lib/python3.12/site-packages/airflow/example_dags/example_subdag_operator.py
[2025-02-28T14:05:16.116+0000] {logging_mixin.py:190} INFO - [2025-02-28T14:05:16.115+0000] {dag.py:3239} INFO - Sync 3 DAGs
[2025-02-28T14:05:16.142+0000] {logging_mixin.py:190} INFO - [2025-02-28T14:05:16.142+0000] {dag.py:4180} INFO - Setting next_dagrun for example_subdag_operator to 2022-01-01 00:00:00+00:00, run_after=2022-01-01 00:00:00+00:00
[2025-02-28T14:05:16.146+0000] {logging_mixin.py:190} INFO - [2025-02-28T14:05:16.146+0000] {dag.py:4180} INFO - Setting next_dagrun for example_subdag_operator.section-1 to None, run_after=None
[2025-02-28T14:05:16.148+0000] {logging_mixin.py:190} INFO - [2025-02-28T14:05:16.147+0000] {dag.py:4180} INFO - Setting next_dagrun for example_subdag_operator.section-2 to None, run_after=None
[2025-02-28T14:05:16.156+0000] {logging_mixin.py:190} INFO - [2025-02-28T14:05:16.156+0000] {dag.py:3239} INFO - Sync 2 DAGs
[2025-02-28T14:05:16.162+0000] {logging_mixin.py:190} INFO - [2025-02-28T14:05:16.162+0000] {dag.py:4180} INFO - Setting next_dagrun for example_subdag_operator.section-1 to None, run_after=None
[2025-02-28T14:05:16.162+0000] {logging_mixin.py:190} INFO - [2025-02-28T14:05:16.162+0000] {dag.py:4180} INFO - Setting next_dagrun for example_subdag_operator.section-2 to None, run_after=None
[2025-02-28T14:05:16.174+0000] {processor.py:208} INFO - Processing /home/airflow/.local/lib/python3.12/site-packages/airflow/example_dags/example_subdag_operator.py took 0.102 seconds
[2025-02-28T14:05:46.945+0000] {processor.py:186} INFO - Started process (PID=372) to work on /home/airflow/.local/lib/python3.12/site-packages/airflow/example_dags/example_subdag_operator.py
[2025-02-28T14:05:46.947+0000] {processor.py:914} INFO - Processing file /home/airflow/.local/lib/python3.12/site-packages/airflow/example_dags/example_subdag_operator.py for tasks to queue
[2025-02-28T14:05:46.951+0000] {logging_mixin.py:190} INFO - [2025-02-28T14:05:46.950+0000] {dagbag.py:588} INFO - Filling up the DagBag from /home/airflow/.local/lib/python3.12/site-packages/airflow/example_dags/example_subdag_operator.py
[2025-02-28T14:05:46.980+0000] {processor.py:925} INFO - DAG(s) 'example_subdag_operator.section-1', 'example_subdag_operator.section-2', 'example_subdag_operator' retrieved from /home/airflow/.local/lib/python3.12/site-packages/airflow/example_dags/example_subdag_operator.py
[2025-02-28T14:05:46.994+0000] {logging_mixin.py:190} INFO - [2025-02-28T14:05:46.994+0000] {dag.py:3239} INFO - Sync 3 DAGs
[2025-02-28T14:05:47.013+0000] {logging_mixin.py:190} INFO - [2025-02-28T14:05:47.013+0000] {dag.py:4180} INFO - Setting next_dagrun for example_subdag_operator to 2022-01-01 00:00:00+00:00, run_after=2022-01-01 00:00:00+00:00
[2025-02-28T14:05:47.018+0000] {logging_mixin.py:190} INFO - [2025-02-28T14:05:47.017+0000] {dag.py:4180} INFO - Setting next_dagrun for example_subdag_operator.section-1 to None, run_after=None
[2025-02-28T14:05:47.020+0000] {logging_mixin.py:190} INFO - [2025-02-28T14:05:47.019+0000] {dag.py:4180} INFO - Setting next_dagrun for example_subdag_operator.section-2 to None, run_after=None
[2025-02-28T14:05:47.025+0000] {logging_mixin.py:190} INFO - [2025-02-28T14:05:47.025+0000] {dag.py:3239} INFO - Sync 2 DAGs
[2025-02-28T14:05:47.029+0000] {logging_mixin.py:190} INFO - [2025-02-28T14:05:47.029+0000] {dag.py:4180} INFO - Setting next_dagrun for example_subdag_operator.section-1 to None, run_after=None
[2025-02-28T14:05:47.029+0000] {logging_mixin.py:190} INFO - [2025-02-28T14:05:47.029+0000] {dag.py:4180} INFO - Setting next_dagrun for example_subdag_operator.section-2 to None, run_after=None
[2025-02-28T14:05:47.042+0000] {processor.py:208} INFO - Processing /home/airflow/.local/lib/python3.12/site-packages/airflow/example_dags/example_subdag_operator.py took 0.105 seconds
[2025-02-28T14:06:17.058+0000] {processor.py:186} INFO - Started process (PID=436) to work on /home/airflow/.local/lib/python3.12/site-packages/airflow/example_dags/example_subdag_operator.py
[2025-02-28T14:06:17.059+0000] {processor.py:914} INFO - Processing file /home/airflow/.local/lib/python3.12/site-packages/airflow/example_dags/example_subdag_operator.py for tasks to queue
[2025-02-28T14:06:17.061+0000] {logging_mixin.py:190} INFO - [2025-02-28T14:06:17.060+0000] {dagbag.py:588} INFO - Filling up the DagBag from /home/airflow/.local/lib/python3.12/site-packages/airflow/example_dags/example_subdag_operator.py
[2025-02-28T14:06:17.081+0000] {processor.py:925} INFO - DAG(s) 'example_subdag_operator.section-1', 'example_subdag_operator.section-2', 'example_subdag_operator' retrieved from /home/airflow/.local/lib/python3.12/site-packages/airflow/example_dags/example_subdag_operator.py
[2025-02-28T14:06:17.092+0000] {logging_mixin.py:190} INFO - [2025-02-28T14:06:17.092+0000] {dag.py:3239} INFO - Sync 3 DAGs
[2025-02-28T14:06:17.113+0000] {logging_mixin.py:190} INFO - [2025-02-28T14:06:17.112+0000] {dag.py:4180} INFO - Setting next_dagrun for example_subdag_operator to 2022-01-01 00:00:00+00:00, run_after=2022-01-01 00:00:00+00:00
[2025-02-28T14:06:17.115+0000] {logging_mixin.py:190} INFO - [2025-02-28T14:06:17.115+0000] {dag.py:4180} INFO - Setting next_dagrun for example_subdag_operator.section-1 to None, run_after=None
[2025-02-28T14:06:17.116+0000] {logging_mixin.py:190} INFO - [2025-02-28T14:06:17.116+0000] {dag.py:4180} INFO - Setting next_dagrun for example_subdag_operator.section-2 to None, run_after=None
[2025-02-28T14:06:17.121+0000] {logging_mixin.py:190} INFO - [2025-02-28T14:06:17.121+0000] {dag.py:3239} INFO - Sync 2 DAGs
[2025-02-28T14:06:17.125+0000] {logging_mixin.py:190} INFO - [2025-02-28T14:06:17.125+0000] {dag.py:4180} INFO - Setting next_dagrun for example_subdag_operator.section-1 to None, run_after=None
[2025-02-28T14:06:17.126+0000] {logging_mixin.py:190} INFO - [2025-02-28T14:06:17.126+0000] {dag.py:4180} INFO - Setting next_dagrun for example_subdag_operator.section-2 to None, run_after=None
[2025-02-28T14:06:17.138+0000] {processor.py:208} INFO - Processing /home/airflow/.local/lib/python3.12/site-packages/airflow/example_dags/example_subdag_operator.py took 0.084 seconds
[2025-02-28T14:06:47.413+0000] {processor.py:186} INFO - Started process (PID=500) to work on /home/airflow/.local/lib/python3.12/site-packages/airflow/example_dags/example_subdag_operator.py
[2025-02-28T14:06:47.414+0000] {processor.py:914} INFO - Processing file /home/airflow/.local/lib/python3.12/site-packages/airflow/example_dags/example_subdag_operator.py for tasks to queue
[2025-02-28T14:06:47.418+0000] {logging_mixin.py:190} INFO - [2025-02-28T14:06:47.417+0000] {dagbag.py:588} INFO - Filling up the DagBag from /home/airflow/.local/lib/python3.12/site-packages/airflow/example_dags/example_subdag_operator.py
[2025-02-28T14:06:47.449+0000] {processor.py:925} INFO - DAG(s) 'example_subdag_operator.section-1', 'example_subdag_operator.section-2', 'example_subdag_operator' retrieved from /home/airflow/.local/lib/python3.12/site-packages/airflow/example_dags/example_subdag_operator.py
[2025-02-28T14:06:47.462+0000] {logging_mixin.py:190} INFO - [2025-02-28T14:06:47.462+0000] {dag.py:3239} INFO - Sync 3 DAGs
[2025-02-28T14:06:47.480+0000] {logging_mixin.py:190} INFO - [2025-02-28T14:06:47.480+0000] {dag.py:4180} INFO - Setting next_dagrun for example_subdag_operator to 2022-01-01 00:00:00+00:00, run_after=2022-01-01 00:00:00+00:00
[2025-02-28T14:06:47.483+0000] {logging_mixin.py:190} INFO - [2025-02-28T14:06:47.483+0000] {dag.py:4180} INFO - Setting next_dagrun for example_subdag_operator.section-1 to None, run_after=None
[2025-02-28T14:06:47.484+0000] {logging_mixin.py:190} INFO - [2025-02-28T14:06:47.484+0000] {dag.py:4180} INFO - Setting next_dagrun for example_subdag_operator.section-2 to None, run_after=None
[2025-02-28T14:06:47.489+0000] {logging_mixin.py:190} INFO - [2025-02-28T14:06:47.488+0000] {dag.py:3239} INFO - Sync 2 DAGs
[2025-02-28T14:06:47.492+0000] {logging_mixin.py:190} INFO - [2025-02-28T14:06:47.492+0000] {dag.py:4180} INFO - Setting next_dagrun for example_subdag_operator.section-1 to None, run_after=None
[2025-02-28T14:06:47.493+0000] {logging_mixin.py:190} INFO - [2025-02-28T14:06:47.493+0000] {dag.py:4180} INFO - Setting next_dagrun for example_subdag_operator.section-2 to None, run_after=None
[2025-02-28T14:06:47.500+0000] {processor.py:208} INFO - Processing /home/airflow/.local/lib/python3.12/site-packages/airflow/example_dags/example_subdag_operator.py took 0.095 seconds
[2025-02-28T22:42:08.770+0000] {processor.py:186} INFO - Started process (PID=84) to work on /home/airflow/.local/lib/python3.12/site-packages/airflow/example_dags/example_subdag_operator.py
[2025-02-28T22:42:08.770+0000] {processor.py:914} INFO - Processing file /home/airflow/.local/lib/python3.12/site-packages/airflow/example_dags/example_subdag_operator.py for tasks to queue
[2025-02-28T22:42:08.772+0000] {logging_mixin.py:190} INFO - [2025-02-28T22:42:08.772+0000] {dagbag.py:588} INFO - Filling up the DagBag from /home/airflow/.local/lib/python3.12/site-packages/airflow/example_dags/example_subdag_operator.py
[2025-02-28T22:42:08.794+0000] {processor.py:925} INFO - DAG(s) 'example_subdag_operator.section-1', 'example_subdag_operator.section-2', 'example_subdag_operator' retrieved from /home/airflow/.local/lib/python3.12/site-packages/airflow/example_dags/example_subdag_operator.py
[2025-02-28T22:42:08.805+0000] {logging_mixin.py:190} INFO - [2025-02-28T22:42:08.805+0000] {dag.py:3239} INFO - Sync 3 DAGs
[2025-02-28T22:42:08.828+0000] {logging_mixin.py:190} INFO - [2025-02-28T22:42:08.828+0000] {dag.py:4180} INFO - Setting next_dagrun for example_subdag_operator to 2022-01-01 00:00:00+00:00, run_after=2022-01-01 00:00:00+00:00
[2025-02-28T22:42:08.831+0000] {logging_mixin.py:190} INFO - [2025-02-28T22:42:08.831+0000] {dag.py:4180} INFO - Setting next_dagrun for example_subdag_operator.section-1 to None, run_after=None
[2025-02-28T22:42:08.832+0000] {logging_mixin.py:190} INFO - [2025-02-28T22:42:08.832+0000] {dag.py:4180} INFO - Setting next_dagrun for example_subdag_operator.section-2 to None, run_after=None
[2025-02-28T22:42:08.837+0000] {logging_mixin.py:190} INFO - [2025-02-28T22:42:08.837+0000] {dag.py:3239} INFO - Sync 2 DAGs
[2025-02-28T22:42:08.842+0000] {logging_mixin.py:190} INFO - [2025-02-28T22:42:08.842+0000] {dag.py:4180} INFO - Setting next_dagrun for example_subdag_operator.section-1 to None, run_after=None
[2025-02-28T22:42:08.843+0000] {logging_mixin.py:190} INFO - [2025-02-28T22:42:08.842+0000] {dag.py:4180} INFO - Setting next_dagrun for example_subdag_operator.section-2 to None, run_after=None
[2025-02-28T22:42:08.859+0000] {processor.py:208} INFO - Processing /home/airflow/.local/lib/python3.12/site-packages/airflow/example_dags/example_subdag_operator.py took 0.094 seconds
[2025-02-28T22:42:39.286+0000] {processor.py:186} INFO - Started process (PID=148) to work on /home/airflow/.local/lib/python3.12/site-packages/airflow/example_dags/example_subdag_operator.py
[2025-02-28T22:42:39.291+0000] {processor.py:914} INFO - Processing file /home/airflow/.local/lib/python3.12/site-packages/airflow/example_dags/example_subdag_operator.py for tasks to queue
[2025-02-28T22:42:39.294+0000] {logging_mixin.py:190} INFO - [2025-02-28T22:42:39.293+0000] {dagbag.py:588} INFO - Filling up the DagBag from /home/airflow/.local/lib/python3.12/site-packages/airflow/example_dags/example_subdag_operator.py
[2025-02-28T22:42:39.314+0000] {processor.py:925} INFO - DAG(s) 'example_subdag_operator.section-1', 'example_subdag_operator.section-2', 'example_subdag_operator' retrieved from /home/airflow/.local/lib/python3.12/site-packages/airflow/example_dags/example_subdag_operator.py
[2025-02-28T22:42:39.327+0000] {logging_mixin.py:190} INFO - [2025-02-28T22:42:39.326+0000] {dag.py:3239} INFO - Sync 3 DAGs
[2025-02-28T22:42:39.346+0000] {logging_mixin.py:190} INFO - [2025-02-28T22:42:39.346+0000] {dag.py:4180} INFO - Setting next_dagrun for example_subdag_operator to 2022-01-01 00:00:00+00:00, run_after=2022-01-01 00:00:00+00:00
[2025-02-28T22:42:39.349+0000] {logging_mixin.py:190} INFO - [2025-02-28T22:42:39.348+0000] {dag.py:4180} INFO - Setting next_dagrun for example_subdag_operator.section-1 to None, run_after=None
[2025-02-28T22:42:39.349+0000] {logging_mixin.py:190} INFO - [2025-02-28T22:42:39.349+0000] {dag.py:4180} INFO - Setting next_dagrun for example_subdag_operator.section-2 to None, run_after=None
[2025-02-28T22:42:39.354+0000] {logging_mixin.py:190} INFO - [2025-02-28T22:42:39.354+0000] {dag.py:3239} INFO - Sync 2 DAGs
[2025-02-28T22:42:39.358+0000] {logging_mixin.py:190} INFO - [2025-02-28T22:42:39.358+0000] {dag.py:4180} INFO - Setting next_dagrun for example_subdag_operator.section-1 to None, run_after=None
[2025-02-28T22:42:39.358+0000] {logging_mixin.py:190} INFO - [2025-02-28T22:42:39.358+0000] {dag.py:4180} INFO - Setting next_dagrun for example_subdag_operator.section-2 to None, run_after=None
[2025-02-28T22:42:39.408+0000] {processor.py:208} INFO - Processing /home/airflow/.local/lib/python3.12/site-packages/airflow/example_dags/example_subdag_operator.py took 0.127 seconds
[2025-02-28T22:47:18.422+0000] {processor.py:186} INFO - Started process (PID=84) to work on /home/airflow/.local/lib/python3.12/site-packages/airflow/example_dags/example_subdag_operator.py
[2025-02-28T22:47:18.423+0000] {processor.py:914} INFO - Processing file /home/airflow/.local/lib/python3.12/site-packages/airflow/example_dags/example_subdag_operator.py for tasks to queue
[2025-02-28T22:47:18.424+0000] {logging_mixin.py:190} INFO - [2025-02-28T22:47:18.424+0000] {dagbag.py:588} INFO - Filling up the DagBag from /home/airflow/.local/lib/python3.12/site-packages/airflow/example_dags/example_subdag_operator.py
[2025-02-28T22:47:18.444+0000] {processor.py:925} INFO - DAG(s) 'example_subdag_operator.section-1', 'example_subdag_operator.section-2', 'example_subdag_operator' retrieved from /home/airflow/.local/lib/python3.12/site-packages/airflow/example_dags/example_subdag_operator.py
[2025-02-28T22:47:18.455+0000] {logging_mixin.py:190} INFO - [2025-02-28T22:47:18.455+0000] {dag.py:3239} INFO - Sync 3 DAGs
[2025-02-28T22:47:18.474+0000] {logging_mixin.py:190} INFO - [2025-02-28T22:47:18.474+0000] {dag.py:4180} INFO - Setting next_dagrun for example_subdag_operator to 2022-01-01 00:00:00+00:00, run_after=2022-01-01 00:00:00+00:00
[2025-02-28T22:47:18.477+0000] {logging_mixin.py:190} INFO - [2025-02-28T22:47:18.477+0000] {dag.py:4180} INFO - Setting next_dagrun for example_subdag_operator.section-1 to None, run_after=None
[2025-02-28T22:47:18.478+0000] {logging_mixin.py:190} INFO - [2025-02-28T22:47:18.478+0000] {dag.py:4180} INFO - Setting next_dagrun for example_subdag_operator.section-2 to None, run_after=None
[2025-02-28T22:47:18.483+0000] {logging_mixin.py:190} INFO - [2025-02-28T22:47:18.482+0000] {dag.py:3239} INFO - Sync 2 DAGs
[2025-02-28T22:47:18.486+0000] {logging_mixin.py:190} INFO - [2025-02-28T22:47:18.486+0000] {dag.py:4180} INFO - Setting next_dagrun for example_subdag_operator.section-1 to None, run_after=None
[2025-02-28T22:47:18.486+0000] {logging_mixin.py:190} INFO - [2025-02-28T22:47:18.486+0000] {dag.py:4180} INFO - Setting next_dagrun for example_subdag_operator.section-2 to None, run_after=None
[2025-02-28T22:47:18.495+0000] {processor.py:208} INFO - Processing /home/airflow/.local/lib/python3.12/site-packages/airflow/example_dags/example_subdag_operator.py took 0.078 seconds
[2025-02-28T22:47:48.827+0000] {processor.py:186} INFO - Started process (PID=148) to work on /home/airflow/.local/lib/python3.12/site-packages/airflow/example_dags/example_subdag_operator.py
[2025-02-28T22:47:48.828+0000] {processor.py:914} INFO - Processing file /home/airflow/.local/lib/python3.12/site-packages/airflow/example_dags/example_subdag_operator.py for tasks to queue
[2025-02-28T22:47:48.830+0000] {logging_mixin.py:190} INFO - [2025-02-28T22:47:48.830+0000] {dagbag.py:588} INFO - Filling up the DagBag from /home/airflow/.local/lib/python3.12/site-packages/airflow/example_dags/example_subdag_operator.py
[2025-02-28T22:47:48.848+0000] {processor.py:925} INFO - DAG(s) 'example_subdag_operator.section-1', 'example_subdag_operator.section-2', 'example_subdag_operator' retrieved from /home/airflow/.local/lib/python3.12/site-packages/airflow/example_dags/example_subdag_operator.py
[2025-02-28T22:47:48.861+0000] {logging_mixin.py:190} INFO - [2025-02-28T22:47:48.860+0000] {dag.py:3239} INFO - Sync 3 DAGs
[2025-02-28T22:47:48.883+0000] {logging_mixin.py:190} INFO - [2025-02-28T22:47:48.883+0000] {dag.py:4180} INFO - Setting next_dagrun for example_subdag_operator to 2022-01-01 00:00:00+00:00, run_after=2022-01-01 00:00:00+00:00
[2025-02-28T22:47:48.886+0000] {logging_mixin.py:190} INFO - [2025-02-28T22:47:48.886+0000] {dag.py:4180} INFO - Setting next_dagrun for example_subdag_operator.section-1 to None, run_after=None
[2025-02-28T22:47:48.888+0000] {logging_mixin.py:190} INFO - [2025-02-28T22:47:48.887+0000] {dag.py:4180} INFO - Setting next_dagrun for example_subdag_operator.section-2 to None, run_after=None
[2025-02-28T22:47:48.893+0000] {logging_mixin.py:190} INFO - [2025-02-28T22:47:48.893+0000] {dag.py:3239} INFO - Sync 2 DAGs
[2025-02-28T22:47:48.897+0000] {logging_mixin.py:190} INFO - [2025-02-28T22:47:48.897+0000] {dag.py:4180} INFO - Setting next_dagrun for example_subdag_operator.section-1 to None, run_after=None
[2025-02-28T22:47:48.898+0000] {logging_mixin.py:190} INFO - [2025-02-28T22:47:48.898+0000] {dag.py:4180} INFO - Setting next_dagrun for example_subdag_operator.section-2 to None, run_after=None
[2025-02-28T22:47:48.908+0000] {processor.py:208} INFO - Processing /home/airflow/.local/lib/python3.12/site-packages/airflow/example_dags/example_subdag_operator.py took 0.085 seconds
[2025-02-28T22:48:18.958+0000] {processor.py:186} INFO - Started process (PID=212) to work on /home/airflow/.local/lib/python3.12/site-packages/airflow/example_dags/example_subdag_operator.py
[2025-02-28T22:48:18.959+0000] {processor.py:914} INFO - Processing file /home/airflow/.local/lib/python3.12/site-packages/airflow/example_dags/example_subdag_operator.py for tasks to queue
[2025-02-28T22:48:18.961+0000] {logging_mixin.py:190} INFO - [2025-02-28T22:48:18.961+0000] {dagbag.py:588} INFO - Filling up the DagBag from /home/airflow/.local/lib/python3.12/site-packages/airflow/example_dags/example_subdag_operator.py
[2025-02-28T22:48:18.979+0000] {processor.py:925} INFO - DAG(s) 'example_subdag_operator.section-1', 'example_subdag_operator.section-2', 'example_subdag_operator' retrieved from /home/airflow/.local/lib/python3.12/site-packages/airflow/example_dags/example_subdag_operator.py
[2025-02-28T22:48:18.991+0000] {logging_mixin.py:190} INFO - [2025-02-28T22:48:18.991+0000] {dag.py:3239} INFO - Sync 3 DAGs
[2025-02-28T22:48:19.009+0000] {logging_mixin.py:190} INFO - [2025-02-28T22:48:19.009+0000] {dag.py:4180} INFO - Setting next_dagrun for example_subdag_operator to 2022-01-01 00:00:00+00:00, run_after=2022-01-01 00:00:00+00:00
[2025-02-28T22:48:19.012+0000] {logging_mixin.py:190} INFO - [2025-02-28T22:48:19.012+0000] {dag.py:4180} INFO - Setting next_dagrun for example_subdag_operator.section-1 to None, run_after=None
[2025-02-28T22:48:19.013+0000] {logging_mixin.py:190} INFO - [2025-02-28T22:48:19.013+0000] {dag.py:4180} INFO - Setting next_dagrun for example_subdag_operator.section-2 to None, run_after=None
[2025-02-28T22:48:19.018+0000] {logging_mixin.py:190} INFO - [2025-02-28T22:48:19.018+0000] {dag.py:3239} INFO - Sync 2 DAGs
[2025-02-28T22:48:19.021+0000] {logging_mixin.py:190} INFO - [2025-02-28T22:48:19.021+0000] {dag.py:4180} INFO - Setting next_dagrun for example_subdag_operator.section-1 to None, run_after=None
[2025-02-28T22:48:19.022+0000] {logging_mixin.py:190} INFO - [2025-02-28T22:48:19.022+0000] {dag.py:4180} INFO - Setting next_dagrun for example_subdag_operator.section-2 to None, run_after=None
[2025-02-28T22:48:19.030+0000] {processor.py:208} INFO - Processing /home/airflow/.local/lib/python3.12/site-packages/airflow/example_dags/example_subdag_operator.py took 0.077 seconds
[2025-02-28T22:48:49.573+0000] {processor.py:186} INFO - Started process (PID=275) to work on /home/airflow/.local/lib/python3.12/site-packages/airflow/example_dags/example_subdag_operator.py
[2025-02-28T22:48:49.574+0000] {processor.py:914} INFO - Processing file /home/airflow/.local/lib/python3.12/site-packages/airflow/example_dags/example_subdag_operator.py for tasks to queue
[2025-02-28T22:48:49.576+0000] {logging_mixin.py:190} INFO - [2025-02-28T22:48:49.576+0000] {dagbag.py:588} INFO - Filling up the DagBag from /home/airflow/.local/lib/python3.12/site-packages/airflow/example_dags/example_subdag_operator.py
[2025-02-28T22:48:49.594+0000] {processor.py:925} INFO - DAG(s) 'example_subdag_operator.section-1', 'example_subdag_operator.section-2', 'example_subdag_operator' retrieved from /home/airflow/.local/lib/python3.12/site-packages/airflow/example_dags/example_subdag_operator.py
[2025-02-28T22:48:49.605+0000] {logging_mixin.py:190} INFO - [2025-02-28T22:48:49.605+0000] {dag.py:3239} INFO - Sync 3 DAGs
[2025-02-28T22:48:49.623+0000] {logging_mixin.py:190} INFO - [2025-02-28T22:48:49.623+0000] {dag.py:4180} INFO - Setting next_dagrun for example_subdag_operator to 2022-01-01 00:00:00+00:00, run_after=2022-01-01 00:00:00+00:00
[2025-02-28T22:48:49.626+0000] {logging_mixin.py:190} INFO - [2025-02-28T22:48:49.626+0000] {dag.py:4180} INFO - Setting next_dagrun for example_subdag_operator.section-1 to None, run_after=None
[2025-02-28T22:48:49.627+0000] {logging_mixin.py:190} INFO - [2025-02-28T22:48:49.627+0000] {dag.py:4180} INFO - Setting next_dagrun for example_subdag_operator.section-2 to None, run_after=None
[2025-02-28T22:48:49.632+0000] {logging_mixin.py:190} INFO - [2025-02-28T22:48:49.632+0000] {dag.py:3239} INFO - Sync 2 DAGs
[2025-02-28T22:48:49.636+0000] {logging_mixin.py:190} INFO - [2025-02-28T22:48:49.636+0000] {dag.py:4180} INFO - Setting next_dagrun for example_subdag_operator.section-1 to None, run_after=None
[2025-02-28T22:48:49.637+0000] {logging_mixin.py:190} INFO - [2025-02-28T22:48:49.636+0000] {dag.py:4180} INFO - Setting next_dagrun for example_subdag_operator.section-2 to None, run_after=None
[2025-02-28T22:48:49.645+0000] {processor.py:208} INFO - Processing /home/airflow/.local/lib/python3.12/site-packages/airflow/example_dags/example_subdag_operator.py took 0.076 seconds
[2025-02-28T22:49:21.243+0000] {processor.py:186} INFO - Started process (PID=340) to work on /home/airflow/.local/lib/python3.12/site-packages/airflow/example_dags/example_subdag_operator.py
[2025-02-28T22:49:21.244+0000] {processor.py:914} INFO - Processing file /home/airflow/.local/lib/python3.12/site-packages/airflow/example_dags/example_subdag_operator.py for tasks to queue
[2025-02-28T22:49:21.246+0000] {logging_mixin.py:190} INFO - [2025-02-28T22:49:21.245+0000] {dagbag.py:588} INFO - Filling up the DagBag from /home/airflow/.local/lib/python3.12/site-packages/airflow/example_dags/example_subdag_operator.py
[2025-02-28T22:49:21.265+0000] {processor.py:925} INFO - DAG(s) 'example_subdag_operator.section-1', 'example_subdag_operator.section-2', 'example_subdag_operator' retrieved from /home/airflow/.local/lib/python3.12/site-packages/airflow/example_dags/example_subdag_operator.py
[2025-02-28T22:49:21.278+0000] {logging_mixin.py:190} INFO - [2025-02-28T22:49:21.278+0000] {dag.py:3239} INFO - Sync 3 DAGs
[2025-02-28T22:49:21.296+0000] {logging_mixin.py:190} INFO - [2025-02-28T22:49:21.296+0000] {dag.py:4180} INFO - Setting next_dagrun for example_subdag_operator to 2022-01-01 00:00:00+00:00, run_after=2022-01-01 00:00:00+00:00
[2025-02-28T22:49:21.299+0000] {logging_mixin.py:190} INFO - [2025-02-28T22:49:21.299+0000] {dag.py:4180} INFO - Setting next_dagrun for example_subdag_operator.section-1 to None, run_after=None
[2025-02-28T22:49:21.300+0000] {logging_mixin.py:190} INFO - [2025-02-28T22:49:21.300+0000] {dag.py:4180} INFO - Setting next_dagrun for example_subdag_operator.section-2 to None, run_after=None
[2025-02-28T22:49:21.304+0000] {logging_mixin.py:190} INFO - [2025-02-28T22:49:21.304+0000] {dag.py:3239} INFO - Sync 2 DAGs
[2025-02-28T22:49:21.308+0000] {logging_mixin.py:190} INFO - [2025-02-28T22:49:21.308+0000] {dag.py:4180} INFO - Setting next_dagrun for example_subdag_operator.section-1 to None, run_after=None
[2025-02-28T22:49:21.308+0000] {logging_mixin.py:190} INFO - [2025-02-28T22:49:21.308+0000] {dag.py:4180} INFO - Setting next_dagrun for example_subdag_operator.section-2 to None, run_after=None
[2025-02-28T22:49:21.322+0000] {processor.py:208} INFO - Processing /home/airflow/.local/lib/python3.12/site-packages/airflow/example_dags/example_subdag_operator.py took 0.084 seconds
[2025-02-28T22:49:53.254+0000] {processor.py:186} INFO - Started process (PID=404) to work on /home/airflow/.local/lib/python3.12/site-packages/airflow/example_dags/example_subdag_operator.py
[2025-02-28T22:49:53.254+0000] {processor.py:914} INFO - Processing file /home/airflow/.local/lib/python3.12/site-packages/airflow/example_dags/example_subdag_operator.py for tasks to queue
[2025-02-28T22:49:53.256+0000] {logging_mixin.py:190} INFO - [2025-02-28T22:49:53.256+0000] {dagbag.py:588} INFO - Filling up the DagBag from /home/airflow/.local/lib/python3.12/site-packages/airflow/example_dags/example_subdag_operator.py
[2025-02-28T22:49:53.274+0000] {processor.py:925} INFO - DAG(s) 'example_subdag_operator.section-1', 'example_subdag_operator.section-2', 'example_subdag_operator' retrieved from /home/airflow/.local/lib/python3.12/site-packages/airflow/example_dags/example_subdag_operator.py
[2025-02-28T22:49:53.285+0000] {logging_mixin.py:190} INFO - [2025-02-28T22:49:53.285+0000] {dag.py:3239} INFO - Sync 3 DAGs
[2025-02-28T22:49:53.303+0000] {logging_mixin.py:190} INFO - [2025-02-28T22:49:53.303+0000] {dag.py:4180} INFO - Setting next_dagrun for example_subdag_operator to 2022-01-01 00:00:00+00:00, run_after=2022-01-01 00:00:00+00:00
[2025-02-28T22:49:53.307+0000] {logging_mixin.py:190} INFO - [2025-02-28T22:49:53.307+0000] {dag.py:4180} INFO - Setting next_dagrun for example_subdag_operator.section-1 to None, run_after=None
[2025-02-28T22:49:53.308+0000] {logging_mixin.py:190} INFO - [2025-02-28T22:49:53.308+0000] {dag.py:4180} INFO - Setting next_dagrun for example_subdag_operator.section-2 to None, run_after=None
[2025-02-28T22:49:53.314+0000] {logging_mixin.py:190} INFO - [2025-02-28T22:49:53.313+0000] {dag.py:3239} INFO - Sync 2 DAGs
[2025-02-28T22:49:53.317+0000] {logging_mixin.py:190} INFO - [2025-02-28T22:49:53.317+0000] {dag.py:4180} INFO - Setting next_dagrun for example_subdag_operator.section-1 to None, run_after=None
[2025-02-28T22:49:53.318+0000] {logging_mixin.py:190} INFO - [2025-02-28T22:49:53.318+0000] {dag.py:4180} INFO - Setting next_dagrun for example_subdag_operator.section-2 to None, run_after=None
[2025-02-28T22:49:53.327+0000] {processor.py:208} INFO - Processing /home/airflow/.local/lib/python3.12/site-packages/airflow/example_dags/example_subdag_operator.py took 0.078 seconds
[2025-02-28T22:50:23.519+0000] {processor.py:186} INFO - Started process (PID=468) to work on /home/airflow/.local/lib/python3.12/site-packages/airflow/example_dags/example_subdag_operator.py
[2025-02-28T22:50:23.519+0000] {processor.py:914} INFO - Processing file /home/airflow/.local/lib/python3.12/site-packages/airflow/example_dags/example_subdag_operator.py for tasks to queue
[2025-02-28T22:50:23.521+0000] {logging_mixin.py:190} INFO - [2025-02-28T22:50:23.521+0000] {dagbag.py:588} INFO - Filling up the DagBag from /home/airflow/.local/lib/python3.12/site-packages/airflow/example_dags/example_subdag_operator.py
[2025-02-28T22:50:23.539+0000] {processor.py:925} INFO - DAG(s) 'example_subdag_operator.section-1', 'example_subdag_operator.section-2', 'example_subdag_operator' retrieved from /home/airflow/.local/lib/python3.12/site-packages/airflow/example_dags/example_subdag_operator.py
[2025-02-28T22:50:23.550+0000] {logging_mixin.py:190} INFO - [2025-02-28T22:50:23.550+0000] {dag.py:3239} INFO - Sync 3 DAGs
[2025-02-28T22:50:23.567+0000] {logging_mixin.py:190} INFO - [2025-02-28T22:50:23.567+0000] {dag.py:4180} INFO - Setting next_dagrun for example_subdag_operator to 2022-01-01 00:00:00+00:00, run_after=2022-01-01 00:00:00+00:00
[2025-02-28T22:50:23.570+0000] {logging_mixin.py:190} INFO - [2025-02-28T22:50:23.570+0000] {dag.py:4180} INFO - Setting next_dagrun for example_subdag_operator.section-1 to None, run_after=None
[2025-02-28T22:50:23.570+0000] {logging_mixin.py:190} INFO - [2025-02-28T22:50:23.570+0000] {dag.py:4180} INFO - Setting next_dagrun for example_subdag_operator.section-2 to None, run_after=None
[2025-02-28T22:50:23.575+0000] {logging_mixin.py:190} INFO - [2025-02-28T22:50:23.575+0000] {dag.py:3239} INFO - Sync 2 DAGs
[2025-02-28T22:50:23.579+0000] {logging_mixin.py:190} INFO - [2025-02-28T22:50:23.579+0000] {dag.py:4180} INFO - Setting next_dagrun for example_subdag_operator.section-1 to None, run_after=None
[2025-02-28T22:50:23.579+0000] {logging_mixin.py:190} INFO - [2025-02-28T22:50:23.579+0000] {dag.py:4180} INFO - Setting next_dagrun for example_subdag_operator.section-2 to None, run_after=None
[2025-02-28T22:50:23.593+0000] {processor.py:208} INFO - Processing /home/airflow/.local/lib/python3.12/site-packages/airflow/example_dags/example_subdag_operator.py took 0.079 seconds
[2025-02-28T22:50:54.931+0000] {processor.py:186} INFO - Started process (PID=532) to work on /home/airflow/.local/lib/python3.12/site-packages/airflow/example_dags/example_subdag_operator.py
[2025-02-28T22:50:54.932+0000] {processor.py:914} INFO - Processing file /home/airflow/.local/lib/python3.12/site-packages/airflow/example_dags/example_subdag_operator.py for tasks to queue
[2025-02-28T22:50:54.934+0000] {logging_mixin.py:190} INFO - [2025-02-28T22:50:54.933+0000] {dagbag.py:588} INFO - Filling up the DagBag from /home/airflow/.local/lib/python3.12/site-packages/airflow/example_dags/example_subdag_operator.py
[2025-02-28T22:50:54.952+0000] {processor.py:925} INFO - DAG(s) 'example_subdag_operator.section-1', 'example_subdag_operator.section-2', 'example_subdag_operator' retrieved from /home/airflow/.local/lib/python3.12/site-packages/airflow/example_dags/example_subdag_operator.py
[2025-02-28T22:50:54.965+0000] {logging_mixin.py:190} INFO - [2025-02-28T22:50:54.965+0000] {dag.py:3239} INFO - Sync 3 DAGs
[2025-02-28T22:50:54.984+0000] {logging_mixin.py:190} INFO - [2025-02-28T22:50:54.984+0000] {dag.py:4180} INFO - Setting next_dagrun for example_subdag_operator to 2022-01-01 00:00:00+00:00, run_after=2022-01-01 00:00:00+00:00
[2025-02-28T22:50:54.987+0000] {logging_mixin.py:190} INFO - [2025-02-28T22:50:54.987+0000] {dag.py:4180} INFO - Setting next_dagrun for example_subdag_operator.section-1 to None, run_after=None
[2025-02-28T22:50:54.988+0000] {logging_mixin.py:190} INFO - [2025-02-28T22:50:54.988+0000] {dag.py:4180} INFO - Setting next_dagrun for example_subdag_operator.section-2 to None, run_after=None
[2025-02-28T22:50:54.994+0000] {logging_mixin.py:190} INFO - [2025-02-28T22:50:54.993+0000] {dag.py:3239} INFO - Sync 2 DAGs
[2025-02-28T22:50:54.998+0000] {logging_mixin.py:190} INFO - [2025-02-28T22:50:54.997+0000] {dag.py:4180} INFO - Setting next_dagrun for example_subdag_operator.section-1 to None, run_after=None
[2025-02-28T22:50:54.998+0000] {logging_mixin.py:190} INFO - [2025-02-28T22:50:54.998+0000] {dag.py:4180} INFO - Setting next_dagrun for example_subdag_operator.section-2 to None, run_after=None
[2025-02-28T22:50:55.043+0000] {processor.py:208} INFO - Processing /home/airflow/.local/lib/python3.12/site-packages/airflow/example_dags/example_subdag_operator.py took 0.116 seconds
[2025-02-28T22:52:24.392+0000] {processor.py:186} INFO - Started process (PID=84) to work on /home/airflow/.local/lib/python3.12/site-packages/airflow/example_dags/example_subdag_operator.py
[2025-02-28T22:52:24.392+0000] {processor.py:914} INFO - Processing file /home/airflow/.local/lib/python3.12/site-packages/airflow/example_dags/example_subdag_operator.py for tasks to queue
[2025-02-28T22:52:24.394+0000] {logging_mixin.py:190} INFO - [2025-02-28T22:52:24.394+0000] {dagbag.py:588} INFO - Filling up the DagBag from /home/airflow/.local/lib/python3.12/site-packages/airflow/example_dags/example_subdag_operator.py
[2025-02-28T22:52:24.414+0000] {processor.py:925} INFO - DAG(s) 'example_subdag_operator.section-1', 'example_subdag_operator.section-2', 'example_subdag_operator' retrieved from /home/airflow/.local/lib/python3.12/site-packages/airflow/example_dags/example_subdag_operator.py
[2025-02-28T22:52:24.425+0000] {logging_mixin.py:190} INFO - [2025-02-28T22:52:24.425+0000] {dag.py:3239} INFO - Sync 3 DAGs
[2025-02-28T22:52:24.442+0000] {logging_mixin.py:190} INFO - [2025-02-28T22:52:24.442+0000] {dag.py:4180} INFO - Setting next_dagrun for example_subdag_operator to 2022-01-01 00:00:00+00:00, run_after=2022-01-01 00:00:00+00:00
[2025-02-28T22:52:24.444+0000] {logging_mixin.py:190} INFO - [2025-02-28T22:52:24.444+0000] {dag.py:4180} INFO - Setting next_dagrun for example_subdag_operator.section-1 to None, run_after=None
[2025-02-28T22:52:24.445+0000] {logging_mixin.py:190} INFO - [2025-02-28T22:52:24.445+0000] {dag.py:4180} INFO - Setting next_dagrun for example_subdag_operator.section-2 to None, run_after=None
[2025-02-28T22:52:24.450+0000] {logging_mixin.py:190} INFO - [2025-02-28T22:52:24.450+0000] {dag.py:3239} INFO - Sync 2 DAGs
[2025-02-28T22:52:24.454+0000] {logging_mixin.py:190} INFO - [2025-02-28T22:52:24.454+0000] {dag.py:4180} INFO - Setting next_dagrun for example_subdag_operator.section-1 to None, run_after=None
[2025-02-28T22:52:24.454+0000] {logging_mixin.py:190} INFO - [2025-02-28T22:52:24.454+0000] {dag.py:4180} INFO - Setting next_dagrun for example_subdag_operator.section-2 to None, run_after=None
[2025-02-28T22:52:24.462+0000] {processor.py:208} INFO - Processing /home/airflow/.local/lib/python3.12/site-packages/airflow/example_dags/example_subdag_operator.py took 0.075 seconds
[2025-02-28T22:52:57.298+0000] {processor.py:186} INFO - Started process (PID=148) to work on /home/airflow/.local/lib/python3.12/site-packages/airflow/example_dags/example_subdag_operator.py
[2025-02-28T22:52:57.299+0000] {processor.py:914} INFO - Processing file /home/airflow/.local/lib/python3.12/site-packages/airflow/example_dags/example_subdag_operator.py for tasks to queue
[2025-02-28T22:52:57.300+0000] {logging_mixin.py:190} INFO - [2025-02-28T22:52:57.300+0000] {dagbag.py:588} INFO - Filling up the DagBag from /home/airflow/.local/lib/python3.12/site-packages/airflow/example_dags/example_subdag_operator.py
[2025-02-28T22:52:57.318+0000] {processor.py:925} INFO - DAG(s) 'example_subdag_operator.section-1', 'example_subdag_operator.section-2', 'example_subdag_operator' retrieved from /home/airflow/.local/lib/python3.12/site-packages/airflow/example_dags/example_subdag_operator.py
[2025-02-28T22:52:57.331+0000] {logging_mixin.py:190} INFO - [2025-02-28T22:52:57.331+0000] {dag.py:3239} INFO - Sync 3 DAGs
[2025-02-28T22:52:57.352+0000] {logging_mixin.py:190} INFO - [2025-02-28T22:52:57.351+0000] {dag.py:4180} INFO - Setting next_dagrun for example_subdag_operator to 2022-01-01 00:00:00+00:00, run_after=2022-01-01 00:00:00+00:00
[2025-02-28T22:52:57.355+0000] {logging_mixin.py:190} INFO - [2025-02-28T22:52:57.355+0000] {dag.py:4180} INFO - Setting next_dagrun for example_subdag_operator.section-1 to None, run_after=None
[2025-02-28T22:52:57.356+0000] {logging_mixin.py:190} INFO - [2025-02-28T22:52:57.356+0000] {dag.py:4180} INFO - Setting next_dagrun for example_subdag_operator.section-2 to None, run_after=None
[2025-02-28T22:52:57.361+0000] {logging_mixin.py:190} INFO - [2025-02-28T22:52:57.360+0000] {dag.py:3239} INFO - Sync 2 DAGs
[2025-02-28T22:52:57.364+0000] {logging_mixin.py:190} INFO - [2025-02-28T22:52:57.364+0000] {dag.py:4180} INFO - Setting next_dagrun for example_subdag_operator.section-1 to None, run_after=None
[2025-02-28T22:52:57.364+0000] {logging_mixin.py:190} INFO - [2025-02-28T22:52:57.364+0000] {dag.py:4180} INFO - Setting next_dagrun for example_subdag_operator.section-2 to None, run_after=None
[2025-02-28T22:52:57.376+0000] {processor.py:208} INFO - Processing /home/airflow/.local/lib/python3.12/site-packages/airflow/example_dags/example_subdag_operator.py took 0.082 seconds
[2025-02-28T22:58:55.029+0000] {processor.py:186} INFO - Started process (PID=84) to work on /home/airflow/.local/lib/python3.12/site-packages/airflow/example_dags/example_subdag_operator.py
[2025-02-28T22:58:55.030+0000] {processor.py:914} INFO - Processing file /home/airflow/.local/lib/python3.12/site-packages/airflow/example_dags/example_subdag_operator.py for tasks to queue
[2025-02-28T22:58:55.032+0000] {logging_mixin.py:190} INFO - [2025-02-28T22:58:55.032+0000] {dagbag.py:588} INFO - Filling up the DagBag from /home/airflow/.local/lib/python3.12/site-packages/airflow/example_dags/example_subdag_operator.py
[2025-02-28T22:58:55.050+0000] {processor.py:925} INFO - DAG(s) 'example_subdag_operator.section-1', 'example_subdag_operator.section-2', 'example_subdag_operator' retrieved from /home/airflow/.local/lib/python3.12/site-packages/airflow/example_dags/example_subdag_operator.py
[2025-02-28T22:58:55.062+0000] {logging_mixin.py:190} INFO - [2025-02-28T22:58:55.062+0000] {dag.py:3239} INFO - Sync 3 DAGs
[2025-02-28T22:58:55.079+0000] {logging_mixin.py:190} INFO - [2025-02-28T22:58:55.079+0000] {dag.py:4180} INFO - Setting next_dagrun for example_subdag_operator to 2022-01-01 00:00:00+00:00, run_after=2022-01-01 00:00:00+00:00
[2025-02-28T22:58:55.082+0000] {logging_mixin.py:190} INFO - [2025-02-28T22:58:55.082+0000] {dag.py:4180} INFO - Setting next_dagrun for example_subdag_operator.section-1 to None, run_after=None
[2025-02-28T22:58:55.083+0000] {logging_mixin.py:190} INFO - [2025-02-28T22:58:55.083+0000] {dag.py:4180} INFO - Setting next_dagrun for example_subdag_operator.section-2 to None, run_after=None
[2025-02-28T22:58:55.087+0000] {logging_mixin.py:190} INFO - [2025-02-28T22:58:55.087+0000] {dag.py:3239} INFO - Sync 2 DAGs
[2025-02-28T22:58:55.091+0000] {logging_mixin.py:190} INFO - [2025-02-28T22:58:55.091+0000] {dag.py:4180} INFO - Setting next_dagrun for example_subdag_operator.section-1 to None, run_after=None
[2025-02-28T22:58:55.091+0000] {logging_mixin.py:190} INFO - [2025-02-28T22:58:55.091+0000] {dag.py:4180} INFO - Setting next_dagrun for example_subdag_operator.section-2 to None, run_after=None
[2025-02-28T22:58:55.101+0000] {processor.py:208} INFO - Processing /home/airflow/.local/lib/python3.12/site-packages/airflow/example_dags/example_subdag_operator.py took 0.076 seconds
[2025-02-28T23:20:37.845+0000] {processor.py:186} INFO - Started process (PID=84) to work on /home/airflow/.local/lib/python3.12/site-packages/airflow/example_dags/example_subdag_operator.py
[2025-02-28T23:20:37.846+0000] {processor.py:914} INFO - Processing file /home/airflow/.local/lib/python3.12/site-packages/airflow/example_dags/example_subdag_operator.py for tasks to queue
[2025-02-28T23:20:37.848+0000] {logging_mixin.py:190} INFO - [2025-02-28T23:20:37.847+0000] {dagbag.py:588} INFO - Filling up the DagBag from /home/airflow/.local/lib/python3.12/site-packages/airflow/example_dags/example_subdag_operator.py
[2025-02-28T23:20:37.869+0000] {processor.py:925} INFO - DAG(s) 'example_subdag_operator.section-1', 'example_subdag_operator.section-2', 'example_subdag_operator' retrieved from /home/airflow/.local/lib/python3.12/site-packages/airflow/example_dags/example_subdag_operator.py
[2025-02-28T23:20:37.882+0000] {logging_mixin.py:190} INFO - [2025-02-28T23:20:37.882+0000] {dag.py:3239} INFO - Sync 3 DAGs
[2025-02-28T23:20:37.901+0000] {logging_mixin.py:190} INFO - [2025-02-28T23:20:37.901+0000] {dag.py:4180} INFO - Setting next_dagrun for example_subdag_operator to 2022-01-01 00:00:00+00:00, run_after=2022-01-01 00:00:00+00:00
[2025-02-28T23:20:37.904+0000] {logging_mixin.py:190} INFO - [2025-02-28T23:20:37.904+0000] {dag.py:4180} INFO - Setting next_dagrun for example_subdag_operator.section-1 to None, run_after=None
[2025-02-28T23:20:37.905+0000] {logging_mixin.py:190} INFO - [2025-02-28T23:20:37.904+0000] {dag.py:4180} INFO - Setting next_dagrun for example_subdag_operator.section-2 to None, run_after=None
[2025-02-28T23:20:37.910+0000] {logging_mixin.py:190} INFO - [2025-02-28T23:20:37.910+0000] {dag.py:3239} INFO - Sync 2 DAGs
[2025-02-28T23:20:37.913+0000] {logging_mixin.py:190} INFO - [2025-02-28T23:20:37.913+0000] {dag.py:4180} INFO - Setting next_dagrun for example_subdag_operator.section-1 to None, run_after=None
[2025-02-28T23:20:37.914+0000] {logging_mixin.py:190} INFO - [2025-02-28T23:20:37.914+0000] {dag.py:4180} INFO - Setting next_dagrun for example_subdag_operator.section-2 to None, run_after=None
[2025-02-28T23:20:37.923+0000] {processor.py:208} INFO - Processing /home/airflow/.local/lib/python3.12/site-packages/airflow/example_dags/example_subdag_operator.py took 0.082 seconds
[2025-02-28T23:21:08.584+0000] {processor.py:186} INFO - Started process (PID=148) to work on /home/airflow/.local/lib/python3.12/site-packages/airflow/example_dags/example_subdag_operator.py
[2025-02-28T23:21:08.585+0000] {processor.py:914} INFO - Processing file /home/airflow/.local/lib/python3.12/site-packages/airflow/example_dags/example_subdag_operator.py for tasks to queue
[2025-02-28T23:21:08.587+0000] {logging_mixin.py:190} INFO - [2025-02-28T23:21:08.587+0000] {dagbag.py:588} INFO - Filling up the DagBag from /home/airflow/.local/lib/python3.12/site-packages/airflow/example_dags/example_subdag_operator.py
[2025-02-28T23:21:08.605+0000] {processor.py:925} INFO - DAG(s) 'example_subdag_operator.section-1', 'example_subdag_operator.section-2', 'example_subdag_operator' retrieved from /home/airflow/.local/lib/python3.12/site-packages/airflow/example_dags/example_subdag_operator.py
[2025-02-28T23:21:08.617+0000] {logging_mixin.py:190} INFO - [2025-02-28T23:21:08.617+0000] {dag.py:3239} INFO - Sync 3 DAGs
[2025-02-28T23:21:08.634+0000] {logging_mixin.py:190} INFO - [2025-02-28T23:21:08.634+0000] {dag.py:4180} INFO - Setting next_dagrun for example_subdag_operator to 2022-01-01 00:00:00+00:00, run_after=2022-01-01 00:00:00+00:00
[2025-02-28T23:21:08.637+0000] {logging_mixin.py:190} INFO - [2025-02-28T23:21:08.637+0000] {dag.py:4180} INFO - Setting next_dagrun for example_subdag_operator.section-1 to None, run_after=None
[2025-02-28T23:21:08.638+0000] {logging_mixin.py:190} INFO - [2025-02-28T23:21:08.638+0000] {dag.py:4180} INFO - Setting next_dagrun for example_subdag_operator.section-2 to None, run_after=None
[2025-02-28T23:21:08.643+0000] {logging_mixin.py:190} INFO - [2025-02-28T23:21:08.642+0000] {dag.py:3239} INFO - Sync 2 DAGs
[2025-02-28T23:21:08.646+0000] {logging_mixin.py:190} INFO - [2025-02-28T23:21:08.646+0000] {dag.py:4180} INFO - Setting next_dagrun for example_subdag_operator.section-1 to None, run_after=None
[2025-02-28T23:21:08.646+0000] {logging_mixin.py:190} INFO - [2025-02-28T23:21:08.646+0000] {dag.py:4180} INFO - Setting next_dagrun for example_subdag_operator.section-2 to None, run_after=None
[2025-02-28T23:21:08.654+0000] {processor.py:208} INFO - Processing /home/airflow/.local/lib/python3.12/site-packages/airflow/example_dags/example_subdag_operator.py took 0.075 seconds
[2025-02-28T23:21:41.474+0000] {processor.py:186} INFO - Started process (PID=212) to work on /home/airflow/.local/lib/python3.12/site-packages/airflow/example_dags/example_subdag_operator.py
[2025-02-28T23:21:41.475+0000] {processor.py:914} INFO - Processing file /home/airflow/.local/lib/python3.12/site-packages/airflow/example_dags/example_subdag_operator.py for tasks to queue
[2025-02-28T23:21:41.477+0000] {logging_mixin.py:190} INFO - [2025-02-28T23:21:41.476+0000] {dagbag.py:588} INFO - Filling up the DagBag from /home/airflow/.local/lib/python3.12/site-packages/airflow/example_dags/example_subdag_operator.py
[2025-02-28T23:21:41.496+0000] {processor.py:925} INFO - DAG(s) 'example_subdag_operator.section-1', 'example_subdag_operator.section-2', 'example_subdag_operator' retrieved from /home/airflow/.local/lib/python3.12/site-packages/airflow/example_dags/example_subdag_operator.py
[2025-02-28T23:21:41.509+0000] {logging_mixin.py:190} INFO - [2025-02-28T23:21:41.508+0000] {dag.py:3239} INFO - Sync 3 DAGs
[2025-02-28T23:21:41.528+0000] {logging_mixin.py:190} INFO - [2025-02-28T23:21:41.528+0000] {dag.py:4180} INFO - Setting next_dagrun for example_subdag_operator to 2022-01-01 00:00:00+00:00, run_after=2022-01-01 00:00:00+00:00
[2025-02-28T23:21:41.531+0000] {logging_mixin.py:190} INFO - [2025-02-28T23:21:41.531+0000] {dag.py:4180} INFO - Setting next_dagrun for example_subdag_operator.section-1 to None, run_after=None
[2025-02-28T23:21:41.532+0000] {logging_mixin.py:190} INFO - [2025-02-28T23:21:41.532+0000] {dag.py:4180} INFO - Setting next_dagrun for example_subdag_operator.section-2 to None, run_after=None
[2025-02-28T23:21:41.537+0000] {logging_mixin.py:190} INFO - [2025-02-28T23:21:41.537+0000] {dag.py:3239} INFO - Sync 2 DAGs
[2025-02-28T23:21:41.540+0000] {logging_mixin.py:190} INFO - [2025-02-28T23:21:41.540+0000] {dag.py:4180} INFO - Setting next_dagrun for example_subdag_operator.section-1 to None, run_after=None
[2025-02-28T23:21:41.540+0000] {logging_mixin.py:190} INFO - [2025-02-28T23:21:41.540+0000] {dag.py:4180} INFO - Setting next_dagrun for example_subdag_operator.section-2 to None, run_after=None
[2025-02-28T23:21:41.548+0000] {processor.py:208} INFO - Processing /home/airflow/.local/lib/python3.12/site-packages/airflow/example_dags/example_subdag_operator.py took 0.079 seconds
[2025-02-28T23:22:25.232+0000] {processor.py:186} INFO - Started process (PID=282) to work on /home/airflow/.local/lib/python3.12/site-packages/airflow/example_dags/example_subdag_operator.py
[2025-02-28T23:22:25.233+0000] {processor.py:914} INFO - Processing file /home/airflow/.local/lib/python3.12/site-packages/airflow/example_dags/example_subdag_operator.py for tasks to queue
[2025-02-28T23:22:25.234+0000] {logging_mixin.py:190} INFO - [2025-02-28T23:22:25.234+0000] {dagbag.py:588} INFO - Filling up the DagBag from /home/airflow/.local/lib/python3.12/site-packages/airflow/example_dags/example_subdag_operator.py
[2025-02-28T23:22:25.252+0000] {processor.py:925} INFO - DAG(s) 'example_subdag_operator.section-1', 'example_subdag_operator.section-2', 'example_subdag_operator' retrieved from /home/airflow/.local/lib/python3.12/site-packages/airflow/example_dags/example_subdag_operator.py
[2025-02-28T23:22:25.263+0000] {logging_mixin.py:190} INFO - [2025-02-28T23:22:25.263+0000] {dag.py:3239} INFO - Sync 3 DAGs
[2025-02-28T23:22:25.281+0000] {logging_mixin.py:190} INFO - [2025-02-28T23:22:25.281+0000] {dag.py:4180} INFO - Setting next_dagrun for example_subdag_operator to 2022-01-01 00:00:00+00:00, run_after=2022-01-01 00:00:00+00:00
[2025-02-28T23:22:25.284+0000] {logging_mixin.py:190} INFO - [2025-02-28T23:22:25.284+0000] {dag.py:4180} INFO - Setting next_dagrun for example_subdag_operator.section-1 to None, run_after=None
[2025-02-28T23:22:25.285+0000] {logging_mixin.py:190} INFO - [2025-02-28T23:22:25.285+0000] {dag.py:4180} INFO - Setting next_dagrun for example_subdag_operator.section-2 to None, run_after=None
[2025-02-28T23:22:25.289+0000] {logging_mixin.py:190} INFO - [2025-02-28T23:22:25.289+0000] {dag.py:3239} INFO - Sync 2 DAGs
[2025-02-28T23:22:25.293+0000] {logging_mixin.py:190} INFO - [2025-02-28T23:22:25.293+0000] {dag.py:4180} INFO - Setting next_dagrun for example_subdag_operator.section-1 to None, run_after=None
[2025-02-28T23:22:25.293+0000] {logging_mixin.py:190} INFO - [2025-02-28T23:22:25.293+0000] {dag.py:4180} INFO - Setting next_dagrun for example_subdag_operator.section-2 to None, run_after=None
[2025-02-28T23:22:25.302+0000] {processor.py:208} INFO - Processing /home/airflow/.local/lib/python3.12/site-packages/airflow/example_dags/example_subdag_operator.py took 0.075 seconds
[2025-02-28T23:22:56.761+0000] {processor.py:186} INFO - Started process (PID=346) to work on /home/airflow/.local/lib/python3.12/site-packages/airflow/example_dags/example_subdag_operator.py
[2025-02-28T23:22:56.761+0000] {processor.py:914} INFO - Processing file /home/airflow/.local/lib/python3.12/site-packages/airflow/example_dags/example_subdag_operator.py for tasks to queue
[2025-02-28T23:22:56.763+0000] {logging_mixin.py:190} INFO - [2025-02-28T23:22:56.763+0000] {dagbag.py:588} INFO - Filling up the DagBag from /home/airflow/.local/lib/python3.12/site-packages/airflow/example_dags/example_subdag_operator.py
[2025-02-28T23:22:56.782+0000] {processor.py:925} INFO - DAG(s) 'example_subdag_operator.section-1', 'example_subdag_operator.section-2', 'example_subdag_operator' retrieved from /home/airflow/.local/lib/python3.12/site-packages/airflow/example_dags/example_subdag_operator.py
[2025-02-28T23:22:56.794+0000] {logging_mixin.py:190} INFO - [2025-02-28T23:22:56.794+0000] {dag.py:3239} INFO - Sync 3 DAGs
[2025-02-28T23:22:56.812+0000] {logging_mixin.py:190} INFO - [2025-02-28T23:22:56.812+0000] {dag.py:4180} INFO - Setting next_dagrun for example_subdag_operator to 2022-01-01 00:00:00+00:00, run_after=2022-01-01 00:00:00+00:00
[2025-02-28T23:22:56.816+0000] {logging_mixin.py:190} INFO - [2025-02-28T23:22:56.815+0000] {dag.py:4180} INFO - Setting next_dagrun for example_subdag_operator.section-1 to None, run_after=None
[2025-02-28T23:22:56.816+0000] {logging_mixin.py:190} INFO - [2025-02-28T23:22:56.816+0000] {dag.py:4180} INFO - Setting next_dagrun for example_subdag_operator.section-2 to None, run_after=None
[2025-02-28T23:22:56.821+0000] {logging_mixin.py:190} INFO - [2025-02-28T23:22:56.821+0000] {dag.py:3239} INFO - Sync 2 DAGs
[2025-02-28T23:22:56.826+0000] {logging_mixin.py:190} INFO - [2025-02-28T23:22:56.826+0000] {dag.py:4180} INFO - Setting next_dagrun for example_subdag_operator.section-1 to None, run_after=None
[2025-02-28T23:22:56.826+0000] {logging_mixin.py:190} INFO - [2025-02-28T23:22:56.826+0000] {dag.py:4180} INFO - Setting next_dagrun for example_subdag_operator.section-2 to None, run_after=None
[2025-02-28T23:22:56.834+0000] {processor.py:208} INFO - Processing /home/airflow/.local/lib/python3.12/site-packages/airflow/example_dags/example_subdag_operator.py took 0.079 seconds
[2025-02-28T23:23:27.137+0000] {processor.py:186} INFO - Started process (PID=410) to work on /home/airflow/.local/lib/python3.12/site-packages/airflow/example_dags/example_subdag_operator.py
[2025-02-28T23:23:27.138+0000] {processor.py:914} INFO - Processing file /home/airflow/.local/lib/python3.12/site-packages/airflow/example_dags/example_subdag_operator.py for tasks to queue
[2025-02-28T23:23:27.141+0000] {logging_mixin.py:190} INFO - [2025-02-28T23:23:27.141+0000] {dagbag.py:588} INFO - Filling up the DagBag from /home/airflow/.local/lib/python3.12/site-packages/airflow/example_dags/example_subdag_operator.py
[2025-02-28T23:23:27.174+0000] {processor.py:925} INFO - DAG(s) 'example_subdag_operator.section-1', 'example_subdag_operator.section-2', 'example_subdag_operator' retrieved from /home/airflow/.local/lib/python3.12/site-packages/airflow/example_dags/example_subdag_operator.py
[2025-02-28T23:23:27.193+0000] {logging_mixin.py:190} INFO - [2025-02-28T23:23:27.193+0000] {dag.py:3239} INFO - Sync 3 DAGs
[2025-02-28T23:23:27.227+0000] {logging_mixin.py:190} INFO - [2025-02-28T23:23:27.226+0000] {dag.py:4180} INFO - Setting next_dagrun for example_subdag_operator to 2022-01-01 00:00:00+00:00, run_after=2022-01-01 00:00:00+00:00
[2025-02-28T23:23:27.230+0000] {logging_mixin.py:190} INFO - [2025-02-28T23:23:27.230+0000] {dag.py:4180} INFO - Setting next_dagrun for example_subdag_operator.section-1 to None, run_after=None
[2025-02-28T23:23:27.231+0000] {logging_mixin.py:190} INFO - [2025-02-28T23:23:27.231+0000] {dag.py:4180} INFO - Setting next_dagrun for example_subdag_operator.section-2 to None, run_after=None
[2025-02-28T23:23:27.236+0000] {logging_mixin.py:190} INFO - [2025-02-28T23:23:27.236+0000] {dag.py:3239} INFO - Sync 2 DAGs
[2025-02-28T23:23:27.241+0000] {logging_mixin.py:190} INFO - [2025-02-28T23:23:27.241+0000] {dag.py:4180} INFO - Setting next_dagrun for example_subdag_operator.section-1 to None, run_after=None
[2025-02-28T23:23:27.242+0000] {logging_mixin.py:190} INFO - [2025-02-28T23:23:27.242+0000] {dag.py:4180} INFO - Setting next_dagrun for example_subdag_operator.section-2 to None, run_after=None
[2025-02-28T23:23:27.251+0000] {processor.py:208} INFO - Processing /home/airflow/.local/lib/python3.12/site-packages/airflow/example_dags/example_subdag_operator.py took 0.120 seconds
[2025-02-28T23:23:57.285+0000] {processor.py:186} INFO - Started process (PID=474) to work on /home/airflow/.local/lib/python3.12/site-packages/airflow/example_dags/example_subdag_operator.py
[2025-02-28T23:23:57.286+0000] {processor.py:914} INFO - Processing file /home/airflow/.local/lib/python3.12/site-packages/airflow/example_dags/example_subdag_operator.py for tasks to queue
[2025-02-28T23:23:57.289+0000] {logging_mixin.py:190} INFO - [2025-02-28T23:23:57.288+0000] {dagbag.py:588} INFO - Filling up the DagBag from /home/airflow/.local/lib/python3.12/site-packages/airflow/example_dags/example_subdag_operator.py
[2025-02-28T23:23:57.320+0000] {processor.py:925} INFO - DAG(s) 'example_subdag_operator.section-1', 'example_subdag_operator.section-2', 'example_subdag_operator' retrieved from /home/airflow/.local/lib/python3.12/site-packages/airflow/example_dags/example_subdag_operator.py
[2025-02-28T23:23:57.337+0000] {logging_mixin.py:190} INFO - [2025-02-28T23:23:57.336+0000] {dag.py:3239} INFO - Sync 3 DAGs
[2025-02-28T23:23:57.383+0000] {logging_mixin.py:190} INFO - [2025-02-28T23:23:57.383+0000] {dag.py:4180} INFO - Setting next_dagrun for example_subdag_operator to 2022-01-01 00:00:00+00:00, run_after=2022-01-01 00:00:00+00:00
[2025-02-28T23:23:57.389+0000] {logging_mixin.py:190} INFO - [2025-02-28T23:23:57.389+0000] {dag.py:4180} INFO - Setting next_dagrun for example_subdag_operator.section-1 to None, run_after=None
[2025-02-28T23:23:57.391+0000] {logging_mixin.py:190} INFO - [2025-02-28T23:23:57.391+0000] {dag.py:4180} INFO - Setting next_dagrun for example_subdag_operator.section-2 to None, run_after=None
[2025-02-28T23:23:57.401+0000] {logging_mixin.py:190} INFO - [2025-02-28T23:23:57.401+0000] {dag.py:3239} INFO - Sync 2 DAGs
[2025-02-28T23:23:57.406+0000] {logging_mixin.py:190} INFO - [2025-02-28T23:23:57.406+0000] {dag.py:4180} INFO - Setting next_dagrun for example_subdag_operator.section-1 to None, run_after=None
[2025-02-28T23:23:57.406+0000] {logging_mixin.py:190} INFO - [2025-02-28T23:23:57.406+0000] {dag.py:4180} INFO - Setting next_dagrun for example_subdag_operator.section-2 to None, run_after=None
[2025-02-28T23:23:57.419+0000] {processor.py:208} INFO - Processing /home/airflow/.local/lib/python3.12/site-packages/airflow/example_dags/example_subdag_operator.py took 0.139 seconds
