[2025-02-28T14:03:14.399+0000] {processor.py:186} INFO - Started process (PID=81) to work on /home/airflow/.local/lib/python3.12/site-packages/airflow/example_dags/example_bash_operator.py
[2025-02-28T14:03:14.438+0000] {processor.py:914} INFO - Processing file /home/airflow/.local/lib/python3.12/site-packages/airflow/example_dags/example_bash_operator.py for tasks to queue
[2025-02-28T14:03:14.448+0000] {logging_mixin.py:190} INFO - [2025-02-28T14:03:14.448+0000] {dagbag.py:588} INFO - Filling up the DagBag from /home/airflow/.local/lib/python3.12/site-packages/airflow/example_dags/example_bash_operator.py
[2025-02-28T14:03:14.638+0000] {processor.py:925} INFO - DAG(s) 'example_bash_operator' retrieved from /home/airflow/.local/lib/python3.12/site-packages/airflow/example_dags/example_bash_operator.py
[2025-02-28T14:03:14.664+0000] {logging_mixin.py:190} INFO - [2025-02-28T14:03:14.664+0000] {dag.py:3239} INFO - Sync 1 DAGs
[2025-02-28T14:03:14.687+0000] {logging_mixin.py:190} INFO - [2025-02-28T14:03:14.686+0000] {dag.py:4180} INFO - Setting next_dagrun for example_bash_operator to 2025-02-27 00:00:00+00:00, run_after=2025-02-28 00:00:00+00:00
[2025-02-28T14:03:14.715+0000] {processor.py:208} INFO - Processing /home/airflow/.local/lib/python3.12/site-packages/airflow/example_dags/example_bash_operator.py took 0.937 seconds
[2025-02-28T14:03:45.116+0000] {processor.py:186} INFO - Started process (PID=145) to work on /home/airflow/.local/lib/python3.12/site-packages/airflow/example_dags/example_bash_operator.py
[2025-02-28T14:03:45.116+0000] {processor.py:914} INFO - Processing file /home/airflow/.local/lib/python3.12/site-packages/airflow/example_dags/example_bash_operator.py for tasks to queue
[2025-02-28T14:03:45.308+0000] {logging_mixin.py:190} INFO - [2025-02-28T14:03:45.307+0000] {dagbag.py:588} INFO - Filling up the DagBag from /home/airflow/.local/lib/python3.12/site-packages/airflow/example_dags/example_bash_operator.py
[2025-02-28T14:03:45.318+0000] {processor.py:925} INFO - DAG(s) 'example_bash_operator' retrieved from /home/airflow/.local/lib/python3.12/site-packages/airflow/example_dags/example_bash_operator.py
[2025-02-28T14:03:45.338+0000] {logging_mixin.py:190} INFO - [2025-02-28T14:03:45.338+0000] {dag.py:3239} INFO - Sync 1 DAGs
[2025-02-28T14:03:45.356+0000] {logging_mixin.py:190} INFO - [2025-02-28T14:03:45.356+0000] {dag.py:4180} INFO - Setting next_dagrun for example_bash_operator to 2025-02-27 00:00:00+00:00, run_after=2025-02-28 00:00:00+00:00
[2025-02-28T14:03:45.391+0000] {processor.py:208} INFO - Processing /home/airflow/.local/lib/python3.12/site-packages/airflow/example_dags/example_bash_operator.py took 0.325 seconds
[2025-02-28T14:04:15.567+0000] {processor.py:186} INFO - Started process (PID=208) to work on /home/airflow/.local/lib/python3.12/site-packages/airflow/example_dags/example_bash_operator.py
[2025-02-28T14:04:15.569+0000] {processor.py:914} INFO - Processing file /home/airflow/.local/lib/python3.12/site-packages/airflow/example_dags/example_bash_operator.py for tasks to queue
[2025-02-28T14:04:15.570+0000] {logging_mixin.py:190} INFO - [2025-02-28T14:04:15.570+0000] {dagbag.py:588} INFO - Filling up the DagBag from /home/airflow/.local/lib/python3.12/site-packages/airflow/example_dags/example_bash_operator.py
[2025-02-28T14:04:15.580+0000] {processor.py:925} INFO - DAG(s) 'example_bash_operator' retrieved from /home/airflow/.local/lib/python3.12/site-packages/airflow/example_dags/example_bash_operator.py
[2025-02-28T14:04:15.599+0000] {logging_mixin.py:190} INFO - [2025-02-28T14:04:15.599+0000] {dag.py:3239} INFO - Sync 1 DAGs
[2025-02-28T14:04:15.618+0000] {logging_mixin.py:190} INFO - [2025-02-28T14:04:15.618+0000] {dag.py:4180} INFO - Setting next_dagrun for example_bash_operator to 2025-02-27 00:00:00+00:00, run_after=2025-02-28 00:00:00+00:00
[2025-02-28T14:04:15.637+0000] {processor.py:208} INFO - Processing /home/airflow/.local/lib/python3.12/site-packages/airflow/example_dags/example_bash_operator.py took 0.074 seconds
[2025-02-28T14:04:45.733+0000] {processor.py:186} INFO - Started process (PID=272) to work on /home/airflow/.local/lib/python3.12/site-packages/airflow/example_dags/example_bash_operator.py
[2025-02-28T14:04:45.734+0000] {processor.py:914} INFO - Processing file /home/airflow/.local/lib/python3.12/site-packages/airflow/example_dags/example_bash_operator.py for tasks to queue
[2025-02-28T14:04:45.736+0000] {logging_mixin.py:190} INFO - [2025-02-28T14:04:45.736+0000] {dagbag.py:588} INFO - Filling up the DagBag from /home/airflow/.local/lib/python3.12/site-packages/airflow/example_dags/example_bash_operator.py
[2025-02-28T14:04:45.746+0000] {processor.py:925} INFO - DAG(s) 'example_bash_operator' retrieved from /home/airflow/.local/lib/python3.12/site-packages/airflow/example_dags/example_bash_operator.py
[2025-02-28T14:04:45.767+0000] {logging_mixin.py:190} INFO - [2025-02-28T14:04:45.767+0000] {dag.py:3239} INFO - Sync 1 DAGs
[2025-02-28T14:04:45.825+0000] {logging_mixin.py:190} INFO - [2025-02-28T14:04:45.825+0000] {dag.py:4180} INFO - Setting next_dagrun for example_bash_operator to 2025-02-27 00:00:00+00:00, run_after=2025-02-28 00:00:00+00:00
[2025-02-28T14:04:45.911+0000] {processor.py:208} INFO - Processing /home/airflow/.local/lib/python3.12/site-packages/airflow/example_dags/example_bash_operator.py took 0.183 seconds
[2025-02-28T14:05:18.148+0000] {processor.py:186} INFO - Started process (PID=336) to work on /home/airflow/.local/lib/python3.12/site-packages/airflow/example_dags/example_bash_operator.py
[2025-02-28T14:05:18.149+0000] {processor.py:914} INFO - Processing file /home/airflow/.local/lib/python3.12/site-packages/airflow/example_dags/example_bash_operator.py for tasks to queue
[2025-02-28T14:05:18.151+0000] {logging_mixin.py:190} INFO - [2025-02-28T14:05:18.151+0000] {dagbag.py:588} INFO - Filling up the DagBag from /home/airflow/.local/lib/python3.12/site-packages/airflow/example_dags/example_bash_operator.py
[2025-02-28T14:05:18.164+0000] {processor.py:925} INFO - DAG(s) 'example_bash_operator' retrieved from /home/airflow/.local/lib/python3.12/site-packages/airflow/example_dags/example_bash_operator.py
[2025-02-28T14:05:18.194+0000] {logging_mixin.py:190} INFO - [2025-02-28T14:05:18.194+0000] {dag.py:3239} INFO - Sync 1 DAGs
[2025-02-28T14:05:18.221+0000] {logging_mixin.py:190} INFO - [2025-02-28T14:05:18.221+0000] {dag.py:4180} INFO - Setting next_dagrun for example_bash_operator to 2025-02-27 00:00:00+00:00, run_after=2025-02-28 00:00:00+00:00
[2025-02-28T14:05:18.240+0000] {processor.py:208} INFO - Processing /home/airflow/.local/lib/python3.12/site-packages/airflow/example_dags/example_bash_operator.py took 0.099 seconds
[2025-02-28T14:05:49.122+0000] {processor.py:186} INFO - Started process (PID=400) to work on /home/airflow/.local/lib/python3.12/site-packages/airflow/example_dags/example_bash_operator.py
[2025-02-28T14:05:49.123+0000] {processor.py:914} INFO - Processing file /home/airflow/.local/lib/python3.12/site-packages/airflow/example_dags/example_bash_operator.py for tasks to queue
[2025-02-28T14:05:49.125+0000] {logging_mixin.py:190} INFO - [2025-02-28T14:05:49.125+0000] {dagbag.py:588} INFO - Filling up the DagBag from /home/airflow/.local/lib/python3.12/site-packages/airflow/example_dags/example_bash_operator.py
[2025-02-28T14:05:49.140+0000] {processor.py:925} INFO - DAG(s) 'example_bash_operator' retrieved from /home/airflow/.local/lib/python3.12/site-packages/airflow/example_dags/example_bash_operator.py
[2025-02-28T14:05:49.164+0000] {logging_mixin.py:190} INFO - [2025-02-28T14:05:49.164+0000] {dag.py:3239} INFO - Sync 1 DAGs
[2025-02-28T14:05:49.182+0000] {logging_mixin.py:190} INFO - [2025-02-28T14:05:49.182+0000] {dag.py:4180} INFO - Setting next_dagrun for example_bash_operator to 2025-02-27 00:00:00+00:00, run_after=2025-02-28 00:00:00+00:00
[2025-02-28T14:05:49.201+0000] {processor.py:208} INFO - Processing /home/airflow/.local/lib/python3.12/site-packages/airflow/example_dags/example_bash_operator.py took 0.085 seconds
[2025-02-28T14:06:20.158+0000] {processor.py:186} INFO - Started process (PID=465) to work on /home/airflow/.local/lib/python3.12/site-packages/airflow/example_dags/example_bash_operator.py
[2025-02-28T14:06:20.159+0000] {processor.py:914} INFO - Processing file /home/airflow/.local/lib/python3.12/site-packages/airflow/example_dags/example_bash_operator.py for tasks to queue
[2025-02-28T14:06:20.161+0000] {logging_mixin.py:190} INFO - [2025-02-28T14:06:20.160+0000] {dagbag.py:588} INFO - Filling up the DagBag from /home/airflow/.local/lib/python3.12/site-packages/airflow/example_dags/example_bash_operator.py
[2025-02-28T14:06:20.172+0000] {processor.py:925} INFO - DAG(s) 'example_bash_operator' retrieved from /home/airflow/.local/lib/python3.12/site-packages/airflow/example_dags/example_bash_operator.py
[2025-02-28T14:06:20.193+0000] {logging_mixin.py:190} INFO - [2025-02-28T14:06:20.193+0000] {dag.py:3239} INFO - Sync 1 DAGs
[2025-02-28T14:06:20.212+0000] {logging_mixin.py:190} INFO - [2025-02-28T14:06:20.212+0000] {dag.py:4180} INFO - Setting next_dagrun for example_bash_operator to 2025-02-27 00:00:00+00:00, run_after=2025-02-28 00:00:00+00:00
[2025-02-28T14:06:20.226+0000] {processor.py:208} INFO - Processing /home/airflow/.local/lib/python3.12/site-packages/airflow/example_dags/example_bash_operator.py took 0.072 seconds
[2025-02-28T14:06:51.453+0000] {processor.py:186} INFO - Started process (PID=529) to work on /home/airflow/.local/lib/python3.12/site-packages/airflow/example_dags/example_bash_operator.py
[2025-02-28T14:06:51.454+0000] {processor.py:914} INFO - Processing file /home/airflow/.local/lib/python3.12/site-packages/airflow/example_dags/example_bash_operator.py for tasks to queue
[2025-02-28T14:06:51.456+0000] {logging_mixin.py:190} INFO - [2025-02-28T14:06:51.455+0000] {dagbag.py:588} INFO - Filling up the DagBag from /home/airflow/.local/lib/python3.12/site-packages/airflow/example_dags/example_bash_operator.py
[2025-02-28T14:06:51.467+0000] {processor.py:925} INFO - DAG(s) 'example_bash_operator' retrieved from /home/airflow/.local/lib/python3.12/site-packages/airflow/example_dags/example_bash_operator.py
[2025-02-28T14:06:51.490+0000] {logging_mixin.py:190} INFO - [2025-02-28T14:06:51.490+0000] {dag.py:3239} INFO - Sync 1 DAGs
[2025-02-28T14:06:51.508+0000] {logging_mixin.py:190} INFO - [2025-02-28T14:06:51.508+0000] {dag.py:4180} INFO - Setting next_dagrun for example_bash_operator to 2025-02-27 00:00:00+00:00, run_after=2025-02-28 00:00:00+00:00
[2025-02-28T14:06:51.523+0000] {processor.py:208} INFO - Processing /home/airflow/.local/lib/python3.12/site-packages/airflow/example_dags/example_bash_operator.py took 0.074 seconds
[2025-02-28T22:42:07.344+0000] {processor.py:186} INFO - Started process (PID=68) to work on /home/airflow/.local/lib/python3.12/site-packages/airflow/example_dags/example_bash_operator.py
[2025-02-28T22:42:07.345+0000] {processor.py:914} INFO - Processing file /home/airflow/.local/lib/python3.12/site-packages/airflow/example_dags/example_bash_operator.py for tasks to queue
[2025-02-28T22:42:07.348+0000] {logging_mixin.py:190} INFO - [2025-02-28T22:42:07.348+0000] {dagbag.py:588} INFO - Filling up the DagBag from /home/airflow/.local/lib/python3.12/site-packages/airflow/example_dags/example_bash_operator.py
[2025-02-28T22:42:07.365+0000] {processor.py:925} INFO - DAG(s) 'example_bash_operator' retrieved from /home/airflow/.local/lib/python3.12/site-packages/airflow/example_dags/example_bash_operator.py
[2025-02-28T22:42:07.393+0000] {logging_mixin.py:190} INFO - [2025-02-28T22:42:07.393+0000] {dag.py:3239} INFO - Sync 1 DAGs
[2025-02-28T22:42:07.414+0000] {logging_mixin.py:190} INFO - [2025-02-28T22:42:07.414+0000] {dag.py:4180} INFO - Setting next_dagrun for example_bash_operator to 2025-02-27 00:00:00+00:00, run_after=2025-02-28 00:00:00+00:00
[2025-02-28T22:42:07.436+0000] {processor.py:208} INFO - Processing /home/airflow/.local/lib/python3.12/site-packages/airflow/example_dags/example_bash_operator.py took 0.098 seconds
[2025-02-28T22:42:38.175+0000] {processor.py:186} INFO - Started process (PID=132) to work on /home/airflow/.local/lib/python3.12/site-packages/airflow/example_dags/example_bash_operator.py
[2025-02-28T22:42:38.176+0000] {processor.py:914} INFO - Processing file /home/airflow/.local/lib/python3.12/site-packages/airflow/example_dags/example_bash_operator.py for tasks to queue
[2025-02-28T22:42:38.178+0000] {logging_mixin.py:190} INFO - [2025-02-28T22:42:38.177+0000] {dagbag.py:588} INFO - Filling up the DagBag from /home/airflow/.local/lib/python3.12/site-packages/airflow/example_dags/example_bash_operator.py
[2025-02-28T22:42:38.188+0000] {processor.py:925} INFO - DAG(s) 'example_bash_operator' retrieved from /home/airflow/.local/lib/python3.12/site-packages/airflow/example_dags/example_bash_operator.py
[2025-02-28T22:42:38.207+0000] {logging_mixin.py:190} INFO - [2025-02-28T22:42:38.207+0000] {dag.py:3239} INFO - Sync 1 DAGs
[2025-02-28T22:42:38.224+0000] {logging_mixin.py:190} INFO - [2025-02-28T22:42:38.224+0000] {dag.py:4180} INFO - Setting next_dagrun for example_bash_operator to 2025-02-27 00:00:00+00:00, run_after=2025-02-28 00:00:00+00:00
[2025-02-28T22:42:38.239+0000] {processor.py:208} INFO - Processing /home/airflow/.local/lib/python3.12/site-packages/airflow/example_dags/example_bash_operator.py took 0.069 seconds
[2025-02-28T22:47:17.330+0000] {processor.py:186} INFO - Started process (PID=68) to work on /home/airflow/.local/lib/python3.12/site-packages/airflow/example_dags/example_bash_operator.py
[2025-02-28T22:47:17.331+0000] {processor.py:914} INFO - Processing file /home/airflow/.local/lib/python3.12/site-packages/airflow/example_dags/example_bash_operator.py for tasks to queue
[2025-02-28T22:47:17.333+0000] {logging_mixin.py:190} INFO - [2025-02-28T22:47:17.333+0000] {dagbag.py:588} INFO - Filling up the DagBag from /home/airflow/.local/lib/python3.12/site-packages/airflow/example_dags/example_bash_operator.py
[2025-02-28T22:47:17.346+0000] {processor.py:925} INFO - DAG(s) 'example_bash_operator' retrieved from /home/airflow/.local/lib/python3.12/site-packages/airflow/example_dags/example_bash_operator.py
[2025-02-28T22:47:17.371+0000] {logging_mixin.py:190} INFO - [2025-02-28T22:47:17.371+0000] {dag.py:3239} INFO - Sync 1 DAGs
[2025-02-28T22:47:17.393+0000] {logging_mixin.py:190} INFO - [2025-02-28T22:47:17.392+0000] {dag.py:4180} INFO - Setting next_dagrun for example_bash_operator to 2025-02-27 00:00:00+00:00, run_after=2025-02-28 00:00:00+00:00
[2025-02-28T22:47:17.407+0000] {processor.py:208} INFO - Processing /home/airflow/.local/lib/python3.12/site-packages/airflow/example_dags/example_bash_operator.py took 0.082 seconds
[2025-02-28T22:47:47.629+0000] {processor.py:186} INFO - Started process (PID=132) to work on /home/airflow/.local/lib/python3.12/site-packages/airflow/example_dags/example_bash_operator.py
[2025-02-28T22:47:47.630+0000] {processor.py:914} INFO - Processing file /home/airflow/.local/lib/python3.12/site-packages/airflow/example_dags/example_bash_operator.py for tasks to queue
[2025-02-28T22:47:47.631+0000] {logging_mixin.py:190} INFO - [2025-02-28T22:47:47.631+0000] {dagbag.py:588} INFO - Filling up the DagBag from /home/airflow/.local/lib/python3.12/site-packages/airflow/example_dags/example_bash_operator.py
[2025-02-28T22:47:47.641+0000] {processor.py:925} INFO - DAG(s) 'example_bash_operator' retrieved from /home/airflow/.local/lib/python3.12/site-packages/airflow/example_dags/example_bash_operator.py
[2025-02-28T22:47:47.665+0000] {logging_mixin.py:190} INFO - [2025-02-28T22:47:47.665+0000] {dag.py:3239} INFO - Sync 1 DAGs
[2025-02-28T22:47:47.684+0000] {logging_mixin.py:190} INFO - [2025-02-28T22:47:47.684+0000] {dag.py:4180} INFO - Setting next_dagrun for example_bash_operator to 2025-02-27 00:00:00+00:00, run_after=2025-02-28 00:00:00+00:00
[2025-02-28T22:47:47.698+0000] {processor.py:208} INFO - Processing /home/airflow/.local/lib/python3.12/site-packages/airflow/example_dags/example_bash_operator.py took 0.074 seconds
[2025-02-28T22:48:18.212+0000] {processor.py:186} INFO - Started process (PID=196) to work on /home/airflow/.local/lib/python3.12/site-packages/airflow/example_dags/example_bash_operator.py
[2025-02-28T22:48:18.212+0000] {processor.py:914} INFO - Processing file /home/airflow/.local/lib/python3.12/site-packages/airflow/example_dags/example_bash_operator.py for tasks to queue
[2025-02-28T22:48:18.214+0000] {logging_mixin.py:190} INFO - [2025-02-28T22:48:18.214+0000] {dagbag.py:588} INFO - Filling up the DagBag from /home/airflow/.local/lib/python3.12/site-packages/airflow/example_dags/example_bash_operator.py
[2025-02-28T22:48:18.224+0000] {processor.py:925} INFO - DAG(s) 'example_bash_operator' retrieved from /home/airflow/.local/lib/python3.12/site-packages/airflow/example_dags/example_bash_operator.py
[2025-02-28T22:48:18.244+0000] {logging_mixin.py:190} INFO - [2025-02-28T22:48:18.244+0000] {dag.py:3239} INFO - Sync 1 DAGs
[2025-02-28T22:48:18.263+0000] {logging_mixin.py:190} INFO - [2025-02-28T22:48:18.263+0000] {dag.py:4180} INFO - Setting next_dagrun for example_bash_operator to 2025-02-27 00:00:00+00:00, run_after=2025-02-28 00:00:00+00:00
[2025-02-28T22:48:18.276+0000] {processor.py:208} INFO - Processing /home/airflow/.local/lib/python3.12/site-packages/airflow/example_dags/example_bash_operator.py took 0.068 seconds
[2025-02-28T22:48:48.931+0000] {processor.py:186} INFO - Started process (PID=260) to work on /home/airflow/.local/lib/python3.12/site-packages/airflow/example_dags/example_bash_operator.py
[2025-02-28T22:48:48.932+0000] {processor.py:914} INFO - Processing file /home/airflow/.local/lib/python3.12/site-packages/airflow/example_dags/example_bash_operator.py for tasks to queue
[2025-02-28T22:48:48.934+0000] {logging_mixin.py:190} INFO - [2025-02-28T22:48:48.934+0000] {dagbag.py:588} INFO - Filling up the DagBag from /home/airflow/.local/lib/python3.12/site-packages/airflow/example_dags/example_bash_operator.py
[2025-02-28T22:48:48.945+0000] {processor.py:925} INFO - DAG(s) 'example_bash_operator' retrieved from /home/airflow/.local/lib/python3.12/site-packages/airflow/example_dags/example_bash_operator.py
[2025-02-28T22:48:48.966+0000] {logging_mixin.py:190} INFO - [2025-02-28T22:48:48.966+0000] {dag.py:3239} INFO - Sync 1 DAGs
[2025-02-28T22:48:48.986+0000] {logging_mixin.py:190} INFO - [2025-02-28T22:48:48.985+0000] {dag.py:4180} INFO - Setting next_dagrun for example_bash_operator to 2025-02-27 00:00:00+00:00, run_after=2025-02-28 00:00:00+00:00
[2025-02-28T22:48:49.000+0000] {processor.py:208} INFO - Processing /home/airflow/.local/lib/python3.12/site-packages/airflow/example_dags/example_bash_operator.py took 0.074 seconds
[2025-02-28T22:49:20.219+0000] {processor.py:186} INFO - Started process (PID=324) to work on /home/airflow/.local/lib/python3.12/site-packages/airflow/example_dags/example_bash_operator.py
[2025-02-28T22:49:20.220+0000] {processor.py:914} INFO - Processing file /home/airflow/.local/lib/python3.12/site-packages/airflow/example_dags/example_bash_operator.py for tasks to queue
[2025-02-28T22:49:20.221+0000] {logging_mixin.py:190} INFO - [2025-02-28T22:49:20.221+0000] {dagbag.py:588} INFO - Filling up the DagBag from /home/airflow/.local/lib/python3.12/site-packages/airflow/example_dags/example_bash_operator.py
[2025-02-28T22:49:20.242+0000] {processor.py:925} INFO - DAG(s) 'example_bash_operator' retrieved from /home/airflow/.local/lib/python3.12/site-packages/airflow/example_dags/example_bash_operator.py
[2025-02-28T22:49:20.268+0000] {logging_mixin.py:190} INFO - [2025-02-28T22:49:20.268+0000] {dag.py:3239} INFO - Sync 1 DAGs
[2025-02-28T22:49:20.288+0000] {logging_mixin.py:190} INFO - [2025-02-28T22:49:20.288+0000] {dag.py:4180} INFO - Setting next_dagrun for example_bash_operator to 2025-02-27 00:00:00+00:00, run_after=2025-02-28 00:00:00+00:00
[2025-02-28T22:49:20.306+0000] {processor.py:208} INFO - Processing /home/airflow/.local/lib/python3.12/site-packages/airflow/example_dags/example_bash_operator.py took 0.092 seconds
[2025-02-28T22:49:52.232+0000] {processor.py:186} INFO - Started process (PID=388) to work on /home/airflow/.local/lib/python3.12/site-packages/airflow/example_dags/example_bash_operator.py
[2025-02-28T22:49:52.233+0000] {processor.py:914} INFO - Processing file /home/airflow/.local/lib/python3.12/site-packages/airflow/example_dags/example_bash_operator.py for tasks to queue
[2025-02-28T22:49:52.236+0000] {logging_mixin.py:190} INFO - [2025-02-28T22:49:52.235+0000] {dagbag.py:588} INFO - Filling up the DagBag from /home/airflow/.local/lib/python3.12/site-packages/airflow/example_dags/example_bash_operator.py
[2025-02-28T22:49:52.247+0000] {processor.py:925} INFO - DAG(s) 'example_bash_operator' retrieved from /home/airflow/.local/lib/python3.12/site-packages/airflow/example_dags/example_bash_operator.py
[2025-02-28T22:49:52.267+0000] {logging_mixin.py:190} INFO - [2025-02-28T22:49:52.267+0000] {dag.py:3239} INFO - Sync 1 DAGs
[2025-02-28T22:49:52.288+0000] {logging_mixin.py:190} INFO - [2025-02-28T22:49:52.288+0000] {dag.py:4180} INFO - Setting next_dagrun for example_bash_operator to 2025-02-27 00:00:00+00:00, run_after=2025-02-28 00:00:00+00:00
[2025-02-28T22:49:52.306+0000] {processor.py:208} INFO - Processing /home/airflow/.local/lib/python3.12/site-packages/airflow/example_dags/example_bash_operator.py took 0.079 seconds
[2025-02-28T22:50:22.637+0000] {processor.py:186} INFO - Started process (PID=452) to work on /home/airflow/.local/lib/python3.12/site-packages/airflow/example_dags/example_bash_operator.py
[2025-02-28T22:50:22.638+0000] {processor.py:914} INFO - Processing file /home/airflow/.local/lib/python3.12/site-packages/airflow/example_dags/example_bash_operator.py for tasks to queue
[2025-02-28T22:50:22.640+0000] {logging_mixin.py:190} INFO - [2025-02-28T22:50:22.640+0000] {dagbag.py:588} INFO - Filling up the DagBag from /home/airflow/.local/lib/python3.12/site-packages/airflow/example_dags/example_bash_operator.py
[2025-02-28T22:50:22.650+0000] {processor.py:925} INFO - DAG(s) 'example_bash_operator' retrieved from /home/airflow/.local/lib/python3.12/site-packages/airflow/example_dags/example_bash_operator.py
[2025-02-28T22:50:22.671+0000] {logging_mixin.py:190} INFO - [2025-02-28T22:50:22.671+0000] {dag.py:3239} INFO - Sync 1 DAGs
[2025-02-28T22:50:22.692+0000] {logging_mixin.py:190} INFO - [2025-02-28T22:50:22.692+0000] {dag.py:4180} INFO - Setting next_dagrun for example_bash_operator to 2025-02-27 00:00:00+00:00, run_after=2025-02-28 00:00:00+00:00
[2025-02-28T22:50:22.709+0000] {processor.py:208} INFO - Processing /home/airflow/.local/lib/python3.12/site-packages/airflow/example_dags/example_bash_operator.py took 0.077 seconds
[2025-02-28T22:50:54.087+0000] {processor.py:186} INFO - Started process (PID=516) to work on /home/airflow/.local/lib/python3.12/site-packages/airflow/example_dags/example_bash_operator.py
[2025-02-28T22:50:54.087+0000] {processor.py:914} INFO - Processing file /home/airflow/.local/lib/python3.12/site-packages/airflow/example_dags/example_bash_operator.py for tasks to queue
[2025-02-28T22:50:54.089+0000] {logging_mixin.py:190} INFO - [2025-02-28T22:50:54.089+0000] {dagbag.py:588} INFO - Filling up the DagBag from /home/airflow/.local/lib/python3.12/site-packages/airflow/example_dags/example_bash_operator.py
[2025-02-28T22:50:54.099+0000] {processor.py:925} INFO - DAG(s) 'example_bash_operator' retrieved from /home/airflow/.local/lib/python3.12/site-packages/airflow/example_dags/example_bash_operator.py
[2025-02-28T22:50:54.118+0000] {logging_mixin.py:190} INFO - [2025-02-28T22:50:54.118+0000] {dag.py:3239} INFO - Sync 1 DAGs
[2025-02-28T22:50:54.136+0000] {logging_mixin.py:190} INFO - [2025-02-28T22:50:54.136+0000] {dag.py:4180} INFO - Setting next_dagrun for example_bash_operator to 2025-02-27 00:00:00+00:00, run_after=2025-02-28 00:00:00+00:00
[2025-02-28T22:50:54.152+0000] {processor.py:208} INFO - Processing /home/airflow/.local/lib/python3.12/site-packages/airflow/example_dags/example_bash_operator.py took 0.070 seconds
[2025-02-28T22:52:23.247+0000] {processor.py:186} INFO - Started process (PID=68) to work on /home/airflow/.local/lib/python3.12/site-packages/airflow/example_dags/example_bash_operator.py
[2025-02-28T22:52:23.248+0000] {processor.py:914} INFO - Processing file /home/airflow/.local/lib/python3.12/site-packages/airflow/example_dags/example_bash_operator.py for tasks to queue
[2025-02-28T22:52:23.250+0000] {logging_mixin.py:190} INFO - [2025-02-28T22:52:23.249+0000] {dagbag.py:588} INFO - Filling up the DagBag from /home/airflow/.local/lib/python3.12/site-packages/airflow/example_dags/example_bash_operator.py
[2025-02-28T22:52:23.263+0000] {processor.py:925} INFO - DAG(s) 'example_bash_operator' retrieved from /home/airflow/.local/lib/python3.12/site-packages/airflow/example_dags/example_bash_operator.py
[2025-02-28T22:52:23.289+0000] {logging_mixin.py:190} INFO - [2025-02-28T22:52:23.289+0000] {dag.py:3239} INFO - Sync 1 DAGs
[2025-02-28T22:52:23.317+0000] {logging_mixin.py:190} INFO - [2025-02-28T22:52:23.316+0000] {dag.py:4180} INFO - Setting next_dagrun for example_bash_operator to 2025-02-27 00:00:00+00:00, run_after=2025-02-28 00:00:00+00:00
[2025-02-28T22:52:23.334+0000] {processor.py:208} INFO - Processing /home/airflow/.local/lib/python3.12/site-packages/airflow/example_dags/example_bash_operator.py took 0.091 seconds
[2025-02-28T22:52:56.398+0000] {processor.py:186} INFO - Started process (PID=132) to work on /home/airflow/.local/lib/python3.12/site-packages/airflow/example_dags/example_bash_operator.py
[2025-02-28T22:52:56.399+0000] {processor.py:914} INFO - Processing file /home/airflow/.local/lib/python3.12/site-packages/airflow/example_dags/example_bash_operator.py for tasks to queue
[2025-02-28T22:52:56.401+0000] {logging_mixin.py:190} INFO - [2025-02-28T22:52:56.401+0000] {dagbag.py:588} INFO - Filling up the DagBag from /home/airflow/.local/lib/python3.12/site-packages/airflow/example_dags/example_bash_operator.py
[2025-02-28T22:52:56.412+0000] {processor.py:925} INFO - DAG(s) 'example_bash_operator' retrieved from /home/airflow/.local/lib/python3.12/site-packages/airflow/example_dags/example_bash_operator.py
[2025-02-28T22:52:56.432+0000] {logging_mixin.py:190} INFO - [2025-02-28T22:52:56.431+0000] {dag.py:3239} INFO - Sync 1 DAGs
[2025-02-28T22:52:56.449+0000] {logging_mixin.py:190} INFO - [2025-02-28T22:52:56.449+0000] {dag.py:4180} INFO - Setting next_dagrun for example_bash_operator to 2025-02-27 00:00:00+00:00, run_after=2025-02-28 00:00:00+00:00
[2025-02-28T22:52:56.463+0000] {processor.py:208} INFO - Processing /home/airflow/.local/lib/python3.12/site-packages/airflow/example_dags/example_bash_operator.py took 0.070 seconds
[2025-02-28T22:58:53.709+0000] {processor.py:186} INFO - Started process (PID=68) to work on /home/airflow/.local/lib/python3.12/site-packages/airflow/example_dags/example_bash_operator.py
[2025-02-28T22:58:53.710+0000] {processor.py:914} INFO - Processing file /home/airflow/.local/lib/python3.12/site-packages/airflow/example_dags/example_bash_operator.py for tasks to queue
[2025-02-28T22:58:53.713+0000] {logging_mixin.py:190} INFO - [2025-02-28T22:58:53.712+0000] {dagbag.py:588} INFO - Filling up the DagBag from /home/airflow/.local/lib/python3.12/site-packages/airflow/example_dags/example_bash_operator.py
[2025-02-28T22:58:53.725+0000] {processor.py:925} INFO - DAG(s) 'example_bash_operator' retrieved from /home/airflow/.local/lib/python3.12/site-packages/airflow/example_dags/example_bash_operator.py
[2025-02-28T22:58:53.749+0000] {logging_mixin.py:190} INFO - [2025-02-28T22:58:53.748+0000] {dag.py:3239} INFO - Sync 1 DAGs
[2025-02-28T22:58:53.771+0000] {logging_mixin.py:190} INFO - [2025-02-28T22:58:53.770+0000] {dag.py:4180} INFO - Setting next_dagrun for example_bash_operator to 2025-02-27 00:00:00+00:00, run_after=2025-02-28 00:00:00+00:00
[2025-02-28T22:58:53.784+0000] {processor.py:208} INFO - Processing /home/airflow/.local/lib/python3.12/site-packages/airflow/example_dags/example_bash_operator.py took 0.081 seconds
[2025-02-28T22:59:26.729+0000] {processor.py:186} INFO - Started process (PID=133) to work on /home/airflow/.local/lib/python3.12/site-packages/airflow/example_dags/example_bash_operator.py
[2025-02-28T22:59:26.730+0000] {processor.py:914} INFO - Processing file /home/airflow/.local/lib/python3.12/site-packages/airflow/example_dags/example_bash_operator.py for tasks to queue
[2025-02-28T22:59:26.732+0000] {logging_mixin.py:190} INFO - [2025-02-28T22:59:26.732+0000] {dagbag.py:588} INFO - Filling up the DagBag from /home/airflow/.local/lib/python3.12/site-packages/airflow/example_dags/example_bash_operator.py
[2025-02-28T22:59:26.743+0000] {processor.py:925} INFO - DAG(s) 'example_bash_operator' retrieved from /home/airflow/.local/lib/python3.12/site-packages/airflow/example_dags/example_bash_operator.py
[2025-02-28T22:59:26.764+0000] {logging_mixin.py:190} INFO - [2025-02-28T22:59:26.764+0000] {dag.py:3239} INFO - Sync 1 DAGs
[2025-02-28T22:59:26.783+0000] {logging_mixin.py:190} INFO - [2025-02-28T22:59:26.782+0000] {dag.py:4180} INFO - Setting next_dagrun for example_bash_operator to 2025-02-27 00:00:00+00:00, run_after=2025-02-28 00:00:00+00:00
[2025-02-28T22:59:26.797+0000] {processor.py:208} INFO - Processing /home/airflow/.local/lib/python3.12/site-packages/airflow/example_dags/example_bash_operator.py took 0.073 seconds
[2025-02-28T23:20:36.693+0000] {processor.py:186} INFO - Started process (PID=68) to work on /home/airflow/.local/lib/python3.12/site-packages/airflow/example_dags/example_bash_operator.py
[2025-02-28T23:20:36.693+0000] {processor.py:914} INFO - Processing file /home/airflow/.local/lib/python3.12/site-packages/airflow/example_dags/example_bash_operator.py for tasks to queue
[2025-02-28T23:20:36.695+0000] {logging_mixin.py:190} INFO - [2025-02-28T23:20:36.695+0000] {dagbag.py:588} INFO - Filling up the DagBag from /home/airflow/.local/lib/python3.12/site-packages/airflow/example_dags/example_bash_operator.py
[2025-02-28T23:20:36.705+0000] {processor.py:925} INFO - DAG(s) 'example_bash_operator' retrieved from /home/airflow/.local/lib/python3.12/site-packages/airflow/example_dags/example_bash_operator.py
[2025-02-28T23:20:36.726+0000] {logging_mixin.py:190} INFO - [2025-02-28T23:20:36.726+0000] {dag.py:3239} INFO - Sync 1 DAGs
[2025-02-28T23:20:36.744+0000] {logging_mixin.py:190} INFO - [2025-02-28T23:20:36.744+0000] {dag.py:4180} INFO - Setting next_dagrun for example_bash_operator to 2025-02-27 00:00:00+00:00, run_after=2025-02-28 00:00:00+00:00
[2025-02-28T23:20:36.758+0000] {processor.py:208} INFO - Processing /home/airflow/.local/lib/python3.12/site-packages/airflow/example_dags/example_bash_operator.py took 0.070 seconds
[2025-02-28T23:21:07.737+0000] {processor.py:186} INFO - Started process (PID=132) to work on /home/airflow/.local/lib/python3.12/site-packages/airflow/example_dags/example_bash_operator.py
[2025-02-28T23:21:07.739+0000] {processor.py:914} INFO - Processing file /home/airflow/.local/lib/python3.12/site-packages/airflow/example_dags/example_bash_operator.py for tasks to queue
[2025-02-28T23:21:07.741+0000] {logging_mixin.py:190} INFO - [2025-02-28T23:21:07.741+0000] {dagbag.py:588} INFO - Filling up the DagBag from /home/airflow/.local/lib/python3.12/site-packages/airflow/example_dags/example_bash_operator.py
[2025-02-28T23:21:07.752+0000] {processor.py:925} INFO - DAG(s) 'example_bash_operator' retrieved from /home/airflow/.local/lib/python3.12/site-packages/airflow/example_dags/example_bash_operator.py
[2025-02-28T23:21:07.772+0000] {logging_mixin.py:190} INFO - [2025-02-28T23:21:07.771+0000] {dag.py:3239} INFO - Sync 1 DAGs
[2025-02-28T23:21:07.790+0000] {logging_mixin.py:190} INFO - [2025-02-28T23:21:07.790+0000] {dag.py:4180} INFO - Setting next_dagrun for example_bash_operator to 2025-02-27 00:00:00+00:00, run_after=2025-02-28 00:00:00+00:00
[2025-02-28T23:21:07.803+0000] {processor.py:208} INFO - Processing /home/airflow/.local/lib/python3.12/site-packages/airflow/example_dags/example_bash_operator.py took 0.071 seconds
[2025-02-28T23:21:39.074+0000] {processor.py:186} INFO - Started process (PID=196) to work on /home/airflow/.local/lib/python3.12/site-packages/airflow/example_dags/example_bash_operator.py
[2025-02-28T23:21:39.075+0000] {processor.py:914} INFO - Processing file /home/airflow/.local/lib/python3.12/site-packages/airflow/example_dags/example_bash_operator.py for tasks to queue
[2025-02-28T23:21:39.077+0000] {logging_mixin.py:190} INFO - [2025-02-28T23:21:39.077+0000] {dagbag.py:588} INFO - Filling up the DagBag from /home/airflow/.local/lib/python3.12/site-packages/airflow/example_dags/example_bash_operator.py
[2025-02-28T23:21:39.086+0000] {processor.py:925} INFO - DAG(s) 'example_bash_operator' retrieved from /home/airflow/.local/lib/python3.12/site-packages/airflow/example_dags/example_bash_operator.py
[2025-02-28T23:21:39.106+0000] {logging_mixin.py:190} INFO - [2025-02-28T23:21:39.106+0000] {dag.py:3239} INFO - Sync 1 DAGs
[2025-02-28T23:21:39.125+0000] {logging_mixin.py:190} INFO - [2025-02-28T23:21:39.125+0000] {dag.py:4180} INFO - Setting next_dagrun for example_bash_operator to 2025-02-27 00:00:00+00:00, run_after=2025-02-28 00:00:00+00:00
[2025-02-28T23:21:39.139+0000] {processor.py:208} INFO - Processing /home/airflow/.local/lib/python3.12/site-packages/airflow/example_dags/example_bash_operator.py took 0.069 seconds
[2025-02-28T23:22:24.094+0000] {processor.py:186} INFO - Started process (PID=266) to work on /home/airflow/.local/lib/python3.12/site-packages/airflow/example_dags/example_bash_operator.py
[2025-02-28T23:22:24.096+0000] {processor.py:914} INFO - Processing file /home/airflow/.local/lib/python3.12/site-packages/airflow/example_dags/example_bash_operator.py for tasks to queue
[2025-02-28T23:22:24.097+0000] {logging_mixin.py:190} INFO - [2025-02-28T23:22:24.097+0000] {dagbag.py:588} INFO - Filling up the DagBag from /home/airflow/.local/lib/python3.12/site-packages/airflow/example_dags/example_bash_operator.py
[2025-02-28T23:22:24.107+0000] {processor.py:925} INFO - DAG(s) 'example_bash_operator' retrieved from /home/airflow/.local/lib/python3.12/site-packages/airflow/example_dags/example_bash_operator.py
[2025-02-28T23:22:24.128+0000] {logging_mixin.py:190} INFO - [2025-02-28T23:22:24.128+0000] {dag.py:3239} INFO - Sync 1 DAGs
[2025-02-28T23:22:24.148+0000] {logging_mixin.py:190} INFO - [2025-02-28T23:22:24.147+0000] {dag.py:4180} INFO - Setting next_dagrun for example_bash_operator to 2025-02-27 00:00:00+00:00, run_after=2025-02-28 00:00:00+00:00
[2025-02-28T23:22:24.163+0000] {processor.py:208} INFO - Processing /home/airflow/.local/lib/python3.12/site-packages/airflow/example_dags/example_bash_operator.py took 0.074 seconds
[2025-02-28T23:22:55.751+0000] {processor.py:186} INFO - Started process (PID=330) to work on /home/airflow/.local/lib/python3.12/site-packages/airflow/example_dags/example_bash_operator.py
[2025-02-28T23:22:55.752+0000] {processor.py:914} INFO - Processing file /home/airflow/.local/lib/python3.12/site-packages/airflow/example_dags/example_bash_operator.py for tasks to queue
[2025-02-28T23:22:55.757+0000] {logging_mixin.py:190} INFO - [2025-02-28T23:22:55.756+0000] {dagbag.py:588} INFO - Filling up the DagBag from /home/airflow/.local/lib/python3.12/site-packages/airflow/example_dags/example_bash_operator.py
[2025-02-28T23:22:55.770+0000] {processor.py:925} INFO - DAG(s) 'example_bash_operator' retrieved from /home/airflow/.local/lib/python3.12/site-packages/airflow/example_dags/example_bash_operator.py
[2025-02-28T23:22:55.799+0000] {logging_mixin.py:190} INFO - [2025-02-28T23:22:55.799+0000] {dag.py:3239} INFO - Sync 1 DAGs
[2025-02-28T23:22:55.820+0000] {logging_mixin.py:190} INFO - [2025-02-28T23:22:55.820+0000] {dag.py:4180} INFO - Setting next_dagrun for example_bash_operator to 2025-02-27 00:00:00+00:00, run_after=2025-02-28 00:00:00+00:00
[2025-02-28T23:22:55.833+0000] {processor.py:208} INFO - Processing /home/airflow/.local/lib/python3.12/site-packages/airflow/example_dags/example_bash_operator.py took 0.089 seconds
[2025-02-28T23:23:26.048+0000] {processor.py:186} INFO - Started process (PID=394) to work on /home/airflow/.local/lib/python3.12/site-packages/airflow/example_dags/example_bash_operator.py
[2025-02-28T23:23:26.049+0000] {processor.py:914} INFO - Processing file /home/airflow/.local/lib/python3.12/site-packages/airflow/example_dags/example_bash_operator.py for tasks to queue
[2025-02-28T23:23:26.051+0000] {logging_mixin.py:190} INFO - [2025-02-28T23:23:26.050+0000] {dagbag.py:588} INFO - Filling up the DagBag from /home/airflow/.local/lib/python3.12/site-packages/airflow/example_dags/example_bash_operator.py
[2025-02-28T23:23:26.062+0000] {processor.py:925} INFO - DAG(s) 'example_bash_operator' retrieved from /home/airflow/.local/lib/python3.12/site-packages/airflow/example_dags/example_bash_operator.py
[2025-02-28T23:23:26.087+0000] {logging_mixin.py:190} INFO - [2025-02-28T23:23:26.087+0000] {dag.py:3239} INFO - Sync 1 DAGs
[2025-02-28T23:23:26.109+0000] {logging_mixin.py:190} INFO - [2025-02-28T23:23:26.109+0000] {dag.py:4180} INFO - Setting next_dagrun for example_bash_operator to 2025-02-27 00:00:00+00:00, run_after=2025-02-28 00:00:00+00:00
[2025-02-28T23:23:26.124+0000] {processor.py:208} INFO - Processing /home/airflow/.local/lib/python3.12/site-packages/airflow/example_dags/example_bash_operator.py took 0.080 seconds
[2025-02-28T23:23:56.500+0000] {processor.py:186} INFO - Started process (PID=458) to work on /home/airflow/.local/lib/python3.12/site-packages/airflow/example_dags/example_bash_operator.py
[2025-02-28T23:23:56.501+0000] {processor.py:914} INFO - Processing file /home/airflow/.local/lib/python3.12/site-packages/airflow/example_dags/example_bash_operator.py for tasks to queue
[2025-02-28T23:23:56.502+0000] {logging_mixin.py:190} INFO - [2025-02-28T23:23:56.502+0000] {dagbag.py:588} INFO - Filling up the DagBag from /home/airflow/.local/lib/python3.12/site-packages/airflow/example_dags/example_bash_operator.py
[2025-02-28T23:23:56.512+0000] {processor.py:925} INFO - DAG(s) 'example_bash_operator' retrieved from /home/airflow/.local/lib/python3.12/site-packages/airflow/example_dags/example_bash_operator.py
[2025-02-28T23:23:56.533+0000] {logging_mixin.py:190} INFO - [2025-02-28T23:23:56.533+0000] {dag.py:3239} INFO - Sync 1 DAGs
[2025-02-28T23:23:56.553+0000] {logging_mixin.py:190} INFO - [2025-02-28T23:23:56.553+0000] {dag.py:4180} INFO - Setting next_dagrun for example_bash_operator to 2025-02-27 00:00:00+00:00, run_after=2025-02-28 00:00:00+00:00
[2025-02-28T23:23:56.579+0000] {processor.py:208} INFO - Processing /home/airflow/.local/lib/python3.12/site-packages/airflow/example_dags/example_bash_operator.py took 0.085 seconds
