[2025-02-28T14:03:15.209+0000] {processor.py:186} INFO - Started process (PID=86) to work on /home/airflow/.local/lib/python3.12/site-packages/airflow/example_dags/example_xcomargs.py
[2025-02-28T14:03:15.210+0000] {processor.py:914} INFO - Processing file /home/airflow/.local/lib/python3.12/site-packages/airflow/example_dags/example_xcomargs.py for tasks to queue
[2025-02-28T14:03:15.212+0000] {logging_mixin.py:190} INFO - [2025-02-28T14:03:15.212+0000] {dagbag.py:588} INFO - Filling up the DagBag from /home/airflow/.local/lib/python3.12/site-packages/airflow/example_dags/example_xcomargs.py
[2025-02-28T14:03:15.221+0000] {processor.py:925} INFO - DAG(s) 'example_xcom_args_with_operators', 'example_xcom_args' retrieved from /home/airflow/.local/lib/python3.12/site-packages/airflow/example_dags/example_xcomargs.py
[2025-02-28T14:03:15.303+0000] {logging_mixin.py:190} INFO - [2025-02-28T14:03:15.303+0000] {dag.py:3239} INFO - Sync 2 DAGs
[2025-02-28T14:03:15.315+0000] {logging_mixin.py:190} INFO - [2025-02-28T14:03:15.315+0000] {dag.py:4180} INFO - Setting next_dagrun for example_xcom_args to None, run_after=None
[2025-02-28T14:03:15.319+0000] {logging_mixin.py:190} INFO - [2025-02-28T14:03:15.319+0000] {dag.py:4180} INFO - Setting next_dagrun for example_xcom_args_with_operators to None, run_after=None
[2025-02-28T14:03:15.331+0000] {processor.py:208} INFO - Processing /home/airflow/.local/lib/python3.12/site-packages/airflow/example_dags/example_xcomargs.py took 0.127 seconds
[2025-02-28T14:03:47.663+0000] {processor.py:186} INFO - Started process (PID=150) to work on /home/airflow/.local/lib/python3.12/site-packages/airflow/example_dags/example_xcomargs.py
[2025-02-28T14:03:47.664+0000] {processor.py:914} INFO - Processing file /home/airflow/.local/lib/python3.12/site-packages/airflow/example_dags/example_xcomargs.py for tasks to queue
[2025-02-28T14:03:47.666+0000] {logging_mixin.py:190} INFO - [2025-02-28T14:03:47.666+0000] {dagbag.py:588} INFO - Filling up the DagBag from /home/airflow/.local/lib/python3.12/site-packages/airflow/example_dags/example_xcomargs.py
[2025-02-28T14:03:47.678+0000] {processor.py:925} INFO - DAG(s) 'example_xcom_args_with_operators', 'example_xcom_args' retrieved from /home/airflow/.local/lib/python3.12/site-packages/airflow/example_dags/example_xcomargs.py
[2025-02-28T14:03:48.006+0000] {logging_mixin.py:190} INFO - [2025-02-28T14:03:48.006+0000] {dag.py:3239} INFO - Sync 2 DAGs
[2025-02-28T14:03:48.018+0000] {logging_mixin.py:190} INFO - [2025-02-28T14:03:48.018+0000] {dag.py:4180} INFO - Setting next_dagrun for example_xcom_args to None, run_after=None
[2025-02-28T14:03:48.022+0000] {logging_mixin.py:190} INFO - [2025-02-28T14:03:48.021+0000] {dag.py:4180} INFO - Setting next_dagrun for example_xcom_args_with_operators to None, run_after=None
[2025-02-28T14:03:51.629+0000] {processor.py:208} INFO - Processing /home/airflow/.local/lib/python3.12/site-packages/airflow/example_dags/example_xcomargs.py took 3.973 seconds
[2025-02-28T14:04:22.008+0000] {processor.py:186} INFO - Started process (PID=214) to work on /home/airflow/.local/lib/python3.12/site-packages/airflow/example_dags/example_xcomargs.py
[2025-02-28T14:04:22.010+0000] {processor.py:914} INFO - Processing file /home/airflow/.local/lib/python3.12/site-packages/airflow/example_dags/example_xcomargs.py for tasks to queue
[2025-02-28T14:04:22.012+0000] {logging_mixin.py:190} INFO - [2025-02-28T14:04:22.012+0000] {dagbag.py:588} INFO - Filling up the DagBag from /home/airflow/.local/lib/python3.12/site-packages/airflow/example_dags/example_xcomargs.py
[2025-02-28T14:04:22.032+0000] {processor.py:925} INFO - DAG(s) 'example_xcom_args', 'example_xcom_args_with_operators' retrieved from /home/airflow/.local/lib/python3.12/site-packages/airflow/example_dags/example_xcomargs.py
[2025-02-28T14:04:22.062+0000] {logging_mixin.py:190} INFO - [2025-02-28T14:04:22.062+0000] {dag.py:3239} INFO - Sync 2 DAGs
[2025-02-28T14:04:22.075+0000] {logging_mixin.py:190} INFO - [2025-02-28T14:04:22.075+0000] {dag.py:4180} INFO - Setting next_dagrun for example_xcom_args to None, run_after=None
[2025-02-28T14:04:22.078+0000] {logging_mixin.py:190} INFO - [2025-02-28T14:04:22.078+0000] {dag.py:4180} INFO - Setting next_dagrun for example_xcom_args_with_operators to None, run_after=None
[2025-02-28T14:04:22.094+0000] {processor.py:208} INFO - Processing /home/airflow/.local/lib/python3.12/site-packages/airflow/example_dags/example_xcomargs.py took 0.092 seconds
[2025-02-28T14:04:52.357+0000] {processor.py:186} INFO - Started process (PID=278) to work on /home/airflow/.local/lib/python3.12/site-packages/airflow/example_dags/example_xcomargs.py
[2025-02-28T14:04:52.358+0000] {processor.py:914} INFO - Processing file /home/airflow/.local/lib/python3.12/site-packages/airflow/example_dags/example_xcomargs.py for tasks to queue
[2025-02-28T14:04:52.360+0000] {logging_mixin.py:190} INFO - [2025-02-28T14:04:52.360+0000] {dagbag.py:588} INFO - Filling up the DagBag from /home/airflow/.local/lib/python3.12/site-packages/airflow/example_dags/example_xcomargs.py
[2025-02-28T14:04:52.370+0000] {processor.py:925} INFO - DAG(s) 'example_xcom_args_with_operators', 'example_xcom_args' retrieved from /home/airflow/.local/lib/python3.12/site-packages/airflow/example_dags/example_xcomargs.py
[2025-02-28T14:04:52.390+0000] {logging_mixin.py:190} INFO - [2025-02-28T14:04:52.389+0000] {dag.py:3239} INFO - Sync 2 DAGs
[2025-02-28T14:04:52.404+0000] {logging_mixin.py:190} INFO - [2025-02-28T14:04:52.404+0000] {dag.py:4180} INFO - Setting next_dagrun for example_xcom_args to None, run_after=None
[2025-02-28T14:04:52.407+0000] {logging_mixin.py:190} INFO - [2025-02-28T14:04:52.407+0000] {dag.py:4180} INFO - Setting next_dagrun for example_xcom_args_with_operators to None, run_after=None
[2025-02-28T14:04:52.429+0000] {processor.py:208} INFO - Processing /home/airflow/.local/lib/python3.12/site-packages/airflow/example_dags/example_xcomargs.py took 0.077 seconds
[2025-02-28T14:05:22.614+0000] {processor.py:186} INFO - Started process (PID=342) to work on /home/airflow/.local/lib/python3.12/site-packages/airflow/example_dags/example_xcomargs.py
[2025-02-28T14:05:22.616+0000] {processor.py:914} INFO - Processing file /home/airflow/.local/lib/python3.12/site-packages/airflow/example_dags/example_xcomargs.py for tasks to queue
[2025-02-28T14:05:22.619+0000] {logging_mixin.py:190} INFO - [2025-02-28T14:05:22.619+0000] {dagbag.py:588} INFO - Filling up the DagBag from /home/airflow/.local/lib/python3.12/site-packages/airflow/example_dags/example_xcomargs.py
[2025-02-28T14:05:22.630+0000] {processor.py:925} INFO - DAG(s) 'example_xcom_args_with_operators', 'example_xcom_args' retrieved from /home/airflow/.local/lib/python3.12/site-packages/airflow/example_dags/example_xcomargs.py
[2025-02-28T14:05:22.657+0000] {logging_mixin.py:190} INFO - [2025-02-28T14:05:22.656+0000] {dag.py:3239} INFO - Sync 2 DAGs
[2025-02-28T14:05:22.672+0000] {logging_mixin.py:190} INFO - [2025-02-28T14:05:22.672+0000] {dag.py:4180} INFO - Setting next_dagrun for example_xcom_args to None, run_after=None
[2025-02-28T14:05:22.676+0000] {logging_mixin.py:190} INFO - [2025-02-28T14:05:22.676+0000] {dag.py:4180} INFO - Setting next_dagrun for example_xcom_args_with_operators to None, run_after=None
[2025-02-28T14:05:22.701+0000] {processor.py:208} INFO - Processing /home/airflow/.local/lib/python3.12/site-packages/airflow/example_dags/example_xcomargs.py took 0.093 seconds
[2025-02-28T14:05:52.877+0000] {processor.py:186} INFO - Started process (PID=406) to work on /home/airflow/.local/lib/python3.12/site-packages/airflow/example_dags/example_xcomargs.py
[2025-02-28T14:05:52.878+0000] {processor.py:914} INFO - Processing file /home/airflow/.local/lib/python3.12/site-packages/airflow/example_dags/example_xcomargs.py for tasks to queue
[2025-02-28T14:05:52.880+0000] {logging_mixin.py:190} INFO - [2025-02-28T14:05:52.880+0000] {dagbag.py:588} INFO - Filling up the DagBag from /home/airflow/.local/lib/python3.12/site-packages/airflow/example_dags/example_xcomargs.py
[2025-02-28T14:05:52.890+0000] {processor.py:925} INFO - DAG(s) 'example_xcom_args', 'example_xcom_args_with_operators' retrieved from /home/airflow/.local/lib/python3.12/site-packages/airflow/example_dags/example_xcomargs.py
[2025-02-28T14:05:52.918+0000] {logging_mixin.py:190} INFO - [2025-02-28T14:05:52.918+0000] {dag.py:3239} INFO - Sync 2 DAGs
[2025-02-28T14:05:52.931+0000] {logging_mixin.py:190} INFO - [2025-02-28T14:05:52.931+0000] {dag.py:4180} INFO - Setting next_dagrun for example_xcom_args to None, run_after=None
[2025-02-28T14:05:52.935+0000] {logging_mixin.py:190} INFO - [2025-02-28T14:05:52.935+0000] {dag.py:4180} INFO - Setting next_dagrun for example_xcom_args_with_operators to None, run_after=None
[2025-02-28T14:05:52.956+0000] {processor.py:208} INFO - Processing /home/airflow/.local/lib/python3.12/site-packages/airflow/example_dags/example_xcomargs.py took 0.085 seconds
[2025-02-28T14:06:23.420+0000] {processor.py:186} INFO - Started process (PID=471) to work on /home/airflow/.local/lib/python3.12/site-packages/airflow/example_dags/example_xcomargs.py
[2025-02-28T14:06:23.422+0000] {processor.py:914} INFO - Processing file /home/airflow/.local/lib/python3.12/site-packages/airflow/example_dags/example_xcomargs.py for tasks to queue
[2025-02-28T14:06:23.428+0000] {logging_mixin.py:190} INFO - [2025-02-28T14:06:23.427+0000] {dagbag.py:588} INFO - Filling up the DagBag from /home/airflow/.local/lib/python3.12/site-packages/airflow/example_dags/example_xcomargs.py
[2025-02-28T14:06:23.443+0000] {processor.py:925} INFO - DAG(s) 'example_xcom_args', 'example_xcom_args_with_operators' retrieved from /home/airflow/.local/lib/python3.12/site-packages/airflow/example_dags/example_xcomargs.py
[2025-02-28T14:06:23.462+0000] {logging_mixin.py:190} INFO - [2025-02-28T14:06:23.462+0000] {dag.py:3239} INFO - Sync 2 DAGs
[2025-02-28T14:06:23.476+0000] {logging_mixin.py:190} INFO - [2025-02-28T14:06:23.476+0000] {dag.py:4180} INFO - Setting next_dagrun for example_xcom_args to None, run_after=None
[2025-02-28T14:06:23.480+0000] {logging_mixin.py:190} INFO - [2025-02-28T14:06:23.480+0000] {dag.py:4180} INFO - Setting next_dagrun for example_xcom_args_with_operators to None, run_after=None
[2025-02-28T14:06:23.496+0000] {processor.py:208} INFO - Processing /home/airflow/.local/lib/python3.12/site-packages/airflow/example_dags/example_xcomargs.py took 0.089 seconds
[2025-02-28T14:06:54.006+0000] {processor.py:186} INFO - Started process (PID=535) to work on /home/airflow/.local/lib/python3.12/site-packages/airflow/example_dags/example_xcomargs.py
[2025-02-28T14:06:54.007+0000] {processor.py:914} INFO - Processing file /home/airflow/.local/lib/python3.12/site-packages/airflow/example_dags/example_xcomargs.py for tasks to queue
[2025-02-28T14:06:54.008+0000] {logging_mixin.py:190} INFO - [2025-02-28T14:06:54.008+0000] {dagbag.py:588} INFO - Filling up the DagBag from /home/airflow/.local/lib/python3.12/site-packages/airflow/example_dags/example_xcomargs.py
[2025-02-28T14:06:54.016+0000] {processor.py:925} INFO - DAG(s) 'example_xcom_args_with_operators', 'example_xcom_args' retrieved from /home/airflow/.local/lib/python3.12/site-packages/airflow/example_dags/example_xcomargs.py
[2025-02-28T14:06:54.033+0000] {logging_mixin.py:190} INFO - [2025-02-28T14:06:54.033+0000] {dag.py:3239} INFO - Sync 2 DAGs
[2025-02-28T14:06:54.045+0000] {logging_mixin.py:190} INFO - [2025-02-28T14:06:54.045+0000] {dag.py:4180} INFO - Setting next_dagrun for example_xcom_args to None, run_after=None
[2025-02-28T14:06:54.048+0000] {logging_mixin.py:190} INFO - [2025-02-28T14:06:54.048+0000] {dag.py:4180} INFO - Setting next_dagrun for example_xcom_args_with_operators to None, run_after=None
[2025-02-28T14:06:54.063+0000] {processor.py:208} INFO - Processing /home/airflow/.local/lib/python3.12/site-packages/airflow/example_dags/example_xcomargs.py took 0.061 seconds
[2025-02-28T22:42:07.623+0000] {processor.py:186} INFO - Started process (PID=73) to work on /home/airflow/.local/lib/python3.12/site-packages/airflow/example_dags/example_xcomargs.py
[2025-02-28T22:42:07.624+0000] {processor.py:914} INFO - Processing file /home/airflow/.local/lib/python3.12/site-packages/airflow/example_dags/example_xcomargs.py for tasks to queue
[2025-02-28T22:42:07.625+0000] {logging_mixin.py:190} INFO - [2025-02-28T22:42:07.625+0000] {dagbag.py:588} INFO - Filling up the DagBag from /home/airflow/.local/lib/python3.12/site-packages/airflow/example_dags/example_xcomargs.py
[2025-02-28T22:42:07.633+0000] {processor.py:925} INFO - DAG(s) 'example_xcom_args_with_operators', 'example_xcom_args' retrieved from /home/airflow/.local/lib/python3.12/site-packages/airflow/example_dags/example_xcomargs.py
[2025-02-28T22:42:07.651+0000] {logging_mixin.py:190} INFO - [2025-02-28T22:42:07.651+0000] {dag.py:3239} INFO - Sync 2 DAGs
[2025-02-28T22:42:07.663+0000] {logging_mixin.py:190} INFO - [2025-02-28T22:42:07.663+0000] {dag.py:4180} INFO - Setting next_dagrun for example_xcom_args to None, run_after=None
[2025-02-28T22:42:07.666+0000] {logging_mixin.py:190} INFO - [2025-02-28T22:42:07.666+0000] {dag.py:4180} INFO - Setting next_dagrun for example_xcom_args_with_operators to None, run_after=None
[2025-02-28T22:42:07.680+0000] {processor.py:208} INFO - Processing /home/airflow/.local/lib/python3.12/site-packages/airflow/example_dags/example_xcomargs.py took 0.062 seconds
[2025-02-28T22:42:38.404+0000] {processor.py:186} INFO - Started process (PID=137) to work on /home/airflow/.local/lib/python3.12/site-packages/airflow/example_dags/example_xcomargs.py
[2025-02-28T22:42:38.410+0000] {processor.py:914} INFO - Processing file /home/airflow/.local/lib/python3.12/site-packages/airflow/example_dags/example_xcomargs.py for tasks to queue
[2025-02-28T22:42:38.413+0000] {logging_mixin.py:190} INFO - [2025-02-28T22:42:38.412+0000] {dagbag.py:588} INFO - Filling up the DagBag from /home/airflow/.local/lib/python3.12/site-packages/airflow/example_dags/example_xcomargs.py
[2025-02-28T22:42:38.429+0000] {processor.py:925} INFO - DAG(s) 'example_xcom_args', 'example_xcom_args_with_operators' retrieved from /home/airflow/.local/lib/python3.12/site-packages/airflow/example_dags/example_xcomargs.py
[2025-02-28T22:42:38.448+0000] {logging_mixin.py:190} INFO - [2025-02-28T22:42:38.448+0000] {dag.py:3239} INFO - Sync 2 DAGs
[2025-02-28T22:42:38.462+0000] {logging_mixin.py:190} INFO - [2025-02-28T22:42:38.461+0000] {dag.py:4180} INFO - Setting next_dagrun for example_xcom_args to None, run_after=None
[2025-02-28T22:42:38.466+0000] {logging_mixin.py:190} INFO - [2025-02-28T22:42:38.466+0000] {dag.py:4180} INFO - Setting next_dagrun for example_xcom_args_with_operators to None, run_after=None
[2025-02-28T22:42:38.495+0000] {processor.py:208} INFO - Processing /home/airflow/.local/lib/python3.12/site-packages/airflow/example_dags/example_xcomargs.py took 0.096 seconds
[2025-02-28T22:47:17.581+0000] {processor.py:186} INFO - Started process (PID=73) to work on /home/airflow/.local/lib/python3.12/site-packages/airflow/example_dags/example_xcomargs.py
[2025-02-28T22:47:17.581+0000] {processor.py:914} INFO - Processing file /home/airflow/.local/lib/python3.12/site-packages/airflow/example_dags/example_xcomargs.py for tasks to queue
[2025-02-28T22:47:17.583+0000] {logging_mixin.py:190} INFO - [2025-02-28T22:47:17.583+0000] {dagbag.py:588} INFO - Filling up the DagBag from /home/airflow/.local/lib/python3.12/site-packages/airflow/example_dags/example_xcomargs.py
[2025-02-28T22:47:17.591+0000] {processor.py:925} INFO - DAG(s) 'example_xcom_args_with_operators', 'example_xcom_args' retrieved from /home/airflow/.local/lib/python3.12/site-packages/airflow/example_dags/example_xcomargs.py
[2025-02-28T22:47:17.608+0000] {logging_mixin.py:190} INFO - [2025-02-28T22:47:17.608+0000] {dag.py:3239} INFO - Sync 2 DAGs
[2025-02-28T22:47:17.619+0000] {logging_mixin.py:190} INFO - [2025-02-28T22:47:17.619+0000] {dag.py:4180} INFO - Setting next_dagrun for example_xcom_args to None, run_after=None
[2025-02-28T22:47:17.622+0000] {logging_mixin.py:190} INFO - [2025-02-28T22:47:17.622+0000] {dag.py:4180} INFO - Setting next_dagrun for example_xcom_args_with_operators to None, run_after=None
[2025-02-28T22:47:17.634+0000] {processor.py:208} INFO - Processing /home/airflow/.local/lib/python3.12/site-packages/airflow/example_dags/example_xcomargs.py took 0.057 seconds
[2025-02-28T22:47:47.821+0000] {processor.py:186} INFO - Started process (PID=137) to work on /home/airflow/.local/lib/python3.12/site-packages/airflow/example_dags/example_xcomargs.py
[2025-02-28T22:47:47.822+0000] {processor.py:914} INFO - Processing file /home/airflow/.local/lib/python3.12/site-packages/airflow/example_dags/example_xcomargs.py for tasks to queue
[2025-02-28T22:47:47.823+0000] {logging_mixin.py:190} INFO - [2025-02-28T22:47:47.823+0000] {dagbag.py:588} INFO - Filling up the DagBag from /home/airflow/.local/lib/python3.12/site-packages/airflow/example_dags/example_xcomargs.py
[2025-02-28T22:47:47.830+0000] {processor.py:925} INFO - DAG(s) 'example_xcom_args_with_operators', 'example_xcom_args' retrieved from /home/airflow/.local/lib/python3.12/site-packages/airflow/example_dags/example_xcomargs.py
[2025-02-28T22:47:47.846+0000] {logging_mixin.py:190} INFO - [2025-02-28T22:47:47.846+0000] {dag.py:3239} INFO - Sync 2 DAGs
[2025-02-28T22:47:47.858+0000] {logging_mixin.py:190} INFO - [2025-02-28T22:47:47.858+0000] {dag.py:4180} INFO - Setting next_dagrun for example_xcom_args to None, run_after=None
[2025-02-28T22:47:47.862+0000] {logging_mixin.py:190} INFO - [2025-02-28T22:47:47.861+0000] {dag.py:4180} INFO - Setting next_dagrun for example_xcom_args_with_operators to None, run_after=None
[2025-02-28T22:47:47.875+0000] {processor.py:208} INFO - Processing /home/airflow/.local/lib/python3.12/site-packages/airflow/example_dags/example_xcomargs.py took 0.059 seconds
[2025-02-28T22:48:18.432+0000] {processor.py:186} INFO - Started process (PID=201) to work on /home/airflow/.local/lib/python3.12/site-packages/airflow/example_dags/example_xcomargs.py
[2025-02-28T22:48:18.432+0000] {processor.py:914} INFO - Processing file /home/airflow/.local/lib/python3.12/site-packages/airflow/example_dags/example_xcomargs.py for tasks to queue
[2025-02-28T22:48:18.434+0000] {logging_mixin.py:190} INFO - [2025-02-28T22:48:18.434+0000] {dagbag.py:588} INFO - Filling up the DagBag from /home/airflow/.local/lib/python3.12/site-packages/airflow/example_dags/example_xcomargs.py
[2025-02-28T22:48:18.442+0000] {processor.py:925} INFO - DAG(s) 'example_xcom_args_with_operators', 'example_xcom_args' retrieved from /home/airflow/.local/lib/python3.12/site-packages/airflow/example_dags/example_xcomargs.py
[2025-02-28T22:48:18.458+0000] {logging_mixin.py:190} INFO - [2025-02-28T22:48:18.457+0000] {dag.py:3239} INFO - Sync 2 DAGs
[2025-02-28T22:48:18.469+0000] {logging_mixin.py:190} INFO - [2025-02-28T22:48:18.469+0000] {dag.py:4180} INFO - Setting next_dagrun for example_xcom_args to None, run_after=None
[2025-02-28T22:48:18.472+0000] {logging_mixin.py:190} INFO - [2025-02-28T22:48:18.472+0000] {dag.py:4180} INFO - Setting next_dagrun for example_xcom_args_with_operators to None, run_after=None
[2025-02-28T22:48:18.483+0000] {processor.py:208} INFO - Processing /home/airflow/.local/lib/python3.12/site-packages/airflow/example_dags/example_xcomargs.py took 0.056 seconds
[2025-02-28T22:48:49.109+0000] {processor.py:186} INFO - Started process (PID=265) to work on /home/airflow/.local/lib/python3.12/site-packages/airflow/example_dags/example_xcomargs.py
[2025-02-28T22:48:49.109+0000] {processor.py:914} INFO - Processing file /home/airflow/.local/lib/python3.12/site-packages/airflow/example_dags/example_xcomargs.py for tasks to queue
[2025-02-28T22:48:49.111+0000] {logging_mixin.py:190} INFO - [2025-02-28T22:48:49.111+0000] {dagbag.py:588} INFO - Filling up the DagBag from /home/airflow/.local/lib/python3.12/site-packages/airflow/example_dags/example_xcomargs.py
[2025-02-28T22:48:49.118+0000] {processor.py:925} INFO - DAG(s) 'example_xcom_args', 'example_xcom_args_with_operators' retrieved from /home/airflow/.local/lib/python3.12/site-packages/airflow/example_dags/example_xcomargs.py
[2025-02-28T22:48:49.134+0000] {logging_mixin.py:190} INFO - [2025-02-28T22:48:49.134+0000] {dag.py:3239} INFO - Sync 2 DAGs
[2025-02-28T22:48:49.145+0000] {logging_mixin.py:190} INFO - [2025-02-28T22:48:49.145+0000] {dag.py:4180} INFO - Setting next_dagrun for example_xcom_args to None, run_after=None
[2025-02-28T22:48:49.148+0000] {logging_mixin.py:190} INFO - [2025-02-28T22:48:49.147+0000] {dag.py:4180} INFO - Setting next_dagrun for example_xcom_args_with_operators to None, run_after=None
[2025-02-28T22:48:49.159+0000] {processor.py:208} INFO - Processing /home/airflow/.local/lib/python3.12/site-packages/airflow/example_dags/example_xcomargs.py took 0.055 seconds
[2025-02-28T22:49:20.500+0000] {processor.py:186} INFO - Started process (PID=329) to work on /home/airflow/.local/lib/python3.12/site-packages/airflow/example_dags/example_xcomargs.py
[2025-02-28T22:49:20.501+0000] {processor.py:914} INFO - Processing file /home/airflow/.local/lib/python3.12/site-packages/airflow/example_dags/example_xcomargs.py for tasks to queue
[2025-02-28T22:49:20.503+0000] {logging_mixin.py:190} INFO - [2025-02-28T22:49:20.503+0000] {dagbag.py:588} INFO - Filling up the DagBag from /home/airflow/.local/lib/python3.12/site-packages/airflow/example_dags/example_xcomargs.py
[2025-02-28T22:49:20.514+0000] {processor.py:925} INFO - DAG(s) 'example_xcom_args', 'example_xcom_args_with_operators' retrieved from /home/airflow/.local/lib/python3.12/site-packages/airflow/example_dags/example_xcomargs.py
[2025-02-28T22:49:20.550+0000] {logging_mixin.py:190} INFO - [2025-02-28T22:49:20.549+0000] {dag.py:3239} INFO - Sync 2 DAGs
[2025-02-28T22:49:20.566+0000] {logging_mixin.py:190} INFO - [2025-02-28T22:49:20.566+0000] {dag.py:4180} INFO - Setting next_dagrun for example_xcom_args to None, run_after=None
[2025-02-28T22:49:20.571+0000] {logging_mixin.py:190} INFO - [2025-02-28T22:49:20.571+0000] {dag.py:4180} INFO - Setting next_dagrun for example_xcom_args_with_operators to None, run_after=None
[2025-02-28T22:49:20.594+0000] {processor.py:208} INFO - Processing /home/airflow/.local/lib/python3.12/site-packages/airflow/example_dags/example_xcomargs.py took 0.100 seconds
[2025-02-28T22:49:52.479+0000] {processor.py:186} INFO - Started process (PID=393) to work on /home/airflow/.local/lib/python3.12/site-packages/airflow/example_dags/example_xcomargs.py
[2025-02-28T22:49:52.479+0000] {processor.py:914} INFO - Processing file /home/airflow/.local/lib/python3.12/site-packages/airflow/example_dags/example_xcomargs.py for tasks to queue
[2025-02-28T22:49:52.481+0000] {logging_mixin.py:190} INFO - [2025-02-28T22:49:52.481+0000] {dagbag.py:588} INFO - Filling up the DagBag from /home/airflow/.local/lib/python3.12/site-packages/airflow/example_dags/example_xcomargs.py
[2025-02-28T22:49:52.488+0000] {processor.py:925} INFO - DAG(s) 'example_xcom_args_with_operators', 'example_xcom_args' retrieved from /home/airflow/.local/lib/python3.12/site-packages/airflow/example_dags/example_xcomargs.py
[2025-02-28T22:49:52.504+0000] {logging_mixin.py:190} INFO - [2025-02-28T22:49:52.504+0000] {dag.py:3239} INFO - Sync 2 DAGs
[2025-02-28T22:49:52.514+0000] {logging_mixin.py:190} INFO - [2025-02-28T22:49:52.514+0000] {dag.py:4180} INFO - Setting next_dagrun for example_xcom_args to None, run_after=None
[2025-02-28T22:49:52.517+0000] {logging_mixin.py:190} INFO - [2025-02-28T22:49:52.517+0000] {dag.py:4180} INFO - Setting next_dagrun for example_xcom_args_with_operators to None, run_after=None
[2025-02-28T22:49:52.538+0000] {processor.py:208} INFO - Processing /home/airflow/.local/lib/python3.12/site-packages/airflow/example_dags/example_xcomargs.py took 0.064 seconds
[2025-02-28T22:50:22.852+0000] {processor.py:186} INFO - Started process (PID=457) to work on /home/airflow/.local/lib/python3.12/site-packages/airflow/example_dags/example_xcomargs.py
[2025-02-28T22:50:22.852+0000] {processor.py:914} INFO - Processing file /home/airflow/.local/lib/python3.12/site-packages/airflow/example_dags/example_xcomargs.py for tasks to queue
[2025-02-28T22:50:22.855+0000] {logging_mixin.py:190} INFO - [2025-02-28T22:50:22.854+0000] {dagbag.py:588} INFO - Filling up the DagBag from /home/airflow/.local/lib/python3.12/site-packages/airflow/example_dags/example_xcomargs.py
[2025-02-28T22:50:22.871+0000] {processor.py:925} INFO - DAG(s) 'example_xcom_args', 'example_xcom_args_with_operators' retrieved from /home/airflow/.local/lib/python3.12/site-packages/airflow/example_dags/example_xcomargs.py
[2025-02-28T22:50:22.896+0000] {logging_mixin.py:190} INFO - [2025-02-28T22:50:22.896+0000] {dag.py:3239} INFO - Sync 2 DAGs
[2025-02-28T22:50:22.910+0000] {logging_mixin.py:190} INFO - [2025-02-28T22:50:22.910+0000] {dag.py:4180} INFO - Setting next_dagrun for example_xcom_args to None, run_after=None
[2025-02-28T22:50:22.913+0000] {logging_mixin.py:190} INFO - [2025-02-28T22:50:22.913+0000] {dag.py:4180} INFO - Setting next_dagrun for example_xcom_args_with_operators to None, run_after=None
[2025-02-28T22:50:22.941+0000] {processor.py:208} INFO - Processing /home/airflow/.local/lib/python3.12/site-packages/airflow/example_dags/example_xcomargs.py took 0.094 seconds
[2025-02-28T22:50:54.322+0000] {processor.py:186} INFO - Started process (PID=521) to work on /home/airflow/.local/lib/python3.12/site-packages/airflow/example_dags/example_xcomargs.py
[2025-02-28T22:50:54.323+0000] {processor.py:914} INFO - Processing file /home/airflow/.local/lib/python3.12/site-packages/airflow/example_dags/example_xcomargs.py for tasks to queue
[2025-02-28T22:50:54.324+0000] {logging_mixin.py:190} INFO - [2025-02-28T22:50:54.324+0000] {dagbag.py:588} INFO - Filling up the DagBag from /home/airflow/.local/lib/python3.12/site-packages/airflow/example_dags/example_xcomargs.py
[2025-02-28T22:50:54.332+0000] {processor.py:925} INFO - DAG(s) 'example_xcom_args_with_operators', 'example_xcom_args' retrieved from /home/airflow/.local/lib/python3.12/site-packages/airflow/example_dags/example_xcomargs.py
[2025-02-28T22:50:54.349+0000] {logging_mixin.py:190} INFO - [2025-02-28T22:50:54.348+0000] {dag.py:3239} INFO - Sync 2 DAGs
[2025-02-28T22:50:54.360+0000] {logging_mixin.py:190} INFO - [2025-02-28T22:50:54.360+0000] {dag.py:4180} INFO - Setting next_dagrun for example_xcom_args to None, run_after=None
[2025-02-28T22:50:54.362+0000] {logging_mixin.py:190} INFO - [2025-02-28T22:50:54.362+0000] {dag.py:4180} INFO - Setting next_dagrun for example_xcom_args_with_operators to None, run_after=None
[2025-02-28T22:50:54.383+0000] {processor.py:208} INFO - Processing /home/airflow/.local/lib/python3.12/site-packages/airflow/example_dags/example_xcomargs.py took 0.065 seconds
[2025-02-28T22:52:23.504+0000] {processor.py:186} INFO - Started process (PID=73) to work on /home/airflow/.local/lib/python3.12/site-packages/airflow/example_dags/example_xcomargs.py
[2025-02-28T22:52:23.505+0000] {processor.py:914} INFO - Processing file /home/airflow/.local/lib/python3.12/site-packages/airflow/example_dags/example_xcomargs.py for tasks to queue
[2025-02-28T22:52:23.506+0000] {logging_mixin.py:190} INFO - [2025-02-28T22:52:23.506+0000] {dagbag.py:588} INFO - Filling up the DagBag from /home/airflow/.local/lib/python3.12/site-packages/airflow/example_dags/example_xcomargs.py
[2025-02-28T22:52:23.515+0000] {processor.py:925} INFO - DAG(s) 'example_xcom_args', 'example_xcom_args_with_operators' retrieved from /home/airflow/.local/lib/python3.12/site-packages/airflow/example_dags/example_xcomargs.py
[2025-02-28T22:52:23.533+0000] {logging_mixin.py:190} INFO - [2025-02-28T22:52:23.533+0000] {dag.py:3239} INFO - Sync 2 DAGs
[2025-02-28T22:52:23.544+0000] {logging_mixin.py:190} INFO - [2025-02-28T22:52:23.544+0000] {dag.py:4180} INFO - Setting next_dagrun for example_xcom_args to None, run_after=None
[2025-02-28T22:52:23.547+0000] {logging_mixin.py:190} INFO - [2025-02-28T22:52:23.547+0000] {dag.py:4180} INFO - Setting next_dagrun for example_xcom_args_with_operators to None, run_after=None
[2025-02-28T22:52:23.560+0000] {processor.py:208} INFO - Processing /home/airflow/.local/lib/python3.12/site-packages/airflow/example_dags/example_xcomargs.py took 0.060 seconds
[2025-02-28T22:52:56.652+0000] {processor.py:186} INFO - Started process (PID=137) to work on /home/airflow/.local/lib/python3.12/site-packages/airflow/example_dags/example_xcomargs.py
[2025-02-28T22:52:56.653+0000] {processor.py:914} INFO - Processing file /home/airflow/.local/lib/python3.12/site-packages/airflow/example_dags/example_xcomargs.py for tasks to queue
[2025-02-28T22:52:56.654+0000] {logging_mixin.py:190} INFO - [2025-02-28T22:52:56.654+0000] {dagbag.py:588} INFO - Filling up the DagBag from /home/airflow/.local/lib/python3.12/site-packages/airflow/example_dags/example_xcomargs.py
[2025-02-28T22:52:56.662+0000] {processor.py:925} INFO - DAG(s) 'example_xcom_args', 'example_xcom_args_with_operators' retrieved from /home/airflow/.local/lib/python3.12/site-packages/airflow/example_dags/example_xcomargs.py
[2025-02-28T22:52:56.678+0000] {logging_mixin.py:190} INFO - [2025-02-28T22:52:56.678+0000] {dag.py:3239} INFO - Sync 2 DAGs
[2025-02-28T22:52:56.689+0000] {logging_mixin.py:190} INFO - [2025-02-28T22:52:56.689+0000] {dag.py:4180} INFO - Setting next_dagrun for example_xcom_args to None, run_after=None
[2025-02-28T22:52:56.692+0000] {logging_mixin.py:190} INFO - [2025-02-28T22:52:56.692+0000] {dag.py:4180} INFO - Setting next_dagrun for example_xcom_args_with_operators to None, run_after=None
[2025-02-28T22:52:56.711+0000] {processor.py:208} INFO - Processing /home/airflow/.local/lib/python3.12/site-packages/airflow/example_dags/example_xcomargs.py took 0.065 seconds
[2025-02-28T22:58:53.952+0000] {processor.py:186} INFO - Started process (PID=73) to work on /home/airflow/.local/lib/python3.12/site-packages/airflow/example_dags/example_xcomargs.py
[2025-02-28T22:58:53.953+0000] {processor.py:914} INFO - Processing file /home/airflow/.local/lib/python3.12/site-packages/airflow/example_dags/example_xcomargs.py for tasks to queue
[2025-02-28T22:58:53.955+0000] {logging_mixin.py:190} INFO - [2025-02-28T22:58:53.954+0000] {dagbag.py:588} INFO - Filling up the DagBag from /home/airflow/.local/lib/python3.12/site-packages/airflow/example_dags/example_xcomargs.py
[2025-02-28T22:58:53.963+0000] {processor.py:925} INFO - DAG(s) 'example_xcom_args_with_operators', 'example_xcom_args' retrieved from /home/airflow/.local/lib/python3.12/site-packages/airflow/example_dags/example_xcomargs.py
[2025-02-28T22:58:53.981+0000] {logging_mixin.py:190} INFO - [2025-02-28T22:58:53.980+0000] {dag.py:3239} INFO - Sync 2 DAGs
[2025-02-28T22:58:53.992+0000] {logging_mixin.py:190} INFO - [2025-02-28T22:58:53.992+0000] {dag.py:4180} INFO - Setting next_dagrun for example_xcom_args to None, run_after=None
[2025-02-28T22:58:53.994+0000] {logging_mixin.py:190} INFO - [2025-02-28T22:58:53.994+0000] {dag.py:4180} INFO - Setting next_dagrun for example_xcom_args_with_operators to None, run_after=None
[2025-02-28T22:58:54.006+0000] {processor.py:208} INFO - Processing /home/airflow/.local/lib/python3.12/site-packages/airflow/example_dags/example_xcomargs.py took 0.059 seconds
[2025-02-28T22:59:26.932+0000] {processor.py:186} INFO - Started process (PID=138) to work on /home/airflow/.local/lib/python3.12/site-packages/airflow/example_dags/example_xcomargs.py
[2025-02-28T22:59:26.933+0000] {processor.py:914} INFO - Processing file /home/airflow/.local/lib/python3.12/site-packages/airflow/example_dags/example_xcomargs.py for tasks to queue
[2025-02-28T22:59:26.935+0000] {logging_mixin.py:190} INFO - [2025-02-28T22:59:26.934+0000] {dagbag.py:588} INFO - Filling up the DagBag from /home/airflow/.local/lib/python3.12/site-packages/airflow/example_dags/example_xcomargs.py
[2025-02-28T22:59:26.942+0000] {processor.py:925} INFO - DAG(s) 'example_xcom_args', 'example_xcom_args_with_operators' retrieved from /home/airflow/.local/lib/python3.12/site-packages/airflow/example_dags/example_xcomargs.py
[2025-02-28T22:59:26.958+0000] {logging_mixin.py:190} INFO - [2025-02-28T22:59:26.958+0000] {dag.py:3239} INFO - Sync 2 DAGs
[2025-02-28T22:59:26.970+0000] {logging_mixin.py:190} INFO - [2025-02-28T22:59:26.970+0000] {dag.py:4180} INFO - Setting next_dagrun for example_xcom_args to None, run_after=None
[2025-02-28T22:59:26.973+0000] {logging_mixin.py:190} INFO - [2025-02-28T22:59:26.973+0000] {dag.py:4180} INFO - Setting next_dagrun for example_xcom_args_with_operators to None, run_after=None
[2025-02-28T22:59:26.986+0000] {processor.py:208} INFO - Processing /home/airflow/.local/lib/python3.12/site-packages/airflow/example_dags/example_xcomargs.py took 0.058 seconds
[2025-02-28T23:20:36.932+0000] {processor.py:186} INFO - Started process (PID=73) to work on /home/airflow/.local/lib/python3.12/site-packages/airflow/example_dags/example_xcomargs.py
[2025-02-28T23:20:36.933+0000] {processor.py:914} INFO - Processing file /home/airflow/.local/lib/python3.12/site-packages/airflow/example_dags/example_xcomargs.py for tasks to queue
[2025-02-28T23:20:36.935+0000] {logging_mixin.py:190} INFO - [2025-02-28T23:20:36.935+0000] {dagbag.py:588} INFO - Filling up the DagBag from /home/airflow/.local/lib/python3.12/site-packages/airflow/example_dags/example_xcomargs.py
[2025-02-28T23:20:36.946+0000] {processor.py:925} INFO - DAG(s) 'example_xcom_args', 'example_xcom_args_with_operators' retrieved from /home/airflow/.local/lib/python3.12/site-packages/airflow/example_dags/example_xcomargs.py
[2025-02-28T23:20:36.973+0000] {logging_mixin.py:190} INFO - [2025-02-28T23:20:36.973+0000] {dag.py:3239} INFO - Sync 2 DAGs
[2025-02-28T23:20:36.993+0000] {logging_mixin.py:190} INFO - [2025-02-28T23:20:36.992+0000] {dag.py:4180} INFO - Setting next_dagrun for example_xcom_args to None, run_after=None
[2025-02-28T23:20:36.997+0000] {logging_mixin.py:190} INFO - [2025-02-28T23:20:36.997+0000] {dag.py:4180} INFO - Setting next_dagrun for example_xcom_args_with_operators to None, run_after=None
[2025-02-28T23:20:37.016+0000] {processor.py:208} INFO - Processing /home/airflow/.local/lib/python3.12/site-packages/airflow/example_dags/example_xcomargs.py took 0.090 seconds
[2025-02-28T23:21:07.951+0000] {processor.py:186} INFO - Started process (PID=137) to work on /home/airflow/.local/lib/python3.12/site-packages/airflow/example_dags/example_xcomargs.py
[2025-02-28T23:21:07.952+0000] {processor.py:914} INFO - Processing file /home/airflow/.local/lib/python3.12/site-packages/airflow/example_dags/example_xcomargs.py for tasks to queue
[2025-02-28T23:21:07.953+0000] {logging_mixin.py:190} INFO - [2025-02-28T23:21:07.953+0000] {dagbag.py:588} INFO - Filling up the DagBag from /home/airflow/.local/lib/python3.12/site-packages/airflow/example_dags/example_xcomargs.py
[2025-02-28T23:21:07.961+0000] {processor.py:925} INFO - DAG(s) 'example_xcom_args_with_operators', 'example_xcom_args' retrieved from /home/airflow/.local/lib/python3.12/site-packages/airflow/example_dags/example_xcomargs.py
[2025-02-28T23:21:07.977+0000] {logging_mixin.py:190} INFO - [2025-02-28T23:21:07.976+0000] {dag.py:3239} INFO - Sync 2 DAGs
[2025-02-28T23:21:07.988+0000] {logging_mixin.py:190} INFO - [2025-02-28T23:21:07.988+0000] {dag.py:4180} INFO - Setting next_dagrun for example_xcom_args to None, run_after=None
[2025-02-28T23:21:07.990+0000] {logging_mixin.py:190} INFO - [2025-02-28T23:21:07.990+0000] {dag.py:4180} INFO - Setting next_dagrun for example_xcom_args_with_operators to None, run_after=None
[2025-02-28T23:21:08.003+0000] {processor.py:208} INFO - Processing /home/airflow/.local/lib/python3.12/site-packages/airflow/example_dags/example_xcomargs.py took 0.056 seconds
[2025-02-28T23:21:39.271+0000] {processor.py:186} INFO - Started process (PID=201) to work on /home/airflow/.local/lib/python3.12/site-packages/airflow/example_dags/example_xcomargs.py
[2025-02-28T23:21:39.272+0000] {processor.py:914} INFO - Processing file /home/airflow/.local/lib/python3.12/site-packages/airflow/example_dags/example_xcomargs.py for tasks to queue
[2025-02-28T23:21:39.273+0000] {logging_mixin.py:190} INFO - [2025-02-28T23:21:39.273+0000] {dagbag.py:588} INFO - Filling up the DagBag from /home/airflow/.local/lib/python3.12/site-packages/airflow/example_dags/example_xcomargs.py
[2025-02-28T23:21:39.281+0000] {processor.py:925} INFO - DAG(s) 'example_xcom_args', 'example_xcom_args_with_operators' retrieved from /home/airflow/.local/lib/python3.12/site-packages/airflow/example_dags/example_xcomargs.py
[2025-02-28T23:21:39.299+0000] {logging_mixin.py:190} INFO - [2025-02-28T23:21:39.299+0000] {dag.py:3239} INFO - Sync 2 DAGs
[2025-02-28T23:21:39.311+0000] {logging_mixin.py:190} INFO - [2025-02-28T23:21:39.311+0000] {dag.py:4180} INFO - Setting next_dagrun for example_xcom_args to None, run_after=None
[2025-02-28T23:21:39.314+0000] {logging_mixin.py:190} INFO - [2025-02-28T23:21:39.314+0000] {dag.py:4180} INFO - Setting next_dagrun for example_xcom_args_with_operators to None, run_after=None
[2025-02-28T23:21:39.326+0000] {processor.py:208} INFO - Processing /home/airflow/.local/lib/python3.12/site-packages/airflow/example_dags/example_xcomargs.py took 0.059 seconds
[2025-02-28T23:22:24.390+0000] {processor.py:186} INFO - Started process (PID=271) to work on /home/airflow/.local/lib/python3.12/site-packages/airflow/example_dags/example_xcomargs.py
[2025-02-28T23:22:24.392+0000] {processor.py:914} INFO - Processing file /home/airflow/.local/lib/python3.12/site-packages/airflow/example_dags/example_xcomargs.py for tasks to queue
[2025-02-28T23:22:24.395+0000] {logging_mixin.py:190} INFO - [2025-02-28T23:22:24.394+0000] {dagbag.py:588} INFO - Filling up the DagBag from /home/airflow/.local/lib/python3.12/site-packages/airflow/example_dags/example_xcomargs.py
[2025-02-28T23:22:24.407+0000] {processor.py:925} INFO - DAG(s) 'example_xcom_args', 'example_xcom_args_with_operators' retrieved from /home/airflow/.local/lib/python3.12/site-packages/airflow/example_dags/example_xcomargs.py
[2025-02-28T23:22:24.437+0000] {logging_mixin.py:190} INFO - [2025-02-28T23:22:24.436+0000] {dag.py:3239} INFO - Sync 2 DAGs
[2025-02-28T23:22:24.453+0000] {logging_mixin.py:190} INFO - [2025-02-28T23:22:24.453+0000] {dag.py:4180} INFO - Setting next_dagrun for example_xcom_args to None, run_after=None
[2025-02-28T23:22:24.458+0000] {logging_mixin.py:190} INFO - [2025-02-28T23:22:24.458+0000] {dag.py:4180} INFO - Setting next_dagrun for example_xcom_args_with_operators to None, run_after=None
[2025-02-28T23:22:24.477+0000] {processor.py:208} INFO - Processing /home/airflow/.local/lib/python3.12/site-packages/airflow/example_dags/example_xcomargs.py took 0.092 seconds
[2025-02-28T23:22:56.017+0000] {processor.py:186} INFO - Started process (PID=335) to work on /home/airflow/.local/lib/python3.12/site-packages/airflow/example_dags/example_xcomargs.py
[2025-02-28T23:22:56.018+0000] {processor.py:914} INFO - Processing file /home/airflow/.local/lib/python3.12/site-packages/airflow/example_dags/example_xcomargs.py for tasks to queue
[2025-02-28T23:22:56.019+0000] {logging_mixin.py:190} INFO - [2025-02-28T23:22:56.019+0000] {dagbag.py:588} INFO - Filling up the DagBag from /home/airflow/.local/lib/python3.12/site-packages/airflow/example_dags/example_xcomargs.py
[2025-02-28T23:22:56.028+0000] {processor.py:925} INFO - DAG(s) 'example_xcom_args_with_operators', 'example_xcom_args' retrieved from /home/airflow/.local/lib/python3.12/site-packages/airflow/example_dags/example_xcomargs.py
[2025-02-28T23:22:56.047+0000] {logging_mixin.py:190} INFO - [2025-02-28T23:22:56.046+0000] {dag.py:3239} INFO - Sync 2 DAGs
[2025-02-28T23:22:56.058+0000] {logging_mixin.py:190} INFO - [2025-02-28T23:22:56.058+0000] {dag.py:4180} INFO - Setting next_dagrun for example_xcom_args to None, run_after=None
[2025-02-28T23:22:56.062+0000] {logging_mixin.py:190} INFO - [2025-02-28T23:22:56.061+0000] {dag.py:4180} INFO - Setting next_dagrun for example_xcom_args_with_operators to None, run_after=None
[2025-02-28T23:22:56.087+0000] {processor.py:208} INFO - Processing /home/airflow/.local/lib/python3.12/site-packages/airflow/example_dags/example_xcomargs.py took 0.079 seconds
[2025-02-28T23:23:26.311+0000] {processor.py:186} INFO - Started process (PID=399) to work on /home/airflow/.local/lib/python3.12/site-packages/airflow/example_dags/example_xcomargs.py
[2025-02-28T23:23:26.311+0000] {processor.py:914} INFO - Processing file /home/airflow/.local/lib/python3.12/site-packages/airflow/example_dags/example_xcomargs.py for tasks to queue
[2025-02-28T23:23:26.314+0000] {logging_mixin.py:190} INFO - [2025-02-28T23:23:26.313+0000] {dagbag.py:588} INFO - Filling up the DagBag from /home/airflow/.local/lib/python3.12/site-packages/airflow/example_dags/example_xcomargs.py
[2025-02-28T23:23:26.322+0000] {processor.py:925} INFO - DAG(s) 'example_xcom_args_with_operators', 'example_xcom_args' retrieved from /home/airflow/.local/lib/python3.12/site-packages/airflow/example_dags/example_xcomargs.py
[2025-02-28T23:23:26.340+0000] {logging_mixin.py:190} INFO - [2025-02-28T23:23:26.340+0000] {dag.py:3239} INFO - Sync 2 DAGs
[2025-02-28T23:23:26.353+0000] {logging_mixin.py:190} INFO - [2025-02-28T23:23:26.353+0000] {dag.py:4180} INFO - Setting next_dagrun for example_xcom_args to None, run_after=None
[2025-02-28T23:23:26.356+0000] {logging_mixin.py:190} INFO - [2025-02-28T23:23:26.355+0000] {dag.py:4180} INFO - Setting next_dagrun for example_xcom_args_with_operators to None, run_after=None
[2025-02-28T23:23:26.369+0000] {processor.py:208} INFO - Processing /home/airflow/.local/lib/python3.12/site-packages/airflow/example_dags/example_xcomargs.py took 0.063 seconds
[2025-02-28T23:23:56.740+0000] {processor.py:186} INFO - Started process (PID=463) to work on /home/airflow/.local/lib/python3.12/site-packages/airflow/example_dags/example_xcomargs.py
[2025-02-28T23:23:56.741+0000] {processor.py:914} INFO - Processing file /home/airflow/.local/lib/python3.12/site-packages/airflow/example_dags/example_xcomargs.py for tasks to queue
[2025-02-28T23:23:56.742+0000] {logging_mixin.py:190} INFO - [2025-02-28T23:23:56.742+0000] {dagbag.py:588} INFO - Filling up the DagBag from /home/airflow/.local/lib/python3.12/site-packages/airflow/example_dags/example_xcomargs.py
[2025-02-28T23:23:56.750+0000] {processor.py:925} INFO - DAG(s) 'example_xcom_args', 'example_xcom_args_with_operators' retrieved from /home/airflow/.local/lib/python3.12/site-packages/airflow/example_dags/example_xcomargs.py
[2025-02-28T23:23:56.765+0000] {logging_mixin.py:190} INFO - [2025-02-28T23:23:56.765+0000] {dag.py:3239} INFO - Sync 2 DAGs
[2025-02-28T23:23:56.777+0000] {logging_mixin.py:190} INFO - [2025-02-28T23:23:56.776+0000] {dag.py:4180} INFO - Setting next_dagrun for example_xcom_args to None, run_after=None
[2025-02-28T23:23:56.779+0000] {logging_mixin.py:190} INFO - [2025-02-28T23:23:56.779+0000] {dag.py:4180} INFO - Setting next_dagrun for example_xcom_args_with_operators to None, run_after=None
[2025-02-28T23:23:56.792+0000] {processor.py:208} INFO - Processing /home/airflow/.local/lib/python3.12/site-packages/airflow/example_dags/example_xcomargs.py took 0.056 seconds
