[2025-02-28T14:02:28.344+0000] {processor.py:186} INFO - Started process (PID=57) to work on /home/airflow/.local/lib/python3.12/site-packages/airflow/example_dags/example_nested_branch_dag.py
[2025-02-28T14:02:28.344+0000] {processor.py:914} INFO - Processing file /home/airflow/.local/lib/python3.12/site-packages/airflow/example_dags/example_nested_branch_dag.py for tasks to queue
[2025-02-28T14:02:28.347+0000] {logging_mixin.py:190} INFO - [2025-02-28T14:02:28.346+0000] {dagbag.py:588} INFO - Filling up the DagBag from /home/airflow/.local/lib/python3.12/site-packages/airflow/example_dags/example_nested_branch_dag.py
[2025-02-28T14:02:28.454+0000] {processor.py:925} INFO - DAG(s) 'example_nested_branch_dag' retrieved from /home/airflow/.local/lib/python3.12/site-packages/airflow/example_dags/example_nested_branch_dag.py
[2025-02-28T14:02:28.625+0000] {logging_mixin.py:190} INFO - [2025-02-28T14:02:28.625+0000] {dag.py:3239} INFO - Sync 1 DAGs
[2025-02-28T14:02:28.660+0000] {logging_mixin.py:190} INFO - [2025-02-28T14:02:28.659+0000] {dag.py:4180} INFO - Setting next_dagrun for example_nested_branch_dag to 2025-02-27 00:00:00+00:00, run_after=2025-02-28 00:00:00+00:00
[2025-02-28T14:02:28.681+0000] {processor.py:208} INFO - Processing /home/airflow/.local/lib/python3.12/site-packages/airflow/example_dags/example_nested_branch_dag.py took 0.404 seconds
[2025-02-28T14:03:19.896+0000] {processor.py:186} INFO - Started process (PID=120) to work on /home/airflow/.local/lib/python3.12/site-packages/airflow/example_dags/example_nested_branch_dag.py
[2025-02-28T14:03:19.917+0000] {processor.py:914} INFO - Processing file /home/airflow/.local/lib/python3.12/site-packages/airflow/example_dags/example_nested_branch_dag.py for tasks to queue
[2025-02-28T14:03:19.919+0000] {logging_mixin.py:190} INFO - [2025-02-28T14:03:19.919+0000] {dagbag.py:588} INFO - Filling up the DagBag from /home/airflow/.local/lib/python3.12/site-packages/airflow/example_dags/example_nested_branch_dag.py
[2025-02-28T14:03:19.931+0000] {processor.py:925} INFO - DAG(s) 'example_nested_branch_dag' retrieved from /home/airflow/.local/lib/python3.12/site-packages/airflow/example_dags/example_nested_branch_dag.py
[2025-02-28T14:03:19.952+0000] {logging_mixin.py:190} INFO - [2025-02-28T14:03:19.952+0000] {dag.py:3239} INFO - Sync 1 DAGs
[2025-02-28T14:03:19.972+0000] {logging_mixin.py:190} INFO - [2025-02-28T14:03:19.971+0000] {dag.py:4180} INFO - Setting next_dagrun for example_nested_branch_dag to 2025-02-27 00:00:00+00:00, run_after=2025-02-28 00:00:00+00:00
[2025-02-28T14:03:20.013+0000] {processor.py:208} INFO - Processing /home/airflow/.local/lib/python3.12/site-packages/airflow/example_dags/example_nested_branch_dag.py took 0.122 seconds
[2025-02-28T14:03:59.092+0000] {processor.py:186} INFO - Started process (PID=177) to work on /home/airflow/.local/lib/python3.12/site-packages/airflow/example_dags/example_nested_branch_dag.py
[2025-02-28T14:03:59.093+0000] {processor.py:914} INFO - Processing file /home/airflow/.local/lib/python3.12/site-packages/airflow/example_dags/example_nested_branch_dag.py for tasks to queue
[2025-02-28T14:03:59.095+0000] {logging_mixin.py:190} INFO - [2025-02-28T14:03:59.094+0000] {dagbag.py:588} INFO - Filling up the DagBag from /home/airflow/.local/lib/python3.12/site-packages/airflow/example_dags/example_nested_branch_dag.py
[2025-02-28T14:03:59.104+0000] {processor.py:925} INFO - DAG(s) 'example_nested_branch_dag' retrieved from /home/airflow/.local/lib/python3.12/site-packages/airflow/example_dags/example_nested_branch_dag.py
[2025-02-28T14:03:59.123+0000] {logging_mixin.py:190} INFO - [2025-02-28T14:03:59.122+0000] {dag.py:3239} INFO - Sync 1 DAGs
[2025-02-28T14:03:59.143+0000] {logging_mixin.py:190} INFO - [2025-02-28T14:03:59.143+0000] {dag.py:4180} INFO - Setting next_dagrun for example_nested_branch_dag to 2025-02-27 00:00:00+00:00, run_after=2025-02-28 00:00:00+00:00
[2025-02-28T14:03:59.163+0000] {processor.py:208} INFO - Processing /home/airflow/.local/lib/python3.12/site-packages/airflow/example_dags/example_nested_branch_dag.py took 0.076 seconds
[2025-02-28T14:04:29.888+0000] {processor.py:186} INFO - Started process (PID=241) to work on /home/airflow/.local/lib/python3.12/site-packages/airflow/example_dags/example_nested_branch_dag.py
[2025-02-28T14:04:29.889+0000] {processor.py:914} INFO - Processing file /home/airflow/.local/lib/python3.12/site-packages/airflow/example_dags/example_nested_branch_dag.py for tasks to queue
[2025-02-28T14:04:29.891+0000] {logging_mixin.py:190} INFO - [2025-02-28T14:04:29.890+0000] {dagbag.py:588} INFO - Filling up the DagBag from /home/airflow/.local/lib/python3.12/site-packages/airflow/example_dags/example_nested_branch_dag.py
[2025-02-28T14:04:29.899+0000] {processor.py:925} INFO - DAG(s) 'example_nested_branch_dag' retrieved from /home/airflow/.local/lib/python3.12/site-packages/airflow/example_dags/example_nested_branch_dag.py
[2025-02-28T14:04:29.914+0000] {logging_mixin.py:190} INFO - [2025-02-28T14:04:29.914+0000] {dag.py:3239} INFO - Sync 1 DAGs
[2025-02-28T14:04:29.932+0000] {logging_mixin.py:190} INFO - [2025-02-28T14:04:29.932+0000] {dag.py:4180} INFO - Setting next_dagrun for example_nested_branch_dag to 2025-02-27 00:00:00+00:00, run_after=2025-02-28 00:00:00+00:00
[2025-02-28T14:04:29.945+0000] {processor.py:208} INFO - Processing /home/airflow/.local/lib/python3.12/site-packages/airflow/example_dags/example_nested_branch_dag.py took 0.061 seconds
[2025-02-28T14:05:15.647+0000] {processor.py:186} INFO - Started process (PID=298) to work on /home/airflow/.local/lib/python3.12/site-packages/airflow/example_dags/example_nested_branch_dag.py
[2025-02-28T14:05:15.648+0000] {processor.py:914} INFO - Processing file /home/airflow/.local/lib/python3.12/site-packages/airflow/example_dags/example_nested_branch_dag.py for tasks to queue
[2025-02-28T14:05:15.651+0000] {logging_mixin.py:190} INFO - [2025-02-28T14:05:15.650+0000] {dagbag.py:588} INFO - Filling up the DagBag from /home/airflow/.local/lib/python3.12/site-packages/airflow/example_dags/example_nested_branch_dag.py
[2025-02-28T14:05:15.660+0000] {processor.py:925} INFO - DAG(s) 'example_nested_branch_dag' retrieved from /home/airflow/.local/lib/python3.12/site-packages/airflow/example_dags/example_nested_branch_dag.py
[2025-02-28T14:05:15.677+0000] {logging_mixin.py:190} INFO - [2025-02-28T14:05:15.677+0000] {dag.py:3239} INFO - Sync 1 DAGs
[2025-02-28T14:05:15.700+0000] {logging_mixin.py:190} INFO - [2025-02-28T14:05:15.700+0000] {dag.py:4180} INFO - Setting next_dagrun for example_nested_branch_dag to 2025-02-27 00:00:00+00:00, run_after=2025-02-28 00:00:00+00:00
[2025-02-28T14:05:15.719+0000] {processor.py:208} INFO - Processing /home/airflow/.local/lib/python3.12/site-packages/airflow/example_dags/example_nested_branch_dag.py took 0.077 seconds
[2025-02-28T14:05:46.310+0000] {processor.py:186} INFO - Started process (PID=361) to work on /home/airflow/.local/lib/python3.12/site-packages/airflow/example_dags/example_nested_branch_dag.py
[2025-02-28T14:05:46.311+0000] {processor.py:914} INFO - Processing file /home/airflow/.local/lib/python3.12/site-packages/airflow/example_dags/example_nested_branch_dag.py for tasks to queue
[2025-02-28T14:05:46.315+0000] {logging_mixin.py:190} INFO - [2025-02-28T14:05:46.314+0000] {dagbag.py:588} INFO - Filling up the DagBag from /home/airflow/.local/lib/python3.12/site-packages/airflow/example_dags/example_nested_branch_dag.py
[2025-02-28T14:05:46.324+0000] {processor.py:925} INFO - DAG(s) 'example_nested_branch_dag' retrieved from /home/airflow/.local/lib/python3.12/site-packages/airflow/example_dags/example_nested_branch_dag.py
[2025-02-28T14:05:46.340+0000] {logging_mixin.py:190} INFO - [2025-02-28T14:05:46.339+0000] {dag.py:3239} INFO - Sync 1 DAGs
[2025-02-28T14:05:46.360+0000] {logging_mixin.py:190} INFO - [2025-02-28T14:05:46.360+0000] {dag.py:4180} INFO - Setting next_dagrun for example_nested_branch_dag to 2025-02-27 00:00:00+00:00, run_after=2025-02-28 00:00:00+00:00
[2025-02-28T14:05:46.389+0000] {processor.py:208} INFO - Processing /home/airflow/.local/lib/python3.12/site-packages/airflow/example_dags/example_nested_branch_dag.py took 0.084 seconds
[2025-02-28T14:06:16.644+0000] {processor.py:186} INFO - Started process (PID=426) to work on /home/airflow/.local/lib/python3.12/site-packages/airflow/example_dags/example_nested_branch_dag.py
[2025-02-28T14:06:16.645+0000] {processor.py:914} INFO - Processing file /home/airflow/.local/lib/python3.12/site-packages/airflow/example_dags/example_nested_branch_dag.py for tasks to queue
[2025-02-28T14:06:16.648+0000] {logging_mixin.py:190} INFO - [2025-02-28T14:06:16.647+0000] {dagbag.py:588} INFO - Filling up the DagBag from /home/airflow/.local/lib/python3.12/site-packages/airflow/example_dags/example_nested_branch_dag.py
[2025-02-28T14:06:16.657+0000] {processor.py:925} INFO - DAG(s) 'example_nested_branch_dag' retrieved from /home/airflow/.local/lib/python3.12/site-packages/airflow/example_dags/example_nested_branch_dag.py
[2025-02-28T14:06:16.673+0000] {logging_mixin.py:190} INFO - [2025-02-28T14:06:16.673+0000] {dag.py:3239} INFO - Sync 1 DAGs
[2025-02-28T14:06:16.695+0000] {logging_mixin.py:190} INFO - [2025-02-28T14:06:16.694+0000] {dag.py:4180} INFO - Setting next_dagrun for example_nested_branch_dag to 2025-02-27 00:00:00+00:00, run_after=2025-02-28 00:00:00+00:00
[2025-02-28T14:06:16.711+0000] {processor.py:208} INFO - Processing /home/airflow/.local/lib/python3.12/site-packages/airflow/example_dags/example_nested_branch_dag.py took 0.071 seconds
[2025-02-28T14:06:46.993+0000] {processor.py:186} INFO - Started process (PID=490) to work on /home/airflow/.local/lib/python3.12/site-packages/airflow/example_dags/example_nested_branch_dag.py
[2025-02-28T14:06:46.994+0000] {processor.py:914} INFO - Processing file /home/airflow/.local/lib/python3.12/site-packages/airflow/example_dags/example_nested_branch_dag.py for tasks to queue
[2025-02-28T14:06:46.995+0000] {logging_mixin.py:190} INFO - [2025-02-28T14:06:46.995+0000] {dagbag.py:588} INFO - Filling up the DagBag from /home/airflow/.local/lib/python3.12/site-packages/airflow/example_dags/example_nested_branch_dag.py
[2025-02-28T14:06:47.004+0000] {processor.py:925} INFO - DAG(s) 'example_nested_branch_dag' retrieved from /home/airflow/.local/lib/python3.12/site-packages/airflow/example_dags/example_nested_branch_dag.py
[2025-02-28T14:06:47.019+0000] {logging_mixin.py:190} INFO - [2025-02-28T14:06:47.019+0000] {dag.py:3239} INFO - Sync 1 DAGs
[2025-02-28T14:06:47.038+0000] {logging_mixin.py:190} INFO - [2025-02-28T14:06:47.037+0000] {dag.py:4180} INFO - Setting next_dagrun for example_nested_branch_dag to 2025-02-27 00:00:00+00:00, run_after=2025-02-28 00:00:00+00:00
[2025-02-28T14:06:47.051+0000] {processor.py:208} INFO - Processing /home/airflow/.local/lib/python3.12/site-packages/airflow/example_dags/example_nested_branch_dag.py took 0.062 seconds
[2025-02-28T22:42:03.565+0000] {processor.py:186} INFO - Started process (PID=50) to work on /home/airflow/.local/lib/python3.12/site-packages/airflow/example_dags/example_nested_branch_dag.py
[2025-02-28T22:42:03.572+0000] {processor.py:914} INFO - Processing file /home/airflow/.local/lib/python3.12/site-packages/airflow/example_dags/example_nested_branch_dag.py for tasks to queue
[2025-02-28T22:42:03.577+0000] {logging_mixin.py:190} INFO - [2025-02-28T22:42:03.577+0000] {dagbag.py:588} INFO - Filling up the DagBag from /home/airflow/.local/lib/python3.12/site-packages/airflow/example_dags/example_nested_branch_dag.py
[2025-02-28T22:42:03.622+0000] {processor.py:925} INFO - DAG(s) 'example_nested_branch_dag' retrieved from /home/airflow/.local/lib/python3.12/site-packages/airflow/example_dags/example_nested_branch_dag.py
[2025-02-28T22:42:03.682+0000] {logging_mixin.py:190} INFO - [2025-02-28T22:42:03.682+0000] {dag.py:3239} INFO - Sync 1 DAGs
[2025-02-28T22:42:03.720+0000] {logging_mixin.py:190} INFO - [2025-02-28T22:42:03.719+0000] {dag.py:4180} INFO - Setting next_dagrun for example_nested_branch_dag to 2025-02-27 00:00:00+00:00, run_after=2025-02-28 00:00:00+00:00
[2025-02-28T22:42:03.744+0000] {processor.py:208} INFO - Processing /home/airflow/.local/lib/python3.12/site-packages/airflow/example_dags/example_nested_branch_dag.py took 0.211 seconds
[2025-02-28T22:42:33.820+0000] {processor.py:186} INFO - Started process (PID=113) to work on /home/airflow/.local/lib/python3.12/site-packages/airflow/example_dags/example_nested_branch_dag.py
[2025-02-28T22:42:33.821+0000] {processor.py:914} INFO - Processing file /home/airflow/.local/lib/python3.12/site-packages/airflow/example_dags/example_nested_branch_dag.py for tasks to queue
[2025-02-28T22:42:33.822+0000] {logging_mixin.py:190} INFO - [2025-02-28T22:42:33.822+0000] {dagbag.py:588} INFO - Filling up the DagBag from /home/airflow/.local/lib/python3.12/site-packages/airflow/example_dags/example_nested_branch_dag.py
[2025-02-28T22:42:33.831+0000] {processor.py:925} INFO - DAG(s) 'example_nested_branch_dag' retrieved from /home/airflow/.local/lib/python3.12/site-packages/airflow/example_dags/example_nested_branch_dag.py
[2025-02-28T22:42:33.856+0000] {logging_mixin.py:190} INFO - [2025-02-28T22:42:33.856+0000] {dag.py:3239} INFO - Sync 1 DAGs
[2025-02-28T22:42:33.882+0000] {logging_mixin.py:190} INFO - [2025-02-28T22:42:33.882+0000] {dag.py:4180} INFO - Setting next_dagrun for example_nested_branch_dag to 2025-02-27 00:00:00+00:00, run_after=2025-02-28 00:00:00+00:00
[2025-02-28T22:42:33.898+0000] {processor.py:208} INFO - Processing /home/airflow/.local/lib/python3.12/site-packages/airflow/example_dags/example_nested_branch_dag.py took 0.083 seconds
[2025-02-28T22:47:14.717+0000] {processor.py:186} INFO - Started process (PID=50) to work on /home/airflow/.local/lib/python3.12/site-packages/airflow/example_dags/example_nested_branch_dag.py
[2025-02-28T22:47:14.718+0000] {processor.py:914} INFO - Processing file /home/airflow/.local/lib/python3.12/site-packages/airflow/example_dags/example_nested_branch_dag.py for tasks to queue
[2025-02-28T22:47:14.720+0000] {logging_mixin.py:190} INFO - [2025-02-28T22:47:14.719+0000] {dagbag.py:588} INFO - Filling up the DagBag from /home/airflow/.local/lib/python3.12/site-packages/airflow/example_dags/example_nested_branch_dag.py
[2025-02-28T22:47:14.731+0000] {processor.py:925} INFO - DAG(s) 'example_nested_branch_dag' retrieved from /home/airflow/.local/lib/python3.12/site-packages/airflow/example_dags/example_nested_branch_dag.py
[2025-02-28T22:47:14.756+0000] {logging_mixin.py:190} INFO - [2025-02-28T22:47:14.756+0000] {dag.py:3239} INFO - Sync 1 DAGs
[2025-02-28T22:47:14.780+0000] {logging_mixin.py:190} INFO - [2025-02-28T22:47:14.780+0000] {dag.py:4180} INFO - Setting next_dagrun for example_nested_branch_dag to 2025-02-27 00:00:00+00:00, run_after=2025-02-28 00:00:00+00:00
[2025-02-28T22:47:14.798+0000] {processor.py:208} INFO - Processing /home/airflow/.local/lib/python3.12/site-packages/airflow/example_dags/example_nested_branch_dag.py took 0.086 seconds
[2025-02-28T22:47:45.060+0000] {processor.py:186} INFO - Started process (PID=113) to work on /home/airflow/.local/lib/python3.12/site-packages/airflow/example_dags/example_nested_branch_dag.py
[2025-02-28T22:47:45.061+0000] {processor.py:914} INFO - Processing file /home/airflow/.local/lib/python3.12/site-packages/airflow/example_dags/example_nested_branch_dag.py for tasks to queue
[2025-02-28T22:47:45.063+0000] {logging_mixin.py:190} INFO - [2025-02-28T22:47:45.062+0000] {dagbag.py:588} INFO - Filling up the DagBag from /home/airflow/.local/lib/python3.12/site-packages/airflow/example_dags/example_nested_branch_dag.py
[2025-02-28T22:47:45.071+0000] {processor.py:925} INFO - DAG(s) 'example_nested_branch_dag' retrieved from /home/airflow/.local/lib/python3.12/site-packages/airflow/example_dags/example_nested_branch_dag.py
[2025-02-28T22:47:45.086+0000] {logging_mixin.py:190} INFO - [2025-02-28T22:47:45.086+0000] {dag.py:3239} INFO - Sync 1 DAGs
[2025-02-28T22:47:45.105+0000] {logging_mixin.py:190} INFO - [2025-02-28T22:47:45.105+0000] {dag.py:4180} INFO - Setting next_dagrun for example_nested_branch_dag to 2025-02-27 00:00:00+00:00, run_after=2025-02-28 00:00:00+00:00
[2025-02-28T22:47:45.119+0000] {processor.py:208} INFO - Processing /home/airflow/.local/lib/python3.12/site-packages/airflow/example_dags/example_nested_branch_dag.py took 0.063 seconds
[2025-02-28T22:48:15.519+0000] {processor.py:186} INFO - Started process (PID=177) to work on /home/airflow/.local/lib/python3.12/site-packages/airflow/example_dags/example_nested_branch_dag.py
[2025-02-28T22:48:15.519+0000] {processor.py:914} INFO - Processing file /home/airflow/.local/lib/python3.12/site-packages/airflow/example_dags/example_nested_branch_dag.py for tasks to queue
[2025-02-28T22:48:15.521+0000] {logging_mixin.py:190} INFO - [2025-02-28T22:48:15.521+0000] {dagbag.py:588} INFO - Filling up the DagBag from /home/airflow/.local/lib/python3.12/site-packages/airflow/example_dags/example_nested_branch_dag.py
[2025-02-28T22:48:15.529+0000] {processor.py:925} INFO - DAG(s) 'example_nested_branch_dag' retrieved from /home/airflow/.local/lib/python3.12/site-packages/airflow/example_dags/example_nested_branch_dag.py
[2025-02-28T22:48:15.544+0000] {logging_mixin.py:190} INFO - [2025-02-28T22:48:15.544+0000] {dag.py:3239} INFO - Sync 1 DAGs
[2025-02-28T22:48:15.563+0000] {logging_mixin.py:190} INFO - [2025-02-28T22:48:15.562+0000] {dag.py:4180} INFO - Setting next_dagrun for example_nested_branch_dag to 2025-02-27 00:00:00+00:00, run_after=2025-02-28 00:00:00+00:00
[2025-02-28T22:48:15.576+0000] {processor.py:208} INFO - Processing /home/airflow/.local/lib/python3.12/site-packages/airflow/example_dags/example_nested_branch_dag.py took 0.062 seconds
[2025-02-28T22:48:46.596+0000] {processor.py:186} INFO - Started process (PID=241) to work on /home/airflow/.local/lib/python3.12/site-packages/airflow/example_dags/example_nested_branch_dag.py
[2025-02-28T22:48:46.597+0000] {processor.py:914} INFO - Processing file /home/airflow/.local/lib/python3.12/site-packages/airflow/example_dags/example_nested_branch_dag.py for tasks to queue
[2025-02-28T22:48:46.598+0000] {logging_mixin.py:190} INFO - [2025-02-28T22:48:46.598+0000] {dagbag.py:588} INFO - Filling up the DagBag from /home/airflow/.local/lib/python3.12/site-packages/airflow/example_dags/example_nested_branch_dag.py
[2025-02-28T22:48:46.607+0000] {processor.py:925} INFO - DAG(s) 'example_nested_branch_dag' retrieved from /home/airflow/.local/lib/python3.12/site-packages/airflow/example_dags/example_nested_branch_dag.py
[2025-02-28T22:48:46.622+0000] {logging_mixin.py:190} INFO - [2025-02-28T22:48:46.621+0000] {dag.py:3239} INFO - Sync 1 DAGs
[2025-02-28T22:48:46.640+0000] {logging_mixin.py:190} INFO - [2025-02-28T22:48:46.640+0000] {dag.py:4180} INFO - Setting next_dagrun for example_nested_branch_dag to 2025-02-27 00:00:00+00:00, run_after=2025-02-28 00:00:00+00:00
[2025-02-28T22:48:46.656+0000] {processor.py:208} INFO - Processing /home/airflow/.local/lib/python3.12/site-packages/airflow/example_dags/example_nested_branch_dag.py took 0.064 seconds
[2025-02-28T22:49:17.367+0000] {processor.py:186} INFO - Started process (PID=305) to work on /home/airflow/.local/lib/python3.12/site-packages/airflow/example_dags/example_nested_branch_dag.py
[2025-02-28T22:49:17.368+0000] {processor.py:914} INFO - Processing file /home/airflow/.local/lib/python3.12/site-packages/airflow/example_dags/example_nested_branch_dag.py for tasks to queue
[2025-02-28T22:49:17.369+0000] {logging_mixin.py:190} INFO - [2025-02-28T22:49:17.369+0000] {dagbag.py:588} INFO - Filling up the DagBag from /home/airflow/.local/lib/python3.12/site-packages/airflow/example_dags/example_nested_branch_dag.py
[2025-02-28T22:49:17.380+0000] {processor.py:925} INFO - DAG(s) 'example_nested_branch_dag' retrieved from /home/airflow/.local/lib/python3.12/site-packages/airflow/example_dags/example_nested_branch_dag.py
[2025-02-28T22:49:17.398+0000] {logging_mixin.py:190} INFO - [2025-02-28T22:49:17.398+0000] {dag.py:3239} INFO - Sync 1 DAGs
[2025-02-28T22:49:17.420+0000] {logging_mixin.py:190} INFO - [2025-02-28T22:49:17.420+0000] {dag.py:4180} INFO - Setting next_dagrun for example_nested_branch_dag to 2025-02-27 00:00:00+00:00, run_after=2025-02-28 00:00:00+00:00
[2025-02-28T22:49:17.435+0000] {processor.py:208} INFO - Processing /home/airflow/.local/lib/python3.12/site-packages/airflow/example_dags/example_nested_branch_dag.py took 0.074 seconds
[2025-02-28T22:49:47.845+0000] {processor.py:186} INFO - Started process (PID=369) to work on /home/airflow/.local/lib/python3.12/site-packages/airflow/example_dags/example_nested_branch_dag.py
[2025-02-28T22:49:47.846+0000] {processor.py:914} INFO - Processing file /home/airflow/.local/lib/python3.12/site-packages/airflow/example_dags/example_nested_branch_dag.py for tasks to queue
[2025-02-28T22:49:47.847+0000] {logging_mixin.py:190} INFO - [2025-02-28T22:49:47.847+0000] {dagbag.py:588} INFO - Filling up the DagBag from /home/airflow/.local/lib/python3.12/site-packages/airflow/example_dags/example_nested_branch_dag.py
[2025-02-28T22:49:47.856+0000] {processor.py:925} INFO - DAG(s) 'example_nested_branch_dag' retrieved from /home/airflow/.local/lib/python3.12/site-packages/airflow/example_dags/example_nested_branch_dag.py
[2025-02-28T22:49:47.871+0000] {logging_mixin.py:190} INFO - [2025-02-28T22:49:47.871+0000] {dag.py:3239} INFO - Sync 1 DAGs
[2025-02-28T22:49:47.890+0000] {logging_mixin.py:190} INFO - [2025-02-28T22:49:47.890+0000] {dag.py:4180} INFO - Setting next_dagrun for example_nested_branch_dag to 2025-02-27 00:00:00+00:00, run_after=2025-02-28 00:00:00+00:00
[2025-02-28T22:49:47.903+0000] {processor.py:208} INFO - Processing /home/airflow/.local/lib/python3.12/site-packages/airflow/example_dags/example_nested_branch_dag.py took 0.062 seconds
[2025-02-28T22:50:18.696+0000] {processor.py:186} INFO - Started process (PID=433) to work on /home/airflow/.local/lib/python3.12/site-packages/airflow/example_dags/example_nested_branch_dag.py
[2025-02-28T22:50:18.697+0000] {processor.py:914} INFO - Processing file /home/airflow/.local/lib/python3.12/site-packages/airflow/example_dags/example_nested_branch_dag.py for tasks to queue
[2025-02-28T22:50:18.698+0000] {logging_mixin.py:190} INFO - [2025-02-28T22:50:18.698+0000] {dagbag.py:588} INFO - Filling up the DagBag from /home/airflow/.local/lib/python3.12/site-packages/airflow/example_dags/example_nested_branch_dag.py
[2025-02-28T22:50:18.708+0000] {processor.py:925} INFO - DAG(s) 'example_nested_branch_dag' retrieved from /home/airflow/.local/lib/python3.12/site-packages/airflow/example_dags/example_nested_branch_dag.py
[2025-02-28T22:50:18.727+0000] {logging_mixin.py:190} INFO - [2025-02-28T22:50:18.727+0000] {dag.py:3239} INFO - Sync 1 DAGs
[2025-02-28T22:50:18.748+0000] {logging_mixin.py:190} INFO - [2025-02-28T22:50:18.748+0000] {dag.py:4180} INFO - Setting next_dagrun for example_nested_branch_dag to 2025-02-27 00:00:00+00:00, run_after=2025-02-28 00:00:00+00:00
[2025-02-28T22:50:18.795+0000] {processor.py:208} INFO - Processing /home/airflow/.local/lib/python3.12/site-packages/airflow/example_dags/example_nested_branch_dag.py took 0.104 seconds
[2025-02-28T22:50:49.541+0000] {processor.py:186} INFO - Started process (PID=497) to work on /home/airflow/.local/lib/python3.12/site-packages/airflow/example_dags/example_nested_branch_dag.py
[2025-02-28T22:50:49.542+0000] {processor.py:914} INFO - Processing file /home/airflow/.local/lib/python3.12/site-packages/airflow/example_dags/example_nested_branch_dag.py for tasks to queue
[2025-02-28T22:50:49.543+0000] {logging_mixin.py:190} INFO - [2025-02-28T22:50:49.543+0000] {dagbag.py:588} INFO - Filling up the DagBag from /home/airflow/.local/lib/python3.12/site-packages/airflow/example_dags/example_nested_branch_dag.py
[2025-02-28T22:50:49.554+0000] {processor.py:925} INFO - DAG(s) 'example_nested_branch_dag' retrieved from /home/airflow/.local/lib/python3.12/site-packages/airflow/example_dags/example_nested_branch_dag.py
[2025-02-28T22:50:49.571+0000] {logging_mixin.py:190} INFO - [2025-02-28T22:50:49.571+0000] {dag.py:3239} INFO - Sync 1 DAGs
[2025-02-28T22:50:49.592+0000] {logging_mixin.py:190} INFO - [2025-02-28T22:50:49.592+0000] {dag.py:4180} INFO - Setting next_dagrun for example_nested_branch_dag to 2025-02-27 00:00:00+00:00, run_after=2025-02-28 00:00:00+00:00
[2025-02-28T22:50:49.606+0000] {processor.py:208} INFO - Processing /home/airflow/.local/lib/python3.12/site-packages/airflow/example_dags/example_nested_branch_dag.py took 0.070 seconds
[2025-02-28T22:52:21.199+0000] {processor.py:186} INFO - Started process (PID=50) to work on /home/airflow/.local/lib/python3.12/site-packages/airflow/example_dags/example_nested_branch_dag.py
[2025-02-28T22:52:21.200+0000] {processor.py:914} INFO - Processing file /home/airflow/.local/lib/python3.12/site-packages/airflow/example_dags/example_nested_branch_dag.py for tasks to queue
[2025-02-28T22:52:21.202+0000] {logging_mixin.py:190} INFO - [2025-02-28T22:52:21.201+0000] {dagbag.py:588} INFO - Filling up the DagBag from /home/airflow/.local/lib/python3.12/site-packages/airflow/example_dags/example_nested_branch_dag.py
[2025-02-28T22:52:21.215+0000] {processor.py:925} INFO - DAG(s) 'example_nested_branch_dag' retrieved from /home/airflow/.local/lib/python3.12/site-packages/airflow/example_dags/example_nested_branch_dag.py
[2025-02-28T22:52:21.247+0000] {logging_mixin.py:190} INFO - [2025-02-28T22:52:21.247+0000] {dag.py:3239} INFO - Sync 1 DAGs
[2025-02-28T22:52:21.272+0000] {logging_mixin.py:190} INFO - [2025-02-28T22:52:21.272+0000] {dag.py:4180} INFO - Setting next_dagrun for example_nested_branch_dag to 2025-02-27 00:00:00+00:00, run_after=2025-02-28 00:00:00+00:00
[2025-02-28T22:52:21.293+0000] {processor.py:208} INFO - Processing /home/airflow/.local/lib/python3.12/site-packages/airflow/example_dags/example_nested_branch_dag.py took 0.099 seconds
[2025-02-28T22:52:51.357+0000] {processor.py:186} INFO - Started process (PID=113) to work on /home/airflow/.local/lib/python3.12/site-packages/airflow/example_dags/example_nested_branch_dag.py
[2025-02-28T22:52:51.357+0000] {processor.py:914} INFO - Processing file /home/airflow/.local/lib/python3.12/site-packages/airflow/example_dags/example_nested_branch_dag.py for tasks to queue
[2025-02-28T22:52:51.359+0000] {logging_mixin.py:190} INFO - [2025-02-28T22:52:51.359+0000] {dagbag.py:588} INFO - Filling up the DagBag from /home/airflow/.local/lib/python3.12/site-packages/airflow/example_dags/example_nested_branch_dag.py
[2025-02-28T22:52:51.371+0000] {processor.py:925} INFO - DAG(s) 'example_nested_branch_dag' retrieved from /home/airflow/.local/lib/python3.12/site-packages/airflow/example_dags/example_nested_branch_dag.py
[2025-02-28T22:52:51.473+0000] {logging_mixin.py:190} INFO - [2025-02-28T22:52:51.473+0000] {dag.py:3239} INFO - Sync 1 DAGs
[2025-02-28T22:52:51.494+0000] {logging_mixin.py:190} INFO - [2025-02-28T22:52:51.494+0000] {dag.py:4180} INFO - Setting next_dagrun for example_nested_branch_dag to 2025-02-27 00:00:00+00:00, run_after=2025-02-28 00:00:00+00:00
[2025-02-28T22:52:51.509+0000] {processor.py:208} INFO - Processing /home/airflow/.local/lib/python3.12/site-packages/airflow/example_dags/example_nested_branch_dag.py took 0.157 seconds
[2025-02-28T22:58:51.384+0000] {processor.py:186} INFO - Started process (PID=50) to work on /home/airflow/.local/lib/python3.12/site-packages/airflow/example_dags/example_nested_branch_dag.py
[2025-02-28T22:58:51.386+0000] {processor.py:914} INFO - Processing file /home/airflow/.local/lib/python3.12/site-packages/airflow/example_dags/example_nested_branch_dag.py for tasks to queue
[2025-02-28T22:58:51.388+0000] {logging_mixin.py:190} INFO - [2025-02-28T22:58:51.388+0000] {dagbag.py:588} INFO - Filling up the DagBag from /home/airflow/.local/lib/python3.12/site-packages/airflow/example_dags/example_nested_branch_dag.py
[2025-02-28T22:58:51.403+0000] {processor.py:925} INFO - DAG(s) 'example_nested_branch_dag' retrieved from /home/airflow/.local/lib/python3.12/site-packages/airflow/example_dags/example_nested_branch_dag.py
[2025-02-28T22:58:51.431+0000] {logging_mixin.py:190} INFO - [2025-02-28T22:58:51.431+0000] {dag.py:3239} INFO - Sync 1 DAGs
[2025-02-28T22:58:51.457+0000] {logging_mixin.py:190} INFO - [2025-02-28T22:58:51.457+0000] {dag.py:4180} INFO - Setting next_dagrun for example_nested_branch_dag to 2025-02-27 00:00:00+00:00, run_after=2025-02-28 00:00:00+00:00
[2025-02-28T22:58:51.505+0000] {processor.py:208} INFO - Processing /home/airflow/.local/lib/python3.12/site-packages/airflow/example_dags/example_nested_branch_dag.py took 0.127 seconds
[2025-02-28T22:59:21.900+0000] {processor.py:186} INFO - Started process (PID=114) to work on /home/airflow/.local/lib/python3.12/site-packages/airflow/example_dags/example_nested_branch_dag.py
[2025-02-28T22:59:21.902+0000] {processor.py:914} INFO - Processing file /home/airflow/.local/lib/python3.12/site-packages/airflow/example_dags/example_nested_branch_dag.py for tasks to queue
[2025-02-28T22:59:21.904+0000] {logging_mixin.py:190} INFO - [2025-02-28T22:59:21.903+0000] {dagbag.py:588} INFO - Filling up the DagBag from /home/airflow/.local/lib/python3.12/site-packages/airflow/example_dags/example_nested_branch_dag.py
[2025-02-28T22:59:21.916+0000] {processor.py:925} INFO - DAG(s) 'example_nested_branch_dag' retrieved from /home/airflow/.local/lib/python3.12/site-packages/airflow/example_dags/example_nested_branch_dag.py
[2025-02-28T22:59:21.938+0000] {logging_mixin.py:190} INFO - [2025-02-28T22:59:21.938+0000] {dag.py:3239} INFO - Sync 1 DAGs
[2025-02-28T22:59:21.962+0000] {logging_mixin.py:190} INFO - [2025-02-28T22:59:21.961+0000] {dag.py:4180} INFO - Setting next_dagrun for example_nested_branch_dag to 2025-02-27 00:00:00+00:00, run_after=2025-02-28 00:00:00+00:00
[2025-02-28T22:59:21.982+0000] {processor.py:208} INFO - Processing /home/airflow/.local/lib/python3.12/site-packages/airflow/example_dags/example_nested_branch_dag.py took 0.088 seconds
[2025-02-28T23:20:34.151+0000] {processor.py:186} INFO - Started process (PID=50) to work on /home/airflow/.local/lib/python3.12/site-packages/airflow/example_dags/example_nested_branch_dag.py
[2025-02-28T23:20:34.152+0000] {processor.py:914} INFO - Processing file /home/airflow/.local/lib/python3.12/site-packages/airflow/example_dags/example_nested_branch_dag.py for tasks to queue
[2025-02-28T23:20:34.154+0000] {logging_mixin.py:190} INFO - [2025-02-28T23:20:34.154+0000] {dagbag.py:588} INFO - Filling up the DagBag from /home/airflow/.local/lib/python3.12/site-packages/airflow/example_dags/example_nested_branch_dag.py
[2025-02-28T23:20:34.167+0000] {processor.py:925} INFO - DAG(s) 'example_nested_branch_dag' retrieved from /home/airflow/.local/lib/python3.12/site-packages/airflow/example_dags/example_nested_branch_dag.py
[2025-02-28T23:20:34.217+0000] {logging_mixin.py:190} INFO - [2025-02-28T23:20:34.216+0000] {dag.py:3239} INFO - Sync 1 DAGs
[2025-02-28T23:20:34.248+0000] {logging_mixin.py:190} INFO - [2025-02-28T23:20:34.248+0000] {dag.py:4180} INFO - Setting next_dagrun for example_nested_branch_dag to 2025-02-27 00:00:00+00:00, run_after=2025-02-28 00:00:00+00:00
[2025-02-28T23:20:34.273+0000] {processor.py:208} INFO - Processing /home/airflow/.local/lib/python3.12/site-packages/airflow/example_dags/example_nested_branch_dag.py took 0.128 seconds
[2025-02-28T23:21:04.466+0000] {processor.py:186} INFO - Started process (PID=113) to work on /home/airflow/.local/lib/python3.12/site-packages/airflow/example_dags/example_nested_branch_dag.py
[2025-02-28T23:21:04.469+0000] {processor.py:914} INFO - Processing file /home/airflow/.local/lib/python3.12/site-packages/airflow/example_dags/example_nested_branch_dag.py for tasks to queue
[2025-02-28T23:21:04.470+0000] {logging_mixin.py:190} INFO - [2025-02-28T23:21:04.470+0000] {dagbag.py:588} INFO - Filling up the DagBag from /home/airflow/.local/lib/python3.12/site-packages/airflow/example_dags/example_nested_branch_dag.py
[2025-02-28T23:21:04.481+0000] {processor.py:925} INFO - DAG(s) 'example_nested_branch_dag' retrieved from /home/airflow/.local/lib/python3.12/site-packages/airflow/example_dags/example_nested_branch_dag.py
[2025-02-28T23:21:04.496+0000] {logging_mixin.py:190} INFO - [2025-02-28T23:21:04.496+0000] {dag.py:3239} INFO - Sync 1 DAGs
[2025-02-28T23:21:04.517+0000] {logging_mixin.py:190} INFO - [2025-02-28T23:21:04.516+0000] {dag.py:4180} INFO - Setting next_dagrun for example_nested_branch_dag to 2025-02-27 00:00:00+00:00, run_after=2025-02-28 00:00:00+00:00
[2025-02-28T23:21:04.532+0000] {processor.py:208} INFO - Processing /home/airflow/.local/lib/python3.12/site-packages/airflow/example_dags/example_nested_branch_dag.py took 0.070 seconds
[2025-02-28T23:21:34.780+0000] {processor.py:186} INFO - Started process (PID=177) to work on /home/airflow/.local/lib/python3.12/site-packages/airflow/example_dags/example_nested_branch_dag.py
[2025-02-28T23:21:34.781+0000] {processor.py:914} INFO - Processing file /home/airflow/.local/lib/python3.12/site-packages/airflow/example_dags/example_nested_branch_dag.py for tasks to queue
[2025-02-28T23:21:34.783+0000] {logging_mixin.py:190} INFO - [2025-02-28T23:21:34.782+0000] {dagbag.py:588} INFO - Filling up the DagBag from /home/airflow/.local/lib/python3.12/site-packages/airflow/example_dags/example_nested_branch_dag.py
[2025-02-28T23:21:34.791+0000] {processor.py:925} INFO - DAG(s) 'example_nested_branch_dag' retrieved from /home/airflow/.local/lib/python3.12/site-packages/airflow/example_dags/example_nested_branch_dag.py
[2025-02-28T23:21:34.806+0000] {logging_mixin.py:190} INFO - [2025-02-28T23:21:34.805+0000] {dag.py:3239} INFO - Sync 1 DAGs
[2025-02-28T23:21:34.824+0000] {logging_mixin.py:190} INFO - [2025-02-28T23:21:34.824+0000] {dag.py:4180} INFO - Setting next_dagrun for example_nested_branch_dag to 2025-02-27 00:00:00+00:00, run_after=2025-02-28 00:00:00+00:00
[2025-02-28T23:21:34.847+0000] {processor.py:208} INFO - Processing /home/airflow/.local/lib/python3.12/site-packages/airflow/example_dags/example_nested_branch_dag.py took 0.070 seconds
[2025-02-28T23:22:20.750+0000] {processor.py:186} INFO - Started process (PID=247) to work on /home/airflow/.local/lib/python3.12/site-packages/airflow/example_dags/example_nested_branch_dag.py
[2025-02-28T23:22:20.751+0000] {processor.py:914} INFO - Processing file /home/airflow/.local/lib/python3.12/site-packages/airflow/example_dags/example_nested_branch_dag.py for tasks to queue
[2025-02-28T23:22:20.753+0000] {logging_mixin.py:190} INFO - [2025-02-28T23:22:20.753+0000] {dagbag.py:588} INFO - Filling up the DagBag from /home/airflow/.local/lib/python3.12/site-packages/airflow/example_dags/example_nested_branch_dag.py
[2025-02-28T23:22:20.765+0000] {processor.py:925} INFO - DAG(s) 'example_nested_branch_dag' retrieved from /home/airflow/.local/lib/python3.12/site-packages/airflow/example_dags/example_nested_branch_dag.py
[2025-02-28T23:22:20.852+0000] {logging_mixin.py:190} INFO - [2025-02-28T23:22:20.852+0000] {dag.py:3239} INFO - Sync 1 DAGs
[2025-02-28T23:22:20.872+0000] {logging_mixin.py:190} INFO - [2025-02-28T23:22:20.871+0000] {dag.py:4180} INFO - Setting next_dagrun for example_nested_branch_dag to 2025-02-27 00:00:00+00:00, run_after=2025-02-28 00:00:00+00:00
[2025-02-28T23:22:20.887+0000] {processor.py:208} INFO - Processing /home/airflow/.local/lib/python3.12/site-packages/airflow/example_dags/example_nested_branch_dag.py took 0.142 seconds
[2025-02-28T23:22:51.775+0000] {processor.py:186} INFO - Started process (PID=311) to work on /home/airflow/.local/lib/python3.12/site-packages/airflow/example_dags/example_nested_branch_dag.py
[2025-02-28T23:22:51.776+0000] {processor.py:914} INFO - Processing file /home/airflow/.local/lib/python3.12/site-packages/airflow/example_dags/example_nested_branch_dag.py for tasks to queue
[2025-02-28T23:22:51.779+0000] {logging_mixin.py:190} INFO - [2025-02-28T23:22:51.778+0000] {dagbag.py:588} INFO - Filling up the DagBag from /home/airflow/.local/lib/python3.12/site-packages/airflow/example_dags/example_nested_branch_dag.py
[2025-02-28T23:22:51.790+0000] {processor.py:925} INFO - DAG(s) 'example_nested_branch_dag' retrieved from /home/airflow/.local/lib/python3.12/site-packages/airflow/example_dags/example_nested_branch_dag.py
[2025-02-28T23:22:51.809+0000] {logging_mixin.py:190} INFO - [2025-02-28T23:22:51.809+0000] {dag.py:3239} INFO - Sync 1 DAGs
[2025-02-28T23:22:51.834+0000] {logging_mixin.py:190} INFO - [2025-02-28T23:22:51.834+0000] {dag.py:4180} INFO - Setting next_dagrun for example_nested_branch_dag to 2025-02-27 00:00:00+00:00, run_after=2025-02-28 00:00:00+00:00
[2025-02-28T23:22:51.850+0000] {processor.py:208} INFO - Processing /home/airflow/.local/lib/python3.12/site-packages/airflow/example_dags/example_nested_branch_dag.py took 0.081 seconds
[2025-02-28T23:23:22.674+0000] {processor.py:186} INFO - Started process (PID=375) to work on /home/airflow/.local/lib/python3.12/site-packages/airflow/example_dags/example_nested_branch_dag.py
[2025-02-28T23:23:22.675+0000] {processor.py:914} INFO - Processing file /home/airflow/.local/lib/python3.12/site-packages/airflow/example_dags/example_nested_branch_dag.py for tasks to queue
[2025-02-28T23:23:22.676+0000] {logging_mixin.py:190} INFO - [2025-02-28T23:23:22.676+0000] {dagbag.py:588} INFO - Filling up the DagBag from /home/airflow/.local/lib/python3.12/site-packages/airflow/example_dags/example_nested_branch_dag.py
[2025-02-28T23:23:22.686+0000] {processor.py:925} INFO - DAG(s) 'example_nested_branch_dag' retrieved from /home/airflow/.local/lib/python3.12/site-packages/airflow/example_dags/example_nested_branch_dag.py
[2025-02-28T23:23:22.712+0000] {logging_mixin.py:190} INFO - [2025-02-28T23:23:22.712+0000] {dag.py:3239} INFO - Sync 1 DAGs
[2025-02-28T23:23:22.739+0000] {logging_mixin.py:190} INFO - [2025-02-28T23:23:22.739+0000] {dag.py:4180} INFO - Setting next_dagrun for example_nested_branch_dag to 2025-02-27 00:00:00+00:00, run_after=2025-02-28 00:00:00+00:00
[2025-02-28T23:23:22.797+0000] {processor.py:208} INFO - Processing /home/airflow/.local/lib/python3.12/site-packages/airflow/example_dags/example_nested_branch_dag.py took 0.128 seconds
[2025-02-28T23:23:53.259+0000] {processor.py:186} INFO - Started process (PID=439) to work on /home/airflow/.local/lib/python3.12/site-packages/airflow/example_dags/example_nested_branch_dag.py
[2025-02-28T23:23:53.260+0000] {processor.py:914} INFO - Processing file /home/airflow/.local/lib/python3.12/site-packages/airflow/example_dags/example_nested_branch_dag.py for tasks to queue
[2025-02-28T23:23:53.261+0000] {logging_mixin.py:190} INFO - [2025-02-28T23:23:53.261+0000] {dagbag.py:588} INFO - Filling up the DagBag from /home/airflow/.local/lib/python3.12/site-packages/airflow/example_dags/example_nested_branch_dag.py
[2025-02-28T23:23:53.270+0000] {processor.py:925} INFO - DAG(s) 'example_nested_branch_dag' retrieved from /home/airflow/.local/lib/python3.12/site-packages/airflow/example_dags/example_nested_branch_dag.py
[2025-02-28T23:23:53.284+0000] {logging_mixin.py:190} INFO - [2025-02-28T23:23:53.284+0000] {dag.py:3239} INFO - Sync 1 DAGs
[2025-02-28T23:23:53.301+0000] {logging_mixin.py:190} INFO - [2025-02-28T23:23:53.301+0000] {dag.py:4180} INFO - Setting next_dagrun for example_nested_branch_dag to 2025-02-27 00:00:00+00:00, run_after=2025-02-28 00:00:00+00:00
[2025-02-28T23:23:53.318+0000] {processor.py:208} INFO - Processing /home/airflow/.local/lib/python3.12/site-packages/airflow/example_dags/example_nested_branch_dag.py took 0.063 seconds
