[2025-02-28T14:02:31.424+0000] {processor.py:186} INFO - Started process (PID=61) to work on /home/airflow/.local/lib/python3.12/site-packages/airflow/example_dags/example_latest_only.py
[2025-02-28T14:02:31.425+0000] {processor.py:914} INFO - Processing file /home/airflow/.local/lib/python3.12/site-packages/airflow/example_dags/example_latest_only.py for tasks to queue
[2025-02-28T14:02:31.426+0000] {logging_mixin.py:190} INFO - [2025-02-28T14:02:31.426+0000] {dagbag.py:588} INFO - Filling up the DagBag from /home/airflow/.local/lib/python3.12/site-packages/airflow/example_dags/example_latest_only.py
[2025-02-28T14:02:31.432+0000] {processor.py:925} INFO - DAG(s) 'latest_only' retrieved from /home/airflow/.local/lib/python3.12/site-packages/airflow/example_dags/example_latest_only.py
[2025-02-28T14:02:32.047+0000] {logging_mixin.py:190} INFO - [2025-02-28T14:02:32.046+0000] {dag.py:3239} INFO - Sync 1 DAGs
[2025-02-28T14:02:32.066+0000] {logging_mixin.py:190} INFO - [2025-02-28T14:02:32.066+0000] {dag.py:4180} INFO - Setting next_dagrun for latest_only to 2025-02-28 08:00:00+00:00, run_after=2025-02-28 12:00:00+00:00
[2025-02-28T14:02:32.079+0000] {processor.py:208} INFO - Processing /home/airflow/.local/lib/python3.12/site-packages/airflow/example_dags/example_latest_only.py took 0.659 seconds
[2025-02-28T14:03:20.164+0000] {processor.py:186} INFO - Started process (PID=124) to work on /home/airflow/.local/lib/python3.12/site-packages/airflow/example_dags/example_latest_only.py
[2025-02-28T14:03:20.165+0000] {processor.py:914} INFO - Processing file /home/airflow/.local/lib/python3.12/site-packages/airflow/example_dags/example_latest_only.py for tasks to queue
[2025-02-28T14:03:20.166+0000] {logging_mixin.py:190} INFO - [2025-02-28T14:03:20.166+0000] {dagbag.py:588} INFO - Filling up the DagBag from /home/airflow/.local/lib/python3.12/site-packages/airflow/example_dags/example_latest_only.py
[2025-02-28T14:03:20.171+0000] {processor.py:925} INFO - DAG(s) 'latest_only' retrieved from /home/airflow/.local/lib/python3.12/site-packages/airflow/example_dags/example_latest_only.py
[2025-02-28T14:03:20.185+0000] {logging_mixin.py:190} INFO - [2025-02-28T14:03:20.185+0000] {dag.py:3239} INFO - Sync 1 DAGs
[2025-02-28T14:03:20.207+0000] {logging_mixin.py:190} INFO - [2025-02-28T14:03:20.206+0000] {dag.py:4180} INFO - Setting next_dagrun for latest_only to 2025-02-28 08:00:00+00:00, run_after=2025-02-28 12:00:00+00:00
[2025-02-28T14:03:20.226+0000] {processor.py:208} INFO - Processing /home/airflow/.local/lib/python3.12/site-packages/airflow/example_dags/example_latest_only.py took 0.067 seconds
[2025-02-28T14:03:59.629+0000] {processor.py:186} INFO - Started process (PID=181) to work on /home/airflow/.local/lib/python3.12/site-packages/airflow/example_dags/example_latest_only.py
[2025-02-28T14:03:59.694+0000] {processor.py:914} INFO - Processing file /home/airflow/.local/lib/python3.12/site-packages/airflow/example_dags/example_latest_only.py for tasks to queue
[2025-02-28T14:03:59.702+0000] {logging_mixin.py:190} INFO - [2025-02-28T14:03:59.700+0000] {dagbag.py:588} INFO - Filling up the DagBag from /home/airflow/.local/lib/python3.12/site-packages/airflow/example_dags/example_latest_only.py
[2025-02-28T14:03:59.805+0000] {processor.py:925} INFO - DAG(s) 'latest_only' retrieved from /home/airflow/.local/lib/python3.12/site-packages/airflow/example_dags/example_latest_only.py
[2025-02-28T14:04:00.051+0000] {logging_mixin.py:190} INFO - [2025-02-28T14:04:00.050+0000] {dag.py:3239} INFO - Sync 1 DAGs
[2025-02-28T14:04:00.075+0000] {logging_mixin.py:190} INFO - [2025-02-28T14:04:00.075+0000] {dag.py:4180} INFO - Setting next_dagrun for latest_only to 2025-02-28 08:00:00+00:00, run_after=2025-02-28 12:00:00+00:00
[2025-02-28T14:04:00.093+0000] {processor.py:208} INFO - Processing /home/airflow/.local/lib/python3.12/site-packages/airflow/example_dags/example_latest_only.py took 0.698 seconds
[2025-02-28T14:04:30.983+0000] {processor.py:186} INFO - Started process (PID=245) to work on /home/airflow/.local/lib/python3.12/site-packages/airflow/example_dags/example_latest_only.py
[2025-02-28T14:04:30.985+0000] {processor.py:914} INFO - Processing file /home/airflow/.local/lib/python3.12/site-packages/airflow/example_dags/example_latest_only.py for tasks to queue
[2025-02-28T14:04:30.992+0000] {logging_mixin.py:190} INFO - [2025-02-28T14:04:30.991+0000] {dagbag.py:588} INFO - Filling up the DagBag from /home/airflow/.local/lib/python3.12/site-packages/airflow/example_dags/example_latest_only.py
[2025-02-28T14:04:31.013+0000] {processor.py:925} INFO - DAG(s) 'latest_only' retrieved from /home/airflow/.local/lib/python3.12/site-packages/airflow/example_dags/example_latest_only.py
[2025-02-28T14:04:31.042+0000] {logging_mixin.py:190} INFO - [2025-02-28T14:04:31.042+0000] {dag.py:3239} INFO - Sync 1 DAGs
[2025-02-28T14:04:31.068+0000] {logging_mixin.py:190} INFO - [2025-02-28T14:04:31.067+0000] {dag.py:4180} INFO - Setting next_dagrun for latest_only to 2025-02-28 08:00:00+00:00, run_after=2025-02-28 12:00:00+00:00
[2025-02-28T14:04:31.084+0000] {processor.py:208} INFO - Processing /home/airflow/.local/lib/python3.12/site-packages/airflow/example_dags/example_latest_only.py took 0.108 seconds
[2025-02-28T14:05:15.840+0000] {processor.py:186} INFO - Started process (PID=302) to work on /home/airflow/.local/lib/python3.12/site-packages/airflow/example_dags/example_latest_only.py
[2025-02-28T14:05:15.841+0000] {processor.py:914} INFO - Processing file /home/airflow/.local/lib/python3.12/site-packages/airflow/example_dags/example_latest_only.py for tasks to queue
[2025-02-28T14:05:15.842+0000] {logging_mixin.py:190} INFO - [2025-02-28T14:05:15.842+0000] {dagbag.py:588} INFO - Filling up the DagBag from /home/airflow/.local/lib/python3.12/site-packages/airflow/example_dags/example_latest_only.py
[2025-02-28T14:05:15.848+0000] {processor.py:925} INFO - DAG(s) 'latest_only' retrieved from /home/airflow/.local/lib/python3.12/site-packages/airflow/example_dags/example_latest_only.py
[2025-02-28T14:05:15.863+0000] {logging_mixin.py:190} INFO - [2025-02-28T14:05:15.862+0000] {dag.py:3239} INFO - Sync 1 DAGs
[2025-02-28T14:05:15.883+0000] {logging_mixin.py:190} INFO - [2025-02-28T14:05:15.883+0000] {dag.py:4180} INFO - Setting next_dagrun for latest_only to 2025-02-28 08:00:00+00:00, run_after=2025-02-28 12:00:00+00:00
[2025-02-28T14:05:15.899+0000] {processor.py:208} INFO - Processing /home/airflow/.local/lib/python3.12/site-packages/airflow/example_dags/example_latest_only.py took 0.064 seconds
[2025-02-28T14:05:46.512+0000] {processor.py:186} INFO - Started process (PID=365) to work on /home/airflow/.local/lib/python3.12/site-packages/airflow/example_dags/example_latest_only.py
[2025-02-28T14:05:46.514+0000] {processor.py:914} INFO - Processing file /home/airflow/.local/lib/python3.12/site-packages/airflow/example_dags/example_latest_only.py for tasks to queue
[2025-02-28T14:05:46.516+0000] {logging_mixin.py:190} INFO - [2025-02-28T14:05:46.516+0000] {dagbag.py:588} INFO - Filling up the DagBag from /home/airflow/.local/lib/python3.12/site-packages/airflow/example_dags/example_latest_only.py
[2025-02-28T14:05:46.522+0000] {processor.py:925} INFO - DAG(s) 'latest_only' retrieved from /home/airflow/.local/lib/python3.12/site-packages/airflow/example_dags/example_latest_only.py
[2025-02-28T14:05:46.538+0000] {logging_mixin.py:190} INFO - [2025-02-28T14:05:46.538+0000] {dag.py:3239} INFO - Sync 1 DAGs
[2025-02-28T14:05:46.557+0000] {logging_mixin.py:190} INFO - [2025-02-28T14:05:46.556+0000] {dag.py:4180} INFO - Setting next_dagrun for latest_only to 2025-02-28 08:00:00+00:00, run_after=2025-02-28 12:00:00+00:00
[2025-02-28T14:05:46.577+0000] {processor.py:208} INFO - Processing /home/airflow/.local/lib/python3.12/site-packages/airflow/example_dags/example_latest_only.py took 0.070 seconds
[2025-02-28T14:06:16.814+0000] {processor.py:186} INFO - Started process (PID=430) to work on /home/airflow/.local/lib/python3.12/site-packages/airflow/example_dags/example_latest_only.py
[2025-02-28T14:06:16.814+0000] {processor.py:914} INFO - Processing file /home/airflow/.local/lib/python3.12/site-packages/airflow/example_dags/example_latest_only.py for tasks to queue
[2025-02-28T14:06:16.816+0000] {logging_mixin.py:190} INFO - [2025-02-28T14:06:16.816+0000] {dagbag.py:588} INFO - Filling up the DagBag from /home/airflow/.local/lib/python3.12/site-packages/airflow/example_dags/example_latest_only.py
[2025-02-28T14:06:16.821+0000] {processor.py:925} INFO - DAG(s) 'latest_only' retrieved from /home/airflow/.local/lib/python3.12/site-packages/airflow/example_dags/example_latest_only.py
[2025-02-28T14:06:16.837+0000] {logging_mixin.py:190} INFO - [2025-02-28T14:06:16.837+0000] {dag.py:3239} INFO - Sync 1 DAGs
[2025-02-28T14:06:16.857+0000] {logging_mixin.py:190} INFO - [2025-02-28T14:06:16.857+0000] {dag.py:4180} INFO - Setting next_dagrun for latest_only to 2025-02-28 08:00:00+00:00, run_after=2025-02-28 12:00:00+00:00
[2025-02-28T14:06:16.874+0000] {processor.py:208} INFO - Processing /home/airflow/.local/lib/python3.12/site-packages/airflow/example_dags/example_latest_only.py took 0.065 seconds
[2025-02-28T14:06:47.145+0000] {processor.py:186} INFO - Started process (PID=494) to work on /home/airflow/.local/lib/python3.12/site-packages/airflow/example_dags/example_latest_only.py
[2025-02-28T14:06:47.146+0000] {processor.py:914} INFO - Processing file /home/airflow/.local/lib/python3.12/site-packages/airflow/example_dags/example_latest_only.py for tasks to queue
[2025-02-28T14:06:47.148+0000] {logging_mixin.py:190} INFO - [2025-02-28T14:06:47.147+0000] {dagbag.py:588} INFO - Filling up the DagBag from /home/airflow/.local/lib/python3.12/site-packages/airflow/example_dags/example_latest_only.py
[2025-02-28T14:06:47.153+0000] {processor.py:925} INFO - DAG(s) 'latest_only' retrieved from /home/airflow/.local/lib/python3.12/site-packages/airflow/example_dags/example_latest_only.py
[2025-02-28T14:06:47.167+0000] {logging_mixin.py:190} INFO - [2025-02-28T14:06:47.167+0000] {dag.py:3239} INFO - Sync 1 DAGs
[2025-02-28T14:06:47.185+0000] {logging_mixin.py:190} INFO - [2025-02-28T14:06:47.185+0000] {dag.py:4180} INFO - Setting next_dagrun for latest_only to 2025-02-28 08:00:00+00:00, run_after=2025-02-28 12:00:00+00:00
[2025-02-28T14:06:47.198+0000] {processor.py:208} INFO - Processing /home/airflow/.local/lib/python3.12/site-packages/airflow/example_dags/example_latest_only.py took 0.057 seconds
[2025-02-28T22:42:04.486+0000] {processor.py:186} INFO - Started process (PID=54) to work on /home/airflow/.local/lib/python3.12/site-packages/airflow/example_dags/example_latest_only.py
[2025-02-28T22:42:04.487+0000] {processor.py:914} INFO - Processing file /home/airflow/.local/lib/python3.12/site-packages/airflow/example_dags/example_latest_only.py for tasks to queue
[2025-02-28T22:42:04.489+0000] {logging_mixin.py:190} INFO - [2025-02-28T22:42:04.489+0000] {dagbag.py:588} INFO - Filling up the DagBag from /home/airflow/.local/lib/python3.12/site-packages/airflow/example_dags/example_latest_only.py
[2025-02-28T22:42:04.498+0000] {processor.py:925} INFO - DAG(s) 'latest_only' retrieved from /home/airflow/.local/lib/python3.12/site-packages/airflow/example_dags/example_latest_only.py
[2025-02-28T22:42:04.527+0000] {logging_mixin.py:190} INFO - [2025-02-28T22:42:04.527+0000] {dag.py:3239} INFO - Sync 1 DAGs
[2025-02-28T22:42:04.560+0000] {logging_mixin.py:190} INFO - [2025-02-28T22:42:04.560+0000] {dag.py:4180} INFO - Setting next_dagrun for latest_only to 2025-02-28 16:00:00+00:00, run_after=2025-02-28 20:00:00+00:00
[2025-02-28T22:42:04.594+0000] {processor.py:208} INFO - Processing /home/airflow/.local/lib/python3.12/site-packages/airflow/example_dags/example_latest_only.py took 0.114 seconds
[2025-02-28T22:42:35.027+0000] {processor.py:186} INFO - Started process (PID=117) to work on /home/airflow/.local/lib/python3.12/site-packages/airflow/example_dags/example_latest_only.py
[2025-02-28T22:42:35.028+0000] {processor.py:914} INFO - Processing file /home/airflow/.local/lib/python3.12/site-packages/airflow/example_dags/example_latest_only.py for tasks to queue
[2025-02-28T22:42:35.029+0000] {logging_mixin.py:190} INFO - [2025-02-28T22:42:35.029+0000] {dagbag.py:588} INFO - Filling up the DagBag from /home/airflow/.local/lib/python3.12/site-packages/airflow/example_dags/example_latest_only.py
[2025-02-28T22:42:35.034+0000] {processor.py:925} INFO - DAG(s) 'latest_only' retrieved from /home/airflow/.local/lib/python3.12/site-packages/airflow/example_dags/example_latest_only.py
[2025-02-28T22:42:35.048+0000] {logging_mixin.py:190} INFO - [2025-02-28T22:42:35.047+0000] {dag.py:3239} INFO - Sync 1 DAGs
[2025-02-28T22:42:35.065+0000] {logging_mixin.py:190} INFO - [2025-02-28T22:42:35.065+0000] {dag.py:4180} INFO - Setting next_dagrun for latest_only to 2025-02-28 16:00:00+00:00, run_after=2025-02-28 20:00:00+00:00
[2025-02-28T22:42:35.079+0000] {processor.py:208} INFO - Processing /home/airflow/.local/lib/python3.12/site-packages/airflow/example_dags/example_latest_only.py took 0.057 seconds
[2025-02-28T22:47:15.374+0000] {processor.py:186} INFO - Started process (PID=54) to work on /home/airflow/.local/lib/python3.12/site-packages/airflow/example_dags/example_latest_only.py
[2025-02-28T22:47:15.377+0000] {processor.py:914} INFO - Processing file /home/airflow/.local/lib/python3.12/site-packages/airflow/example_dags/example_latest_only.py for tasks to queue
[2025-02-28T22:47:15.380+0000] {logging_mixin.py:190} INFO - [2025-02-28T22:47:15.379+0000] {dagbag.py:588} INFO - Filling up the DagBag from /home/airflow/.local/lib/python3.12/site-packages/airflow/example_dags/example_latest_only.py
[2025-02-28T22:47:15.388+0000] {processor.py:925} INFO - DAG(s) 'latest_only' retrieved from /home/airflow/.local/lib/python3.12/site-packages/airflow/example_dags/example_latest_only.py
[2025-02-28T22:47:15.414+0000] {logging_mixin.py:190} INFO - [2025-02-28T22:47:15.414+0000] {dag.py:3239} INFO - Sync 1 DAGs
[2025-02-28T22:47:15.436+0000] {logging_mixin.py:190} INFO - [2025-02-28T22:47:15.436+0000] {dag.py:4180} INFO - Setting next_dagrun for latest_only to 2025-02-28 16:00:00+00:00, run_after=2025-02-28 20:00:00+00:00
[2025-02-28T22:47:15.455+0000] {processor.py:208} INFO - Processing /home/airflow/.local/lib/python3.12/site-packages/airflow/example_dags/example_latest_only.py took 0.087 seconds
[2025-02-28T22:47:46.383+0000] {processor.py:186} INFO - Started process (PID=118) to work on /home/airflow/.local/lib/python3.12/site-packages/airflow/example_dags/example_latest_only.py
[2025-02-28T22:47:46.384+0000] {processor.py:914} INFO - Processing file /home/airflow/.local/lib/python3.12/site-packages/airflow/example_dags/example_latest_only.py for tasks to queue
[2025-02-28T22:47:46.386+0000] {logging_mixin.py:190} INFO - [2025-02-28T22:47:46.386+0000] {dagbag.py:588} INFO - Filling up the DagBag from /home/airflow/.local/lib/python3.12/site-packages/airflow/example_dags/example_latest_only.py
[2025-02-28T22:47:46.392+0000] {processor.py:925} INFO - DAG(s) 'latest_only' retrieved from /home/airflow/.local/lib/python3.12/site-packages/airflow/example_dags/example_latest_only.py
[2025-02-28T22:47:46.412+0000] {logging_mixin.py:190} INFO - [2025-02-28T22:47:46.412+0000] {dag.py:3239} INFO - Sync 1 DAGs
[2025-02-28T22:47:46.437+0000] {logging_mixin.py:190} INFO - [2025-02-28T22:47:46.437+0000] {dag.py:4180} INFO - Setting next_dagrun for latest_only to 2025-02-28 16:00:00+00:00, run_after=2025-02-28 20:00:00+00:00
[2025-02-28T22:47:46.463+0000] {processor.py:208} INFO - Processing /home/airflow/.local/lib/python3.12/site-packages/airflow/example_dags/example_latest_only.py took 0.084 seconds
[2025-02-28T22:48:16.628+0000] {processor.py:186} INFO - Started process (PID=181) to work on /home/airflow/.local/lib/python3.12/site-packages/airflow/example_dags/example_latest_only.py
[2025-02-28T22:48:16.629+0000] {processor.py:914} INFO - Processing file /home/airflow/.local/lib/python3.12/site-packages/airflow/example_dags/example_latest_only.py for tasks to queue
[2025-02-28T22:48:16.630+0000] {logging_mixin.py:190} INFO - [2025-02-28T22:48:16.630+0000] {dagbag.py:588} INFO - Filling up the DagBag from /home/airflow/.local/lib/python3.12/site-packages/airflow/example_dags/example_latest_only.py
[2025-02-28T22:48:16.635+0000] {processor.py:925} INFO - DAG(s) 'latest_only' retrieved from /home/airflow/.local/lib/python3.12/site-packages/airflow/example_dags/example_latest_only.py
[2025-02-28T22:48:16.650+0000] {logging_mixin.py:190} INFO - [2025-02-28T22:48:16.649+0000] {dag.py:3239} INFO - Sync 1 DAGs
[2025-02-28T22:48:16.668+0000] {logging_mixin.py:190} INFO - [2025-02-28T22:48:16.668+0000] {dag.py:4180} INFO - Setting next_dagrun for latest_only to 2025-02-28 16:00:00+00:00, run_after=2025-02-28 20:00:00+00:00
[2025-02-28T22:48:16.682+0000] {processor.py:208} INFO - Processing /home/airflow/.local/lib/python3.12/site-packages/airflow/example_dags/example_latest_only.py took 0.059 seconds
[2025-02-28T22:48:46.758+0000] {processor.py:186} INFO - Started process (PID=245) to work on /home/airflow/.local/lib/python3.12/site-packages/airflow/example_dags/example_latest_only.py
[2025-02-28T22:48:46.758+0000] {processor.py:914} INFO - Processing file /home/airflow/.local/lib/python3.12/site-packages/airflow/example_dags/example_latest_only.py for tasks to queue
[2025-02-28T22:48:46.760+0000] {logging_mixin.py:190} INFO - [2025-02-28T22:48:46.760+0000] {dagbag.py:588} INFO - Filling up the DagBag from /home/airflow/.local/lib/python3.12/site-packages/airflow/example_dags/example_latest_only.py
[2025-02-28T22:48:46.765+0000] {processor.py:925} INFO - DAG(s) 'latest_only' retrieved from /home/airflow/.local/lib/python3.12/site-packages/airflow/example_dags/example_latest_only.py
[2025-02-28T22:48:46.779+0000] {logging_mixin.py:190} INFO - [2025-02-28T22:48:46.778+0000] {dag.py:3239} INFO - Sync 1 DAGs
[2025-02-28T22:48:46.796+0000] {logging_mixin.py:190} INFO - [2025-02-28T22:48:46.796+0000] {dag.py:4180} INFO - Setting next_dagrun for latest_only to 2025-02-28 16:00:00+00:00, run_after=2025-02-28 20:00:00+00:00
[2025-02-28T22:48:46.814+0000] {processor.py:208} INFO - Processing /home/airflow/.local/lib/python3.12/site-packages/airflow/example_dags/example_latest_only.py took 0.061 seconds
[2025-02-28T22:49:17.563+0000] {processor.py:186} INFO - Started process (PID=309) to work on /home/airflow/.local/lib/python3.12/site-packages/airflow/example_dags/example_latest_only.py
[2025-02-28T22:49:17.564+0000] {processor.py:914} INFO - Processing file /home/airflow/.local/lib/python3.12/site-packages/airflow/example_dags/example_latest_only.py for tasks to queue
[2025-02-28T22:49:17.567+0000] {logging_mixin.py:190} INFO - [2025-02-28T22:49:17.566+0000] {dagbag.py:588} INFO - Filling up the DagBag from /home/airflow/.local/lib/python3.12/site-packages/airflow/example_dags/example_latest_only.py
[2025-02-28T22:49:17.574+0000] {processor.py:925} INFO - DAG(s) 'latest_only' retrieved from /home/airflow/.local/lib/python3.12/site-packages/airflow/example_dags/example_latest_only.py
[2025-02-28T22:49:17.593+0000] {logging_mixin.py:190} INFO - [2025-02-28T22:49:17.593+0000] {dag.py:3239} INFO - Sync 1 DAGs
[2025-02-28T22:49:17.614+0000] {logging_mixin.py:190} INFO - [2025-02-28T22:49:17.614+0000] {dag.py:4180} INFO - Setting next_dagrun for latest_only to 2025-02-28 16:00:00+00:00, run_after=2025-02-28 20:00:00+00:00
[2025-02-28T22:49:17.636+0000] {processor.py:208} INFO - Processing /home/airflow/.local/lib/python3.12/site-packages/airflow/example_dags/example_latest_only.py took 0.080 seconds
[2025-02-28T22:49:47.999+0000] {processor.py:186} INFO - Started process (PID=373) to work on /home/airflow/.local/lib/python3.12/site-packages/airflow/example_dags/example_latest_only.py
[2025-02-28T22:49:48.000+0000] {processor.py:914} INFO - Processing file /home/airflow/.local/lib/python3.12/site-packages/airflow/example_dags/example_latest_only.py for tasks to queue
[2025-02-28T22:49:48.002+0000] {logging_mixin.py:190} INFO - [2025-02-28T22:49:48.002+0000] {dagbag.py:588} INFO - Filling up the DagBag from /home/airflow/.local/lib/python3.12/site-packages/airflow/example_dags/example_latest_only.py
[2025-02-28T22:49:48.008+0000] {processor.py:925} INFO - DAG(s) 'latest_only' retrieved from /home/airflow/.local/lib/python3.12/site-packages/airflow/example_dags/example_latest_only.py
[2025-02-28T22:49:48.024+0000] {logging_mixin.py:190} INFO - [2025-02-28T22:49:48.024+0000] {dag.py:3239} INFO - Sync 1 DAGs
[2025-02-28T22:49:48.043+0000] {logging_mixin.py:190} INFO - [2025-02-28T22:49:48.042+0000] {dag.py:4180} INFO - Setting next_dagrun for latest_only to 2025-02-28 16:00:00+00:00, run_after=2025-02-28 20:00:00+00:00
[2025-02-28T22:49:48.056+0000] {processor.py:208} INFO - Processing /home/airflow/.local/lib/python3.12/site-packages/airflow/example_dags/example_latest_only.py took 0.062 seconds
[2025-02-28T22:50:18.998+0000] {processor.py:186} INFO - Started process (PID=437) to work on /home/airflow/.local/lib/python3.12/site-packages/airflow/example_dags/example_latest_only.py
[2025-02-28T22:50:18.998+0000] {processor.py:914} INFO - Processing file /home/airflow/.local/lib/python3.12/site-packages/airflow/example_dags/example_latest_only.py for tasks to queue
[2025-02-28T22:50:19.000+0000] {logging_mixin.py:190} INFO - [2025-02-28T22:50:19.000+0000] {dagbag.py:588} INFO - Filling up the DagBag from /home/airflow/.local/lib/python3.12/site-packages/airflow/example_dags/example_latest_only.py
[2025-02-28T22:50:19.007+0000] {processor.py:925} INFO - DAG(s) 'latest_only' retrieved from /home/airflow/.local/lib/python3.12/site-packages/airflow/example_dags/example_latest_only.py
[2025-02-28T22:50:19.026+0000] {logging_mixin.py:190} INFO - [2025-02-28T22:50:19.025+0000] {dag.py:3239} INFO - Sync 1 DAGs
[2025-02-28T22:50:19.047+0000] {logging_mixin.py:190} INFO - [2025-02-28T22:50:19.046+0000] {dag.py:4180} INFO - Setting next_dagrun for latest_only to 2025-02-28 16:00:00+00:00, run_after=2025-02-28 20:00:00+00:00
[2025-02-28T22:50:19.114+0000] {processor.py:208} INFO - Processing /home/airflow/.local/lib/python3.12/site-packages/airflow/example_dags/example_latest_only.py took 0.124 seconds
[2025-02-28T22:50:49.769+0000] {processor.py:186} INFO - Started process (PID=501) to work on /home/airflow/.local/lib/python3.12/site-packages/airflow/example_dags/example_latest_only.py
[2025-02-28T22:50:49.770+0000] {processor.py:914} INFO - Processing file /home/airflow/.local/lib/python3.12/site-packages/airflow/example_dags/example_latest_only.py for tasks to queue
[2025-02-28T22:50:49.771+0000] {logging_mixin.py:190} INFO - [2025-02-28T22:50:49.771+0000] {dagbag.py:588} INFO - Filling up the DagBag from /home/airflow/.local/lib/python3.12/site-packages/airflow/example_dags/example_latest_only.py
[2025-02-28T22:50:49.777+0000] {processor.py:925} INFO - DAG(s) 'latest_only' retrieved from /home/airflow/.local/lib/python3.12/site-packages/airflow/example_dags/example_latest_only.py
[2025-02-28T22:50:49.790+0000] {logging_mixin.py:190} INFO - [2025-02-28T22:50:49.790+0000] {dag.py:3239} INFO - Sync 1 DAGs
[2025-02-28T22:50:49.809+0000] {logging_mixin.py:190} INFO - [2025-02-28T22:50:49.809+0000] {dag.py:4180} INFO - Setting next_dagrun for latest_only to 2025-02-28 16:00:00+00:00, run_after=2025-02-28 20:00:00+00:00
[2025-02-28T22:50:49.829+0000] {processor.py:208} INFO - Processing /home/airflow/.local/lib/python3.12/site-packages/airflow/example_dags/example_latest_only.py took 0.065 seconds
[2025-02-28T22:52:21.714+0000] {processor.py:186} INFO - Started process (PID=54) to work on /home/airflow/.local/lib/python3.12/site-packages/airflow/example_dags/example_latest_only.py
[2025-02-28T22:52:21.717+0000] {processor.py:914} INFO - Processing file /home/airflow/.local/lib/python3.12/site-packages/airflow/example_dags/example_latest_only.py for tasks to queue
[2025-02-28T22:52:21.719+0000] {logging_mixin.py:190} INFO - [2025-02-28T22:52:21.719+0000] {dagbag.py:588} INFO - Filling up the DagBag from /home/airflow/.local/lib/python3.12/site-packages/airflow/example_dags/example_latest_only.py
[2025-02-28T22:52:21.731+0000] {processor.py:925} INFO - DAG(s) 'latest_only' retrieved from /home/airflow/.local/lib/python3.12/site-packages/airflow/example_dags/example_latest_only.py
[2025-02-28T22:52:21.768+0000] {logging_mixin.py:190} INFO - [2025-02-28T22:52:21.768+0000] {dag.py:3239} INFO - Sync 1 DAGs
[2025-02-28T22:52:21.798+0000] {logging_mixin.py:190} INFO - [2025-02-28T22:52:21.798+0000] {dag.py:4180} INFO - Setting next_dagrun for latest_only to 2025-02-28 16:00:00+00:00, run_after=2025-02-28 20:00:00+00:00
[2025-02-28T22:52:21.814+0000] {processor.py:208} INFO - Processing /home/airflow/.local/lib/python3.12/site-packages/airflow/example_dags/example_latest_only.py took 0.109 seconds
[2025-02-28T22:52:51.903+0000] {processor.py:186} INFO - Started process (PID=117) to work on /home/airflow/.local/lib/python3.12/site-packages/airflow/example_dags/example_latest_only.py
[2025-02-28T22:52:51.904+0000] {processor.py:914} INFO - Processing file /home/airflow/.local/lib/python3.12/site-packages/airflow/example_dags/example_latest_only.py for tasks to queue
[2025-02-28T22:52:51.905+0000] {logging_mixin.py:190} INFO - [2025-02-28T22:52:51.905+0000] {dagbag.py:588} INFO - Filling up the DagBag from /home/airflow/.local/lib/python3.12/site-packages/airflow/example_dags/example_latest_only.py
[2025-02-28T22:52:51.912+0000] {processor.py:925} INFO - DAG(s) 'latest_only' retrieved from /home/airflow/.local/lib/python3.12/site-packages/airflow/example_dags/example_latest_only.py
[2025-02-28T22:52:51.928+0000] {logging_mixin.py:190} INFO - [2025-02-28T22:52:51.928+0000] {dag.py:3239} INFO - Sync 1 DAGs
[2025-02-28T22:52:52.099+0000] {logging_mixin.py:190} INFO - [2025-02-28T22:52:52.099+0000] {dag.py:4180} INFO - Setting next_dagrun for latest_only to 2025-02-28 16:00:00+00:00, run_after=2025-02-28 20:00:00+00:00
[2025-02-28T22:52:52.429+0000] {processor.py:208} INFO - Processing /home/airflow/.local/lib/python3.12/site-packages/airflow/example_dags/example_latest_only.py took 0.530 seconds
[2025-02-28T22:58:52.066+0000] {processor.py:186} INFO - Started process (PID=54) to work on /home/airflow/.local/lib/python3.12/site-packages/airflow/example_dags/example_latest_only.py
[2025-02-28T22:58:52.106+0000] {processor.py:914} INFO - Processing file /home/airflow/.local/lib/python3.12/site-packages/airflow/example_dags/example_latest_only.py for tasks to queue
[2025-02-28T22:58:52.108+0000] {logging_mixin.py:190} INFO - [2025-02-28T22:58:52.108+0000] {dagbag.py:588} INFO - Filling up the DagBag from /home/airflow/.local/lib/python3.12/site-packages/airflow/example_dags/example_latest_only.py
[2025-02-28T22:58:52.114+0000] {processor.py:925} INFO - DAG(s) 'latest_only' retrieved from /home/airflow/.local/lib/python3.12/site-packages/airflow/example_dags/example_latest_only.py
[2025-02-28T22:58:52.149+0000] {logging_mixin.py:190} INFO - [2025-02-28T22:58:52.148+0000] {dag.py:3239} INFO - Sync 1 DAGs
[2025-02-28T22:58:52.193+0000] {logging_mixin.py:190} INFO - [2025-02-28T22:58:52.192+0000] {dag.py:4180} INFO - Setting next_dagrun for latest_only to 2025-02-28 16:00:00+00:00, run_after=2025-02-28 20:00:00+00:00
[2025-02-28T22:58:52.219+0000] {processor.py:208} INFO - Processing /home/airflow/.local/lib/python3.12/site-packages/airflow/example_dags/example_latest_only.py took 0.158 seconds
[2025-02-28T22:59:23.082+0000] {processor.py:186} INFO - Started process (PID=119) to work on /home/airflow/.local/lib/python3.12/site-packages/airflow/example_dags/example_latest_only.py
[2025-02-28T22:59:23.083+0000] {processor.py:914} INFO - Processing file /home/airflow/.local/lib/python3.12/site-packages/airflow/example_dags/example_latest_only.py for tasks to queue
[2025-02-28T22:59:23.084+0000] {logging_mixin.py:190} INFO - [2025-02-28T22:59:23.084+0000] {dagbag.py:588} INFO - Filling up the DagBag from /home/airflow/.local/lib/python3.12/site-packages/airflow/example_dags/example_latest_only.py
[2025-02-28T22:59:23.090+0000] {processor.py:925} INFO - DAG(s) 'latest_only' retrieved from /home/airflow/.local/lib/python3.12/site-packages/airflow/example_dags/example_latest_only.py
[2025-02-28T22:59:23.104+0000] {logging_mixin.py:190} INFO - [2025-02-28T22:59:23.104+0000] {dag.py:3239} INFO - Sync 1 DAGs
[2025-02-28T22:59:23.122+0000] {logging_mixin.py:190} INFO - [2025-02-28T22:59:23.122+0000] {dag.py:4180} INFO - Setting next_dagrun for latest_only to 2025-02-28 16:00:00+00:00, run_after=2025-02-28 20:00:00+00:00
[2025-02-28T22:59:23.141+0000] {processor.py:208} INFO - Processing /home/airflow/.local/lib/python3.12/site-packages/airflow/example_dags/example_latest_only.py took 0.064 seconds
[2025-02-28T23:20:34.665+0000] {processor.py:186} INFO - Started process (PID=54) to work on /home/airflow/.local/lib/python3.12/site-packages/airflow/example_dags/example_latest_only.py
[2025-02-28T23:20:34.666+0000] {processor.py:914} INFO - Processing file /home/airflow/.local/lib/python3.12/site-packages/airflow/example_dags/example_latest_only.py for tasks to queue
[2025-02-28T23:20:34.668+0000] {logging_mixin.py:190} INFO - [2025-02-28T23:20:34.667+0000] {dagbag.py:588} INFO - Filling up the DagBag from /home/airflow/.local/lib/python3.12/site-packages/airflow/example_dags/example_latest_only.py
[2025-02-28T23:20:34.674+0000] {processor.py:925} INFO - DAG(s) 'latest_only' retrieved from /home/airflow/.local/lib/python3.12/site-packages/airflow/example_dags/example_latest_only.py
[2025-02-28T23:20:34.695+0000] {logging_mixin.py:190} INFO - [2025-02-28T23:20:34.695+0000] {dag.py:3239} INFO - Sync 1 DAGs
[2025-02-28T23:20:34.716+0000] {logging_mixin.py:190} INFO - [2025-02-28T23:20:34.716+0000] {dag.py:4180} INFO - Setting next_dagrun for latest_only to 2025-02-28 16:00:00+00:00, run_after=2025-02-28 20:00:00+00:00
[2025-02-28T23:20:34.734+0000] {processor.py:208} INFO - Processing /home/airflow/.local/lib/python3.12/site-packages/airflow/example_dags/example_latest_only.py took 0.073 seconds
[2025-02-28T23:21:05.666+0000] {processor.py:186} INFO - Started process (PID=118) to work on /home/airflow/.local/lib/python3.12/site-packages/airflow/example_dags/example_latest_only.py
[2025-02-28T23:21:05.667+0000] {processor.py:914} INFO - Processing file /home/airflow/.local/lib/python3.12/site-packages/airflow/example_dags/example_latest_only.py for tasks to queue
[2025-02-28T23:21:05.668+0000] {logging_mixin.py:190} INFO - [2025-02-28T23:21:05.668+0000] {dagbag.py:588} INFO - Filling up the DagBag from /home/airflow/.local/lib/python3.12/site-packages/airflow/example_dags/example_latest_only.py
[2025-02-28T23:21:05.674+0000] {processor.py:925} INFO - DAG(s) 'latest_only' retrieved from /home/airflow/.local/lib/python3.12/site-packages/airflow/example_dags/example_latest_only.py
[2025-02-28T23:21:05.688+0000] {logging_mixin.py:190} INFO - [2025-02-28T23:21:05.688+0000] {dag.py:3239} INFO - Sync 1 DAGs
[2025-02-28T23:21:05.707+0000] {logging_mixin.py:190} INFO - [2025-02-28T23:21:05.707+0000] {dag.py:4180} INFO - Setting next_dagrun for latest_only to 2025-02-28 16:00:00+00:00, run_after=2025-02-28 20:00:00+00:00
[2025-02-28T23:21:05.721+0000] {processor.py:208} INFO - Processing /home/airflow/.local/lib/python3.12/site-packages/airflow/example_dags/example_latest_only.py took 0.060 seconds
[2025-02-28T23:21:35.915+0000] {processor.py:186} INFO - Started process (PID=181) to work on /home/airflow/.local/lib/python3.12/site-packages/airflow/example_dags/example_latest_only.py
[2025-02-28T23:21:35.917+0000] {processor.py:914} INFO - Processing file /home/airflow/.local/lib/python3.12/site-packages/airflow/example_dags/example_latest_only.py for tasks to queue
[2025-02-28T23:21:35.920+0000] {logging_mixin.py:190} INFO - [2025-02-28T23:21:35.919+0000] {dagbag.py:588} INFO - Filling up the DagBag from /home/airflow/.local/lib/python3.12/site-packages/airflow/example_dags/example_latest_only.py
[2025-02-28T23:21:35.927+0000] {processor.py:925} INFO - DAG(s) 'latest_only' retrieved from /home/airflow/.local/lib/python3.12/site-packages/airflow/example_dags/example_latest_only.py
[2025-02-28T23:21:35.942+0000] {logging_mixin.py:190} INFO - [2025-02-28T23:21:35.942+0000] {dag.py:3239} INFO - Sync 1 DAGs
[2025-02-28T23:21:35.960+0000] {logging_mixin.py:190} INFO - [2025-02-28T23:21:35.960+0000] {dag.py:4180} INFO - Setting next_dagrun for latest_only to 2025-02-28 16:00:00+00:00, run_after=2025-02-28 20:00:00+00:00
[2025-02-28T23:21:35.976+0000] {processor.py:208} INFO - Processing /home/airflow/.local/lib/python3.12/site-packages/airflow/example_dags/example_latest_only.py took 0.070 seconds
[2025-02-28T23:22:21.069+0000] {processor.py:186} INFO - Started process (PID=252) to work on /home/airflow/.local/lib/python3.12/site-packages/airflow/example_dags/example_latest_only.py
[2025-02-28T23:22:21.070+0000] {processor.py:914} INFO - Processing file /home/airflow/.local/lib/python3.12/site-packages/airflow/example_dags/example_latest_only.py for tasks to queue
[2025-02-28T23:22:21.072+0000] {logging_mixin.py:190} INFO - [2025-02-28T23:22:21.072+0000] {dagbag.py:588} INFO - Filling up the DagBag from /home/airflow/.local/lib/python3.12/site-packages/airflow/example_dags/example_latest_only.py
[2025-02-28T23:22:21.077+0000] {processor.py:925} INFO - DAG(s) 'latest_only' retrieved from /home/airflow/.local/lib/python3.12/site-packages/airflow/example_dags/example_latest_only.py
[2025-02-28T23:22:21.094+0000] {logging_mixin.py:190} INFO - [2025-02-28T23:22:21.094+0000] {dag.py:3239} INFO - Sync 1 DAGs
[2025-02-28T23:22:21.188+0000] {logging_mixin.py:190} INFO - [2025-02-28T23:22:21.188+0000] {dag.py:4180} INFO - Setting next_dagrun for latest_only to 2025-02-28 16:00:00+00:00, run_after=2025-02-28 20:00:00+00:00
[2025-02-28T23:22:21.206+0000] {processor.py:208} INFO - Processing /home/airflow/.local/lib/python3.12/site-packages/airflow/example_dags/example_latest_only.py took 0.141 seconds
[2025-02-28T23:22:51.977+0000] {processor.py:186} INFO - Started process (PID=315) to work on /home/airflow/.local/lib/python3.12/site-packages/airflow/example_dags/example_latest_only.py
[2025-02-28T23:22:51.978+0000] {processor.py:914} INFO - Processing file /home/airflow/.local/lib/python3.12/site-packages/airflow/example_dags/example_latest_only.py for tasks to queue
[2025-02-28T23:22:51.980+0000] {logging_mixin.py:190} INFO - [2025-02-28T23:22:51.980+0000] {dagbag.py:588} INFO - Filling up the DagBag from /home/airflow/.local/lib/python3.12/site-packages/airflow/example_dags/example_latest_only.py
[2025-02-28T23:22:51.986+0000] {processor.py:925} INFO - DAG(s) 'latest_only' retrieved from /home/airflow/.local/lib/python3.12/site-packages/airflow/example_dags/example_latest_only.py
[2025-02-28T23:22:52.000+0000] {logging_mixin.py:190} INFO - [2025-02-28T23:22:52.000+0000] {dag.py:3239} INFO - Sync 1 DAGs
[2025-02-28T23:22:52.020+0000] {logging_mixin.py:190} INFO - [2025-02-28T23:22:52.020+0000] {dag.py:4180} INFO - Setting next_dagrun for latest_only to 2025-02-28 16:00:00+00:00, run_after=2025-02-28 20:00:00+00:00
[2025-02-28T23:22:52.039+0000] {processor.py:208} INFO - Processing /home/airflow/.local/lib/python3.12/site-packages/airflow/example_dags/example_latest_only.py took 0.068 seconds
[2025-02-28T23:23:22.948+0000] {processor.py:186} INFO - Started process (PID=379) to work on /home/airflow/.local/lib/python3.12/site-packages/airflow/example_dags/example_latest_only.py
[2025-02-28T23:23:22.949+0000] {processor.py:914} INFO - Processing file /home/airflow/.local/lib/python3.12/site-packages/airflow/example_dags/example_latest_only.py for tasks to queue
[2025-02-28T23:23:22.950+0000] {logging_mixin.py:190} INFO - [2025-02-28T23:23:22.950+0000] {dagbag.py:588} INFO - Filling up the DagBag from /home/airflow/.local/lib/python3.12/site-packages/airflow/example_dags/example_latest_only.py
[2025-02-28T23:23:22.955+0000] {processor.py:925} INFO - DAG(s) 'latest_only' retrieved from /home/airflow/.local/lib/python3.12/site-packages/airflow/example_dags/example_latest_only.py
[2025-02-28T23:23:22.969+0000] {logging_mixin.py:190} INFO - [2025-02-28T23:23:22.969+0000] {dag.py:3239} INFO - Sync 1 DAGs
[2025-02-28T23:23:22.987+0000] {logging_mixin.py:190} INFO - [2025-02-28T23:23:22.987+0000] {dag.py:4180} INFO - Setting next_dagrun for latest_only to 2025-02-28 16:00:00+00:00, run_after=2025-02-28 20:00:00+00:00
[2025-02-28T23:23:23.005+0000] {processor.py:208} INFO - Processing /home/airflow/.local/lib/python3.12/site-packages/airflow/example_dags/example_latest_only.py took 0.061 seconds
[2025-02-28T23:23:53.417+0000] {processor.py:186} INFO - Started process (PID=443) to work on /home/airflow/.local/lib/python3.12/site-packages/airflow/example_dags/example_latest_only.py
[2025-02-28T23:23:53.418+0000] {processor.py:914} INFO - Processing file /home/airflow/.local/lib/python3.12/site-packages/airflow/example_dags/example_latest_only.py for tasks to queue
[2025-02-28T23:23:53.420+0000] {logging_mixin.py:190} INFO - [2025-02-28T23:23:53.420+0000] {dagbag.py:588} INFO - Filling up the DagBag from /home/airflow/.local/lib/python3.12/site-packages/airflow/example_dags/example_latest_only.py
[2025-02-28T23:23:53.427+0000] {processor.py:925} INFO - DAG(s) 'latest_only' retrieved from /home/airflow/.local/lib/python3.12/site-packages/airflow/example_dags/example_latest_only.py
[2025-02-28T23:23:53.445+0000] {logging_mixin.py:190} INFO - [2025-02-28T23:23:53.445+0000] {dag.py:3239} INFO - Sync 1 DAGs
[2025-02-28T23:23:53.466+0000] {logging_mixin.py:190} INFO - [2025-02-28T23:23:53.466+0000] {dag.py:4180} INFO - Setting next_dagrun for latest_only to 2025-02-28 16:00:00+00:00, run_after=2025-02-28 20:00:00+00:00
[2025-02-28T23:23:53.482+0000] {processor.py:208} INFO - Processing /home/airflow/.local/lib/python3.12/site-packages/airflow/example_dags/example_latest_only.py took 0.070 seconds
