[2025-02-28T14:02:32.770+0000] {processor.py:186} INFO - Started process (PID=64) to work on /home/airflow/.local/lib/python3.12/site-packages/airflow/example_dags/example_sla_dag.py
[2025-02-28T14:02:32.771+0000] {processor.py:914} INFO - Processing file /home/airflow/.local/lib/python3.12/site-packages/airflow/example_dags/example_sla_dag.py for tasks to queue
[2025-02-28T14:02:32.773+0000] {logging_mixin.py:190} INFO - [2025-02-28T14:02:32.772+0000] {dagbag.py:588} INFO - Filling up the DagBag from /home/airflow/.local/lib/python3.12/site-packages/airflow/example_dags/example_sla_dag.py
[2025-02-28T14:02:32.784+0000] {processor.py:925} INFO - DAG(s) 'example_sla_dag' retrieved from /home/airflow/.local/lib/python3.12/site-packages/airflow/example_dags/example_sla_dag.py
[2025-02-28T14:02:32.877+0000] {logging_mixin.py:190} INFO - [2025-02-28T14:02:32.877+0000] {dag.py:3239} INFO - Sync 1 DAGs
[2025-02-28T14:02:32.899+0000] {logging_mixin.py:190} INFO - [2025-02-28T14:02:32.899+0000] {dag.py:4180} INFO - Setting next_dagrun for example_sla_dag to 2025-02-28 14:00:00+00:00, run_after=2025-02-28 14:02:00+00:00
[2025-02-28T14:02:32.915+0000] {processor.py:208} INFO - Processing /home/airflow/.local/lib/python3.12/site-packages/airflow/example_dags/example_sla_dag.py took 0.151 seconds
[2025-02-28T14:03:20.346+0000] {processor.py:186} INFO - Started process (PID=127) to work on /home/airflow/.local/lib/python3.12/site-packages/airflow/example_dags/example_sla_dag.py
[2025-02-28T14:03:20.377+0000] {processor.py:914} INFO - Processing file /home/airflow/.local/lib/python3.12/site-packages/airflow/example_dags/example_sla_dag.py for tasks to queue
[2025-02-28T14:03:20.380+0000] {logging_mixin.py:190} INFO - [2025-02-28T14:03:20.379+0000] {dagbag.py:588} INFO - Filling up the DagBag from /home/airflow/.local/lib/python3.12/site-packages/airflow/example_dags/example_sla_dag.py
[2025-02-28T14:03:20.389+0000] {processor.py:925} INFO - DAG(s) 'example_sla_dag' retrieved from /home/airflow/.local/lib/python3.12/site-packages/airflow/example_dags/example_sla_dag.py
[2025-02-28T14:03:20.405+0000] {logging_mixin.py:190} INFO - [2025-02-28T14:03:20.405+0000] {dag.py:3239} INFO - Sync 1 DAGs
[2025-02-28T14:03:20.430+0000] {logging_mixin.py:190} INFO - [2025-02-28T14:03:20.429+0000] {dag.py:4180} INFO - Setting next_dagrun for example_sla_dag to 2025-02-28 14:00:00+00:00, run_after=2025-02-28 14:02:00+00:00
[2025-02-28T14:03:20.446+0000] {processor.py:208} INFO - Processing /home/airflow/.local/lib/python3.12/site-packages/airflow/example_dags/example_sla_dag.py took 0.105 seconds
[2025-02-28T14:04:00.198+0000] {processor.py:186} INFO - Started process (PID=184) to work on /home/airflow/.local/lib/python3.12/site-packages/airflow/example_dags/example_sla_dag.py
[2025-02-28T14:04:00.199+0000] {processor.py:914} INFO - Processing file /home/airflow/.local/lib/python3.12/site-packages/airflow/example_dags/example_sla_dag.py for tasks to queue
[2025-02-28T14:04:00.201+0000] {logging_mixin.py:190} INFO - [2025-02-28T14:04:00.201+0000] {dagbag.py:588} INFO - Filling up the DagBag from /home/airflow/.local/lib/python3.12/site-packages/airflow/example_dags/example_sla_dag.py
[2025-02-28T14:04:00.225+0000] {processor.py:925} INFO - DAG(s) 'example_sla_dag' retrieved from /home/airflow/.local/lib/python3.12/site-packages/airflow/example_dags/example_sla_dag.py
[2025-02-28T14:04:00.238+0000] {logging_mixin.py:190} INFO - [2025-02-28T14:04:00.238+0000] {dag.py:3239} INFO - Sync 1 DAGs
[2025-02-28T14:04:00.256+0000] {logging_mixin.py:190} INFO - [2025-02-28T14:04:00.256+0000] {dag.py:4180} INFO - Setting next_dagrun for example_sla_dag to 2025-02-28 14:02:00+00:00, run_after=2025-02-28 14:04:00+00:00
[2025-02-28T14:04:00.273+0000] {processor.py:208} INFO - Processing /home/airflow/.local/lib/python3.12/site-packages/airflow/example_dags/example_sla_dag.py took 0.079 seconds
[2025-02-28T14:04:31.183+0000] {processor.py:186} INFO - Started process (PID=248) to work on /home/airflow/.local/lib/python3.12/site-packages/airflow/example_dags/example_sla_dag.py
[2025-02-28T14:04:31.184+0000] {processor.py:914} INFO - Processing file /home/airflow/.local/lib/python3.12/site-packages/airflow/example_dags/example_sla_dag.py for tasks to queue
[2025-02-28T14:04:31.186+0000] {logging_mixin.py:190} INFO - [2025-02-28T14:04:31.185+0000] {dagbag.py:588} INFO - Filling up the DagBag from /home/airflow/.local/lib/python3.12/site-packages/airflow/example_dags/example_sla_dag.py
[2025-02-28T14:04:31.193+0000] {processor.py:925} INFO - DAG(s) 'example_sla_dag' retrieved from /home/airflow/.local/lib/python3.12/site-packages/airflow/example_dags/example_sla_dag.py
[2025-02-28T14:04:31.206+0000] {logging_mixin.py:190} INFO - [2025-02-28T14:04:31.206+0000] {dag.py:3239} INFO - Sync 1 DAGs
[2025-02-28T14:04:31.226+0000] {logging_mixin.py:190} INFO - [2025-02-28T14:04:31.226+0000] {dag.py:4180} INFO - Setting next_dagrun for example_sla_dag to 2025-02-28 14:02:00+00:00, run_after=2025-02-28 14:04:00+00:00
[2025-02-28T14:04:31.241+0000] {processor.py:208} INFO - Processing /home/airflow/.local/lib/python3.12/site-packages/airflow/example_dags/example_sla_dag.py took 0.063 seconds
[2025-02-28T14:05:15.964+0000] {processor.py:186} INFO - Started process (PID=305) to work on /home/airflow/.local/lib/python3.12/site-packages/airflow/example_dags/example_sla_dag.py
[2025-02-28T14:05:15.967+0000] {processor.py:914} INFO - Processing file /home/airflow/.local/lib/python3.12/site-packages/airflow/example_dags/example_sla_dag.py for tasks to queue
[2025-02-28T14:05:15.969+0000] {logging_mixin.py:190} INFO - [2025-02-28T14:05:15.968+0000] {dagbag.py:588} INFO - Filling up the DagBag from /home/airflow/.local/lib/python3.12/site-packages/airflow/example_dags/example_sla_dag.py
[2025-02-28T14:05:15.976+0000] {processor.py:925} INFO - DAG(s) 'example_sla_dag' retrieved from /home/airflow/.local/lib/python3.12/site-packages/airflow/example_dags/example_sla_dag.py
[2025-02-28T14:05:15.990+0000] {logging_mixin.py:190} INFO - [2025-02-28T14:05:15.989+0000] {dag.py:3239} INFO - Sync 1 DAGs
[2025-02-28T14:05:16.010+0000] {logging_mixin.py:190} INFO - [2025-02-28T14:05:16.009+0000] {dag.py:4180} INFO - Setting next_dagrun for example_sla_dag to 2025-02-28 14:02:00+00:00, run_after=2025-02-28 14:04:00+00:00
[2025-02-28T14:05:16.023+0000] {processor.py:208} INFO - Processing /home/airflow/.local/lib/python3.12/site-packages/airflow/example_dags/example_sla_dag.py took 0.063 seconds
[2025-02-28T14:05:46.675+0000] {processor.py:186} INFO - Started process (PID=368) to work on /home/airflow/.local/lib/python3.12/site-packages/airflow/example_dags/example_sla_dag.py
[2025-02-28T14:05:46.675+0000] {processor.py:914} INFO - Processing file /home/airflow/.local/lib/python3.12/site-packages/airflow/example_dags/example_sla_dag.py for tasks to queue
[2025-02-28T14:05:46.677+0000] {logging_mixin.py:190} INFO - [2025-02-28T14:05:46.676+0000] {dagbag.py:588} INFO - Filling up the DagBag from /home/airflow/.local/lib/python3.12/site-packages/airflow/example_dags/example_sla_dag.py
[2025-02-28T14:05:46.685+0000] {processor.py:925} INFO - DAG(s) 'example_sla_dag' retrieved from /home/airflow/.local/lib/python3.12/site-packages/airflow/example_dags/example_sla_dag.py
[2025-02-28T14:05:46.698+0000] {logging_mixin.py:190} INFO - [2025-02-28T14:05:46.697+0000] {dag.py:3239} INFO - Sync 1 DAGs
[2025-02-28T14:05:46.718+0000] {logging_mixin.py:190} INFO - [2025-02-28T14:05:46.718+0000] {dag.py:4180} INFO - Setting next_dagrun for example_sla_dag to 2025-02-28 14:02:00+00:00, run_after=2025-02-28 14:04:00+00:00
[2025-02-28T14:05:46.735+0000] {processor.py:208} INFO - Processing /home/airflow/.local/lib/python3.12/site-packages/airflow/example_dags/example_sla_dag.py took 0.065 seconds
[2025-02-28T14:06:16.914+0000] {processor.py:186} INFO - Started process (PID=433) to work on /home/airflow/.local/lib/python3.12/site-packages/airflow/example_dags/example_sla_dag.py
[2025-02-28T14:06:16.915+0000] {processor.py:914} INFO - Processing file /home/airflow/.local/lib/python3.12/site-packages/airflow/example_dags/example_sla_dag.py for tasks to queue
[2025-02-28T14:06:16.917+0000] {logging_mixin.py:190} INFO - [2025-02-28T14:06:16.917+0000] {dagbag.py:588} INFO - Filling up the DagBag from /home/airflow/.local/lib/python3.12/site-packages/airflow/example_dags/example_sla_dag.py
[2025-02-28T14:06:16.927+0000] {processor.py:925} INFO - DAG(s) 'example_sla_dag' retrieved from /home/airflow/.local/lib/python3.12/site-packages/airflow/example_dags/example_sla_dag.py
[2025-02-28T14:06:16.945+0000] {logging_mixin.py:190} INFO - [2025-02-28T14:06:16.945+0000] {dag.py:3239} INFO - Sync 1 DAGs
[2025-02-28T14:06:16.968+0000] {logging_mixin.py:190} INFO - [2025-02-28T14:06:16.968+0000] {dag.py:4180} INFO - Setting next_dagrun for example_sla_dag to 2025-02-28 14:04:00+00:00, run_after=2025-02-28 14:06:00+00:00
[2025-02-28T14:06:16.984+0000] {processor.py:208} INFO - Processing /home/airflow/.local/lib/python3.12/site-packages/airflow/example_dags/example_sla_dag.py took 0.075 seconds
[2025-02-28T14:06:47.243+0000] {processor.py:186} INFO - Started process (PID=497) to work on /home/airflow/.local/lib/python3.12/site-packages/airflow/example_dags/example_sla_dag.py
[2025-02-28T14:06:47.244+0000] {processor.py:914} INFO - Processing file /home/airflow/.local/lib/python3.12/site-packages/airflow/example_dags/example_sla_dag.py for tasks to queue
[2025-02-28T14:06:47.246+0000] {logging_mixin.py:190} INFO - [2025-02-28T14:06:47.245+0000] {dagbag.py:588} INFO - Filling up the DagBag from /home/airflow/.local/lib/python3.12/site-packages/airflow/example_dags/example_sla_dag.py
[2025-02-28T14:06:47.254+0000] {processor.py:925} INFO - DAG(s) 'example_sla_dag' retrieved from /home/airflow/.local/lib/python3.12/site-packages/airflow/example_dags/example_sla_dag.py
[2025-02-28T14:06:47.269+0000] {logging_mixin.py:190} INFO - [2025-02-28T14:06:47.269+0000] {dag.py:3239} INFO - Sync 1 DAGs
[2025-02-28T14:06:47.290+0000] {logging_mixin.py:190} INFO - [2025-02-28T14:06:47.289+0000] {dag.py:4180} INFO - Setting next_dagrun for example_sla_dag to 2025-02-28 14:04:00+00:00, run_after=2025-02-28 14:06:00+00:00
[2025-02-28T14:06:47.305+0000] {processor.py:208} INFO - Processing /home/airflow/.local/lib/python3.12/site-packages/airflow/example_dags/example_sla_dag.py took 0.066 seconds
[2025-02-28T22:42:05.160+0000] {processor.py:186} INFO - Started process (PID=57) to work on /home/airflow/.local/lib/python3.12/site-packages/airflow/example_dags/example_sla_dag.py
[2025-02-28T22:42:05.162+0000] {processor.py:914} INFO - Processing file /home/airflow/.local/lib/python3.12/site-packages/airflow/example_dags/example_sla_dag.py for tasks to queue
[2025-02-28T22:42:05.166+0000] {logging_mixin.py:190} INFO - [2025-02-28T22:42:05.165+0000] {dagbag.py:588} INFO - Filling up the DagBag from /home/airflow/.local/lib/python3.12/site-packages/airflow/example_dags/example_sla_dag.py
[2025-02-28T22:42:05.185+0000] {processor.py:925} INFO - DAG(s) 'example_sla_dag' retrieved from /home/airflow/.local/lib/python3.12/site-packages/airflow/example_dags/example_sla_dag.py
[2025-02-28T22:42:05.223+0000] {logging_mixin.py:190} INFO - [2025-02-28T22:42:05.223+0000] {dag.py:3239} INFO - Sync 1 DAGs
[2025-02-28T22:42:05.261+0000] {logging_mixin.py:190} INFO - [2025-02-28T22:42:05.261+0000] {dag.py:4180} INFO - Setting next_dagrun for example_sla_dag to 2025-02-28 22:40:00+00:00, run_after=2025-02-28 22:42:00+00:00
[2025-02-28T22:42:05.289+0000] {processor.py:208} INFO - Processing /home/airflow/.local/lib/python3.12/site-packages/airflow/example_dags/example_sla_dag.py took 0.140 seconds
[2025-02-28T22:42:36.214+0000] {processor.py:186} INFO - Started process (PID=121) to work on /home/airflow/.local/lib/python3.12/site-packages/airflow/example_dags/example_sla_dag.py
[2025-02-28T22:42:36.215+0000] {processor.py:914} INFO - Processing file /home/airflow/.local/lib/python3.12/site-packages/airflow/example_dags/example_sla_dag.py for tasks to queue
[2025-02-28T22:42:36.216+0000] {logging_mixin.py:190} INFO - [2025-02-28T22:42:36.216+0000] {dagbag.py:588} INFO - Filling up the DagBag from /home/airflow/.local/lib/python3.12/site-packages/airflow/example_dags/example_sla_dag.py
[2025-02-28T22:42:36.223+0000] {processor.py:925} INFO - DAG(s) 'example_sla_dag' retrieved from /home/airflow/.local/lib/python3.12/site-packages/airflow/example_dags/example_sla_dag.py
[2025-02-28T22:42:36.236+0000] {logging_mixin.py:190} INFO - [2025-02-28T22:42:36.236+0000] {dag.py:3239} INFO - Sync 1 DAGs
[2025-02-28T22:42:36.255+0000] {logging_mixin.py:190} INFO - [2025-02-28T22:42:36.255+0000] {dag.py:4180} INFO - Setting next_dagrun for example_sla_dag to 2025-02-28 22:40:00+00:00, run_after=2025-02-28 22:42:00+00:00
[2025-02-28T22:42:36.267+0000] {processor.py:208} INFO - Processing /home/airflow/.local/lib/python3.12/site-packages/airflow/example_dags/example_sla_dag.py took 0.057 seconds
[2025-02-28T22:47:15.717+0000] {processor.py:186} INFO - Started process (PID=57) to work on /home/airflow/.local/lib/python3.12/site-packages/airflow/example_dags/example_sla_dag.py
[2025-02-28T22:47:15.718+0000] {processor.py:914} INFO - Processing file /home/airflow/.local/lib/python3.12/site-packages/airflow/example_dags/example_sla_dag.py for tasks to queue
[2025-02-28T22:47:15.719+0000] {logging_mixin.py:190} INFO - [2025-02-28T22:47:15.719+0000] {dagbag.py:588} INFO - Filling up the DagBag from /home/airflow/.local/lib/python3.12/site-packages/airflow/example_dags/example_sla_dag.py
[2025-02-28T22:47:15.728+0000] {processor.py:925} INFO - DAG(s) 'example_sla_dag' retrieved from /home/airflow/.local/lib/python3.12/site-packages/airflow/example_dags/example_sla_dag.py
[2025-02-28T22:47:15.749+0000] {logging_mixin.py:190} INFO - [2025-02-28T22:47:15.749+0000] {dag.py:3239} INFO - Sync 1 DAGs
[2025-02-28T22:47:15.777+0000] {logging_mixin.py:190} INFO - [2025-02-28T22:47:15.777+0000] {dag.py:4180} INFO - Setting next_dagrun for example_sla_dag to 2025-02-28 22:44:00+00:00, run_after=2025-02-28 22:46:00+00:00
[2025-02-28T22:47:15.794+0000] {processor.py:208} INFO - Processing /home/airflow/.local/lib/python3.12/site-packages/airflow/example_dags/example_sla_dag.py took 0.082 seconds
[2025-02-28T22:47:46.784+0000] {processor.py:186} INFO - Started process (PID=121) to work on /home/airflow/.local/lib/python3.12/site-packages/airflow/example_dags/example_sla_dag.py
[2025-02-28T22:47:46.785+0000] {processor.py:914} INFO - Processing file /home/airflow/.local/lib/python3.12/site-packages/airflow/example_dags/example_sla_dag.py for tasks to queue
[2025-02-28T22:47:46.786+0000] {logging_mixin.py:190} INFO - [2025-02-28T22:47:46.786+0000] {dagbag.py:588} INFO - Filling up the DagBag from /home/airflow/.local/lib/python3.12/site-packages/airflow/example_dags/example_sla_dag.py
[2025-02-28T22:47:46.794+0000] {processor.py:925} INFO - DAG(s) 'example_sla_dag' retrieved from /home/airflow/.local/lib/python3.12/site-packages/airflow/example_dags/example_sla_dag.py
[2025-02-28T22:47:46.808+0000] {logging_mixin.py:190} INFO - [2025-02-28T22:47:46.808+0000] {dag.py:3239} INFO - Sync 1 DAGs
[2025-02-28T22:47:46.832+0000] {logging_mixin.py:190} INFO - [2025-02-28T22:47:46.832+0000] {dag.py:4180} INFO - Setting next_dagrun for example_sla_dag to 2025-02-28 22:44:00+00:00, run_after=2025-02-28 22:46:00+00:00
[2025-02-28T22:47:46.851+0000] {processor.py:208} INFO - Processing /home/airflow/.local/lib/python3.12/site-packages/airflow/example_dags/example_sla_dag.py took 0.071 seconds
[2025-02-28T22:48:16.914+0000] {processor.py:186} INFO - Started process (PID=184) to work on /home/airflow/.local/lib/python3.12/site-packages/airflow/example_dags/example_sla_dag.py
[2025-02-28T22:48:16.915+0000] {processor.py:914} INFO - Processing file /home/airflow/.local/lib/python3.12/site-packages/airflow/example_dags/example_sla_dag.py for tasks to queue
[2025-02-28T22:48:16.917+0000] {logging_mixin.py:190} INFO - [2025-02-28T22:48:16.916+0000] {dagbag.py:588} INFO - Filling up the DagBag from /home/airflow/.local/lib/python3.12/site-packages/airflow/example_dags/example_sla_dag.py
[2025-02-28T22:48:16.928+0000] {processor.py:925} INFO - DAG(s) 'example_sla_dag' retrieved from /home/airflow/.local/lib/python3.12/site-packages/airflow/example_dags/example_sla_dag.py
[2025-02-28T22:48:16.944+0000] {logging_mixin.py:190} INFO - [2025-02-28T22:48:16.944+0000] {dag.py:3239} INFO - Sync 1 DAGs
[2025-02-28T22:48:16.965+0000] {logging_mixin.py:190} INFO - [2025-02-28T22:48:16.964+0000] {dag.py:4180} INFO - Setting next_dagrun for example_sla_dag to 2025-02-28 22:46:00+00:00, run_after=2025-02-28 22:48:00+00:00
[2025-02-28T22:48:16.979+0000] {processor.py:208} INFO - Processing /home/airflow/.local/lib/python3.12/site-packages/airflow/example_dags/example_sla_dag.py took 0.073 seconds
[2025-02-28T22:48:47.011+0000] {processor.py:186} INFO - Started process (PID=248) to work on /home/airflow/.local/lib/python3.12/site-packages/airflow/example_dags/example_sla_dag.py
[2025-02-28T22:48:47.012+0000] {processor.py:914} INFO - Processing file /home/airflow/.local/lib/python3.12/site-packages/airflow/example_dags/example_sla_dag.py for tasks to queue
[2025-02-28T22:48:47.013+0000] {logging_mixin.py:190} INFO - [2025-02-28T22:48:47.013+0000] {dagbag.py:588} INFO - Filling up the DagBag from /home/airflow/.local/lib/python3.12/site-packages/airflow/example_dags/example_sla_dag.py
[2025-02-28T22:48:47.021+0000] {processor.py:925} INFO - DAG(s) 'example_sla_dag' retrieved from /home/airflow/.local/lib/python3.12/site-packages/airflow/example_dags/example_sla_dag.py
[2025-02-28T22:48:47.035+0000] {logging_mixin.py:190} INFO - [2025-02-28T22:48:47.034+0000] {dag.py:3239} INFO - Sync 1 DAGs
[2025-02-28T22:48:47.057+0000] {logging_mixin.py:190} INFO - [2025-02-28T22:48:47.057+0000] {dag.py:4180} INFO - Setting next_dagrun for example_sla_dag to 2025-02-28 22:46:00+00:00, run_after=2025-02-28 22:48:00+00:00
[2025-02-28T22:48:47.074+0000] {processor.py:208} INFO - Processing /home/airflow/.local/lib/python3.12/site-packages/airflow/example_dags/example_sla_dag.py took 0.068 seconds
[2025-02-28T22:49:17.760+0000] {processor.py:186} INFO - Started process (PID=312) to work on /home/airflow/.local/lib/python3.12/site-packages/airflow/example_dags/example_sla_dag.py
[2025-02-28T22:49:17.761+0000] {processor.py:914} INFO - Processing file /home/airflow/.local/lib/python3.12/site-packages/airflow/example_dags/example_sla_dag.py for tasks to queue
[2025-02-28T22:49:17.770+0000] {logging_mixin.py:190} INFO - [2025-02-28T22:49:17.769+0000] {dagbag.py:588} INFO - Filling up the DagBag from /home/airflow/.local/lib/python3.12/site-packages/airflow/example_dags/example_sla_dag.py
[2025-02-28T22:49:17.781+0000] {processor.py:925} INFO - DAG(s) 'example_sla_dag' retrieved from /home/airflow/.local/lib/python3.12/site-packages/airflow/example_dags/example_sla_dag.py
[2025-02-28T22:49:17.804+0000] {logging_mixin.py:190} INFO - [2025-02-28T22:49:17.804+0000] {dag.py:3239} INFO - Sync 1 DAGs
[2025-02-28T22:49:17.827+0000] {logging_mixin.py:190} INFO - [2025-02-28T22:49:17.827+0000] {dag.py:4180} INFO - Setting next_dagrun for example_sla_dag to 2025-02-28 22:46:00+00:00, run_after=2025-02-28 22:48:00+00:00
[2025-02-28T22:49:17.845+0000] {processor.py:208} INFO - Processing /home/airflow/.local/lib/python3.12/site-packages/airflow/example_dags/example_sla_dag.py took 0.091 seconds
[2025-02-28T22:49:48.099+0000] {processor.py:186} INFO - Started process (PID=376) to work on /home/airflow/.local/lib/python3.12/site-packages/airflow/example_dags/example_sla_dag.py
[2025-02-28T22:49:48.099+0000] {processor.py:914} INFO - Processing file /home/airflow/.local/lib/python3.12/site-packages/airflow/example_dags/example_sla_dag.py for tasks to queue
[2025-02-28T22:49:48.101+0000] {logging_mixin.py:190} INFO - [2025-02-28T22:49:48.101+0000] {dagbag.py:588} INFO - Filling up the DagBag from /home/airflow/.local/lib/python3.12/site-packages/airflow/example_dags/example_sla_dag.py
[2025-02-28T22:49:48.109+0000] {processor.py:925} INFO - DAG(s) 'example_sla_dag' retrieved from /home/airflow/.local/lib/python3.12/site-packages/airflow/example_dags/example_sla_dag.py
[2025-02-28T22:49:48.122+0000] {logging_mixin.py:190} INFO - [2025-02-28T22:49:48.121+0000] {dag.py:3239} INFO - Sync 1 DAGs
[2025-02-28T22:49:48.140+0000] {logging_mixin.py:190} INFO - [2025-02-28T22:49:48.140+0000] {dag.py:4180} INFO - Setting next_dagrun for example_sla_dag to 2025-02-28 22:46:00+00:00, run_after=2025-02-28 22:48:00+00:00
[2025-02-28T22:49:48.156+0000] {processor.py:208} INFO - Processing /home/airflow/.local/lib/python3.12/site-packages/airflow/example_dags/example_sla_dag.py took 0.062 seconds
[2025-02-28T22:50:19.162+0000] {processor.py:186} INFO - Started process (PID=440) to work on /home/airflow/.local/lib/python3.12/site-packages/airflow/example_dags/example_sla_dag.py
[2025-02-28T22:50:19.163+0000] {processor.py:914} INFO - Processing file /home/airflow/.local/lib/python3.12/site-packages/airflow/example_dags/example_sla_dag.py for tasks to queue
[2025-02-28T22:50:19.164+0000] {logging_mixin.py:190} INFO - [2025-02-28T22:50:19.164+0000] {dagbag.py:588} INFO - Filling up the DagBag from /home/airflow/.local/lib/python3.12/site-packages/airflow/example_dags/example_sla_dag.py
[2025-02-28T22:50:19.173+0000] {processor.py:925} INFO - DAG(s) 'example_sla_dag' retrieved from /home/airflow/.local/lib/python3.12/site-packages/airflow/example_dags/example_sla_dag.py
[2025-02-28T22:50:19.188+0000] {logging_mixin.py:190} INFO - [2025-02-28T22:50:19.187+0000] {dag.py:3239} INFO - Sync 1 DAGs
[2025-02-28T22:50:19.209+0000] {logging_mixin.py:190} INFO - [2025-02-28T22:50:19.209+0000] {dag.py:4180} INFO - Setting next_dagrun for example_sla_dag to 2025-02-28 22:48:00+00:00, run_after=2025-02-28 22:50:00+00:00
[2025-02-28T22:50:19.246+0000] {processor.py:208} INFO - Processing /home/airflow/.local/lib/python3.12/site-packages/airflow/example_dags/example_sla_dag.py took 0.088 seconds
[2025-02-28T22:50:49.949+0000] {processor.py:186} INFO - Started process (PID=504) to work on /home/airflow/.local/lib/python3.12/site-packages/airflow/example_dags/example_sla_dag.py
[2025-02-28T22:50:49.950+0000] {processor.py:914} INFO - Processing file /home/airflow/.local/lib/python3.12/site-packages/airflow/example_dags/example_sla_dag.py for tasks to queue
[2025-02-28T22:50:49.952+0000] {logging_mixin.py:190} INFO - [2025-02-28T22:50:49.951+0000] {dagbag.py:588} INFO - Filling up the DagBag from /home/airflow/.local/lib/python3.12/site-packages/airflow/example_dags/example_sla_dag.py
[2025-02-28T22:50:49.960+0000] {processor.py:925} INFO - DAG(s) 'example_sla_dag' retrieved from /home/airflow/.local/lib/python3.12/site-packages/airflow/example_dags/example_sla_dag.py
[2025-02-28T22:50:49.976+0000] {logging_mixin.py:190} INFO - [2025-02-28T22:50:49.976+0000] {dag.py:3239} INFO - Sync 1 DAGs
[2025-02-28T22:50:50.000+0000] {logging_mixin.py:190} INFO - [2025-02-28T22:50:50.000+0000] {dag.py:4180} INFO - Setting next_dagrun for example_sla_dag to 2025-02-28 22:48:00+00:00, run_after=2025-02-28 22:50:00+00:00
[2025-02-28T22:50:50.017+0000] {processor.py:208} INFO - Processing /home/airflow/.local/lib/python3.12/site-packages/airflow/example_dags/example_sla_dag.py took 0.073 seconds
[2025-02-28T22:52:22.123+0000] {processor.py:186} INFO - Started process (PID=57) to work on /home/airflow/.local/lib/python3.12/site-packages/airflow/example_dags/example_sla_dag.py
[2025-02-28T22:52:22.124+0000] {processor.py:914} INFO - Processing file /home/airflow/.local/lib/python3.12/site-packages/airflow/example_dags/example_sla_dag.py for tasks to queue
[2025-02-28T22:52:22.125+0000] {logging_mixin.py:190} INFO - [2025-02-28T22:52:22.125+0000] {dagbag.py:588} INFO - Filling up the DagBag from /home/airflow/.local/lib/python3.12/site-packages/airflow/example_dags/example_sla_dag.py
[2025-02-28T22:52:22.135+0000] {processor.py:925} INFO - DAG(s) 'example_sla_dag' retrieved from /home/airflow/.local/lib/python3.12/site-packages/airflow/example_dags/example_sla_dag.py
[2025-02-28T22:52:22.158+0000] {logging_mixin.py:190} INFO - [2025-02-28T22:52:22.158+0000] {dag.py:3239} INFO - Sync 1 DAGs
[2025-02-28T22:52:22.186+0000] {logging_mixin.py:190} INFO - [2025-02-28T22:52:22.186+0000] {dag.py:4180} INFO - Setting next_dagrun for example_sla_dag to 2025-02-28 22:50:00+00:00, run_after=2025-02-28 22:52:00+00:00
[2025-02-28T22:52:22.200+0000] {processor.py:208} INFO - Processing /home/airflow/.local/lib/python3.12/site-packages/airflow/example_dags/example_sla_dag.py took 0.082 seconds
[2025-02-28T22:52:55.141+0000] {processor.py:186} INFO - Started process (PID=121) to work on /home/airflow/.local/lib/python3.12/site-packages/airflow/example_dags/example_sla_dag.py
[2025-02-28T22:52:55.142+0000] {processor.py:914} INFO - Processing file /home/airflow/.local/lib/python3.12/site-packages/airflow/example_dags/example_sla_dag.py for tasks to queue
[2025-02-28T22:52:55.145+0000] {logging_mixin.py:190} INFO - [2025-02-28T22:52:55.144+0000] {dagbag.py:588} INFO - Filling up the DagBag from /home/airflow/.local/lib/python3.12/site-packages/airflow/example_dags/example_sla_dag.py
[2025-02-28T22:52:55.157+0000] {processor.py:925} INFO - DAG(s) 'example_sla_dag' retrieved from /home/airflow/.local/lib/python3.12/site-packages/airflow/example_dags/example_sla_dag.py
[2025-02-28T22:52:55.245+0000] {logging_mixin.py:190} INFO - [2025-02-28T22:52:55.245+0000] {dag.py:3239} INFO - Sync 1 DAGs
[2025-02-28T22:52:55.267+0000] {logging_mixin.py:190} INFO - [2025-02-28T22:52:55.267+0000] {dag.py:4180} INFO - Setting next_dagrun for example_sla_dag to 2025-02-28 22:50:00+00:00, run_after=2025-02-28 22:52:00+00:00
[2025-02-28T22:52:55.281+0000] {processor.py:208} INFO - Processing /home/airflow/.local/lib/python3.12/site-packages/airflow/example_dags/example_sla_dag.py took 1.021 seconds
[2025-02-28T22:58:52.553+0000] {processor.py:186} INFO - Started process (PID=57) to work on /home/airflow/.local/lib/python3.12/site-packages/airflow/example_dags/example_sla_dag.py
[2025-02-28T22:58:52.555+0000] {processor.py:914} INFO - Processing file /home/airflow/.local/lib/python3.12/site-packages/airflow/example_dags/example_sla_dag.py for tasks to queue
[2025-02-28T22:58:52.557+0000] {logging_mixin.py:190} INFO - [2025-02-28T22:58:52.557+0000] {dagbag.py:588} INFO - Filling up the DagBag from /home/airflow/.local/lib/python3.12/site-packages/airflow/example_dags/example_sla_dag.py
[2025-02-28T22:58:52.566+0000] {processor.py:925} INFO - DAG(s) 'example_sla_dag' retrieved from /home/airflow/.local/lib/python3.12/site-packages/airflow/example_dags/example_sla_dag.py
[2025-02-28T22:58:52.588+0000] {logging_mixin.py:190} INFO - [2025-02-28T22:58:52.588+0000] {dag.py:3239} INFO - Sync 1 DAGs
[2025-02-28T22:58:52.613+0000] {logging_mixin.py:190} INFO - [2025-02-28T22:58:52.613+0000] {dag.py:4180} INFO - Setting next_dagrun for example_sla_dag to 2025-02-28 22:56:00+00:00, run_after=2025-02-28 22:58:00+00:00
[2025-02-28T22:58:52.629+0000] {processor.py:208} INFO - Processing /home/airflow/.local/lib/python3.12/site-packages/airflow/example_dags/example_sla_dag.py took 0.081 seconds
[2025-02-28T22:59:23.339+0000] {processor.py:186} INFO - Started process (PID=122) to work on /home/airflow/.local/lib/python3.12/site-packages/airflow/example_dags/example_sla_dag.py
[2025-02-28T22:59:23.340+0000] {processor.py:914} INFO - Processing file /home/airflow/.local/lib/python3.12/site-packages/airflow/example_dags/example_sla_dag.py for tasks to queue
[2025-02-28T22:59:23.341+0000] {logging_mixin.py:190} INFO - [2025-02-28T22:59:23.341+0000] {dagbag.py:588} INFO - Filling up the DagBag from /home/airflow/.local/lib/python3.12/site-packages/airflow/example_dags/example_sla_dag.py
[2025-02-28T22:59:23.350+0000] {processor.py:925} INFO - DAG(s) 'example_sla_dag' retrieved from /home/airflow/.local/lib/python3.12/site-packages/airflow/example_dags/example_sla_dag.py
[2025-02-28T22:59:23.365+0000] {logging_mixin.py:190} INFO - [2025-02-28T22:59:23.365+0000] {dag.py:3239} INFO - Sync 1 DAGs
[2025-02-28T22:59:23.390+0000] {logging_mixin.py:190} INFO - [2025-02-28T22:59:23.389+0000] {dag.py:4180} INFO - Setting next_dagrun for example_sla_dag to 2025-02-28 22:56:00+00:00, run_after=2025-02-28 22:58:00+00:00
[2025-02-28T22:59:23.418+0000] {processor.py:208} INFO - Processing /home/airflow/.local/lib/python3.12/site-packages/airflow/example_dags/example_sla_dag.py took 0.084 seconds
[2025-02-28T23:20:35.569+0000] {processor.py:186} INFO - Started process (PID=57) to work on /home/airflow/.local/lib/python3.12/site-packages/airflow/example_dags/example_sla_dag.py
[2025-02-28T23:20:35.573+0000] {processor.py:914} INFO - Processing file /home/airflow/.local/lib/python3.12/site-packages/airflow/example_dags/example_sla_dag.py for tasks to queue
[2025-02-28T23:20:35.574+0000] {logging_mixin.py:190} INFO - [2025-02-28T23:20:35.574+0000] {dagbag.py:588} INFO - Filling up the DagBag from /home/airflow/.local/lib/python3.12/site-packages/airflow/example_dags/example_sla_dag.py
[2025-02-28T23:20:35.583+0000] {processor.py:925} INFO - DAG(s) 'example_sla_dag' retrieved from /home/airflow/.local/lib/python3.12/site-packages/airflow/example_dags/example_sla_dag.py
[2025-02-28T23:20:35.611+0000] {logging_mixin.py:190} INFO - [2025-02-28T23:20:35.610+0000] {dag.py:3239} INFO - Sync 1 DAGs
[2025-02-28T23:20:35.634+0000] {logging_mixin.py:190} INFO - [2025-02-28T23:20:35.633+0000] {dag.py:4180} INFO - Setting next_dagrun for example_sla_dag to 2025-02-28 23:18:00+00:00, run_after=2025-02-28 23:20:00+00:00
[2025-02-28T23:20:35.783+0000] {processor.py:208} INFO - Processing /home/airflow/.local/lib/python3.12/site-packages/airflow/example_dags/example_sla_dag.py took 0.219 seconds
[2025-02-28T23:21:05.907+0000] {processor.py:186} INFO - Started process (PID=121) to work on /home/airflow/.local/lib/python3.12/site-packages/airflow/example_dags/example_sla_dag.py
[2025-02-28T23:21:05.909+0000] {processor.py:914} INFO - Processing file /home/airflow/.local/lib/python3.12/site-packages/airflow/example_dags/example_sla_dag.py for tasks to queue
[2025-02-28T23:21:05.911+0000] {logging_mixin.py:190} INFO - [2025-02-28T23:21:05.910+0000] {dagbag.py:588} INFO - Filling up the DagBag from /home/airflow/.local/lib/python3.12/site-packages/airflow/example_dags/example_sla_dag.py
[2025-02-28T23:21:05.919+0000] {processor.py:925} INFO - DAG(s) 'example_sla_dag' retrieved from /home/airflow/.local/lib/python3.12/site-packages/airflow/example_dags/example_sla_dag.py
[2025-02-28T23:21:05.935+0000] {logging_mixin.py:190} INFO - [2025-02-28T23:21:05.935+0000] {dag.py:3239} INFO - Sync 1 DAGs
[2025-02-28T23:21:05.956+0000] {logging_mixin.py:190} INFO - [2025-02-28T23:21:05.956+0000] {dag.py:4180} INFO - Setting next_dagrun for example_sla_dag to 2025-02-28 23:18:00+00:00, run_after=2025-02-28 23:20:00+00:00
[2025-02-28T23:21:05.971+0000] {processor.py:208} INFO - Processing /home/airflow/.local/lib/python3.12/site-packages/airflow/example_dags/example_sla_dag.py took 0.068 seconds
[2025-02-28T23:21:36.079+0000] {processor.py:186} INFO - Started process (PID=184) to work on /home/airflow/.local/lib/python3.12/site-packages/airflow/example_dags/example_sla_dag.py
[2025-02-28T23:21:36.080+0000] {processor.py:914} INFO - Processing file /home/airflow/.local/lib/python3.12/site-packages/airflow/example_dags/example_sla_dag.py for tasks to queue
[2025-02-28T23:21:36.082+0000] {logging_mixin.py:190} INFO - [2025-02-28T23:21:36.082+0000] {dagbag.py:588} INFO - Filling up the DagBag from /home/airflow/.local/lib/python3.12/site-packages/airflow/example_dags/example_sla_dag.py
[2025-02-28T23:21:36.090+0000] {processor.py:925} INFO - DAG(s) 'example_sla_dag' retrieved from /home/airflow/.local/lib/python3.12/site-packages/airflow/example_dags/example_sla_dag.py
[2025-02-28T23:21:36.108+0000] {logging_mixin.py:190} INFO - [2025-02-28T23:21:36.108+0000] {dag.py:3239} INFO - Sync 1 DAGs
[2025-02-28T23:21:36.132+0000] {logging_mixin.py:190} INFO - [2025-02-28T23:21:36.131+0000] {dag.py:4180} INFO - Setting next_dagrun for example_sla_dag to 2025-02-28 23:18:00+00:00, run_after=2025-02-28 23:20:00+00:00
[2025-02-28T23:21:36.147+0000] {processor.py:208} INFO - Processing /home/airflow/.local/lib/python3.12/site-packages/airflow/example_dags/example_sla_dag.py took 0.073 seconds
[2025-02-28T23:22:22.334+0000] {processor.py:186} INFO - Started process (PID=255) to work on /home/airflow/.local/lib/python3.12/site-packages/airflow/example_dags/example_sla_dag.py
[2025-02-28T23:22:22.335+0000] {processor.py:914} INFO - Processing file /home/airflow/.local/lib/python3.12/site-packages/airflow/example_dags/example_sla_dag.py for tasks to queue
[2025-02-28T23:22:22.337+0000] {logging_mixin.py:190} INFO - [2025-02-28T23:22:22.337+0000] {dagbag.py:588} INFO - Filling up the DagBag from /home/airflow/.local/lib/python3.12/site-packages/airflow/example_dags/example_sla_dag.py
[2025-02-28T23:22:22.346+0000] {processor.py:925} INFO - DAG(s) 'example_sla_dag' retrieved from /home/airflow/.local/lib/python3.12/site-packages/airflow/example_dags/example_sla_dag.py
[2025-02-28T23:22:22.360+0000] {logging_mixin.py:190} INFO - [2025-02-28T23:22:22.360+0000] {dag.py:3239} INFO - Sync 1 DAGs
[2025-02-28T23:22:22.382+0000] {logging_mixin.py:190} INFO - [2025-02-28T23:22:22.382+0000] {dag.py:4180} INFO - Setting next_dagrun for example_sla_dag to 2025-02-28 23:20:00+00:00, run_after=2025-02-28 23:22:00+00:00
[2025-02-28T23:22:22.405+0000] {processor.py:208} INFO - Processing /home/airflow/.local/lib/python3.12/site-packages/airflow/example_dags/example_sla_dag.py took 0.076 seconds
[2025-02-28T23:22:53.170+0000] {processor.py:186} INFO - Started process (PID=319) to work on /home/airflow/.local/lib/python3.12/site-packages/airflow/example_dags/example_sla_dag.py
[2025-02-28T23:22:53.171+0000] {processor.py:914} INFO - Processing file /home/airflow/.local/lib/python3.12/site-packages/airflow/example_dags/example_sla_dag.py for tasks to queue
[2025-02-28T23:22:53.173+0000] {logging_mixin.py:190} INFO - [2025-02-28T23:22:53.172+0000] {dagbag.py:588} INFO - Filling up the DagBag from /home/airflow/.local/lib/python3.12/site-packages/airflow/example_dags/example_sla_dag.py
[2025-02-28T23:22:53.181+0000] {processor.py:925} INFO - DAG(s) 'example_sla_dag' retrieved from /home/airflow/.local/lib/python3.12/site-packages/airflow/example_dags/example_sla_dag.py
[2025-02-28T23:22:53.195+0000] {logging_mixin.py:190} INFO - [2025-02-28T23:22:53.195+0000] {dag.py:3239} INFO - Sync 1 DAGs
[2025-02-28T23:22:53.216+0000] {logging_mixin.py:190} INFO - [2025-02-28T23:22:53.215+0000] {dag.py:4180} INFO - Setting next_dagrun for example_sla_dag to 2025-02-28 23:20:00+00:00, run_after=2025-02-28 23:22:00+00:00
[2025-02-28T23:22:53.235+0000] {processor.py:208} INFO - Processing /home/airflow/.local/lib/python3.12/site-packages/airflow/example_dags/example_sla_dag.py took 0.069 seconds
[2025-02-28T23:23:24.036+0000] {processor.py:186} INFO - Started process (PID=382) to work on /home/airflow/.local/lib/python3.12/site-packages/airflow/example_dags/example_sla_dag.py
[2025-02-28T23:23:24.037+0000] {processor.py:914} INFO - Processing file /home/airflow/.local/lib/python3.12/site-packages/airflow/example_dags/example_sla_dag.py for tasks to queue
[2025-02-28T23:23:24.038+0000] {logging_mixin.py:190} INFO - [2025-02-28T23:23:24.038+0000] {dagbag.py:588} INFO - Filling up the DagBag from /home/airflow/.local/lib/python3.12/site-packages/airflow/example_dags/example_sla_dag.py
[2025-02-28T23:23:24.047+0000] {processor.py:925} INFO - DAG(s) 'example_sla_dag' retrieved from /home/airflow/.local/lib/python3.12/site-packages/airflow/example_dags/example_sla_dag.py
[2025-02-28T23:23:24.061+0000] {logging_mixin.py:190} INFO - [2025-02-28T23:23:24.061+0000] {dag.py:3239} INFO - Sync 1 DAGs
[2025-02-28T23:23:24.083+0000] {logging_mixin.py:190} INFO - [2025-02-28T23:23:24.083+0000] {dag.py:4180} INFO - Setting next_dagrun for example_sla_dag to 2025-02-28 23:20:00+00:00, run_after=2025-02-28 23:22:00+00:00
[2025-02-28T23:23:24.104+0000] {processor.py:208} INFO - Processing /home/airflow/.local/lib/python3.12/site-packages/airflow/example_dags/example_sla_dag.py took 0.073 seconds
[2025-02-28T23:23:54.539+0000] {processor.py:186} INFO - Started process (PID=446) to work on /home/airflow/.local/lib/python3.12/site-packages/airflow/example_dags/example_sla_dag.py
[2025-02-28T23:23:54.541+0000] {processor.py:914} INFO - Processing file /home/airflow/.local/lib/python3.12/site-packages/airflow/example_dags/example_sla_dag.py for tasks to queue
[2025-02-28T23:23:54.544+0000] {logging_mixin.py:190} INFO - [2025-02-28T23:23:54.544+0000] {dagbag.py:588} INFO - Filling up the DagBag from /home/airflow/.local/lib/python3.12/site-packages/airflow/example_dags/example_sla_dag.py
[2025-02-28T23:23:54.552+0000] {processor.py:925} INFO - DAG(s) 'example_sla_dag' retrieved from /home/airflow/.local/lib/python3.12/site-packages/airflow/example_dags/example_sla_dag.py
[2025-02-28T23:23:54.566+0000] {logging_mixin.py:190} INFO - [2025-02-28T23:23:54.566+0000] {dag.py:3239} INFO - Sync 1 DAGs
[2025-02-28T23:23:54.585+0000] {logging_mixin.py:190} INFO - [2025-02-28T23:23:54.584+0000] {dag.py:4180} INFO - Setting next_dagrun for example_sla_dag to 2025-02-28 23:20:00+00:00, run_after=2025-02-28 23:22:00+00:00
[2025-02-28T23:23:54.605+0000] {processor.py:208} INFO - Processing /home/airflow/.local/lib/python3.12/site-packages/airflow/example_dags/example_sla_dag.py took 0.075 seconds
